OpenROAD v2.0-11432-gead3236e5 
This program is licensed under the BSD-3 license. See the LICENSE file for details.
Components of this program may be licensed under more restrictive licenses which must be honored.
[INFO GPL-0002] DBU: 2000
[INFO GPL-0003] SiteSize: 380 2800
[INFO GPL-0004] CoreAreaLxLy: 20140 22400
[INFO GPL-0005] CoreAreaUxUy: 479940 481600
[INFO GPL-0006] NumInstances: 13615
[INFO GPL-0007] NumPlaceInstances: 13204
[INFO GPL-0008] NumFixedInstances: 411
[INFO GPL-0009] NumDummyInstances: 0
[INFO GPL-0010] NumNets: 14304
[INFO GPL-0011] NumPins: 52290
[INFO GPL-0012] DieAreaLxLy: 0 0
[INFO GPL-0013] DieAreaUxUy: 499700 501200
[INFO GPL-0014] CoreAreaLxLy: 20140 22400
[INFO GPL-0015] CoreAreaUxUy: 479940 481600
[INFO GPL-0016] CoreArea: 211140160000
[INFO GPL-0017] NonPlaceInstsArea: 437304000
[INFO GPL-0018] PlaceInstsArea: 72287096000
[INFO GPL-0019] Util(%): 34.31
[INFO GPL-0020] StdInstsArea: 72287096000
[INFO GPL-0021] MacroInstsArea: 0
[INFO GPL-0031] FillerInit: NumGCells: 41022
[INFO GPL-0032] FillerInit: NumGNets: 14304
[INFO GPL-0033] FillerInit: NumGPins: 52290
[INFO GPL-0023] TargetDensity: 1.00
[INFO GPL-0024] AveragePlaceInstArea: 5474636
[INFO GPL-0025] IdealBinArea: 5474636
[INFO GPL-0026] IdealBinCnt: 38566
[INFO GPL-0027] TotalBinArea: 211140160000
[INFO GPL-0028] BinCnt: 128 128
[INFO GPL-0029] BinSize: 3593 3588
[INFO GPL-0030] NumBins: 16384
global_placement -density 0.4844607925415039 -pad_left 0 -pad_right 0 -routability_driven -timing_driven
[INFO GPL-0002] DBU: 2000
[INFO GPL-0003] SiteSize: 380 2800
[INFO GPL-0004] CoreAreaLxLy: 20140 22400
[INFO GPL-0005] CoreAreaUxUy: 479940 481600
[INFO GPL-0006] NumInstances: 13615
[INFO GPL-0007] NumPlaceInstances: 13204
[INFO GPL-0008] NumFixedInstances: 411
[INFO GPL-0009] NumDummyInstances: 0
[INFO GPL-0010] NumNets: 14304
[INFO GPL-0011] NumPins: 52290
[INFO GPL-0012] DieAreaLxLy: 0 0
[INFO GPL-0013] DieAreaUxUy: 499700 501200
[INFO GPL-0014] CoreAreaLxLy: 20140 22400
[INFO GPL-0015] CoreAreaUxUy: 479940 481600
[INFO GPL-0016] CoreArea: 211140160000
[INFO GPL-0017] NonPlaceInstsArea: 437304000
[INFO GPL-0018] PlaceInstsArea: 72287096000
[INFO GPL-0019] Util(%): 34.31
[INFO GPL-0020] StdInstsArea: 72287096000
[INFO GPL-0021] MacroInstsArea: 0
[InitialPlace]  Iter: 1 CG residual: 0.00024371 HPWL: 278408110
[InitialPlace]  Iter: 2 CG residual: 0.00006883 HPWL: 192877496
[InitialPlace]  Iter: 3 CG residual: 0.00003287 HPWL: 191767074
[InitialPlace]  Iter: 4 CG residual: 0.00002856 HPWL: 192042788
[InitialPlace]  Iter: 5 CG residual: 0.00002663 HPWL: 191704412
[InitialPlace]  Iter: 6 CG residual: 0.00002662 HPWL: 191943476
[InitialPlace]  Iter: 7 CG residual: 0.00002077 HPWL: 191671339
[InitialPlace]  Iter: 8 CG residual: 0.00001227 HPWL: 191885832
[InitialPlace]  Iter: 9 CG residual: 0.00000423 HPWL: 191638186
[INFO GPL-0031] FillerInit: NumGCells: 19191
[INFO GPL-0032] FillerInit: NumGNets: 14304
[INFO GPL-0033] FillerInit: NumGPins: 52290
[INFO GPL-0023] TargetDensity: 0.48
[INFO GPL-0024] AveragePlaceInstArea: 5474636
[INFO GPL-0025] IdealBinArea: 11300473
[INFO GPL-0026] IdealBinCnt: 18684
[INFO GPL-0027] TotalBinArea: 211140160000
[INFO GPL-0028] BinCnt: 128 128
[INFO GPL-0029] BinSize: 3593 3588
[INFO GPL-0030] NumBins: 16384
[NesterovSolve] Iter: 1 overflow: 0.963421 HPWL: 156138982
[NesterovSolve] Iter: 10 overflow: 0.815473 HPWL: 181363325
[INFO GPL-0100] worst slack -4.3e-10
[INFO GPL-0103] Weighted 1430 nets.
[NesterovSolve] Iter: 20 overflow: 0.780711 HPWL: 185570543
[NesterovSolve] Iter: 30 overflow: 0.77901 HPWL: 179211873
[NesterovSolve] Iter: 40 overflow: 0.782378 HPWL: 174809614
[NesterovSolve] Iter: 50 overflow: 0.779117 HPWL: 172906458
[NesterovSolve] Iter: 60 overflow: 0.777279 HPWL: 172383827
[NesterovSolve] Iter: 70 overflow: 0.775192 HPWL: 171990328
[NesterovSolve] Iter: 80 overflow: 0.773237 HPWL: 171493956
[NesterovSolve] Iter: 90 overflow: 0.771192 HPWL: 170987626
[NesterovSolve] Iter: 100 overflow: 0.769942 HPWL: 170680609
[NesterovSolve] Iter: 110 overflow: 0.767246 HPWL: 170560443
[NesterovSolve] Iter: 120 overflow: 0.766386 HPWL: 170621581
[NesterovSolve] Iter: 130 overflow: 0.76566 HPWL: 170852285
[NesterovSolve] Iter: 140 overflow: 0.764538 HPWL: 171014288
[NesterovSolve] Iter: 150 overflow: 0.764439 HPWL: 171117549
[NesterovSolve] Iter: 160 overflow: 0.764407 HPWL: 171312355
[NesterovSolve] Iter: 170 overflow: 0.763028 HPWL: 171599695
[NesterovSolve] Iter: 180 overflow: 0.7616 HPWL: 172141350
[NesterovSolve] Iter: 190 overflow: 0.759855 HPWL: 173394138
[NesterovSolve] Iter: 200 overflow: 0.755495 HPWL: 175659462
[NesterovSolve] Iter: 210 overflow: 0.748691 HPWL: 179386970
[NesterovSolve] Iter: 220 overflow: 0.738426 HPWL: 184568709
[NesterovSolve] Iter: 230 overflow: 0.724554 HPWL: 190674199
[NesterovSolve] Iter: 240 overflow: 0.70754 HPWL: 199748383
[NesterovSolve] Iter: 250 overflow: 0.689187 HPWL: 211026635
[NesterovSolve] Iter: 260 overflow: 0.670124 HPWL: 219136008
[NesterovSolve] Iter: 270 overflow: 0.646796 HPWL: 227018654
[INFO GPL-0100] worst slack -5.39e-10
[INFO GPL-0103] Weighted 1430 nets.
[NesterovSolve] Iter: 280 overflow: 0.621439 HPWL: 233857296
[NesterovSolve] Snapshot saved at iter = 287
[NesterovSolve] Iter: 290 overflow: 0.591463 HPWL: 240858599
[NesterovSolve] Iter: 300 overflow: 0.558932 HPWL: 250186193
[NesterovSolve] Iter: 310 overflow: 0.519574 HPWL: 261037217
[INFO GPL-0100] worst slack -6.04e-10
[INFO GPL-0103] Weighted 1429 nets.
[NesterovSolve] Iter: 320 overflow: 0.475375 HPWL: 270232531
[NesterovSolve] Iter: 330 overflow: 0.422486 HPWL: 281331563
[NesterovSolve] Iter: 340 overflow: 0.360753 HPWL: 293548880
[NesterovSolve] Iter: 350 overflow: 0.304551 HPWL: 303093666
[INFO GPL-0100] worst slack -5.19e-10
[INFO GPL-0103] Weighted 1430 nets.
[NesterovSolve] Iter: 360 overflow: 0.263929 HPWL: 310141127
[NesterovSolve] Iter: 370 overflow: 0.229033 HPWL: 315866158
[INFO GPL-0100] worst slack -5.52e-10
[INFO GPL-0103] Weighted 1430 nets.
[NesterovSolve] Iter: 380 overflow: 0.197984 HPWL: 319948081
[INFO GPL-0075] Routability numCall: 1 inflationIterCnt: 1 bloatIterCnt: 0
[INFO GPL-0036] TileLxLy: 0 0
[INFO GPL-0037] TileSize: 4200 4200
[INFO GPL-0038] TileCnt: 118 119
[INFO GPL-0039] numRoutingLayers: 10
[INFO GPL-0040] NumTiles: 14042
[INFO GPL-0063] TotalRouteOverflowH2: 0.0
[INFO GPL-0064] TotalRouteOverflowV2: 0.0
[INFO GPL-0065] OverflowTileCnt2: 0
[INFO GPL-0066] 0.5%RC: 1.0
[INFO GPL-0067] 1.0%RC: 1.0
[INFO GPL-0068] 2.0%RC: 1.0
[INFO GPL-0069] 5.0%RC: 1.0
[INFO GPL-0070] 0.5rcK: 1.0
[INFO GPL-0071] 1.0rcK: 1.0
[INFO GPL-0072] 2.0rcK: 0.0
[INFO GPL-0073] 5.0rcK: 0.0
[INFO GPL-0074] FinalRC: 1.0
[NesterovSolve] Iter: 390 overflow: 0.172038 HPWL: 322971372
[NesterovSolve] Iter: 400 overflow: 0.150414 HPWL: 325247834
[INFO GPL-0100] worst slack -5.47e-10
[INFO GPL-0103] Weighted 1430 nets.
[NesterovSolve] Iter: 410 overflow: 0.132806 HPWL: 327051584
[NesterovSolve] Iter: 420 overflow: 0.115018 HPWL: 328515055
[NesterovSolve] Iter: 430 overflow: 0.0997929 HPWL: 329701814
[NesterovSolve] Finished with Overflow: 0.099793

==========================================================================
global place report_design_area
--------------------------------------------------------------------------
Design area 18181 u^2 34% utilization.
Elapsed time: 0:23.11[h:]min:sec. CPU time: user 26.75 sys 0.10 (116%). Peak memory: 347700KB.
