OpenROAD v2.0-11432-gead3236e5 
This program is licensed under the BSD-3 license. See the LICENSE file for details.
Components of this program may be licensed under more restrictive licenses which must be honored.
[INFO GPL-0002] DBU: 1000
[INFO GPL-0003] SiteSize: 54 270
[INFO GPL-0004] CoreAreaLxLy: 2160 2160
[INFO GPL-0005] CoreAreaUxUy: 356400 386640
[INFO GPL-0006] NumInstances: 9167
[INFO GPL-0007] NumPlaceInstances: 129
[INFO GPL-0008] NumFixedInstances: 6446
[INFO GPL-0009] NumDummyInstances: 2592
[INFO GPL-0010] NumNets: 19075
[INFO GPL-0011] NumPins: 34113
[INFO GPL-0012] DieAreaLxLy: 0 0
[INFO GPL-0013] DieAreaUxUy: 358560 388800
[INFO GPL-0014] CoreAreaLxLy: 2160 2160
[INFO GPL-0015] CoreAreaUxUy: 356400 386640
[INFO GPL-0016] CoreArea: 136198195200
[INFO GPL-0017] NonPlaceInstsArea: 122994022320
[INFO GPL-0018] PlaceInstsArea: 30895020
[INFO GPL-0019] Util(%): 0.23
[INFO GPL-0020] StdInstsArea: 30895020
[INFO GPL-0021] MacroInstsArea: 0
[INFO GPL-0031] FillerInit: NumGCells: 16596
[INFO GPL-0032] FillerInit: NumGNets: 19075
[INFO GPL-0033] FillerInit: NumGPins: 34113
[INFO GPL-0023] TargetDensity: 0.30
[INFO GPL-0024] AveragePlaceInstArea: 239496
[INFO GPL-0025] IdealBinArea: 798320
[INFO GPL-0026] IdealBinCnt: 170606
[INFO GPL-0027] TotalBinArea: 136198195200
[INFO GPL-0028] BinCnt: 256 256
[INFO GPL-0029] BinSize: 1384 1502
[INFO GPL-0030] NumBins: 65536
[NesterovSolve] Iter: 1 overflow: 0.884828 HPWL: 50430363
[NesterovSolve] Iter: 10 overflow: 0.995967 HPWL: 33658496
[NesterovSolve] Iter: 20 overflow: 0.998342 HPWL: 33541714
[NesterovSolve] Iter: 30 overflow: 0.827582 HPWL: 33390681
[NesterovSolve] Iter: 40 overflow: 0.592147 HPWL: 33341250
[NesterovSolve] Iter: 50 overflow: 0.460002 HPWL: 33335601
[NesterovSolve] Iter: 60 overflow: 0.382657 HPWL: 33336709
[NesterovSolve] Iter: 70 overflow: 0.327542 HPWL: 33337666
[NesterovSolve] Iter: 80 overflow: 0.285907 HPWL: 33339150
[NesterovSolve] Iter: 90 overflow: 0.253652 HPWL: 33342559
[NesterovSolve] Iter: 100 overflow: 0.227824 HPWL: 33347587
[NesterovSolve] Iter: 110 overflow: 0.206688 HPWL: 33354582
[NesterovSolve] Iter: 120 overflow: 0.188955 HPWL: 33364517
[NesterovSolve] Iter: 130 overflow: 0.173881 HPWL: 33378039
[NesterovSolve] Iter: 140 overflow: 0.160827 HPWL: 33396266
[NesterovSolve] Iter: 150 overflow: 0.148542 HPWL: 33420410
[NesterovSolve] Iter: 160 overflow: 0.136157 HPWL: 33454981
[NesterovSolve] Iter: 170 overflow: 0.127738 HPWL: 33505615
[NesterovSolve] Iter: 180 overflow: 0.120461 HPWL: 33563707
[NesterovSolve] Iter: 190 overflow: 0.112443 HPWL: 33614201
[NesterovSolve] Iter: 200 overflow: 0.106172 HPWL: 33637097
[NesterovSolve] Iter: 210 overflow: 0.101231 HPWL: 33612180
[NesterovSolve] Finished with Overflow: 0.099553
Elapsed time: 0:02.50[h:]min:sec. CPU time: user 2.42 sys 0.07 (99%). Peak memory: 258132KB.
