OpenROAD v2.0-11432-gead3236e5 
This program is licensed under the BSD-3 license. See the LICENSE file for details.
Components of this program may be licensed under more restrictive licenses which must be honored.
Placement Analysis
---------------------------------
total displacement       3640.6 u
average displacement        0.3 u
max displacement            1.7 u
original HPWL           60999.9 u
legalized HPWL          63522.1 u
delta HPWL                    4 %

Detailed placement improvement.
Importing netlist into detailed improver.
[INFO DPO-0100] Creating network with 10790 cells, 4162 terminals, 23290 edges and 46650 pins.
[INFO DPO-0109] Network stats: inst 14952, edges 23290, pins 46650
[INFO DPO-0110] Number of regions is 1
[INFO DPO-0401] Setting random seed to 1.
[INFO DPO-0402] Setting maximum displacement 5 1 to 1350 270 units.
[INFO DPO-0320] Collected 11920 fixed cells (excluded terminal_NI).
[INFO DPO-0318] Collected 4344 single height cells.
[INFO DPO-0321] Collected 0 wide cells.
[INFO DPO-0322] Image (2160, 2160) - (356400, 386640)
[INFO DPO-0310] Assigned 4344 cells into segments.  Movement in X-direction is 0.000000, movement in Y-direction is 0.000000.
[INFO DPO-0313] Found 0 cells in wrong regions.
[INFO DPO-0315] Found 0 row alignment problems.
[INFO DPO-0314] Found 0 site alignment problems.
[INFO DPO-0311] Found 0 overlaps between adjacent cells.
[INFO DPO-0312] Found 0 edge spacing violations and 0 padding violations.
[INFO DPO-0303] Running algorithm for independent set matching.
[INFO DPO-0300] Set matching objective is wirelength.
[INFO DPO-0301] Pass   1 of matching; objective is 6.375951e+07.
[INFO DPO-0302] End of matching; objective is 6.343915e+07, improvement is 0.50 percent.
[INFO DPO-0303] Running algorithm for global swaps.
[INFO DPO-0306] Pass   1 of global swaps; hpwl is 6.306160e+07.
[INFO DPO-0307] End of global swaps; objective is 6.306160e+07, improvement is 0.60 percent.
[INFO DPO-0303] Running algorithm for vertical swaps.
[INFO DPO-0308] Pass   1 of vertical swaps; hpwl is 6.273531e+07.
[INFO DPO-0309] End of vertical swaps; objective is 6.273531e+07, improvement is 0.52 percent.
[INFO DPO-0303] Running algorithm for reordering.
[INFO DPO-0304] Pass   1 of reordering; objective is 6.248307e+07.
[INFO DPO-0305] End of reordering; objective is 6.248307e+07, improvement is 0.40 percent.
[INFO DPO-0303] Running algorithm for random improvement.
[INFO DPO-0324] Random improver is using displacement generator.
[INFO DPO-0325] Random improver is using hpwl objective.
[INFO DPO-0326] Random improver cost string is (a).
[INFO DPO-0332] End of pass, Generator displacement called 86880 times.
[INFO DPO-0335] Generator displacement, Cumulative attempts 86880, swaps 22186, moves 20678 since last reset.
[INFO DPO-0333] End of pass, Objective hpwl, Initial cost 6.180180e+07, Scratch cost 6.090118e+07, Incremental cost 6.090118e+07, Mismatch? N
[INFO DPO-0338] End of pass, Total cost is 6.090118e+07.
[INFO DPO-0327] Pass   1 of random improver; improvement in cost is 1.46 percent.
[INFO DPO-0332] End of pass, Generator displacement called 86880 times.
[INFO DPO-0335] Generator displacement, Cumulative attempts 173760, swaps 41472, moves 42212 since last reset.
[INFO DPO-0333] End of pass, Objective hpwl, Initial cost 6.090118e+07, Scratch cost 6.052890e+07, Incremental cost 6.052890e+07, Mismatch? N
[INFO DPO-0338] End of pass, Total cost is 6.052890e+07.
[INFO DPO-0327] Pass   2 of random improver; improvement in cost is 0.61 percent.
[INFO DPO-0328] End of random improver; improvement is 2.059646 percent.
[INFO DPO-0380] Cell flipping.
[INFO DPO-0382] Changed 2178 cell orientations for row compatibility.
[INFO DPO-0383] Performed 1889 cell flips.
[INFO DPO-0384] End of flipping; objective is 6.096770e+07, improvement is 0.40 percent.
[INFO DPO-0313] Found 0 cells in wrong regions.
[INFO DPO-0315] Found 0 row alignment problems.
[INFO DPO-0314] Found 0 site alignment problems.
[INFO DPO-0311] Found 0 overlaps between adjacent cells.
[INFO DPO-0312] Found 0 edge spacing violations and 0 padding violations.
Detailed Improvement Results
------------------------------------------
Original HPWL            63522.1 u
Final HPWL               60861.9 u
Delta HPWL                  -4.2 %

[INFO DPL-0020] Mirrored 33 instances
[INFO DPL-0021] HPWL before           60861.9 u
[INFO DPL-0022] HPWL after            60861.4 u
[INFO DPL-0023] HPWL delta               -0.0 %
[INFO FLW-0012] Placement violations .
Warning: There are 32 unconstrained endpoints.

==========================================================================
detailed place report_design_area
--------------------------------------------------------------------------
Design area 119955 u^2 88% utilization.
Elapsed time: 0:03.64[h:]min:sec. CPU time: user 3.35 sys 0.28 (100%). Peak memory: 827168KB.
