OpenROAD v2.0-11432-gead3236e5 
This program is licensed under the BSD-3 license. See the LICENSE file for details.
Components of this program may be licensed under more restrictive licenses which must be honored.
clock_tree_synthesis -sink_clustering_enable -balance_levels -distance_between_buffers 60
[INFO CTS-0050] Root buffer is BUFx24_ASAP7_75t_R.
[INFO CTS-0051] Sink buffer is BUFx24_ASAP7_75t_R.
[INFO CTS-0052] The following clock buffers will be used for CTS:
                    BUFx24_ASAP7_75t_R
[INFO CTS-0049] Characterization buffer is BUFx24_ASAP7_75t_R.
[INFO CTS-0039] Number of created patterns = 4200.
[INFO CTS-0084] Compiling LUT.
Min. len    Max. len    Min. cap    Max. cap    Min. slew   Max. slew
2           8           1           20          1           7           
[WARNING CTS-0043] 560 wires are pure wire and no slew degradation.
TritonCTS forced slew degradation on these wires.
[INFO CTS-0046]     Number of wire segments: 2611.
[INFO CTS-0047]     Number of keys in characterization LUT: 305.
[INFO CTS-0048]     Actual min input cap: 1.
[INFO CTS-0007] Net "clock" found for clock "clock".
[INFO CTS-0010]  Clock net "clock" has 128 sinks.
[INFO CTS-0008] TritonCTS found 1 clock nets.
[INFO CTS-0097] Characterization used 1 buffer(s) types.
[INFO CTS-0200] 8 placement blockages have been identified.
[INFO CTS-0027] Generating H-Tree topology for net clock.
[INFO CTS-0028]  Total number of sinks: 128.
[INFO CTS-0090]  Sinks will be clustered based on buffer max cap.
[INFO CTS-0030]  Number of static layers: 0.
[INFO CTS-0020]  Wire segment unit: 1350  dbu (1 um).
[INFO CTS-0021]  Distance between buffers: 22 units (60 um).
[INFO CTS-0023]  Original sink region: [(20604, 40905), (354175, 382278)].
[INFO CTS-0024]  Normalized sink region: [(15.2622, 30.3), (262.352, 283.169)].
[INFO CTS-0025]     Width:  247.0896.
[INFO CTS-0026]     Height: 252.8689.
 Level 1
    Direction: Vertical
    Sinks per sub-region: 64
    Sub-region size: 247.0896 X 126.4344
[INFO CTS-0034]     Segment length (rounded): 64.
    Key: 98 inSlew: 1 inCap: 1 outSlew: 2 load: 1 length: 8 delay: 1
    Key: 98 inSlew: 1 inCap: 1 outSlew: 2 load: 1 length: 8 delay: 1
    Key: 98 inSlew: 1 inCap: 1 outSlew: 2 load: 1 length: 8 delay: 1
    Key: 98 inSlew: 1 inCap: 1 outSlew: 2 load: 1 length: 8 delay: 1
    Key: 98 inSlew: 1 inCap: 1 outSlew: 2 load: 1 length: 8 delay: 1
    Key: 106 inSlew: 1 inCap: 1 outSlew: 1 load: 1 length: 8 delay: 3
      location: 0.5 buffer: BUFx24_ASAP7_75t_R
    Key: 98 inSlew: 1 inCap: 1 outSlew: 2 load: 1 length: 8 delay: 1
    Key: 98 inSlew: 1 inCap: 1 outSlew: 2 load: 1 length: 8 delay: 1
 Level 2
    Direction: Horizontal
    Sinks per sub-region: 32
    Sub-region size: 123.5448 X 126.4344
[INFO CTS-0034]     Segment length (rounded): 62.
    Key: 98 inSlew: 1 inCap: 1 outSlew: 2 load: 1 length: 8 delay: 1
    Key: 98 inSlew: 1 inCap: 1 outSlew: 2 load: 1 length: 8 delay: 1
    Key: 146 inSlew: 1 inCap: 1 outSlew: 1 load: 1 length: 8 delay: 3
      location: 1.0 buffer: BUFx24_ASAP7_75t_R
    Key: 98 inSlew: 1 inCap: 1 outSlew: 2 load: 1 length: 8 delay: 1
    Key: 98 inSlew: 1 inCap: 1 outSlew: 2 load: 1 length: 8 delay: 1
    Key: 98 inSlew: 1 inCap: 1 outSlew: 2 load: 1 length: 8 delay: 1
    Key: 98 inSlew: 1 inCap: 1 outSlew: 2 load: 1 length: 8 delay: 1
    Key: 42 inSlew: 1 inCap: 1 outSlew: 2 load: 1 length: 6 delay: 1
 Out of 64 sinks, 4 sinks closer to other cluster.
 Out of 64 sinks, 3 sinks closer to other cluster.
 Level 3
    Direction: Vertical
    Sinks per sub-region: 16
    Sub-region size: 123.5448 X 63.2172
[INFO CTS-0034]     Segment length (rounded): 32.
    Key: 119 inSlew: 1 inCap: 1 outSlew: 1 load: 1 length: 8 delay: 3
      location: 0.75 buffer: BUFx24_ASAP7_75t_R
    Key: 98 inSlew: 1 inCap: 1 outSlew: 2 load: 1 length: 8 delay: 1
    Key: 98 inSlew: 1 inCap: 1 outSlew: 2 load: 1 length: 8 delay: 1
    Key: 98 inSlew: 1 inCap: 1 outSlew: 2 load: 1 length: 8 delay: 1
 Level 4
    Direction: Horizontal
    Sinks per sub-region: 8
    Sub-region size: 61.7724 X 63.2172
[INFO CTS-0034]     Segment length (rounded): 30.
    Key: 98 inSlew: 1 inCap: 1 outSlew: 2 load: 1 length: 8 delay: 1
    Key: 98 inSlew: 1 inCap: 1 outSlew: 2 load: 1 length: 8 delay: 1
    Key: 101 inSlew: 1 inCap: 1 outSlew: 1 load: 1 length: 8 delay: 3
      location: 0.25 buffer: BUFx24_ASAP7_75t_R
    Key: 42 inSlew: 1 inCap: 1 outSlew: 2 load: 1 length: 6 delay: 1
[INFO CTS-0032]  Stop criterion found. Max number of sinks is 15.
[INFO CTS-0035]  Number of sinks covered: 128.
[INFO CTS-0018]     Created 31 clock buffers.
[INFO CTS-0012]     Minimum number of buffers in the clock path: 5.
[INFO CTS-0013]     Maximum number of buffers in the clock path: 5.
[INFO CTS-0015]     Created 31 clock nets.
[INFO CTS-0016]     Fanout distribution for the current clock = 5:2, 6:2, 7:3, 8:3, 9:2, 10:2, 11:1, 12:1..
[INFO CTS-0017]     Max level of the clock tree: 4.
[INFO CTS-0098] Clock net "clock"
[INFO CTS-0099]  Sinks 128
[INFO CTS-0100]  Leaf buffers 0
[INFO CTS-0101]  Average sink wire length 636.58 um
[INFO CTS-0102]  Path depth 5 - 5
[WARNING STA-0357] virtual clock clock_vir can not be propagated.
Warning: There are 32 unconstrained endpoints.

==========================================================================
cts pre-repair report_design_area
--------------------------------------------------------------------------
Design area 119969 u^2 88% utilization.
[INFO RSZ-0058] Using max wire length 162um.
[INFO RSZ-0047] Found 3 long wires.
[INFO RSZ-0048] Inserted 6 buffers in 3 nets.
Warning: There are 32 unconstrained endpoints.

==========================================================================
cts post-repair report_design_area
--------------------------------------------------------------------------
Design area 119971 u^2 88% utilization.
Placement Analysis
---------------------------------
total displacement        339.2 u
average displacement        0.0 u
max displacement           20.1 u
original HPWL           63901.1 u
legalized HPWL          64294.1 u
delta HPWL                    1 %

Repair setup and hold violations...
TNS end percent 5
[INFO RSZ-0094] Found 579 endpoints with setup violations.
[INFO RSZ-0041] Resized 32 instances.
[WARNING RSZ-0062] Unable to repair all setup violations.
[INFO RSZ-0046] Found 95 endpoints with hold violations.
[WARNING RSZ-0066] Unable to repair all hold violations.
Placement Analysis
---------------------------------
total displacement          1.7 u
average displacement        0.0 u
max displacement            0.3 u
original HPWL           64294.0 u
legalized HPWL          64295.6 u
delta HPWL                    0 %

Warning: There are 32 unconstrained endpoints.

==========================================================================
cts final report_design_area
--------------------------------------------------------------------------
Design area 119972 u^2 88% utilization.
Elapsed time: 0:05.75[h:]min:sec. CPU time: user 5.54 sys 0.21 (99%). Peak memory: 805428KB.
