OpenROAD v2.0-11432-gead3236e5 
This program is licensed under the BSD-3 license. See the LICENSE file for details.
Components of this program may be licensed under more restrictive licenses which must be honored.
[WARNING STA-0357] virtual clock clock_vir can not be propagated.
[INFO] Deleted 0 routing obstructions
[INFO RCX-0431] Defined process_corner X with ext_model_index 0
[INFO RCX-0029] Defined extraction corner X
[INFO RCX-0008] extracting parasitics of MockArray ...
[INFO RCX-0435] Reading extraction model file /home/jborg/Data/Research/DLPnR/OpenROAD-flow-scripts/flow/platforms/asap7/rcx_patterns.rules ...
[INFO RCX-0436] RC segment generation MockArray (max_merge_res 50.0) ...
[INFO RCX-0040] Final 44378 rc segments
[INFO RCX-0439] Coupling Cap extraction MockArray ...
[INFO RCX-0440] Coupling threshhold is 0.1000 fF, coupling capacitance less than 0.1000 fF will be grounded.
[INFO RCX-0043] 104723 wires to be extracted
[INFO RCX-0442] 10% completion -- 10517 wires have been extracted
[INFO RCX-0442] 16% completion -- 17103 wires have been extracted
[INFO RCX-0442] 23% completion -- 24396 wires have been extracted
[INFO RCX-0442] 33% completion -- 34654 wires have been extracted
[INFO RCX-0442] 39% completion -- 41411 wires have been extracted
[INFO RCX-0442] 46% completion -- 48514 wires have been extracted
[INFO RCX-0442] 56% completion -- 58824 wires have been extracted
[INFO RCX-0442] 72% completion -- 75495 wires have been extracted
[INFO RCX-0442] 77% completion -- 80797 wires have been extracted
[INFO RCX-0442] 82% completion -- 86828 wires have been extracted
[INFO RCX-0442] 88% completion -- 92535 wires have been extracted
[INFO RCX-0442] 92% completion -- 97089 wires have been extracted
[INFO RCX-0442] 100% completion -- 104723 wires have been extracted
[INFO RCX-0045] Extract 23327 nets, 60088 rsegs, 60088 caps, 48894 ccs
[INFO RCX-0015] Finished extracting MockArray.
[INFO RCX-0016] Writing SPEF ...
[INFO RCX-0443] 23327 nets finished
[INFO RCX-0017] Finished writing SPEF ...
[INFO PSM-0022] Using 0.770V for VDD
[WARNING PSM-0016] Voltage pad location (VSRC) file not specified, defaulting pad location to checkerboard pattern on core area.
[WARNING PSM-0017] X direction bump pitch is not specified, defaulting to 140um.
[WARNING PSM-0018] Y direction bump pitch is not specified, defaulting to 140um.
[WARNING PSM-0065] VSRC location not specified, using default checkerboard pattern with one VDD every size bumps in x-direction and one in two bumps in the y-direction
[INFO PSM-0076] Setting metal node density to be standard cell height times 5.
[INFO PSM-0031] Number of PDN nodes on net VDD = 290662.
[INFO PSM-0064] Number of voltage sources = 1.
[INFO PSM-0040] All PDN stripes on net VDD are connected.
########## IR report #################
Corner: default
Worstcase voltage: 3.16e-01 V
Average IR drop  : 3.89e-01 V
Worstcase IR drop: 4.54e-01 V
######################################
[INFO PSM-0022] Using 0.000V for VSS
[WARNING PSM-0016] Voltage pad location (VSRC) file not specified, defaulting pad location to checkerboard pattern on core area.
[WARNING PSM-0017] X direction bump pitch is not specified, defaulting to 140um.
[WARNING PSM-0018] Y direction bump pitch is not specified, defaulting to 140um.
[WARNING PSM-0065] VSRC location not specified, using default checkerboard pattern with one VDD every size bumps in x-direction and one in two bumps in the y-direction
[INFO PSM-0076] Setting metal node density to be standard cell height times 5.
[INFO PSM-0031] Number of PDN nodes on net VSS = 334235.
[INFO PSM-0064] Number of voltage sources = 1.
[INFO PSM-0040] All PDN stripes on net VSS are connected.
########## IR report #################
Corner: default
Worstcase voltage: 4.53e-01 V
Average IR drop  : 3.89e-01 V
Worstcase IR drop: 4.53e-01 V
######################################
Warning: There are 32 unconstrained endpoints.

==========================================================================
finish report_design_area
--------------------------------------------------------------------------
Design area 119971 u^2 88% utilization.
Elapsed time: 2:43.26[h:]min:sec. CPU time: user 162.80 sys 0.44 (99%). Peak memory: 890104KB.
