OpenROAD v2.0-11432-gead3236e5 
This program is licensed under the BSD-3 license. See the LICENSE file for details.
Components of this program may be licensed under more restrictive licenses which must be honored.

==========================================================================
resizer pre report_design_area
--------------------------------------------------------------------------
Design area 2562 u^2 46% utilization.

==========================================================================
instance_count
--------------------------------------------------------------------------
11278

==========================================================================
pin_count
--------------------------------------------------------------------------
33950

Perform port buffering...
[INFO RSZ-0027] Inserted 34 input buffers.
[INFO RSZ-0028] Inserted 99 output buffers.
Perform buffer insertion...
[INFO RSZ-0058] Using max wire length 162um.
[INFO RSZ-0034] Found 71 slew violations.
[INFO RSZ-0036] Found 9 capacitance violations.
[INFO RSZ-0038] Inserted 82 buffers in 71 nets.
[INFO RSZ-0039] Resized 1777 instances.
Repair tie lo fanout...
[INFO RSZ-0042] Inserted 65 tie TIELOx1_ASAP7_75t_R instances.
Repair tie hi fanout...
[INFO RSZ-0042] Inserted 32 tie TIEHIx1_ASAP7_75t_R instances.

==========================================================================
report_floating_nets
--------------------------------------------------------------------------

==========================================================================
resizer report_design_area
--------------------------------------------------------------------------
Design area 2663 u^2 48% utilization.

==========================================================================
instance_count
--------------------------------------------------------------------------
11588

==========================================================================
pin_count
--------------------------------------------------------------------------
34475

Elapsed time: 0:07.14[h:]min:sec. CPU time: user 7.07 sys 0.07 (100%). Peak memory: 271044KB.
