OpenROAD autotuner-v1-2861-g832b18e7 
This program is licensed under the BSD-3 license. See the LICENSE file for details.
Components of this program may be licensed under more restrictive licenses which must be honored.
[INFO GPL-0002] DBU: 1000
[INFO GPL-0003] SiteSize: 54 270
[INFO GPL-0004] CoreAreaLxLy: 5022 5130
[INFO GPL-0005] CoreAreaUxUy: 544968 594810
[INFO GPL-0006] NumInstances: 174112
[INFO GPL-0007] NumPlaceInstances: 109126
[INFO GPL-0008] NumFixedInstances: 38077
[INFO GPL-0009] NumDummyInstances: 26909
[INFO GPL-0010] NumNets: 113539
[INFO GPL-0011] NumPins: 426005
[INFO GPL-0012] DieAreaLxLy: 0 0
[INFO GPL-0013] DieAreaUxUy: 550000 600000
[INFO GPL-0014] CoreAreaLxLy: 5022 5130
[INFO GPL-0015] CoreAreaUxUy: 544968 594810
[INFO GPL-0016] CoreArea: 318395357280
[INFO GPL-0017] NonPlaceInstsArea: 92758528620
[INFO GPL-0018] PlaceInstsArea: 24474046320
[INFO GPL-0019] Util(%): 10.85
[INFO GPL-0020] StdInstsArea: 24474046320
[INFO GPL-0021] MacroInstsArea: 0
[INFO GPL-0031] FillerInit: NumGCells: 1041600
[INFO GPL-0032] FillerInit: NumGNets: 113539
[INFO GPL-0033] FillerInit: NumGPins: 426005
[INFO GPL-0023] TargetDensity: 1.00
[INFO GPL-0024] AveragePlaceInstArea: 224273
[INFO GPL-0025] IdealBinArea: 224273
[INFO GPL-0026] IdealBinCnt: 1419677
[INFO GPL-0027] TotalBinArea: 318395357280
[INFO GPL-0028] BinCnt: 1024 1024
[INFO GPL-0029] BinSize: 528 576
[INFO GPL-0030] NumBins: 1048576
[INFO GPL-0002] DBU: 1000
[INFO GPL-0003] SiteSize: 54 270
[INFO GPL-0004] CoreAreaLxLy: 5022 5130
[INFO GPL-0005] CoreAreaUxUy: 544968 594810
[INFO GPL-0006] NumInstances: 174112
[INFO GPL-0007] NumPlaceInstances: 109126
[INFO GPL-0008] NumFixedInstances: 38077
[INFO GPL-0009] NumDummyInstances: 26909
[INFO GPL-0010] NumNets: 113539
[INFO GPL-0011] NumPins: 426005
[INFO GPL-0012] DieAreaLxLy: 0 0
[INFO GPL-0013] DieAreaUxUy: 550000 600000
[INFO GPL-0014] CoreAreaLxLy: 5022 5130
[INFO GPL-0015] CoreAreaUxUy: 544968 594810
[INFO GPL-0016] CoreArea: 318395357280
[INFO GPL-0017] NonPlaceInstsArea: 92758528620
[INFO GPL-0018] PlaceInstsArea: 24474046320
[INFO GPL-0019] Util(%): 10.85
[INFO GPL-0020] StdInstsArea: 24474046320
[INFO GPL-0021] MacroInstsArea: 0
[InitialPlace]  Iter: 1 CG residual: 0.00752748 HPWL: 1622478239
[InitialPlace]  Iter: 2 CG residual: 0.00043202 HPWL: 1065717180
[InitialPlace]  Iter: 3 CG residual: 0.00012089 HPWL: 992335834
[InitialPlace]  Iter: 4 CG residual: 0.00009417 HPWL: 925404457
[InitialPlace]  Iter: 5 CG residual: 0.00007436 HPWL: 894934204
[InitialPlace]  Iter: 6 CG residual: 0.00006242 HPWL: 879570706
[InitialPlace]  Iter: 7 CG residual: 0.00004856 HPWL: 865619918
[InitialPlace]  Iter: 8 CG residual: 0.00004560 HPWL: 855311670
[InitialPlace]  Iter: 9 CG residual: 0.00003894 HPWL: 846621804
[InitialPlace]  Iter: 10 CG residual: 0.00002794 HPWL: 840340532
[InitialPlace]  Iter: 11 CG residual: 0.00002395 HPWL: 834903469
[InitialPlace]  Iter: 12 CG residual: 0.00001970 HPWL: 831429585
[InitialPlace]  Iter: 13 CG residual: 0.00002234 HPWL: 828484764
[InitialPlace]  Iter: 14 CG residual: 0.00001788 HPWL: 827018427
[InitialPlace]  Iter: 15 CG residual: 0.00001597 HPWL: 825265596
[InitialPlace]  Iter: 16 CG residual: 0.00001420 HPWL: 824792169
[InitialPlace]  Iter: 17 CG residual: 0.00001225 HPWL: 823685424
[InitialPlace]  Iter: 18 CG residual: 0.00001089 HPWL: 823513195
[InitialPlace]  Iter: 19 CG residual: 0.00001157 HPWL: 822115393
[InitialPlace]  Iter: 20 CG residual: 0.00000928 HPWL: 822023134
[INFO GPL-0031] FillerInit: NumGCells: 306080
[INFO GPL-0032] FillerInit: NumGNets: 113539
[INFO GPL-0033] FillerInit: NumGPins: 426005
[INFO GPL-0023] TargetDensity: 0.30
[INFO GPL-0024] AveragePlaceInstArea: 224273
[INFO GPL-0025] IdealBinArea: 755705
[INFO GPL-0026] IdealBinCnt: 421322
[INFO GPL-0027] TotalBinArea: 318395357280
[INFO GPL-0028] BinCnt: 512 512
[INFO GPL-0029] BinSize: 1055 1152
[INFO GPL-0030] NumBins: 262144
[NesterovSolve] Iter: 1 overflow: 0.966508 HPWL: 788785263
[NesterovSolve] Iter: 10 overflow: 0.940922 HPWL: 843934856
[NesterovSolve] Iter: 20 overflow: 0.921446 HPWL: 898958584
[NesterovSolve] Iter: 30 overflow: 0.908041 HPWL: 928206053
[NesterovSolve] Iter: 40 overflow: 0.897474 HPWL: 946291919
[NesterovSolve] Iter: 50 overflow: 0.88964 HPWL: 954599536
[NesterovSolve] Iter: 60 overflow: 0.884228 HPWL: 958067814
[NesterovSolve] Iter: 70 overflow: 0.881685 HPWL: 960586936
[NesterovSolve] Iter: 80 overflow: 0.878892 HPWL: 963713761
[NesterovSolve] Iter: 90 overflow: 0.876727 HPWL: 966285048
[NesterovSolve] Iter: 100 overflow: 0.875898 HPWL: 969205380
[NesterovSolve] Iter: 110 overflow: 0.874757 HPWL: 972563419
[NesterovSolve] Iter: 120 overflow: 0.872846 HPWL: 974779417
[NesterovSolve] Iter: 130 overflow: 0.871582 HPWL: 976071870
[NesterovSolve] Iter: 140 overflow: 0.871385 HPWL: 977769480
[NesterovSolve] Iter: 150 overflow: 0.870477 HPWL: 980212765
[NesterovSolve] Iter: 160 overflow: 0.869762 HPWL: 985096404
[NesterovSolve] Iter: 170 overflow: 0.867341 HPWL: 995192811
[NesterovSolve] Iter: 180 overflow: 0.861405 HPWL: 1012648415
[NesterovSolve] Iter: 190 overflow: 0.853266 HPWL: 1042627258
[NesterovSolve] Iter: 200 overflow: 0.840984 HPWL: 1087079490
[NesterovSolve] Iter: 210 overflow: 0.826707 HPWL: 1136752130
[NesterovSolve] Iter: 220 overflow: 0.809111 HPWL: 1177720041
[NesterovSolve] Iter: 230 overflow: 0.785505 HPWL: 1190259301
[INFO GPL-0100] worst slack 8.28e-11
[INFO GPL-0103] Weighted 11153 nets.
[NesterovSolve] Iter: 240 overflow: 0.760281 HPWL: 1194769794
[NesterovSolve] Iter: 250 overflow: 0.734806 HPWL: 1219079571
[NesterovSolve] Iter: 260 overflow: 0.705027 HPWL: 1243848621
[NesterovSolve] Iter: 270 overflow: 0.66682 HPWL: 1246020683
[NesterovSolve] Iter: 280 overflow: 0.626915 HPWL: 1286102231
[INFO GPL-0100] worst slack -1.21e-10
[INFO GPL-0103] Weighted 11153 nets.
[NesterovSolve] Snapshot saved at iter = 286
[NesterovSolve] Iter: 290 overflow: 0.585716 HPWL: 1291565420
[NesterovSolve] Iter: 300 overflow: 0.527199 HPWL: 1355661909
[NesterovSolve] Iter: 310 overflow: 0.4856 HPWL: 1342470869
[INFO GPL-0100] worst slack 1.58e-10
[INFO GPL-0103] Weighted 11153 nets.
[NesterovSolve] Iter: 320 overflow: 0.432826 HPWL: 1371535224
[NesterovSolve] Iter: 330 overflow: 0.382724 HPWL: 1371718272
[NesterovSolve] Iter: 340 overflow: 0.336692 HPWL: 1363877722
[NesterovSolve] Iter: 350 overflow: 0.308811 HPWL: 1344975579
[NesterovSolve] Iter: 360 overflow: 0.279455 HPWL: 1329198806
[INFO GPL-0100] worst slack 1.64e-11
[INFO GPL-0103] Weighted 11151 nets.
[NesterovSolve] Iter: 370 overflow: 0.254233 HPWL: 1315679045
[NesterovSolve] Iter: 380 overflow: 0.229566 HPWL: 1302894256
[NesterovSolve] Iter: 390 overflow: 0.206571 HPWL: 1291526703
[INFO GPL-0075] Routability numCall: 1 inflationIterCnt: 1 bloatIterCnt: 0
[INFO GPL-0036] TileLxLy: 0 0
[INFO GPL-0037] TileSize: 540 540
[INFO GPL-0038] TileCnt: 1018 1111
[INFO GPL-0039] numRoutingLayers: 10
[INFO GPL-0040] NumTiles: 1130998
[INFO GPL-0063] TotalRouteOverflowH2: 0.125
[INFO GPL-0064] TotalRouteOverflowV2: 0.0
[INFO GPL-0065] OverflowTileCnt2: 1
[INFO GPL-0066] 0.5%RC: 0.9869484366808942
[INFO GPL-0067] 1.0%RC: 0.9449149634623843
[INFO GPL-0068] 2.0%RC: 0.8804869101400323
[INFO GPL-0069] 5.0%RC: 0.7678993277585212
[INFO GPL-0070] 0.5rcK: 1.0
[INFO GPL-0071] 1.0rcK: 1.0
[INFO GPL-0072] 2.0rcK: 0.0
[INFO GPL-0073] 5.0rcK: 0.0
[INFO GPL-0074] FinalRC: 0.9659317
[INFO GPL-0100] worst slack 1.13e-10
[INFO GPL-0103] Weighted 11153 nets.
[NesterovSolve] Iter: 400 overflow: 0.183485 HPWL: 1284008723
[NesterovSolve] Iter: 410 overflow: 0.16069 HPWL: 1279454169
[NesterovSolve] Iter: 420 overflow: 0.140395 HPWL: 1275252985
[INFO GPL-0100] worst slack 6.85e-11
[INFO GPL-0103] Weighted 11153 nets.
[NesterovSolve] Iter: 430 overflow: 0.122379 HPWL: 1272487618
[NesterovSolve] Iter: 440 overflow: 0.109423 HPWL: 1258269306
[NesterovSolve] Finished with Overflow: 0.099587

==========================================================================
global place check_setup
--------------------------------------------------------------------------
Warning: There are 94 unclocked register/latch pins.
Warning: There are 490 unconstrained endpoints.

==========================================================================
global place report_tns
--------------------------------------------------------------------------
tns -1516899968.00

==========================================================================
global place report_wns
--------------------------------------------------------------------------
wns -148183.06

==========================================================================
global place report_worst_slack
--------------------------------------------------------------------------
worst slack -148183.06

==========================================================================
global place report_checks -path_delay min
--------------------------------------------------------------------------
Startpoint: rst_l (input port clocked by core_clock)
Endpoint: swerv/dmi_wrapper/i_dmi_jtag_to_core_sync/_13_
          (removal check against rising-edge clock core_clock)
Path Group: asynchronous
Path Type: min

Fanout     Cap    Slew   Delay    Time   Description
-----------------------------------------------------------------------------
                  0.00    0.00    0.00   clock core_clock (rise edge)
                          0.00    0.00   clock network delay (ideal)
                        500.00  500.00 ^ input external delay
     9   13.39    0.00    0.00  500.00 ^ rst_l (in)
                                         rst_l (net)
                 13.83    4.36  504.36 ^ swerv/dmi_wrapper/i_dmi_jtag_to_core_sync/_13_/SETN (DFFASRHQNx1_ASAP7_75t_R)
                                504.36   data arrival time

                  0.00    0.00    0.00   clock core_clock (rise edge)
                          0.00    0.00   clock network delay (ideal)
                          0.00    0.00   clock reconvergence pessimism
                                  0.00 ^ swerv/dmi_wrapper/i_dmi_jtag_to_core_sync/_13_/CLK (DFFASRHQNx1_ASAP7_75t_R)
                         15.86   15.86   library removal time
                                 15.86   data required time
-----------------------------------------------------------------------------
                                 15.86   data required time
                               -504.36   data arrival time
-----------------------------------------------------------------------------
                                488.50   slack (MET)


Startpoint: swerv/dmi_wrapper/i_dmi_jtag_to_core_sync/_13_
            (rising edge-triggered flip-flop clocked by core_clock)
Endpoint: swerv/dmi_wrapper/i_dmi_jtag_to_core_sync/_14_
          (rising edge-triggered flip-flop clocked by core_clock)
Path Group: core_clock
Path Type: min

Fanout     Cap    Slew   Delay    Time   Description
-----------------------------------------------------------------------------
                  0.00    0.00    0.00   clock core_clock (rise edge)
                          0.00    0.00   clock network delay (ideal)
                  0.00    0.00    0.00 ^ swerv/dmi_wrapper/i_dmi_jtag_to_core_sync/_13_/CLK (DFFASRHQNx1_ASAP7_75t_R)
     1    0.76   13.41   35.64   35.64 ^ swerv/dmi_wrapper/i_dmi_jtag_to_core_sync/_13_/QN (DFFASRHQNx1_ASAP7_75t_R)
                                         swerv/dmi_wrapper/i_dmi_jtag_to_core_sync/_01_ (net)
                 13.41    0.01   35.65 ^ swerv/dmi_wrapper/i_dmi_jtag_to_core_sync/_11_/A (INVx1_ASAP7_75t_R)
     1    0.72    7.10    6.41   42.06 v swerv/dmi_wrapper/i_dmi_jtag_to_core_sync/_11_/Y (INVx1_ASAP7_75t_R)
                                         swerv/dmi_wrapper/i_dmi_jtag_to_core_sync/rden[0] (net)
                  7.10    0.01   42.07 v swerv/dmi_wrapper/i_dmi_jtag_to_core_sync/_14_/D (DFFASRHQNx1_ASAP7_75t_R)
                                 42.07   data arrival time

                  0.00    0.00    0.00   clock core_clock (rise edge)
                          0.00    0.00   clock network delay (ideal)
                          0.00    0.00   clock reconvergence pessimism
                                  0.00 ^ swerv/dmi_wrapper/i_dmi_jtag_to_core_sync/_14_/CLK (DFFASRHQNx1_ASAP7_75t_R)
                          9.17    9.17   library hold time
                                  9.17   data required time
-----------------------------------------------------------------------------
                                  9.17   data required time
                                -42.07   data arrival time
-----------------------------------------------------------------------------
                                 32.90   slack (MET)



==========================================================================
global place report_checks -path_delay max
--------------------------------------------------------------------------
Startpoint: rst_l (input port clocked by core_clock)
Endpoint: swerv/ifu/mem_ctl/CLK_GRP_TAG_VALID_0__TAG_VALID_28__ic_way0_tagvalid_dup/dffs/_3_
          (recovery check against rising-edge clock core_clock)
Path Group: asynchronous
Path Type: max

Fanout     Cap    Slew   Delay    Time   Description
-----------------------------------------------------------------------------
                  0.00    0.00    0.00   clock core_clock (rise edge)
                          0.00    0.00   clock network delay (ideal)
                        500.00  500.00 ^ input external delay
     9   13.39    0.00    0.00  500.00 ^ rst_l (in)
                                         rst_l (net)
                 14.99    4.73  504.73 ^ swerv/_117_/B (OA21x2_ASAP7_75t_R)
 13904 19466.85 20574.16 5550.61 6055.34 ^ swerv/_117_/Y (OA21x2_ASAP7_75t_R)
                                         core_rst_l (net)
               347455.00 110344.06 116399.40 ^ swerv/ifu/mem_ctl/CLK_GRP_TAG_VALID_0__TAG_VALID_28__ic_way0_tagvalid_dup/dffs/_3_/SETN (DFFASRHQNx1_ASAP7_75t_R)
                               116399.40   data arrival time

                  0.00 2500.00 2500.00   clock core_clock (rise edge)
                          0.00 2500.00   clock network delay (ideal)
                          0.00 2500.00   clock reconvergence pessimism
                               2500.00 ^ swerv/ifu/mem_ctl/CLK_GRP_TAG_VALID_0__TAG_VALID_28__ic_way0_tagvalid_dup/dffs/_3_/CLK (DFFASRHQNx1_ASAP7_75t_R)
                       -34283.66 -31783.67   library recovery time
                               -31783.67   data required time
-----------------------------------------------------------------------------
                               -31783.67   data required time
                               -116399.40   data arrival time
-----------------------------------------------------------------------------
                               -148183.06   slack (VIOLATED)


Startpoint: swerv/dec/tlu/freeff/_19_
            (rising edge-triggered flip-flop clocked by core_clock)
Endpoint: swerv/ifu/bp/btb_bank0_way0_data_out/genblock_dff/_63_
          (rising edge-triggered flip-flop clocked by core_clock)
Path Group: core_clock
Path Type: max

Fanout     Cap    Slew   Delay    Time   Description
-----------------------------------------------------------------------------
                  0.00    0.00    0.00   clock core_clock (rise edge)
                          0.00    0.00   clock network delay (ideal)
                  0.00    0.00    0.00 ^ swerv/dec/tlu/freeff/_19_/CLK (DFFASRHQNx1_ASAP7_75t_R)
     1    1.97   21.72   41.08   41.08 ^ swerv/dec/tlu/freeff/_19_/QN (DFFASRHQNx1_ASAP7_75t_R)
                                         swerv/dec/tlu/freeff/_03_ (net)
                 21.72    0.00   41.08 ^ swerv/dec/tlu/freeff/_12_/A (INVx3_ASAP7_75t_R)
    66  128.85  192.29   63.79  104.87 v swerv/dec/tlu/freeff/_12_/Y (INVx3_ASAP7_75t_R)
                                         swerv/dec_tlu_flush_lower_wb (net)
                782.13  247.04  351.91 v swerv/lsu/bus_intf/_1948_/A (INVx1_ASAP7_75t_R)
     1    0.70   77.85   54.95  406.86 ^ swerv/lsu/bus_intf/_1948_/Y (INVx1_ASAP7_75t_R)
                                         swerv/lsu/bus_intf/_1536_ (net)
                 77.85    0.01  406.88 ^ swerv/lsu/bus_intf/_1949_/B (AND3x1_ASAP7_75t_R)
    38  128.19  988.17  290.22  697.09 ^ swerv/lsu/bus_intf/_1949_/Y (AND3x1_ASAP7_75t_R)
                                         lsu_freeze_dc3 (net)
               1286.77  289.33  986.42 ^ swerv/exu/_3182_/A (NOR2x1_ASAP7_75t_R)
     2    1.58  162.98  124.24 1110.66 v swerv/exu/_3182_/Y (NOR2x1_ASAP7_75t_R)
                                         swerv/exu_flush_upper_e2 (net)
                162.98    0.00 1110.66 v swerv/exu/_3183_/B (OR2x2_ASAP7_75t_R)
    97  124.76  400.55   77.34 1187.99 v swerv/exu/_3183_/Y (OR2x2_ASAP7_75t_R)
                                         swerv/exu_flush_final (net)
               1045.30  327.92 1515.91 v swerv/ifu/ifc/_381_/A (INVx2_ASAP7_75t_R)
    46   43.96  451.58  326.53 1842.44 ^ swerv/ifu/ifc/_381_/Y (INVx2_ASAP7_75t_R)
                                         swerv/ifu/ifc/_032_ (net)
                453.63   17.69 1860.13 ^ swerv/ifu/ifc/_531_/A1 (AO21x1_ASAP7_75t_R)
     9   19.63  132.41   74.06 1934.19 ^ swerv/ifu/ifc/_531_/Y (AO21x1_ASAP7_75t_R)
                                         swerv/ifu/ifc_fetch_addr_f1[8] (net)
                140.61   17.62 1951.81 ^ swerv/ifu/bp/f1hash/_4_/B (XNOR2x1_ASAP7_75t_R)
     1    1.67   30.14   23.26 1975.07 v swerv/ifu/bp/f1hash/_4_/Y (XNOR2x1_ASAP7_75t_R)
                                         swerv/ifu/bp/f1hash/_0_ (net)
                 30.14    0.01 1975.08 v swerv/ifu/bp/f1hash/_5_/B (XNOR2x1_ASAP7_75t_R)
   628  615.92 4474.55 1715.46 3690.54 ^ swerv/ifu/bp/f1hash/_5_/Y (XNOR2x1_ASAP7_75t_R)
                                         swerv/ifu/bp/btb_rd_addr_f1[4] (net)
               4475.61   42.44 3732.98 ^ swerv/ifu/bp/_4517_/A (INVx1_ASAP7_75t_R)
   208  225.43 1666.38 5166.54 8899.52 v swerv/ifu/bp/_4517_/Y (INVx1_ASAP7_75t_R)
                                         swerv/ifu/bp/_0446_ (net)
               1666.38  183.14 9082.66 v swerv/ifu/bp/_4605_/A1 (AO21x1_ASAP7_75t_R)
     1    0.84   31.60  166.89 9249.56 v swerv/ifu/bp/_4605_/Y (AO21x1_ASAP7_75t_R)
                                         swerv/ifu/bp/_0524_ (net)
                 31.60    0.03 9249.58 v swerv/ifu/bp/_4611_/A2 (OA21x2_ASAP7_75t_R)
     1    2.67   45.33   25.96 9275.55 v swerv/ifu/bp/_4611_/Y (OA21x2_ASAP7_75t_R)
                                         swerv/ifu/bp/btb_bank0_rd_data_way0_f2_in[10] (net)
                 45.37    0.63 9276.18 v swerv/ifu/bp/btb_bank0_way0_data_out/genblock_dff/_63_/D (DFFASRHQNx1_ASAP7_75t_R)
                               9276.18   data arrival time

                  0.00 2500.00 2500.00   clock core_clock (rise edge)
                          0.00 2500.00   clock network delay (ideal)
                          0.00 2500.00   clock reconvergence pessimism
                               2500.00 ^ swerv/ifu/bp/btb_bank0_way0_data_out/genblock_dff/_63_/CLK (DFFASRHQNx1_ASAP7_75t_R)
                         -8.49 2491.51   library setup time
                               2491.51   data required time
-----------------------------------------------------------------------------
                               2491.51   data required time
                               -9276.18   data arrival time
-----------------------------------------------------------------------------
                               -6784.67   slack (VIOLATED)



==========================================================================
global place report_checks -unconstrained
--------------------------------------------------------------------------
Startpoint: rst_l (input port clocked by core_clock)
Endpoint: swerv/ifu/mem_ctl/CLK_GRP_TAG_VALID_0__TAG_VALID_28__ic_way0_tagvalid_dup/dffs/_3_
          (recovery check against rising-edge clock core_clock)
Path Group: asynchronous
Path Type: max

Fanout     Cap    Slew   Delay    Time   Description
-----------------------------------------------------------------------------
                  0.00    0.00    0.00   clock core_clock (rise edge)
                          0.00    0.00   clock network delay (ideal)
                        500.00  500.00 ^ input external delay
     9   13.39    0.00    0.00  500.00 ^ rst_l (in)
                                         rst_l (net)
                 14.99    4.73  504.73 ^ swerv/_117_/B (OA21x2_ASAP7_75t_R)
 13904 19466.85 20574.16 5550.61 6055.34 ^ swerv/_117_/Y (OA21x2_ASAP7_75t_R)
                                         core_rst_l (net)
               347455.00 110344.06 116399.40 ^ swerv/ifu/mem_ctl/CLK_GRP_TAG_VALID_0__TAG_VALID_28__ic_way0_tagvalid_dup/dffs/_3_/SETN (DFFASRHQNx1_ASAP7_75t_R)
                               116399.40   data arrival time

                  0.00 2500.00 2500.00   clock core_clock (rise edge)
                          0.00 2500.00   clock network delay (ideal)
                          0.00 2500.00   clock reconvergence pessimism
                               2500.00 ^ swerv/ifu/mem_ctl/CLK_GRP_TAG_VALID_0__TAG_VALID_28__ic_way0_tagvalid_dup/dffs/_3_/CLK (DFFASRHQNx1_ASAP7_75t_R)
                       -34283.66 -31783.67   library recovery time
                               -31783.67   data required time
-----------------------------------------------------------------------------
                               -31783.67   data required time
                               -116399.40   data arrival time
-----------------------------------------------------------------------------
                               -148183.06   slack (VIOLATED)


Startpoint: swerv/dec/tlu/freeff/_19_
            (rising edge-triggered flip-flop clocked by core_clock)
Endpoint: swerv/ifu/bp/btb_bank0_way0_data_out/genblock_dff/_63_
          (rising edge-triggered flip-flop clocked by core_clock)
Path Group: core_clock
Path Type: max

Fanout     Cap    Slew   Delay    Time   Description
-----------------------------------------------------------------------------
                  0.00    0.00    0.00   clock core_clock (rise edge)
                          0.00    0.00   clock network delay (ideal)
                  0.00    0.00    0.00 ^ swerv/dec/tlu/freeff/_19_/CLK (DFFASRHQNx1_ASAP7_75t_R)
     1    1.97   21.72   41.08   41.08 ^ swerv/dec/tlu/freeff/_19_/QN (DFFASRHQNx1_ASAP7_75t_R)
                                         swerv/dec/tlu/freeff/_03_ (net)
                 21.72    0.00   41.08 ^ swerv/dec/tlu/freeff/_12_/A (INVx3_ASAP7_75t_R)
    66  128.85  192.29   63.79  104.87 v swerv/dec/tlu/freeff/_12_/Y (INVx3_ASAP7_75t_R)
                                         swerv/dec_tlu_flush_lower_wb (net)
                782.13  247.04  351.91 v swerv/lsu/bus_intf/_1948_/A (INVx1_ASAP7_75t_R)
     1    0.70   77.85   54.95  406.86 ^ swerv/lsu/bus_intf/_1948_/Y (INVx1_ASAP7_75t_R)
                                         swerv/lsu/bus_intf/_1536_ (net)
                 77.85    0.01  406.88 ^ swerv/lsu/bus_intf/_1949_/B (AND3x1_ASAP7_75t_R)
    38  128.19  988.17  290.22  697.09 ^ swerv/lsu/bus_intf/_1949_/Y (AND3x1_ASAP7_75t_R)
                                         lsu_freeze_dc3 (net)
               1286.77  289.33  986.42 ^ swerv/exu/_3182_/A (NOR2x1_ASAP7_75t_R)
     2    1.58  162.98  124.24 1110.66 v swerv/exu/_3182_/Y (NOR2x1_ASAP7_75t_R)
                                         swerv/exu_flush_upper_e2 (net)
                162.98    0.00 1110.66 v swerv/exu/_3183_/B (OR2x2_ASAP7_75t_R)
    97  124.76  400.55   77.34 1187.99 v swerv/exu/_3183_/Y (OR2x2_ASAP7_75t_R)
                                         swerv/exu_flush_final (net)
               1045.30  327.92 1515.91 v swerv/ifu/ifc/_381_/A (INVx2_ASAP7_75t_R)
    46   43.96  451.58  326.53 1842.44 ^ swerv/ifu/ifc/_381_/Y (INVx2_ASAP7_75t_R)
                                         swerv/ifu/ifc/_032_ (net)
                453.63   17.69 1860.13 ^ swerv/ifu/ifc/_531_/A1 (AO21x1_ASAP7_75t_R)
     9   19.63  132.41   74.06 1934.19 ^ swerv/ifu/ifc/_531_/Y (AO21x1_ASAP7_75t_R)
                                         swerv/ifu/ifc_fetch_addr_f1[8] (net)
                140.61   17.62 1951.81 ^ swerv/ifu/bp/f1hash/_4_/B (XNOR2x1_ASAP7_75t_R)
     1    1.67   30.14   23.26 1975.07 v swerv/ifu/bp/f1hash/_4_/Y (XNOR2x1_ASAP7_75t_R)
                                         swerv/ifu/bp/f1hash/_0_ (net)
                 30.14    0.01 1975.08 v swerv/ifu/bp/f1hash/_5_/B (XNOR2x1_ASAP7_75t_R)
   628  615.92 4474.55 1715.46 3690.54 ^ swerv/ifu/bp/f1hash/_5_/Y (XNOR2x1_ASAP7_75t_R)
                                         swerv/ifu/bp/btb_rd_addr_f1[4] (net)
               4475.61   42.44 3732.98 ^ swerv/ifu/bp/_4517_/A (INVx1_ASAP7_75t_R)
   208  225.43 1666.38 5166.54 8899.52 v swerv/ifu/bp/_4517_/Y (INVx1_ASAP7_75t_R)
                                         swerv/ifu/bp/_0446_ (net)
               1666.38  183.14 9082.66 v swerv/ifu/bp/_4605_/A1 (AO21x1_ASAP7_75t_R)
     1    0.84   31.60  166.89 9249.56 v swerv/ifu/bp/_4605_/Y (AO21x1_ASAP7_75t_R)
                                         swerv/ifu/bp/_0524_ (net)
                 31.60    0.03 9249.58 v swerv/ifu/bp/_4611_/A2 (OA21x2_ASAP7_75t_R)
     1    2.67   45.33   25.96 9275.55 v swerv/ifu/bp/_4611_/Y (OA21x2_ASAP7_75t_R)
                                         swerv/ifu/bp/btb_bank0_rd_data_way0_f2_in[10] (net)
                 45.37    0.63 9276.18 v swerv/ifu/bp/btb_bank0_way0_data_out/genblock_dff/_63_/D (DFFASRHQNx1_ASAP7_75t_R)
                               9276.18   data arrival time

                  0.00 2500.00 2500.00   clock core_clock (rise edge)
                          0.00 2500.00   clock network delay (ideal)
                          0.00 2500.00   clock reconvergence pessimism
                               2500.00 ^ swerv/ifu/bp/btb_bank0_way0_data_out/genblock_dff/_63_/CLK (DFFASRHQNx1_ASAP7_75t_R)
                         -8.49 2491.51   library setup time
                               2491.51   data required time
-----------------------------------------------------------------------------
                               2491.51   data required time
                               -9276.18   data arrival time
-----------------------------------------------------------------------------
                               -6784.67   slack (VIOLATED)



==========================================================================
global place report_power
--------------------------------------------------------------------------
Group                  Internal  Switching    Leakage      Total
                          Power      Power      Power      Power (Watts)
----------------------------------------------------------------
Sequential             2.67e-01   1.50e-03   1.71e-06   2.68e-01  78.9%
Combinational          8.97e-03   1.75e-02   1.22e-05   2.65e-02   7.8%
Macro                  4.13e-02   1.29e-04   3.61e-03   4.50e-02  13.3%
Pad                    0.00e+00   0.00e+00   0.00e+00   0.00e+00   0.0%
----------------------------------------------------------------
Total                  3.17e-01   1.92e-02   3.62e-03   3.40e-01 100.0%
                          93.3%       5.6%       1.1%

==========================================================================
global place report_design_area
--------------------------------------------------------------------------
Design area 49381 u^2 16% utilization.

Elapsed time: 4:52.95[h:]min:sec. CPU time: user 333.55 sys 0.92 (114%). Peak memory: 2674872KB.
