[INFO] Reporting cells prior to loading DEF ...
[INFO] Reading DEF  ...
[INFO] Reporting cells after loading DEF ...
[INFO] 'swerv_wrapper'
[INFO] 'DECAPx10_ASAP7_75t_R'
[INFO] 'DECAPx6_ASAP7_75t_R'
[INFO] 'DECAPx2_ASAP7_75t_R'
[INFO] 'FILLER_ASAP7_75t_R'
[INFO] 'FILLERxp5_ASAP7_75t_R'
[INFO] 'DECAPx1_ASAP7_75t_R'
[INFO] 'DECAPx4_ASAP7_75t_R'
[INFO] 'TAPCELL_ASAP7_75t_R'
[INFO] 'BUFx8_ASAP7_75t_R'
[INFO] 'BUFx2_ASAP7_75t_R'
[INFO] 'BUFx16f_ASAP7_75t_R'
[INFO] 'BUFx4f_ASAP7_75t_R'
[INFO] 'BUFx3_ASAP7_75t_R'
[INFO] 'BUFx12_ASAP7_75t_R'
[INFO] 'BUFx6f_ASAP7_75t_R'
[INFO] 'BUFx24_ASAP7_75t_R'
[INFO] 'BUFx12f_ASAP7_75t_R'
[INFO] 'BUFx10_ASAP7_75t_R'
[INFO] 'CKINVDCx20_ASAP7_75t_R'
[INFO] 'INVx1_ASAP7_75t_R'
[INFO] 'NAND2x1_ASAP7_75t_R'
[INFO] 'OA211x2_ASAP7_75t_R'
[INFO] 'OR3x4_ASAP7_75t_R'
[INFO] 'OR3x1_ASAP7_75t_R'
[INFO] 'NAND2x2_ASAP7_75t_R'
[INFO] 'OR3x2_ASAP7_75t_R'
[INFO] 'INVx4_ASAP7_75t_R'
[INFO] 'AND2x2_ASAP7_75t_R'
[INFO] 'AO21x1_ASAP7_75t_R'
[INFO] 'NOR2x1_ASAP7_75t_R'
[INFO] 'OR2x2_ASAP7_75t_R'
[INFO] 'AO221x2_ASAP7_75t_R'
[INFO] 'INVx2_ASAP7_75t_R'
[INFO] 'INVx3_ASAP7_75t_R'
[INFO] 'AO22x1_ASAP7_75t_R'
[INFO] 'AO32x1_ASAP7_75t_R'
[INFO] 'OR2x6_ASAP7_75t_R'
[INFO] 'CKINVDCx9p33_ASAP7_75t_R'
[INFO] 'OAI21x1_ASAP7_75t_R'
[INFO] 'OA21x2_ASAP7_75t_R'
[INFO] 'AO211x2_ASAP7_75t_R'
[INFO] 'AO21x2_ASAP7_75t_R'
[INFO] 'OR4x2_ASAP7_75t_R'
[INFO] 'NOR3x2_ASAP7_75t_R'
[INFO] 'NOR2x2_ASAP7_75t_R'
[INFO] 'OA22x2_ASAP7_75t_R'
[INFO] 'CKINVDCx12_ASAP7_75t_R'
[INFO] 'INVx13_ASAP7_75t_R'
[INFO] 'AND3x4_ASAP7_75t_R'
[INFO] 'CKINVDCx11_ASAP7_75t_R'
[INFO] 'CKINVDCx16_ASAP7_75t_R'
[INFO] 'AND4x1_ASAP7_75t_R'
[INFO] 'INVx11_ASAP7_75t_R'
[INFO] 'CKINVDCx10_ASAP7_75t_R'
[INFO] 'AND3x1_ASAP7_75t_R'
[INFO] 'AOI22x1_ASAP7_75t_R'
[INFO] 'AOI21x1_ASAP7_75t_R'
[INFO] 'fakeram7_2048x39'
[INFO] 'TIEHIx1_ASAP7_75t_R'
[INFO] 'DFFASRHQNx1_ASAP7_75t_R'
[INFO] 'fakeram7_256x34'
[INFO] 'CKINVDCx6p67_ASAP7_75t_R'
[INFO] 'AO32x2_ASAP7_75t_R'
[INFO] 'AND2x6_ASAP7_75t_R'
[INFO] 'AO22x2_ASAP7_75t_R'
[INFO] 'AO222x2_ASAP7_75t_R'
[INFO] 'AND2x4_ASAP7_75t_R'
[INFO] 'AND3x2_ASAP7_75t_R'
[INFO] 'OR4x1_ASAP7_75t_R'
[INFO] 'XNOR2x1_ASAP7_75t_R'
[INFO] 'XOR2x1_ASAP7_75t_R'
[INFO] 'XNOR2x2_ASAP7_75t_R'
[INFO] 'fakeram7_64x21'
[INFO] 'AND5x1_ASAP7_75t_R'
[INFO] 'AND5x2_ASAP7_75t_R'
[INFO] 'CKINVDCx5p33_ASAP7_75t_R'
[INFO] 'INVx5_ASAP7_75t_R'
[INFO] 'INVx6_ASAP7_75t_R'
[INFO] 'INVx8_ASAP7_75t_R'
[INFO] 'CKINVDCx8_ASAP7_75t_R'
[INFO] 'AO221x1_ASAP7_75t_R'
[INFO] 'CKINVDCx14_ASAP7_75t_R'
[INFO] 'AND4x2_ASAP7_75t_R'
[INFO] 'AO33x2_ASAP7_75t_R'
[INFO] 'OR5x2_ASAP7_75t_R'
[INFO] 'OR5x1_ASAP7_75t_R'
[INFO] 'AOI211x1_ASAP7_75t_R'
[INFO] 'OR2x4_ASAP7_75t_R'
[INFO] 'FAx1_ASAP7_75t_R'
[INFO] 'HAxp5_ASAP7_75t_R'
[INFO] 'TIELOx1_ASAP7_75t_R'
[INFO] 'OA31x2_ASAP7_75t_R'
[INFO] 'NAND3x2_ASAP7_75t_R'
[INFO] 'OA222x2_ASAP7_75t_R'
[INFO] 'AO31x2_ASAP7_75t_R'
[INFO] 'NAND3x1_ASAP7_75t_R'
[INFO] 'AOI221x1_ASAP7_75t_R'
[INFO] 'OA33x2_ASAP7_75t_R'
[INFO] 'XOR2x2_ASAP7_75t_R'
[INFO] 'OAI22x1_ASAP7_75t_R'
[INFO] 'OA221x2_ASAP7_75t_R'
[INFO] 'NOR3x1_ASAP7_75t_R'
[INFO] 'MAJx2_ASAP7_75t_R'
[INFO] 'MAJx3_ASAP7_75t_R'
[INFO] 'DFFLQNx3_ASAP7_75t_R'
[INFO] 'VIA_VIA45'
[INFO] 'VIA_via5_6_120_288_1_2_58_322'
[INFO] 'VIA_VIA34'
[INFO] 'VIA_VIA23'
[INFO] 'VIA_via1_2_316494_18_1_8791_36_36'
[INFO] 'VIA_via1_2_15930_18_1_442_36_36'
[INFO] 'VIA_via1_2_386586_18_1_10738_36_36'
[INFO] 'VIA_via1_2_15984_18_1_444_36_36'
[INFO] 'VIA_via1_2_490050_18_1_13612_36_36'
[INFO] 'VIA_via1_2_22788_18_1_633_36_36'
[INFO] 'VIA_via1_2_496908_18_1_13803_36_36'
[INFO] 'VIA_via1_2_539946_18_1_14998_36_36'
[INFO] 'VIA_via1_2_7992_18_1_222_36_36'
[INFO] 'VIA_via1_2_65826_18_1_1828_36_36'
[INFO] 'VIA_VIA12'
[INFO] 'VIA_VIA56'
[INFO] 'VIA_VIA67'
[INFO] Clearing cells...
[INFO] Merging GDS/OAS files...
	/home/jborg/Data/Research/DLPnR/OpenROAD-flow-scripts/flow/platforms/asap7/gds/asap7sc7p5t_28_R_220121a.gds
[INFO] Copying toplevel cell 'swerv_wrapper'
WARNING: no fill config file specified
[INFO] Checking for missing cell from GDS/OAS...
[INFO] Found GDS_ALLOW_EMPTY variable.
[WARNING] LEF Cell 'fakeram7_2048x39' ignored. Matches GDS_ALLOW_EMPTY.
[WARNING] LEF Cell 'fakeram7_256x34' ignored. Matches GDS_ALLOW_EMPTY.
[WARNING] LEF Cell 'fakeram7_64x21' ignored. Matches GDS_ALLOW_EMPTY.
[INFO] Checking for orphan cell in the final layout...
[INFO] No orphan cells
[INFO] Writing out GDS/OAS './results/asap7/swerv_wrapper/base/6_1_merged.gds'
Elapsed time: 0:17.76[h:]min:sec. CPU time: user 16.88 sys 0.88 (99%). Peak memory: 3260592KB.
