OpenROAD autotuner-v1-2861-g832b18e7 
This program is licensed under the BSD-3 license. See the LICENSE file for details.
Components of this program may be licensed under more restrictive licenses which must be honored.
[INFO GRT-0020] Min routing layer: metal2
[INFO GRT-0021] Max routing layer: metal10
[INFO GRT-0022] Global adjustment: 0%
[INFO GRT-0023] Grid origin: (0, 0)
[INFO GRT-0043] No OR_DEFAULT vias defined.
[INFO GRT-0088] Layer metal1  Track-Pitch = 0.1400  line-2-Via Pitch: 0.1350
[INFO GRT-0088] Layer metal2  Track-Pitch = 0.1900  line-2-Via Pitch: 0.1400
[INFO GRT-0088] Layer metal3  Track-Pitch = 0.1400  line-2-Via Pitch: 0.1400
[INFO GRT-0088] Layer metal4  Track-Pitch = 0.2800  line-2-Via Pitch: 0.2800
[INFO GRT-0088] Layer metal5  Track-Pitch = 0.2800  line-2-Via Pitch: 0.2800
[INFO GRT-0088] Layer metal6  Track-Pitch = 0.2800  line-2-Via Pitch: 0.2800
[INFO GRT-0088] Layer metal7  Track-Pitch = 0.8000  line-2-Via Pitch: 0.8000
[INFO GRT-0088] Layer metal8  Track-Pitch = 0.8000  line-2-Via Pitch: 0.8000
[INFO GRT-0088] Layer metal9  Track-Pitch = 1.6000  line-2-Via Pitch: 1.6000
[INFO GRT-0088] Layer metal10 Track-Pitch = 1.6000  line-2-Via Pitch: 1.6000
[INFO GRT-0019] Found 338 clock nets.
[INFO GRT-0001] Minimum degree: 2
[INFO GRT-0002] Maximum degree: 154
[INFO GRT-0003] Macros: 10
[INFO GRT-0004] Blockages: 2790

[INFO GRT-0053] Routing resources analysis:
          Routing      Original      Derated      Resource
Layer     Direction    Resources     Resources    Reduction (%)
---------------------------------------------------------------
metal1     Horizontal          0             0          0.00%
metal2     Vertical      1394753        463138          66.79%
metal3     Horizontal    1900705        644046          66.12%
metal4     Vertical       887782        446199          49.74%
metal5     Horizontal     887249        584650          34.11%
metal6     Vertical       887782        586966          33.88%
metal7     Horizontal     253554        111871          55.88%
metal8     Vertical       253985        126824          50.07%
metal9     Horizontal     126587        125828          0.60%
metal10    Vertical       126826        125828          0.79%
---------------------------------------------------------------

[INFO GRT-0101] Running extra iterations to remove overflow.
[INFO GRT-0197] Via related to pin nodes: 279825
[INFO GRT-0198] Via related Steiner nodes: 15719
[INFO GRT-0199] Via filling finished.
[INFO GRT-0111] Final number of vias: 348755
[INFO GRT-0112] Final usage 3D: 2059307

[INFO GRT-0096] Final congestion report:
Layer         Resource        Demand        Usage (%)    Max H / Max V / Total Overflow
---------------------------------------------------------------------------------------
metal1               0             0            0.00%             0 /  0 /  0
metal2          463138        192812           41.63%             0 /  0 /  0
metal3          644046        302649           46.99%             0 /  0 /  0
metal4          446199        148702           33.33%             0 /  0 /  0
metal5          584650        179504           30.70%             0 /  0 /  0
metal6          586966        136151           23.20%             0 /  0 /  0
metal7          111871         19559           17.48%             0 /  0 /  0
metal8          126824         13421           10.58%             0 /  0 /  0
metal9          125828         13150           10.45%             0 /  0 /  0
metal10         125828          7094            5.64%             0 /  0 /  0
---------------------------------------------------------------------------------------
Total          3215350       1013042           31.51%             0 /  0 /  0

[INFO GRT-0018] Total wirelength: 2582464 um
[INFO GRT-0014] Routed nets: 50213
[WARNING GRT-0246] No diode with LEF class CORE ANTENNACELL found.

==========================================================================
global route check_setup
--------------------------------------------------------------------------
Warning: There are 24 unconstrained endpoints.

==========================================================================
global route report_tns
--------------------------------------------------------------------------
tns 0.00

==========================================================================
global route report_wns
--------------------------------------------------------------------------
wns 0.00

==========================================================================
global route report_worst_slack
--------------------------------------------------------------------------
worst slack 2.25

==========================================================================
global route report_clock_skew
--------------------------------------------------------------------------
Clock CLK
Latency      CRPR       Skew
be_mmu/dcache/lce/_22155_/CK ^
   0.25
be_mmu/dcache/tag_mem.macro_mem.mem/clk ^
   0.31      0.00      -0.06


==========================================================================
global route report_checks -path_delay min
--------------------------------------------------------------------------
Startpoint: be_calculator/_17630_
            (rising edge-triggered flip-flop clocked by CLK)
Endpoint: be_calculator/_18001_ (rising edge-triggered flip-flop clocked by CLK)
Path Group: CLK
Path Type: min

Fanout     Cap    Slew   Delay    Time   Description
-----------------------------------------------------------------------------
                          0.00    0.00   clock CLK (rise edge)
                          0.00    0.00   clock source latency
     1   68.98    0.00    0.00    0.00 ^ clk_i (in)
                                         clk_i (net)
                  0.03    0.02    0.02 ^ clkbuf_0_clk_i/A (BUF_X4)
     2   39.53    0.02    0.04    0.07 ^ clkbuf_0_clk_i/Z (BUF_X4)
                                         clknet_0_clk_i (net)
                  0.02    0.01    0.07 ^ clkbuf_1_1_0_clk_i/A (BUF_X4)
     4   46.59    0.03    0.05    0.12 ^ clkbuf_1_1_0_clk_i/Z (BUF_X4)
                                         clknet_1_1_0_clk_i (net)
                  0.03    0.00    0.12 ^ clkbuf_3_5_0_clk_i/A (BUF_X4)
     4   38.19    0.02    0.04    0.17 ^ clkbuf_3_5_0_clk_i/Z (BUF_X4)
                                         clknet_3_5_0_clk_i (net)
                  0.02    0.00    0.17 ^ clkbuf_5_22_0_clk_i/A (BUF_X4)
    10   56.91    0.03    0.05    0.22 ^ clkbuf_5_22_0_clk_i/Z (BUF_X4)
                                         clknet_5_22_0_clk_i (net)
                  0.03    0.01    0.23 ^ clkbuf_leaf_160_clk_i/A (BUF_X4)
    30   38.39    0.02    0.05    0.27 ^ clkbuf_leaf_160_clk_i/Z (BUF_X4)
                                         clknet_leaf_160_clk_i (net)
                  0.02    0.00    0.27 ^ be_calculator/_17630_/CK (DFF_X1)
     1    1.97    0.01    0.09    0.37 ^ be_calculator/_17630_/Q (DFF_X1)
                                         be_calculator/calc_stage_r_1__instr_operands__imm__39_ (net)
                  0.01    0.00    0.37 ^ be_calculator/_18001_/D (DFF_X1)
                                  0.37   data arrival time

                          0.00    0.00   clock CLK (rise edge)
                          0.00    0.00   clock source latency
     1   68.98    0.00    0.00    0.00 ^ clk_i (in)
                                         clk_i (net)
                  0.03    0.02    0.02 ^ clkbuf_0_clk_i/A (BUF_X4)
     2   39.53    0.02    0.04    0.07 ^ clkbuf_0_clk_i/Z (BUF_X4)
                                         clknet_0_clk_i (net)
                  0.02    0.01    0.07 ^ clkbuf_1_1_0_clk_i/A (BUF_X4)
     4   46.59    0.03    0.05    0.12 ^ clkbuf_1_1_0_clk_i/Z (BUF_X4)
                                         clknet_1_1_0_clk_i (net)
                  0.03    0.00    0.12 ^ clkbuf_3_5_0_clk_i/A (BUF_X4)
     4   38.19    0.02    0.04    0.17 ^ clkbuf_3_5_0_clk_i/Z (BUF_X4)
                                         clknet_3_5_0_clk_i (net)
                  0.02    0.00    0.17 ^ clkbuf_5_22_0_clk_i/A (BUF_X4)
    10   56.91    0.03    0.05    0.22 ^ clkbuf_5_22_0_clk_i/Z (BUF_X4)
                                         clknet_5_22_0_clk_i (net)
                  0.03    0.01    0.23 ^ clkbuf_leaf_159_clk_i/A (BUF_X4)
    30   95.43    0.05    0.08    0.30 ^ clkbuf_leaf_159_clk_i/Z (BUF_X4)
                                         clknet_leaf_159_clk_i (net)
                  0.05    0.00    0.31 ^ be_calculator/_18001_/CK (DFF_X1)
                          0.00    0.31   clock reconvergence pessimism
                          0.02    0.32   library hold time
                                  0.32   data required time
-----------------------------------------------------------------------------
                                  0.32   data required time
                                 -0.37   data arrival time
-----------------------------------------------------------------------------
                                  0.04   slack (MET)



==========================================================================
global route report_checks -path_delay max
--------------------------------------------------------------------------
Startpoint: be_calculator/_17203_
            (rising edge-triggered flip-flop clocked by CLK)
Endpoint: fe_queue_ready_o (output port clocked by CLK)
Path Group: CLK
Path Type: max

Fanout     Cap    Slew   Delay    Time   Description
-----------------------------------------------------------------------------
                          0.00    0.00   clock CLK (rise edge)
                          0.00    0.00   clock source latency
     1   68.98    0.00    0.00    0.00 ^ clk_i (in)
                                         clk_i (net)
                  0.03    0.02    0.02 ^ clkbuf_0_clk_i/A (BUF_X4)
     2   39.53    0.02    0.04    0.07 ^ clkbuf_0_clk_i/Z (BUF_X4)
                                         clknet_0_clk_i (net)
                  0.02    0.01    0.07 ^ clkbuf_1_1_0_clk_i/A (BUF_X4)
     4   46.59    0.03    0.05    0.12 ^ clkbuf_1_1_0_clk_i/Z (BUF_X4)
                                         clknet_1_1_0_clk_i (net)
                  0.03    0.00    0.12 ^ clkbuf_3_4_0_clk_i/A (BUF_X4)
     4   40.87    0.02    0.04    0.17 ^ clkbuf_3_4_0_clk_i/Z (BUF_X4)
                                         clknet_3_4_0_clk_i (net)
                  0.03    0.00    0.17 ^ clkbuf_5_16_0_clk_i/A (BUF_X4)
    11   58.14    0.03    0.05    0.23 ^ clkbuf_5_16_0_clk_i/Z (BUF_X4)
                                         clknet_5_16_0_clk_i (net)
                  0.03    0.00    0.23 ^ clkbuf_leaf_221_clk_i/A (BUF_X4)
    30   38.92    0.02    0.05    0.27 ^ clkbuf_leaf_221_clk_i/Z (BUF_X4)
                                         clknet_leaf_221_clk_i (net)
                  0.02    0.00    0.27 ^ be_calculator/_17203_/CK (DFF_X2)
    10   48.69    0.05    0.17    0.44 ^ be_calculator/_17203_/Q (DFF_X2)
                                         be_calculator/pipe_int.N1 (net)
                  0.05    0.00    0.44 ^ max_cap4018/A (BUF_X16)
    27  103.62    0.01    0.03    0.47 ^ max_cap4018/Z (BUF_X16)
                                         net4018 (net)
                  0.04    0.03    0.51 ^ max_cap4017/A (BUF_X16)
    25  102.27    0.02    0.04    0.55 ^ max_cap4017/Z (BUF_X16)
                                         net4017 (net)
                  0.02    0.01    0.56 ^ be_calculator/_10029_/S (MUX2_X2)
    16   72.56    0.04    0.12    0.68 v be_calculator/_10029_/Z (MUX2_X2)
                                         be_calculator/_00467_ (net)
                  0.04    0.00    0.68 v max_cap3814/A (BUF_X16)
    23   68.82    0.01    0.04    0.72 v max_cap3814/Z (BUF_X16)
                                         net3814 (net)
                  0.01    0.01    0.73 v max_cap3813/A (BUF_X16)
    34  102.83    0.01    0.03    0.76 v max_cap3813/Z (BUF_X16)
                                         net3813 (net)
                  0.01    0.01    0.77 v be_calculator/_16554_/B (HA_X1)
     6   13.68    0.03    0.08    0.85 v be_calculator/_16554_/S (HA_X1)
                                         be_calculator/_08797_ (net)
                  0.03    0.00    0.85 v be_calculator/_10601_/A2 (NOR4_X2)
     1    6.28    0.06    0.09    0.93 ^ be_calculator/_10601_/ZN (NOR4_X2)
                                         be_calculator/_00837_ (net)
                  0.06    0.00    0.93 ^ be_calculator/_10602_/A4 (NAND4_X4)
     1   13.08    0.03    0.04    0.98 v be_calculator/_10602_/ZN (NAND4_X4)
                                         be_calculator/_00838_ (net)
                  0.03    0.00    0.98 v be_calculator/_10603_/A4 (NOR4_X2)
     4    8.07    0.06    0.11    1.09 ^ be_calculator/_10603_/ZN (NOR4_X2)
                                         be_calculator/_00839_ (net)
                  0.06    0.00    1.09 ^ be_calculator/_10615_/A (AOI21_X1)
     1    2.70    0.03    0.02    1.11 v be_calculator/_10615_/ZN (AOI21_X1)
                                         be_calculator/_00851_ (net)
                  0.03    0.00    1.11 v be_calculator/_10616_/B (XNOR2_X1)
     1    1.56    0.01    0.05    1.16 v be_calculator/_10616_/ZN (XNOR2_X1)
                                         be_calculator/_00852_ (net)
                  0.01    0.00    1.16 v be_calculator/_10617_/B1 (OAI21_X1)
     1    1.85    0.02    0.03    1.19 ^ be_calculator/_10617_/ZN (OAI21_X1)
                                         be_calculator/_00853_ (net)
                  0.02    0.00    1.19 ^ be_calculator/_10619_/B1 (AOI22_X1)
     1    1.66    0.02    0.02    1.21 v be_calculator/_10619_/ZN (AOI22_X1)
                                         be_calculator/_00855_ (net)
                  0.02    0.00    1.21 v be_calculator/_10738_/B (MUX2_X1)
     1    7.93    0.02    0.08    1.29 v be_calculator/_10738_/Z (MUX2_X1)
                                         be_calculator/_00974_ (net)
                  0.02    0.00    1.29 v be_calculator/_10854_/A2 (NAND3_X2)
     1    7.95    0.02    0.03    1.32 ^ be_calculator/_10854_/ZN (NAND3_X2)
                                         be_calculator/_01089_ (net)
                  0.02    0.00    1.32 ^ be_calculator/_10891_/A1 (NAND3_X4)
     4   24.25    0.02    0.03    1.35 v be_calculator/_10891_/ZN (NAND3_X4)
                                         be_calculator/_01126_ (net)
                  0.02    0.00    1.35 v be_calculator/_14227_/B2 (OAI21_X4)
    35  101.14    0.11    0.12    1.47 ^ be_calculator/_14227_/ZN (OAI21_X4)
                                         be_checker.calc_status_i[120] (net)
                  0.13    0.04    1.52 ^ _1951_/A1 (NAND2_X4)
    41  106.85    0.07    0.10    1.61 v _1951_/ZN (NAND2_X4)
                                         _0269_ (net)
                  0.07    0.01    1.63 v _2479_/S (MUX2_X1)
     3    6.07    0.02    0.08    1.71 ^ _2479_/Z (MUX2_X1)
                                         _0797_ (net)
                  0.02    0.00    1.71 ^ _2545_/B2 (OAI22_X1)
     1    3.76    0.01    0.03    1.74 v _2545_/ZN (OAI22_X1)
                                         _0863_ (net)
                  0.01    0.00    1.74 v _2546_/A4 (OR4_X1)
     1    3.95    0.02    0.13    1.87 v _2546_/ZN (OR4_X1)
                                         _0864_ (net)
                  0.02    0.00    1.87 v _2547_/A4 (NOR4_X1)
     1    3.65    0.06    0.10    1.97 ^ _2547_/ZN (NOR4_X1)
                                         _0865_ (net)
                  0.06    0.00    1.97 ^ _2593_/A2 (NAND4_X2)
     1    6.80    0.03    0.05    2.02 v _2593_/ZN (NAND4_X2)
                                         _0911_ (net)
                  0.03    0.00    2.02 v _2594_/A4 (NOR4_X4)
    10   32.90    0.10    0.16    2.18 ^ _2594_/ZN (NOR4_X4)
                                         _0912_ (net)
                  0.10    0.00    2.18 ^ max_cap3006/A (BUF_X4)
    16   39.48    0.02    0.05    2.23 ^ max_cap3006/Z (BUF_X4)
                                         net3006 (net)
                  0.02    0.00    2.23 ^ max_cap3005/A (BUF_X8)
    20   41.37    0.01    0.03    2.26 ^ max_cap3005/Z (BUF_X8)
                                         net3005 (net)
                  0.01    0.00    2.27 ^ max_cap3004/A (BUF_X4)
    15   42.29    0.02    0.04    2.31 ^ max_cap3004/Z (BUF_X4)
                                         net3004 (net)
                  0.02    0.00    2.31 ^ _2596_/A2 (OR2_X4)
     7   29.27    0.02    0.04    2.35 ^ _2596_/ZN (OR2_X4)
                                         _0914_ (net)
                  0.02    0.01    2.36 ^ _3076_/A1 (NAND2_X1)
     2    4.98    0.02    0.02    2.38 v _3076_/ZN (NAND2_X1)
                                         be_checker.chk_poison_isd_o (net)
                  0.02    0.00    2.38 v be_calculator/_14220_/A2 (NOR3_X2)
     1    8.15    0.04    0.07    2.45 ^ be_calculator/_14220_/ZN (NOR3_X2)
                                         be_checker.issue_pkt_ready_i (net)
                  0.04    0.00    2.45 ^ _1580_/A1 (NAND2_X4)
     6   29.95    0.02    0.03    2.49 v _1580_/ZN (NAND2_X4)
                                         _0117_ (net)
                  0.02    0.00    2.49 v _1581_/A (INV_X8)
    14   64.35    0.02    0.03    2.52 ^ _1581_/ZN (INV_X8)
                                         net1836 (net)
                  0.02    0.00    2.52 ^ output1836/A (BUF_X1)
     1    2.27    0.01    0.03    2.55 ^ output1836/Z (BUF_X1)
                                         fe_queue_ready_o (net)
                  0.01    0.00    2.55 ^ fe_queue_ready_o (out)
                                  2.55   data arrival time

                          5.40    5.40   clock CLK (rise edge)
                          0.00    5.40   clock network delay (propagated)
                          0.00    5.40   clock reconvergence pessimism
                         -0.60    4.80   output external delay
                                  4.80   data required time
-----------------------------------------------------------------------------
                                  4.80   data required time
                                 -2.55   data arrival time
-----------------------------------------------------------------------------
                                  2.25   slack (MET)



==========================================================================
global route report_checks -unconstrained
--------------------------------------------------------------------------
Startpoint: be_calculator/_17203_
            (rising edge-triggered flip-flop clocked by CLK)
Endpoint: fe_queue_ready_o (output port clocked by CLK)
Path Group: CLK
Path Type: max

Fanout     Cap    Slew   Delay    Time   Description
-----------------------------------------------------------------------------
                          0.00    0.00   clock CLK (rise edge)
                          0.00    0.00   clock source latency
     1   68.98    0.00    0.00    0.00 ^ clk_i (in)
                                         clk_i (net)
                  0.03    0.02    0.02 ^ clkbuf_0_clk_i/A (BUF_X4)
     2   39.53    0.02    0.04    0.07 ^ clkbuf_0_clk_i/Z (BUF_X4)
                                         clknet_0_clk_i (net)
                  0.02    0.01    0.07 ^ clkbuf_1_1_0_clk_i/A (BUF_X4)
     4   46.59    0.03    0.05    0.12 ^ clkbuf_1_1_0_clk_i/Z (BUF_X4)
                                         clknet_1_1_0_clk_i (net)
                  0.03    0.00    0.12 ^ clkbuf_3_4_0_clk_i/A (BUF_X4)
     4   40.87    0.02    0.04    0.17 ^ clkbuf_3_4_0_clk_i/Z (BUF_X4)
                                         clknet_3_4_0_clk_i (net)
                  0.03    0.00    0.17 ^ clkbuf_5_16_0_clk_i/A (BUF_X4)
    11   58.14    0.03    0.05    0.23 ^ clkbuf_5_16_0_clk_i/Z (BUF_X4)
                                         clknet_5_16_0_clk_i (net)
                  0.03    0.00    0.23 ^ clkbuf_leaf_221_clk_i/A (BUF_X4)
    30   38.92    0.02    0.05    0.27 ^ clkbuf_leaf_221_clk_i/Z (BUF_X4)
                                         clknet_leaf_221_clk_i (net)
                  0.02    0.00    0.27 ^ be_calculator/_17203_/CK (DFF_X2)
    10   48.69    0.05    0.17    0.44 ^ be_calculator/_17203_/Q (DFF_X2)
                                         be_calculator/pipe_int.N1 (net)
                  0.05    0.00    0.44 ^ max_cap4018/A (BUF_X16)
    27  103.62    0.01    0.03    0.47 ^ max_cap4018/Z (BUF_X16)
                                         net4018 (net)
                  0.04    0.03    0.51 ^ max_cap4017/A (BUF_X16)
    25  102.27    0.02    0.04    0.55 ^ max_cap4017/Z (BUF_X16)
                                         net4017 (net)
                  0.02    0.01    0.56 ^ be_calculator/_10029_/S (MUX2_X2)
    16   72.56    0.04    0.12    0.68 v be_calculator/_10029_/Z (MUX2_X2)
                                         be_calculator/_00467_ (net)
                  0.04    0.00    0.68 v max_cap3814/A (BUF_X16)
    23   68.82    0.01    0.04    0.72 v max_cap3814/Z (BUF_X16)
                                         net3814 (net)
                  0.01    0.01    0.73 v max_cap3813/A (BUF_X16)
    34  102.83    0.01    0.03    0.76 v max_cap3813/Z (BUF_X16)
                                         net3813 (net)
                  0.01    0.01    0.77 v be_calculator/_16554_/B (HA_X1)
     6   13.68    0.03    0.08    0.85 v be_calculator/_16554_/S (HA_X1)
                                         be_calculator/_08797_ (net)
                  0.03    0.00    0.85 v be_calculator/_10601_/A2 (NOR4_X2)
     1    6.28    0.06    0.09    0.93 ^ be_calculator/_10601_/ZN (NOR4_X2)
                                         be_calculator/_00837_ (net)
                  0.06    0.00    0.93 ^ be_calculator/_10602_/A4 (NAND4_X4)
     1   13.08    0.03    0.04    0.98 v be_calculator/_10602_/ZN (NAND4_X4)
                                         be_calculator/_00838_ (net)
                  0.03    0.00    0.98 v be_calculator/_10603_/A4 (NOR4_X2)
     4    8.07    0.06    0.11    1.09 ^ be_calculator/_10603_/ZN (NOR4_X2)
                                         be_calculator/_00839_ (net)
                  0.06    0.00    1.09 ^ be_calculator/_10615_/A (AOI21_X1)
     1    2.70    0.03    0.02    1.11 v be_calculator/_10615_/ZN (AOI21_X1)
                                         be_calculator/_00851_ (net)
                  0.03    0.00    1.11 v be_calculator/_10616_/B (XNOR2_X1)
     1    1.56    0.01    0.05    1.16 v be_calculator/_10616_/ZN (XNOR2_X1)
                                         be_calculator/_00852_ (net)
                  0.01    0.00    1.16 v be_calculator/_10617_/B1 (OAI21_X1)
     1    1.85    0.02    0.03    1.19 ^ be_calculator/_10617_/ZN (OAI21_X1)
                                         be_calculator/_00853_ (net)
                  0.02    0.00    1.19 ^ be_calculator/_10619_/B1 (AOI22_X1)
     1    1.66    0.02    0.02    1.21 v be_calculator/_10619_/ZN (AOI22_X1)
                                         be_calculator/_00855_ (net)
                  0.02    0.00    1.21 v be_calculator/_10738_/B (MUX2_X1)
     1    7.93    0.02    0.08    1.29 v be_calculator/_10738_/Z (MUX2_X1)
                                         be_calculator/_00974_ (net)
                  0.02    0.00    1.29 v be_calculator/_10854_/A2 (NAND3_X2)
     1    7.95    0.02    0.03    1.32 ^ be_calculator/_10854_/ZN (NAND3_X2)
                                         be_calculator/_01089_ (net)
                  0.02    0.00    1.32 ^ be_calculator/_10891_/A1 (NAND3_X4)
     4   24.25    0.02    0.03    1.35 v be_calculator/_10891_/ZN (NAND3_X4)
                                         be_calculator/_01126_ (net)
                  0.02    0.00    1.35 v be_calculator/_14227_/B2 (OAI21_X4)
    35  101.14    0.11    0.12    1.47 ^ be_calculator/_14227_/ZN (OAI21_X4)
                                         be_checker.calc_status_i[120] (net)
                  0.13    0.04    1.52 ^ _1951_/A1 (NAND2_X4)
    41  106.85    0.07    0.10    1.61 v _1951_/ZN (NAND2_X4)
                                         _0269_ (net)
                  0.07    0.01    1.63 v _2479_/S (MUX2_X1)
     3    6.07    0.02    0.08    1.71 ^ _2479_/Z (MUX2_X1)
                                         _0797_ (net)
                  0.02    0.00    1.71 ^ _2545_/B2 (OAI22_X1)
     1    3.76    0.01    0.03    1.74 v _2545_/ZN (OAI22_X1)
                                         _0863_ (net)
                  0.01    0.00    1.74 v _2546_/A4 (OR4_X1)
     1    3.95    0.02    0.13    1.87 v _2546_/ZN (OR4_X1)
                                         _0864_ (net)
                  0.02    0.00    1.87 v _2547_/A4 (NOR4_X1)
     1    3.65    0.06    0.10    1.97 ^ _2547_/ZN (NOR4_X1)
                                         _0865_ (net)
                  0.06    0.00    1.97 ^ _2593_/A2 (NAND4_X2)
     1    6.80    0.03    0.05    2.02 v _2593_/ZN (NAND4_X2)
                                         _0911_ (net)
                  0.03    0.00    2.02 v _2594_/A4 (NOR4_X4)
    10   32.90    0.10    0.16    2.18 ^ _2594_/ZN (NOR4_X4)
                                         _0912_ (net)
                  0.10    0.00    2.18 ^ max_cap3006/A (BUF_X4)
    16   39.48    0.02    0.05    2.23 ^ max_cap3006/Z (BUF_X4)
                                         net3006 (net)
                  0.02    0.00    2.23 ^ max_cap3005/A (BUF_X8)
    20   41.37    0.01    0.03    2.26 ^ max_cap3005/Z (BUF_X8)
                                         net3005 (net)
                  0.01    0.00    2.27 ^ max_cap3004/A (BUF_X4)
    15   42.29    0.02    0.04    2.31 ^ max_cap3004/Z (BUF_X4)
                                         net3004 (net)
                  0.02    0.00    2.31 ^ _2596_/A2 (OR2_X4)
     7   29.27    0.02    0.04    2.35 ^ _2596_/ZN (OR2_X4)
                                         _0914_ (net)
                  0.02    0.01    2.36 ^ _3076_/A1 (NAND2_X1)
     2    4.98    0.02    0.02    2.38 v _3076_/ZN (NAND2_X1)
                                         be_checker.chk_poison_isd_o (net)
                  0.02    0.00    2.38 v be_calculator/_14220_/A2 (NOR3_X2)
     1    8.15    0.04    0.07    2.45 ^ be_calculator/_14220_/ZN (NOR3_X2)
                                         be_checker.issue_pkt_ready_i (net)
                  0.04    0.00    2.45 ^ _1580_/A1 (NAND2_X4)
     6   29.95    0.02    0.03    2.49 v _1580_/ZN (NAND2_X4)
                                         _0117_ (net)
                  0.02    0.00    2.49 v _1581_/A (INV_X8)
    14   64.35    0.02    0.03    2.52 ^ _1581_/ZN (INV_X8)
                                         net1836 (net)
                  0.02    0.00    2.52 ^ output1836/A (BUF_X1)
     1    2.27    0.01    0.03    2.55 ^ output1836/Z (BUF_X1)
                                         fe_queue_ready_o (net)
                  0.01    0.00    2.55 ^ fe_queue_ready_o (out)
                                  2.55   data arrival time

                          5.40    5.40   clock CLK (rise edge)
                          0.00    5.40   clock network delay (propagated)
                          0.00    5.40   clock reconvergence pessimism
                         -0.60    4.80   output external delay
                                  4.80   data required time
-----------------------------------------------------------------------------
                                  4.80   data required time
                                 -2.55   data arrival time
-----------------------------------------------------------------------------
                                  2.25   slack (MET)



==========================================================================
global route report_check_types -max_slew -max_cap -max_fanout -violators
--------------------------------------------------------------------------
max capacitance

Pin                                    Limit     Cap   Slack
------------------------------------------------------------
be_calculator/int_regfile/rf/synth/_10491_/ZN   41.50   46.81   -5.30 (VIOLATED)
be_calculator/_17084_/QN              120.54  125.04   -4.50 (VIOLATED)
be_mmu/dcache/_25580_/Q               121.15  125.23   -4.08 (VIOLATED)
be_calculator/_12590_/ZN               27.62   31.38   -3.76 (VIOLATED)
be_mmu/dcache/_12938_/ZN              101.01  104.28   -3.27 (VIOLATED)
be_mmu/dcache/_25224_/S                25.25   27.73   -2.47 (VIOLATED)
be_calculator/_12233_/ZN               27.62   29.97   -2.35 (VIOLATED)
be_mmu/dcache/_25579_/Q               121.15  123.33   -2.17 (VIOLATED)
be_mmu/dcache/_19953_/ZN               27.62   29.68   -2.06 (VIOLATED)
be_mmu/dcache/_13471_/ZN               27.62   29.53   -1.91 (VIOLATED)
be_calculator/int_regfile/rf/synth/_10450_/ZN   41.50   43.34   -1.84 (VIOLATED)
be_calculator/int_regfile/rf/synth/_10385_/ZN  106.81  108.17   -1.36 (VIOLATED)
be_calculator/_11617_/ZN               25.63   26.45   -0.81 (VIOLATED)
be_calculator/_17214_/Q               121.15  121.93   -0.77 (VIOLATED)
be_mmu/dcache/_13658_/ZN               11.48   12.24   -0.76 (VIOLATED)
be_calculator/int_regfile/rf/synth/_10800_/ZN  106.81  107.55   -0.73 (VIOLATED)
be_mmu/dcache/_17820_/ZN              104.07  104.77   -0.70 (VIOLATED)
be_mmu/dcache/_18277_/ZN               25.63   26.24   -0.61 (VIOLATED)
be_calculator/int_regfile/rf/synth/_13525_/ZN   41.50   42.02   -0.52 (VIOLATED)
be_calculator/_16658_/S                25.25   25.62   -0.36 (VIOLATED)
be_mmu/dcache/_20050_/ZN               27.62   27.95   -0.33 (VIOLATED)
be_calculator/_16748_/S                25.25   25.43   -0.18 (VIOLATED)
be_mmu/dcache/_18280_/ZN               25.63   25.81   -0.17 (VIOLATED)
be_mmu/dcache/_18271_/ZN               25.63   25.65   -0.02 (VIOLATED)


==========================================================================
global route max_slew_check_slack
--------------------------------------------------------------------------
0.038481760770082474

==========================================================================
global route max_slew_check_limit
--------------------------------------------------------------------------
0.1985349953174591

==========================================================================
global route max_slew_check_slack_limit
--------------------------------------------------------------------------
0.1938

==========================================================================
global route max_fanout_check_slack
--------------------------------------------------------------------------
1.0000000150474662e+30

==========================================================================
global route max_fanout_check_limit
--------------------------------------------------------------------------
1.0000000150474662e+30

==========================================================================
global route max_capacitance_check_slack
--------------------------------------------------------------------------
-5.302093982696533

==========================================================================
global route max_capacitance_check_limit
--------------------------------------------------------------------------
41.50389862060547

==========================================================================
global route max_capacitance_check_slack_limit
--------------------------------------------------------------------------
-0.1277

==========================================================================
global route max_slew_violation_count
--------------------------------------------------------------------------
max slew violation count 0

==========================================================================
global route max_fanout_violation_count
--------------------------------------------------------------------------
max fanout violation count 0

==========================================================================
global route max_cap_violation_count
--------------------------------------------------------------------------
max cap violation count 24

==========================================================================
global route setup_violation_count
--------------------------------------------------------------------------
setup violation count 0

==========================================================================
global route hold_violation_count
--------------------------------------------------------------------------
hold violation count 0

==========================================================================
global route critical path delay
--------------------------------------------------------------------------
2.5502

==========================================================================
global route critical path slack
--------------------------------------------------------------------------
2.2498

==========================================================================
global route slack div critical path delay
--------------------------------------------------------------------------
88.220532

==========================================================================
global route report_power
--------------------------------------------------------------------------
Group                  Internal  Switching    Leakage      Total
                          Power      Power      Power      Power (Watts)
----------------------------------------------------------------
Sequential             1.30e-02   2.10e-03   7.18e-04   1.58e-02  21.4%
Combinational          1.21e-02   1.72e-02   1.79e-03   3.11e-02  42.0%
Macro                  2.01e-02   2.79e-04   6.81e-03   2.72e-02  36.6%
Pad                    0.00e+00   0.00e+00   0.00e+00   0.00e+00   0.0%
----------------------------------------------------------------
Total                  4.52e-02   1.96e-02   9.32e-03   7.41e-02 100.0%
                          60.9%      26.5%      12.6%

==========================================================================
global route report_design_area
--------------------------------------------------------------------------
Design area 249999 u^2 47% utilization.


==========================================================================
check_antennas
--------------------------------------------------------------------------
[WARNING ANT-0011] -report_violating_nets is deprecated.
[INFO GRT-0043] No OR_DEFAULT vias defined.
[INFO ANT-0002] Found 0 net violations.
[INFO ANT-0001] Found 0 pin violations.
[INFO FLW-0007] clock CLK period 5.400000
[INFO FLW-0008] Clock CLK period 2.993
[INFO FLW-0009] Clock CLK slack 2.250
[INFO FLW-0011] Path endpoint count 19832
Elapsed time: 0:23.14[h:]min:sec. CPU time: user 22.82 sys 0.31 (99%). Peak memory: 1027968KB.
