OpenROAD v2.0-11432-gead3236e5 
This program is licensed under the BSD-3 license. See the LICENSE file for details.
Components of this program may be licensed under more restrictive licenses which must be honored.
global_placement -density 0.60 -pad_left 2 -pad_right 2 -routability_driven -timing_driven
[INFO GPL-0002] DBU: 1000
[INFO GPL-0003] SiteSize: 54 270
[INFO GPL-0004] CoreAreaLxLy: 2052 2160
[INFO GPL-0005] CoreAreaUxUy: 147960 147960
[INFO GPL-0006] NumInstances: 55442
[INFO GPL-0007] NumPlaceInstances: 53007
[INFO GPL-0008] NumFixedInstances: 2435
[INFO GPL-0009] NumDummyInstances: 0
[INFO GPL-0010] NumNets: 65368
[INFO GPL-0011] NumPins: 174727
[INFO GPL-0012] DieAreaLxLy: 0 0
[INFO GPL-0013] DieAreaUxUy: 149979 149979
[INFO GPL-0014] CoreAreaLxLy: 2052 2160
[INFO GPL-0015] CoreAreaUxUy: 147960 147960
[INFO GPL-0016] CoreArea: 21273386400
[INFO GPL-0017] NonPlaceInstsArea: 71004600
[INFO GPL-0018] PlaceInstsArea: 9325295100
[INFO GPL-0019] Util(%): 43.98
[INFO GPL-0020] StdInstsArea: 9325295100
[INFO GPL-0021] MacroInstsArea: 0
[InitialPlace]  Iter: 1 CG residual: 0.00458134 HPWL: 178022664
[InitialPlace]  Iter: 2 CG residual: 0.00292541 HPWL: 68929173
[InitialPlace]  Iter: 3 CG residual: 0.00112959 HPWL: 68866407
[InitialPlace]  Iter: 4 CG residual: 0.00128141 HPWL: 68895077
[InitialPlace]  Iter: 5 CG residual: 0.00016592 HPWL: 69079300
[InitialPlace]  Iter: 6 CG residual: 0.00020126 HPWL: 68814496
[InitialPlace]  Iter: 7 CG residual: 0.00015525 HPWL: 68694474
[InitialPlace]  Iter: 8 CG residual: 0.00019550 HPWL: 68746876
[InitialPlace]  Iter: 9 CG residual: 0.00015623 HPWL: 68659874
[InitialPlace]  Iter: 10 CG residual: 0.00016684 HPWL: 68722587
[InitialPlace]  Iter: 11 CG residual: 0.00016222 HPWL: 68606988
[InitialPlace]  Iter: 12 CG residual: 0.00016265 HPWL: 68689742
[InitialPlace]  Iter: 13 CG residual: 0.00016759 HPWL: 68565583
[InitialPlace]  Iter: 14 CG residual: 0.00014763 HPWL: 68664627
[InitialPlace]  Iter: 15 CG residual: 0.00029896 HPWL: 68536661
[InitialPlace]  Iter: 16 CG residual: 0.00016529 HPWL: 68635243
[InitialPlace]  Iter: 17 CG residual: 0.00014214 HPWL: 68598157
[InitialPlace]  Iter: 18 CG residual: 0.00014289 HPWL: 68548461
[InitialPlace]  Iter: 19 CG residual: 0.00016398 HPWL: 68540733
[InitialPlace]  Iter: 20 CG residual: 0.00013239 HPWL: 68537625
[INFO GPL-0031] FillerInit: NumGCells: 72972
[INFO GPL-0032] FillerInit: NumGNets: 65368
[INFO GPL-0033] FillerInit: NumGPins: 174727
[INFO GPL-0023] TargetDensity: 0.60
[INFO GPL-0024] AveragePlaceInstArea: 175925
[INFO GPL-0025] IdealBinArea: 293208
[INFO GPL-0026] IdealBinCnt: 72553
[INFO GPL-0027] TotalBinArea: 21273386400
[INFO GPL-0028] BinCnt: 256 256
[INFO GPL-0029] BinSize: 570 570
[INFO GPL-0030] NumBins: 65536
[NesterovSolve] Iter: 1 overflow: 0.973523 HPWL: 41253537
[NesterovSolve] Iter: 10 overflow: 0.973501 HPWL: 14979117
[NesterovSolve] Iter: 20 overflow: 0.972358 HPWL: 14374353
[NesterovSolve] Iter: 30 overflow: 0.972177 HPWL: 14352612
[NesterovSolve] Iter: 40 overflow: 0.971885 HPWL: 14354721
[NesterovSolve] Iter: 50 overflow: 0.971409 HPWL: 14311304
[NesterovSolve] Iter: 60 overflow: 0.970823 HPWL: 14249260
[NesterovSolve] Iter: 70 overflow: 0.970094 HPWL: 14283224
[NesterovSolve] Iter: 80 overflow: 0.969333 HPWL: 14487293
[NesterovSolve] Iter: 90 overflow: 0.968535 HPWL: 14943087
[NesterovSolve] Iter: 100 overflow: 0.968001 HPWL: 15767789
[NesterovSolve] Iter: 110 overflow: 0.96709 HPWL: 17058291
[NesterovSolve] Iter: 120 overflow: 0.966026 HPWL: 18832230
[NesterovSolve] Iter: 130 overflow: 0.964617 HPWL: 21076111
[NesterovSolve] Iter: 140 overflow: 0.962259 HPWL: 23845194
[NesterovSolve] Iter: 150 overflow: 0.958359 HPWL: 27279804
[NesterovSolve] Iter: 160 overflow: 0.950975 HPWL: 31546243
[NesterovSolve] Iter: 170 overflow: 0.939225 HPWL: 36839216
[NesterovSolve] Iter: 180 overflow: 0.920733 HPWL: 43430764
[NesterovSolve] Iter: 190 overflow: 0.895472 HPWL: 51707260
[NesterovSolve] Iter: 200 overflow: 0.860578 HPWL: 62004665
[NesterovSolve] Iter: 210 overflow: 0.81726 HPWL: 74314614
[INFO GPL-0100] worst slack -2.23e-10
[INFO GPL-0103] Weighted 6536 nets.
[NesterovSolve] Iter: 220 overflow: 0.77423 HPWL: 86413452
[NesterovSolve] Iter: 230 overflow: 0.731809 HPWL: 93234313
[NesterovSolve] Iter: 240 overflow: 0.692363 HPWL: 98473216
[NesterovSolve] Iter: 250 overflow: 0.656737 HPWL: 105172882
[INFO GPL-0100] worst slack -1.73e-10
[INFO GPL-0103] Weighted 6535 nets.
[NesterovSolve] Iter: 260 overflow: 0.625673 HPWL: 110768691
[NesterovSolve] Snapshot saved at iter = 268
[NesterovSolve] Iter: 270 overflow: 0.595772 HPWL: 111563889
[NesterovSolve] Iter: 280 overflow: 0.563913 HPWL: 114384360
[NesterovSolve] Iter: 290 overflow: 0.530121 HPWL: 120042080
[NesterovSolve] Iter: 300 overflow: 0.504934 HPWL: 120791790
[INFO GPL-0100] worst slack -2.02e-10
[INFO GPL-0103] Weighted 6536 nets.
[NesterovSolve] Iter: 310 overflow: 0.478773 HPWL: 119039698
[NesterovSolve] Iter: 320 overflow: 0.446879 HPWL: 120005236
[NesterovSolve] Iter: 330 overflow: 0.409615 HPWL: 120932551
[NesterovSolve] Iter: 340 overflow: 0.373851 HPWL: 123096735
[NesterovSolve] Iter: 350 overflow: 0.340829 HPWL: 121391247
[NesterovSolve] Iter: 360 overflow: 0.313294 HPWL: 120299074
[NesterovSolve] Iter: 370 overflow: 0.285502 HPWL: 119734151
[INFO GPL-0100] worst slack -1.78e-10
[INFO GPL-0103] Weighted 6536 nets.
[NesterovSolve] Iter: 380 overflow: 0.261106 HPWL: 119555491
[NesterovSolve] Iter: 390 overflow: 0.235548 HPWL: 119501837
[NesterovSolve] Iter: 400 overflow: 0.211885 HPWL: 119597102
[INFO GPL-0100] worst slack -1.62e-10
[INFO GPL-0103] Weighted 6536 nets.
[INFO GPL-0075] Routability numCall: 1 inflationIterCnt: 1 bloatIterCnt: 0
[INFO GPL-0036] TileLxLy: 0 0
[INFO GPL-0037] TileSize: 540 540
[INFO GPL-0038] TileCnt: 277 277
[INFO GPL-0039] numRoutingLayers: 10
[INFO GPL-0040] NumTiles: 76729
[INFO GPL-0063] TotalRouteOverflowH2: 0.0
[INFO GPL-0064] TotalRouteOverflowV2: 0.0
[INFO GPL-0065] OverflowTileCnt2: 0
[INFO GPL-0066] 0.5%RC: 1.0
[INFO GPL-0067] 1.0%RC: 1.0
[INFO GPL-0068] 2.0%RC: 1.0
[INFO GPL-0069] 5.0%RC: 0.964393988600838
[INFO GPL-0070] 0.5rcK: 1.0
[INFO GPL-0071] 1.0rcK: 1.0
[INFO GPL-0072] 2.0rcK: 0.0
[INFO GPL-0073] 5.0rcK: 0.0
[INFO GPL-0074] FinalRC: 1.0
[NesterovSolve] Iter: 410 overflow: 0.190174 HPWL: 119785926
[NesterovSolve] Iter: 420 overflow: 0.169926 HPWL: 120079934
[NesterovSolve] Iter: 430 overflow: 0.15068 HPWL: 120426581
[INFO GPL-0100] worst slack -2.28e-10
[INFO GPL-0103] Weighted 6536 nets.
[NesterovSolve] Iter: 440 overflow: 0.132082 HPWL: 120794938
[NesterovSolve] Iter: 450 overflow: 0.115815 HPWL: 121187665
[NesterovSolve] Iter: 460 overflow: 0.0999187 HPWL: 121559100
[NesterovSolve] Finished with Overflow: 0.099919
Warning: There is 1 unconstrained endpoint.

==========================================================================
global place report_design_area
--------------------------------------------------------------------------
Design area 6305 u^2 30% utilization.
Elapsed time: 1:39.65[h:]min:sec. CPU time: user 118.94 sys 0.27 (119%). Peak memory: 849084KB.
