OpenROAD v2.0-11432-gead3236e5 
This program is licensed under the BSD-3 license. See the LICENSE file for details.
Components of this program may be licensed under more restrictive licenses which must be honored.
Placement Analysis
---------------------------------
total displacement      10531.7 u
average displacement        0.2 u
max displacement            1.2 u
original HPWL          137629.1 u
legalized HPWL         146633.7 u
delta HPWL                    7 %

Detailed placement improvement.
Importing netlist into detailed improver.
[INFO DPO-0100] Creating network with 56028 cells, 47 terminals, 65954 edges and 175835 pins.
[INFO DPO-0109] Network stats: inst 56075, edges 65954, pins 175835
[INFO DPO-0110] Number of regions is 1
[INFO DPO-0401] Setting random seed to 1.
[INFO DPO-0402] Setting maximum displacement 5 1 to 1350 270 units.
[INFO DPO-0320] Collected 2482 fixed cells (excluded terminal_NI).
[INFO DPO-0318] Collected 53593 single height cells.
[INFO DPO-0321] Collected 0 wide cells.
[INFO DPO-0322] Image (2052, 2160) - (147960, 147960)
[INFO DPO-0310] Assigned 53593 cells into segments.  Movement in X-direction is 0.000000, movement in Y-direction is 0.000000.
[INFO DPO-0313] Found 0 cells in wrong regions.
[INFO DPO-0315] Found 0 row alignment problems.
[INFO DPO-0314] Found 0 site alignment problems.
[INFO DPO-0311] Found 0 overlaps between adjacent cells.
[INFO DPO-0312] Found 0 edge spacing violations and 0 padding violations.
[INFO DPO-0303] Running algorithm for independent set matching.
[INFO DPO-0300] Set matching objective is wirelength.
[INFO DPO-0301] Pass   1 of matching; objective is 1.466323e+08.
[INFO DPO-0302] End of matching; objective is 1.465106e+08, improvement is 0.08 percent.
[INFO DPO-0303] Running algorithm for global swaps.
[INFO DPO-0306] Pass   1 of global swaps; hpwl is 1.446672e+08.
[INFO DPO-0306] Pass   2 of global swaps; hpwl is 1.443670e+08.
[INFO DPO-0307] End of global swaps; objective is 1.443670e+08, improvement is 1.46 percent.
[INFO DPO-0303] Running algorithm for vertical swaps.
[INFO DPO-0308] Pass   1 of vertical swaps; hpwl is 1.439364e+08.
[INFO DPO-0309] End of vertical swaps; objective is 1.439364e+08, improvement is 0.30 percent.
[INFO DPO-0303] Running algorithm for reordering.
[INFO DPO-0304] Pass   1 of reordering; objective is 1.437588e+08.
[INFO DPO-0305] End of reordering; objective is 1.437588e+08, improvement is 0.12 percent.
[INFO DPO-0303] Running algorithm for random improvement.
[INFO DPO-0324] Random improver is using displacement generator.
[INFO DPO-0325] Random improver is using hpwl objective.
[INFO DPO-0326] Random improver cost string is (a).
[INFO DPO-0332] End of pass, Generator displacement called 1071860 times.
[INFO DPO-0335] Generator displacement, Cumulative attempts 1071860, swaps 123899, moves 335858 since last reset.
[INFO DPO-0333] End of pass, Objective hpwl, Initial cost 1.434691e+08, Scratch cost 1.423627e+08, Incremental cost 1.423627e+08, Mismatch? N
[INFO DPO-0338] End of pass, Total cost is 1.423627e+08.
[INFO DPO-0327] Pass   1 of random improver; improvement in cost is 0.77 percent.
[INFO DPO-0328] End of random improver; improvement is 0.771179 percent.
[INFO DPO-0380] Cell flipping.
[INFO DPO-0382] Changed 27042 cell orientations for row compatibility.
[INFO DPO-0383] Performed 19752 cell flips.
[INFO DPO-0384] End of flipping; objective is 1.397550e+08, improvement is 2.03 percent.
[INFO DPO-0313] Found 0 cells in wrong regions.
[INFO DPO-0315] Found 0 row alignment problems.
[INFO DPO-0314] Found 0 site alignment problems.
[INFO DPO-0311] Found 0 overlaps between adjacent cells.
[INFO DPO-0312] Found 0 edge spacing violations and 0 padding violations.
Detailed Improvement Results
------------------------------------------
Original HPWL           146633.7 u
Final HPWL              139336.8 u
Delta HPWL                  -5.0 %

[INFO DPL-0020] Mirrored 8299 instances
[INFO DPL-0021] HPWL before          139336.8 u
[INFO DPL-0022] HPWL after           139084.6 u
[INFO DPL-0023] HPWL delta               -0.2 %
[INFO FLW-0012] Placement violations .
Warning: There is 1 unconstrained endpoint.

==========================================================================
detailed place report_design_area
--------------------------------------------------------------------------
Design area 6748 u^2 32% utilization.
Elapsed time: 0:22.19[h:]min:sec. CPU time: user 22.03 sys 0.15 (99%). Peak memory: 503124KB.
