OpenROAD v2.0-11432-gead3236e5 
This program is licensed under the BSD-3 license. See the LICENSE file for details.
Components of this program may be licensed under more restrictive licenses which must be honored.
[INFO ODB-0222] Reading LEF file: /home/jborg/Data/Research/DLPnR/OpenROAD-flow-scripts/flow/platforms/asap7/lef/asap7_tech_1x_201209.lef
[INFO ODB-0223]     Created 24 technology layers
[INFO ODB-0224]     Created 9 technology vias
[INFO ODB-0226] Finished LEF file:  /home/jborg/Data/Research/DLPnR/OpenROAD-flow-scripts/flow/platforms/asap7/lef/asap7_tech_1x_201209.lef
[INFO ODB-0222] Reading LEF file: /home/jborg/Data/Research/DLPnR/OpenROAD-flow-scripts/flow/platforms/asap7/lef/asap7sc7p5t_28_R_1x_220121a.lef
[INFO ODB-0225]     Created 212 library cells
[INFO ODB-0226] Finished LEF file:  /home/jborg/Data/Research/DLPnR/OpenROAD-flow-scripts/flow/platforms/asap7/lef/asap7sc7p5t_28_R_1x_220121a.lef

==========================================================================
Floorplan check_setup
--------------------------------------------------------------------------
Warning: There are 7 input ports missing set_input_delay.
Warning: There are 6 output ports missing set_output_delay.
Warning: There is 1 unconstrained endpoint.
number instances in verilog is 521
[INFO IFP-0001] Added 152 rows of 760 site asap7sc7p5t with height 1.
[INFO RSZ-0026] Removed 0 buffers.
Default units for flow
 time 1ps
 capacitance 1fF
 resistance 1kohm
 voltage 1v
 current 1mA
 power 1pW
 distance 1um
Warning: There are 7 input ports missing set_input_delay.
Warning: There are 6 output ports missing set_output_delay.
Warning: There is 1 unconstrained endpoint.

==========================================================================
floorplan final report_design_area
--------------------------------------------------------------------------
Design area 94 u^2 6% utilization.
Elapsed time: 0:00.88[h:]min:sec. CPU time: user 0.85 sys 0.03 (99%). Peak memory: 190748KB.
