OpenROAD v2.0-11432-gead3236e5 
This program is licensed under the BSD-3 license. See the LICENSE file for details.
Components of this program may be licensed under more restrictive licenses which must be honored.
[WARNING STA-0357] virtual clock clock_vir can not be propagated.
[INFO] Deleted 0 routing obstructions
[INFO RCX-0431] Defined process_corner X with ext_model_index 0
[INFO RCX-0029] Defined extraction corner X
[INFO RCX-0008] extracting parasitics of Element ...
[INFO RCX-0435] Reading extraction model file /home/jborg/Data/Research/DLPnR/OpenROAD-flow-scripts/flow/platforms/asap7/rcx_patterns.rules ...
[INFO RCX-0436] RC segment generation Element (max_merge_res 50.0) ...
[INFO RCX-0040] Final 7502 rc segments
[INFO RCX-0439] Coupling Cap extraction Element ...
[INFO RCX-0440] Coupling threshhold is 0.1000 fF, coupling capacitance less than 0.1000 fF will be grounded.
[INFO RCX-0043] 10734 wires to be extracted
[INFO RCX-0442] 72% completion -- 7789 wires have been extracted
[INFO RCX-0442] 100% completion -- 10734 wires have been extracted
[INFO RCX-0045] Extract 1329 nets, 8831 rsegs, 8831 caps, 7845 ccs
[INFO RCX-0015] Finished extracting Element.
[INFO RCX-0016] Writing SPEF ...
[INFO RCX-0443] 1329 nets finished
[INFO RCX-0017] Finished writing SPEF ...
[INFO PSM-0022] Using 0.770V for VDD
[WARNING PSM-0016] Voltage pad location (VSRC) file not specified, defaulting pad location to checkerboard pattern on core area.
[WARNING PSM-0017] X direction bump pitch is not specified, defaulting to 140um.
[WARNING PSM-0018] Y direction bump pitch is not specified, defaulting to 140um.
[WARNING PSM-0063] Specified bump pitches of 140.000 and 140.000 are less than core width of 41.040 or core height of 41.040. Changing bump location to the center of the die at (21.600, 21.600).
[WARNING PSM-0065] VSRC location not specified, using default checkerboard pattern with one VDD every size bumps in x-direction and one in two bumps in the y-direction
[INFO PSM-0076] Setting metal node density to be standard cell height times 5.
[INFO PSM-0031] Number of PDN nodes on net VDD = 25600.
[INFO PSM-0064] Number of voltage sources = 1.
[INFO PSM-0040] All PDN stripes on net VDD are connected.
########## IR report #################
Corner: default
Worstcase voltage: 7.48e-01 V
Average IR drop  : 1.77e-02 V
Worstcase IR drop: 2.19e-02 V
######################################
[INFO PSM-0022] Using 0.000V for VSS
[WARNING PSM-0016] Voltage pad location (VSRC) file not specified, defaulting pad location to checkerboard pattern on core area.
[WARNING PSM-0017] X direction bump pitch is not specified, defaulting to 140um.
[WARNING PSM-0018] Y direction bump pitch is not specified, defaulting to 140um.
[WARNING PSM-0063] Specified bump pitches of 140.000 and 140.000 are less than core width of 41.040 or core height of 41.040. Changing bump location to the center of the die at (21.600, 21.600).
[WARNING PSM-0065] VSRC location not specified, using default checkerboard pattern with one VDD every size bumps in x-direction and one in two bumps in the y-direction
[INFO PSM-0076] Setting metal node density to be standard cell height times 5.
[INFO PSM-0031] Number of PDN nodes on net VSS = 25933.
[INFO PSM-0064] Number of voltage sources = 1.
[INFO PSM-0040] All PDN stripes on net VSS are connected.
########## IR report #################
Corner: default
Worstcase voltage: 2.22e-02 V
Average IR drop  : 1.77e-02 V
Worstcase IR drop: 2.22e-02 V
######################################
Warning: There are 7 input ports missing set_input_delay.
Warning: There are 6 output ports missing set_output_delay.
Warning: There is 1 unconstrained endpoint.

==========================================================================
finish report_design_area
--------------------------------------------------------------------------
Design area 166 u^2 10% utilization.
Elapsed time: 0:02.71[h:]min:sec. CPU time: user 2.62 sys 0.07 (99%). Peak memory: 368084KB.
