OpenROAD autotuner-v1-2861-g832b18e7 
This program is licensed under the BSD-3 license. See the LICENSE file for details.
Components of this program may be licensed under more restrictive licenses which must be honored.
[INFO GPL-0002] DBU: 1000
[INFO GPL-0003] SiteSize: 460 2720
[INFO GPL-0004] CoreAreaLxLy: 10120 10880
[INFO GPL-0005] CoreAreaUxUy: 2909960 3508800
[INFO GPL-0006] NumInstances: 155922
[INFO GPL-0007] NumPlaceInstances: 61103
[INFO GPL-0008] NumFixedInstances: 82668
[INFO GPL-0009] NumDummyInstances: 12151
[INFO GPL-0010] NumNets: 63944
[INFO GPL-0011] NumPins: 228225
[INFO GPL-0012] DieAreaLxLy: 0 0
[INFO GPL-0013] DieAreaUxUy: 2920000 3520000
[INFO GPL-0014] CoreAreaLxLy: 10120 10880
[INFO GPL-0015] CoreAreaUxUy: 2909960 3508800
[INFO GPL-0016] CoreArea: 10143408332800
[INFO GPL-0017] NonPlaceInstsArea: 4774111251200
[INFO GPL-0018] PlaceInstsArea: 683285324800
[INFO GPL-0019] Util(%): 12.73
[INFO GPL-0020] StdInstsArea: 683285324800
[INFO GPL-0021] MacroInstsArea: 0
[InitialPlace]  Iter: 1 CG residual: 0.00245789 HPWL: 7307104797
[InitialPlace]  Iter: 2 CG residual: 0.00316769 HPWL: 4627268897
[InitialPlace]  Iter: 3 CG residual: 0.00098859 HPWL: 4606845799
[InitialPlace]  Iter: 4 CG residual: 0.00080112 HPWL: 4595635221
[InitialPlace]  Iter: 5 CG residual: 0.00055680 HPWL: 4582415758
[InitialPlace]  Iter: 6 CG residual: 0.00058008 HPWL: 4575240954
[InitialPlace]  Iter: 7 CG residual: 0.00068485 HPWL: 4566085647
[InitialPlace]  Iter: 8 CG residual: 0.00059703 HPWL: 4560969363
[InitialPlace]  Iter: 9 CG residual: 0.00056659 HPWL: 4553770491
[InitialPlace]  Iter: 10 CG residual: 0.00040998 HPWL: 4548284287
[InitialPlace]  Iter: 11 CG residual: 0.00045057 HPWL: 4540027747
[InitialPlace]  Iter: 12 CG residual: 0.00067137 HPWL: 4531347862
[InitialPlace]  Iter: 13 CG residual: 0.00019431 HPWL: 4517934858
[InitialPlace]  Iter: 14 CG residual: 0.00020741 HPWL: 4504117271
[InitialPlace]  Iter: 15 CG residual: 0.00016342 HPWL: 4491709584
[InitialPlace]  Iter: 16 CG residual: 0.00017729 HPWL: 4481165207
[InitialPlace]  Iter: 17 CG residual: 0.00016576 HPWL: 4473284967
[InitialPlace]  Iter: 18 CG residual: 0.00017885 HPWL: 4468321011
[InitialPlace]  Iter: 19 CG residual: 0.00017092 HPWL: 4461934888
[InitialPlace]  Iter: 20 CG residual: 0.00015216 HPWL: 4455780781
[INFO GPL-0031] FillerInit: NumGCells: 122412
[INFO GPL-0032] FillerInit: NumGNets: 63944
[INFO GPL-0033] FillerInit: NumGPins: 228225
[INFO GPL-0023] TargetDensity: 0.25
[INFO GPL-0024] AveragePlaceInstArea: 11182516
[INFO GPL-0025] IdealBinArea: 44730064
[INFO GPL-0026] IdealBinCnt: 226769
[INFO GPL-0027] TotalBinArea: 10143408332800
[INFO GPL-0028] BinCnt: 256 256
[INFO GPL-0029] BinSize: 11328 13664
[INFO GPL-0030] NumBins: 65536
[NesterovSolve] Iter: 1 overflow: 0.961689 HPWL: 2901671437
[NesterovSolve] Iter: 10 overflow: 0.889363 HPWL: 3765487640
[NesterovSolve] Iter: 20 overflow: 0.851394 HPWL: 3975422974
[NesterovSolve] Iter: 30 overflow: 0.833688 HPWL: 3962848858
[NesterovSolve] Iter: 40 overflow: 0.822848 HPWL: 3931764519
[NesterovSolve] Iter: 50 overflow: 0.816943 HPWL: 3921663262
[NesterovSolve] Iter: 60 overflow: 0.815833 HPWL: 3916295123
[NesterovSolve] Iter: 70 overflow: 0.816947 HPWL: 3912713807
[NesterovSolve] Iter: 80 overflow: 0.820648 HPWL: 3911213056
[NesterovSolve] Iter: 90 overflow: 0.824189 HPWL: 3912406062
[NesterovSolve] Iter: 100 overflow: 0.827499 HPWL: 3912272282
[NesterovSolve] Iter: 110 overflow: 0.827676 HPWL: 3907119360
[NesterovSolve] Iter: 120 overflow: 0.826272 HPWL: 3895055518
[NesterovSolve] Iter: 130 overflow: 0.824774 HPWL: 3883898975
[NesterovSolve] Iter: 140 overflow: 0.823995 HPWL: 3876041399
[NesterovSolve] Iter: 150 overflow: 0.823388 HPWL: 3874796769
[NesterovSolve] Iter: 160 overflow: 0.821958 HPWL: 3880775775
[NesterovSolve] Iter: 170 overflow: 0.819971 HPWL: 3896225667
[NesterovSolve] Iter: 180 overflow: 0.81765 HPWL: 3924612924
[NesterovSolve] Iter: 190 overflow: 0.813918 HPWL: 3971129725
[NesterovSolve] Iter: 200 overflow: 0.807554 HPWL: 4041961765
[NesterovSolve] Iter: 210 overflow: 0.796772 HPWL: 4136926595
[NesterovSolve] Iter: 220 overflow: 0.781891 HPWL: 4259682073
[NesterovSolve] Iter: 230 overflow: 0.761662 HPWL: 4392978540
[NesterovSolve] Iter: 240 overflow: 0.73878 HPWL: 4501268334
[INFO GPL-0100] worst slack -5.96e-11
[INFO GPL-0103] Weighted 6388 nets.
[NesterovSolve] Iter: 250 overflow: 0.714508 HPWL: 4614258823
[NesterovSolve] Iter: 260 overflow: 0.68322 HPWL: 4748789649
[NesterovSolve] Iter: 270 overflow: 0.64519 HPWL: 4822381567
[NesterovSolve] Iter: 280 overflow: 0.60366 HPWL: 4901979621
[NesterovSolve] Snapshot saved at iter = 280
[INFO GPL-0100] worst slack -1.43e-09
[INFO GPL-0103] Weighted 6393 nets.
[NesterovSolve] Iter: 290 overflow: 0.554352 HPWL: 4987954624
[NesterovSolve] Iter: 300 overflow: 0.50804 HPWL: 5089034334
[NesterovSolve] Iter: 310 overflow: 0.464674 HPWL: 5156774409
[INFO GPL-0100] worst slack -8.09e-10
[INFO GPL-0103] Weighted 6392 nets.
[NesterovSolve] Iter: 320 overflow: 0.42235 HPWL: 5231718008
[NesterovSolve] Iter: 330 overflow: 0.377243 HPWL: 5241071367
[NesterovSolve] Iter: 340 overflow: 0.335844 HPWL: 5256753561
[NesterovSolve] Iter: 350 overflow: 0.309225 HPWL: 5209382897
[NesterovSolve] Iter: 360 overflow: 0.282808 HPWL: 5177674603
[NesterovSolve] Iter: 370 overflow: 0.25043 HPWL: 5172340218
[INFO GPL-0100] worst slack 3.86e-10
[INFO GPL-0103] Weighted 6392 nets.
[NesterovSolve] Iter: 380 overflow: 0.222605 HPWL: 5192091429
[INFO GPL-0075] Routability numCall: 1 inflationIterCnt: 1 bloatIterCnt: 0
[INFO GPL-0036] TileLxLy: 0 0
[INFO GPL-0037] TileSize: 6900 6900
[INFO GPL-0038] TileCnt: 423 510
[INFO GPL-0039] numRoutingLayers: 6
[INFO GPL-0040] NumTiles: 215730
[INFO GPL-0063] TotalRouteOverflowH2: 45.14999878406525
[INFO GPL-0064] TotalRouteOverflowV2: 322.63340854644775
[INFO GPL-0065] OverflowTileCnt2: 3187
[INFO GPL-0066] 0.5%RC: 1.165755780355969
[INFO GPL-0067] 1.0%RC: 1.1162112513268188
[INFO GPL-0068] 2.0%RC: 1.0595704225528892
[INFO GPL-0069] 5.0%RC: 1.0238316892115857
[INFO GPL-0070] 0.5rcK: 1.0
[INFO GPL-0071] 1.0rcK: 1.0
[INFO GPL-0072] 2.0rcK: 0.0
[INFO GPL-0073] 5.0rcK: 0.0
[INFO GPL-0074] FinalRC: 1.1409835
[NesterovSolve] Iter: 390 overflow: 0.193522 HPWL: 5209793134
[NesterovSolve] Iter: 400 overflow: 0.169088 HPWL: 5218376295
[INFO GPL-0100] worst slack -1.93e-10
[INFO GPL-0103] Weighted 6387 nets.
[NesterovSolve] Iter: 410 overflow: 0.148021 HPWL: 5222986804
[NesterovSolve] Iter: 420 overflow: 0.127156 HPWL: 5232964166
[NesterovSolve] Iter: 430 overflow: 0.10935 HPWL: 5246558547
[NesterovSolve] Finished with Overflow: 0.099253

==========================================================================
global place check_setup
--------------------------------------------------------------------------
Warning: There is 1 input port missing set_input_delay.
Warning: There are 6 unconstrained endpoints.

==========================================================================
global place report_tns
--------------------------------------------------------------------------
tns -1569029.00

==========================================================================
global place report_wns
--------------------------------------------------------------------------
wns -780.25

==========================================================================
global place report_worst_slack
--------------------------------------------------------------------------
worst slack -780.25

==========================================================================
global place report_checks -path_delay min
--------------------------------------------------------------------------
Startpoint: jtag_trst (input port clocked by jtag_tck)
Endpoint: _121327_ (removal check against rising-edge clock jtag_tck)
Path Group: asynchronous
Path Type: min

Fanout     Cap    Slew   Delay    Time   Description
-----------------------------------------------------------------------------
                  0.15    0.00    0.00   clock jtag_tck (rise edge)
                          0.00    0.00   clock network delay (ideal)
                         20.00   20.00 v input external delay
     2    0.23    0.50    0.42   20.42 v jtag_trst (in)
                                         jtag_trst (net)
                  0.56    0.00   20.42 v _070525_/A (sky130_fd_sc_hd__inv_1)
    31    0.18    1.42    1.18   21.60 ^ _070525_/Y (sky130_fd_sc_hd__inv_1)
                                         _000200_ (net)
                  1.42    0.00   21.60 ^ _121327_/RESET_B (sky130_fd_sc_hd__dfrtp_1)
                                 21.60   data arrival time

                  0.15    0.00    0.00   clock jtag_tck (rise edge)
                          0.00    0.00   clock network delay (ideal)
                          0.25    0.25   clock uncertainty
                          0.00    0.25   clock reconvergence pessimism
                                  0.25 ^ _121327_/CLK (sky130_fd_sc_hd__dfrtp_1)
                          0.72    0.97   library removal time
                                  0.97   data required time
-----------------------------------------------------------------------------
                                  0.97   data required time
                                -21.60   data arrival time
-----------------------------------------------------------------------------
                                 20.63   slack (MET)


Startpoint: _117349_ (rising edge-triggered flip-flop clocked by ext_clk)
Endpoint: soc0.processor.dcache_0.rams:1.way.cache_ram_0
          (rising edge-triggered flip-flop clocked by ext_clk)
Path Group: ext_clk
Path Type: min

Fanout     Cap    Slew   Delay    Time   Description
-----------------------------------------------------------------------------
                  0.15    0.00    0.00   clock ext_clk (rise edge)
                          0.00    0.00   clock network delay (ideal)
                  0.15    0.00    0.00 ^ _117349_/CLK (sky130_fd_sc_hd__dfxtp_1)
     4    0.04    0.17    0.42    0.42 v _117349_/Q (sky130_fd_sc_hd__dfxtp_1)
                                         soc0.processor.dcache_0._540_[123] (net)
                  0.17    0.00    0.42 v _063034_/A2 (sky130_fd_sc_hd__a22o_1)
     2    0.05    0.23    0.42    0.84 v _063034_/X (sky130_fd_sc_hd__a22o_1)
                                         soc0.processor.dcache_0._204_[62] (net)
                  0.23    0.00    0.85 v soc0.processor.dcache_0.rams:1.way.cache_ram_0/Di0[62] (RAM32_1RW1R)
                                  0.85   data arrival time

                  0.15    0.00    0.00   clock ext_clk (rise edge)
                          0.00    0.00   clock network delay (ideal)
                          0.25    0.25   clock uncertainty
                          0.00    0.25   clock reconvergence pessimism
                                  0.25 ^ soc0.processor.dcache_0.rams:1.way.cache_ram_0/CLK (RAM32_1RW1R)
                          3.70    3.95   library hold time
                                  3.95   data required time
-----------------------------------------------------------------------------
                                  3.95   data required time
                                 -0.85   data arrival time
-----------------------------------------------------------------------------
                                 -3.10   slack (VIOLATED)


Startpoint: _121322_ (rising edge-triggered flip-flop clocked by jtag_tck)
Endpoint: _121321_ (rising edge-triggered flip-flop clocked by jtag_tck)
Path Group: jtag_tck
Path Type: min

Fanout     Cap    Slew   Delay    Time   Description
-----------------------------------------------------------------------------
                  0.15    0.00    0.00   clock jtag_tck (rise edge)
                          0.00    0.00   clock network delay (ideal)
                  0.15    0.00    0.00 ^ _121322_/CLK (sky130_fd_sc_hd__dfxtp_1)
     2    0.00    0.03    0.32    0.32 v _121322_/Q (sky130_fd_sc_hd__dfxtp_1)
                                         soc0.dmi_jtag.dtm.tap_top0.tms_q2 (net)
                  0.03    0.00    0.32 v _121321_/D (sky130_fd_sc_hd__dfxtp_1)
                                  0.32   data arrival time

                  0.15    0.00    0.00   clock jtag_tck (rise edge)
                          0.00    0.00   clock network delay (ideal)
                          0.25    0.25   clock uncertainty
                          0.00    0.25   clock reconvergence pessimism
                                  0.25 ^ _121321_/CLK (sky130_fd_sc_hd__dfxtp_1)
                         -0.02    0.23   library hold time
                                  0.23   data required time
-----------------------------------------------------------------------------
                                  0.23   data required time
                                 -0.32   data arrival time
-----------------------------------------------------------------------------
                                  0.09   slack (MET)



==========================================================================
global place report_checks -path_delay max
--------------------------------------------------------------------------
Startpoint: _121456_ (rising edge-triggered flip-flop clocked by ext_clk)
Endpoint: _115409_ (recovery check against rising-edge clock ext_clk)
Path Group: asynchronous
Path Type: max

Fanout     Cap    Slew   Delay    Time   Description
-----------------------------------------------------------------------------
                  0.15    0.00    0.00   clock ext_clk (rise edge)
                          0.00    0.00   clock network delay (ideal)
                  0.15    0.00    0.00 ^ _121456_/CLK (sky130_fd_sc_hd__dfxtp_1)
   286    2.22   10.24    7.75    7.75 v _121456_/Q (sky130_fd_sc_hd__dfxtp_1)
                                         soc0._320_ (net)
                 10.27    0.47    8.22 v _058050_/A (sky130_fd_sc_hd__inv_1)
   369    2.22    0.00   23.65   31.87 ^ _058050_/Y (sky130_fd_sc_hd__inv_1)
                                         _009272_ (net)
                  0.00    0.26   32.13 ^ _115409_/SET_B (sky130_fd_sc_hd__dfstp_2)
                                 32.13   data arrival time

                  0.15   18.00   18.00   clock ext_clk (rise edge)
                          0.00   18.00   clock network delay (ideal)
                         -0.25   17.75   clock uncertainty
                          0.00   17.75   clock reconvergence pessimism
                                 17.75 ^ _115409_/CLK (sky130_fd_sc_hd__dfstp_2)
                          0.17   17.92   library recovery time
                                 17.92   data required time
-----------------------------------------------------------------------------
                                 17.92   data required time
                                -32.13   data arrival time
-----------------------------------------------------------------------------
                                -14.21   slack (VIOLATED)


Startpoint: _116777_ (rising edge-triggered flip-flop clocked by ext_clk)
Endpoint: _120357_ (rising edge-triggered flip-flop clocked by ext_clk)
Path Group: ext_clk
Path Type: max

Fanout     Cap    Slew   Delay    Time   Description
-----------------------------------------------------------------------------
                  0.15    0.00    0.00   clock ext_clk (rise edge)
                          0.00    0.00   clock network delay (ideal)
                  0.15    0.00    0.00 ^ _116777_/CLK (sky130_fd_sc_hd__dfxtp_1)
  1541    9.27   85.17   60.73   60.73 ^ _116777_/Q (sky130_fd_sc_hd__dfxtp_1)
                                         soc0.processor._009_ (net)
                 85.21    1.60   62.33 ^ _084172_/C (sky130_fd_sc_hd__nor4_1)
   404    1.85  580.99  618.54  680.87 v _084172_/Y (sky130_fd_sc_hd__nor4_1)
                                         _030733_ (net)
                580.99    0.61  681.48 v _090768_/A1 (sky130_fd_sc_hd__a21oi_1)
     1    0.00   65.37  111.55  793.03 ^ _090768_/Y (sky130_fd_sc_hd__a21oi_1)
                                         _005164_ (net)
                 65.37    0.00  793.03 ^ _120357_/D (sky130_fd_sc_hd__dfxtp_1)
                                793.03   data arrival time

                  0.15   18.00   18.00   clock ext_clk (rise edge)
                          0.00   18.00   clock network delay (ideal)
                         -0.25   17.75   clock uncertainty
                          0.00   17.75   clock reconvergence pessimism
                                 17.75 ^ _120357_/CLK (sky130_fd_sc_hd__dfxtp_1)
                         -4.96   12.79   library setup time
                                 12.79   data required time
-----------------------------------------------------------------------------
                                 12.79   data required time
                               -793.03   data arrival time
-----------------------------------------------------------------------------
                               -780.25   slack (VIOLATED)


Startpoint: _121388_ (rising edge-triggered flip-flop clocked by jtag_tck')
Endpoint: jtag_tdo (output port clocked by jtag_tck)
Path Group: jtag_tck
Path Type: max

Fanout     Cap    Slew   Delay    Time   Description
-----------------------------------------------------------------------------
                  0.15   50.00   50.00   clock jtag_tck' (rise edge)
                          0.00   50.00   clock network delay (ideal)
                  0.15    0.00   50.00 ^ _121388_/CLK (sky130_fd_sc_hd__dfxtp_1)
     1    0.00    0.03    0.35   50.35 v _121388_/Q (sky130_fd_sc_hd__dfxtp_1)
                                         soc0.dmi_jtag.dtm.tap_top0.latched_jtag_ir_neg[5] (net)
                  0.03    0.00   50.35 v _068677_/A (sky130_fd_sc_hd__nor3_1)
     2    0.01    0.26    0.27   50.62 ^ _068677_/Y (sky130_fd_sc_hd__nor3_1)
                                         _017970_ (net)
                  0.26    0.00   50.62 ^ _068678_/A2 (sky130_fd_sc_hd__a21oi_1)
     1    0.00    0.07    0.12   50.74 v _068678_/Y (sky130_fd_sc_hd__a21oi_1)
                                         _017971_ (net)
                  0.07    0.00   50.74 v _068679_/B1 (sky130_fd_sc_hd__a21oi_1)
     1    0.00    0.14    0.16   50.90 ^ _068679_/Y (sky130_fd_sc_hd__a21oi_1)
                                         _017972_ (net)
                  0.14    0.00   50.90 ^ _068680_/B1 (sky130_fd_sc_hd__a21oi_1)
     1    0.00    0.06    0.07   50.97 v _068680_/Y (sky130_fd_sc_hd__a21oi_1)
                                         _017973_ (net)
                  0.06    0.00   50.97 v _068682_/A3 (sky130_fd_sc_hd__o32a_1)
     1    0.01    0.08    0.34   51.31 v _068682_/X (sky130_fd_sc_hd__o32a_1)
                                         _017975_ (net)
                  0.08    0.00   51.31 v _068684_/A2 (sky130_fd_sc_hd__o21ai_0)
     1    0.26    7.27    5.51   56.82 ^ _068684_/Y (sky130_fd_sc_hd__o21ai_0)
                                         jtag_tdo (net)
                  7.28    0.18   56.99 ^ jtag_tdo (out)
                                 56.99   data arrival time

                  0.15  100.00  100.00   clock jtag_tck (rise edge)
                          0.00  100.00   clock network delay (ideal)
                         -0.25   99.75   clock uncertainty
                          0.00   99.75   clock reconvergence pessimism
                        -20.00   79.75   output external delay
                                 79.75   data required time
-----------------------------------------------------------------------------
                                 79.75   data required time
                                -56.99   data arrival time
-----------------------------------------------------------------------------
                                 22.76   slack (MET)



==========================================================================
global place report_checks -unconstrained
--------------------------------------------------------------------------
Startpoint: _121456_ (rising edge-triggered flip-flop clocked by ext_clk)
Endpoint: _115409_ (recovery check against rising-edge clock ext_clk)
Path Group: asynchronous
Path Type: max

Fanout     Cap    Slew   Delay    Time   Description
-----------------------------------------------------------------------------
                  0.15    0.00    0.00   clock ext_clk (rise edge)
                          0.00    0.00   clock network delay (ideal)
                  0.15    0.00    0.00 ^ _121456_/CLK (sky130_fd_sc_hd__dfxtp_1)
   286    2.22   10.24    7.75    7.75 v _121456_/Q (sky130_fd_sc_hd__dfxtp_1)
                                         soc0._320_ (net)
                 10.27    0.47    8.22 v _058050_/A (sky130_fd_sc_hd__inv_1)
   369    2.22    0.00   23.65   31.87 ^ _058050_/Y (sky130_fd_sc_hd__inv_1)
                                         _009272_ (net)
                  0.00    0.26   32.13 ^ _115409_/SET_B (sky130_fd_sc_hd__dfstp_2)
                                 32.13   data arrival time

                  0.15   18.00   18.00   clock ext_clk (rise edge)
                          0.00   18.00   clock network delay (ideal)
                         -0.25   17.75   clock uncertainty
                          0.00   17.75   clock reconvergence pessimism
                                 17.75 ^ _115409_/CLK (sky130_fd_sc_hd__dfstp_2)
                          0.17   17.92   library recovery time
                                 17.92   data required time
-----------------------------------------------------------------------------
                                 17.92   data required time
                                -32.13   data arrival time
-----------------------------------------------------------------------------
                                -14.21   slack (VIOLATED)


Startpoint: _116777_ (rising edge-triggered flip-flop clocked by ext_clk)
Endpoint: _120357_ (rising edge-triggered flip-flop clocked by ext_clk)
Path Group: ext_clk
Path Type: max

Fanout     Cap    Slew   Delay    Time   Description
-----------------------------------------------------------------------------
                  0.15    0.00    0.00   clock ext_clk (rise edge)
                          0.00    0.00   clock network delay (ideal)
                  0.15    0.00    0.00 ^ _116777_/CLK (sky130_fd_sc_hd__dfxtp_1)
  1541    9.27   85.17   60.73   60.73 ^ _116777_/Q (sky130_fd_sc_hd__dfxtp_1)
                                         soc0.processor._009_ (net)
                 85.21    1.60   62.33 ^ _084172_/C (sky130_fd_sc_hd__nor4_1)
   404    1.85  580.99  618.54  680.87 v _084172_/Y (sky130_fd_sc_hd__nor4_1)
                                         _030733_ (net)
                580.99    0.61  681.48 v _090768_/A1 (sky130_fd_sc_hd__a21oi_1)
     1    0.00   65.37  111.55  793.03 ^ _090768_/Y (sky130_fd_sc_hd__a21oi_1)
                                         _005164_ (net)
                 65.37    0.00  793.03 ^ _120357_/D (sky130_fd_sc_hd__dfxtp_1)
                                793.03   data arrival time

                  0.15   18.00   18.00   clock ext_clk (rise edge)
                          0.00   18.00   clock network delay (ideal)
                         -0.25   17.75   clock uncertainty
                          0.00   17.75   clock reconvergence pessimism
                                 17.75 ^ _120357_/CLK (sky130_fd_sc_hd__dfxtp_1)
                         -4.96   12.79   library setup time
                                 12.79   data required time
-----------------------------------------------------------------------------
                                 12.79   data required time
                               -793.03   data arrival time
-----------------------------------------------------------------------------
                               -780.25   slack (VIOLATED)


Startpoint: _121388_ (rising edge-triggered flip-flop clocked by jtag_tck')
Endpoint: jtag_tdo (output port clocked by jtag_tck)
Path Group: jtag_tck
Path Type: max

Fanout     Cap    Slew   Delay    Time   Description
-----------------------------------------------------------------------------
                  0.15   50.00   50.00   clock jtag_tck' (rise edge)
                          0.00   50.00   clock network delay (ideal)
                  0.15    0.00   50.00 ^ _121388_/CLK (sky130_fd_sc_hd__dfxtp_1)
     1    0.00    0.03    0.35   50.35 v _121388_/Q (sky130_fd_sc_hd__dfxtp_1)
                                         soc0.dmi_jtag.dtm.tap_top0.latched_jtag_ir_neg[5] (net)
                  0.03    0.00   50.35 v _068677_/A (sky130_fd_sc_hd__nor3_1)
     2    0.01    0.26    0.27   50.62 ^ _068677_/Y (sky130_fd_sc_hd__nor3_1)
                                         _017970_ (net)
                  0.26    0.00   50.62 ^ _068678_/A2 (sky130_fd_sc_hd__a21oi_1)
     1    0.00    0.07    0.12   50.74 v _068678_/Y (sky130_fd_sc_hd__a21oi_1)
                                         _017971_ (net)
                  0.07    0.00   50.74 v _068679_/B1 (sky130_fd_sc_hd__a21oi_1)
     1    0.00    0.14    0.16   50.90 ^ _068679_/Y (sky130_fd_sc_hd__a21oi_1)
                                         _017972_ (net)
                  0.14    0.00   50.90 ^ _068680_/B1 (sky130_fd_sc_hd__a21oi_1)
     1    0.00    0.06    0.07   50.97 v _068680_/Y (sky130_fd_sc_hd__a21oi_1)
                                         _017973_ (net)
                  0.06    0.00   50.97 v _068682_/A3 (sky130_fd_sc_hd__o32a_1)
     1    0.01    0.08    0.34   51.31 v _068682_/X (sky130_fd_sc_hd__o32a_1)
                                         _017975_ (net)
                  0.08    0.00   51.31 v _068684_/A2 (sky130_fd_sc_hd__o21ai_0)
     1    0.26    7.27    5.51   56.82 ^ _068684_/Y (sky130_fd_sc_hd__o21ai_0)
                                         jtag_tdo (net)
                  7.28    0.18   56.99 ^ jtag_tdo (out)
                                 56.99   data arrival time

                  0.15  100.00  100.00   clock jtag_tck (rise edge)
                          0.00  100.00   clock network delay (ideal)
                         -0.25   99.75   clock uncertainty
                          0.00   99.75   clock reconvergence pessimism
                        -20.00   79.75   output external delay
                                 79.75   data required time
-----------------------------------------------------------------------------
                                 79.75   data required time
                                -56.99   data arrival time
-----------------------------------------------------------------------------
                                 22.76   slack (MET)



==========================================================================
global place report_power
--------------------------------------------------------------------------
Group                  Internal  Switching    Leakage      Total
                          Power      Power      Power      Power (Watts)
----------------------------------------------------------------
Sequential             2.45e-02   9.03e-03   8.57e-08   3.35e-02  53.8%
Combinational          8.67e-03   1.97e-02   1.31e-07   2.84e-02  45.6%
Macro                  0.00e+00   3.83e-04   0.00e+00   3.83e-04   0.6%
Pad                    0.00e+00   0.00e+00   0.00e+00   0.00e+00   0.0%
----------------------------------------------------------------
Total                  3.31e-02   2.92e-02   2.17e-07   6.23e-02 100.0%
                          53.2%      46.8%       0.0%

==========================================================================
global place report_design_area
--------------------------------------------------------------------------
Design area 4560282 u^2 45% utilization.

Elapsed time: 1:27.71[h:]min:sec. CPU time: user 110.87 sys 0.24 (126%). Peak memory: 1001276KB.
