[INFO] Reporting cells prior to loading DEF ...
[INFO] Reading DEF  ...
[INFO] Reporting cells after loading DEF ...
[INFO] 'microwatt'
[INFO] 'sky130_fd_sc_hd__diode_2'
[INFO] 'sky130_fd_sc_hd__fill_8'
[INFO] 'sky130_fd_sc_hd__fill_4'
[INFO] 'sky130_fd_sc_hd__fill_1'
[INFO] 'sky130_fd_sc_hd__fill_2'
[INFO] 'sky130_fd_sc_hd__tapvpwrvgnd_1'
[INFO] 'sky130_fd_sc_hd__mux2_8'
[INFO] 'sky130_fd_sc_hd__mux2_2'
[INFO] 'sky130_fd_sc_hd__mux2_1'
[INFO] 'sky130_fd_sc_hd__mux2i_4'
[INFO] 'sky130_fd_sc_hd__inv_2'
[INFO] 'sky130_fd_sc_hd__mux2i_1'
[INFO] 'sky130_fd_sc_hd__inv_1'
[INFO] 'sky130_fd_sc_hd__mux2i_2'
[INFO] 'sky130_fd_sc_hd__mux2_4'
[INFO] 'sky130_fd_sc_hd__inv_6'
[INFO] 'sky130_fd_sc_hd__nor2_1'
[INFO] 'sky130_fd_sc_hd__nand3_2'
[INFO] 'sky130_fd_sc_hd__o31ai_4'
[INFO] 'sky130_fd_sc_hd__nor2b_1'
[INFO] 'sky130_fd_sc_hd__o21ai_4'
[INFO] 'sky130_fd_sc_hd__nand3_4'
[INFO] 'sky130_fd_sc_hd__o31a_2'
[INFO] 'sky130_fd_sc_hd__nand2_1'
[INFO] 'sky130_fd_sc_hd__and2_4'
[INFO] 'sky130_fd_sc_hd__nand4_1'
[INFO] 'sky130_fd_sc_hd__o221a_4'
[INFO] 'sky130_fd_sc_hd__clkinv_4'
[INFO] 'sky130_fd_sc_hd__xnor2_2'
[INFO] 'sky130_fd_sc_hd__xnor2_4'
[INFO] 'sky130_fd_sc_hd__nand4_2'
[INFO] 'sky130_fd_sc_hd__xnor2_1'
[INFO] 'sky130_fd_sc_hd__nand4_4'
[INFO] 'sky130_fd_sc_hd__nor3_1'
[INFO] 'sky130_fd_sc_hd__nor4_1'
[INFO] 'sky130_fd_sc_hd__nor2_4'
[INFO] 'sky130_fd_sc_hd__nor4_4'
[INFO] 'sky130_fd_sc_hd__nor3_4'
[INFO] 'sky130_fd_sc_hd__nor4_2'
[INFO] 'sky130_fd_sc_hd__a31oi_4'
[INFO] 'sky130_fd_sc_hd__nand2_4'
[INFO] 'sky130_fd_sc_hd__a21oi_4'
[INFO] 'sky130_fd_sc_hd__inv_12'
[INFO] 'sky130_fd_sc_hd__a211oi_2'
[INFO] 'sky130_fd_sc_hd__clkinvlp_4'
[INFO] 'sky130_fd_sc_hd__clkinv_2'
[INFO] 'sky130_fd_sc_hd__xor2_1'
[INFO] 'sky130_fd_sc_hd__clkinv_16'
[INFO] 'sky130_fd_sc_hd__or3_2'
[INFO] 'sky130_fd_sc_hd__a211o_2'
[INFO] 'sky130_fd_sc_hd__o211ai_4'
[INFO] 'sky130_fd_sc_hd__a211o_4'
[INFO] 'sky130_fd_sc_hd__inv_4'
[INFO] 'sky130_fd_sc_hd__a21oi_1'
[INFO] 'sky130_fd_sc_hd__o21a_4'
[INFO] 'sky130_fd_sc_hd__a21boi_2'
[INFO] 'sky130_fd_sc_hd__nand2_8'
[INFO] 'sky130_fd_sc_hd__nand2b_4'
[INFO] 'sky130_fd_sc_hd__clkinv_8'
[INFO] 'sky130_fd_sc_hd__mux4_1'
[INFO] 'sky130_fd_sc_hd__nand2_2'
[INFO] 'sky130_fd_sc_hd__nor2_2'
[INFO] 'sky130_fd_sc_hd__and4_1'
[INFO] 'sky130_fd_sc_hd__and3_1'
[INFO] 'sky130_fd_sc_hd__o21ai_2'
[INFO] 'sky130_fd_sc_hd__or3_4'
[INFO] 'sky130_fd_sc_hd__nand3_1'
[INFO] 'sky130_fd_sc_hd__and2_0'
[INFO] 'sky130_fd_sc_hd__nand2b_1'
[INFO] 'sky130_fd_sc_hd__nor2b_2'
[INFO] 'sky130_fd_sc_hd__or4b_4'
[INFO] 'sky130_fd_sc_hd__nand4b_1'
[INFO] 'sky130_fd_sc_hd__o21ai_0'
[INFO] 'sky130_fd_sc_hd__nor3_2'
[INFO] 'sky130_fd_sc_hd__nor3b_4'
[INFO] 'sky130_fd_sc_hd__a32o_1'
[INFO] 'sky130_fd_sc_hd__and4_4'
[INFO] 'sky130_fd_sc_hd__nand2b_2'
[INFO] 'sky130_fd_sc_hd__a211oi_1'
[INFO] 'sky130_fd_sc_hd__nor2b_4'
[INFO] 'sky130_fd_sc_hd__o21ai_1'
[INFO] 'sky130_fd_sc_hd__or4_1'
[INFO] 'sky130_fd_sc_hd__o41a_4'
[INFO] 'sky130_fd_sc_hd__nor3b_2'
[INFO] 'sky130_fd_sc_hd__o21a_1'
[INFO] 'sky130_fd_sc_hd__nor3b_1'
[INFO] 'sky130_fd_sc_hd__o221ai_4'
[INFO] 'sky130_fd_sc_hd__or4b_2'
[INFO] 'sky130_fd_sc_hd__and4_2'
[INFO] 'sky130_fd_sc_hd__and2_1'
[INFO] 'sky130_fd_sc_hd__nand3b_1'
[INFO] 'sky130_fd_sc_hd__or2_0'
[INFO] 'sky130_fd_sc_hd__and3b_1'
[INFO] 'sky130_fd_sc_hd__or2b_1'
[INFO] 'sky130_fd_sc_hd__a21oi_2'
[INFO] 'sky130_fd_sc_hd__nand4b_4'
[INFO] 'sky130_fd_sc_hd__a32oi_4'
[INFO] 'sky130_fd_sc_hd__nor2_8'
[INFO] 'sky130_fd_sc_hd__or4_2'
[INFO] 'sky130_fd_sc_hd__o211a_2'
[INFO] 'sky130_fd_sc_hd__nor4bb_4'
[INFO] 'sky130_fd_sc_hd__o211ai_1'
[INFO] 'sky130_fd_sc_hd__o211a_4'
[INFO] 'sky130_fd_sc_hd__and3_4'
[INFO] 'sky130_fd_sc_hd__inv_8'
[INFO] 'sky130_fd_sc_hd__or3b_1'
[INFO] 'sky130_fd_sc_hd__a211oi_4'
[INFO] 'sky130_fd_sc_hd__o311ai_4'
[INFO] 'sky130_fd_sc_hd__o21bai_2'
[INFO] 'sky130_fd_sc_hd__a2111oi_4'
[INFO] 'sky130_fd_sc_hd__o21bai_1'
[INFO] 'sky130_fd_sc_hd__a21o_1'
[INFO] 'sky130_fd_sc_hd__o21bai_4'
[INFO] 'sky130_fd_sc_hd__xor2_4'
[INFO] 'sky130_fd_sc_hd__and2_2'
[INFO] 'sky130_fd_sc_hd__or4_4'
[INFO] 'sky130_fd_sc_hd__nor4b_4'
[INFO] 'sky130_fd_sc_hd__and3_2'
[INFO] 'sky130_fd_sc_hd__a31oi_1'
[INFO] 'sky130_fd_sc_hd__a22o_1'
[INFO] 'sky130_fd_sc_hd__o22ai_1'
[INFO] 'sky130_fd_sc_hd__a221oi_2'
[INFO] 'sky130_fd_sc_hd__a22oi_1'
[INFO] 'sky130_fd_sc_hd__a22oi_2'
[INFO] 'sky130_fd_sc_hd__o221ai_1'
[INFO] 'sky130_fd_sc_hd__o221a_1'
[INFO] 'sky130_fd_sc_hd__o2bb2ai_1'
[INFO] 'sky130_fd_sc_hd__a221oi_1'
[INFO] 'sky130_fd_sc_hd__or3b_4'
[INFO] 'sky130_fd_sc_hd__o31ai_2'
[INFO] 'sky130_fd_sc_hd__a2111oi_2'
[INFO] 'sky130_fd_sc_hd__o2bb2ai_2'
[INFO] 'sky130_fd_sc_hd__o22ai_4'
[INFO] 'sky130_fd_sc_hd__o22ai_2'
[INFO] 'sky130_fd_sc_hd__xor2_2'
[INFO] 'sky130_fd_sc_hd__o2bb2ai_4'
[INFO] 'sky130_fd_sc_hd__o2111ai_4'
[INFO] 'sky130_fd_sc_hd__o2111ai_2'
[INFO] 'sky130_fd_sc_hd__a2111o_1'
[INFO] 'sky130_fd_sc_hd__a22o_2'
[INFO] 'sky130_fd_sc_hd__a221oi_4'
[INFO] 'sky130_fd_sc_hd__a2111oi_0'
[INFO] 'sky130_fd_sc_hd__o22a_1'
[INFO] 'sky130_fd_sc_hd__a41oi_4'
[INFO] 'sky130_fd_sc_hd__o32a_2'
[INFO] 'sky130_fd_sc_hd__a32o_2'
[INFO] 'sky130_fd_sc_hd__a311o_2'
[INFO] 'sky130_fd_sc_hd__nand4bb_1'
[INFO] 'sky130_fd_sc_hd__a32oi_1'
[INFO] 'sky130_fd_sc_hd__a32oi_2'
[INFO] 'sky130_fd_sc_hd__or2_2'
[INFO] 'sky130_fd_sc_hd__o211ai_2'
[INFO] 'sky130_fd_sc_hd__or2_4'
[INFO] 'sky130_fd_sc_hd__a31oi_2'
[INFO] 'sky130_fd_sc_hd__a311oi_2'
[INFO] 'sky130_fd_sc_hd__o221ai_2'
[INFO] 'sky130_fd_sc_hd__a211o_1'
[INFO] 'sky130_fd_sc_hd__o311ai_1'
[INFO] 'sky130_fd_sc_hd__o31ai_1'
[INFO] 'sky130_fd_sc_hd__o41ai_1'
[INFO] 'sky130_fd_sc_hd__a311oi_1'
[INFO] 'sky130_fd_sc_hd__a41o_1'
[INFO] 'sky130_fd_sc_hd__o311ai_2'
[INFO] 'sky130_fd_sc_hd__o311a_1'
[INFO] 'sky130_fd_sc_hd__a22oi_4'
[INFO] 'sky130_fd_sc_hd__a221o_1'
[INFO] 'sky130_fd_sc_hd__o2111ai_1'
[INFO] 'sky130_fd_sc_hd__o32a_1'
[INFO] 'sky130_fd_sc_hd__o32ai_1'
[INFO] 'sky130_fd_sc_hd__a222oi_1'
[INFO] 'sky130_fd_sc_hd__a2111oi_1'
[INFO] 'sky130_fd_sc_hd__o211a_1'
[INFO] 'sky130_fd_sc_hd__a21boi_0'
[INFO] 'sky130_fd_sc_hd__a311oi_4'
[INFO] 'sky130_fd_sc_hd__o311ai_0'
[INFO] 'sky130_fd_sc_hd__a21boi_1'
[INFO] 'sky130_fd_sc_hd__or3_1'
[INFO] 'sky130_fd_sc_hd__or2_1'
[INFO] 'sky130_fd_sc_hd__o41ai_4'
[INFO] 'sky130_fd_sc_hd__o31a_1'
[INFO] 'sky130_fd_sc_hd__a41oi_1'
[INFO] 'sky130_fd_sc_hd__a311o_1'
[INFO] 'sky130_fd_sc_hd__o41ai_2'
[INFO] 'sky130_fd_sc_hd__mux4_4'
[INFO] 'sky130_fd_sc_hd__o32ai_4'
[INFO] 'sky130_fd_sc_hd__a21boi_4'
[INFO] 'sky130_fd_sc_hd__o31a_4'
[INFO] 'sky130_fd_sc_hd__mux4_2'
[INFO] 'sky130_fd_sc_hd__o32ai_2'
[INFO] 'sky130_fd_sc_hd__and4b_1'
[INFO] 'sky130_fd_sc_hd__a22o_4'
[INFO] 'sky130_fd_sc_hd__or4b_1'
[INFO] 'sky130_fd_sc_hd__nor4b_1'
[INFO] 'sky130_fd_sc_hd__or3b_2'
[INFO] 'sky130_fd_sc_hd__o22a_2'
[INFO] 'sky130_fd_sc_hd__o22a_4'
[INFO] 'sky130_fd_sc_hd__o21ba_1'
[INFO] 'sky130_fd_sc_hd__a2bb2oi_2'
[INFO] 'sky130_fd_sc_hd__a221o_4'
[INFO] 'sky130_fd_sc_hd__xor3_1'
[INFO] 'sky130_fd_sc_hd__a21bo_1'
[INFO] 'sky130_fd_sc_hd__a31o_1'
[INFO] 'sky130_fd_sc_hd__a32o_4'
[INFO] 'sky130_fd_sc_hd__nand4b_2'
[INFO] 'sky130_fd_sc_hd__and4bb_4'
[INFO] 'sky130_fd_sc_hd__nand3b_2'
[INFO] 'sky130_fd_sc_hd__a31o_2'
[INFO] 'sky130_fd_sc_hd__a21o_4'
[INFO] 'sky130_fd_sc_hd__nand3b_4'
[INFO] 'sky130_fd_sc_hd__a31o_4'
[INFO] 'sky130_fd_sc_hd__a21bo_2'
[INFO] 'sky130_fd_sc_hd__a311o_4'
[INFO] 'sky130_fd_sc_hd__o21a_2'
[INFO] 'sky130_fd_sc_hd__and2b_1'
[INFO] 'sky130_fd_sc_hd__and4b_2'
[INFO] 'sky130_fd_sc_hd__and4b_4'
[INFO] 'sky130_fd_sc_hd__a21o_2'
[INFO] 'sky130_fd_sc_hd__nand4bb_4'
[INFO] 'sky130_fd_sc_hd__nand4bb_2'
[INFO] 'sky130_fd_sc_hd__or4bb_4'
[INFO] 'sky130_fd_sc_hd__o32a_4'
[INFO] 'sky130_fd_sc_hd__nor4bb_1'
[INFO] 'sky130_fd_sc_hd__a2bb2oi_1'
[INFO] 'sky130_fd_sc_hd__a21bo_4'
[INFO] 'sky130_fd_sc_hd__a221o_2'
[INFO] 'sky130_fd_sc_hd__o2111a_2'
[INFO] 'sky130_fd_sc_hd__nor4b_2'
[INFO] 'sky130_fd_sc_hd__nor4bb_2'
[INFO] 'sky130_fd_sc_hd__a2bb2oi_4'
[INFO] 'sky130_fd_sc_hd__maj3_1'
[INFO] 'sky130_fd_sc_hd__o2111a_1'
[INFO] 'sky130_fd_sc_hd__o311a_4'
[INFO] 'sky130_fd_sc_hd__o2111a_4'
[INFO] 'sky130_fd_sc_hd__a41o_2'
[INFO] 'sky130_fd_sc_hd__a41o_4'
[INFO] 'sky130_fd_sc_hd__o311a_2'
[INFO] 'sky130_fd_sc_hd__maj3_2'
[INFO] 'sky130_fd_sc_hd__and3b_2'
[INFO] 'sky130_fd_sc_hd__a41oi_2'
[INFO] 'sky130_fd_sc_hd__fa_1'
[INFO] 'sky130_fd_sc_hd__fa_4'
[INFO] 'sky130_fd_sc_hd__fa_2'
[INFO] 'sky130_fd_sc_hd__ha_1'
[INFO] 'sky130_fd_sc_hd__ha_2'
[INFO] 'sky130_fd_sc_hd__ha_4'
[INFO] 'sky130_fd_sc_hd__dfxtp_1'
[INFO] 'sky130_fd_sc_hd__dfxtp_4'
[INFO] 'sky130_fd_sc_hd__dfxtp_2'
[INFO] 'sky130_fd_sc_hd__dfstp_2'
[INFO] 'sky130_fd_sc_hd__dfrtp_1'
[INFO] 'sky130_fd_sc_hd__dfrtp_4'
[INFO] 'sky130_fd_sc_hd__dfrtp_2'
[INFO] 'sky130_fd_sc_hd__conb_1'
[INFO] 'sky130_fd_sc_hd__dfstp_1'
[INFO] 'sky130_fd_sc_hd__dfstp_4'
[INFO] 'sky130_fd_sc_hd__clkbuf_1'
[INFO] 'sky130_fd_sc_hd__clkbuf_8'
[INFO] 'sky130_fd_sc_hd__buf_4'
[INFO] 'sky130_fd_sc_hd__buf_6'
[INFO] 'sky130_fd_sc_hd__buf_12'
[INFO] 'sky130_fd_sc_hd__clkbuf_2'
[INFO] 'sky130_fd_sc_hd__clkbuf_16'
[INFO] 'sky130_fd_sc_hd__clkbuf_4'
[INFO] 'sky130_fd_sc_hd__buf_2'
[INFO] 'sky130_fd_sc_hd__dlymetal6s2s_1'
[INFO] 'sky130_fd_sc_hd__buf_8'
[INFO] 'sky130_fd_sc_hd__buf_16'
[INFO] 'sky130_fd_sc_hd__dlygate4sd3_1'
[INFO] 'RAM512'
[INFO] 'RAM32_1RW1R'
[INFO] 'multiply_add_64x64'
[INFO] 'Microwatt_FP_DFFRFile'
[INFO] 'VIA_via5_6_1600_1600_1_1_1600_1600'
[INFO] 'VIA_via5_6_3100_1600_1_2_1600_1600'
[INFO] 'VIA_via4_5_1600_480_1_4_400_400'
[INFO] 'VIA_via3_4_1600_480_1_4_400_400'
[INFO] 'VIA_via2_3_1600_480_1_5_320_320'
[INFO] 'VIA_L1M1_PR_MR'
[INFO] 'VIA_M1M2_PR'
[INFO] 'VIA_M3M4_PR'
[INFO] 'VIA_M2M3_PR'
[INFO] 'VIA_M4M5_PR'
[INFO] 'VIA_M1M2_PR_MR'
[INFO] 'VIA_M3M4_PR_M'
[INFO] 'VIA_M2M3_PR_M'
[INFO] Clearing cells...
[INFO] Merging GDS/OAS files...
	/home/jborg/Data/Research/DLPnR/OpenROAD-flow-scripts/flow/platforms/sky130hd/gds/sky130_fd_sc_hd.gds
	./designs/sky130hd/microwatt/gds/Microwatt_FP_DFFRFile.gds.gz
	./designs/sky130hd/microwatt/gds/multiply_add_64x64.gds.gz
	./designs/sky130hd/microwatt/gds/RAM32_1RW1R.gds.gz
	./designs/sky130hd/microwatt/gds/RAM512.gds.gz
[INFO] Copying toplevel cell 'microwatt'
INFO: Reading config file: /home/jborg/Data/Research/DLPnR/OpenROAD-flow-scripts/flow/platforms/sky130hd/fill.json
[INFO] Checking for missing cell from GDS/OAS...
[INFO] All LEF cells have matching GDS/OAS cells
[INFO] Checking for orphan cell in the final layout...
[INFO] No orphan cells
[INFO] Writing out GDS/OAS './results/sky130hd/microwatt/base/6_1_merged.gds'
Elapsed time: 0:20.38[h:]min:sec. CPU time: user 19.57 sys 0.79 (99%). Peak memory: 3098088KB.
