OpenROAD v2.0-11432-gead3236e5 
This program is licensed under the BSD-3 license. See the LICENSE file for details.
Components of this program may be licensed under more restrictive licenses which must be honored.
[INFO ODB-0222] Reading LEF file: /home/jborg/Data/Research/DLPnR/OpenROAD-flow-scripts/flow/platforms/nangate45/lef/NangateOpenCellLibrary.tech.lef
[INFO ODB-0223]     Created 22 technology layers
[INFO ODB-0224]     Created 27 technology vias
[INFO ODB-0226] Finished LEF file:  /home/jborg/Data/Research/DLPnR/OpenROAD-flow-scripts/flow/platforms/nangate45/lef/NangateOpenCellLibrary.tech.lef
[INFO ODB-0222] Reading LEF file: /home/jborg/Data/Research/DLPnR/OpenROAD-flow-scripts/flow/platforms/nangate45/lef/NangateOpenCellLibrary.macro.mod.lef
[INFO ODB-0225]     Created 135 library cells
[INFO ODB-0226] Finished LEF file:  /home/jborg/Data/Research/DLPnR/OpenROAD-flow-scripts/flow/platforms/nangate45/lef/NangateOpenCellLibrary.macro.mod.lef

==========================================================================
Floorplan check_setup
--------------------------------------------------------------------------
number instances in verilog is 380
[WARNING IFP-0028] Core area lower left (1.000, 1.000) snapped to (1.140, 1.400).
[INFO IFP-0001] Added 23 rows of 172 site FreePDK45_38x28_10R_NP_162NW_34O with height 1.
[INFO RSZ-0026] Removed 24 buffers.
Default units for flow
 time 1ns
 capacitance 1fF
 resistance 1kohm
 voltage 1v
 current 1mA
 power 1nW
 distance 1um

==========================================================================
floorplan final report_design_area
--------------------------------------------------------------------------
Design area 559 u^2 53% utilization.
Elapsed time: 0:00.20[h:]min:sec. CPU time: user 0.18 sys 0.02 (99%). Peak memory: 96392KB.
