OpenROAD v2.0-11432-gead3236e5 
This program is licensed under the BSD-3 license. See the LICENSE file for details.
Components of this program may be licensed under more restrictive licenses which must be honored.
[INFO GPL-0002] DBU: 2000
[INFO GPL-0003] SiteSize: 380 2800
[INFO GPL-0004] CoreAreaLxLy: 2280 2800
[INFO GPL-0005] CoreAreaUxUy: 67640 67200
[INFO GPL-0006] NumInstances: 402
[INFO GPL-0007] NumPlaceInstances: 356
[INFO GPL-0008] NumFixedInstances: 46
[INFO GPL-0009] NumDummyInstances: 0
[INFO GPL-0010] NumNets: 427
[INFO GPL-0011] NumPins: 1210
[INFO GPL-0012] DieAreaLxLy: 0 0
[INFO GPL-0013] DieAreaUxUy: 69700 69700
[INFO GPL-0014] CoreAreaLxLy: 2280 2800
[INFO GPL-0015] CoreAreaUxUy: 67640 67200
[INFO GPL-0016] CoreArea: 4209184000
[INFO GPL-0017] NonPlaceInstsArea: 48944000
[INFO GPL-0018] PlaceInstsArea: 2235464000
[INFO GPL-0019] Util(%): 53.73
[INFO GPL-0020] StdInstsArea: 2235464000
[INFO GPL-0021] MacroInstsArea: 0
[INFO GPL-0031] FillerInit: NumGCells: 685
[INFO GPL-0032] FillerInit: NumGNets: 427
[INFO GPL-0033] FillerInit: NumGPins: 1210
[INFO GPL-0023] TargetDensity: 1.00
[INFO GPL-0024] AveragePlaceInstArea: 6279393
[INFO GPL-0025] IdealBinArea: 6279393
[INFO GPL-0026] IdealBinCnt: 670
[INFO GPL-0027] TotalBinArea: 4209184000
[INFO GPL-0028] BinCnt: 16 16
[INFO GPL-0029] BinSize: 4085 4025
[INFO GPL-0030] NumBins: 256
[INFO GPL-0002] DBU: 2000
[INFO GPL-0003] SiteSize: 380 2800
[INFO GPL-0004] CoreAreaLxLy: 2280 2800
[INFO GPL-0005] CoreAreaUxUy: 67640 67200
[INFO GPL-0006] NumInstances: 402
[INFO GPL-0007] NumPlaceInstances: 356
[INFO GPL-0008] NumFixedInstances: 46
[INFO GPL-0009] NumDummyInstances: 0
[INFO GPL-0010] NumNets: 427
[INFO GPL-0011] NumPins: 1156
[INFO GPL-0012] DieAreaLxLy: 0 0
[INFO GPL-0013] DieAreaUxUy: 69700 69700
[INFO GPL-0014] CoreAreaLxLy: 2280 2800
[INFO GPL-0015] CoreAreaUxUy: 67640 67200
[INFO GPL-0016] CoreArea: 4209184000
[INFO GPL-0017] NonPlaceInstsArea: 48944000
[INFO GPL-0018] PlaceInstsArea: 2235464000
[INFO GPL-0019] Util(%): 53.73
[INFO GPL-0020] StdInstsArea: 2235464000
[INFO GPL-0021] MacroInstsArea: 0
[INFO GPL-0031] FillerInit: NumGCells: 505
[INFO GPL-0032] FillerInit: NumGNets: 427
[INFO GPL-0033] FillerInit: NumGPins: 1156
[INFO GPL-0023] TargetDensity: 0.75
[INFO GPL-0024] AveragePlaceInstArea: 6279393
[INFO GPL-0025] IdealBinArea: 8402323
[INFO GPL-0026] IdealBinCnt: 500
[INFO GPL-0027] TotalBinArea: 4209184000
[INFO GPL-0028] BinCnt: 16 16
[INFO GPL-0029] BinSize: 4085 4025
[INFO GPL-0030] NumBins: 256
[NesterovSolve] Iter: 1 overflow: 0.966487 HPWL: 684103
[NesterovSolve] Iter: 10 overflow: 0.976038 HPWL: 374553
[NesterovSolve] Iter: 20 overflow: 0.975836 HPWL: 371818
[NesterovSolve] Iter: 30 overflow: 0.976075 HPWL: 371643
[NesterovSolve] Iter: 40 overflow: 0.975972 HPWL: 371535
[NesterovSolve] Iter: 50 overflow: 0.97595 HPWL: 371540
[NesterovSolve] Iter: 60 overflow: 0.975914 HPWL: 371893
[NesterovSolve] Iter: 70 overflow: 0.975759 HPWL: 372887
[NesterovSolve] Iter: 80 overflow: 0.975553 HPWL: 374699
[NesterovSolve] Iter: 90 overflow: 0.975122 HPWL: 377639
[NesterovSolve] Iter: 100 overflow: 0.974255 HPWL: 381800
[NesterovSolve] Iter: 110 overflow: 0.97213 HPWL: 387037
[NesterovSolve] Iter: 120 overflow: 0.966936 HPWL: 393966
[NesterovSolve] Iter: 130 overflow: 0.955857 HPWL: 403958
[NesterovSolve] Iter: 140 overflow: 0.955456 HPWL: 455297
[NesterovSolve] Iter: 150 overflow: 0.907607 HPWL: 614297
[NesterovSolve] Iter: 160 overflow: 0.884966 HPWL: 742861
[NesterovSolve] Iter: 170 overflow: 0.854293 HPWL: 848124
[NesterovSolve] Iter: 180 overflow: 0.81524 HPWL: 948689
[NesterovSolve] Iter: 190 overflow: 0.784159 HPWL: 1051137
[NesterovSolve] Iter: 200 overflow: 0.743789 HPWL: 1210183
[NesterovSolve] Iter: 210 overflow: 0.704715 HPWL: 1325566
[NesterovSolve] Iter: 220 overflow: 0.660614 HPWL: 1459854
[NesterovSolve] Iter: 230 overflow: 0.609837 HPWL: 1589584
[NesterovSolve] Iter: 240 overflow: 0.559595 HPWL: 1708332
[NesterovSolve] Iter: 250 overflow: 0.514026 HPWL: 1816724
[NesterovSolve] Iter: 260 overflow: 0.466074 HPWL: 1915969
[NesterovSolve] Iter: 270 overflow: 0.417507 HPWL: 1992718
[NesterovSolve] Iter: 280 overflow: 0.362419 HPWL: 2042286
[NesterovSolve] Iter: 290 overflow: 0.323245 HPWL: 2115529
[NesterovSolve] Iter: 300 overflow: 0.287331 HPWL: 2174005
[NesterovSolve] Iter: 310 overflow: 0.253042 HPWL: 2217336
[NesterovSolve] Iter: 320 overflow: 0.215429 HPWL: 2241542
[NesterovSolve] Iter: 330 overflow: 0.18943 HPWL: 2289655
[NesterovSolve] Iter: 340 overflow: 0.161254 HPWL: 2325090
[NesterovSolve] Iter: 350 overflow: 0.135713 HPWL: 2352267
[NesterovSolve] Iter: 360 overflow: 0.112906 HPWL: 2383866
[NesterovSolve] Finished with Overflow: 0.098337
Elapsed time: 0:00.19[h:]min:sec. CPU time: user 0.17 sys 0.02 (100%). Peak memory: 94828KB.
