OpenROAD v2.0-11432-gead3236e5 
This program is licensed under the BSD-3 license. See the LICENSE file for details.
Components of this program may be licensed under more restrictive licenses which must be honored.
[INFO] Deleted 0 routing obstructions
[INFO RCX-0431] Defined process_corner X with ext_model_index 0
[INFO RCX-0029] Defined extraction corner X
[INFO RCX-0008] extracting parasitics of gcd ...
[INFO RCX-0435] Reading extraction model file /home/jborg/Data/Research/DLPnR/OpenROAD-flow-scripts/flow/platforms/nangate45/rcx_patterns.rules ...
[INFO RCX-0436] RC segment generation gcd (max_merge_res 50.0) ...
[INFO RCX-0040] Final 1281 rc segments
[INFO RCX-0439] Coupling Cap extraction gcd ...
[INFO RCX-0440] Coupling threshhold is 0.1000 fF, coupling capacitance less than 0.1000 fF will be grounded.
[INFO RCX-0043] 2370 wires to be extracted
[INFO RCX-0442] 51% completion -- 1212 wires have been extracted
[INFO RCX-0442] 100% completion -- 2370 wires have been extracted
[INFO RCX-0045] Extract 516 nets, 1763 rsegs, 1763 caps, 3073 ccs
[INFO RCX-0015] Finished extracting gcd.
[INFO RCX-0016] Writing SPEF ...
[INFO RCX-0443] 516 nets finished
[INFO RCX-0017] Finished writing SPEF ...
[INFO PSM-0022] Using 1.100V for VDD
[WARNING PSM-0016] Voltage pad location (VSRC) file not specified, defaulting pad location to checkerboard pattern on core area.
[WARNING PSM-0017] X direction bump pitch is not specified, defaulting to 140um.
[WARNING PSM-0018] Y direction bump pitch is not specified, defaulting to 140um.
[WARNING PSM-0063] Specified bump pitches of 140.000 and 140.000 are less than core width of 32.680 or core height of 32.200. Changing bump location to the center of the die at (17.480, 17.500).
[WARNING PSM-0065] VSRC location not specified, using default checkerboard pattern with one VDD every size bumps in x-direction and one in two bumps in the y-direction
[INFO PSM-0076] Setting metal node density to be standard cell height times 5.
[WARNING PSM-0030] VSRC location at (17.480um, 17.500um) and size 10.000um, is not located on an existing power stripe node. Moving to closest node at (31.140um, 16.800um).
[INFO PSM-0031] Number of PDN nodes on net VDD = 122.
[INFO PSM-0064] Number of voltage sources = 1.
[INFO PSM-0040] All PDN stripes on net VDD are connected.
########## IR report #################
Corner: default
Worstcase voltage: 1.08e+00 V
Average IR drop  : 5.91e-03 V
Worstcase IR drop: 1.88e-02 V
######################################
[INFO PSM-0022] Using 0.000V for VSS
[WARNING PSM-0016] Voltage pad location (VSRC) file not specified, defaulting pad location to checkerboard pattern on core area.
[WARNING PSM-0017] X direction bump pitch is not specified, defaulting to 140um.
[WARNING PSM-0018] Y direction bump pitch is not specified, defaulting to 140um.
[WARNING PSM-0063] Specified bump pitches of 140.000 and 140.000 are less than core width of 32.680 or core height of 32.200. Changing bump location to the center of the die at (17.480, 17.500).
[WARNING PSM-0065] VSRC location not specified, using default checkerboard pattern with one VDD every size bumps in x-direction and one in two bumps in the y-direction
[INFO PSM-0076] Setting metal node density to be standard cell height times 5.
[WARNING PSM-0030] VSRC location at (17.480um, 17.500um) and size 10.000um, is not located on an existing power stripe node. Moving to closest node at (3.140um, 18.200um).
[INFO PSM-0031] Number of PDN nodes on net VSS = 122.
[INFO PSM-0064] Number of voltage sources = 1.
[INFO PSM-0040] All PDN stripes on net VSS are connected.
########## IR report #################
Corner: default
Worstcase voltage: 1.69e-02 V
Average IR drop  : 5.93e-03 V
Worstcase IR drop: 1.69e-02 V
######################################

==========================================================================
finish report_design_area
--------------------------------------------------------------------------
Design area 638 u^2 61% utilization.
Elapsed time: 0:00.94[h:]min:sec. CPU time: user 0.86 sys 0.06 (97%). Peak memory: 261784KB.
