OpenROAD autotuner-v1-2861-g832b18e7 
This program is licensed under the BSD-3 license. See the LICENSE file for details.
Components of this program may be licensed under more restrictive licenses which must be honored.
[INFO GPL-0002] DBU: 1000
[INFO GPL-0003] SiteSize: 460 2720
[INFO GPL-0004] CoreAreaLxLy: 2300 2720
[INFO GPL-0005] CoreAreaUxUy: 753940 753440
[INFO GPL-0006] NumInstances: 22140
[INFO GPL-0007] NumPlaceInstances: 14634
[INFO GPL-0008] NumFixedInstances: 7506
[INFO GPL-0009] NumDummyInstances: 0
[INFO GPL-0010] NumNets: 14899
[INFO GPL-0011] NumPins: 60716
[INFO GPL-0012] DieAreaLxLy: 0 0
[INFO GPL-0013] DieAreaUxUy: 756105 756105
[INFO GPL-0014] CoreAreaLxLy: 2300 2720
[INFO GPL-0015] CoreAreaUxUy: 753940 753440
[INFO GPL-0016] CoreArea: 564271180800
[INFO GPL-0017] NonPlaceInstsArea: 9391507200
[INFO GPL-0018] PlaceInstsArea: 139119676800
[INFO GPL-0019] Util(%): 25.07
[INFO GPL-0020] StdInstsArea: 139119676800
[INFO GPL-0021] MacroInstsArea: 0
[InitialPlace]  Iter: 1 CG residual: 0.00126735 HPWL: 619962505
[InitialPlace]  Iter: 2 CG residual: 0.00072941 HPWL: 285345626
[InitialPlace]  Iter: 3 CG residual: 0.00042896 HPWL: 282708064
[InitialPlace]  Iter: 4 CG residual: 0.00026210 HPWL: 282362891
[InitialPlace]  Iter: 5 CG residual: 0.00021517 HPWL: 281277466
[InitialPlace]  Iter: 6 CG residual: 0.00012968 HPWL: 281310387
[InitialPlace]  Iter: 7 CG residual: 0.00009179 HPWL: 280572147
[InitialPlace]  Iter: 8 CG residual: 0.00008402 HPWL: 280725062
[InitialPlace]  Iter: 9 CG residual: 0.00007548 HPWL: 279969014
[InitialPlace]  Iter: 10 CG residual: 0.00005982 HPWL: 280081284
[InitialPlace]  Iter: 11 CG residual: 0.00008379 HPWL: 279395850
[InitialPlace]  Iter: 12 CG residual: 0.00009156 HPWL: 279440590
[InitialPlace]  Iter: 13 CG residual: 0.00010567 HPWL: 278622916
[InitialPlace]  Iter: 14 CG residual: 0.00011126 HPWL: 278613904
[InitialPlace]  Iter: 15 CG residual: 0.00013352 HPWL: 277842523
[InitialPlace]  Iter: 16 CG residual: 0.00016216 HPWL: 277759659
[InitialPlace]  Iter: 17 CG residual: 0.00017633 HPWL: 276890656
[InitialPlace]  Iter: 18 CG residual: 0.00018121 HPWL: 276763472
[InitialPlace]  Iter: 19 CG residual: 0.00063306 HPWL: 275912705
[InitialPlace]  Iter: 20 CG residual: 0.00014653 HPWL: 275474815
[INFO GPL-0031] FillerInit: NumGCells: 36037
[INFO GPL-0032] FillerInit: NumGNets: 14899
[INFO GPL-0033] FillerInit: NumGPins: 60716
[INFO GPL-0023] TargetDensity: 0.60
[INFO GPL-0024] AveragePlaceInstArea: 9506606
[INFO GPL-0025] IdealBinArea: 15844343
[INFO GPL-0026] IdealBinCnt: 35613
[INFO GPL-0027] TotalBinArea: 564271180800
[INFO GPL-0028] BinCnt: 128 128
[INFO GPL-0029] BinSize: 5873 5865
[INFO GPL-0030] NumBins: 16384
[NesterovSolve] Iter: 1 overflow: 0.913497 HPWL: 228873122
[NesterovSolve] Iter: 10 overflow: 0.801861 HPWL: 263128172
[NesterovSolve] Iter: 20 overflow: 0.791191 HPWL: 269286296
[NesterovSolve] Iter: 30 overflow: 0.79166 HPWL: 264622040
[NesterovSolve] Iter: 40 overflow: 0.790204 HPWL: 262584036
[NesterovSolve] Iter: 50 overflow: 0.787503 HPWL: 262299256
[NesterovSolve] Iter: 60 overflow: 0.787659 HPWL: 260637126
[NesterovSolve] Iter: 70 overflow: 0.787039 HPWL: 259354506
[NesterovSolve] Iter: 80 overflow: 0.789056 HPWL: 258399585
[NesterovSolve] Iter: 90 overflow: 0.789793 HPWL: 257499344
[NesterovSolve] Iter: 100 overflow: 0.788867 HPWL: 256753769
[NesterovSolve] Iter: 110 overflow: 0.790208 HPWL: 256180516
[NesterovSolve] Iter: 120 overflow: 0.790684 HPWL: 256059503
[NesterovSolve] Iter: 130 overflow: 0.790738 HPWL: 256151210
[NesterovSolve] Iter: 140 overflow: 0.791385 HPWL: 256591704
[NesterovSolve] Iter: 150 overflow: 0.79029 HPWL: 257564529
[NesterovSolve] Iter: 160 overflow: 0.789531 HPWL: 259235958
[NesterovSolve] Iter: 170 overflow: 0.787201 HPWL: 261764092
[NesterovSolve] Iter: 180 overflow: 0.784528 HPWL: 265746390
[INFO GPL-0100] worst slack 6.08e-10
[INFO GPL-0103] Weighted 1489 nets.
[NesterovSolve] Iter: 190 overflow: 0.783294 HPWL: 265830071
[NesterovSolve] Iter: 200 overflow: 0.779403 HPWL: 268145553
[NesterovSolve] Iter: 210 overflow: 0.772404 HPWL: 275517758
[NesterovSolve] Iter: 220 overflow: 0.762343 HPWL: 285380928
[NesterovSolve] Iter: 230 overflow: 0.746788 HPWL: 301202974
[NesterovSolve] Iter: 240 overflow: 0.726572 HPWL: 314632396
[NesterovSolve] Iter: 250 overflow: 0.705217 HPWL: 328674542
[NesterovSolve] Iter: 260 overflow: 0.679415 HPWL: 341867806
[NesterovSolve] Iter: 270 overflow: 0.647308 HPWL: 356970161
[INFO GPL-0100] worst slack 6.76e-10
[INFO GPL-0103] Weighted 1489 nets.
[NesterovSolve] Iter: 280 overflow: 0.6125 HPWL: 369742488
[NesterovSolve] Snapshot saved at iter = 282
[NesterovSolve] Iter: 290 overflow: 0.572867 HPWL: 384178893
[NesterovSolve] Iter: 300 overflow: 0.527651 HPWL: 398031337
[INFO GPL-0100] worst slack 4.19e-10
[INFO GPL-0103] Weighted 1488 nets.
[NesterovSolve] Iter: 310 overflow: 0.479219 HPWL: 412522580
[NesterovSolve] Iter: 320 overflow: 0.422947 HPWL: 426536708
[NesterovSolve] Iter: 330 overflow: 0.35396 HPWL: 442931422
[NesterovSolve] Iter: 340 overflow: 0.28976 HPWL: 456150033
[INFO GPL-0100] worst slack 3.11e-10
[INFO GPL-0103] Weighted 1489 nets.
[NesterovSolve] Iter: 350 overflow: 0.236647 HPWL: 468748886
[INFO GPL-0100] worst slack 3.34e-10
[INFO GPL-0103] Weighted 1482 nets.
[NesterovSolve] Iter: 360 overflow: 0.196349 HPWL: 477874360
[INFO GPL-0075] Routability numCall: 1 inflationIterCnt: 1 bloatIterCnt: 0
[INFO GPL-0036] TileLxLy: 0 0
[INFO GPL-0037] TileSize: 6900 6900
[INFO GPL-0038] TileCnt: 109 109
[INFO GPL-0039] numRoutingLayers: 6
[INFO GPL-0040] NumTiles: 11881
[INFO GPL-0063] TotalRouteOverflowH2: 30.500001668930054
[INFO GPL-0064] TotalRouteOverflowV2: 180.76667964458466
[INFO GPL-0065] OverflowTileCnt2: 1249
[INFO GPL-0066] 0.5%RC: 1.401120469349773
[INFO GPL-0067] 1.0%RC: 1.3333333560398646
[INFO GPL-0068] 2.0%RC: 1.2541316549818056
[INFO GPL-0069] 5.0%RC: 1.152032531240189
[INFO GPL-0070] 0.5rcK: 1.0
[INFO GPL-0071] 1.0rcK: 1.0
[INFO GPL-0072] 2.0rcK: 0.0
[INFO GPL-0073] 5.0rcK: 0.0
[INFO GPL-0074] FinalRC: 1.367227
[INFO GPL-0045] InflatedAreaDelta: 29629002180
[INFO GPL-0046] TargetDensity: 0.6
[INFO GPL-0049] WhiteSpaceArea: 554879673600
[INFO GPL-0050] NesterovInstsArea: 139119676800
[INFO GPL-0051] TotalFillerArea: 193808151168
[INFO GPL-0052] TotalGCellsArea: 332927827968
[INFO GPL-0053] ExpectedTotalGCellsArea: 362556830148
[INFO GPL-0054] NewTargetDensity: 0.6533972
[INFO GPL-0055] NewWhiteSpaceArea: 554879673600
[INFO GPL-0056] MovableArea: 362556817408
[INFO GPL-0057] NewNesterovInstsArea: 168748678980
[INFO GPL-0058] NewTotalFillerArea: 193808138428
[INFO GPL-0059] NewTotalGCellsArea: 362556817408
[NesterovSolve] Revert back to snapshot coordi
[NesterovSolve] Iter: 370 overflow: 0.59641 HPWL: 405501960
[NesterovSolve] Iter: 380 overflow: 0.534093 HPWL: 431138623
[NesterovSolve] Iter: 390 overflow: 0.48649 HPWL: 442393490
[NesterovSolve] Iter: 400 overflow: 0.438055 HPWL: 453512700
[NesterovSolve] Iter: 410 overflow: 0.382319 HPWL: 465631964
[NesterovSolve] Iter: 420 overflow: 0.320536 HPWL: 479584249
[NesterovSolve] Iter: 430 overflow: 0.264126 HPWL: 492000608
[NesterovSolve] Iter: 440 overflow: 0.219506 HPWL: 502449687
[INFO GPL-0075] Routability numCall: 2 inflationIterCnt: 2 bloatIterCnt: 0
[INFO GPL-0036] TileLxLy: 0 0
[INFO GPL-0037] TileSize: 6900 6900
[INFO GPL-0038] TileCnt: 109 109
[INFO GPL-0039] numRoutingLayers: 6
[INFO GPL-0040] NumTiles: 11881
[INFO GPL-0063] TotalRouteOverflowH2: 18.550001859664917
[INFO GPL-0064] TotalRouteOverflowV2: 114.03334200382233
[INFO GPL-0065] OverflowTileCnt2: 833
[INFO GPL-0066] 0.5%RC: 1.336414583590852
[INFO GPL-0067] 1.0%RC: 1.2617647167013473
[INFO GPL-0068] 2.0%RC: 1.2066526538183708
[INFO GPL-0069] 5.0%RC: 1.0959069318787404
[INFO GPL-0070] 0.5rcK: 1.0
[INFO GPL-0071] 1.0rcK: 1.0
[INFO GPL-0072] 2.0rcK: 0.0
[INFO GPL-0073] 5.0rcK: 0.0
[INFO GPL-0074] FinalRC: 1.2990897
[INFO GPL-0045] InflatedAreaDelta: 22392716488
[INFO GPL-0046] TargetDensity: 0.6533972
[INFO GPL-0049] WhiteSpaceArea: 554879673600
[INFO GPL-0050] NesterovInstsArea: 168748678980
[INFO GPL-0051] TotalFillerArea: 193808138428
[INFO GPL-0052] TotalGCellsArea: 362556817408
[INFO GPL-0053] ExpectedTotalGCellsArea: 384949533896
[INFO GPL-0054] NewTargetDensity: 0.6937531
[INFO GPL-0055] NewWhiteSpaceArea: 554879673600
[INFO GPL-0056] MovableArea: 384949518336
[INFO GPL-0057] NewNesterovInstsArea: 191141395468
[INFO GPL-0058] NewTotalFillerArea: 193808122868
[INFO GPL-0059] NewTotalGCellsArea: 384949518336
[NesterovSolve] Revert back to snapshot coordi
[NesterovSolve] Iter: 450 overflow: 0.350785 HPWL: 573260682
[NesterovSolve] Iter: 460 overflow: 0.513125 HPWL: 543435639
[NesterovSolve] Iter: 470 overflow: 0.509518 HPWL: 484324413
[NesterovSolve] Iter: 480 overflow: 0.457753 HPWL: 478392291
[NesterovSolve] Iter: 490 overflow: 0.401606 HPWL: 485190004
[NesterovSolve] Iter: 500 overflow: 0.337908 HPWL: 496346213
[NesterovSolve] Iter: 510 overflow: 0.279446 HPWL: 508102092
[NesterovSolve] Iter: 520 overflow: 0.233744 HPWL: 518295308
[NesterovSolve] Iter: 530 overflow: 0.197047 HPWL: 525826066
[INFO GPL-0075] Routability numCall: 3 inflationIterCnt: 3 bloatIterCnt: 0
[INFO GPL-0036] TileLxLy: 0 0
[INFO GPL-0037] TileSize: 6900 6900
[INFO GPL-0038] TileCnt: 109 109
[INFO GPL-0039] numRoutingLayers: 6
[INFO GPL-0040] NumTiles: 11881
[INFO GPL-0063] TotalRouteOverflowH2: 9.650000929832458
[INFO GPL-0064] TotalRouteOverflowV2: 82.86667442321777
[INFO GPL-0065] OverflowTileCnt2: 648
[INFO GPL-0066] 0.5%RC: 1.2630252387343335
[INFO GPL-0067] 1.0%RC: 1.2148459328322851
[INFO GPL-0068] 2.0%RC: 1.161204487335782
[INFO GPL-0069] 5.0%RC: 1.069694427605734
[INFO GPL-0070] 0.5rcK: 1.0
[INFO GPL-0071] 1.0rcK: 1.0
[INFO GPL-0072] 2.0rcK: 0.0
[INFO GPL-0073] 5.0rcK: 0.0
[INFO GPL-0074] FinalRC: 1.2389356
[NesterovSolve] Iter: 540 overflow: 0.166995 HPWL: 531037745
[NesterovSolve] Iter: 550 overflow: 0.142385 HPWL: 534981420
[INFO GPL-0100] worst slack 1.91e-10
[INFO GPL-0103] Weighted 1489 nets.
[NesterovSolve] Iter: 560 overflow: 0.12106 HPWL: 537983244
[NesterovSolve] Iter: 570 overflow: 0.102622 HPWL: 540072339
[NesterovSolve] Finished with Overflow: 0.099195

==========================================================================
global place check_setup
--------------------------------------------------------------------------

==========================================================================
global place report_tns
--------------------------------------------------------------------------
tns -1342.42

==========================================================================
global place report_wns
--------------------------------------------------------------------------
wns -6.21

==========================================================================
global place report_worst_slack
--------------------------------------------------------------------------
worst slack -6.21

==========================================================================
global place report_checks -path_delay min
--------------------------------------------------------------------------
Startpoint: _33467_ (rising edge-triggered flip-flop clocked by clk)
Endpoint: _33467_ (rising edge-triggered flip-flop clocked by clk)
Path Group: clk
Path Type: min

Fanout     Cap    Slew   Delay    Time   Description
-----------------------------------------------------------------------------
                  0.00    0.00    0.00   clock clk (rise edge)
                          0.00    0.00   clock network delay (ideal)
                  0.00    0.00    0.00 ^ _33467_/CLK (sky130_fd_sc_hd__dfxtp_1)
     4    0.01    0.07    0.31    0.31 v _33467_/Q (sky130_fd_sc_hd__dfxtp_1)
                                         u0.r0.rcnt[0] (net)
                  0.07    0.00    0.31 v _33051_/B (sky130_fd_sc_hd__nor2_1)
     1    0.00    0.07    0.08    0.40 ^ _33051_/Y (sky130_fd_sc_hd__nor2_1)
                                         _00525_ (net)
                  0.07    0.00    0.40 ^ _33467_/D (sky130_fd_sc_hd__dfxtp_1)
                                  0.40   data arrival time

                  0.00    0.00    0.00   clock clk (rise edge)
                          0.00    0.00   clock network delay (ideal)
                          0.00    0.00   clock reconvergence pessimism
                                  0.00 ^ _33467_/CLK (sky130_fd_sc_hd__dfxtp_1)
                         -0.04   -0.04   library hold time
                                 -0.04   data required time
-----------------------------------------------------------------------------
                                 -0.04   data required time
                                 -0.40   data arrival time
-----------------------------------------------------------------------------
                                  0.44   slack (MET)



==========================================================================
global place report_checks -path_delay max
--------------------------------------------------------------------------
Startpoint: _33464_ (rising edge-triggered flip-flop clocked by clk)
Endpoint: _33353_ (rising edge-triggered flip-flop clocked by clk)
Path Group: clk
Path Type: max

Fanout     Cap    Slew   Delay    Time   Description
-----------------------------------------------------------------------------
                  0.00    0.00    0.00   clock clk (rise edge)
                          0.00    0.00   clock network delay (ideal)
                  0.00    0.00    0.00 ^ _33464_/CLK (sky130_fd_sc_hd__dfxtp_1)
   131    1.17   10.77    7.72    7.72 ^ _33464_/Q (sky130_fd_sc_hd__dfxtp_1)
                                         ld_r (net)
                 10.77    0.05    7.77 ^ _32643_/S (sky130_fd_sc_hd__mux2i_1)
     1    0.05    1.89    2.79   10.56 v _32643_/Y (sky130_fd_sc_hd__mux2i_1)
                                         _08293_ (net)
                  1.89    0.01   10.57 v _32644_/B (sky130_fd_sc_hd__xnor2_1)
     1    0.02    0.65    1.06   11.63 ^ _32644_/Y (sky130_fd_sc_hd__xnor2_1)
                                         _00066_ (net)
                  0.65    0.00   11.63 ^ _33353_/D (sky130_fd_sc_hd__dfxtp_1)
                                 11.63   data arrival time

                  0.00    5.60    5.60   clock clk (rise edge)
                          0.00    5.60   clock network delay (ideal)
                          0.00    5.60   clock reconvergence pessimism
                                  5.60 ^ _33353_/CLK (sky130_fd_sc_hd__dfxtp_1)
                         -0.18    5.42   library setup time
                                  5.42   data required time
-----------------------------------------------------------------------------
                                  5.42   data required time
                                -11.63   data arrival time
-----------------------------------------------------------------------------
                                 -6.21   slack (VIOLATED)



==========================================================================
global place report_checks -unconstrained
--------------------------------------------------------------------------
Startpoint: _33464_ (rising edge-triggered flip-flop clocked by clk)
Endpoint: _33353_ (rising edge-triggered flip-flop clocked by clk)
Path Group: clk
Path Type: max

Fanout     Cap    Slew   Delay    Time   Description
-----------------------------------------------------------------------------
                  0.00    0.00    0.00   clock clk (rise edge)
                          0.00    0.00   clock network delay (ideal)
                  0.00    0.00    0.00 ^ _33464_/CLK (sky130_fd_sc_hd__dfxtp_1)
   131    1.17   10.77    7.72    7.72 ^ _33464_/Q (sky130_fd_sc_hd__dfxtp_1)
                                         ld_r (net)
                 10.77    0.05    7.77 ^ _32643_/S (sky130_fd_sc_hd__mux2i_1)
     1    0.05    1.89    2.79   10.56 v _32643_/Y (sky130_fd_sc_hd__mux2i_1)
                                         _08293_ (net)
                  1.89    0.01   10.57 v _32644_/B (sky130_fd_sc_hd__xnor2_1)
     1    0.02    0.65    1.06   11.63 ^ _32644_/Y (sky130_fd_sc_hd__xnor2_1)
                                         _00066_ (net)
                  0.65    0.00   11.63 ^ _33353_/D (sky130_fd_sc_hd__dfxtp_1)
                                 11.63   data arrival time

                  0.00    5.60    5.60   clock clk (rise edge)
                          0.00    5.60   clock network delay (ideal)
                          0.00    5.60   clock reconvergence pessimism
                                  5.60 ^ _33353_/CLK (sky130_fd_sc_hd__dfxtp_1)
                         -0.18    5.42   library setup time
                                  5.42   data required time
-----------------------------------------------------------------------------
                                  5.42   data required time
                                -11.63   data arrival time
-----------------------------------------------------------------------------
                                 -6.21   slack (VIOLATED)



==========================================================================
global place report_power
--------------------------------------------------------------------------
Group                  Internal  Switching    Leakage      Total
                          Power      Power      Power      Power (Watts)
----------------------------------------------------------------
Sequential             5.64e-03   1.76e-02   4.47e-09   2.32e-02  20.4%
Combinational          2.93e-02   6.10e-02   2.67e-08   9.03e-02  79.6%
Macro                  0.00e+00   0.00e+00   0.00e+00   0.00e+00   0.0%
Pad                    0.00e+00   0.00e+00   0.00e+00   0.00e+00   0.0%
----------------------------------------------------------------
Total                  3.49e-02   7.86e-02   3.12e-08   1.14e-01 100.0%
                          30.8%      69.2%       0.0%

==========================================================================
global place report_design_area
--------------------------------------------------------------------------
Design area 111891 u^2 20% utilization.

Elapsed time: 4:01.31[h:]min:sec. CPU time: user 2768.36 sys 0.12 (1147%). Peak memory: 307664KB.
