OpenROAD v2.0-11432-gead3236e5 
This program is licensed under the BSD-3 license. See the LICENSE file for details.
Components of this program may be licensed under more restrictive licenses which must be honored.
[INFO GPL-0002] DBU: 1000
[INFO GPL-0003] SiteSize: 460 2720
[INFO GPL-0004] CoreAreaLxLy: 250240 250240
[INFO GPL-0005] CoreAreaUxUy: 4949600 4346560
[INFO GPL-0006] NumInstances: 480747
[INFO GPL-0007] NumPlaceInstances: 286594
[INFO GPL-0008] NumFixedInstances: 167352
[INFO GPL-0009] NumDummyInstances: 26801
[INFO GPL-0010] NumNets: 298481
[INFO GPL-0011] NumPins: 1069655
[INFO GPL-0012] DieAreaLxLy: 0 0
[INFO GPL-0013] DieAreaUxUy: 5200000 4609140
[INFO GPL-0014] CoreAreaLxLy: 250240 250240
[INFO GPL-0015] CoreAreaUxUy: 4949600 4346560
[INFO GPL-0016] CoreArea: 19250082355200
[INFO GPL-0017] NonPlaceInstsArea: 8602664387200
[INFO GPL-0018] PlaceInstsArea: 3522970057600
[INFO GPL-0019] Util(%): 33.09
[INFO GPL-0020] StdInstsArea: 3522970057600
[INFO GPL-0021] MacroInstsArea: 0
[INFO GPL-0031] FillerInit: NumGCells: 524669
[INFO GPL-0032] FillerInit: NumGNets: 298481
[INFO GPL-0033] FillerInit: NumGPins: 1069655
[INFO GPL-0023] TargetDensity: 0.60
[INFO GPL-0024] AveragePlaceInstArea: 12292546
[INFO GPL-0025] IdealBinArea: 20487576
[INFO GPL-0026] IdealBinCnt: 939597
[INFO GPL-0027] TotalBinArea: 19250082355200
[INFO GPL-0028] BinCnt: 512 512
[INFO GPL-0029] BinSize: 9179 8001
[INFO GPL-0030] NumBins: 262144
[NesterovSolve] Iter: 1 overflow: 0.997158 HPWL: 5122722961
[NesterovSolve] Iter: 10 overflow: 0.985452 HPWL: 5370333855
[NesterovSolve] Iter: 20 overflow: 0.979276 HPWL: 5431578027
[NesterovSolve] Iter: 30 overflow: 0.974271 HPWL: 5549923590
[NesterovSolve] Iter: 40 overflow: 0.970065 HPWL: 5660321574
[NesterovSolve] Iter: 50 overflow: 0.965508 HPWL: 5802531339
[NesterovSolve] Iter: 60 overflow: 0.962745 HPWL: 5886814058
[NesterovSolve] Iter: 70 overflow: 0.961356 HPWL: 5916711945
[NesterovSolve] Iter: 80 overflow: 0.960343 HPWL: 5930988672
[NesterovSolve] Iter: 90 overflow: 0.958866 HPWL: 5943165421
[NesterovSolve] Iter: 100 overflow: 0.957643 HPWL: 5954305886
[NesterovSolve] Iter: 110 overflow: 0.956609 HPWL: 5970516849
[NesterovSolve] Iter: 120 overflow: 0.955101 HPWL: 6003420811
[NesterovSolve] Iter: 130 overflow: 0.953476 HPWL: 6050887602
[NesterovSolve] Iter: 140 overflow: 0.951908 HPWL: 6111690185
[NesterovSolve] Iter: 150 overflow: 0.950206 HPWL: 6190564102
[NesterovSolve] Iter: 160 overflow: 0.948498 HPWL: 6279969492
[NesterovSolve] Iter: 170 overflow: 0.946335 HPWL: 6378723792
[NesterovSolve] Iter: 180 overflow: 0.943618 HPWL: 6511810037
[NesterovSolve] Iter: 190 overflow: 0.93963 HPWL: 6720249304
[NesterovSolve] Iter: 200 overflow: 0.933742 HPWL: 7035480492
[NesterovSolve] Iter: 210 overflow: 0.92491 HPWL: 7484371049
[NesterovSolve] Iter: 220 overflow: 0.913853 HPWL: 8081586805
[NesterovSolve] Iter: 230 overflow: 0.899546 HPWL: 8829631220
[NesterovSolve] Iter: 240 overflow: 0.881838 HPWL: 9680999243
[NesterovSolve] Iter: 250 overflow: 0.866714 HPWL: 10585039156
[NesterovSolve] Iter: 260 overflow: 0.850743 HPWL: 11466087538
[NesterovSolve] Iter: 270 overflow: 0.836682 HPWL: 12144555715
[NesterovSolve] Iter: 280 overflow: 0.818624 HPWL: 12811481498
[NesterovSolve] Iter: 290 overflow: 0.783565 HPWL: 13735190541
[NesterovSolve] Iter: 300 overflow: 0.739287 HPWL: 14423335150
[NesterovSolve] Iter: 310 overflow: 0.713164 HPWL: 14556231561
[NesterovSolve] Iter: 320 overflow: 0.662673 HPWL: 14653254534
[NesterovSolve] Iter: 330 overflow: 0.614787 HPWL: 14135392661
[NesterovSolve] Iter: 340 overflow: 0.568731 HPWL: 14392062786
[NesterovSolve] Iter: 350 overflow: 0.520213 HPWL: 15495326067
[NesterovSolve] Iter: 360 overflow: 0.484589 HPWL: 16376086462
[NesterovSolve] Iter: 370 overflow: 0.439065 HPWL: 16198298209
[NesterovSolve] Iter: 380 overflow: 0.396125 HPWL: 15731979762
[NesterovSolve] Iter: 390 overflow: 0.354338 HPWL: 15350871304
[NesterovSolve] Iter: 400 overflow: 0.322022 HPWL: 14932961628
[NesterovSolve] Iter: 410 overflow: 0.289822 HPWL: 14736627132
[NesterovSolve] Iter: 420 overflow: 0.261435 HPWL: 14351016401
[NesterovSolve] Iter: 430 overflow: 0.231751 HPWL: 14036504054
[NesterovSolve] Iter: 440 overflow: 0.204716 HPWL: 13674060624
[NesterovSolve] Iter: 450 overflow: 0.181299 HPWL: 13310139190
[NesterovSolve] Iter: 460 overflow: 0.160482 HPWL: 12950010112
[NesterovSolve] Iter: 470 overflow: 0.142665 HPWL: 12605715156
[NesterovSolve] Iter: 480 overflow: 0.124793 HPWL: 12339616467
[NesterovSolve] Iter: 490 overflow: 0.109095 HPWL: 12155916500
[NesterovSolve] Finished with Overflow: 0.099986
Elapsed time: 1:15.22[h:]min:sec. CPU time: user 74.74 sys 0.47 (99%). Peak memory: 1376152KB.
