OpenROAD v2.0-11432-gead3236e5 
This program is licensed under the BSD-3 license. See the LICENSE file for details.
Components of this program may be licensed under more restrictive licenses which must be honored.
[INFO GPL-0002] DBU: 1000
[INFO GPL-0003] SiteSize: 460 2720
[INFO GPL-0004] CoreAreaLxLy: 460 2720
[INFO GPL-0005] CoreAreaUxUy: 599380 894880
[INFO GPL-0006] NumInstances: 17300
[INFO GPL-0007] NumPlaceInstances: 10205
[INFO GPL-0008] NumFixedInstances: 7095
[INFO GPL-0009] NumDummyInstances: 0
[INFO GPL-0010] NumNets: 5920
[INFO GPL-0011] NumPins: 30623
[INFO GPL-0012] DieAreaLxLy: 0 0
[INFO GPL-0013] DieAreaUxUy: 600000 900000
[INFO GPL-0014] CoreAreaLxLy: 460 2720
[INFO GPL-0015] CoreAreaUxUy: 599380 894880
[INFO GPL-0016] CoreArea: 534332467200
[INFO GPL-0017] NonPlaceInstsArea: 8877264000
[INFO GPL-0018] PlaceInstsArea: 179920057600
[INFO GPL-0019] Util(%): 34.24
[INFO GPL-0020] StdInstsArea: 179920057600
[INFO GPL-0021] MacroInstsArea: 0
[INFO GPL-0031] FillerInit: NumGCells: 17772
[INFO GPL-0032] FillerInit: NumGNets: 5920
[INFO GPL-0033] FillerInit: NumGPins: 30623
[INFO GPL-0023] TargetDensity: 0.60
[INFO GPL-0024] AveragePlaceInstArea: 17630578
[INFO GPL-0025] IdealBinArea: 29384296
[INFO GPL-0026] IdealBinCnt: 18184
[INFO GPL-0027] TotalBinArea: 534332467200
[INFO GPL-0028] BinCnt: 128 128
[INFO GPL-0029] BinSize: 4680 6970
[INFO GPL-0030] NumBins: 16384
[NesterovSolve] Iter: 1 overflow: 0.999004 HPWL: 18772726
[NesterovSolve] Iter: 10 overflow: 0.998578 HPWL: 3096159
[NesterovSolve] Iter: 20 overflow: 0.998578 HPWL: 2647292
[NesterovSolve] Iter: 30 overflow: 0.998578 HPWL: 2655663
[NesterovSolve] Iter: 40 overflow: 0.998578 HPWL: 2620570
[NesterovSolve] Iter: 50 overflow: 0.998578 HPWL: 2578633
[NesterovSolve] Iter: 60 overflow: 0.998578 HPWL: 2528936
[NesterovSolve] Iter: 70 overflow: 0.998578 HPWL: 2467661
[NesterovSolve] Iter: 80 overflow: 0.998546 HPWL: 2372662
[NesterovSolve] Iter: 90 overflow: 0.998353 HPWL: 2396475
[NesterovSolve] Iter: 100 overflow: 0.998118 HPWL: 2574750
[NesterovSolve] Iter: 110 overflow: 0.997631 HPWL: 3144924
[NesterovSolve] Iter: 120 overflow: 0.997133 HPWL: 4819178
[NesterovSolve] Iter: 130 overflow: 0.996548 HPWL: 7360874
[NesterovSolve] Iter: 140 overflow: 0.995829 HPWL: 9917268
[NesterovSolve] Iter: 150 overflow: 0.994728 HPWL: 12545147
[NesterovSolve] Iter: 160 overflow: 0.993562 HPWL: 16178749
[NesterovSolve] Iter: 170 overflow: 0.991607 HPWL: 22231787
[NesterovSolve] Iter: 180 overflow: 0.984623 HPWL: 31187114
[NesterovSolve] Iter: 190 overflow: 0.979473 HPWL: 44934909
[NesterovSolve] Iter: 200 overflow: 0.967612 HPWL: 64545374
[NesterovSolve] Iter: 210 overflow: 0.937111 HPWL: 83082457
[NesterovSolve] Iter: 220 overflow: 0.907414 HPWL: 94483929
[NesterovSolve] Iter: 230 overflow: 0.894925 HPWL: 104800449
[NesterovSolve] Iter: 240 overflow: 0.863376 HPWL: 113666170
[NesterovSolve] Iter: 250 overflow: 0.834237 HPWL: 122654819
[NesterovSolve] Iter: 260 overflow: 0.803845 HPWL: 128326835
[NesterovSolve] Iter: 270 overflow: 0.769897 HPWL: 132589009
[NesterovSolve] Iter: 280 overflow: 0.742935 HPWL: 135104977
[NesterovSolve] Iter: 290 overflow: 0.716135 HPWL: 139586934
[NesterovSolve] Iter: 300 overflow: 0.700904 HPWL: 147568813
[NesterovSolve] Iter: 310 overflow: 0.671033 HPWL: 157977738
[NesterovSolve] Iter: 320 overflow: 0.551754 HPWL: 157549950
[NesterovSolve] Iter: 330 overflow: 0.486134 HPWL: 169384989
[NesterovSolve] Iter: 340 overflow: 0.433752 HPWL: 170144938
[NesterovSolve] Iter: 350 overflow: 0.38044 HPWL: 170255079
[NesterovSolve] Iter: 360 overflow: 0.325189 HPWL: 169812183
[NesterovSolve] Iter: 370 overflow: 0.284737 HPWL: 168540937
[NesterovSolve] Iter: 380 overflow: 0.246469 HPWL: 162672478
[NesterovSolve] Iter: 390 overflow: 0.212947 HPWL: 162834609
[NesterovSolve] Iter: 400 overflow: 0.185918 HPWL: 162753760
[NesterovSolve] Iter: 410 overflow: 0.15868 HPWL: 162901601
[NesterovSolve] Iter: 420 overflow: 0.137728 HPWL: 163355917
[NesterovSolve] Iter: 430 overflow: 0.114714 HPWL: 163753267
[NesterovSolve] Iter: 440 overflow: 0.100924 HPWL: 164603125
[NesterovSolve] Finished with Overflow: 0.098903
Elapsed time: 0:02.06[h:]min:sec. CPU time: user 2.03 sys 0.02 (100%). Peak memory: 135404KB.
