OpenROAD v2.0-11432-gead3236e5 
This program is licensed under the BSD-3 license. See the LICENSE file for details.
Components of this program may be licensed under more restrictive licenses which must be honored.
global_placement -density 0.60 -pad_left 1 -pad_right 1 -routability_driven -timing_driven
[INFO GPL-0002] DBU: 1000
[INFO GPL-0003] SiteSize: 460 2720
[INFO GPL-0004] CoreAreaLxLy: 460 2720
[INFO GPL-0005] CoreAreaUxUy: 599380 894880
[INFO GPL-0006] NumInstances: 17300
[INFO GPL-0007] NumPlaceInstances: 10205
[INFO GPL-0008] NumFixedInstances: 7095
[INFO GPL-0009] NumDummyInstances: 0
[INFO GPL-0010] NumNets: 5920
[INFO GPL-0011] NumPins: 30835
[INFO GPL-0012] DieAreaLxLy: 0 0
[INFO GPL-0013] DieAreaUxUy: 600000 900000
[INFO GPL-0014] CoreAreaLxLy: 460 2720
[INFO GPL-0015] CoreAreaUxUy: 599380 894880
[INFO GPL-0016] CoreArea: 534332467200
[INFO GPL-0017] NonPlaceInstsArea: 8877264000
[INFO GPL-0018] PlaceInstsArea: 179920057600
[INFO GPL-0019] Util(%): 34.24
[INFO GPL-0020] StdInstsArea: 179920057600
[INFO GPL-0021] MacroInstsArea: 0
[InitialPlace]  Iter: 1 CG residual: 0.00034540 HPWL: 264544118
[InitialPlace]  Iter: 2 CG residual: 0.00475712 HPWL: 171184037
[InitialPlace]  Iter: 3 CG residual: 0.00319796 HPWL: 169704396
[InitialPlace]  Iter: 4 CG residual: 0.00172064 HPWL: 166450233
[InitialPlace]  Iter: 5 CG residual: 0.00208467 HPWL: 161593967
[InitialPlace]  Iter: 6 CG residual: 0.00036736 HPWL: 157518327
[InitialPlace]  Iter: 7 CG residual: 0.00003050 HPWL: 155622088
[InitialPlace]  Iter: 8 CG residual: 0.00005960 HPWL: 155106270
[InitialPlace]  Iter: 9 CG residual: 0.00005203 HPWL: 154892295
[InitialPlace]  Iter: 10 CG residual: 0.00002170 HPWL: 154783085
[InitialPlace]  Iter: 11 CG residual: 0.00004219 HPWL: 154746382
[InitialPlace]  Iter: 12 CG residual: 0.00001976 HPWL: 154586881
[InitialPlace]  Iter: 13 CG residual: 0.00003753 HPWL: 154682785
[InitialPlace]  Iter: 14 CG residual: 0.00000611 HPWL: 154458787
[INFO GPL-0031] FillerInit: NumGCells: 17772
[INFO GPL-0032] FillerInit: NumGNets: 5920
[INFO GPL-0033] FillerInit: NumGPins: 30835
[INFO GPL-0023] TargetDensity: 0.60
[INFO GPL-0024] AveragePlaceInstArea: 17630578
[INFO GPL-0025] IdealBinArea: 29384296
[INFO GPL-0026] IdealBinCnt: 18184
[INFO GPL-0027] TotalBinArea: 534332467200
[INFO GPL-0028] BinCnt: 128 128
[INFO GPL-0029] BinSize: 4680 6970
[INFO GPL-0030] NumBins: 16384
[NesterovSolve] Iter: 1 overflow: 0.986088 HPWL: 100861941
[NesterovSolve] Iter: 10 overflow: 0.982524 HPWL: 149416306
[NesterovSolve] Iter: 20 overflow: 0.979238 HPWL: 150886408
[NesterovSolve] Iter: 30 overflow: 0.978377 HPWL: 148371080
[NesterovSolve] Iter: 40 overflow: 0.977713 HPWL: 149033578
[NesterovSolve] Iter: 50 overflow: 0.975543 HPWL: 148867884
[NesterovSolve] Iter: 60 overflow: 0.977926 HPWL: 149299497
[NesterovSolve] Iter: 70 overflow: 0.979024 HPWL: 149719773
[NesterovSolve] Iter: 80 overflow: 0.977796 HPWL: 149835247
[NesterovSolve] Iter: 90 overflow: 0.978093 HPWL: 149898643
[NesterovSolve] Iter: 100 overflow: 0.977878 HPWL: 149889948
[NesterovSolve] Iter: 110 overflow: 0.978668 HPWL: 149800032
[NesterovSolve] Iter: 120 overflow: 0.97801 HPWL: 149736644
[NesterovSolve] Iter: 130 overflow: 0.977515 HPWL: 149864547
[NesterovSolve] Iter: 140 overflow: 0.97593 HPWL: 150279263
[NesterovSolve] Iter: 150 overflow: 0.975988 HPWL: 150955924
[NesterovSolve] Iter: 160 overflow: 0.976523 HPWL: 152083089
[NesterovSolve] Iter: 170 overflow: 0.975921 HPWL: 153781041
[NesterovSolve] Iter: 180 overflow: 0.97374 HPWL: 156372327
[NesterovSolve] Iter: 190 overflow: 0.971682 HPWL: 160238417
[NesterovSolve] Iter: 200 overflow: 0.963977 HPWL: 167186305
[NesterovSolve] Iter: 210 overflow: 0.936389 HPWL: 174691677
[NesterovSolve] Iter: 220 overflow: 0.913448 HPWL: 176207279
[NesterovSolve] Iter: 230 overflow: 0.877062 HPWL: 178815906
[NesterovSolve] Iter: 240 overflow: 0.850319 HPWL: 178220813
[NesterovSolve] Iter: 250 overflow: 0.820613 HPWL: 176468714
[NesterovSolve] Iter: 260 overflow: 0.786765 HPWL: 175002956
[INFO GPL-0100] worst slack 1.95e-09
[INFO GPL-0103] Weighted 544 nets.
[NesterovSolve] Iter: 270 overflow: 0.75639 HPWL: 172540274
[NesterovSolve] Iter: 280 overflow: 0.722121 HPWL: 174590108
[NesterovSolve] Iter: 290 overflow: 0.694207 HPWL: 176694561
[NesterovSolve] Iter: 300 overflow: 0.647093 HPWL: 178766441
[INFO GPL-0100] worst slack 1.8e-09
[INFO GPL-0103] Weighted 530 nets.
[NesterovSolve] Snapshot saved at iter = 307
[NesterovSolve] Iter: 310 overflow: 0.582185 HPWL: 176144314
[NesterovSolve] Iter: 320 overflow: 0.532829 HPWL: 178390749
[NesterovSolve] Iter: 330 overflow: 0.482067 HPWL: 180168381
[INFO GPL-0100] worst slack 1.77e-09
[INFO GPL-0103] Weighted 538 nets.
[NesterovSolve] Iter: 340 overflow: 0.427785 HPWL: 180944113
[NesterovSolve] Iter: 350 overflow: 0.372035 HPWL: 181542858
[NesterovSolve] Iter: 360 overflow: 0.321003 HPWL: 182030537
[INFO GPL-0100] worst slack 1.91e-09
[INFO GPL-0103] Weighted 606 nets.
[NesterovSolve] Iter: 370 overflow: 0.280913 HPWL: 182312888
[NesterovSolve] Iter: 380 overflow: 0.240759 HPWL: 180458241
[NesterovSolve] Iter: 390 overflow: 0.2125 HPWL: 181226688
[INFO GPL-0100] worst slack 1.91e-09
[INFO GPL-0103] Weighted 534 nets.
[INFO GPL-0075] Routability numCall: 1 inflationIterCnt: 1 bloatIterCnt: 0
[INFO GPL-0036] TileLxLy: 0 0
[INFO GPL-0037] TileSize: 6900 6900
[INFO GPL-0038] TileCnt: 86 130
[INFO GPL-0039] numRoutingLayers: 6
[INFO GPL-0040] NumTiles: 11180
[INFO GPL-0063] TotalRouteOverflowH2: 0.5
[INFO GPL-0064] TotalRouteOverflowV2: 0.0
[INFO GPL-0065] OverflowTileCnt2: 2
[INFO GPL-0066] 0.5%RC: 1.0045871559633028
[INFO GPL-0067] 1.0%RC: 1.0022935779816513
[INFO GPL-0068] 2.0%RC: 0.9872706388935036
[INFO GPL-0069] 5.0%RC: 0.931955916056182
[INFO GPL-0070] 0.5rcK: 1.0
[INFO GPL-0071] 1.0rcK: 1.0
[INFO GPL-0072] 2.0rcK: 0.0
[INFO GPL-0073] 5.0rcK: 0.0
[INFO GPL-0074] FinalRC: 1.0034404
[NesterovSolve] Iter: 400 overflow: 0.182992 HPWL: 181764842
[NesterovSolve] Iter: 410 overflow: 0.157911 HPWL: 182713188
[INFO GPL-0100] worst slack 1.89e-09
[INFO GPL-0103] Weighted 575 nets.
[NesterovSolve] Iter: 420 overflow: 0.132872 HPWL: 183694944
[NesterovSolve] Iter: 430 overflow: 0.114475 HPWL: 184805971
[NesterovSolve] Finished with Overflow: 0.098829
Warning: There are 178 input ports missing set_input_delay.
Warning: There are 4896 unconstrained endpoints.

==========================================================================
global place report_design_area
--------------------------------------------------------------------------
Design area 163260 u^2 31% utilization.
Elapsed time: 0:16.25[h:]min:sec. CPU time: user 45.69 sys 0.07 (281%). Peak memory: 222584KB.
