OpenROAD autotuner-v1-2861-g832b18e7 
This program is licensed under the BSD-3 license. See the LICENSE file for details.
Components of this program may be licensed under more restrictive licenses which must be honored.
[INFO GPL-0002] DBU: 1000
[INFO GPL-0003] SiteSize: 54 270
[INFO GPL-0004] CoreAreaLxLy: 2052 2160
[INFO GPL-0005] CoreAreaUxUy: 147150 147150
[INFO GPL-0006] NumInstances: 54446
[INFO GPL-0007] NumPlaceInstances: 52025
[INFO GPL-0008] NumFixedInstances: 2421
[INFO GPL-0009] NumDummyInstances: 0
[INFO GPL-0010] NumNets: 64395
[INFO GPL-0011] NumPins: 173002
[INFO GPL-0012] DieAreaLxLy: 0 0
[INFO GPL-0013] DieAreaUxUy: 149167 149167
[INFO GPL-0014] CoreAreaLxLy: 2052 2160
[INFO GPL-0015] CoreAreaUxUy: 147150 147150
[INFO GPL-0016] CoreArea: 21037759020
[INFO GPL-0017] NonPlaceInstsArea: 70596360
[INFO GPL-0018] PlaceInstsArea: 9206395200
[INFO GPL-0019] Util(%): 43.91
[INFO GPL-0020] StdInstsArea: 9206395200
[INFO GPL-0021] MacroInstsArea: 0
[InitialPlace]  Iter: 1 CG residual: 0.00971412 HPWL: 175746535
[InitialPlace]  Iter: 2 CG residual: 0.00218072 HPWL: 67819275
[InitialPlace]  Iter: 3 CG residual: 0.00097584 HPWL: 67594989
[InitialPlace]  Iter: 4 CG residual: 0.00022365 HPWL: 67672510
[InitialPlace]  Iter: 5 CG residual: 0.00017671 HPWL: 67606811
[InitialPlace]  Iter: 6 CG residual: 0.00015627 HPWL: 67587975
[InitialPlace]  Iter: 7 CG residual: 0.00014589 HPWL: 67552672
[InitialPlace]  Iter: 8 CG residual: 0.00014435 HPWL: 67526459
[InitialPlace]  Iter: 9 CG residual: 0.00011919 HPWL: 67517452
[InitialPlace]  Iter: 10 CG residual: 0.00013156 HPWL: 67502575
[InitialPlace]  Iter: 11 CG residual: 0.00010830 HPWL: 67473638
[InitialPlace]  Iter: 12 CG residual: 0.00012967 HPWL: 67472620
[InitialPlace]  Iter: 13 CG residual: 0.00014176 HPWL: 67472762
[InitialPlace]  Iter: 14 CG residual: 0.00011115 HPWL: 67466471
[InitialPlace]  Iter: 15 CG residual: 0.00010016 HPWL: 67434737
[InitialPlace]  Iter: 16 CG residual: 0.00012021 HPWL: 67426899
[InitialPlace]  Iter: 17 CG residual: 0.00009818 HPWL: 67395394
[InitialPlace]  Iter: 18 CG residual: 0.00013116 HPWL: 67399886
[InitialPlace]  Iter: 19 CG residual: 0.00010849 HPWL: 67359009
[InitialPlace]  Iter: 20 CG residual: 0.00010067 HPWL: 67374818
[INFO GPL-0031] FillerInit: NumGCells: 71734
[INFO GPL-0032] FillerInit: NumGNets: 64395
[INFO GPL-0033] FillerInit: NumGPins: 173002
[INFO GPL-0023] TargetDensity: 0.60
[INFO GPL-0024] AveragePlaceInstArea: 176960
[INFO GPL-0025] IdealBinArea: 294933
[INFO GPL-0026] IdealBinCnt: 71330
[INFO GPL-0027] TotalBinArea: 21037759020
[INFO GPL-0028] BinCnt: 256 256
[INFO GPL-0029] BinSize: 567 567
[INFO GPL-0030] NumBins: 65536
[NesterovSolve] Iter: 1 overflow: 0.978457 HPWL: 40545404
[NesterovSolve] Iter: 10 overflow: 0.979212 HPWL: 14610776
[NesterovSolve] Iter: 20 overflow: 0.977671 HPWL: 13702023
[NesterovSolve] Iter: 30 overflow: 0.976179 HPWL: 13660810
[NesterovSolve] Iter: 40 overflow: 0.975003 HPWL: 13720712
[NesterovSolve] Iter: 50 overflow: 0.974017 HPWL: 13755468
[NesterovSolve] Iter: 60 overflow: 0.973144 HPWL: 13790080
[NesterovSolve] Iter: 70 overflow: 0.972108 HPWL: 13884358
[NesterovSolve] Iter: 80 overflow: 0.971293 HPWL: 14090005
[NesterovSolve] Iter: 90 overflow: 0.970379 HPWL: 14517230
[NesterovSolve] Iter: 100 overflow: 0.969714 HPWL: 15329802
[NesterovSolve] Iter: 110 overflow: 0.969141 HPWL: 16637363
[NesterovSolve] Iter: 120 overflow: 0.968071 HPWL: 18440515
[NesterovSolve] Iter: 130 overflow: 0.966539 HPWL: 20713214
[NesterovSolve] Iter: 140 overflow: 0.963401 HPWL: 23442378
[NesterovSolve] Iter: 150 overflow: 0.958339 HPWL: 26732712
[NesterovSolve] Iter: 160 overflow: 0.950714 HPWL: 30788082
[NesterovSolve] Iter: 170 overflow: 0.939037 HPWL: 35875465
[NesterovSolve] Iter: 180 overflow: 0.921392 HPWL: 42246655
[NesterovSolve] Iter: 190 overflow: 0.89648 HPWL: 50019316
[NesterovSolve] Iter: 200 overflow: 0.86309 HPWL: 58950909
[NesterovSolve] Iter: 210 overflow: 0.823822 HPWL: 68658507
[NesterovSolve] Iter: 220 overflow: 0.782812 HPWL: 78567045
[INFO GPL-0100] worst slack -2.15e-10
[INFO GPL-0103] Weighted 6439 nets.
[NesterovSolve] Iter: 230 overflow: 0.742564 HPWL: 87258926
[NesterovSolve] Iter: 240 overflow: 0.704529 HPWL: 95587239
[NesterovSolve] Iter: 250 overflow: 0.669836 HPWL: 102725354
[NesterovSolve] Iter: 260 overflow: 0.632588 HPWL: 109434759
[INFO GPL-0100] worst slack -2.27e-10
[INFO GPL-0103] Weighted 6434 nets.
[NesterovSolve] Iter: 270 overflow: 0.598204 HPWL: 109562729
[NesterovSolve] Snapshot saved at iter = 269
[NesterovSolve] Iter: 280 overflow: 0.571241 HPWL: 109910825
[NesterovSolve] Iter: 290 overflow: 0.540835 HPWL: 115665967
[NesterovSolve] Iter: 300 overflow: 0.511768 HPWL: 116638800
[INFO GPL-0100] worst slack -2.97e-10
[INFO GPL-0103] Weighted 6439 nets.
[NesterovSolve] Iter: 310 overflow: 0.481968 HPWL: 114737414
[NesterovSolve] Iter: 320 overflow: 0.447413 HPWL: 117504185
[NesterovSolve] Iter: 330 overflow: 0.41213 HPWL: 116748721
[NesterovSolve] Iter: 340 overflow: 0.376276 HPWL: 117806490
[NesterovSolve] Iter: 350 overflow: 0.341949 HPWL: 116247424
[NesterovSolve] Iter: 360 overflow: 0.315003 HPWL: 116112317
[NesterovSolve] Iter: 370 overflow: 0.286252 HPWL: 115845225
[INFO GPL-0100] worst slack -1.19e-10
[INFO GPL-0103] Weighted 6432 nets.
[NesterovSolve] Iter: 380 overflow: 0.260711 HPWL: 115590406
[NesterovSolve] Iter: 390 overflow: 0.234561 HPWL: 115653023
[NesterovSolve] Iter: 400 overflow: 0.211604 HPWL: 115853738
[INFO GPL-0100] worst slack -1.52e-10
[INFO GPL-0103] Weighted 6429 nets.
[INFO GPL-0075] Routability numCall: 1 inflationIterCnt: 1 bloatIterCnt: 0
[INFO GPL-0036] TileLxLy: 0 0
[INFO GPL-0037] TileSize: 540 540
[INFO GPL-0038] TileCnt: 276 276
[INFO GPL-0039] numRoutingLayers: 10
[INFO GPL-0040] NumTiles: 76176
[INFO GPL-0063] TotalRouteOverflowH2: 0.0
[INFO GPL-0064] TotalRouteOverflowV2: 0.0
[INFO GPL-0065] OverflowTileCnt2: 0
[INFO GPL-0066] 0.5%RC: 1.0
[INFO GPL-0067] 1.0%RC: 1.0
[INFO GPL-0068] 2.0%RC: 1.0
[INFO GPL-0069] 5.0%RC: 0.9652398996561895
[INFO GPL-0070] 0.5rcK: 1.0
[INFO GPL-0071] 1.0rcK: 1.0
[INFO GPL-0072] 2.0rcK: 0.0
[INFO GPL-0073] 5.0rcK: 0.0
[INFO GPL-0074] FinalRC: 1.0
[NesterovSolve] Iter: 410 overflow: 0.188655 HPWL: 116164342
[NesterovSolve] Iter: 420 overflow: 0.168432 HPWL: 116530991
[NesterovSolve] Iter: 430 overflow: 0.148903 HPWL: 116914633
[INFO GPL-0100] worst slack -1.96e-10
[INFO GPL-0103] Weighted 6429 nets.
[NesterovSolve] Iter: 440 overflow: 0.131258 HPWL: 117311846
[NesterovSolve] Iter: 450 overflow: 0.114479 HPWL: 117723162
[NesterovSolve] Iter: 460 overflow: 0.0994352 HPWL: 118172690
[NesterovSolve] Finished with Overflow: 0.099435

==========================================================================
global place check_setup
--------------------------------------------------------------------------
Warning: There is 1 unconstrained endpoint.

==========================================================================
global place report_tns
--------------------------------------------------------------------------
tns -388998496.00

==========================================================================
global place report_wns
--------------------------------------------------------------------------
wns -127780.00

==========================================================================
global place report_worst_slack
--------------------------------------------------------------------------
worst slack -127780.00

==========================================================================
global place report_checks -path_delay min
--------------------------------------------------------------------------
Startpoint: rst (input port clocked by clk)
Endpoint: _114294_ (removal check against rising-edge clock clk)
Path Group: asynchronous
Path Type: min

Fanout     Cap    Slew   Delay    Time   Description
-----------------------------------------------------------------------------
                  0.00    0.00    0.00   clock clk (rise edge)
                          0.00    0.00   clock network delay (ideal)
                        220.00  220.00 ^ input external delay
    65  104.51    0.00    0.00  220.00 ^ rst (in)
                                         rst (net)
                 30.54    9.63  229.63 ^ _114294_/SETN (DFFASRHQNx1_ASAP7_75t_R)
                                229.63   data arrival time

                  0.00    0.00    0.00   clock clk (rise edge)
                          0.00    0.00   clock network delay (ideal)
                          0.00    0.00   clock reconvergence pessimism
                                  0.00 ^ _114294_/CLK (DFFASRHQNx1_ASAP7_75t_R)
                         12.82   12.82   library removal time
                                 12.82   data required time
-----------------------------------------------------------------------------
                                 12.82   data required time
                               -229.63   data arrival time
-----------------------------------------------------------------------------
                                216.82   slack (MET)


Startpoint: _113500_ (rising edge-triggered flip-flop clocked by clk)
Endpoint: _117871_ (rising edge-triggered flip-flop clocked by clk)
Path Group: clk
Path Type: min

Fanout     Cap    Slew   Delay    Time   Description
-----------------------------------------------------------------------------
                  0.00    0.00    0.00   clock clk (rise edge)
                          0.00    0.00   clock network delay (ideal)
                  0.00    0.00    0.00 ^ _113500_/CLK (DFFHQNx1_ASAP7_75t_R)
     1    0.71   12.26   32.15   32.15 ^ _113500_/QN (DFFHQNx1_ASAP7_75t_R)
                                         _012583_ (net)
                 12.26    0.00   32.16 ^ _070418_/A (INVx1_ASAP7_75t_R)
     2    1.34    9.73    8.12   40.27 v _070418_/Y (INVx1_ASAP7_75t_R)
                                         rle.dstrb (net)
                  9.73    0.01   40.28 v _117871_/D (DFFHQNx1_ASAP7_75t_R)
                                 40.28   data arrival time

                  0.00    0.00    0.00   clock clk (rise edge)
                          0.00    0.00   clock network delay (ideal)
                          0.00    0.00   clock reconvergence pessimism
                                  0.00 ^ _117871_/CLK (DFFHQNx1_ASAP7_75t_R)
                          8.31    8.31   library hold time
                                  8.31   data required time
-----------------------------------------------------------------------------
                                  8.31   data required time
                                -40.28   data arrival time
-----------------------------------------------------------------------------
                                 31.97   slack (MET)



==========================================================================
global place report_checks -path_delay max
--------------------------------------------------------------------------
Startpoint: rst (input port clocked by clk)
Endpoint: _117286_ (recovery check against rising-edge clock clk)
Path Group: asynchronous
Path Type: max

Fanout     Cap    Slew   Delay    Time   Description
-----------------------------------------------------------------------------
                  0.00    0.00    0.00   clock clk (rise edge)
                          0.00    0.00   clock network delay (ideal)
                        220.00  220.00 ^ input external delay
    65  104.51    0.00    0.00  220.00 ^ rst (in)
                                         rst (net)
                304.42   96.03  316.03 ^ _117286_/SETN (DFFASRHQNx1_ASAP7_75t_R)
                                316.03   data arrival time

                  0.00 1100.00 1100.00   clock clk (rise edge)
                          0.00 1100.00   clock network delay (ideal)
                          0.00 1100.00   clock reconvergence pessimism
                               1100.00 ^ _117286_/CLK (DFFASRHQNx1_ASAP7_75t_R)
                        -31.63 1068.37   library recovery time
                               1068.37   data required time
-----------------------------------------------------------------------------
                               1068.37   data required time
                               -316.03   data arrival time
-----------------------------------------------------------------------------
                                752.34   slack (MET)


Startpoint: ena (input port clocked by clk)
Endpoint: _113808_ (rising edge-triggered flip-flop clocked by clk)
Path Group: clk
Path Type: max

Fanout     Cap    Slew   Delay    Time   Description
-----------------------------------------------------------------------------
                  0.00    0.00    0.00   clock clk (rise edge)
                          0.00    0.00   clock network delay (ideal)
                        220.00  220.00 ^ input external delay
  4694 4617.23    0.00    0.00  220.00 ^ ena (in)
                                         ena (net)
               8794.77 2774.44 2994.44 ^ _077413_/A (INVx1_ASAP7_75t_R)
  2873 2877.62 3500.30 113211.17 116205.61 v _077413_/Y (INVx1_ASAP7_75t_R)
                                         _025078_ (net)
               3500.30 2262.98 118468.59 v _077513_/B (NOR2x1_ASAP7_75t_R)
   781  561.38 4262.73 9156.74 127625.33 ^ _077513_/Y (NOR2x1_ASAP7_75t_R)
                                         _025153_ (net)
               4868.51  909.81 128535.13 ^ _078493_/A2 (AO221x1_ASAP7_75t_R)
     1    0.66   72.36  325.53 128860.66 ^ _078493_/Y (AO221x1_ASAP7_75t_R)
                                         _016726_ (net)
                 72.36    0.00 128860.66 ^ _113808_/D (DFFHQNx1_ASAP7_75t_R)
                               128860.66   data arrival time

                  0.00 1100.00 1100.00   clock clk (rise edge)
                          0.00 1100.00   clock network delay (ideal)
                          0.00 1100.00   clock reconvergence pessimism
                               1100.00 ^ _113808_/CLK (DFFHQNx1_ASAP7_75t_R)
                        -19.33 1080.67   library setup time
                               1080.67   data required time
-----------------------------------------------------------------------------
                               1080.67   data required time
                               -128860.66   data arrival time
-----------------------------------------------------------------------------
                               -127780.00   slack (VIOLATED)



==========================================================================
global place report_checks -unconstrained
--------------------------------------------------------------------------
Startpoint: rst (input port clocked by clk)
Endpoint: _117286_ (recovery check against rising-edge clock clk)
Path Group: asynchronous
Path Type: max

Fanout     Cap    Slew   Delay    Time   Description
-----------------------------------------------------------------------------
                  0.00    0.00    0.00   clock clk (rise edge)
                          0.00    0.00   clock network delay (ideal)
                        220.00  220.00 ^ input external delay
    65  104.51    0.00    0.00  220.00 ^ rst (in)
                                         rst (net)
                304.42   96.03  316.03 ^ _117286_/SETN (DFFASRHQNx1_ASAP7_75t_R)
                                316.03   data arrival time

                  0.00 1100.00 1100.00   clock clk (rise edge)
                          0.00 1100.00   clock network delay (ideal)
                          0.00 1100.00   clock reconvergence pessimism
                               1100.00 ^ _117286_/CLK (DFFASRHQNx1_ASAP7_75t_R)
                        -31.63 1068.37   library recovery time
                               1068.37   data required time
-----------------------------------------------------------------------------
                               1068.37   data required time
                               -316.03   data arrival time
-----------------------------------------------------------------------------
                                752.34   slack (MET)


Startpoint: ena (input port clocked by clk)
Endpoint: _113808_ (rising edge-triggered flip-flop clocked by clk)
Path Group: clk
Path Type: max

Fanout     Cap    Slew   Delay    Time   Description
-----------------------------------------------------------------------------
                  0.00    0.00    0.00   clock clk (rise edge)
                          0.00    0.00   clock network delay (ideal)
                        220.00  220.00 ^ input external delay
  4694 4617.23    0.00    0.00  220.00 ^ ena (in)
                                         ena (net)
               8794.77 2774.44 2994.44 ^ _077413_/A (INVx1_ASAP7_75t_R)
  2873 2877.62 3500.30 113211.17 116205.61 v _077413_/Y (INVx1_ASAP7_75t_R)
                                         _025078_ (net)
               3500.30 2262.98 118468.59 v _077513_/B (NOR2x1_ASAP7_75t_R)
   781  561.38 4262.73 9156.74 127625.33 ^ _077513_/Y (NOR2x1_ASAP7_75t_R)
                                         _025153_ (net)
               4868.51  909.81 128535.13 ^ _078493_/A2 (AO221x1_ASAP7_75t_R)
     1    0.66   72.36  325.53 128860.66 ^ _078493_/Y (AO221x1_ASAP7_75t_R)
                                         _016726_ (net)
                 72.36    0.00 128860.66 ^ _113808_/D (DFFHQNx1_ASAP7_75t_R)
                               128860.66   data arrival time

                  0.00 1100.00 1100.00   clock clk (rise edge)
                          0.00 1100.00   clock network delay (ideal)
                          0.00 1100.00   clock reconvergence pessimism
                               1100.00 ^ _113808_/CLK (DFFHQNx1_ASAP7_75t_R)
                        -19.33 1080.67   library setup time
                               1080.67   data required time
-----------------------------------------------------------------------------
                               1080.67   data required time
                               -128860.66   data arrival time
-----------------------------------------------------------------------------
                               -127780.00   slack (VIOLATED)



==========================================================================
global place report_power
--------------------------------------------------------------------------
Group                  Internal  Switching    Leakage      Total
                          Power      Power      Power      Power (Watts)
----------------------------------------------------------------
Sequential             1.18e-02   2.18e-03   6.58e-07   1.39e-02  19.7%
Combinational          2.96e-02   2.72e-02   6.39e-06   5.67e-02  80.3%
Macro                  0.00e+00   0.00e+00   0.00e+00   0.00e+00   0.0%
Pad                    0.00e+00   0.00e+00   0.00e+00   0.00e+00   0.0%
----------------------------------------------------------------
Total                  4.13e-02   2.94e-02   7.05e-06   7.07e-02 100.0%
                          58.5%      41.5%       0.0%

==========================================================================
global place report_design_area
--------------------------------------------------------------------------
Design area 6243 u^2 30% utilization.

Elapsed time: 1:36.79[h:]min:sec. CPU time: user 117.53 sys 0.19 (121%). Peak memory: 828208KB.
