OpenROAD autotuner-v1-2861-g832b18e7 
This program is licensed under the BSD-3 license. See the LICENSE file for details.
Components of this program may be licensed under more restrictive licenses which must be honored.
[WARNING STA-0354] set_input_delay relative to a clock defined on the same port/pin not allowed.
[INFO ORD-0030] Using 16 thread(s).
HierRTLMP Flow enabled...
Call Macro Placer  -max_num_inst 30000 -min_num_inst 5000 -max_num_macro 16 -min_num_macro 4 -halo_width 10 -report_directory ./objects/nangate45/ariane136/base/rtlmp
Floorplan Outline: (0.0, 0.0) (1500.0, 1500.0),  Core Outline: (10.07, 12.6) (1447.99, 1447.6)
Traversed logical hierarchy
	Number of std cell instances : 144326
	Area of std cell instances : 291530.38
	Number of macros : 136
	Area of macros : 429083.47
	Area of macros with halos : 805287.44
	Total area : 720613.88
	Design Utilization : 0.35
	Core Utilization: 0.18
	Manufacturing Grid: 10

[INFO MPL-0024] Perform Clustering..
[INFO MPL-0028] Perform Multilevel macro placement...
[INFO MPL-0031] [MultiLevelMacroPlacement] Working on children of cluster: root, Outline 10.07, 12.6  1437.92, 1435.0
[INFO MPL-0031] [MultiLevelMacroPlacement] Working on children of cluster: (i_cache_subsystem/i_icache)_glue_logic, Outline 1038.4496, 739.80194  409.5404, 281.86597
Align macros within the cluster (i_cache_subsystem/i_icache)_glue_logic
[INFO MPL-0031] [MultiLevelMacroPlacement] Working on children of cluster: (i_cache_subsystem/i_nbdcache)_glue_logic, Outline 400.91, 12.6  426.67075, 484.79654
Align macros within the cluster (i_cache_subsystem/i_nbdcache)_glue_logic
Align macros within the cluster root
number of updated macros : 136
number of macros in HardMacroCluster : 136
Delete buffers for RTLMP flow...
[INFO RSZ-0026] Removed 0 buffers.
Elapsed time: 1:37.10[h:]min:sec. CPU time: user 581.65 sys 0.30 (599%). Peak memory: 922060KB.
