OpenROAD v2.0-11432-gead3236e5 
This program is licensed under the BSD-3 license. See the LICENSE file for details.
Components of this program may be licensed under more restrictive licenses which must be honored.
global_route -guide_file ./results/sky130hs/aes/base/route.guide -congestion_report_file ./reports/sky130hs/aes/base/congestion.rpt -congestion_iterations 30 -congestion_report_iter_step 5 -verbose
[INFO GRT-0020] Min routing layer: met1
[INFO GRT-0021] Max routing layer: met5
[INFO GRT-0022] Global adjustment: 0%
[INFO GRT-0023] Grid origin: (0, 0)
[INFO GRT-0043] No OR_DEFAULT vias defined.
[INFO GRT-0088] Layer li1     Track-Pitch = 0.4800  line-2-Via Pitch: 0.3400
[INFO GRT-0088] Layer met1    Track-Pitch = 0.3700  line-2-Via Pitch: 0.3400
[INFO GRT-0088] Layer met2    Track-Pitch = 0.4800  line-2-Via Pitch: 0.3500
[INFO GRT-0088] Layer met3    Track-Pitch = 0.7400  line-2-Via Pitch: 0.6150
[INFO GRT-0088] Layer met4    Track-Pitch = 0.9600  line-2-Via Pitch: 1.0400
[INFO GRT-0088] Layer met5    Track-Pitch = 3.3300  line-2-Via Pitch: 3.1100
[INFO GRT-0019] Found 72 clock nets.
[INFO GRT-0001] Minimum degree: 2
[INFO GRT-0002] Maximum degree: 95
[INFO GRT-0003] Macros: 0
[INFO GRT-0004] Blockages: 3341

[INFO GRT-0053] Routing resources analysis:
          Routing      Original      Derated      Resource
Layer     Direction    Resources     Resources    Reduction (%)
---------------------------------------------------------------
li1        Vertical            0             0          0.00%
met1       Horizontal     107700         64268          40.33%
met2       Vertical        84975         66014          22.31%
met3       Horizontal      51075         38214          25.18%
met4       Vertical        34125         19758          42.10%
met5       Horizontal      11325          5553          50.97%
---------------------------------------------------------------

[INFO GRT-0101] Running extra iterations to remove overflow.
[INFO GRT-0197] Via related to pin nodes: 63926
[INFO GRT-0198] Via related Steiner nodes: 2656
[INFO GRT-0199] Via filling finished.
[INFO GRT-0111] Final number of vias: 73997
[INFO GRT-0112] Final usage 3D: 295733

[INFO GRT-0096] Final congestion report:
Layer         Resource        Demand        Usage (%)    Max H / Max V / Total Overflow
---------------------------------------------------------------------------------------
li1                  0             0            0.00%             0 /  0 /  0
met1             64268         30127           46.88%             0 /  0 /  0
met2             66014         32836           49.74%             0 /  0 /  0
met3             38214          5990           15.67%             0 /  0 /  0
met4             19758          4777           24.18%             0 /  0 /  0
met5              5553            12            0.22%             0 /  0 /  0
---------------------------------------------------------------------------------------
Total           193807         73742           38.05%             0 /  0 /  0

[INFO GRT-0018] Total wirelength: 816285 um
[INFO GRT-0014] Routed nets: 12223

==========================================================================
global route pre repair design report_design_area
--------------------------------------------------------------------------
Design area 161299 u^2 56% utilization.
Perform buffer insertion...
[INFO RSZ-0058] Using max wire length 2083um.
[INFO RSZ-0034] Found 39 slew violations.
[INFO RSZ-0036] Found 40 capacitance violations.
[INFO RSZ-0038] Inserted 41 buffers in 40 nets.
[INFO RSZ-0039] Resized 2422 instances.

==========================================================================
global route post repair design report_design_area
--------------------------------------------------------------------------
Design area 180851 u^2 63% utilization.
Placement Analysis
---------------------------------
total displacement      23317.3 u
average displacement        1.5 u
max displacement           35.5 u
original HPWL          427094.9 u
legalized HPWL         448486.8 u
delta HPWL                    5 %

Repair setup and hold violations...
[INFO RSZ-0094] Found 16 endpoints with setup violations.
[INFO RSZ-0040] Inserted 18 buffers.
[WARNING RSZ-0062] Unable to repair all setup violations.
[INFO RSZ-0033] No hold violations found.

==========================================================================
global route post repair timing report_design_area
--------------------------------------------------------------------------
Design area 181113 u^2 63% utilization.
Placement Analysis
---------------------------------
total displacement        631.3 u
average displacement        0.0 u
max displacement           23.9 u
original HPWL          448637.8 u
legalized HPWL         449229.6 u
delta HPWL                    0 %


==========================================================================
check_antennas
--------------------------------------------------------------------------
[INFO GRT-0012] Found 127 antenna violations.
[INFO GRT-0015] Inserted 140 diodes.
[INFO GRT-0012] Found 3 antenna violations.
[INFO GRT-0015] Inserted 7 diodes.
[INFO GRT-0012] Found 0 antenna violations.
[WARNING ANT-0011] -report_violating_nets is deprecated.
[INFO ANT-0002] Found 0 net violations.
[INFO ANT-0001] Found 0 pin violations.

==========================================================================
global route report_design_area
--------------------------------------------------------------------------
Design area 181583 u^2 63% utilization.
[INFO FLW-0007] clock clk period 4.000000
[INFO FLW-0008] Clock clk period 3.906
[INFO FLW-0009] Clock clk slack -0.111
[INFO FLW-0011] Path endpoint count 1074
Elapsed time: 0:26.50[h:]min:sec. CPU time: user 18.59 sys 7.90 (99%). Peak memory: 589828KB.
