OpenROAD v2.0-11432-gead3236e5 
This program is licensed under the BSD-3 license. See the LICENSE file for details.
Components of this program may be licensed under more restrictive licenses which must be honored.
clock_tree_synthesis -sink_clustering_enable -balance_levels
[INFO CTS-0050] Root buffer is sky130_fd_sc_hd__clkbuf_16.
[INFO CTS-0051] Sink buffer is sky130_fd_sc_hd__clkbuf_16.
[INFO CTS-0052] The following clock buffers will be used for CTS:
                    sky130_fd_sc_hd__clkbuf_16
[INFO CTS-0049] Characterization buffer is sky130_fd_sc_hd__clkbuf_16.
[INFO CTS-0039] Number of created patterns = 4200.
[INFO CTS-0084] Compiling LUT.
Min. len    Max. len    Min. cap    Max. cap    Min. slew   Max. slew
2           8           1           20          1           7           
[WARNING CTS-0043] 560 wires are pure wire and no slew degradation.
TritonCTS forced slew degradation on these wires.
[INFO CTS-0046]     Number of wire segments: 4200.
[INFO CTS-0047]     Number of keys in characterization LUT: 220.
[INFO CTS-0048]     Actual min input cap: 1.
[INFO CTS-0007] Net "HCLK" found for clock "core_clock".
[INFO CTS-0010]  Clock net "HCLK" has 531 sinks.
[INFO CTS-0008] TritonCTS found 1 clock nets.
[INFO CTS-0097] Characterization used 1 buffer(s) types.
[INFO CTS-0200] 6 placement blockages have been identified.
[INFO CTS-0027] Generating H-Tree topology for net HCLK.
[INFO CTS-0028]  Total number of sinks: 531.
[INFO CTS-0090]  Sinks will be clustered based on buffer max cap.
[INFO CTS-0030]  Number of static layers: 0.
[INFO CTS-0020]  Wire segment unit: 13600  dbu (13 um).
[INFO CTS-0206] Best clustering solution was found from clustering size of 30 and clustering diameter of 50.
[INFO CTS-0019]  Total number of sinks after clustering: 71.
[INFO CTS-0024]  Normalized sink region: [(52.2945, 113.041), (204.747, 236.565)].
[INFO CTS-0025]     Width:  152.4521.
[INFO CTS-0026]     Height: 123.5240.
 Level 1
    Direction: Horizontal
    Sinks per sub-region: 36
    Sub-region size: 76.2260 X 123.5240
[INFO CTS-0034]     Segment length (rounded): 38.
    Key: 98 inSlew: 1 inCap: 1 outSlew: 2 load: 1 length: 8 delay: 1
    Key: 98 inSlew: 1 inCap: 1 outSlew: 2 load: 1 length: 8 delay: 1
    Key: 207 inSlew: 2 inCap: 1 outSlew: 2 load: 1 length: 8 delay: 1
    Key: 113 inSlew: 4 inCap: 1 outSlew: 1 load: 1 length: 8 delay: 9
      location: 0.5 buffer: sky130_fd_sc_hd__clkbuf_16
    Key: 42 inSlew: 1 inCap: 1 outSlew: 2 load: 1 length: 6 delay: 1
 Level 2
    Direction: Vertical
    Sinks per sub-region: 18
    Sub-region size: 76.2260 X 61.7620
[INFO CTS-0034]     Segment length (rounded): 30.
    Key: 98 inSlew: 1 inCap: 1 outSlew: 2 load: 1 length: 8 delay: 1
    Key: 207 inSlew: 2 inCap: 1 outSlew: 2 load: 1 length: 8 delay: 1
    Key: 113 inSlew: 4 inCap: 1 outSlew: 1 load: 1 length: 8 delay: 9
      location: 0.5 buffer: sky130_fd_sc_hd__clkbuf_16
    Key: 42 inSlew: 1 inCap: 1 outSlew: 2 load: 1 length: 6 delay: 1
 Out of 35 sinks, 4 sinks closer to other cluster.
 Out of 36 sinks, 2 sinks closer to other cluster.
 Level 3
    Direction: Horizontal
    Sinks per sub-region: 9
    Sub-region size: 38.1130 X 61.7620
[INFO CTS-0034]     Segment length (rounded): 20.
    Key: 98 inSlew: 1 inCap: 1 outSlew: 2 load: 1 length: 8 delay: 1
    Key: 207 inSlew: 2 inCap: 1 outSlew: 2 load: 1 length: 8 delay: 1
    Key: 22 inSlew: 4 inCap: 1 outSlew: 1 load: 1 length: 4 delay: 9
      location: 0.5 buffer: sky130_fd_sc_hd__clkbuf_16
 Out of 14 sinks, 4 sinks closer to other cluster.
 Out of 15 sinks, 4 sinks closer to other cluster.
 Out of 21 sinks, 2 sinks closer to other cluster.
[INFO CTS-0032]  Stop criterion found. Max number of sinks is 15.
[INFO CTS-0035]  Number of sinks covered: 71.
[INFO CTS-0018]     Created 81 clock buffers.
[INFO CTS-0012]     Minimum number of buffers in the clock path: 4.
[INFO CTS-0013]     Maximum number of buffers in the clock path: 5.
[INFO CTS-0015]     Created 81 clock nets.
[INFO CTS-0016]     Fanout distribution for the current clock = 2:1, 3:5, 4:2, 5:5, 6:9, 7:6, 8:7, 9:13, 10:12, 11:10, 12:4..
[INFO CTS-0017]     Max level of the clock tree: 3.
[INFO CTS-0098] Clock net "HCLK"
[INFO CTS-0099]  Sinks 531
[INFO CTS-0100]  Leaf buffers 66
[INFO CTS-0101]  Average sink wire length 3196.20 um
[INFO CTS-0102]  Path depth 4 - 5
Warning: There are 44 unconstrained endpoints.

==========================================================================
cts pre-repair report_design_area
--------------------------------------------------------------------------
Design area 5685040 u^2 57% utilization.
[INFO RSZ-0058] Using max wire length 2141um.
Warning: There are 44 unconstrained endpoints.

==========================================================================
cts post-repair report_design_area
--------------------------------------------------------------------------
Design area 5685040 u^2 57% utilization.
Placement Analysis
---------------------------------
total displacement        876.9 u
average displacement        0.0 u
max displacement          176.7 u
original HPWL          706431.5 u
legalized HPWL         709835.7 u
delta HPWL                    0 %

Repair setup and hold violations...
TNS end percent 100
[INFO RSZ-0046] Found 162 endpoints with hold violations.
[INFO RSZ-0032] Inserted 9 hold buffers.
Placement Analysis
---------------------------------
total displacement          8.7 u
average displacement        0.0 u
max displacement            1.3 u
original HPWL          710285.6 u
legalized HPWL         710287.2 u
delta HPWL                    0 %

Warning: There are 44 unconstrained endpoints.

==========================================================================
cts final report_design_area
--------------------------------------------------------------------------
Design area 5685200 u^2 57% utilization.
Elapsed time: 0:03.75[h:]min:sec. CPU time: user 3.61 sys 0.14 (100%). Peak memory: 573244KB.
