1. Executing Verilog-2005 frontend: ./designs/src/bp_fe_top/pickled.v
2. Executing Verilog-2005 frontend: ./designs/nangate45/bp_fe_top/macros.v
3. Executing Liberty frontend.
4. Executing Liberty frontend.
5. Executing Liberty frontend.
6. Executing Liberty frontend.
7. Executing Verilog-2005 frontend: /home/jborg/Data/Research/DLPnR/OpenROAD-flow-scripts/flow/platforms/nangate45/cells_clkgate.v
8. Executing SYNTH pass.
8.1. Executing HIERARCHY pass (managing design hierarchy).
8.2. Executing AST frontend in derive mode using pre-parsed AST for module `\bp_fe_top'.
8.2.1. Analyzing design hierarchy..
8.2.2. Executing AST frontend in derive mode using pre-parsed AST for module `\itlb_vaddr_width_p56_paddr_width_p22_eaddr_width_p64_btb_indx_width_p9_bht_indx_width_p5_ras_addr_width_p22_asid_width_p10_ppn_start_bit_p12_tag_width_p10'.
8.2.3. Executing AST frontend in derive mode using pre-parsed AST for module `\icache_eaddr_width_p64_data_width_p64_inst_width_p32_tag_width_p10_num_cce_p1_num_lce_p2_ways_p8_lce_sets_p64_block_size_in_bytes_p8'.
Warning: reg '\icache_pc_gen_data_o' is assigned in a continuous assignment at ./designs/src/bp_fe_top/pickled.v:13381.10-13382.77.
8.2.4. Executing AST frontend in derive mode using pre-parsed AST for module `\bp_fe_pc_gen_56_22_64_9_5_22_32_10_80000124_1'.
8.2.5. Analyzing design hierarchy..
8.2.6. Executing AST frontend in derive mode using pre-parsed AST for module `\bp_fe_branch_predictor_eaddr_width_p64_btb_indx_width_p9_bht_indx_width_p5_ras_addr_width_p22'.
8.2.7. Executing AST frontend in derive mode using pre-parsed AST for module `\instr_scan_eaddr_width_p64_instr_width_p32'.
8.2.8. Executing AST frontend in derive mode using pre-parsed AST for module `\bsg_mux_width_p64_els_p8'.
8.2.9. Executing AST frontend in derive mode using pre-parsed AST for module `\bp_be_dcache_lru_decode_ways_p8'.
8.2.10. Executing AST frontend in derive mode using pre-parsed AST for module `\bp_fe_lce_data_width_p64_lce_data_width_p512_lce_addr_width_p22_lce_sets_p64_ways_p8_tag_width_p10_num_cce_p1_num_lce_p2_block_size_in_bytes_p8'.
8.2.11. Executing AST frontend in derive mode using pre-parsed AST for module `\bsg_priority_encode_width_p8_lo_to_hi_p1'.
8.2.12. Executing AST frontend in derive mode using pre-parsed AST for module `\bp_be_dcache_lru_encode_ways_p8'.
8.2.13. Executing AST frontend in derive mode using pre-parsed AST for module `\bsg_mem_1rw_sync_mask_write_bit_width_p7_els_p64'.
8.2.14. Executing AST frontend in derive mode using pre-parsed AST for module `\bsg_mem_1rw_sync_mask_write_byte_els_p512_data_width_p64'.
8.2.15. Executing AST frontend in derive mode using pre-parsed AST for module `\bsg_mem_1rw_sync_mask_write_bit_width_p96_els_p64'.
8.2.16. Analyzing design hierarchy..
8.2.17. Executing AST frontend in derive mode using pre-parsed AST for module `\hard_mem_1rw_bit_mask_d64_w96_wrapper'.
8.2.18. Executing AST frontend in derive mode using pre-parsed AST for module `\hard_mem_1rw_byte_mask_d512_w64_wrapper'.
8.2.19. Executing AST frontend in derive mode using pre-parsed AST for module `\bsg_encode_one_hot_width_p8_lo_to_hi_p1'.
8.2.20. Executing AST frontend in derive mode using pre-parsed AST for module `\bsg_priority_encode_one_hot_out_width_p8_lo_to_hi_p1'.
8.2.21. Executing AST frontend in derive mode using pre-parsed AST for module `\hard_mem_1rw_bit_mask_d64_w7_wrapper'.
8.2.22. Executing AST frontend in derive mode using pre-parsed AST for module `\bp_fe_lce_tr_resp_in_data_width_p64_lce_data_width_p512_lce_addr_width_p22_lce_sets_p64_ways_p8_num_cce_p1_num_lce_p2_block_size_in_bytes_p8'.
8.2.23. Executing AST frontend in derive mode using pre-parsed AST for module `\bsg_two_fifo_width_p539'.
8.2.24. Executing AST frontend in derive mode using pre-parsed AST for module `\bp_fe_lce_data_cmd_data_width_p64_lce_addr_width_p22_lce_data_width_p512_num_cce_p1_num_lce_p2_lce_sets_p64_ways_p8_block_size_in_bytes_p8'.
8.2.25. Executing AST frontend in derive mode using pre-parsed AST for module `\bsg_two_fifo_width_p540'.
8.2.26. Executing AST frontend in derive mode using pre-parsed AST for module `\bp_fe_lce_cmd_data_width_p64_lce_data_width_p512_lce_addr_width_p22_lce_sets_p64_ways_p8_tag_width_p10_num_cce_p1_num_lce_p2_block_size_in_bytes_p8'.
8.2.27. Executing AST frontend in derive mode using pre-parsed AST for module `\bsg_two_fifo_width_p36'.
8.2.28. Executing AST frontend in derive mode using pre-parsed AST for module `\bp_fe_lce_req_data_width_p64_lce_addr_width_p22_num_cce_p1_num_lce_p2_lce_sets_p64_ways_p8_block_size_in_bytes_p8'.
Warning: reg '\lce_resp_o' is assigned in a continuous assignment at ./designs/src/bp_fe_top/pickled.v:6042.10-6042.31.
Warning: reg '\lce_req_o' is assigned in a continuous assignment at ./designs/src/bp_fe_top/pickled.v:6043.10-6043.40.
Warning: reg '\lce_req_o' is assigned in a continuous assignment at ./designs/src/bp_fe_top/pickled.v:6044.10-6044.40.
Warning: reg '\lce_req_o' is assigned in a continuous assignment at ./designs/src/bp_fe_top/pickled.v:6045.10-6045.40.
Warning: reg '\lce_req_o' is assigned in a continuous assignment at ./designs/src/bp_fe_top/pickled.v:6046.10-6046.40.
Warning: reg '\lce_req_o' is assigned in a continuous assignment at ./designs/src/bp_fe_top/pickled.v:6047.10-6047.40.
Warning: reg '\lce_req_o' is assigned in a continuous assignment at ./designs/src/bp_fe_top/pickled.v:6048.10-6048.40.
Warning: reg '\lce_req_o' is assigned in a continuous assignment at ./designs/src/bp_fe_top/pickled.v:6049.10-6049.40.
Warning: reg '\lce_req_o' is assigned in a continuous assignment at ./designs/src/bp_fe_top/pickled.v:6050.10-6050.40.
Warning: reg '\lce_req_o' is assigned in a continuous assignment at ./designs/src/bp_fe_top/pickled.v:6051.10-6051.40.
Warning: reg '\lce_req_o' is assigned in a continuous assignment at ./designs/src/bp_fe_top/pickled.v:6052.10-6052.40.
Warning: reg '\lce_req_o' is assigned in a continuous assignment at ./designs/src/bp_fe_top/pickled.v:6053.10-6053.40.
Warning: reg '\lce_req_o' is assigned in a continuous assignment at ./designs/src/bp_fe_top/pickled.v:6054.10-6054.40.
Warning: reg '\lce_req_o' is assigned in a continuous assignment at ./designs/src/bp_fe_top/pickled.v:6055.10-6055.40.
Warning: reg '\lce_req_o' is assigned in a continuous assignment at ./designs/src/bp_fe_top/pickled.v:6056.10-6056.39.
Warning: reg '\lce_req_o' is assigned in a continuous assignment at ./designs/src/bp_fe_top/pickled.v:6057.10-6057.39.
Warning: reg '\lce_req_o' is assigned in a continuous assignment at ./designs/src/bp_fe_top/pickled.v:6058.10-6058.39.
Warning: reg '\lce_req_o' is assigned in a continuous assignment at ./designs/src/bp_fe_top/pickled.v:6059.10-6059.39.
Warning: reg '\lce_req_o' is assigned in a continuous assignment at ./designs/src/bp_fe_top/pickled.v:6060.10-6060.38.
Warning: reg '\lce_req_o' is assigned in a continuous assignment at ./designs/src/bp_fe_top/pickled.v:6061.10-6061.38.
Warning: reg '\lce_req_o' is assigned in a continuous assignment at ./designs/src/bp_fe_top/pickled.v:6062.10-6062.38.
Warning: reg '\lce_req_o' is assigned in a continuous assignment at ./designs/src/bp_fe_top/pickled.v:6063.10-6063.38.
Warning: reg '\lce_req_o' is assigned in a continuous assignment at ./designs/src/bp_fe_top/pickled.v:6064.10-6064.38.
Warning: reg '\lce_req_o' is assigned in a continuous assignment at ./designs/src/bp_fe_top/pickled.v:6065.10-6065.38.
Warning: reg '\lce_req_o' is assigned in a continuous assignment at ./designs/src/bp_fe_top/pickled.v:6066.10-6066.29.
Warning: reg '\lce_req_o' is assigned in a continuous assignment at ./designs/src/bp_fe_top/pickled.v:6067.10-6067.30.
Warning: reg '\lce_req_o' is assigned in a continuous assignment at ./designs/src/bp_fe_top/pickled.v:6068.10-6068.30.
Warning: reg '\lce_req_o' is assigned in a continuous assignment at ./designs/src/bp_fe_top/pickled.v:6069.10-6069.33.
Warning: reg '\lce_resp_o' is assigned in a continuous assignment at ./designs/src/bp_fe_top/pickled.v:6070.10-6070.34.
Warning: reg '\lce_resp_o' is assigned in a continuous assignment at ./designs/src/bp_fe_top/pickled.v:6131.10-6136.45.
8.2.29. Executing AST frontend in derive mode using pre-parsed AST for module `\bp_fe_btb_bp_fe_pc_gen_btb_idx_width_lp9_eaddr_width_p64'.
8.2.30. Executing AST frontend in derive mode using pre-parsed AST for module `\bp_fe_bht_bht_indx_width_p5'.
8.2.31. Analyzing design hierarchy..
8.2.32. Executing AST frontend in derive mode using pre-parsed AST for module `\bsg_mem_1rw_sync_width_p64_els_p512_addr_width_lp9'.
8.2.33. Executing AST frontend in derive mode using pre-parsed AST for module `\bsg_mem_1r1w_width_p36_els_p2_read_write_same_addr_p0'.
8.2.34. Executing AST frontend in derive mode using pre-parsed AST for module `\bsg_mem_1r1w_width_p540_els_p2_read_write_same_addr_p0'.
8.2.35. Executing AST frontend in derive mode using pre-parsed AST for module `\bsg_mem_1r1w_width_p539_els_p2_read_write_same_addr_p0'.
8.2.36. Executing AST frontend in derive mode using pre-parsed AST for module `\bsg_scan_width_p8_or_p1_lo_to_hi_p1'.
8.2.37. Executing AST frontend in derive mode using pre-parsed AST for module `\bsg_encode_one_hot_width_p4'.
8.2.38. Analyzing design hierarchy..
8.2.39. Executing AST frontend in derive mode using pre-parsed AST for module `\bsg_encode_one_hot_width_p2'.
8.2.40. Executing AST frontend in derive mode using pre-parsed AST for module `\bsg_mem_1r1w_synth_width_p539_els_p2_read_write_same_addr_p0_harden_p0'.
8.2.41. Executing AST frontend in derive mode using pre-parsed AST for module `\bsg_mem_1r1w_synth_width_p540_els_p2_read_write_same_addr_p0_harden_p0'.
8.2.42. Executing AST frontend in derive mode using pre-parsed AST for module `\bsg_mem_1r1w_synth_width_p36_els_p2_read_write_same_addr_p0_harden_p0'.
8.2.43. Executing AST frontend in derive mode using pre-parsed AST for module `\hard_mem_1rw_d512_w64_wrapper'.
8.2.44. Analyzing design hierarchy..
8.2.45. Executing AST frontend in derive mode using pre-parsed AST for module `\bsg_encode_one_hot_width_p1'.
8.2.46. Analyzing design hierarchy..
8.2.47. Analyzing design hierarchy..
8.3. Executing PROC pass (convert processes to netlists).
8.3.1. Executing PROC_CLEAN pass (remove empty switches from decision trees).
8.3.2. Executing PROC_RMDEAD pass (remove dead branches from decision trees).
8.3.3. Executing PROC_PRUNE pass (remove redundant assignments in processes).
8.3.4. Executing PROC_INIT pass (extract init attributes).
8.3.5. Executing PROC_ARST pass (detect async resets in processes).
8.3.6. Executing PROC_MUX pass (convert decision trees to multiplexers).
8.3.7. Executing PROC_DLATCH pass (convert process syncs to latches).
8.3.8. Executing PROC_DFF pass (convert process syncs to FFs).
8.3.9. Executing PROC_MEMWR pass (convert process memory writes to cells).
8.3.10. Executing PROC_CLEAN pass (remove empty switches from decision trees).
8.3.11. Executing OPT_EXPR pass (perform const folding).
8.4. Executing OPT_EXPR pass (perform const folding).
8.5. Executing OPT_CLEAN pass (remove unused cells and wires).
8.6. Executing CHECK pass (checking for obvious problems).
Warning: Wire bp_fe_pc_gen_56_22_64_9_5_22_32_10_80000124_1.\pc_gen_fe_o [201] is used but has no driver.
Warning: Wire bp_fe_pc_gen_56_22_64_9_5_22_32_10_80000124_1.\pc_gen_fe_o [200] is used but has no driver.
Warning: Wire bp_fe_pc_gen_56_22_64_9_5_22_32_10_80000124_1.\pc_gen_fe_o [199] is used but has no driver.
Warning: Wire bp_fe_pc_gen_56_22_64_9_5_22_32_10_80000124_1.\pc_gen_fe_o [198] is used but has no driver.
Warning: Wire bp_fe_pc_gen_56_22_64_9_5_22_32_10_80000124_1.\pc_gen_fe_o [197] is used but has no driver.
Warning: Wire bp_fe_pc_gen_56_22_64_9_5_22_32_10_80000124_1.\pc_gen_fe_o [196] is used but has no driver.
Warning: Wire bp_fe_pc_gen_56_22_64_9_5_22_32_10_80000124_1.\pc_gen_fe_o [195] is used but has no driver.
Warning: Wire bp_fe_pc_gen_56_22_64_9_5_22_32_10_80000124_1.\pc_gen_fe_o [194] is used but has no driver.
Warning: Wire bp_fe_pc_gen_56_22_64_9_5_22_32_10_80000124_1.\pc_gen_fe_o [193] is used but has no driver.
Warning: Wire bp_fe_pc_gen_56_22_64_9_5_22_32_10_80000124_1.\pc_gen_fe_o [192] is used but has no driver.
Warning: Wire bp_fe_pc_gen_56_22_64_9_5_22_32_10_80000124_1.\pc_gen_fe_o [191] is used but has no driver.
Warning: Wire bp_fe_pc_gen_56_22_64_9_5_22_32_10_80000124_1.\pc_gen_fe_o [190] is used but has no driver.
Warning: Wire bp_fe_pc_gen_56_22_64_9_5_22_32_10_80000124_1.\pc_gen_fe_o [189] is used but has no driver.
Warning: Wire bp_fe_pc_gen_56_22_64_9_5_22_32_10_80000124_1.\pc_gen_fe_o [188] is used but has no driver.
Warning: Wire bp_fe_pc_gen_56_22_64_9_5_22_32_10_80000124_1.\pc_gen_fe_o [187] is used but has no driver.
Warning: Wire bp_fe_pc_gen_56_22_64_9_5_22_32_10_80000124_1.\pc_gen_fe_o [186] is used but has no driver.
Warning: Wire bp_fe_pc_gen_56_22_64_9_5_22_32_10_80000124_1.\pc_gen_fe_o [185] is used but has no driver.
Warning: Wire bp_fe_pc_gen_56_22_64_9_5_22_32_10_80000124_1.\pc_gen_fe_o [184] is used but has no driver.
Warning: Wire bp_fe_pc_gen_56_22_64_9_5_22_32_10_80000124_1.\pc_gen_fe_o [183] is used but has no driver.
Warning: Wire bp_fe_pc_gen_56_22_64_9_5_22_32_10_80000124_1.\pc_gen_fe_o [182] is used but has no driver.
Warning: Wire bp_fe_pc_gen_56_22_64_9_5_22_32_10_80000124_1.\pc_gen_fe_o [181] is used but has no driver.
Warning: Wire bp_fe_pc_gen_56_22_64_9_5_22_32_10_80000124_1.\pc_gen_fe_o [180] is used but has no driver.
Warning: Wire bp_fe_pc_gen_56_22_64_9_5_22_32_10_80000124_1.\pc_gen_fe_o [179] is used but has no driver.
Warning: Wire bp_fe_pc_gen_56_22_64_9_5_22_32_10_80000124_1.\pc_gen_fe_o [178] is used but has no driver.
Warning: Wire bp_fe_pc_gen_56_22_64_9_5_22_32_10_80000124_1.\pc_gen_fe_o [177] is used but has no driver.
Warning: Wire bp_fe_pc_gen_56_22_64_9_5_22_32_10_80000124_1.\pc_gen_fe_o [176] is used but has no driver.
Warning: Wire bp_fe_pc_gen_56_22_64_9_5_22_32_10_80000124_1.\pc_gen_fe_o [175] is used but has no driver.
Warning: Wire bp_fe_pc_gen_56_22_64_9_5_22_32_10_80000124_1.\pc_gen_fe_o [174] is used but has no driver.
Warning: Wire bp_fe_pc_gen_56_22_64_9_5_22_32_10_80000124_1.\pc_gen_fe_o [173] is used but has no driver.
Warning: Wire bp_fe_pc_gen_56_22_64_9_5_22_32_10_80000124_1.\pc_gen_fe_o [172] is used but has no driver.
Warning: Wire bp_fe_pc_gen_56_22_64_9_5_22_32_10_80000124_1.\pc_gen_fe_o [171] is used but has no driver.
Warning: Wire bp_fe_pc_gen_56_22_64_9_5_22_32_10_80000124_1.\pc_gen_fe_o [170] is used but has no driver.
Warning: Wire bp_fe_pc_gen_56_22_64_9_5_22_32_10_80000124_1.\pc_gen_fe_o [169] is used but has no driver.
Warning: Wire bp_fe_pc_gen_56_22_64_9_5_22_32_10_80000124_1.\pc_gen_fe_o [168] is used but has no driver.
Warning: Wire bp_fe_pc_gen_56_22_64_9_5_22_32_10_80000124_1.\pc_gen_fe_o [167] is used but has no driver.
Warning: Wire bp_fe_pc_gen_56_22_64_9_5_22_32_10_80000124_1.\pc_gen_fe_o [166] is used but has no driver.
Warning: Wire bp_fe_pc_gen_56_22_64_9_5_22_32_10_80000124_1.\pc_gen_fe_o [165] is used but has no driver.
Warning: Wire bp_fe_pc_gen_56_22_64_9_5_22_32_10_80000124_1.\pc_gen_fe_o [164] is used but has no driver.
Warning: Wire bp_fe_pc_gen_56_22_64_9_5_22_32_10_80000124_1.\pc_gen_fe_o [163] is used but has no driver.
Warning: Wire bp_fe_pc_gen_56_22_64_9_5_22_32_10_80000124_1.\pc_gen_fe_o [162] is used but has no driver.
Warning: Wire bp_fe_pc_gen_56_22_64_9_5_22_32_10_80000124_1.\pc_gen_fe_o [161] is used but has no driver.
Warning: Wire bp_fe_pc_gen_56_22_64_9_5_22_32_10_80000124_1.\pc_gen_fe_o [160] is used but has no driver.
Warning: Wire bp_fe_pc_gen_56_22_64_9_5_22_32_10_80000124_1.\pc_gen_fe_o [159] is used but has no driver.
Warning: Wire bp_fe_pc_gen_56_22_64_9_5_22_32_10_80000124_1.\pc_gen_fe_o [158] is used but has no driver.
Warning: Wire bp_fe_pc_gen_56_22_64_9_5_22_32_10_80000124_1.\pc_gen_fe_o [157] is used but has no driver.
Warning: Wire bp_fe_pc_gen_56_22_64_9_5_22_32_10_80000124_1.\pc_gen_fe_o [156] is used but has no driver.
Warning: Wire bp_fe_pc_gen_56_22_64_9_5_22_32_10_80000124_1.\pc_gen_fe_o [155] is used but has no driver.
Warning: Wire bp_fe_pc_gen_56_22_64_9_5_22_32_10_80000124_1.\pc_gen_fe_o [154] is used but has no driver.
Warning: Wire bp_fe_pc_gen_56_22_64_9_5_22_32_10_80000124_1.\pc_gen_fe_o [153] is used but has no driver.
Warning: Wire bp_fe_pc_gen_56_22_64_9_5_22_32_10_80000124_1.\pc_gen_fe_o [152] is used but has no driver.
Warning: Wire bp_fe_pc_gen_56_22_64_9_5_22_32_10_80000124_1.\pc_gen_fe_o [151] is used but has no driver.
Warning: Wire bp_fe_pc_gen_56_22_64_9_5_22_32_10_80000124_1.\pc_gen_fe_o [150] is used but has no driver.
Warning: Wire bp_fe_pc_gen_56_22_64_9_5_22_32_10_80000124_1.\pc_gen_fe_o [149] is used but has no driver.
Warning: Wire bp_fe_pc_gen_56_22_64_9_5_22_32_10_80000124_1.\pc_gen_fe_o [148] is used but has no driver.
Warning: Wire bp_fe_pc_gen_56_22_64_9_5_22_32_10_80000124_1.\pc_gen_fe_o [147] is used but has no driver.
Warning: Wire bp_fe_pc_gen_56_22_64_9_5_22_32_10_80000124_1.\pc_gen_fe_o [146] is used but has no driver.
Warning: Wire bp_fe_pc_gen_56_22_64_9_5_22_32_10_80000124_1.\pc_gen_fe_o [145] is used but has no driver.
Warning: Wire bp_fe_pc_gen_56_22_64_9_5_22_32_10_80000124_1.\pc_gen_fe_o [144] is used but has no driver.
Warning: Wire bp_fe_pc_gen_56_22_64_9_5_22_32_10_80000124_1.\pc_gen_fe_o [143] is used but has no driver.
Warning: Wire bp_fe_pc_gen_56_22_64_9_5_22_32_10_80000124_1.\pc_gen_fe_o [142] is used but has no driver.
Warning: Wire bp_fe_pc_gen_56_22_64_9_5_22_32_10_80000124_1.\pc_gen_fe_o [141] is used but has no driver.
Warning: Wire bp_fe_pc_gen_56_22_64_9_5_22_32_10_80000124_1.\pc_gen_fe_o [140] is used but has no driver.
Warning: Wire bp_fe_pc_gen_56_22_64_9_5_22_32_10_80000124_1.\pc_gen_fe_o [139] is used but has no driver.
Warning: Wire bp_fe_pc_gen_56_22_64_9_5_22_32_10_80000124_1.\pc_gen_fe_o [138] is used but has no driver.
Warning: Wire bp_fe_pc_gen_56_22_64_9_5_22_32_10_80000124_1.\pc_gen_fe_o [137] is used but has no driver.
Warning: Wire bp_fe_pc_gen_56_22_64_9_5_22_32_10_80000124_1.\pc_gen_fe_o [136] is used but has no driver.
Warning: Wire bp_fe_pc_gen_56_22_64_9_5_22_32_10_80000124_1.\pc_gen_fe_o [135] is used but has no driver.
Warning: Wire bp_fe_pc_gen_56_22_64_9_5_22_32_10_80000124_1.\pc_gen_fe_o [134] is used but has no driver.
Warning: Wire bp_fe_pc_gen_56_22_64_9_5_22_32_10_80000124_1.\pc_gen_fe_o [133] is used but has no driver.
Warning: Wire itlb_vaddr_width_p56_paddr_width_p22_eaddr_width_p64_btb_indx_width_p9_bht_indx_width_p5_ras_addr_width_p22_asid_width_p10_ppn_start_bit_p12_tag_width_p10.\itlb_fe_o [133] is used but has no driver.
Warning: Wire itlb_vaddr_width_p56_paddr_width_p22_eaddr_width_p64_btb_indx_width_p9_bht_indx_width_p5_ras_addr_width_p22_asid_width_p10_ppn_start_bit_p12_tag_width_p10.\itlb_fe_o [132] is used but has no driver.
Warning: Wire itlb_vaddr_width_p56_paddr_width_p22_eaddr_width_p64_btb_indx_width_p9_bht_indx_width_p5_ras_addr_width_p22_asid_width_p10_ppn_start_bit_p12_tag_width_p10.\itlb_fe_o [131] is used but has no driver.
Warning: Wire itlb_vaddr_width_p56_paddr_width_p22_eaddr_width_p64_btb_indx_width_p9_bht_indx_width_p5_ras_addr_width_p22_asid_width_p10_ppn_start_bit_p12_tag_width_p10.\itlb_fe_o [130] is used but has no driver.
Warning: Wire itlb_vaddr_width_p56_paddr_width_p22_eaddr_width_p64_btb_indx_width_p9_bht_indx_width_p5_ras_addr_width_p22_asid_width_p10_ppn_start_bit_p12_tag_width_p10.\itlb_fe_o [129] is used but has no driver.
Warning: Wire itlb_vaddr_width_p56_paddr_width_p22_eaddr_width_p64_btb_indx_width_p9_bht_indx_width_p5_ras_addr_width_p22_asid_width_p10_ppn_start_bit_p12_tag_width_p10.\itlb_fe_o [128] is used but has no driver.
Warning: Wire itlb_vaddr_width_p56_paddr_width_p22_eaddr_width_p64_btb_indx_width_p9_bht_indx_width_p5_ras_addr_width_p22_asid_width_p10_ppn_start_bit_p12_tag_width_p10.\itlb_fe_o [127] is used but has no driver.
Warning: Wire itlb_vaddr_width_p56_paddr_width_p22_eaddr_width_p64_btb_indx_width_p9_bht_indx_width_p5_ras_addr_width_p22_asid_width_p10_ppn_start_bit_p12_tag_width_p10.\itlb_fe_o [126] is used but has no driver.
Warning: Wire itlb_vaddr_width_p56_paddr_width_p22_eaddr_width_p64_btb_indx_width_p9_bht_indx_width_p5_ras_addr_width_p22_asid_width_p10_ppn_start_bit_p12_tag_width_p10.\itlb_fe_o [125] is used but has no driver.
Warning: Wire itlb_vaddr_width_p56_paddr_width_p22_eaddr_width_p64_btb_indx_width_p9_bht_indx_width_p5_ras_addr_width_p22_asid_width_p10_ppn_start_bit_p12_tag_width_p10.\itlb_fe_o [124] is used but has no driver.
Warning: Wire itlb_vaddr_width_p56_paddr_width_p22_eaddr_width_p64_btb_indx_width_p9_bht_indx_width_p5_ras_addr_width_p22_asid_width_p10_ppn_start_bit_p12_tag_width_p10.\itlb_fe_o [123] is used but has no driver.
Warning: Wire itlb_vaddr_width_p56_paddr_width_p22_eaddr_width_p64_btb_indx_width_p9_bht_indx_width_p5_ras_addr_width_p22_asid_width_p10_ppn_start_bit_p12_tag_width_p10.\itlb_fe_o [122] is used but has no driver.
Warning: Wire itlb_vaddr_width_p56_paddr_width_p22_eaddr_width_p64_btb_indx_width_p9_bht_indx_width_p5_ras_addr_width_p22_asid_width_p10_ppn_start_bit_p12_tag_width_p10.\itlb_fe_o [121] is used but has no driver.
Warning: Wire itlb_vaddr_width_p56_paddr_width_p22_eaddr_width_p64_btb_indx_width_p9_bht_indx_width_p5_ras_addr_width_p22_asid_width_p10_ppn_start_bit_p12_tag_width_p10.\itlb_fe_o [120] is used but has no driver.
Warning: Wire itlb_vaddr_width_p56_paddr_width_p22_eaddr_width_p64_btb_indx_width_p9_bht_indx_width_p5_ras_addr_width_p22_asid_width_p10_ppn_start_bit_p12_tag_width_p10.\itlb_fe_o [119] is used but has no driver.
Warning: Wire itlb_vaddr_width_p56_paddr_width_p22_eaddr_width_p64_btb_indx_width_p9_bht_indx_width_p5_ras_addr_width_p22_asid_width_p10_ppn_start_bit_p12_tag_width_p10.\itlb_fe_o [118] is used but has no driver.
Warning: Wire itlb_vaddr_width_p56_paddr_width_p22_eaddr_width_p64_btb_indx_width_p9_bht_indx_width_p5_ras_addr_width_p22_asid_width_p10_ppn_start_bit_p12_tag_width_p10.\itlb_fe_o [117] is used but has no driver.
Warning: Wire itlb_vaddr_width_p56_paddr_width_p22_eaddr_width_p64_btb_indx_width_p9_bht_indx_width_p5_ras_addr_width_p22_asid_width_p10_ppn_start_bit_p12_tag_width_p10.\itlb_fe_o [116] is used but has no driver.
Warning: Wire itlb_vaddr_width_p56_paddr_width_p22_eaddr_width_p64_btb_indx_width_p9_bht_indx_width_p5_ras_addr_width_p22_asid_width_p10_ppn_start_bit_p12_tag_width_p10.\itlb_fe_o [115] is used but has no driver.
Warning: Wire itlb_vaddr_width_p56_paddr_width_p22_eaddr_width_p64_btb_indx_width_p9_bht_indx_width_p5_ras_addr_width_p22_asid_width_p10_ppn_start_bit_p12_tag_width_p10.\itlb_fe_o [114] is used but has no driver.
Warning: Wire itlb_vaddr_width_p56_paddr_width_p22_eaddr_width_p64_btb_indx_width_p9_bht_indx_width_p5_ras_addr_width_p22_asid_width_p10_ppn_start_bit_p12_tag_width_p10.\itlb_fe_o [113] is used but has no driver.
Warning: Wire itlb_vaddr_width_p56_paddr_width_p22_eaddr_width_p64_btb_indx_width_p9_bht_indx_width_p5_ras_addr_width_p22_asid_width_p10_ppn_start_bit_p12_tag_width_p10.\itlb_fe_o [112] is used but has no driver.
Warning: Wire itlb_vaddr_width_p56_paddr_width_p22_eaddr_width_p64_btb_indx_width_p9_bht_indx_width_p5_ras_addr_width_p22_asid_width_p10_ppn_start_bit_p12_tag_width_p10.\itlb_fe_o [111] is used but has no driver.
Warning: Wire itlb_vaddr_width_p56_paddr_width_p22_eaddr_width_p64_btb_indx_width_p9_bht_indx_width_p5_ras_addr_width_p22_asid_width_p10_ppn_start_bit_p12_tag_width_p10.\itlb_fe_o [110] is used but has no driver.
Warning: Wire itlb_vaddr_width_p56_paddr_width_p22_eaddr_width_p64_btb_indx_width_p9_bht_indx_width_p5_ras_addr_width_p22_asid_width_p10_ppn_start_bit_p12_tag_width_p10.\itlb_fe_o [109] is used but has no driver.
Warning: Wire itlb_vaddr_width_p56_paddr_width_p22_eaddr_width_p64_btb_indx_width_p9_bht_indx_width_p5_ras_addr_width_p22_asid_width_p10_ppn_start_bit_p12_tag_width_p10.\itlb_fe_o [108] is used but has no driver.
Warning: Wire itlb_vaddr_width_p56_paddr_width_p22_eaddr_width_p64_btb_indx_width_p9_bht_indx_width_p5_ras_addr_width_p22_asid_width_p10_ppn_start_bit_p12_tag_width_p10.\itlb_fe_o [107] is used but has no driver.
Warning: Wire itlb_vaddr_width_p56_paddr_width_p22_eaddr_width_p64_btb_indx_width_p9_bht_indx_width_p5_ras_addr_width_p22_asid_width_p10_ppn_start_bit_p12_tag_width_p10.\itlb_fe_o [106] is used but has no driver.
Warning: Wire itlb_vaddr_width_p56_paddr_width_p22_eaddr_width_p64_btb_indx_width_p9_bht_indx_width_p5_ras_addr_width_p22_asid_width_p10_ppn_start_bit_p12_tag_width_p10.\itlb_fe_o [105] is used but has no driver.
Warning: Wire itlb_vaddr_width_p56_paddr_width_p22_eaddr_width_p64_btb_indx_width_p9_bht_indx_width_p5_ras_addr_width_p22_asid_width_p10_ppn_start_bit_p12_tag_width_p10.\itlb_fe_o [104] is used but has no driver.
Warning: Wire itlb_vaddr_width_p56_paddr_width_p22_eaddr_width_p64_btb_indx_width_p9_bht_indx_width_p5_ras_addr_width_p22_asid_width_p10_ppn_start_bit_p12_tag_width_p10.\itlb_fe_o [103] is used but has no driver.
Warning: Wire itlb_vaddr_width_p56_paddr_width_p22_eaddr_width_p64_btb_indx_width_p9_bht_indx_width_p5_ras_addr_width_p22_asid_width_p10_ppn_start_bit_p12_tag_width_p10.\itlb_fe_o [102] is used but has no driver.
Warning: Wire itlb_vaddr_width_p56_paddr_width_p22_eaddr_width_p64_btb_indx_width_p9_bht_indx_width_p5_ras_addr_width_p22_asid_width_p10_ppn_start_bit_p12_tag_width_p10.\itlb_fe_o [101] is used but has no driver.
Warning: Wire itlb_vaddr_width_p56_paddr_width_p22_eaddr_width_p64_btb_indx_width_p9_bht_indx_width_p5_ras_addr_width_p22_asid_width_p10_ppn_start_bit_p12_tag_width_p10.\itlb_fe_o [100] is used but has no driver.
Warning: Wire itlb_vaddr_width_p56_paddr_width_p22_eaddr_width_p64_btb_indx_width_p9_bht_indx_width_p5_ras_addr_width_p22_asid_width_p10_ppn_start_bit_p12_tag_width_p10.\itlb_fe_o [99] is used but has no driver.
Warning: Wire itlb_vaddr_width_p56_paddr_width_p22_eaddr_width_p64_btb_indx_width_p9_bht_indx_width_p5_ras_addr_width_p22_asid_width_p10_ppn_start_bit_p12_tag_width_p10.\itlb_fe_o [98] is used but has no driver.
Warning: Wire itlb_vaddr_width_p56_paddr_width_p22_eaddr_width_p64_btb_indx_width_p9_bht_indx_width_p5_ras_addr_width_p22_asid_width_p10_ppn_start_bit_p12_tag_width_p10.\itlb_fe_o [97] is used but has no driver.
Warning: Wire itlb_vaddr_width_p56_paddr_width_p22_eaddr_width_p64_btb_indx_width_p9_bht_indx_width_p5_ras_addr_width_p22_asid_width_p10_ppn_start_bit_p12_tag_width_p10.\itlb_fe_o [96] is used but has no driver.
Warning: Wire itlb_vaddr_width_p56_paddr_width_p22_eaddr_width_p64_btb_indx_width_p9_bht_indx_width_p5_ras_addr_width_p22_asid_width_p10_ppn_start_bit_p12_tag_width_p10.\itlb_fe_o [95] is used but has no driver.
Warning: Wire itlb_vaddr_width_p56_paddr_width_p22_eaddr_width_p64_btb_indx_width_p9_bht_indx_width_p5_ras_addr_width_p22_asid_width_p10_ppn_start_bit_p12_tag_width_p10.\itlb_fe_o [94] is used but has no driver.
Warning: Wire itlb_vaddr_width_p56_paddr_width_p22_eaddr_width_p64_btb_indx_width_p9_bht_indx_width_p5_ras_addr_width_p22_asid_width_p10_ppn_start_bit_p12_tag_width_p10.\itlb_fe_o [93] is used but has no driver.
Warning: Wire itlb_vaddr_width_p56_paddr_width_p22_eaddr_width_p64_btb_indx_width_p9_bht_indx_width_p5_ras_addr_width_p22_asid_width_p10_ppn_start_bit_p12_tag_width_p10.\itlb_fe_o [92] is used but has no driver.
Warning: Wire itlb_vaddr_width_p56_paddr_width_p22_eaddr_width_p64_btb_indx_width_p9_bht_indx_width_p5_ras_addr_width_p22_asid_width_p10_ppn_start_bit_p12_tag_width_p10.\itlb_fe_o [91] is used but has no driver.
Warning: Wire itlb_vaddr_width_p56_paddr_width_p22_eaddr_width_p64_btb_indx_width_p9_bht_indx_width_p5_ras_addr_width_p22_asid_width_p10_ppn_start_bit_p12_tag_width_p10.\itlb_fe_o [90] is used but has no driver.
Warning: Wire itlb_vaddr_width_p56_paddr_width_p22_eaddr_width_p64_btb_indx_width_p9_bht_indx_width_p5_ras_addr_width_p22_asid_width_p10_ppn_start_bit_p12_tag_width_p10.\itlb_fe_o [89] is used but has no driver.
Warning: Wire itlb_vaddr_width_p56_paddr_width_p22_eaddr_width_p64_btb_indx_width_p9_bht_indx_width_p5_ras_addr_width_p22_asid_width_p10_ppn_start_bit_p12_tag_width_p10.\itlb_fe_o [88] is used but has no driver.
Warning: Wire itlb_vaddr_width_p56_paddr_width_p22_eaddr_width_p64_btb_indx_width_p9_bht_indx_width_p5_ras_addr_width_p22_asid_width_p10_ppn_start_bit_p12_tag_width_p10.\itlb_fe_o [87] is used but has no driver.
Warning: Wire itlb_vaddr_width_p56_paddr_width_p22_eaddr_width_p64_btb_indx_width_p9_bht_indx_width_p5_ras_addr_width_p22_asid_width_p10_ppn_start_bit_p12_tag_width_p10.\itlb_fe_o [86] is used but has no driver.
Warning: Wire itlb_vaddr_width_p56_paddr_width_p22_eaddr_width_p64_btb_indx_width_p9_bht_indx_width_p5_ras_addr_width_p22_asid_width_p10_ppn_start_bit_p12_tag_width_p10.\itlb_fe_o [85] is used but has no driver.
Warning: Wire itlb_vaddr_width_p56_paddr_width_p22_eaddr_width_p64_btb_indx_width_p9_bht_indx_width_p5_ras_addr_width_p22_asid_width_p10_ppn_start_bit_p12_tag_width_p10.\itlb_fe_o [84] is used but has no driver.
Warning: Wire itlb_vaddr_width_p56_paddr_width_p22_eaddr_width_p64_btb_indx_width_p9_bht_indx_width_p5_ras_addr_width_p22_asid_width_p10_ppn_start_bit_p12_tag_width_p10.\itlb_fe_o [83] is used but has no driver.
Warning: Wire itlb_vaddr_width_p56_paddr_width_p22_eaddr_width_p64_btb_indx_width_p9_bht_indx_width_p5_ras_addr_width_p22_asid_width_p10_ppn_start_bit_p12_tag_width_p10.\itlb_fe_o [82] is used but has no driver.
Warning: Wire itlb_vaddr_width_p56_paddr_width_p22_eaddr_width_p64_btb_indx_width_p9_bht_indx_width_p5_ras_addr_width_p22_asid_width_p10_ppn_start_bit_p12_tag_width_p10.\itlb_fe_o [81] is used but has no driver.
Warning: Wire itlb_vaddr_width_p56_paddr_width_p22_eaddr_width_p64_btb_indx_width_p9_bht_indx_width_p5_ras_addr_width_p22_asid_width_p10_ppn_start_bit_p12_tag_width_p10.\itlb_fe_o [80] is used but has no driver.
Warning: Wire itlb_vaddr_width_p56_paddr_width_p22_eaddr_width_p64_btb_indx_width_p9_bht_indx_width_p5_ras_addr_width_p22_asid_width_p10_ppn_start_bit_p12_tag_width_p10.\itlb_fe_o [79] is used but has no driver.
Warning: Wire itlb_vaddr_width_p56_paddr_width_p22_eaddr_width_p64_btb_indx_width_p9_bht_indx_width_p5_ras_addr_width_p22_asid_width_p10_ppn_start_bit_p12_tag_width_p10.\itlb_fe_o [78] is used but has no driver.
Warning: Wire itlb_vaddr_width_p56_paddr_width_p22_eaddr_width_p64_btb_indx_width_p9_bht_indx_width_p5_ras_addr_width_p22_asid_width_p10_ppn_start_bit_p12_tag_width_p10.\itlb_fe_o [77] is used but has no driver.
Warning: Wire itlb_vaddr_width_p56_paddr_width_p22_eaddr_width_p64_btb_indx_width_p9_bht_indx_width_p5_ras_addr_width_p22_asid_width_p10_ppn_start_bit_p12_tag_width_p10.\itlb_fe_o [76] is used but has no driver.
Warning: Wire itlb_vaddr_width_p56_paddr_width_p22_eaddr_width_p64_btb_indx_width_p9_bht_indx_width_p5_ras_addr_width_p22_asid_width_p10_ppn_start_bit_p12_tag_width_p10.\itlb_fe_o [75] is used but has no driver.
Warning: Wire itlb_vaddr_width_p56_paddr_width_p22_eaddr_width_p64_btb_indx_width_p9_bht_indx_width_p5_ras_addr_width_p22_asid_width_p10_ppn_start_bit_p12_tag_width_p10.\itlb_fe_o [74] is used but has no driver.
Warning: Wire itlb_vaddr_width_p56_paddr_width_p22_eaddr_width_p64_btb_indx_width_p9_bht_indx_width_p5_ras_addr_width_p22_asid_width_p10_ppn_start_bit_p12_tag_width_p10.\itlb_fe_o [73] is used but has no driver.
Warning: Wire itlb_vaddr_width_p56_paddr_width_p22_eaddr_width_p64_btb_indx_width_p9_bht_indx_width_p5_ras_addr_width_p22_asid_width_p10_ppn_start_bit_p12_tag_width_p10.\itlb_fe_o [72] is used but has no driver.
Warning: Wire itlb_vaddr_width_p56_paddr_width_p22_eaddr_width_p64_btb_indx_width_p9_bht_indx_width_p5_ras_addr_width_p22_asid_width_p10_ppn_start_bit_p12_tag_width_p10.\itlb_fe_o [71] is used but has no driver.
Warning: Wire itlb_vaddr_width_p56_paddr_width_p22_eaddr_width_p64_btb_indx_width_p9_bht_indx_width_p5_ras_addr_width_p22_asid_width_p10_ppn_start_bit_p12_tag_width_p10.\itlb_fe_o [70] is used but has no driver.
Warning: Wire itlb_vaddr_width_p56_paddr_width_p22_eaddr_width_p64_btb_indx_width_p9_bht_indx_width_p5_ras_addr_width_p22_asid_width_p10_ppn_start_bit_p12_tag_width_p10.\itlb_fe_o [69] is used but has no driver.
Warning: Wire itlb_vaddr_width_p56_paddr_width_p22_eaddr_width_p64_btb_indx_width_p9_bht_indx_width_p5_ras_addr_width_p22_asid_width_p10_ppn_start_bit_p12_tag_width_p10.\itlb_fe_o [68] is used but has no driver.
Warning: Wire itlb_vaddr_width_p56_paddr_width_p22_eaddr_width_p64_btb_indx_width_p9_bht_indx_width_p5_ras_addr_width_p22_asid_width_p10_ppn_start_bit_p12_tag_width_p10.\itlb_fe_o [67] is used but has no driver.
Warning: Wire itlb_vaddr_width_p56_paddr_width_p22_eaddr_width_p64_btb_indx_width_p9_bht_indx_width_p5_ras_addr_width_p22_asid_width_p10_ppn_start_bit_p12_tag_width_p10.\itlb_fe_o [66] is used but has no driver.
Warning: Wire itlb_vaddr_width_p56_paddr_width_p22_eaddr_width_p64_btb_indx_width_p9_bht_indx_width_p5_ras_addr_width_p22_asid_width_p10_ppn_start_bit_p12_tag_width_p10.\itlb_fe_o [65] is used but has no driver.
Warning: Wire itlb_vaddr_width_p56_paddr_width_p22_eaddr_width_p64_btb_indx_width_p9_bht_indx_width_p5_ras_addr_width_p22_asid_width_p10_ppn_start_bit_p12_tag_width_p10.\itlb_fe_o [64] is used but has no driver.
Warning: Wire itlb_vaddr_width_p56_paddr_width_p22_eaddr_width_p64_btb_indx_width_p9_bht_indx_width_p5_ras_addr_width_p22_asid_width_p10_ppn_start_bit_p12_tag_width_p10.\itlb_fe_o [63] is used but has no driver.
Warning: Wire itlb_vaddr_width_p56_paddr_width_p22_eaddr_width_p64_btb_indx_width_p9_bht_indx_width_p5_ras_addr_width_p22_asid_width_p10_ppn_start_bit_p12_tag_width_p10.\itlb_fe_o [62] is used but has no driver.
Warning: Wire itlb_vaddr_width_p56_paddr_width_p22_eaddr_width_p64_btb_indx_width_p9_bht_indx_width_p5_ras_addr_width_p22_asid_width_p10_ppn_start_bit_p12_tag_width_p10.\itlb_fe_o [61] is used but has no driver.
Warning: Wire itlb_vaddr_width_p56_paddr_width_p22_eaddr_width_p64_btb_indx_width_p9_bht_indx_width_p5_ras_addr_width_p22_asid_width_p10_ppn_start_bit_p12_tag_width_p10.\itlb_fe_o [60] is used but has no driver.
Warning: Wire itlb_vaddr_width_p56_paddr_width_p22_eaddr_width_p64_btb_indx_width_p9_bht_indx_width_p5_ras_addr_width_p22_asid_width_p10_ppn_start_bit_p12_tag_width_p10.\itlb_fe_o [59] is used but has no driver.
Warning: Wire itlb_vaddr_width_p56_paddr_width_p22_eaddr_width_p64_btb_indx_width_p9_bht_indx_width_p5_ras_addr_width_p22_asid_width_p10_ppn_start_bit_p12_tag_width_p10.\itlb_fe_o [58] is used but has no driver.
Warning: Wire itlb_vaddr_width_p56_paddr_width_p22_eaddr_width_p64_btb_indx_width_p9_bht_indx_width_p5_ras_addr_width_p22_asid_width_p10_ppn_start_bit_p12_tag_width_p10.\itlb_fe_o [57] is used but has no driver.
Warning: Wire itlb_vaddr_width_p56_paddr_width_p22_eaddr_width_p64_btb_indx_width_p9_bht_indx_width_p5_ras_addr_width_p22_asid_width_p10_ppn_start_bit_p12_tag_width_p10.\itlb_fe_o [56] is used but has no driver.
Warning: Wire itlb_vaddr_width_p56_paddr_width_p22_eaddr_width_p64_btb_indx_width_p9_bht_indx_width_p5_ras_addr_width_p22_asid_width_p10_ppn_start_bit_p12_tag_width_p10.\itlb_fe_o [55] is used but has no driver.
Warning: Wire itlb_vaddr_width_p56_paddr_width_p22_eaddr_width_p64_btb_indx_width_p9_bht_indx_width_p5_ras_addr_width_p22_asid_width_p10_ppn_start_bit_p12_tag_width_p10.\itlb_fe_o [54] is used but has no driver.
Warning: Wire itlb_vaddr_width_p56_paddr_width_p22_eaddr_width_p64_btb_indx_width_p9_bht_indx_width_p5_ras_addr_width_p22_asid_width_p10_ppn_start_bit_p12_tag_width_p10.\itlb_fe_o [53] is used but has no driver.
Warning: Wire itlb_vaddr_width_p56_paddr_width_p22_eaddr_width_p64_btb_indx_width_p9_bht_indx_width_p5_ras_addr_width_p22_asid_width_p10_ppn_start_bit_p12_tag_width_p10.\itlb_fe_o [52] is used but has no driver.
Warning: Wire itlb_vaddr_width_p56_paddr_width_p22_eaddr_width_p64_btb_indx_width_p9_bht_indx_width_p5_ras_addr_width_p22_asid_width_p10_ppn_start_bit_p12_tag_width_p10.\itlb_fe_o [51] is used but has no driver.
Warning: Wire itlb_vaddr_width_p56_paddr_width_p22_eaddr_width_p64_btb_indx_width_p9_bht_indx_width_p5_ras_addr_width_p22_asid_width_p10_ppn_start_bit_p12_tag_width_p10.\itlb_fe_o [50] is used but has no driver.
Warning: Wire itlb_vaddr_width_p56_paddr_width_p22_eaddr_width_p64_btb_indx_width_p9_bht_indx_width_p5_ras_addr_width_p22_asid_width_p10_ppn_start_bit_p12_tag_width_p10.\itlb_fe_o [49] is used but has no driver.
Warning: Wire itlb_vaddr_width_p56_paddr_width_p22_eaddr_width_p64_btb_indx_width_p9_bht_indx_width_p5_ras_addr_width_p22_asid_width_p10_ppn_start_bit_p12_tag_width_p10.\itlb_fe_o [48] is used but has no driver.
Warning: Wire itlb_vaddr_width_p56_paddr_width_p22_eaddr_width_p64_btb_indx_width_p9_bht_indx_width_p5_ras_addr_width_p22_asid_width_p10_ppn_start_bit_p12_tag_width_p10.\itlb_fe_o [47] is used but has no driver.
Warning: Wire itlb_vaddr_width_p56_paddr_width_p22_eaddr_width_p64_btb_indx_width_p9_bht_indx_width_p5_ras_addr_width_p22_asid_width_p10_ppn_start_bit_p12_tag_width_p10.\itlb_fe_o [46] is used but has no driver.
Warning: Wire itlb_vaddr_width_p56_paddr_width_p22_eaddr_width_p64_btb_indx_width_p9_bht_indx_width_p5_ras_addr_width_p22_asid_width_p10_ppn_start_bit_p12_tag_width_p10.\itlb_fe_o [45] is used but has no driver.
Warning: Wire itlb_vaddr_width_p56_paddr_width_p22_eaddr_width_p64_btb_indx_width_p9_bht_indx_width_p5_ras_addr_width_p22_asid_width_p10_ppn_start_bit_p12_tag_width_p10.\itlb_fe_o [44] is used but has no driver.
Warning: Wire itlb_vaddr_width_p56_paddr_width_p22_eaddr_width_p64_btb_indx_width_p9_bht_indx_width_p5_ras_addr_width_p22_asid_width_p10_ppn_start_bit_p12_tag_width_p10.\itlb_fe_o [43] is used but has no driver.
Warning: Wire itlb_vaddr_width_p56_paddr_width_p22_eaddr_width_p64_btb_indx_width_p9_bht_indx_width_p5_ras_addr_width_p22_asid_width_p10_ppn_start_bit_p12_tag_width_p10.\itlb_fe_o [42] is used but has no driver.
Warning: Wire itlb_vaddr_width_p56_paddr_width_p22_eaddr_width_p64_btb_indx_width_p9_bht_indx_width_p5_ras_addr_width_p22_asid_width_p10_ppn_start_bit_p12_tag_width_p10.\itlb_fe_o [41] is used but has no driver.
Warning: Wire itlb_vaddr_width_p56_paddr_width_p22_eaddr_width_p64_btb_indx_width_p9_bht_indx_width_p5_ras_addr_width_p22_asid_width_p10_ppn_start_bit_p12_tag_width_p10.\itlb_fe_o [40] is used but has no driver.
Warning: Wire itlb_vaddr_width_p56_paddr_width_p22_eaddr_width_p64_btb_indx_width_p9_bht_indx_width_p5_ras_addr_width_p22_asid_width_p10_ppn_start_bit_p12_tag_width_p10.\itlb_fe_o [39] is used but has no driver.
Warning: Wire itlb_vaddr_width_p56_paddr_width_p22_eaddr_width_p64_btb_indx_width_p9_bht_indx_width_p5_ras_addr_width_p22_asid_width_p10_ppn_start_bit_p12_tag_width_p10.\itlb_fe_o [38] is used but has no driver.
Warning: Wire itlb_vaddr_width_p56_paddr_width_p22_eaddr_width_p64_btb_indx_width_p9_bht_indx_width_p5_ras_addr_width_p22_asid_width_p10_ppn_start_bit_p12_tag_width_p10.\itlb_fe_o [37] is used but has no driver.
Warning: Wire itlb_vaddr_width_p56_paddr_width_p22_eaddr_width_p64_btb_indx_width_p9_bht_indx_width_p5_ras_addr_width_p22_asid_width_p10_ppn_start_bit_p12_tag_width_p10.\itlb_fe_o [36] is used but has no driver.
Warning: Wire itlb_vaddr_width_p56_paddr_width_p22_eaddr_width_p64_btb_indx_width_p9_bht_indx_width_p5_ras_addr_width_p22_asid_width_p10_ppn_start_bit_p12_tag_width_p10.\itlb_fe_o [35] is used but has no driver.
Warning: Wire itlb_vaddr_width_p56_paddr_width_p22_eaddr_width_p64_btb_indx_width_p9_bht_indx_width_p5_ras_addr_width_p22_asid_width_p10_ppn_start_bit_p12_tag_width_p10.\itlb_fe_o [34] is used but has no driver.
Warning: Wire itlb_vaddr_width_p56_paddr_width_p22_eaddr_width_p64_btb_indx_width_p9_bht_indx_width_p5_ras_addr_width_p22_asid_width_p10_ppn_start_bit_p12_tag_width_p10.\itlb_fe_o [33] is used but has no driver.
Warning: Wire itlb_vaddr_width_p56_paddr_width_p22_eaddr_width_p64_btb_indx_width_p9_bht_indx_width_p5_ras_addr_width_p22_asid_width_p10_ppn_start_bit_p12_tag_width_p10.\itlb_fe_o [32] is used but has no driver.
Warning: Wire itlb_vaddr_width_p56_paddr_width_p22_eaddr_width_p64_btb_indx_width_p9_bht_indx_width_p5_ras_addr_width_p22_asid_width_p10_ppn_start_bit_p12_tag_width_p10.\itlb_fe_o [31] is used but has no driver.
Warning: Wire itlb_vaddr_width_p56_paddr_width_p22_eaddr_width_p64_btb_indx_width_p9_bht_indx_width_p5_ras_addr_width_p22_asid_width_p10_ppn_start_bit_p12_tag_width_p10.\itlb_fe_o [30] is used but has no driver.
Warning: Wire itlb_vaddr_width_p56_paddr_width_p22_eaddr_width_p64_btb_indx_width_p9_bht_indx_width_p5_ras_addr_width_p22_asid_width_p10_ppn_start_bit_p12_tag_width_p10.\itlb_fe_o [29] is used but has no driver.
Warning: Wire itlb_vaddr_width_p56_paddr_width_p22_eaddr_width_p64_btb_indx_width_p9_bht_indx_width_p5_ras_addr_width_p22_asid_width_p10_ppn_start_bit_p12_tag_width_p10.\itlb_fe_o [28] is used but has no driver.
Warning: Wire itlb_vaddr_width_p56_paddr_width_p22_eaddr_width_p64_btb_indx_width_p9_bht_indx_width_p5_ras_addr_width_p22_asid_width_p10_ppn_start_bit_p12_tag_width_p10.\itlb_fe_o [27] is used but has no driver.
Warning: Wire itlb_vaddr_width_p56_paddr_width_p22_eaddr_width_p64_btb_indx_width_p9_bht_indx_width_p5_ras_addr_width_p22_asid_width_p10_ppn_start_bit_p12_tag_width_p10.\itlb_fe_o [26] is used but has no driver.
Warning: Wire itlb_vaddr_width_p56_paddr_width_p22_eaddr_width_p64_btb_indx_width_p9_bht_indx_width_p5_ras_addr_width_p22_asid_width_p10_ppn_start_bit_p12_tag_width_p10.\itlb_fe_o [25] is used but has no driver.
Warning: Wire itlb_vaddr_width_p56_paddr_width_p22_eaddr_width_p64_btb_indx_width_p9_bht_indx_width_p5_ras_addr_width_p22_asid_width_p10_ppn_start_bit_p12_tag_width_p10.\itlb_fe_o [24] is used but has no driver.
Warning: Wire itlb_vaddr_width_p56_paddr_width_p22_eaddr_width_p64_btb_indx_width_p9_bht_indx_width_p5_ras_addr_width_p22_asid_width_p10_ppn_start_bit_p12_tag_width_p10.\itlb_fe_o [23] is used but has no driver.
Warning: Wire itlb_vaddr_width_p56_paddr_width_p22_eaddr_width_p64_btb_indx_width_p9_bht_indx_width_p5_ras_addr_width_p22_asid_width_p10_ppn_start_bit_p12_tag_width_p10.\itlb_fe_o [22] is used but has no driver.
Warning: Wire itlb_vaddr_width_p56_paddr_width_p22_eaddr_width_p64_btb_indx_width_p9_bht_indx_width_p5_ras_addr_width_p22_asid_width_p10_ppn_start_bit_p12_tag_width_p10.\itlb_fe_o [21] is used but has no driver.
Warning: Wire itlb_vaddr_width_p56_paddr_width_p22_eaddr_width_p64_btb_indx_width_p9_bht_indx_width_p5_ras_addr_width_p22_asid_width_p10_ppn_start_bit_p12_tag_width_p10.\itlb_fe_o [20] is used but has no driver.
Warning: Wire itlb_vaddr_width_p56_paddr_width_p22_eaddr_width_p64_btb_indx_width_p9_bht_indx_width_p5_ras_addr_width_p22_asid_width_p10_ppn_start_bit_p12_tag_width_p10.\itlb_fe_o [19] is used but has no driver.
Warning: Wire itlb_vaddr_width_p56_paddr_width_p22_eaddr_width_p64_btb_indx_width_p9_bht_indx_width_p5_ras_addr_width_p22_asid_width_p10_ppn_start_bit_p12_tag_width_p10.\itlb_fe_o [18] is used but has no driver.
Warning: Wire itlb_vaddr_width_p56_paddr_width_p22_eaddr_width_p64_btb_indx_width_p9_bht_indx_width_p5_ras_addr_width_p22_asid_width_p10_ppn_start_bit_p12_tag_width_p10.\itlb_fe_o [17] is used but has no driver.
Warning: Wire itlb_vaddr_width_p56_paddr_width_p22_eaddr_width_p64_btb_indx_width_p9_bht_indx_width_p5_ras_addr_width_p22_asid_width_p10_ppn_start_bit_p12_tag_width_p10.\itlb_fe_o [16] is used but has no driver.
Warning: Wire itlb_vaddr_width_p56_paddr_width_p22_eaddr_width_p64_btb_indx_width_p9_bht_indx_width_p5_ras_addr_width_p22_asid_width_p10_ppn_start_bit_p12_tag_width_p10.\itlb_fe_o [15] is used but has no driver.
Warning: Wire itlb_vaddr_width_p56_paddr_width_p22_eaddr_width_p64_btb_indx_width_p9_bht_indx_width_p5_ras_addr_width_p22_asid_width_p10_ppn_start_bit_p12_tag_width_p10.\itlb_fe_o [14] is used but has no driver.
Warning: Wire itlb_vaddr_width_p56_paddr_width_p22_eaddr_width_p64_btb_indx_width_p9_bht_indx_width_p5_ras_addr_width_p22_asid_width_p10_ppn_start_bit_p12_tag_width_p10.\itlb_fe_o [13] is used but has no driver.
Warning: Wire itlb_vaddr_width_p56_paddr_width_p22_eaddr_width_p64_btb_indx_width_p9_bht_indx_width_p5_ras_addr_width_p22_asid_width_p10_ppn_start_bit_p12_tag_width_p10.\itlb_fe_o [12] is used but has no driver.
Warning: Wire itlb_vaddr_width_p56_paddr_width_p22_eaddr_width_p64_btb_indx_width_p9_bht_indx_width_p5_ras_addr_width_p22_asid_width_p10_ppn_start_bit_p12_tag_width_p10.\itlb_fe_o [11] is used but has no driver.
Warning: Wire itlb_vaddr_width_p56_paddr_width_p22_eaddr_width_p64_btb_indx_width_p9_bht_indx_width_p5_ras_addr_width_p22_asid_width_p10_ppn_start_bit_p12_tag_width_p10.\itlb_fe_o [10] is used but has no driver.
Warning: Wire itlb_vaddr_width_p56_paddr_width_p22_eaddr_width_p64_btb_indx_width_p9_bht_indx_width_p5_ras_addr_width_p22_asid_width_p10_ppn_start_bit_p12_tag_width_p10.\itlb_fe_o [9] is used but has no driver.
Warning: Wire itlb_vaddr_width_p56_paddr_width_p22_eaddr_width_p64_btb_indx_width_p9_bht_indx_width_p5_ras_addr_width_p22_asid_width_p10_ppn_start_bit_p12_tag_width_p10.\itlb_fe_o [8] is used but has no driver.
Warning: Wire itlb_vaddr_width_p56_paddr_width_p22_eaddr_width_p64_btb_indx_width_p9_bht_indx_width_p5_ras_addr_width_p22_asid_width_p10_ppn_start_bit_p12_tag_width_p10.\itlb_fe_o [7] is used but has no driver.
Warning: Wire itlb_vaddr_width_p56_paddr_width_p22_eaddr_width_p64_btb_indx_width_p9_bht_indx_width_p5_ras_addr_width_p22_asid_width_p10_ppn_start_bit_p12_tag_width_p10.\itlb_fe_o [6] is used but has no driver.
Warning: Wire itlb_vaddr_width_p56_paddr_width_p22_eaddr_width_p64_btb_indx_width_p9_bht_indx_width_p5_ras_addr_width_p22_asid_width_p10_ppn_start_bit_p12_tag_width_p10.\itlb_fe_o [5] is used but has no driver.
Warning: Wire itlb_vaddr_width_p56_paddr_width_p22_eaddr_width_p64_btb_indx_width_p9_bht_indx_width_p5_ras_addr_width_p22_asid_width_p10_ppn_start_bit_p12_tag_width_p10.\itlb_fe_o [4] is used but has no driver.
Warning: Wire itlb_vaddr_width_p56_paddr_width_p22_eaddr_width_p64_btb_indx_width_p9_bht_indx_width_p5_ras_addr_width_p22_asid_width_p10_ppn_start_bit_p12_tag_width_p10.\itlb_fe_o [3] is used but has no driver.
Warning: Wire itlb_vaddr_width_p56_paddr_width_p22_eaddr_width_p64_btb_indx_width_p9_bht_indx_width_p5_ras_addr_width_p22_asid_width_p10_ppn_start_bit_p12_tag_width_p10.\itlb_fe_o [2] is used but has no driver.
Warning: Wire itlb_vaddr_width_p56_paddr_width_p22_eaddr_width_p64_btb_indx_width_p9_bht_indx_width_p5_ras_addr_width_p22_asid_width_p10_ppn_start_bit_p12_tag_width_p10.\itlb_fe_o [1] is used but has no driver.
Warning: Wire itlb_vaddr_width_p56_paddr_width_p22_eaddr_width_p64_btb_indx_width_p9_bht_indx_width_p5_ras_addr_width_p22_asid_width_p10_ppn_start_bit_p12_tag_width_p10.\itlb_fe_o [0] is used but has no driver.
8.7. Executing OPT pass (performing simple optimizations).
8.7.1. Executing OPT_EXPR pass (perform const folding).
8.7.2. Executing OPT_MERGE pass (detect identical cells).
8.7.3. Executing OPT_MUXTREE pass (detect dead branches in mux trees).
8.7.4. Executing OPT_REDUCE pass (consolidate $*mux and $reduce_* inputs).
8.7.5. Executing OPT_MERGE pass (detect identical cells).
8.7.6. Executing OPT_DFF pass (perform DFF optimizations).
8.7.7. Executing OPT_CLEAN pass (remove unused cells and wires).
8.7.8. Executing OPT_EXPR pass (perform const folding).
8.7.9. Rerunning OPT passes. (Maybe there is more to do..)
8.7.10. Executing OPT_MUXTREE pass (detect dead branches in mux trees).
8.7.11. Executing OPT_REDUCE pass (consolidate $*mux and $reduce_* inputs).
8.7.12. Executing OPT_MERGE pass (detect identical cells).
8.7.13. Executing OPT_DFF pass (perform DFF optimizations).
8.7.14. Executing OPT_CLEAN pass (remove unused cells and wires).
8.7.15. Executing OPT_EXPR pass (perform const folding).
8.7.16. Finished OPT passes. (There is nothing left to do.)
8.8. Executing FSM pass (extract and optimize FSM).
8.8.1. Executing FSM_DETECT pass (finding FSMs in design).
8.8.2. Executing FSM_EXTRACT pass (extracting FSM from design).
8.8.3. Executing FSM_OPT pass (simple optimizations of FSMs).
8.8.4. Executing OPT_CLEAN pass (remove unused cells and wires).
8.8.5. Executing FSM_OPT pass (simple optimizations of FSMs).
8.8.6. Executing FSM_RECODE pass (re-assigning FSM state encoding).
8.8.7. Executing FSM_INFO pass (dumping all available information on FSM cells).
8.8.8. Executing FSM_MAP pass (mapping FSMs to basic logic).
8.9. Executing OPT pass (performing simple optimizations).
8.9.1. Executing OPT_EXPR pass (perform const folding).
8.9.2. Executing OPT_MERGE pass (detect identical cells).
8.9.3. Executing OPT_MUXTREE pass (detect dead branches in mux trees).
8.9.4. Executing OPT_REDUCE pass (consolidate $*mux and $reduce_* inputs).
8.9.5. Executing OPT_MERGE pass (detect identical cells).
8.9.6. Executing OPT_DFF pass (perform DFF optimizations).
8.9.7. Executing OPT_CLEAN pass (remove unused cells and wires).
8.9.8. Executing OPT_EXPR pass (perform const folding).
8.9.9. Rerunning OPT passes. (Maybe there is more to do..)
8.9.10. Executing OPT_MUXTREE pass (detect dead branches in mux trees).
8.9.11. Executing OPT_REDUCE pass (consolidate $*mux and $reduce_* inputs).
8.9.12. Executing OPT_MERGE pass (detect identical cells).
8.9.13. Executing OPT_DFF pass (perform DFF optimizations).
8.9.14. Executing OPT_CLEAN pass (remove unused cells and wires).
8.9.15. Executing OPT_EXPR pass (perform const folding).
8.9.16. Rerunning OPT passes. (Maybe there is more to do..)
8.9.17. Executing OPT_MUXTREE pass (detect dead branches in mux trees).
8.9.18. Executing OPT_REDUCE pass (consolidate $*mux and $reduce_* inputs).
8.9.19. Executing OPT_MERGE pass (detect identical cells).
8.9.20. Executing OPT_DFF pass (perform DFF optimizations).
8.9.21. Executing OPT_CLEAN pass (remove unused cells and wires).
8.9.22. Executing OPT_EXPR pass (perform const folding).
8.9.23. Finished OPT passes. (There is nothing left to do.)
8.10. Executing WREDUCE pass (reducing word size of cells).
8.11. Executing PEEPOPT pass (run peephole optimizers).
8.12. Executing OPT_CLEAN pass (remove unused cells and wires).
8.13. Executing ALUMACC pass (create $alu and $macc cells).
8.14. Executing SHARE pass (SAT-based resource sharing).
8.15. Executing OPT pass (performing simple optimizations).
8.15.1. Executing OPT_EXPR pass (perform const folding).
8.15.2. Executing OPT_MERGE pass (detect identical cells).
8.15.3. Executing OPT_MUXTREE pass (detect dead branches in mux trees).
8.15.4. Executing OPT_REDUCE pass (consolidate $*mux and $reduce_* inputs).
8.15.5. Executing OPT_MERGE pass (detect identical cells).
8.15.6. Executing OPT_DFF pass (perform DFF optimizations).
8.15.7. Executing OPT_CLEAN pass (remove unused cells and wires).
8.15.8. Executing OPT_EXPR pass (perform const folding).
8.15.9. Rerunning OPT passes. (Maybe there is more to do..)
8.15.10. Executing OPT_MUXTREE pass (detect dead branches in mux trees).
8.15.11. Executing OPT_REDUCE pass (consolidate $*mux and $reduce_* inputs).
8.15.12. Executing OPT_MERGE pass (detect identical cells).
8.15.13. Executing OPT_DFF pass (perform DFF optimizations).
8.15.14. Executing OPT_CLEAN pass (remove unused cells and wires).
8.15.15. Executing OPT_EXPR pass (perform const folding).
8.15.16. Rerunning OPT passes. (Maybe there is more to do..)
8.15.17. Executing OPT_MUXTREE pass (detect dead branches in mux trees).
8.15.18. Executing OPT_REDUCE pass (consolidate $*mux and $reduce_* inputs).
8.15.19. Executing OPT_MERGE pass (detect identical cells).
8.15.20. Executing OPT_DFF pass (perform DFF optimizations).
8.15.21. Executing OPT_CLEAN pass (remove unused cells and wires).
8.15.22. Executing OPT_EXPR pass (perform const folding).
8.15.23. Finished OPT passes. (There is nothing left to do.)
8.16. Executing MEMORY pass.
8.16.1. Executing OPT_MEM pass (optimize memories).
8.16.2. Executing OPT_MEM_PRIORITY pass (removing unnecessary memory write priority relations).
8.16.3. Executing OPT_MEM_FEEDBACK pass (finding memory read-to-write feedback paths).
8.16.4. Executing MEMORY_DFF pass (merging $dff cells to $memrd).
8.16.5. Executing OPT_CLEAN pass (remove unused cells and wires).
8.16.6. Executing MEMORY_SHARE pass (consolidating $memrd/$memwr cells).
8.16.7. Executing OPT_MEM_WIDEN pass (optimize memories where all ports are wide).
8.16.8. Executing OPT_CLEAN pass (remove unused cells and wires).
8.16.9. Executing MEMORY_COLLECT pass (generating $mem cells).
8.17. Executing OPT_CLEAN pass (remove unused cells and wires).
8.18. Executing OPT pass (performing simple optimizations).
8.18.1. Executing OPT_EXPR pass (perform const folding).
8.18.2. Executing OPT_MERGE pass (detect identical cells).
8.18.3. Executing OPT_DFF pass (perform DFF optimizations).
8.18.4. Executing OPT_CLEAN pass (remove unused cells and wires).
8.18.5. Finished fast OPT passes.
8.19. Executing MEMORY_MAP pass (converting memories to logic and flip-flops).
8.20. Executing OPT pass (performing simple optimizations).
8.20.1. Executing OPT_EXPR pass (perform const folding).
8.20.2. Executing OPT_MERGE pass (detect identical cells).
8.20.3. Executing OPT_MUXTREE pass (detect dead branches in mux trees).
8.20.4. Executing OPT_REDUCE pass (consolidate $*mux and $reduce_* inputs).
8.20.5. Executing OPT_MERGE pass (detect identical cells).
8.20.6. Executing OPT_SHARE pass.
8.20.7. Executing OPT_DFF pass (perform DFF optimizations).
8.20.8. Executing OPT_CLEAN pass (remove unused cells and wires).
8.20.9. Executing OPT_EXPR pass (perform const folding).
8.20.10. Rerunning OPT passes. (Maybe there is more to do..)
8.20.11. Executing OPT_MUXTREE pass (detect dead branches in mux trees).
8.20.12. Executing OPT_REDUCE pass (consolidate $*mux and $reduce_* inputs).
8.20.13. Executing OPT_MERGE pass (detect identical cells).
8.20.14. Executing OPT_SHARE pass.
8.20.15. Executing OPT_DFF pass (perform DFF optimizations).
8.20.16. Executing OPT_CLEAN pass (remove unused cells and wires).
8.20.17. Executing OPT_EXPR pass (perform const folding).
8.20.18. Rerunning OPT passes. (Maybe there is more to do..)
8.20.19. Executing OPT_MUXTREE pass (detect dead branches in mux trees).
8.20.20. Executing OPT_REDUCE pass (consolidate $*mux and $reduce_* inputs).
8.20.21. Executing OPT_MERGE pass (detect identical cells).
8.20.22. Executing OPT_SHARE pass.
8.20.23. Executing OPT_DFF pass (perform DFF optimizations).
8.20.24. Executing OPT_CLEAN pass (remove unused cells and wires).
8.20.25. Executing OPT_EXPR pass (perform const folding).
8.20.26. Finished OPT passes. (There is nothing left to do.)
8.21. Executing TECHMAP pass (map to technology primitives).
8.21.1. Executing Verilog-2005 frontend: /home/jborg/Data/Research/DLPnR/OpenROAD-flow-scripts/tools/install/yosys/bin/../share/yosys/techmap.v
8.21.2. Continuing TECHMAP pass.
8.22. Executing OPT pass (performing simple optimizations).
8.22.1. Executing OPT_EXPR pass (perform const folding).
8.22.2. Executing OPT_MERGE pass (detect identical cells).
8.22.3. Executing OPT_DFF pass (perform DFF optimizations).
8.22.4. Executing OPT_CLEAN pass (remove unused cells and wires).
8.22.5. Finished fast OPT passes.
8.23. Executing ABC pass (technology mapping using ABC).
8.23.1. Extracting gate netlist of module `\bp_be_dcache_lru_decode_ways_p8' to `<abc-temp-dir>/input.blif'..
8.23.2. Extracting gate netlist of module `\bp_be_dcache_lru_encode_ways_p8' to `<abc-temp-dir>/input.blif'..
8.23.3. Extracting gate netlist of module `\bp_fe_bht_bht_indx_width_p5' to `<abc-temp-dir>/input.blif'..
8.23.4. Extracting gate netlist of module `\bp_fe_branch_predictor_eaddr_width_p64_btb_indx_width_p9_bht_indx_width_p5_ras_addr_width_p22' to `<abc-temp-dir>/input.blif'..
8.23.5. Extracting gate netlist of module `\bp_fe_btb_bp_fe_pc_gen_btb_idx_width_lp9_eaddr_width_p64' to `<abc-temp-dir>/input.blif'..
8.23.6. Extracting gate netlist of module `\bp_fe_lce_cmd_data_width_p64_lce_data_width_p512_lce_addr_width_p22_lce_sets_p64_ways_p8_tag_width_p10_num_cce_p1_num_lce_p2_block_size_in_bytes_p8' to `<abc-temp-dir>/input.blif'..
8.23.7. Extracting gate netlist of module `\bp_fe_lce_data_cmd_data_width_p64_lce_addr_width_p22_lce_data_width_p512_num_cce_p1_num_lce_p2_lce_sets_p64_ways_p8_block_size_in_bytes_p8' to `<abc-temp-dir>/input.blif'..
8.23.8. Extracting gate netlist of module `\bp_fe_lce_data_width_p64_lce_data_width_p512_lce_addr_width_p22_lce_sets_p64_ways_p8_tag_width_p10_num_cce_p1_num_lce_p2_block_size_in_bytes_p8' to `<abc-temp-dir>/input.blif'..
8.23.9. Extracting gate netlist of module `\bp_fe_lce_req_data_width_p64_lce_addr_width_p22_num_cce_p1_num_lce_p2_lce_sets_p64_ways_p8_block_size_in_bytes_p8' to `<abc-temp-dir>/input.blif'..
8.23.10. Extracting gate netlist of module `\bp_fe_lce_tr_resp_in_data_width_p64_lce_data_width_p512_lce_addr_width_p22_lce_sets_p64_ways_p8_num_cce_p1_num_lce_p2_block_size_in_bytes_p8' to `<abc-temp-dir>/input.blif'..
8.23.11. Extracting gate netlist of module `\bp_fe_pc_gen_56_22_64_9_5_22_32_10_80000124_1' to `<abc-temp-dir>/input.blif'..
8.23.12. Extracting gate netlist of module `\bp_fe_top' to `<abc-temp-dir>/input.blif'..
8.23.13. Extracting gate netlist of module `\bsg_encode_one_hot_width_p1' to `<abc-temp-dir>/input.blif'..
8.23.14. Extracting gate netlist of module `\bsg_encode_one_hot_width_p2' to `<abc-temp-dir>/input.blif'..
8.23.15. Extracting gate netlist of module `\bsg_encode_one_hot_width_p4' to `<abc-temp-dir>/input.blif'..
8.23.16. Extracting gate netlist of module `\bsg_encode_one_hot_width_p8_lo_to_hi_p1' to `<abc-temp-dir>/input.blif'..
8.23.17. Extracting gate netlist of module `\bsg_mem_1r1w_synth_width_p36_els_p2_read_write_same_addr_p0_harden_p0' to `<abc-temp-dir>/input.blif'..
8.23.18. Extracting gate netlist of module `\bsg_mem_1r1w_synth_width_p539_els_p2_read_write_same_addr_p0_harden_p0' to `<abc-temp-dir>/input.blif'..
8.23.19. Extracting gate netlist of module `\bsg_mem_1r1w_synth_width_p540_els_p2_read_write_same_addr_p0_harden_p0' to `<abc-temp-dir>/input.blif'..
8.23.20. Extracting gate netlist of module `\bsg_mem_1r1w_width_p36_els_p2_read_write_same_addr_p0' to `<abc-temp-dir>/input.blif'..
8.23.21. Extracting gate netlist of module `\bsg_mem_1r1w_width_p539_els_p2_read_write_same_addr_p0' to `<abc-temp-dir>/input.blif'..
8.23.22. Extracting gate netlist of module `\bsg_mem_1r1w_width_p540_els_p2_read_write_same_addr_p0' to `<abc-temp-dir>/input.blif'..
8.23.23. Extracting gate netlist of module `\bsg_mem_1rw_sync_mask_write_bit_width_p7_els_p64' to `<abc-temp-dir>/input.blif'..
8.23.24. Extracting gate netlist of module `\bsg_mem_1rw_sync_mask_write_bit_width_p96_els_p64' to `<abc-temp-dir>/input.blif'..
8.23.25. Extracting gate netlist of module `\bsg_mem_1rw_sync_mask_write_byte_els_p512_data_width_p64' to `<abc-temp-dir>/input.blif'..
8.23.26. Extracting gate netlist of module `\bsg_mem_1rw_sync_width_p64_els_p512_addr_width_lp9' to `<abc-temp-dir>/input.blif'..
8.23.27. Extracting gate netlist of module `\bsg_mux_width_p64_els_p8' to `<abc-temp-dir>/input.blif'..
8.23.28. Extracting gate netlist of module `\bsg_priority_encode_one_hot_out_width_p8_lo_to_hi_p1' to `<abc-temp-dir>/input.blif'..
8.23.29. Extracting gate netlist of module `\bsg_priority_encode_width_p8_lo_to_hi_p1' to `<abc-temp-dir>/input.blif'..
8.23.30. Extracting gate netlist of module `\bsg_scan_width_p8_or_p1_lo_to_hi_p1' to `<abc-temp-dir>/input.blif'..
8.23.31. Extracting gate netlist of module `\bsg_two_fifo_width_p36' to `<abc-temp-dir>/input.blif'..
8.23.32. Extracting gate netlist of module `\bsg_two_fifo_width_p539' to `<abc-temp-dir>/input.blif'..
8.23.33. Extracting gate netlist of module `\bsg_two_fifo_width_p540' to `<abc-temp-dir>/input.blif'..
8.23.34. Extracting gate netlist of module `\hard_mem_1rw_bit_mask_d64_w7_wrapper' to `<abc-temp-dir>/input.blif'..
8.23.35. Extracting gate netlist of module `\hard_mem_1rw_bit_mask_d64_w96_wrapper' to `<abc-temp-dir>/input.blif'..
8.23.36. Extracting gate netlist of module `\hard_mem_1rw_byte_mask_d512_w64_wrapper' to `<abc-temp-dir>/input.blif'..
8.23.37. Extracting gate netlist of module `\hard_mem_1rw_d512_w64_wrapper' to `<abc-temp-dir>/input.blif'..
8.23.38. Extracting gate netlist of module `\icache_eaddr_width_p64_data_width_p64_inst_width_p32_tag_width_p10_num_cce_p1_num_lce_p2_ways_p8_lce_sets_p64_block_size_in_bytes_p8' to `<abc-temp-dir>/input.blif'..
8.23.39. Extracting gate netlist of module `\instr_scan_eaddr_width_p64_instr_width_p32' to `<abc-temp-dir>/input.blif'..
8.23.40. Extracting gate netlist of module `\itlb_vaddr_width_p56_paddr_width_p22_eaddr_width_p64_btb_indx_width_p9_bht_indx_width_p5_ras_addr_width_p22_asid_width_p10_ppn_start_bit_p12_tag_width_p10' to `<abc-temp-dir>/input.blif'..
8.24. Executing OPT pass (performing simple optimizations).
8.24.1. Executing OPT_EXPR pass (perform const folding).
8.24.2. Executing OPT_MERGE pass (detect identical cells).
8.24.3. Executing OPT_DFF pass (perform DFF optimizations).
8.24.4. Executing OPT_CLEAN pass (remove unused cells and wires).
8.24.5. Finished fast OPT passes.
8.25. Executing HIERARCHY pass (managing design hierarchy).
8.25.1. Analyzing design hierarchy..
8.25.2. Analyzing design hierarchy..
8.26. Printing statistics.
8.27. Executing CHECK pass (checking for obvious problems).
9. Executing TECHMAP pass (map to technology primitives).
9.1. Executing Verilog-2005 frontend: /home/jborg/Data/Research/DLPnR/OpenROAD-flow-scripts/flow/platforms/nangate45/cells_adders.v
9.2. Continuing TECHMAP pass.
10. Executing TECHMAP pass (map to technology primitives).
10.1. Executing Verilog-2005 frontend: /home/jborg/Data/Research/DLPnR/OpenROAD-flow-scripts/tools/install/yosys/bin/../share/yosys/techmap.v
10.2. Continuing TECHMAP pass.
11. Executing DFFLIBMAP pass (mapping DFF cells to sequential cells from liberty file).
Warning: Found unsupported expression 'SE*SI+D*!SE' in pin attribute of cell 'SDFFRS_X1' - skipping.
Warning: Found unsupported expression 'SE*SI+D*!SE' in pin attribute of cell 'SDFFRS_X2' - skipping.
Warning: Found unsupported expression 'SE*SI+D*!SE' in pin attribute of cell 'SDFFR_X1' - skipping.
Warning: Found unsupported expression 'SE*SI+D*!SE' in pin attribute of cell 'SDFFR_X2' - skipping.
Warning: Found unsupported expression 'SE*SI+D*!SE' in pin attribute of cell 'SDFFS_X1' - skipping.
Warning: Found unsupported expression 'SE*SI+D*!SE' in pin attribute of cell 'SDFFS_X2' - skipping.
Warning: Found unsupported expression 'SE*SI+D*!SE' in pin attribute of cell 'SDFF_X1' - skipping.
Warning: Found unsupported expression 'SE*SI+D*!SE' in pin attribute of cell 'SDFF_X2' - skipping.
11.1. Executing DFFLEGALIZE pass (convert FFs to types supported by the target).
12. Executing ABC pass (technology mapping using ABC).
12.1. Extracting gate netlist of module `\bp_be_dcache_lru_decode_ways_p8' to `<abc-temp-dir>/input.blif'..
12.1.1. Executing ABC.
12.1.2. Re-integrating ABC results.
12.2. Extracting gate netlist of module `\bp_be_dcache_lru_encode_ways_p8' to `<abc-temp-dir>/input.blif'..
12.2.1. Executing ABC.
12.2.2. Re-integrating ABC results.
12.3. Extracting gate netlist of module `\bp_fe_bht_bht_indx_width_p5' to `<abc-temp-dir>/input.blif'..
12.3.1. Executing ABC.
12.3.2. Re-integrating ABC results.
12.4. Extracting gate netlist of module `\bp_fe_branch_predictor_eaddr_width_p64_btb_indx_width_p9_bht_indx_width_p5_ras_addr_width_p22' to `<abc-temp-dir>/input.blif'..
12.4.1. Executing ABC.
12.4.2. Re-integrating ABC results.
12.5. Extracting gate netlist of module `\bp_fe_btb_bp_fe_pc_gen_btb_idx_width_lp9_eaddr_width_p64' to `<abc-temp-dir>/input.blif'..
12.5.1. Executing ABC.
12.5.2. Re-integrating ABC results.
12.6. Extracting gate netlist of module `\bp_fe_lce_cmd_data_width_p64_lce_data_width_p512_lce_addr_width_p22_lce_sets_p64_ways_p8_tag_width_p10_num_cce_p1_num_lce_p2_block_size_in_bytes_p8' to `<abc-temp-dir>/input.blif'..
12.6.1. Executing ABC.
12.6.2. Re-integrating ABC results.
12.7. Extracting gate netlist of module `\bp_fe_lce_data_cmd_data_width_p64_lce_addr_width_p22_lce_data_width_p512_num_cce_p1_num_lce_p2_lce_sets_p64_ways_p8_block_size_in_bytes_p8' to `<abc-temp-dir>/input.blif'..
12.7.1. Executing ABC.
12.7.2. Re-integrating ABC results.
12.8. Extracting gate netlist of module `\bp_fe_lce_data_width_p64_lce_data_width_p512_lce_addr_width_p22_lce_sets_p64_ways_p8_tag_width_p10_num_cce_p1_num_lce_p2_block_size_in_bytes_p8' to `<abc-temp-dir>/input.blif'..
12.8.1. Executing ABC.
12.8.2. Re-integrating ABC results.
12.9. Extracting gate netlist of module `\bp_fe_lce_req_data_width_p64_lce_addr_width_p22_num_cce_p1_num_lce_p2_lce_sets_p64_ways_p8_block_size_in_bytes_p8' to `<abc-temp-dir>/input.blif'..
12.9.1. Executing ABC.
12.9.2. Re-integrating ABC results.
12.10. Extracting gate netlist of module `\bp_fe_lce_tr_resp_in_data_width_p64_lce_data_width_p512_lce_addr_width_p22_lce_sets_p64_ways_p8_num_cce_p1_num_lce_p2_block_size_in_bytes_p8' to `<abc-temp-dir>/input.blif'..
12.10.1. Executing ABC.
12.10.2. Re-integrating ABC results.
12.11. Extracting gate netlist of module `\bp_fe_pc_gen_56_22_64_9_5_22_32_10_80000124_1' to `<abc-temp-dir>/input.blif'..
12.11.1. Executing ABC.
12.11.2. Re-integrating ABC results.
12.12. Extracting gate netlist of module `\bp_fe_top' to `<abc-temp-dir>/input.blif'..
12.12.1. Executing ABC.
12.12.2. Re-integrating ABC results.
12.13. Extracting gate netlist of module `\bsg_encode_one_hot_width_p1' to `<abc-temp-dir>/input.blif'..
12.14. Extracting gate netlist of module `\bsg_encode_one_hot_width_p2' to `<abc-temp-dir>/input.blif'..
12.14.1. Executing ABC.
12.14.2. Re-integrating ABC results.
12.15. Extracting gate netlist of module `\bsg_encode_one_hot_width_p4' to `<abc-temp-dir>/input.blif'..
12.15.1. Executing ABC.
12.15.2. Re-integrating ABC results.
12.16. Extracting gate netlist of module `\bsg_encode_one_hot_width_p8_lo_to_hi_p1' to `<abc-temp-dir>/input.blif'..
12.16.1. Executing ABC.
12.16.2. Re-integrating ABC results.
12.17. Extracting gate netlist of module `\bsg_mem_1r1w_synth_width_p36_els_p2_read_write_same_addr_p0_harden_p0' to `<abc-temp-dir>/input.blif'..
12.17.1. Executing ABC.
12.17.2. Re-integrating ABC results.
12.18. Extracting gate netlist of module `\bsg_mem_1r1w_synth_width_p539_els_p2_read_write_same_addr_p0_harden_p0' to `<abc-temp-dir>/input.blif'..
12.18.1. Executing ABC.
12.18.2. Re-integrating ABC results.
12.19. Extracting gate netlist of module `\bsg_mem_1r1w_synth_width_p540_els_p2_read_write_same_addr_p0_harden_p0' to `<abc-temp-dir>/input.blif'..
12.19.1. Executing ABC.
12.19.2. Re-integrating ABC results.
12.20. Extracting gate netlist of module `\bsg_mem_1r1w_width_p36_els_p2_read_write_same_addr_p0' to `<abc-temp-dir>/input.blif'..
12.21. Extracting gate netlist of module `\bsg_mem_1r1w_width_p539_els_p2_read_write_same_addr_p0' to `<abc-temp-dir>/input.blif'..
12.22. Extracting gate netlist of module `\bsg_mem_1r1w_width_p540_els_p2_read_write_same_addr_p0' to `<abc-temp-dir>/input.blif'..
12.23. Extracting gate netlist of module `\bsg_mem_1rw_sync_mask_write_bit_width_p7_els_p64' to `<abc-temp-dir>/input.blif'..
12.24. Extracting gate netlist of module `\bsg_mem_1rw_sync_mask_write_bit_width_p96_els_p64' to `<abc-temp-dir>/input.blif'..
12.25. Extracting gate netlist of module `\bsg_mem_1rw_sync_mask_write_byte_els_p512_data_width_p64' to `<abc-temp-dir>/input.blif'..
12.26. Extracting gate netlist of module `\bsg_mem_1rw_sync_width_p64_els_p512_addr_width_lp9' to `<abc-temp-dir>/input.blif'..
12.27. Extracting gate netlist of module `\bsg_mux_width_p64_els_p8' to `<abc-temp-dir>/input.blif'..
12.27.1. Executing ABC.
12.27.2. Re-integrating ABC results.
12.28. Extracting gate netlist of module `\bsg_priority_encode_one_hot_out_width_p8_lo_to_hi_p1' to `<abc-temp-dir>/input.blif'..
12.28.1. Executing ABC.
12.28.2. Re-integrating ABC results.
12.29. Extracting gate netlist of module `\bsg_priority_encode_width_p8_lo_to_hi_p1' to `<abc-temp-dir>/input.blif'..
12.30. Extracting gate netlist of module `\bsg_scan_width_p8_or_p1_lo_to_hi_p1' to `<abc-temp-dir>/input.blif'..
12.30.1. Executing ABC.
12.30.2. Re-integrating ABC results.
12.31. Extracting gate netlist of module `\bsg_two_fifo_width_p36' to `<abc-temp-dir>/input.blif'..
12.31.1. Executing ABC.
12.31.2. Re-integrating ABC results.
12.32. Extracting gate netlist of module `\bsg_two_fifo_width_p539' to `<abc-temp-dir>/input.blif'..
12.32.1. Executing ABC.
12.32.2. Re-integrating ABC results.
12.33. Extracting gate netlist of module `\bsg_two_fifo_width_p540' to `<abc-temp-dir>/input.blif'..
12.33.1. Executing ABC.
12.33.2. Re-integrating ABC results.
12.34. Extracting gate netlist of module `\hard_mem_1rw_bit_mask_d64_w7_wrapper' to `<abc-temp-dir>/input.blif'..
12.35. Extracting gate netlist of module `\hard_mem_1rw_bit_mask_d64_w96_wrapper' to `<abc-temp-dir>/input.blif'..
12.36. Extracting gate netlist of module `\hard_mem_1rw_byte_mask_d512_w64_wrapper' to `<abc-temp-dir>/input.blif'..
12.37. Extracting gate netlist of module `\hard_mem_1rw_d512_w64_wrapper' to `<abc-temp-dir>/input.blif'..
12.38. Extracting gate netlist of module `\icache_eaddr_width_p64_data_width_p64_inst_width_p32_tag_width_p10_num_cce_p1_num_lce_p2_ways_p8_lce_sets_p64_block_size_in_bytes_p8' to `<abc-temp-dir>/input.blif'..
12.38.1. Executing ABC.
12.38.2. Re-integrating ABC results.
12.39. Extracting gate netlist of module `\instr_scan_eaddr_width_p64_instr_width_p32' to `<abc-temp-dir>/input.blif'..
12.39.1. Executing ABC.
12.39.2. Re-integrating ABC results.
12.40. Extracting gate netlist of module `\itlb_vaddr_width_p56_paddr_width_p22_eaddr_width_p64_btb_indx_width_p9_bht_indx_width_p5_ras_addr_width_p22_asid_width_p10_ppn_start_bit_p12_tag_width_p10' to `<abc-temp-dir>/input.blif'..
13. Printing statistics.
Ungroup modules of size 10000
14. Executing HIERARCHY pass (managing design hierarchy).
14.1. Analyzing design hierarchy..
14.2. Analyzing design hierarchy..
Found module bp_fe_top
Found module bp_fe_pc_gen_56_22_64_9_5_22_32_10_80000124_1
Found module bp_fe_branch_predictor_eaddr_width_p64_btb_indx_width_p9_bht_indx_width_p5_ras_addr_width_p22
Found module bp_fe_bht_bht_indx_width_p5
Found module bp_fe_btb_bp_fe_pc_gen_btb_idx_width_lp9_eaddr_width_p64
Found module bsg_mem_1rw_sync_width_p64_els_p512_addr_width_lp9
Found module hard_mem_1rw_d512_w64_wrapper
Found module instr_scan_eaddr_width_p64_instr_width_p32
Found module icache_eaddr_width_p64_data_width_p64_inst_width_p32_tag_width_p10_num_cce_p1_num_lce_p2_ways_p8_lce_sets_p64_block_size_in_bytes_p8
Found module bp_be_dcache_lru_decode_ways_p8
Found module bp_be_dcache_lru_encode_ways_p8
Found module bp_fe_lce_data_width_p64_lce_data_width_p512_lce_addr_width_p22_lce_sets_p64_ways_p8_tag_width_p10_num_cce_p1_num_lce_p2_block_size_in_bytes_p8
Found module bp_fe_lce_cmd_data_width_p64_lce_data_width_p512_lce_addr_width_p22_lce_sets_p64_ways_p8_tag_width_p10_num_cce_p1_num_lce_p2_block_size_in_bytes_p8
Found module bp_fe_lce_data_cmd_data_width_p64_lce_addr_width_p22_lce_data_width_p512_num_cce_p1_num_lce_p2_lce_sets_p64_ways_p8_block_size_in_bytes_p8
Found module bp_fe_lce_req_data_width_p64_lce_addr_width_p22_num_cce_p1_num_lce_p2_lce_sets_p64_ways_p8_block_size_in_bytes_p8
Found module bp_fe_lce_tr_resp_in_data_width_p64_lce_data_width_p512_lce_addr_width_p22_lce_sets_p64_ways_p8_num_cce_p1_num_lce_p2_block_size_in_bytes_p8
Found module bsg_two_fifo_width_p36
Found module bsg_mem_1r1w_width_p36_els_p2_read_write_same_addr_p0
Found module bsg_mem_1r1w_synth_width_p36_els_p2_read_write_same_addr_p0_harden_p0
Found module bsg_two_fifo_width_p539
Found module bsg_mem_1r1w_width_p539_els_p2_read_write_same_addr_p0
Found module bsg_mem_1r1w_synth_width_p539_els_p2_read_write_same_addr_p0_harden_p0
Found module bsg_two_fifo_width_p540
Found module bsg_mem_1r1w_width_p540_els_p2_read_write_same_addr_p0
Found module bsg_mem_1r1w_synth_width_p540_els_p2_read_write_same_addr_p0_harden_p0
Found module bsg_mem_1rw_sync_mask_write_bit_width_p7_els_p64
Found module hard_mem_1rw_bit_mask_d64_w7_wrapper
Found module bsg_mem_1rw_sync_mask_write_bit_width_p96_els_p64
Found module hard_mem_1rw_bit_mask_d64_w96_wrapper
Found module bsg_mem_1rw_sync_mask_write_byte_els_p512_data_width_p64
Found module hard_mem_1rw_byte_mask_d512_w64_wrapper
Found module bsg_mux_width_p64_els_p8
Found module bsg_priority_encode_width_p8_lo_to_hi_p1
Found module bsg_encode_one_hot_width_p8_lo_to_hi_p1
Found module bsg_encode_one_hot_width_p4
Found module bsg_encode_one_hot_width_p2
Found module bsg_encode_one_hot_width_p1
Found module bsg_priority_encode_one_hot_out_width_p8_lo_to_hi_p1
Found module bsg_scan_width_p8_or_p1_lo_to_hi_p1
Found module itlb_vaddr_width_p56_paddr_width_p22_eaddr_width_p64_btb_indx_width_p9_bht_indx_width_p5_ras_addr_width_p22_asid_width_p10_ppn_start_bit_p12_tag_width_p10
15. Printing statistics.
Area of module \bp_fe_top is 209103.132000
Preserving hierarchical module: \bp_fe_top
16. Printing statistics.
Area of module \bp_fe_pc_gen_56_22_64_9_5_22_32_10_80000124_1 is 25862.914000
Preserving hierarchical module: \bp_fe_pc_gen_56_22_64_9_5_22_32_10_80000124_1
17. Printing statistics.
Area of module \bp_fe_branch_predictor_eaddr_width_p64_btb_indx_width_p9_bht_indx_width_p5_ras_addr_width_p22 is 22746.458000
Preserving hierarchical module: \bp_fe_branch_predictor_eaddr_width_p64_btb_indx_width_p9_bht_indx_width_p5_ras_addr_width_p22
18. Printing statistics.
Area of module \bp_fe_bht_bht_indx_width_p5 is 749.322000
19. Printing statistics.
Area of module \bp_fe_btb_bp_fe_pc_gen_btb_idx_width_lp9_eaddr_width_p64 is 21995.806000
Preserving hierarchical module: \bp_fe_btb_bp_fe_pc_gen_btb_idx_width_lp9_eaddr_width_p64
20. Printing statistics.
Area of module \bsg_mem_1rw_sync_width_p64_els_p512_addr_width_lp9 is 17301.438000
Preserving hierarchical module: \bsg_mem_1rw_sync_width_p64_els_p512_addr_width_lp9
21. Printing statistics.
Area of module \hard_mem_1rw_d512_w64_wrapper is 17301.438000
Preserving hierarchical module: \hard_mem_1rw_d512_w64_wrapper
22. Printing statistics.
Area of module \instr_scan_eaddr_width_p64_instr_width_p32 is 53.466000
23. Printing statistics.
Area of module \icache_eaddr_width_p64_data_width_p64_inst_width_p32_tag_width_p10_num_cce_p1_num_lce_p2_ways_p8_lce_sets_p64_block_size_in_bytes_p8 is 183101.898000
Preserving hierarchical module: \icache_eaddr_width_p64_data_width_p64_inst_width_p32_tag_width_p10_num_cce_p1_num_lce_p2_ways_p8_lce_sets_p64_block_size_in_bytes_p8
24. Printing statistics.
Area of module \bp_be_dcache_lru_decode_ways_p8 is 14.630000
25. Printing statistics.
Area of module \bp_be_dcache_lru_encode_ways_p8 is 8.778000
26. Printing statistics.
Area of module \bp_fe_lce_data_width_p64_lce_data_width_p512_lce_addr_width_p22_lce_sets_p64_ways_p8_tag_width_p10_num_cce_p1_num_lce_p2_block_size_in_bytes_p8 is 25453.274000
Preserving hierarchical module: \bp_fe_lce_data_width_p64_lce_data_width_p512_lce_addr_width_p22_lce_sets_p64_ways_p8_tag_width_p10_num_cce_p1_num_lce_p2_block_size_in_bytes_p8
27. Printing statistics.
Area of module \bp_fe_lce_cmd_data_width_p64_lce_data_width_p512_lce_addr_width_p22_lce_sets_p64_ways_p8_tag_width_p10_num_cce_p1_num_lce_p2_block_size_in_bytes_p8 is 5163.326000
28. Printing statistics.
Area of module \bp_fe_lce_data_cmd_data_width_p64_lce_addr_width_p22_lce_data_width_p512_num_cce_p1_num_lce_p2_lce_sets_p64_ways_p8_block_size_in_bytes_p8 is 1.330000
29. Printing statistics.
Area of module \bp_fe_lce_req_data_width_p64_lce_addr_width_p22_num_cce_p1_num_lce_p2_lce_sets_p64_ways_p8_block_size_in_bytes_p8 is 252.434000
30. Printing statistics.
Area of module \bp_fe_lce_tr_resp_in_data_width_p64_lce_data_width_p512_lce_addr_width_p22_lce_sets_p64_ways_p8_num_cce_p1_num_lce_p2_block_size_in_bytes_p8 is 1.330000
31. Printing statistics.
Area of module \bsg_two_fifo_width_p36 is 579.880000
32. Printing statistics.
Area of module \bsg_mem_1r1w_width_p36_els_p2_read_write_same_addr_p0 is 548.758000
33. Printing statistics.
Area of module \bsg_mem_1r1w_synth_width_p36_els_p2_read_write_same_addr_p0_harden_p0 is 548.758000
34. Printing statistics.
Area of module \bsg_two_fifo_width_p539 is 8222.592000
35. Printing statistics.
Area of module \bsg_mem_1r1w_width_p539_els_p2_read_write_same_addr_p0 is 8191.470000
36. Printing statistics.
Area of module \bsg_mem_1r1w_synth_width_p539_els_p2_read_write_same_addr_p0_harden_p0 is 8191.470000
37. Printing statistics.
Area of module \bsg_two_fifo_width_p540 is 8525.300000
38. Printing statistics.
Area of module \bsg_mem_1r1w_width_p540_els_p2_read_write_same_addr_p0 is 8494.178000
39. Printing statistics.
Area of module \bsg_mem_1r1w_synth_width_p540_els_p2_read_write_same_addr_p0_harden_p0 is 8494.178000
40. Printing statistics.
Area of module \bsg_mem_1rw_sync_mask_write_bit_width_p7_els_p64 is 387.296000
41. Printing statistics.
Area of module \hard_mem_1rw_bit_mask_d64_w7_wrapper is 387.296000
42. Printing statistics.
Area of module \bsg_mem_1rw_sync_mask_write_bit_width_p96_els_p64 is 4198.810000
43. Printing statistics.
Area of module \hard_mem_1rw_bit_mask_d64_w96_wrapper is 4198.810000
44. Printing statistics.
Area of module \bsg_mem_1rw_sync_mask_write_byte_els_p512_data_width_p64 is 17301.438000
Preserving hierarchical module: \bsg_mem_1rw_sync_mask_write_byte_els_p512_data_width_p64
45. Printing statistics.
Area of module \hard_mem_1rw_byte_mask_d512_w64_wrapper is 17301.438000
Preserving hierarchical module: \hard_mem_1rw_byte_mask_d512_w64_wrapper
46. Printing statistics.
Area of module \bsg_mux_width_p64_els_p8 is 517.902000
47. Printing statistics.
Area of module \bsg_priority_encode_width_p8_lo_to_hi_p1 is 37.772000
48. Printing statistics.
Area of module \bsg_encode_one_hot_width_p8_lo_to_hi_p1 is 14.630000
49. Printing statistics.
Area of module \bsg_encode_one_hot_width_p4 is 5.320000
50. Printing statistics.
Area of module \bsg_encode_one_hot_width_p2 is 1.330000
51. Printing statistics.
52. Printing statistics.
Area of module \bsg_priority_encode_one_hot_out_width_p8_lo_to_hi_p1 is 23.142000
53. Printing statistics.
Area of module \bsg_scan_width_p8_or_p1_lo_to_hi_p1 is 13.832000
54. Printing statistics.
Area of module \itlb_vaddr_width_p56_paddr_width_p22_eaddr_width_p64_btb_indx_width_p9_bht_indx_width_p5_ras_addr_width_p22_asid_width_p10_ppn_start_bit_p12_tag_width_p10 is 45.220000
Warnings: 242 unique messages, 306 total
End of script. Logfile hash: 211fc14de9, CPU: user 13.12s system 0.10s, MEM: 121.66 MB peak
Yosys 0.13+15 (git sha1 bc027b2ca, gcc 9.4.0-1ubuntu1~20.04.2 -fPIC -Os)
Time spent: 32% 2x abc (6 sec), 14% 42x stat (2 sec), ...
Elapsed time: 0:18.84[h:]min:sec. CPU time: user 18.31 sys 0.54 (100%). Peak memory: 124576KB.
