OpenROAD autotuner-v1-2861-g832b18e7 
This program is licensed under the BSD-3 license. See the LICENSE file for details.
Components of this program may be licensed under more restrictive licenses which must be honored.
[INFO GPL-0002] DBU: 1000
[INFO GPL-0003] SiteSize: 480 3330
[INFO GPL-0004] CoreAreaLxLy: 2400 3330
[INFO GPL-0005] CoreAreaUxUy: 615360 612720
[INFO GPL-0006] NumInstances: 18411
[INFO GPL-0007] NumPlaceInstances: 14341
[INFO GPL-0008] NumFixedInstances: 4070
[INFO GPL-0009] NumDummyInstances: 0
[INFO GPL-0010] NumNets: 14606
[INFO GPL-0011] NumPins: 59790
[INFO GPL-0012] DieAreaLxLy: 0 0
[INFO GPL-0013] DieAreaUxUy: 617795 617795
[INFO GPL-0014] CoreAreaLxLy: 2400 3330
[INFO GPL-0015] CoreAreaUxUy: 615360 612720
[INFO GPL-0016] CoreArea: 373531694400
[INFO GPL-0017] NonPlaceInstsArea: 6505488000
[INFO GPL-0018] PlaceInstsArea: 182713104000
[INFO GPL-0019] Util(%): 49.78
[INFO GPL-0020] StdInstsArea: 182713104000
[INFO GPL-0021] MacroInstsArea: 0
[INFO GPL-0031] FillerInit: NumGCells: 29525
[INFO GPL-0032] FillerInit: NumGNets: 14606
[INFO GPL-0033] FillerInit: NumGPins: 59790
[INFO GPL-0023] TargetDensity: 1.00
[INFO GPL-0024] AveragePlaceInstArea: 12740611
[INFO GPL-0025] IdealBinArea: 12740611
[INFO GPL-0026] IdealBinCnt: 29318
[INFO GPL-0027] TotalBinArea: 373531694400
[INFO GPL-0028] BinCnt: 128 128
[INFO GPL-0029] BinSize: 4789 4761
[INFO GPL-0030] NumBins: 16384
[INFO GPL-0002] DBU: 1000
[INFO GPL-0003] SiteSize: 480 3330
[INFO GPL-0004] CoreAreaLxLy: 2400 3330
[INFO GPL-0005] CoreAreaUxUy: 615360 612720
[INFO GPL-0006] NumInstances: 18411
[INFO GPL-0007] NumPlaceInstances: 14341
[INFO GPL-0008] NumFixedInstances: 4070
[INFO GPL-0009] NumDummyInstances: 0
[INFO GPL-0010] NumNets: 14606
[INFO GPL-0011] NumPins: 59402
[INFO GPL-0012] DieAreaLxLy: 0 0
[INFO GPL-0013] DieAreaUxUy: 617795 617795
[INFO GPL-0014] CoreAreaLxLy: 2400 3330
[INFO GPL-0015] CoreAreaUxUy: 615360 612720
[INFO GPL-0016] CoreArea: 373531694400
[INFO GPL-0017] NonPlaceInstsArea: 6505488000
[INFO GPL-0018] PlaceInstsArea: 182713104000
[INFO GPL-0019] Util(%): 49.78
[INFO GPL-0020] StdInstsArea: 182713104000
[INFO GPL-0021] MacroInstsArea: 0
[INFO GPL-0031] FillerInit: NumGCells: 22202
[INFO GPL-0032] FillerInit: NumGNets: 14606
[INFO GPL-0033] FillerInit: NumGPins: 59402
[INFO GPL-0023] TargetDensity: 0.76
[INFO GPL-0024] AveragePlaceInstArea: 12740611
[INFO GPL-0025] IdealBinArea: 16812180
[INFO GPL-0026] IdealBinCnt: 22217
[INFO GPL-0027] TotalBinArea: 373531694400
[INFO GPL-0028] BinCnt: 128 128
[INFO GPL-0029] BinSize: 4789 4761
[INFO GPL-0030] NumBins: 16384
[NesterovSolve] Iter: 1 overflow: 0.999002 HPWL: 28176568
[NesterovSolve] Iter: 10 overflow: 0.998998 HPWL: 16688036
[NesterovSolve] Iter: 20 overflow: 0.998841 HPWL: 16565068
[NesterovSolve] Iter: 30 overflow: 0.998806 HPWL: 16531488
[NesterovSolve] Iter: 40 overflow: 0.998776 HPWL: 16518919
[NesterovSolve] Iter: 50 overflow: 0.998793 HPWL: 16513253
[NesterovSolve] Iter: 60 overflow: 0.998806 HPWL: 16512543
[NesterovSolve] Iter: 70 overflow: 0.9988 HPWL: 16517905
[NesterovSolve] Iter: 80 overflow: 0.998775 HPWL: 16530663
[NesterovSolve] Iter: 90 overflow: 0.998736 HPWL: 16559514
[NesterovSolve] Iter: 100 overflow: 0.998666 HPWL: 16640196
[NesterovSolve] Iter: 110 overflow: 0.998261 HPWL: 16906680
[NesterovSolve] Iter: 120 overflow: 0.997504 HPWL: 17811488
[NesterovSolve] Iter: 130 overflow: 0.996145 HPWL: 20421420
[NesterovSolve] Iter: 140 overflow: 0.993566 HPWL: 24506410
[NesterovSolve] Iter: 150 overflow: 0.989583 HPWL: 28418103
[NesterovSolve] Iter: 160 overflow: 0.985407 HPWL: 31989620
[NesterovSolve] Iter: 170 overflow: 0.978916 HPWL: 36915175
[NesterovSolve] Iter: 180 overflow: 0.973159 HPWL: 43827657
[NesterovSolve] Iter: 190 overflow: 0.965118 HPWL: 52440250
[NesterovSolve] Iter: 200 overflow: 0.955705 HPWL: 62862548
[NesterovSolve] Iter: 210 overflow: 0.945059 HPWL: 75725370
[NesterovSolve] Iter: 220 overflow: 0.931039 HPWL: 91214433
[NesterovSolve] Iter: 230 overflow: 0.914655 HPWL: 109632436
[NesterovSolve] Iter: 240 overflow: 0.894303 HPWL: 130917353
[NesterovSolve] Iter: 250 overflow: 0.869478 HPWL: 153227576
[NesterovSolve] Iter: 260 overflow: 0.845133 HPWL: 171037041
[NesterovSolve] Iter: 270 overflow: 0.819499 HPWL: 186883792
[NesterovSolve] Iter: 280 overflow: 0.791263 HPWL: 200141686
[NesterovSolve] Iter: 290 overflow: 0.758269 HPWL: 216260211
[NesterovSolve] Iter: 300 overflow: 0.723075 HPWL: 234703932
[NesterovSolve] Iter: 310 overflow: 0.681008 HPWL: 252237312
[NesterovSolve] Iter: 320 overflow: 0.640954 HPWL: 265859111
[NesterovSolve] Iter: 330 overflow: 0.593504 HPWL: 281553827
[NesterovSolve] Iter: 340 overflow: 0.546567 HPWL: 296100845
[NesterovSolve] Iter: 350 overflow: 0.494622 HPWL: 311682115
[NesterovSolve] Iter: 360 overflow: 0.433944 HPWL: 328004956
[NesterovSolve] Iter: 370 overflow: 0.35664 HPWL: 346176259
[NesterovSolve] Iter: 380 overflow: 0.299445 HPWL: 360206154
[NesterovSolve] Iter: 390 overflow: 0.251792 HPWL: 370846994
[NesterovSolve] Iter: 400 overflow: 0.215824 HPWL: 378391223
[NesterovSolve] Iter: 410 overflow: 0.185898 HPWL: 384555184
[NesterovSolve] Iter: 420 overflow: 0.159376 HPWL: 388922213
[NesterovSolve] Iter: 430 overflow: 0.138464 HPWL: 392141806
[NesterovSolve] Iter: 440 overflow: 0.119519 HPWL: 394423216
[NesterovSolve] Iter: 450 overflow: 0.103955 HPWL: 396244071
[NesterovSolve] Finished with Overflow: 0.098809
Elapsed time: 0:03.60[h:]min:sec. CPU time: user 3.55 sys 0.04 (100%). Peak memory: 180768KB.
