OpenROAD autotuner-v1-2861-g832b18e7 
This program is licensed under the BSD-3 license. See the LICENSE file for details.
Components of this program may be licensed under more restrictive licenses which must be honored.

==========================================================================
resizer pre check_setup
--------------------------------------------------------------------------

==========================================================================
resizer pre report_tns
--------------------------------------------------------------------------
tns -613.05

==========================================================================
resizer pre report_wns
--------------------------------------------------------------------------
wns -3.82

==========================================================================
resizer pre report_worst_slack
--------------------------------------------------------------------------
worst slack -3.82

==========================================================================
resizer pre report_checks -path_delay min
--------------------------------------------------------------------------
Startpoint: _31868_ (rising edge-triggered flip-flop clocked by clk)
Endpoint: _31868_ (rising edge-triggered flip-flop clocked by clk)
Path Group: clk
Path Type: min

Fanout     Cap    Slew   Delay    Time   Description
-----------------------------------------------------------------------------
                  0.00    0.00    0.00   clock clk (rise edge)
                          0.00    0.00   clock network delay (ideal)
                  0.00    0.00    0.00 ^ _31868_/CLK (sky130_fd_sc_hs__dfxtp_1)
     2    0.01    0.06    0.19    0.19 ^ _31868_/Q (sky130_fd_sc_hs__dfxtp_1)
                                         text_in_r[73] (net)
                  0.06    0.00    0.19 ^ _31687_/A0 (sky130_fd_sc_hs__mux2_1)
     1    0.00    0.03    0.08    0.27 ^ _31687_/X (sky130_fd_sc_hs__mux2_1)
                                         _00466_ (net)
                  0.03    0.00    0.27 ^ _31868_/D (sky130_fd_sc_hs__dfxtp_1)
                                  0.27   data arrival time

                  0.00    0.00    0.00   clock clk (rise edge)
                          0.00    0.00   clock network delay (ideal)
                          0.00    0.00   clock reconvergence pessimism
                                  0.00 ^ _31868_/CLK (sky130_fd_sc_hs__dfxtp_1)
                          0.01    0.01   library hold time
                                  0.01   data required time
-----------------------------------------------------------------------------
                                  0.01   data required time
                                 -0.27   data arrival time
-----------------------------------------------------------------------------
                                  0.26   slack (MET)



==========================================================================
resizer pre report_checks -path_delay max
--------------------------------------------------------------------------
Startpoint: _32312_ (rising edge-triggered flip-flop clocked by clk)
Endpoint: _32288_ (rising edge-triggered flip-flop clocked by clk)
Path Group: clk
Path Type: max

Fanout     Cap    Slew   Delay    Time   Description
-----------------------------------------------------------------------------
                  0.00    0.00    0.00   clock clk (rise edge)
                          0.00    0.00   clock network delay (ideal)
                  0.00    0.00    0.00 ^ _32312_/CLK (sky130_fd_sc_hs__dfxtp_1)
   105    0.51    3.33    2.30    2.30 ^ _32312_/Q (sky130_fd_sc_hs__dfxtp_1)
                                         u0.tmp_w[27] (net)
                  3.33    0.11    2.41 ^ _15983_/A (sky130_fd_sc_hs__clkinv_1)
    23    0.13    1.26    1.73    4.15 v _15983_/Y (sky130_fd_sc_hs__clkinv_1)
                                         _03485_ (net)
                  1.26    0.01    4.16 v _16431_/B (sky130_fd_sc_hs__nand2_1)
     4    0.03    0.49    0.51    4.67 ^ _16431_/Y (sky130_fd_sc_hs__nand2_1)
                                         _07782_ (net)
                  0.49    0.00    4.67 ^ _16432_/B2 (sky130_fd_sc_hs__o22ai_1)
     1    0.00    0.28    0.10    4.77 v _16432_/Y (sky130_fd_sc_hs__o22ai_1)
                                         _07783_ (net)
                  0.28    0.00    4.77 v _16434_/A3 (sky130_fd_sc_hs__a311oi_1)
     1    0.01    0.36    0.32    5.09 ^ _16434_/Y (sky130_fd_sc_hs__a311oi_1)
                                         _07785_ (net)
                  0.36    0.00    5.09 ^ _16435_/B1 (sky130_fd_sc_hs__a22o_1)
     1    0.02    0.16    0.19    5.28 ^ _16435_/X (sky130_fd_sc_hs__a22o_1)
                                         _07786_ (net)
                  0.16    0.00    5.28 ^ _16436_/D_N (sky130_fd_sc_hs__nor4b_1)
     1    0.03    1.03    0.80    6.08 ^ _16436_/Y (sky130_fd_sc_hs__nor4b_1)
                                         _07787_ (net)
                  1.03    0.00    6.08 ^ _16437_/B (sky130_fd_sc_hs__xnor2_1)
     2    0.03    0.27    0.26    6.34 v _16437_/Y (sky130_fd_sc_hs__xnor2_1)
                                         _07788_ (net)
                  0.27    0.00    6.34 v _16438_/B (sky130_fd_sc_hs__xnor2_1)
     2    0.08    1.10    0.89    7.23 ^ _16438_/Y (sky130_fd_sc_hs__xnor2_1)
                                         _07789_ (net)
                  1.10    0.02    7.24 ^ _16439_/B (sky130_fd_sc_hs__xnor2_1)
     1    0.00    0.15    0.11    7.35 ^ _16439_/Y (sky130_fd_sc_hs__xnor2_1)
                                         _07790_ (net)
                  0.15    0.00    7.35 ^ _16440_/B (sky130_fd_sc_hs__nand2b_1)
     2    0.01    0.08    0.09    7.44 v _16440_/Y (sky130_fd_sc_hs__nand2b_1)
                                         _07791_ (net)
                  0.08    0.00    7.44 v _16441_/S (sky130_fd_sc_hs__mux2i_1)
     1    0.00    0.46    0.10    7.54 v _16441_/Y (sky130_fd_sc_hs__mux2i_1)
                                         _00378_ (net)
                  0.46    0.00    7.54 v _32288_/D (sky130_fd_sc_hs__dfxtp_1)
                                  7.54   data arrival time

                  0.00    4.00    4.00   clock clk (rise edge)
                          0.00    4.00   clock network delay (ideal)
                          0.00    4.00   clock reconvergence pessimism
                                  4.00 ^ _32288_/CLK (sky130_fd_sc_hs__dfxtp_1)
                         -0.28    3.72   library setup time
                                  3.72   data required time
-----------------------------------------------------------------------------
                                  3.72   data required time
                                 -7.54   data arrival time
-----------------------------------------------------------------------------
                                 -3.82   slack (VIOLATED)



==========================================================================
resizer pre report_checks -unconstrained
--------------------------------------------------------------------------
Startpoint: _32312_ (rising edge-triggered flip-flop clocked by clk)
Endpoint: _32288_ (rising edge-triggered flip-flop clocked by clk)
Path Group: clk
Path Type: max

Fanout     Cap    Slew   Delay    Time   Description
-----------------------------------------------------------------------------
                  0.00    0.00    0.00   clock clk (rise edge)
                          0.00    0.00   clock network delay (ideal)
                  0.00    0.00    0.00 ^ _32312_/CLK (sky130_fd_sc_hs__dfxtp_1)
   105    0.51    3.33    2.30    2.30 ^ _32312_/Q (sky130_fd_sc_hs__dfxtp_1)
                                         u0.tmp_w[27] (net)
                  3.33    0.11    2.41 ^ _15983_/A (sky130_fd_sc_hs__clkinv_1)
    23    0.13    1.26    1.73    4.15 v _15983_/Y (sky130_fd_sc_hs__clkinv_1)
                                         _03485_ (net)
                  1.26    0.01    4.16 v _16431_/B (sky130_fd_sc_hs__nand2_1)
     4    0.03    0.49    0.51    4.67 ^ _16431_/Y (sky130_fd_sc_hs__nand2_1)
                                         _07782_ (net)
                  0.49    0.00    4.67 ^ _16432_/B2 (sky130_fd_sc_hs__o22ai_1)
     1    0.00    0.28    0.10    4.77 v _16432_/Y (sky130_fd_sc_hs__o22ai_1)
                                         _07783_ (net)
                  0.28    0.00    4.77 v _16434_/A3 (sky130_fd_sc_hs__a311oi_1)
     1    0.01    0.36    0.32    5.09 ^ _16434_/Y (sky130_fd_sc_hs__a311oi_1)
                                         _07785_ (net)
                  0.36    0.00    5.09 ^ _16435_/B1 (sky130_fd_sc_hs__a22o_1)
     1    0.02    0.16    0.19    5.28 ^ _16435_/X (sky130_fd_sc_hs__a22o_1)
                                         _07786_ (net)
                  0.16    0.00    5.28 ^ _16436_/D_N (sky130_fd_sc_hs__nor4b_1)
     1    0.03    1.03    0.80    6.08 ^ _16436_/Y (sky130_fd_sc_hs__nor4b_1)
                                         _07787_ (net)
                  1.03    0.00    6.08 ^ _16437_/B (sky130_fd_sc_hs__xnor2_1)
     2    0.03    0.27    0.26    6.34 v _16437_/Y (sky130_fd_sc_hs__xnor2_1)
                                         _07788_ (net)
                  0.27    0.00    6.34 v _16438_/B (sky130_fd_sc_hs__xnor2_1)
     2    0.08    1.10    0.89    7.23 ^ _16438_/Y (sky130_fd_sc_hs__xnor2_1)
                                         _07789_ (net)
                  1.10    0.02    7.24 ^ _16439_/B (sky130_fd_sc_hs__xnor2_1)
     1    0.00    0.15    0.11    7.35 ^ _16439_/Y (sky130_fd_sc_hs__xnor2_1)
                                         _07790_ (net)
                  0.15    0.00    7.35 ^ _16440_/B (sky130_fd_sc_hs__nand2b_1)
     2    0.01    0.08    0.09    7.44 v _16440_/Y (sky130_fd_sc_hs__nand2b_1)
                                         _07791_ (net)
                  0.08    0.00    7.44 v _16441_/S (sky130_fd_sc_hs__mux2i_1)
     1    0.00    0.46    0.10    7.54 v _16441_/Y (sky130_fd_sc_hs__mux2i_1)
                                         _00378_ (net)
                  0.46    0.00    7.54 v _32288_/D (sky130_fd_sc_hs__dfxtp_1)
                                  7.54   data arrival time

                  0.00    4.00    4.00   clock clk (rise edge)
                          0.00    4.00   clock network delay (ideal)
                          0.00    4.00   clock reconvergence pessimism
                                  4.00 ^ _32288_/CLK (sky130_fd_sc_hs__dfxtp_1)
                         -0.28    3.72   library setup time
                                  3.72   data required time
-----------------------------------------------------------------------------
                                  3.72   data required time
                                 -7.54   data arrival time
-----------------------------------------------------------------------------
                                 -3.82   slack (VIOLATED)



==========================================================================
resizer pre report_power
--------------------------------------------------------------------------
Group                  Internal  Switching    Leakage      Total
                          Power      Power      Power      Power (Watts)
----------------------------------------------------------------
Sequential             1.42e-02   2.47e-02   2.08e-07   3.89e-02  12.6%
Combinational          1.90e-01   8.04e-02   8.50e-07   2.71e-01  87.4%
Macro                  0.00e+00   0.00e+00   0.00e+00   0.00e+00   0.0%
Pad                    0.00e+00   0.00e+00   0.00e+00   0.00e+00   0.0%
----------------------------------------------------------------
Total                  2.05e-01   1.05e-01   1.06e-06   3.10e-01 100.0%
                          66.1%      33.9%       0.0%

==========================================================================
resizer pre report_design_area
--------------------------------------------------------------------------
Design area 143373 u^2 38% utilization.


==========================================================================
instance_count
--------------------------------------------------------------------------
18411

==========================================================================
pin_count
--------------------------------------------------------------------------
59402

Perform port buffering...
[INFO RSZ-0027] Inserted 258 input buffers.
[INFO RSZ-0028] Inserted 129 output buffers.
Perform buffer insertion...
[INFO RSZ-0058] Using max wire length 2083um.
[INFO RSZ-0034] Found 249 slew violations.
[INFO RSZ-0036] Found 114 capacitance violations.
[INFO RSZ-0038] Inserted 206 buffers in 251 nets.
[INFO RSZ-0039] Resized 5186 instances.
Repair tie lo fanout...
Repair tie hi fanout...

==========================================================================
report_floating_nets
--------------------------------------------------------------------------

==========================================================================
resizer check_setup
--------------------------------------------------------------------------

==========================================================================
resizer report_tns
--------------------------------------------------------------------------
tns 0.00

==========================================================================
resizer report_wns
--------------------------------------------------------------------------
wns 0.00

==========================================================================
resizer report_worst_slack
--------------------------------------------------------------------------
worst slack 0.19

==========================================================================
resizer report_checks -path_delay min
--------------------------------------------------------------------------
Startpoint: _31865_ (rising edge-triggered flip-flop clocked by clk)
Endpoint: _31865_ (rising edge-triggered flip-flop clocked by clk)
Path Group: clk
Path Type: min

Fanout     Cap    Slew   Delay    Time   Description
-----------------------------------------------------------------------------
                  0.00    0.00    0.00   clock clk (rise edge)
                          0.00    0.00   clock network delay (ideal)
                  0.00    0.00    0.00 ^ _31865_/CLK (sky130_fd_sc_hs__dfxtp_1)
     2    0.01    0.06    0.19    0.19 ^ _31865_/Q (sky130_fd_sc_hs__dfxtp_1)
                                         text_in_r[70] (net)
                  0.06    0.00    0.19 ^ _31684_/A0 (sky130_fd_sc_hs__mux2_1)
     1    0.00    0.03    0.08    0.27 ^ _31684_/X (sky130_fd_sc_hs__mux2_1)
                                         _00463_ (net)
                  0.03    0.00    0.27 ^ _31865_/D (sky130_fd_sc_hs__dfxtp_1)
                                  0.27   data arrival time

                  0.00    0.00    0.00   clock clk (rise edge)
                          0.00    0.00   clock network delay (ideal)
                          0.00    0.00   clock reconvergence pessimism
                                  0.00 ^ _31865_/CLK (sky130_fd_sc_hs__dfxtp_1)
                          0.01    0.01   library hold time
                                  0.01   data required time
-----------------------------------------------------------------------------
                                  0.01   data required time
                                 -0.27   data arrival time
-----------------------------------------------------------------------------
                                  0.26   slack (MET)



==========================================================================
resizer report_checks -path_delay max
--------------------------------------------------------------------------
Startpoint: _32084_ (rising edge-triggered flip-flop clocked by clk)
Endpoint: _32098_ (rising edge-triggered flip-flop clocked by clk)
Path Group: clk
Path Type: max

Fanout     Cap    Slew   Delay    Time   Description
-----------------------------------------------------------------------------
                  0.00    0.00    0.00   clock clk (rise edge)
                          0.00    0.00   clock network delay (ideal)
                  0.00    0.00    0.00 ^ _32084_/CLK (sky130_fd_sc_hs__dfxtp_4)
    69    0.44    0.87    0.78    0.78 ^ _32084_/Q (sky130_fd_sc_hs__dfxtp_4)
                                         us30.a[6] (net)
                  0.87    0.02    0.80 ^ _25739_/B_N (sky130_fd_sc_hs__nand4bb_4)
    12    0.08    0.26    0.33    1.13 ^ _25739_/Y (sky130_fd_sc_hs__nand4bb_4)
                                         _01547_ (net)
                  0.26    0.00    1.13 ^ _27822_/C (sky130_fd_sc_hs__nor3_1)
     1    0.00    0.06    0.05    1.18 v _27822_/Y (sky130_fd_sc_hs__nor3_1)
                                         _03735_ (net)
                  0.06    0.00    1.18 v _27825_/A2 (sky130_fd_sc_hs__o41ai_1)
     1    0.01    0.33    0.33    1.52 ^ _27825_/Y (sky130_fd_sc_hs__o41ai_1)
                                         _03739_ (net)
                  0.33    0.00    1.52 ^ _27831_/C1 (sky130_fd_sc_hs__o2111ai_1)
     1    0.00    0.12    0.14    1.66 v _27831_/Y (sky130_fd_sc_hs__o2111ai_1)
                                         _03745_ (net)
                  0.12    0.00    1.66 v _27840_/C1 (sky130_fd_sc_hs__a2111o_2)
     1    0.02    0.09    0.35    2.01 v _27840_/X (sky130_fd_sc_hs__a2111o_2)
                                         _03755_ (net)
                  0.09    0.00    2.01 v _27867_/A (sky130_fd_sc_hs__nor4_4)
     4    0.09    0.93    0.77    2.78 ^ _27867_/Y (sky130_fd_sc_hs__nor4_4)
                                         _03785_ (net)
                  0.93    0.01    2.79 ^ _27868_/B (sky130_fd_sc_hs__xnor2_4)
     3    0.03    0.19    0.22    3.02 ^ _27868_/Y (sky130_fd_sc_hs__xnor2_4)
                                         _03786_ (net)
                  0.19    0.00    3.02 ^ _28396_/A (sky130_fd_sc_hs__xnor2_1)
     1    0.01    0.11    0.11    3.13 v _28396_/Y (sky130_fd_sc_hs__xnor2_1)
                                         _04352_ (net)
                  0.11    0.00    3.13 v _28399_/A (sky130_fd_sc_hs__xnor2_2)
     1    0.01    0.08    0.17    3.30 v _28399_/Y (sky130_fd_sc_hs__xnor2_2)
                                         _04355_ (net)
                  0.08    0.00    3.30 v _28400_/A0 (sky130_fd_sc_hs__mux2i_4)
     1    0.02    0.19    0.16    3.46 ^ _28400_/Y (sky130_fd_sc_hs__mux2i_4)
                                         _04356_ (net)
                  0.19    0.00    3.46 ^ _28401_/B (sky130_fd_sc_hs__xnor2_4)
     1    0.03    0.22    0.22    3.68 ^ _28401_/Y (sky130_fd_sc_hs__xnor2_4)
                                         _00045_ (net)
                  0.22    0.00    3.69 ^ _32098_/D (sky130_fd_sc_hs__dfxtp_4)
                                  3.69   data arrival time

                  0.00    4.00    4.00   clock clk (rise edge)
                          0.00    4.00   clock network delay (ideal)
                          0.00    4.00   clock reconvergence pessimism
                                  4.00 ^ _32098_/CLK (sky130_fd_sc_hs__dfxtp_4)
                         -0.12    3.88   library setup time
                                  3.88   data required time
-----------------------------------------------------------------------------
                                  3.88   data required time
                                 -3.69   data arrival time
-----------------------------------------------------------------------------
                                  0.19   slack (MET)



==========================================================================
resizer report_checks -unconstrained
--------------------------------------------------------------------------
Startpoint: _32084_ (rising edge-triggered flip-flop clocked by clk)
Endpoint: _32098_ (rising edge-triggered flip-flop clocked by clk)
Path Group: clk
Path Type: max

Fanout     Cap    Slew   Delay    Time   Description
-----------------------------------------------------------------------------
                  0.00    0.00    0.00   clock clk (rise edge)
                          0.00    0.00   clock network delay (ideal)
                  0.00    0.00    0.00 ^ _32084_/CLK (sky130_fd_sc_hs__dfxtp_4)
    69    0.44    0.87    0.78    0.78 ^ _32084_/Q (sky130_fd_sc_hs__dfxtp_4)
                                         us30.a[6] (net)
                  0.87    0.02    0.80 ^ _25739_/B_N (sky130_fd_sc_hs__nand4bb_4)
    12    0.08    0.26    0.33    1.13 ^ _25739_/Y (sky130_fd_sc_hs__nand4bb_4)
                                         _01547_ (net)
                  0.26    0.00    1.13 ^ _27822_/C (sky130_fd_sc_hs__nor3_1)
     1    0.00    0.06    0.05    1.18 v _27822_/Y (sky130_fd_sc_hs__nor3_1)
                                         _03735_ (net)
                  0.06    0.00    1.18 v _27825_/A2 (sky130_fd_sc_hs__o41ai_1)
     1    0.01    0.33    0.33    1.52 ^ _27825_/Y (sky130_fd_sc_hs__o41ai_1)
                                         _03739_ (net)
                  0.33    0.00    1.52 ^ _27831_/C1 (sky130_fd_sc_hs__o2111ai_1)
     1    0.00    0.12    0.14    1.66 v _27831_/Y (sky130_fd_sc_hs__o2111ai_1)
                                         _03745_ (net)
                  0.12    0.00    1.66 v _27840_/C1 (sky130_fd_sc_hs__a2111o_2)
     1    0.02    0.09    0.35    2.01 v _27840_/X (sky130_fd_sc_hs__a2111o_2)
                                         _03755_ (net)
                  0.09    0.00    2.01 v _27867_/A (sky130_fd_sc_hs__nor4_4)
     4    0.09    0.93    0.77    2.78 ^ _27867_/Y (sky130_fd_sc_hs__nor4_4)
                                         _03785_ (net)
                  0.93    0.01    2.79 ^ _27868_/B (sky130_fd_sc_hs__xnor2_4)
     3    0.03    0.19    0.22    3.02 ^ _27868_/Y (sky130_fd_sc_hs__xnor2_4)
                                         _03786_ (net)
                  0.19    0.00    3.02 ^ _28396_/A (sky130_fd_sc_hs__xnor2_1)
     1    0.01    0.11    0.11    3.13 v _28396_/Y (sky130_fd_sc_hs__xnor2_1)
                                         _04352_ (net)
                  0.11    0.00    3.13 v _28399_/A (sky130_fd_sc_hs__xnor2_2)
     1    0.01    0.08    0.17    3.30 v _28399_/Y (sky130_fd_sc_hs__xnor2_2)
                                         _04355_ (net)
                  0.08    0.00    3.30 v _28400_/A0 (sky130_fd_sc_hs__mux2i_4)
     1    0.02    0.19    0.16    3.46 ^ _28400_/Y (sky130_fd_sc_hs__mux2i_4)
                                         _04356_ (net)
                  0.19    0.00    3.46 ^ _28401_/B (sky130_fd_sc_hs__xnor2_4)
     1    0.03    0.22    0.22    3.68 ^ _28401_/Y (sky130_fd_sc_hs__xnor2_4)
                                         _00045_ (net)
                  0.22    0.00    3.69 ^ _32098_/D (sky130_fd_sc_hs__dfxtp_4)
                                  3.69   data arrival time

                  0.00    4.00    4.00   clock clk (rise edge)
                          0.00    4.00   clock network delay (ideal)
                          0.00    4.00   clock reconvergence pessimism
                                  4.00 ^ _32098_/CLK (sky130_fd_sc_hs__dfxtp_4)
                         -0.12    3.88   library setup time
                                  3.88   data required time
-----------------------------------------------------------------------------
                                  3.88   data required time
                                 -3.69   data arrival time
-----------------------------------------------------------------------------
                                  0.19   slack (MET)



==========================================================================
resizer report_check_types -max_slew -max_cap -max_fanout -violators
--------------------------------------------------------------------------

==========================================================================
resizer max_slew_check_slack
--------------------------------------------------------------------------
0.0030054848175495863

==========================================================================
resizer max_slew_check_limit
--------------------------------------------------------------------------
1.0

==========================================================================
resizer max_slew_check_slack_limit
--------------------------------------------------------------------------
0.0030

==========================================================================
resizer max_fanout_check_slack
--------------------------------------------------------------------------
1.0000000150474662e+30

==========================================================================
resizer max_fanout_check_limit
--------------------------------------------------------------------------
1.0000000150474662e+30

==========================================================================
resizer max_capacitance_check_slack
--------------------------------------------------------------------------
0.00046526503865607083

==========================================================================
resizer max_capacitance_check_limit
--------------------------------------------------------------------------
0.09111999720335007

==========================================================================
resizer max_capacitance_check_slack_limit
--------------------------------------------------------------------------
0.0051

==========================================================================
resizer max_slew_violation_count
--------------------------------------------------------------------------
max slew violation count 0

==========================================================================
resizer max_fanout_violation_count
--------------------------------------------------------------------------
max fanout violation count 0

==========================================================================
resizer max_cap_violation_count
--------------------------------------------------------------------------
max cap violation count 0

==========================================================================
resizer setup_violation_count
--------------------------------------------------------------------------
setup violation count 0

==========================================================================
resizer hold_violation_count
--------------------------------------------------------------------------
hold violation count 0

==========================================================================
resizer critical path delay
--------------------------------------------------------------------------
3.6859

==========================================================================
resizer critical path slack
--------------------------------------------------------------------------
0.1923

==========================================================================
resizer slack div critical path delay
--------------------------------------------------------------------------
5.217179

==========================================================================
resizer report_power
--------------------------------------------------------------------------
Group                  Internal  Switching    Leakage      Total
                          Power      Power      Power      Power (Watts)
----------------------------------------------------------------
Sequential             1.60e-02   1.96e-02   1.94e-07   3.56e-02   9.5%
Combinational          2.33e-01   1.07e-01   9.61e-07   3.40e-01  90.5%
Macro                  0.00e+00   0.00e+00   0.00e+00   0.00e+00   0.0%
Pad                    0.00e+00   0.00e+00   0.00e+00   0.00e+00   0.0%
----------------------------------------------------------------
Total                  2.49e-01   1.27e-01   1.15e-06   3.76e-01 100.0%
                          66.2%      33.8%       0.0%

==========================================================================
resizer report_design_area
--------------------------------------------------------------------------
Design area 212357 u^2 57% utilization.


==========================================================================
instance_count
--------------------------------------------------------------------------
19004

==========================================================================
pin_count
--------------------------------------------------------------------------
60588

Elapsed time: 0:08.25[h:]min:sec. CPU time: user 8.22 sys 0.03 (100%). Peak memory: 232348KB.
