OpenROAD autotuner-v1-2861-g832b18e7 
This program is licensed under the BSD-3 license. See the LICENSE file for details.
Components of this program may be licensed under more restrictive licenses which must be honored.
[INFO GPL-0002] DBU: 1000
[INFO GPL-0003] SiteSize: 460 2720
[INFO GPL-0004] CoreAreaLxLy: 2300 2720
[INFO GPL-0005] CoreAreaUxUy: 753940 753440
[INFO GPL-0006] NumInstances: 22140
[INFO GPL-0007] NumPlaceInstances: 14634
[INFO GPL-0008] NumFixedInstances: 7506
[INFO GPL-0009] NumDummyInstances: 0
[INFO GPL-0010] NumNets: 14899
[INFO GPL-0011] NumPins: 60328
[INFO GPL-0012] DieAreaLxLy: 0 0
[INFO GPL-0013] DieAreaUxUy: 756105 756105
[INFO GPL-0014] CoreAreaLxLy: 2300 2720
[INFO GPL-0015] CoreAreaUxUy: 753940 753440
[INFO GPL-0016] CoreArea: 564271180800
[INFO GPL-0017] NonPlaceInstsArea: 9391507200
[INFO GPL-0018] PlaceInstsArea: 139119676800
[INFO GPL-0019] Util(%): 25.07
[INFO GPL-0020] StdInstsArea: 139119676800
[INFO GPL-0021] MacroInstsArea: 0
[INFO GPL-0031] FillerInit: NumGCells: 36037
[INFO GPL-0032] FillerInit: NumGNets: 14899
[INFO GPL-0033] FillerInit: NumGPins: 60328
[INFO GPL-0023] TargetDensity: 0.60
[INFO GPL-0024] AveragePlaceInstArea: 9506606
[INFO GPL-0025] IdealBinArea: 15844343
[INFO GPL-0026] IdealBinCnt: 35613
[INFO GPL-0027] TotalBinArea: 564271180800
[INFO GPL-0028] BinCnt: 128 128
[INFO GPL-0029] BinSize: 5873 5865
[INFO GPL-0030] NumBins: 16384
[NesterovSolve] Iter: 1 overflow: 0.999162 HPWL: 28205168
[NesterovSolve] Iter: 10 overflow: 0.99859 HPWL: 15009308
[NesterovSolve] Iter: 20 overflow: 0.998578 HPWL: 14942557
[NesterovSolve] Iter: 30 overflow: 0.998432 HPWL: 14926666
[NesterovSolve] Iter: 40 overflow: 0.998382 HPWL: 14925662
[NesterovSolve] Iter: 50 overflow: 0.998432 HPWL: 14923375
[NesterovSolve] Iter: 60 overflow: 0.998462 HPWL: 14923606
[NesterovSolve] Iter: 70 overflow: 0.998437 HPWL: 14931635
[NesterovSolve] Iter: 80 overflow: 0.998373 HPWL: 14956359
[NesterovSolve] Iter: 90 overflow: 0.998304 HPWL: 15009534
[NesterovSolve] Iter: 100 overflow: 0.998299 HPWL: 15135997
[NesterovSolve] Iter: 110 overflow: 0.998213 HPWL: 15494065
[NesterovSolve] Iter: 120 overflow: 0.997325 HPWL: 16641587
[NesterovSolve] Iter: 130 overflow: 0.995744 HPWL: 19780649
[NesterovSolve] Iter: 140 overflow: 0.992547 HPWL: 24814656
[NesterovSolve] Iter: 150 overflow: 0.986783 HPWL: 29464580
[NesterovSolve] Iter: 160 overflow: 0.980112 HPWL: 34481458
[NesterovSolve] Iter: 170 overflow: 0.972359 HPWL: 41453549
[NesterovSolve] Iter: 180 overflow: 0.962366 HPWL: 50390144
[NesterovSolve] Iter: 190 overflow: 0.951726 HPWL: 61312690
[NesterovSolve] Iter: 200 overflow: 0.941842 HPWL: 74313966
[NesterovSolve] Iter: 210 overflow: 0.930226 HPWL: 87959707
[NesterovSolve] Iter: 220 overflow: 0.918009 HPWL: 101527422
[NesterovSolve] Iter: 230 overflow: 0.89784 HPWL: 117760287
[NesterovSolve] Iter: 240 overflow: 0.874962 HPWL: 141197085
[NesterovSolve] Iter: 250 overflow: 0.849097 HPWL: 161398498
[NesterovSolve] Iter: 260 overflow: 0.821138 HPWL: 178265633
[NesterovSolve] Iter: 270 overflow: 0.795228 HPWL: 194011655
[NesterovSolve] Iter: 280 overflow: 0.763033 HPWL: 209321232
[NesterovSolve] Iter: 290 overflow: 0.729558 HPWL: 223646551
[NesterovSolve] Iter: 300 overflow: 0.690931 HPWL: 240428757
[NesterovSolve] Iter: 310 overflow: 0.651765 HPWL: 256972745
[NesterovSolve] Iter: 320 overflow: 0.608108 HPWL: 268762386
[NesterovSolve] Iter: 330 overflow: 0.56405 HPWL: 283066308
[NesterovSolve] Iter: 340 overflow: 0.512791 HPWL: 298172392
[NesterovSolve] Iter: 350 overflow: 0.459227 HPWL: 312525451
[NesterovSolve] Iter: 360 overflow: 0.397689 HPWL: 328032262
[NesterovSolve] Iter: 370 overflow: 0.323228 HPWL: 344299755
[NesterovSolve] Iter: 380 overflow: 0.266456 HPWL: 355093398
[NesterovSolve] Iter: 390 overflow: 0.221059 HPWL: 364719680
[NesterovSolve] Iter: 400 overflow: 0.185235 HPWL: 371893556
[NesterovSolve] Iter: 410 overflow: 0.155867 HPWL: 376844670
[NesterovSolve] Iter: 420 overflow: 0.132249 HPWL: 380582802
[NesterovSolve] Iter: 430 overflow: 0.110583 HPWL: 383280770
[NesterovSolve] Finished with Overflow: 0.098962
Elapsed time: 0:03.64[h:]min:sec. CPU time: user 3.62 sys 0.02 (100%). Peak memory: 159428KB.
