OpenROAD v2.0-11432-gead3236e5 
This program is licensed under the BSD-3 license. See the LICENSE file for details.
Components of this program may be licensed under more restrictive licenses which must be honored.

==========================================================================
resizer pre report_design_area
--------------------------------------------------------------------------
Design area 310072 u^2 44% utilization.

==========================================================================
instance_count
--------------------------------------------------------------------------
7008

==========================================================================
pin_count
--------------------------------------------------------------------------
23572

Perform port buffering...
[INFO RSZ-0027] Inserted 65 input buffers.
[INFO RSZ-0028] Inserted 99 output buffers.
Perform buffer insertion...
[INFO RSZ-0058] Using max wire length 15009um.
[INFO RSZ-0034] Found 36 slew violations.
[INFO RSZ-0036] Found 3 capacitance violations.
[INFO RSZ-0038] Inserted 10 buffers in 36 nets.
[INFO RSZ-0039] Resized 368 instances.
Repair tie lo fanout...
Repair tie hi fanout...

==========================================================================
report_floating_nets
--------------------------------------------------------------------------

==========================================================================
resizer report_design_area
--------------------------------------------------------------------------
Design area 331468 u^2 47% utilization.

==========================================================================
instance_count
--------------------------------------------------------------------------
7182

==========================================================================
pin_count
--------------------------------------------------------------------------
23920

Elapsed time: 0:03.67[h:]min:sec. CPU time: user 3.63 sys 0.03 (99%). Peak memory: 165948KB.
