OpenROAD v2.0-11432-gead3236e5 
This program is licensed under the BSD-3 license. See the LICENSE file for details.
Components of this program may be licensed under more restrictive licenses which must be honored.
Placement Analysis
---------------------------------
total displacement      34031.0 u
average displacement        4.7 u
max displacement           65.0 u
original HPWL          362496.9 u
legalized HPWL         396199.0 u
delta HPWL                    9 %

Detailed placement improvement.
Importing netlist into detailed improver.
[INFO DPO-0100] Creating network with 7182 cells, 165 terminals, 6378 edges and 24085 pins.
[INFO DPO-0109] Network stats: inst 7347, edges 6378, pins 24085
[INFO DPO-0110] Number of regions is 1
[INFO DPO-0401] Setting random seed to 1.
[INFO DPO-0402] Setting maximum displacement 5 1 to 50400 10080 units.
[INFO DPO-0320] Collected 1175 fixed cells (excluded terminal_NI).
[INFO DPO-0318] Collected 6172 single height cells.
[INFO DPO-0321] Collected 0 wide cells.
[INFO DPO-0322] Image (2240, 10080) - (1694560, 1693440)
[INFO DPO-0310] Assigned 6172 cells into segments.  Movement in X-direction is 0.000000, movement in Y-direction is 0.000000.
[INFO DPO-0313] Found 0 cells in wrong regions.
[INFO DPO-0315] Found 0 row alignment problems.
[INFO DPO-0314] Found 0 site alignment problems.
[INFO DPO-0311] Found 0 overlaps between adjacent cells.
[INFO DPO-0312] Found 0 edge spacing violations and 0 padding violations.
[INFO DPO-0303] Running algorithm for independent set matching.
[INFO DPO-0300] Set matching objective is wirelength.
[INFO DPO-0301] Pass   1 of matching; objective is 7.920063e+08.
[INFO DPO-0302] End of matching; objective is 7.912094e+08, improvement is 0.10 percent.
[INFO DPO-0303] Running algorithm for global swaps.
[INFO DPO-0306] Pass   1 of global swaps; hpwl is 7.853535e+08.
[INFO DPO-0307] End of global swaps; objective is 7.853535e+08, improvement is 0.74 percent.
[INFO DPO-0303] Running algorithm for vertical swaps.
[INFO DPO-0308] Pass   1 of vertical swaps; hpwl is 7.835369e+08.
[INFO DPO-0309] End of vertical swaps; objective is 7.835369e+08, improvement is 0.23 percent.
[INFO DPO-0303] Running algorithm for reordering.
[INFO DPO-0304] Pass   1 of reordering; objective is 7.820291e+08.
[INFO DPO-0305] End of reordering; objective is 7.820291e+08, improvement is 0.19 percent.
[INFO DPO-0303] Running algorithm for random improvement.
[INFO DPO-0324] Random improver is using displacement generator.
[INFO DPO-0325] Random improver is using hpwl objective.
[INFO DPO-0326] Random improver cost string is (a).
[INFO DPO-0332] End of pass, Generator displacement called 123440 times.
[INFO DPO-0335] Generator displacement, Cumulative attempts 123440, swaps 20065, moves 26238 since last reset.
[INFO DPO-0333] End of pass, Objective hpwl, Initial cost 7.584323e+08, Scratch cost 7.537635e+08, Incremental cost 7.537635e+08, Mismatch? N
[INFO DPO-0338] End of pass, Total cost is 7.537635e+08.
[INFO DPO-0327] Pass   1 of random improver; improvement in cost is 0.62 percent.
[INFO DPO-0328] End of random improver; improvement is 0.615588 percent.
[INFO DPO-0380] Cell flipping.
[INFO DPO-0382] Changed 3083 cell orientations for row compatibility.
[INFO DPO-0383] Performed 1466 cell flips.
[INFO DPO-0384] End of flipping; objective is 7.685563e+08, improvement is 1.14 percent.
[INFO DPO-0313] Found 0 cells in wrong regions.
[INFO DPO-0315] Found 0 row alignment problems.
[INFO DPO-0314] Found 0 site alignment problems.
[INFO DPO-0311] Found 0 overlaps between adjacent cells.
[INFO DPO-0312] Found 0 edge spacing violations and 0 padding violations.
Detailed Improvement Results
------------------------------------------
Original HPWL           396199.0 u
Final HPWL              383478.1 u
Delta HPWL                  -3.2 %

[INFO DPL-0020] Mirrored 329 instances
[INFO DPL-0021] HPWL before          383478.1 u
[INFO DPL-0022] HPWL after           382987.8 u
[INFO DPL-0023] HPWL delta               -0.1 %
[INFO FLW-0012] Placement violations .

==========================================================================
detailed place report_design_area
--------------------------------------------------------------------------
Design area 331468 u^2 47% utilization.
Elapsed time: 0:02.73[h:]min:sec. CPU time: user 2.70 sys 0.03 (99%). Peak memory: 164016KB.
