OpenROAD v2.0-11432-gead3236e5 
This program is licensed under the BSD-3 license. See the LICENSE file for details.
Components of this program may be licensed under more restrictive licenses which must be honored.
[INFO GPL-0002] DBU: 1000
[INFO GPL-0003] SiteSize: 54 270
[INFO GPL-0004] CoreAreaLxLy: 1080 1080
[INFO GPL-0005] CoreAreaUxUy: 15120 15120
[INFO GPL-0006] NumInstances: 377
[INFO GPL-0007] NumPlaceInstances: 273
[INFO GPL-0008] NumFixedInstances: 104
[INFO GPL-0009] NumDummyInstances: 0
[INFO GPL-0010] NumNets: 332
[INFO GPL-0011] NumPins: 991
[INFO GPL-0012] DieAreaLxLy: 0 0
[INFO GPL-0013] DieAreaUxUy: 16200 16200
[INFO GPL-0014] CoreAreaLxLy: 1080 1080
[INFO GPL-0015] CoreAreaUxUy: 15120 15120
[INFO GPL-0016] CoreArea: 197121600
[INFO GPL-0017] NonPlaceInstsArea: 3032640
[INFO GPL-0018] PlaceInstsArea: 49834440
[INFO GPL-0019] Util(%): 25.68
[INFO GPL-0020] StdInstsArea: 49834440
[INFO GPL-0021] MacroInstsArea: 0
[INFO GPL-0031] FillerInit: NumGCells: 375
[INFO GPL-0032] FillerInit: NumGNets: 332
[INFO GPL-0033] FillerInit: NumGPins: 991
[INFO GPL-0023] TargetDensity: 0.35
[INFO GPL-0024] AveragePlaceInstArea: 182543
[INFO GPL-0025] IdealBinArea: 521551
[INFO GPL-0026] IdealBinCnt: 377
[INFO GPL-0027] TotalBinArea: 197121600
[INFO GPL-0028] BinCnt: 16 16
[INFO GPL-0029] BinSize: 878 878
[INFO GPL-0030] NumBins: 256
[NesterovSolve] Iter: 1 overflow: 0.927645 HPWL: 204820
[NesterovSolve] Iter: 10 overflow: 0.972953 HPWL: 68025
[NesterovSolve] Iter: 20 overflow: 0.973976 HPWL: 66007
[NesterovSolve] Iter: 30 overflow: 0.973716 HPWL: 65855
[NesterovSolve] Iter: 40 overflow: 0.973659 HPWL: 65874
[NesterovSolve] Iter: 50 overflow: 0.973689 HPWL: 65971
[NesterovSolve] Iter: 60 overflow: 0.973557 HPWL: 66222
[NesterovSolve] Iter: 70 overflow: 0.973395 HPWL: 66522
[NesterovSolve] Iter: 80 overflow: 0.973154 HPWL: 67078
[NesterovSolve] Iter: 90 overflow: 0.972654 HPWL: 67820
[NesterovSolve] Iter: 100 overflow: 0.971416 HPWL: 68858
[NesterovSolve] Iter: 110 overflow: 0.967366 HPWL: 69976
[NesterovSolve] Iter: 120 overflow: 0.961614 HPWL: 73201
[NesterovSolve] Iter: 130 overflow: 0.928751 HPWL: 90201
[NesterovSolve] Iter: 140 overflow: 0.91671 HPWL: 116807
[NesterovSolve] Iter: 150 overflow: 0.891933 HPWL: 159713
[NesterovSolve] Iter: 160 overflow: 0.856628 HPWL: 184565
[NesterovSolve] Iter: 170 overflow: 0.826093 HPWL: 206765
[NesterovSolve] Iter: 180 overflow: 0.79085 HPWL: 231181
[NesterovSolve] Iter: 190 overflow: 0.751772 HPWL: 264561
[NesterovSolve] Iter: 200 overflow: 0.709506 HPWL: 296549
[NesterovSolve] Iter: 210 overflow: 0.658806 HPWL: 320581
[NesterovSolve] Iter: 220 overflow: 0.612446 HPWL: 350620
[NesterovSolve] Iter: 230 overflow: 0.562969 HPWL: 374319
[NesterovSolve] Iter: 240 overflow: 0.510257 HPWL: 398477
[NesterovSolve] Iter: 250 overflow: 0.454805 HPWL: 419975
[NesterovSolve] Iter: 260 overflow: 0.401574 HPWL: 435211
[NesterovSolve] Iter: 270 overflow: 0.34239 HPWL: 450881
[NesterovSolve] Iter: 280 overflow: 0.309448 HPWL: 465567
[NesterovSolve] Iter: 290 overflow: 0.275956 HPWL: 478740
[NesterovSolve] Iter: 300 overflow: 0.247619 HPWL: 489685
[NesterovSolve] Iter: 310 overflow: 0.220718 HPWL: 498610
[NesterovSolve] Iter: 320 overflow: 0.194388 HPWL: 505905
[NesterovSolve] Iter: 330 overflow: 0.166755 HPWL: 511146
[NesterovSolve] Iter: 340 overflow: 0.143625 HPWL: 513582
[NesterovSolve] Iter: 350 overflow: 0.126327 HPWL: 517562
[NesterovSolve] Iter: 360 overflow: 0.10236 HPWL: 524882
[NesterovSolve] Finished with Overflow: 0.097810
Elapsed time: 0:00.87[h:]min:sec. CPU time: user 0.82 sys 0.05 (100%). Peak memory: 185596KB.
