OpenROAD v2.0-11432-gead3236e5 
This program is licensed under the BSD-3 license. See the LICENSE file for details.
Components of this program may be licensed under more restrictive licenses which must be honored.
global_placement -density 0.35 -pad_left 2 -pad_right 2 -routability_driven -timing_driven
[INFO GPL-0002] DBU: 1000
[INFO GPL-0003] SiteSize: 54 270
[INFO GPL-0004] CoreAreaLxLy: 1080 1080
[INFO GPL-0005] CoreAreaUxUy: 15120 15120
[INFO GPL-0006] NumInstances: 377
[INFO GPL-0007] NumPlaceInstances: 273
[INFO GPL-0008] NumFixedInstances: 104
[INFO GPL-0009] NumDummyInstances: 0
[INFO GPL-0010] NumNets: 332
[INFO GPL-0011] NumPins: 1045
[INFO GPL-0012] DieAreaLxLy: 0 0
[INFO GPL-0013] DieAreaUxUy: 16200 16200
[INFO GPL-0014] CoreAreaLxLy: 1080 1080
[INFO GPL-0015] CoreAreaUxUy: 15120 15120
[INFO GPL-0016] CoreArea: 197121600
[INFO GPL-0017] NonPlaceInstsArea: 3032640
[INFO GPL-0018] PlaceInstsArea: 49834440
[INFO GPL-0019] Util(%): 25.68
[INFO GPL-0020] StdInstsArea: 49834440
[INFO GPL-0021] MacroInstsArea: 0
[InitialPlace]  Iter: 1 CG residual: 0.00000011 HPWL: 974832
[InitialPlace]  Iter: 2 CG residual: 0.00000007 HPWL: 874740
[InitialPlace]  Iter: 3 CG residual: 0.00000007 HPWL: 892877
[InitialPlace]  Iter: 4 CG residual: 0.00000009 HPWL: 901763
[InitialPlace]  Iter: 5 CG residual: 0.00000008 HPWL: 895146
[INFO GPL-0031] FillerInit: NumGCells: 375
[INFO GPL-0032] FillerInit: NumGNets: 332
[INFO GPL-0033] FillerInit: NumGPins: 1045
[INFO GPL-0023] TargetDensity: 0.35
[INFO GPL-0024] AveragePlaceInstArea: 182543
[INFO GPL-0025] IdealBinArea: 521551
[INFO GPL-0026] IdealBinCnt: 377
[INFO GPL-0027] TotalBinArea: 197121600
[INFO GPL-0028] BinCnt: 16 16
[INFO GPL-0029] BinSize: 878 878
[INFO GPL-0030] NumBins: 256
[NesterovSolve] Iter: 1 overflow: 0.531427 HPWL: 718926
[INFO GPL-0100] worst slack 9.77e-12
[INFO GPL-0103] Weighted 31 nets.
[NesterovSolve] Snapshot saved at iter = 0
[INFO GPL-0100] worst slack 1.14e-11
[INFO GPL-0103] Weighted 33 nets.
[NesterovSolve] Iter: 10 overflow: 0.479622 HPWL: 715877
[NesterovSolve] Iter: 20 overflow: 0.472256 HPWL: 713681
[NesterovSolve] Iter: 30 overflow: 0.473359 HPWL: 712968
[NesterovSolve] Iter: 40 overflow: 0.47251 HPWL: 713237
[NesterovSolve] Iter: 50 overflow: 0.471443 HPWL: 712908
[NesterovSolve] Iter: 60 overflow: 0.471261 HPWL: 712847
[NesterovSolve] Iter: 70 overflow: 0.470846 HPWL: 712887
[NesterovSolve] Iter: 80 overflow: 0.46952 HPWL: 712749
[NesterovSolve] Iter: 90 overflow: 0.467239 HPWL: 712504
[NesterovSolve] Iter: 100 overflow: 0.464199 HPWL: 712242
[NesterovSolve] Iter: 110 overflow: 0.459841 HPWL: 711844
[NesterovSolve] Iter: 120 overflow: 0.453785 HPWL: 710720
[NesterovSolve] Iter: 130 overflow: 0.44395 HPWL: 709149
[NesterovSolve] Iter: 140 overflow: 0.429336 HPWL: 706749
[NesterovSolve] Iter: 150 overflow: 0.408504 HPWL: 702045
[NesterovSolve] Iter: 160 overflow: 0.387972 HPWL: 698316
[NesterovSolve] Iter: 170 overflow: 0.368741 HPWL: 697482
[NesterovSolve] Iter: 180 overflow: 0.350663 HPWL: 699805
[NesterovSolve] Iter: 190 overflow: 0.328532 HPWL: 701303
[NesterovSolve] Iter: 200 overflow: 0.306652 HPWL: 701355
[INFO GPL-0100] worst slack 1.2e-11
[INFO GPL-0103] Weighted 27 nets.
[NesterovSolve] Iter: 210 overflow: 0.281208 HPWL: 700927
[NesterovSolve] Iter: 220 overflow: 0.258668 HPWL: 701602
[NesterovSolve] Iter: 230 overflow: 0.224603 HPWL: 700070
[INFO GPL-0100] worst slack 1.25e-11
[INFO GPL-0103] Weighted 28 nets.
[NesterovSolve] Iter: 240 overflow: 0.200856 HPWL: 703226
[INFO GPL-0075] Routability numCall: 1 inflationIterCnt: 1 bloatIterCnt: 0
[INFO GPL-0036] TileLxLy: 0 0
[INFO GPL-0037] TileSize: 540 540
[INFO GPL-0038] TileCnt: 30 30
[INFO GPL-0039] numRoutingLayers: 10
[INFO GPL-0040] NumTiles: 900
[INFO GPL-0063] TotalRouteOverflowH2: 0.0
[INFO GPL-0064] TotalRouteOverflowV2: 0.0
[INFO GPL-0065] OverflowTileCnt2: 0
[INFO GPL-0066] 0.5%RC: 1.0
[INFO GPL-0067] 1.0%RC: 1.0
[INFO GPL-0068] 2.0%RC: 0.9666182893627094
[INFO GPL-0069] 5.0%RC: 0.8931447384935437
[INFO GPL-0070] 0.5rcK: 1.0
[INFO GPL-0071] 1.0rcK: 1.0
[INFO GPL-0072] 2.0rcK: 0.0
[INFO GPL-0073] 5.0rcK: 0.0
[INFO GPL-0074] FinalRC: 1.0
[NesterovSolve] Iter: 250 overflow: 0.17498 HPWL: 705349
[NesterovSolve] Iter: 260 overflow: 0.154914 HPWL: 707350
[INFO GPL-0100] worst slack 1.24e-11
[INFO GPL-0103] Weighted 33 nets.
[NesterovSolve] Iter: 270 overflow: 0.134346 HPWL: 710260
[NesterovSolve] Iter: 280 overflow: 0.115643 HPWL: 712828
[NesterovSolve] Finished with Overflow: 0.099292

==========================================================================
global place report_design_area
--------------------------------------------------------------------------
Design area 37 u^2 19% utilization.
Elapsed time: 0:01.22[h:]min:sec. CPU time: user 1.14 sys 0.07 (100%). Peak memory: 268324KB.
