OpenROAD autotuner-v1-2861-g832b18e7 
This program is licensed under the BSD-3 license. See the LICENSE file for details.
Components of this program may be licensed under more restrictive licenses which must be honored.
[WARNING PPL-0015] Macro i_cache_subsystem/i_icache/sram_block_0__data_sram/genblk1_0__i_ram/macro_mem_0 is not placed.
[WARNING PPL-0015] Macro i_cache_subsystem/i_icache/sram_block_0__data_sram/genblk1_0__i_ram/macro_mem_1 is not placed.
[WARNING PPL-0015] Macro i_cache_subsystem/i_icache/sram_block_0__data_sram/genblk1_0__i_ram/macro_mem_2 is not placed.
[WARNING PPL-0015] Macro i_cache_subsystem/i_icache/sram_block_0__data_sram/genblk1_0__i_ram/macro_mem_3 is not placed.
[WARNING PPL-0015] Macro i_cache_subsystem/i_icache/sram_block_0__data_sram/genblk1_1__i_ram/macro_mem_0 is not placed.
[WARNING PPL-0015] Macro i_cache_subsystem/i_icache/sram_block_0__data_sram/genblk1_1__i_ram/macro_mem_1 is not placed.
[WARNING PPL-0015] Macro i_cache_subsystem/i_icache/sram_block_0__data_sram/genblk1_1__i_ram/macro_mem_2 is not placed.
[WARNING PPL-0015] Macro i_cache_subsystem/i_icache/sram_block_0__data_sram/genblk1_1__i_ram/macro_mem_3 is not placed.
[WARNING PPL-0015] Macro i_cache_subsystem/i_icache/sram_block_0__tag_sram.genblk1_0__i_ram.macro_mem_0 is not placed.
[WARNING PPL-0015] Macro i_cache_subsystem/i_icache/sram_block_0__tag_sram.genblk1_0__i_ram.macro_mem_1 is not placed.
[WARNING PPL-0015] Macro i_cache_subsystem/i_icache/sram_block_0__tag_sram.genblk1_0__i_ram.macro_mem_2 is not placed.
[WARNING PPL-0015] Macro i_cache_subsystem/i_icache/sram_block_1__data_sram/genblk1_0__i_ram/macro_mem_0 is not placed.
[WARNING PPL-0015] Macro i_cache_subsystem/i_icache/sram_block_1__data_sram/genblk1_0__i_ram/macro_mem_1 is not placed.
[WARNING PPL-0015] Macro i_cache_subsystem/i_icache/sram_block_1__data_sram/genblk1_0__i_ram/macro_mem_2 is not placed.
[WARNING PPL-0015] Macro i_cache_subsystem/i_icache/sram_block_1__data_sram/genblk1_0__i_ram/macro_mem_3 is not placed.
[WARNING PPL-0015] Macro i_cache_subsystem/i_icache/sram_block_1__data_sram/genblk1_1__i_ram/macro_mem_0 is not placed.
[WARNING PPL-0015] Macro i_cache_subsystem/i_icache/sram_block_1__data_sram/genblk1_1__i_ram/macro_mem_1 is not placed.
[WARNING PPL-0015] Macro i_cache_subsystem/i_icache/sram_block_1__data_sram/genblk1_1__i_ram/macro_mem_2 is not placed.
[WARNING PPL-0015] Macro i_cache_subsystem/i_icache/sram_block_1__data_sram/genblk1_1__i_ram/macro_mem_3 is not placed.
[WARNING PPL-0015] Macro i_cache_subsystem/i_icache/sram_block_1__tag_sram.genblk1_0__i_ram.macro_mem_0 is not placed.
[WARNING PPL-0015] Macro i_cache_subsystem/i_icache/sram_block_1__tag_sram.genblk1_0__i_ram.macro_mem_1 is not placed.
[WARNING PPL-0015] Macro i_cache_subsystem/i_icache/sram_block_1__tag_sram.genblk1_0__i_ram.macro_mem_2 is not placed.
[WARNING PPL-0015] Macro i_cache_subsystem/i_icache/sram_block_2__data_sram/genblk1_0__i_ram/macro_mem_0 is not placed.
[WARNING PPL-0015] Macro i_cache_subsystem/i_icache/sram_block_2__data_sram/genblk1_0__i_ram/macro_mem_1 is not placed.
[WARNING PPL-0015] Macro i_cache_subsystem/i_icache/sram_block_2__data_sram/genblk1_0__i_ram/macro_mem_2 is not placed.
[WARNING PPL-0015] Macro i_cache_subsystem/i_icache/sram_block_2__data_sram/genblk1_0__i_ram/macro_mem_3 is not placed.
[WARNING PPL-0015] Macro i_cache_subsystem/i_icache/sram_block_2__data_sram/genblk1_1__i_ram/macro_mem_0 is not placed.
[WARNING PPL-0015] Macro i_cache_subsystem/i_icache/sram_block_2__data_sram/genblk1_1__i_ram/macro_mem_1 is not placed.
[WARNING PPL-0015] Macro i_cache_subsystem/i_icache/sram_block_2__data_sram/genblk1_1__i_ram/macro_mem_2 is not placed.
[WARNING PPL-0015] Macro i_cache_subsystem/i_icache/sram_block_2__data_sram/genblk1_1__i_ram/macro_mem_3 is not placed.
[WARNING PPL-0015] Macro i_cache_subsystem/i_icache/sram_block_2__tag_sram.genblk1_0__i_ram.macro_mem_0 is not placed.
[WARNING PPL-0015] Macro i_cache_subsystem/i_icache/sram_block_2__tag_sram.genblk1_0__i_ram.macro_mem_1 is not placed.
[WARNING PPL-0015] Macro i_cache_subsystem/i_icache/sram_block_2__tag_sram.genblk1_0__i_ram.macro_mem_2 is not placed.
[WARNING PPL-0015] Macro i_cache_subsystem/i_icache/sram_block_3__data_sram/genblk1_0__i_ram/macro_mem_0 is not placed.
[WARNING PPL-0015] Macro i_cache_subsystem/i_icache/sram_block_3__data_sram/genblk1_0__i_ram/macro_mem_1 is not placed.
[WARNING PPL-0015] Macro i_cache_subsystem/i_icache/sram_block_3__data_sram/genblk1_0__i_ram/macro_mem_2 is not placed.
[WARNING PPL-0015] Macro i_cache_subsystem/i_icache/sram_block_3__data_sram/genblk1_0__i_ram/macro_mem_3 is not placed.
[WARNING PPL-0015] Macro i_cache_subsystem/i_icache/sram_block_3__data_sram/genblk1_1__i_ram/macro_mem_0 is not placed.
[WARNING PPL-0015] Macro i_cache_subsystem/i_icache/sram_block_3__data_sram/genblk1_1__i_ram/macro_mem_1 is not placed.
[WARNING PPL-0015] Macro i_cache_subsystem/i_icache/sram_block_3__data_sram/genblk1_1__i_ram/macro_mem_2 is not placed.
[WARNING PPL-0015] Macro i_cache_subsystem/i_icache/sram_block_3__data_sram/genblk1_1__i_ram/macro_mem_3 is not placed.
[WARNING PPL-0015] Macro i_cache_subsystem/i_icache/sram_block_3__tag_sram.genblk1_0__i_ram.macro_mem_0 is not placed.
[WARNING PPL-0015] Macro i_cache_subsystem/i_icache/sram_block_3__tag_sram.genblk1_0__i_ram.macro_mem_1 is not placed.
[WARNING PPL-0015] Macro i_cache_subsystem/i_icache/sram_block_3__tag_sram.genblk1_0__i_ram.macro_mem_2 is not placed.
[WARNING PPL-0015] Macro i_cache_subsystem/i_nbdcache/sram_block_0__data_sram/genblk1_0__i_ram/macro_mem_0 is not placed.
[WARNING PPL-0015] Macro i_cache_subsystem/i_nbdcache/sram_block_0__data_sram/genblk1_0__i_ram/macro_mem_1 is not placed.
[WARNING PPL-0015] Macro i_cache_subsystem/i_nbdcache/sram_block_0__data_sram/genblk1_0__i_ram/macro_mem_2 is not placed.
[WARNING PPL-0015] Macro i_cache_subsystem/i_nbdcache/sram_block_0__data_sram/genblk1_0__i_ram/macro_mem_3 is not placed.
[WARNING PPL-0015] Macro i_cache_subsystem/i_nbdcache/sram_block_0__data_sram/genblk1_1__i_ram/macro_mem_0 is not placed.
[WARNING PPL-0015] Macro i_cache_subsystem/i_nbdcache/sram_block_0__data_sram/genblk1_1__i_ram/macro_mem_1 is not placed.
[WARNING PPL-0015] Macro i_cache_subsystem/i_nbdcache/sram_block_0__data_sram/genblk1_1__i_ram/macro_mem_2 is not placed.
[WARNING PPL-0015] Macro i_cache_subsystem/i_nbdcache/sram_block_0__data_sram/genblk1_1__i_ram/macro_mem_3 is not placed.
[WARNING PPL-0015] Macro i_cache_subsystem/i_nbdcache/sram_block_0__tag_sram.genblk1_0__i_ram.macro_mem_0 is not placed.
[WARNING PPL-0015] Macro i_cache_subsystem/i_nbdcache/sram_block_0__tag_sram.genblk1_0__i_ram.macro_mem_1 is not placed.
[WARNING PPL-0015] Macro i_cache_subsystem/i_nbdcache/sram_block_0__tag_sram.genblk1_0__i_ram.macro_mem_2 is not placed.
[WARNING PPL-0015] Macro i_cache_subsystem/i_nbdcache/sram_block_1__data_sram/genblk1_0__i_ram/macro_mem_0 is not placed.
[WARNING PPL-0015] Macro i_cache_subsystem/i_nbdcache/sram_block_1__data_sram/genblk1_0__i_ram/macro_mem_1 is not placed.
[WARNING PPL-0015] Macro i_cache_subsystem/i_nbdcache/sram_block_1__data_sram/genblk1_0__i_ram/macro_mem_2 is not placed.
[WARNING PPL-0015] Macro i_cache_subsystem/i_nbdcache/sram_block_1__data_sram/genblk1_0__i_ram/macro_mem_3 is not placed.
[WARNING PPL-0015] Macro i_cache_subsystem/i_nbdcache/sram_block_1__data_sram/genblk1_1__i_ram/macro_mem_0 is not placed.
[WARNING PPL-0015] Macro i_cache_subsystem/i_nbdcache/sram_block_1__data_sram/genblk1_1__i_ram/macro_mem_1 is not placed.
[WARNING PPL-0015] Macro i_cache_subsystem/i_nbdcache/sram_block_1__data_sram/genblk1_1__i_ram/macro_mem_2 is not placed.
[WARNING PPL-0015] Macro i_cache_subsystem/i_nbdcache/sram_block_1__data_sram/genblk1_1__i_ram/macro_mem_3 is not placed.
[WARNING PPL-0015] Macro i_cache_subsystem/i_nbdcache/sram_block_1__tag_sram.genblk1_0__i_ram.macro_mem_0 is not placed.
[WARNING PPL-0015] Macro i_cache_subsystem/i_nbdcache/sram_block_1__tag_sram.genblk1_0__i_ram.macro_mem_1 is not placed.
[WARNING PPL-0015] Macro i_cache_subsystem/i_nbdcache/sram_block_1__tag_sram.genblk1_0__i_ram.macro_mem_2 is not placed.
[WARNING PPL-0015] Macro i_cache_subsystem/i_nbdcache/sram_block_2__data_sram/genblk1_0__i_ram/macro_mem_0 is not placed.
[WARNING PPL-0015] Macro i_cache_subsystem/i_nbdcache/sram_block_2__data_sram/genblk1_0__i_ram/macro_mem_1 is not placed.
[WARNING PPL-0015] Macro i_cache_subsystem/i_nbdcache/sram_block_2__data_sram/genblk1_0__i_ram/macro_mem_2 is not placed.
[WARNING PPL-0015] Macro i_cache_subsystem/i_nbdcache/sram_block_2__data_sram/genblk1_0__i_ram/macro_mem_3 is not placed.
[WARNING PPL-0015] Macro i_cache_subsystem/i_nbdcache/sram_block_2__data_sram/genblk1_1__i_ram/macro_mem_0 is not placed.
[WARNING PPL-0015] Macro i_cache_subsystem/i_nbdcache/sram_block_2__data_sram/genblk1_1__i_ram/macro_mem_1 is not placed.
[WARNING PPL-0015] Macro i_cache_subsystem/i_nbdcache/sram_block_2__data_sram/genblk1_1__i_ram/macro_mem_2 is not placed.
[WARNING PPL-0015] Macro i_cache_subsystem/i_nbdcache/sram_block_2__data_sram/genblk1_1__i_ram/macro_mem_3 is not placed.
[WARNING PPL-0015] Macro i_cache_subsystem/i_nbdcache/sram_block_2__tag_sram.genblk1_0__i_ram.macro_mem_0 is not placed.
[WARNING PPL-0015] Macro i_cache_subsystem/i_nbdcache/sram_block_2__tag_sram.genblk1_0__i_ram.macro_mem_1 is not placed.
[WARNING PPL-0015] Macro i_cache_subsystem/i_nbdcache/sram_block_2__tag_sram.genblk1_0__i_ram.macro_mem_2 is not placed.
[WARNING PPL-0015] Macro i_cache_subsystem/i_nbdcache/sram_block_3__data_sram/genblk1_0__i_ram/macro_mem_0 is not placed.
[WARNING PPL-0015] Macro i_cache_subsystem/i_nbdcache/sram_block_3__data_sram/genblk1_0__i_ram/macro_mem_1 is not placed.
[WARNING PPL-0015] Macro i_cache_subsystem/i_nbdcache/sram_block_3__data_sram/genblk1_0__i_ram/macro_mem_2 is not placed.
[WARNING PPL-0015] Macro i_cache_subsystem/i_nbdcache/sram_block_3__data_sram/genblk1_0__i_ram/macro_mem_3 is not placed.
[WARNING PPL-0015] Macro i_cache_subsystem/i_nbdcache/sram_block_3__data_sram/genblk1_1__i_ram/macro_mem_0 is not placed.
[WARNING PPL-0015] Macro i_cache_subsystem/i_nbdcache/sram_block_3__data_sram/genblk1_1__i_ram/macro_mem_1 is not placed.
[WARNING PPL-0015] Macro i_cache_subsystem/i_nbdcache/sram_block_3__data_sram/genblk1_1__i_ram/macro_mem_2 is not placed.
[WARNING PPL-0015] Macro i_cache_subsystem/i_nbdcache/sram_block_3__data_sram/genblk1_1__i_ram/macro_mem_3 is not placed.
[WARNING PPL-0015] Macro i_cache_subsystem/i_nbdcache/sram_block_3__tag_sram.genblk1_0__i_ram.macro_mem_0 is not placed.
[WARNING PPL-0015] Macro i_cache_subsystem/i_nbdcache/sram_block_3__tag_sram.genblk1_0__i_ram.macro_mem_1 is not placed.
[WARNING PPL-0015] Macro i_cache_subsystem/i_nbdcache/sram_block_3__tag_sram.genblk1_0__i_ram.macro_mem_2 is not placed.
[WARNING PPL-0015] Macro i_cache_subsystem/i_nbdcache/sram_block_4__data_sram/genblk1_0__i_ram/macro_mem_0 is not placed.
[WARNING PPL-0015] Macro i_cache_subsystem/i_nbdcache/sram_block_4__data_sram/genblk1_0__i_ram/macro_mem_1 is not placed.
[WARNING PPL-0015] Macro i_cache_subsystem/i_nbdcache/sram_block_4__data_sram/genblk1_0__i_ram/macro_mem_2 is not placed.
[WARNING PPL-0015] Macro i_cache_subsystem/i_nbdcache/sram_block_4__data_sram/genblk1_0__i_ram/macro_mem_3 is not placed.
[WARNING PPL-0015] Macro i_cache_subsystem/i_nbdcache/sram_block_4__data_sram/genblk1_1__i_ram/macro_mem_0 is not placed.
[WARNING PPL-0015] Macro i_cache_subsystem/i_nbdcache/sram_block_4__data_sram/genblk1_1__i_ram/macro_mem_1 is not placed.
[WARNING PPL-0015] Macro i_cache_subsystem/i_nbdcache/sram_block_4__data_sram/genblk1_1__i_ram/macro_mem_2 is not placed.
[WARNING PPL-0015] Macro i_cache_subsystem/i_nbdcache/sram_block_4__data_sram/genblk1_1__i_ram/macro_mem_3 is not placed.
[WARNING PPL-0015] Macro i_cache_subsystem/i_nbdcache/sram_block_4__tag_sram.genblk1_0__i_ram.macro_mem_0 is not placed.
[WARNING PPL-0015] Macro i_cache_subsystem/i_nbdcache/sram_block_4__tag_sram.genblk1_0__i_ram.macro_mem_1 is not placed.
[WARNING PPL-0015] Macro i_cache_subsystem/i_nbdcache/sram_block_4__tag_sram.genblk1_0__i_ram.macro_mem_2 is not placed.
[WARNING PPL-0015] Macro i_cache_subsystem/i_nbdcache/sram_block_5__data_sram/genblk1_0__i_ram/macro_mem_0 is not placed.
[WARNING PPL-0015] Macro i_cache_subsystem/i_nbdcache/sram_block_5__data_sram/genblk1_0__i_ram/macro_mem_1 is not placed.
[WARNING PPL-0015] Macro i_cache_subsystem/i_nbdcache/sram_block_5__data_sram/genblk1_0__i_ram/macro_mem_2 is not placed.
[WARNING PPL-0015] Macro i_cache_subsystem/i_nbdcache/sram_block_5__data_sram/genblk1_0__i_ram/macro_mem_3 is not placed.
[WARNING PPL-0015] Macro i_cache_subsystem/i_nbdcache/sram_block_5__data_sram/genblk1_1__i_ram/macro_mem_0 is not placed.
[WARNING PPL-0015] Macro i_cache_subsystem/i_nbdcache/sram_block_5__data_sram/genblk1_1__i_ram/macro_mem_1 is not placed.
[WARNING PPL-0015] Macro i_cache_subsystem/i_nbdcache/sram_block_5__data_sram/genblk1_1__i_ram/macro_mem_2 is not placed.
[WARNING PPL-0015] Macro i_cache_subsystem/i_nbdcache/sram_block_5__data_sram/genblk1_1__i_ram/macro_mem_3 is not placed.
[WARNING PPL-0015] Macro i_cache_subsystem/i_nbdcache/sram_block_5__tag_sram.genblk1_0__i_ram.macro_mem_0 is not placed.
[WARNING PPL-0015] Macro i_cache_subsystem/i_nbdcache/sram_block_5__tag_sram.genblk1_0__i_ram.macro_mem_1 is not placed.
[WARNING PPL-0015] Macro i_cache_subsystem/i_nbdcache/sram_block_5__tag_sram.genblk1_0__i_ram.macro_mem_2 is not placed.
[WARNING PPL-0015] Macro i_cache_subsystem/i_nbdcache/sram_block_6__data_sram/genblk1_0__i_ram/macro_mem_0 is not placed.
[WARNING PPL-0015] Macro i_cache_subsystem/i_nbdcache/sram_block_6__data_sram/genblk1_0__i_ram/macro_mem_1 is not placed.
[WARNING PPL-0015] Macro i_cache_subsystem/i_nbdcache/sram_block_6__data_sram/genblk1_0__i_ram/macro_mem_2 is not placed.
[WARNING PPL-0015] Macro i_cache_subsystem/i_nbdcache/sram_block_6__data_sram/genblk1_0__i_ram/macro_mem_3 is not placed.
[WARNING PPL-0015] Macro i_cache_subsystem/i_nbdcache/sram_block_6__data_sram/genblk1_1__i_ram/macro_mem_0 is not placed.
[WARNING PPL-0015] Macro i_cache_subsystem/i_nbdcache/sram_block_6__data_sram/genblk1_1__i_ram/macro_mem_1 is not placed.
[WARNING PPL-0015] Macro i_cache_subsystem/i_nbdcache/sram_block_6__data_sram/genblk1_1__i_ram/macro_mem_2 is not placed.
[WARNING PPL-0015] Macro i_cache_subsystem/i_nbdcache/sram_block_6__data_sram/genblk1_1__i_ram/macro_mem_3 is not placed.
[WARNING PPL-0015] Macro i_cache_subsystem/i_nbdcache/sram_block_6__tag_sram.genblk1_0__i_ram.macro_mem_0 is not placed.
[WARNING PPL-0015] Macro i_cache_subsystem/i_nbdcache/sram_block_6__tag_sram.genblk1_0__i_ram.macro_mem_1 is not placed.
[WARNING PPL-0015] Macro i_cache_subsystem/i_nbdcache/sram_block_6__tag_sram.genblk1_0__i_ram.macro_mem_2 is not placed.
[WARNING PPL-0015] Macro i_cache_subsystem/i_nbdcache/sram_block_7__data_sram/genblk1_0__i_ram/macro_mem_0 is not placed.
[WARNING PPL-0015] Macro i_cache_subsystem/i_nbdcache/sram_block_7__data_sram/genblk1_0__i_ram/macro_mem_1 is not placed.
[WARNING PPL-0015] Macro i_cache_subsystem/i_nbdcache/sram_block_7__data_sram/genblk1_0__i_ram/macro_mem_2 is not placed.
[WARNING PPL-0015] Macro i_cache_subsystem/i_nbdcache/sram_block_7__data_sram/genblk1_0__i_ram/macro_mem_3 is not placed.
[WARNING PPL-0015] Macro i_cache_subsystem/i_nbdcache/sram_block_7__data_sram/genblk1_1__i_ram/macro_mem_0 is not placed.
[WARNING PPL-0015] Macro i_cache_subsystem/i_nbdcache/sram_block_7__data_sram/genblk1_1__i_ram/macro_mem_1 is not placed.
[WARNING PPL-0015] Macro i_cache_subsystem/i_nbdcache/sram_block_7__data_sram/genblk1_1__i_ram/macro_mem_2 is not placed.
[WARNING PPL-0015] Macro i_cache_subsystem/i_nbdcache/sram_block_7__data_sram/genblk1_1__i_ram/macro_mem_3 is not placed.
[WARNING PPL-0015] Macro i_cache_subsystem/i_nbdcache/sram_block_7__tag_sram.genblk1_0__i_ram.macro_mem_0 is not placed.
[WARNING PPL-0015] Macro i_cache_subsystem/i_nbdcache/sram_block_7__tag_sram.genblk1_0__i_ram.macro_mem_1 is not placed.
[WARNING PPL-0015] Macro i_cache_subsystem/i_nbdcache/sram_block_7__tag_sram.genblk1_0__i_ram.macro_mem_2 is not placed.
Found 0 macro blocks.
Using 2 tracks default min distance between IO pins.
[INFO PPL-0007] Random pin placement.
Elapsed time: 0:00.70[h:]min:sec. CPU time: user 0.60 sys 0.09 (99%). Peak memory: 325016KB.
