OpenROAD autotuner-v1-2861-g832b18e7 
This program is licensed under the BSD-3 license. See the LICENSE file for details.
Components of this program may be licensed under more restrictive licenses which must be honored.
[INFO GPL-0002] DBU: 2000
[INFO GPL-0003] SiteSize: 380 2800
[INFO GPL-0004] CoreAreaLxLy: 20140 25200
[INFO GPL-0005] CoreAreaUxUy: 2895980 2895200
[INFO GPL-0006] NumInstances: 169856
[INFO GPL-0007] NumPlaceInstances: 139969
[INFO GPL-0008] NumFixedInstances: 15109
[INFO GPL-0009] NumDummyInstances: 14778
[INFO GPL-0010] NumNets: 171092
[INFO GPL-0011] NumPins: 574182
[INFO GPL-0012] DieAreaLxLy: 0 0
[INFO GPL-0013] DieAreaUxUy: 3000000 3000000
[INFO GPL-0014] CoreAreaLxLy: 20140 25200
[INFO GPL-0015] CoreAreaUxUy: 2895980 2895200
[INFO GPL-0016] CoreArea: 8253660800000
[INFO GPL-0017] NonPlaceInstsArea: 3139995936000
[INFO GPL-0018] PlaceInstsArea: 1147167560000
[INFO GPL-0019] Util(%): 22.43
[INFO GPL-0020] StdInstsArea: 1147167560000
[INFO GPL-0021] MacroInstsArea: 0
[INFO GPL-0031] FillerInit: NumGCells: 189552
[INFO GPL-0032] FillerInit: NumGNets: 171092
[INFO GPL-0033] FillerInit: NumGPins: 574182
[INFO GPL-0023] TargetDensity: 0.30
[INFO GPL-0024] AveragePlaceInstArea: 8195868
[INFO GPL-0025] IdealBinArea: 27319558
[INFO GPL-0026] IdealBinCnt: 302115
[INFO GPL-0027] TotalBinArea: 8253660800000
[INFO GPL-0028] BinCnt: 512 512
[INFO GPL-0029] BinSize: 5617 5606
[INFO GPL-0030] NumBins: 262144
[NesterovSolve] Iter: 1 overflow: 0.996028 HPWL: 5922780969
[NesterovSolve] Iter: 10 overflow: 0.981118 HPWL: 4962216721
[NesterovSolve] Iter: 20 overflow: 0.98193 HPWL: 4496605318
[NesterovSolve] Iter: 30 overflow: 0.981246 HPWL: 4399224165
[NesterovSolve] Iter: 40 overflow: 0.977124 HPWL: 4383147235
[NesterovSolve] Iter: 50 overflow: 0.97203 HPWL: 4423229774
[NesterovSolve] Iter: 60 overflow: 0.969763 HPWL: 4454028676
[NesterovSolve] Iter: 70 overflow: 0.969036 HPWL: 4459714609
[NesterovSolve] Iter: 80 overflow: 0.968614 HPWL: 4467098714
[NesterovSolve] Iter: 90 overflow: 0.967988 HPWL: 4478012700
[NesterovSolve] Iter: 100 overflow: 0.967282 HPWL: 4494769480
[NesterovSolve] Iter: 110 overflow: 0.966894 HPWL: 4516671001
[NesterovSolve] Iter: 120 overflow: 0.96639 HPWL: 4535932442
[NesterovSolve] Iter: 130 overflow: 0.965965 HPWL: 4552236858
[NesterovSolve] Iter: 140 overflow: 0.965277 HPWL: 4569129123
[NesterovSolve] Iter: 150 overflow: 0.964686 HPWL: 4588404618
[NesterovSolve] Iter: 160 overflow: 0.96385 HPWL: 4610718921
[NesterovSolve] Iter: 170 overflow: 0.962888 HPWL: 4640469752
[NesterovSolve] Iter: 180 overflow: 0.961068 HPWL: 4684268177
[NesterovSolve] Iter: 190 overflow: 0.958381 HPWL: 4750228904
[NesterovSolve] Iter: 200 overflow: 0.954638 HPWL: 4848309557
[NesterovSolve] Iter: 210 overflow: 0.948901 HPWL: 4994401441
[NesterovSolve] Iter: 220 overflow: 0.940569 HPWL: 5205132295
[NesterovSolve] Iter: 230 overflow: 0.928982 HPWL: 5498670000
[NesterovSolve] Iter: 240 overflow: 0.914055 HPWL: 5895415446
[NesterovSolve] Iter: 250 overflow: 0.895512 HPWL: 6388141408
[NesterovSolve] Iter: 260 overflow: 0.873738 HPWL: 6925462298
[NesterovSolve] Iter: 270 overflow: 0.8486 HPWL: 7428745808
[NesterovSolve] Iter: 280 overflow: 0.820064 HPWL: 7859767178
[NesterovSolve] Iter: 290 overflow: 0.788341 HPWL: 8165857557
[NesterovSolve] Iter: 300 overflow: 0.755222 HPWL: 8271498322
[NesterovSolve] Iter: 310 overflow: 0.718887 HPWL: 8326540726
[NesterovSolve] Iter: 320 overflow: 0.677357 HPWL: 8514911867
[NesterovSolve] Iter: 330 overflow: 0.637616 HPWL: 8901166840
[NesterovSolve] Iter: 340 overflow: 0.603807 HPWL: 8955787577
[NesterovSolve] Iter: 350 overflow: 0.562278 HPWL: 8962355979
[NesterovSolve] Iter: 360 overflow: 0.523064 HPWL: 9129848620
[NesterovSolve] Iter: 370 overflow: 0.482071 HPWL: 9137269226
[NesterovSolve] Iter: 380 overflow: 0.439124 HPWL: 9199697457
[NesterovSolve] Iter: 390 overflow: 0.399152 HPWL: 9225047971
[NesterovSolve] Iter: 400 overflow: 0.361317 HPWL: 9042812396
[NesterovSolve] Iter: 410 overflow: 0.329798 HPWL: 8906480889
[NesterovSolve] Iter: 420 overflow: 0.302658 HPWL: 8736206015
[NesterovSolve] Iter: 430 overflow: 0.277266 HPWL: 8573960174
[NesterovSolve] Iter: 440 overflow: 0.252609 HPWL: 8441313825
[NesterovSolve] Iter: 450 overflow: 0.230918 HPWL: 8317079037
[NesterovSolve] Iter: 460 overflow: 0.209392 HPWL: 8232699236
[NesterovSolve] Iter: 470 overflow: 0.188669 HPWL: 8192221281
[NesterovSolve] Iter: 480 overflow: 0.170541 HPWL: 8190393733
[NesterovSolve] Iter: 490 overflow: 0.153147 HPWL: 8216980150
[NesterovSolve] Iter: 500 overflow: 0.137076 HPWL: 8248883253
[NesterovSolve] Iter: 510 overflow: 0.122781 HPWL: 8255302928
[NesterovSolve] Iter: 520 overflow: 0.1107 HPWL: 8294100109
[NesterovSolve] Iter: 530 overflow: 0.0993829 HPWL: 8349085269
[NesterovSolve] Finished with Overflow: 0.099383
Elapsed time: 0:41.62[h:]min:sec. CPU time: user 41.41 sys 0.20 (99%). Peak memory: 589100KB.
