OpenROAD autotuner-v1-2861-g832b18e7 
This program is licensed under the BSD-3 license. See the LICENSE file for details.
Components of this program may be licensed under more restrictive licenses which must be honored.
Placement Analysis
---------------------------------
total displacement     153787.3 u
average displacement        1.0 u
max displacement          426.5 u
original HPWL         6340889.9 u
legalized HPWL        6431245.3 u
delta HPWL                    1 %

Detailed placement improvement.
Importing netlist into detailed improver.
[INFO DPO-0100] Creating network with 151431 cells, 141 terminals, 71604 edges and 243544 pins.
[INFO DPO-0109] Network stats: inst 151572, edges 71604, pins 243544
[INFO DPO-0110] Number of regions is 1
[INFO DPO-0401] Setting random seed to 1.
[INFO DPO-0402] Setting maximum displacement 5 1 to 13600 2720 units.
[INFO DPO-0320] Collected 84147 fixed cells (excluded terminal_NI).
[INFO DPO-0318] Collected 68763 single height cells.
[INFO DPO-0321] Collected 0 wide cells.
[INFO DPO-0322] Image (10120, 10880) - (2909960, 3508800)
[INFO DPO-0310] Assigned 68763 cells into segments.  Movement in X-direction is 0.000000, movement in Y-direction is 0.000000.
[INFO DPO-0313] Found 0 cells in wrong regions.
[INFO DPO-0315] Found 0 row alignment problems.
[INFO DPO-0314] Found 0 site alignment problems.
[INFO DPO-0311] Found 0 overlaps between adjacent cells.
[INFO DPO-0312] Found 0 edge spacing violations and 0 padding violations.
[INFO DPO-0303] Running algorithm for independent set matching.
[INFO DPO-0300] Set matching objective is wirelength.
[INFO DPO-0301] Pass   1 of matching; objective is 6.436518e+09.
[INFO DPO-0302] End of matching; objective is 6.434182e+09, improvement is 0.04 percent.
[INFO DPO-0303] Running algorithm for global swaps.
[INFO DPO-0306] Pass   1 of global swaps; hpwl is 6.349191e+09.
[INFO DPO-0306] Pass   2 of global swaps; hpwl is 6.333439e+09.
[INFO DPO-0307] End of global swaps; objective is 6.333439e+09, improvement is 1.57 percent.
[INFO DPO-0303] Running algorithm for vertical swaps.
[INFO DPO-0308] Pass   1 of vertical swaps; hpwl is 6.320910e+09.
[INFO DPO-0309] End of vertical swaps; objective is 6.320910e+09, improvement is 0.20 percent.
[INFO DPO-0303] Running algorithm for reordering.
[INFO DPO-0304] Pass   1 of reordering; objective is 6.318751e+09.
[INFO DPO-0305] End of reordering; objective is 6.318751e+09, improvement is 0.03 percent.
[INFO DPO-0303] Running algorithm for random improvement.
[INFO DPO-0324] Random improver is using displacement generator.
[INFO DPO-0325] Random improver is using hpwl objective.
[INFO DPO-0326] Random improver cost string is (a).
[INFO DPO-0332] End of pass, Generator displacement called 1375260 times.
[INFO DPO-0335] Generator displacement, Cumulative attempts 1375260, swaps 101923, moves 505886 since last reset.
[INFO DPO-0333] End of pass, Objective hpwl, Initial cost 6.310287e+09, Scratch cost 6.263978e+09, Incremental cost 6.263978e+09, Mismatch? N
[INFO DPO-0338] End of pass, Total cost is 6.263978e+09.
[INFO DPO-0327] Pass   1 of random improver; improvement in cost is 0.73 percent.
[INFO DPO-0328] End of random improver; improvement is 0.733867 percent.
[INFO DPO-0380] Cell flipping.
[INFO DPO-0382] Changed 34388 cell orientations for row compatibility.
[INFO DPO-0383] Performed 22138 cell flips.
[INFO DPO-0384] End of flipping; objective is 6.230602e+09, improvement is 0.67 percent.
[INFO DPO-0313] Found 0 cells in wrong regions.
[INFO DPO-0315] Found 0 row alignment problems.
[INFO DPO-0314] Found 0 site alignment problems.
[INFO DPO-0311] Found 0 overlaps between adjacent cells.
[INFO DPO-0312] Found 0 edge spacing violations and 0 padding violations.
Detailed Improvement Results
------------------------------------------
Original HPWL          6431245.3 u
Final HPWL             6220339.5 u
Delta HPWL                  -3.3 %

[INFO DPL-0020] Mirrored 4766 instances
[INFO DPL-0021] HPWL before          6220339.5 u
[INFO DPL-0022] HPWL after           6218657.8 u
[INFO DPL-0023] HPWL delta               -0.0 %
[INFO FLW-0012] Placement violations .

==========================================================================
detailed place check_setup
--------------------------------------------------------------------------
Warning: There is 1 input port missing set_input_delay.
Warning: There are 6 unconstrained endpoints.

==========================================================================
detailed place report_tns
--------------------------------------------------------------------------
tns 0.00

==========================================================================
detailed place report_wns
--------------------------------------------------------------------------
wns 0.00

==========================================================================
detailed place report_worst_slack
--------------------------------------------------------------------------
worst slack 0.34

==========================================================================
detailed place report_checks -path_delay min
--------------------------------------------------------------------------
Startpoint: _121456_ (rising edge-triggered flip-flop clocked by ext_clk)
Endpoint: _115682_ (removal check against rising-edge clock ext_clk)
Path Group: asynchronous
Path Type: min

Fanout     Cap    Slew   Delay    Time   Description
-----------------------------------------------------------------------------
                  0.15    0.00    0.00   clock ext_clk (rise edge)
                          0.00    0.00   clock network delay (ideal)
                  0.15    0.00    0.00 ^ _121456_/CLK (sky130_fd_sc_hd__dfxtp_1)
     1    0.02    0.08    0.36    0.36 v _121456_/Q (sky130_fd_sc_hd__dfxtp_1)
                                         soc0._320_ (net)
                  0.08    0.00    0.36 v fanout5777/A (sky130_fd_sc_hd__buf_16)
     6    0.39    0.17    0.22    0.58 v fanout5777/X (sky130_fd_sc_hd__buf_16)
                                         net5777 (net)
                  0.22    0.06    0.65 v fanout5770/A (sky130_fd_sc_hd__buf_12)
     5    0.20    0.11    0.26    0.91 v fanout5770/X (sky130_fd_sc_hd__buf_12)
                                         net5770 (net)
                  0.12    0.02    0.93 v _058050_/A (sky130_fd_sc_hd__inv_12)
     4    0.14    0.16    0.15    1.08 ^ _058050_/Y (sky130_fd_sc_hd__inv_12)
                                         _009272_ (net)
                  0.16    0.01    1.08 ^ fanout5339/A (sky130_fd_sc_hd__buf_6)
     5    0.09    0.18    0.22    1.30 ^ fanout5339/X (sky130_fd_sc_hd__buf_6)
                                         net5339 (net)
                  0.18    0.01    1.31 ^ fanout5330/A (sky130_fd_sc_hd__buf_8)
    10    0.11    0.18    0.22    1.52 ^ fanout5330/X (sky130_fd_sc_hd__buf_8)
                                         net5330 (net)
                  0.18    0.00    1.53 ^ _115682_/RESET_B (sky130_fd_sc_hd__dfrtp_4)
                                  1.53   data arrival time

                  0.15    0.00    0.00   clock ext_clk (rise edge)
                          0.00    0.00   clock network delay (ideal)
                          0.25    0.25   clock uncertainty
                          0.00    0.25   clock reconvergence pessimism
                                  0.25 ^ _115682_/CLK (sky130_fd_sc_hd__dfrtp_4)
                          0.39    0.64   library removal time
                                  0.64   data required time
-----------------------------------------------------------------------------
                                  0.64   data required time
                                 -1.53   data arrival time
-----------------------------------------------------------------------------
                                  0.89   slack (MET)


Startpoint: _119090_ (rising edge-triggered flip-flop clocked by ext_clk)
Endpoint: soc0.processor.dcache_0.rams:1.way.cache_ram_0
          (rising edge-triggered flip-flop clocked by ext_clk)
Path Group: ext_clk
Path Type: min

Fanout     Cap    Slew   Delay    Time   Description
-----------------------------------------------------------------------------
                  0.15    0.00    0.00   clock ext_clk (rise edge)
                          0.00    0.00   clock network delay (ideal)
                  0.15    0.00    0.00 ^ _119090_/CLK (sky130_fd_sc_hd__dfxtp_4)
     5    0.19    0.23    0.49    0.49 v _119090_/Q (sky130_fd_sc_hd__dfxtp_4)
                                         soc0.processor.dcache_0._541_[162] (net)
                  0.28    0.07    0.56 v soc0.processor.dcache_0.rams:1.way.cache_ram_0/A0[4] (RAM32_1RW1R)
                                  0.56   data arrival time

                  0.15    0.00    0.00   clock ext_clk (rise edge)
                          0.00    0.00   clock network delay (ideal)
                          0.25    0.25   clock uncertainty
                          0.00    0.25   clock reconvergence pessimism
                                  0.25 ^ soc0.processor.dcache_0.rams:1.way.cache_ram_0/CLK (RAM32_1RW1R)
                          3.70    3.95   library hold time
                                  3.95   data required time
-----------------------------------------------------------------------------
                                  3.95   data required time
                                 -0.56   data arrival time
-----------------------------------------------------------------------------
                                 -3.39   slack (VIOLATED)


Startpoint: _121323_ (rising edge-triggered flip-flop clocked by jtag_tck)
Endpoint: _121322_ (rising edge-triggered flip-flop clocked by jtag_tck)
Path Group: jtag_tck
Path Type: min

Fanout     Cap    Slew   Delay    Time   Description
-----------------------------------------------------------------------------
                  0.15    0.00    0.00   clock jtag_tck (rise edge)
                          0.00    0.00   clock network delay (ideal)
                  0.15    0.00    0.00 ^ _121323_/CLK (sky130_fd_sc_hd__dfxtp_1)
     2    0.00    0.03    0.32    0.32 v _121323_/Q (sky130_fd_sc_hd__dfxtp_1)
                                         soc0.dmi_jtag.dtm.tap_top0.tms_q1 (net)
                  0.03    0.00    0.32 v _121322_/D (sky130_fd_sc_hd__dfxtp_1)
                                  0.32   data arrival time

                  0.15    0.00    0.00   clock jtag_tck (rise edge)
                          0.00    0.00   clock network delay (ideal)
                          0.25    0.25   clock uncertainty
                          0.00    0.25   clock reconvergence pessimism
                                  0.25 ^ _121322_/CLK (sky130_fd_sc_hd__dfxtp_1)
                         -0.03    0.22   library hold time
                                  0.22   data required time
-----------------------------------------------------------------------------
                                  0.22   data required time
                                 -0.32   data arrival time
-----------------------------------------------------------------------------
                                  0.09   slack (MET)



==========================================================================
detailed place report_checks -path_delay max
--------------------------------------------------------------------------
Startpoint: _121456_ (rising edge-triggered flip-flop clocked by ext_clk)
Endpoint: _115880_ (recovery check against rising-edge clock ext_clk)
Path Group: asynchronous
Path Type: max

Fanout     Cap    Slew   Delay    Time   Description
-----------------------------------------------------------------------------
                  0.15    0.00    0.00   clock ext_clk (rise edge)
                          0.00    0.00   clock network delay (ideal)
                  0.15    0.00    0.00 ^ _121456_/CLK (sky130_fd_sc_hd__dfxtp_1)
     1    0.02    0.08    0.39    0.39 v _121456_/Q (sky130_fd_sc_hd__dfxtp_1)
                                         soc0._320_ (net)
                  0.08    0.00    0.39 v fanout5777/A (sky130_fd_sc_hd__buf_16)
     6    0.39    0.17    0.25    0.64 v fanout5777/X (sky130_fd_sc_hd__buf_16)
                                         net5777 (net)
                  0.22    0.07    0.71 v fanout5770/A (sky130_fd_sc_hd__buf_12)
     5    0.20    0.11    0.29    1.00 v fanout5770/X (sky130_fd_sc_hd__buf_12)
                                         net5770 (net)
                  0.12    0.02    1.02 v _058050_/A (sky130_fd_sc_hd__inv_12)
     4    0.14    0.16    0.17    1.19 ^ _058050_/Y (sky130_fd_sc_hd__inv_12)
                                         _009272_ (net)
                  0.16    0.01    1.20 ^ fanout5339/A (sky130_fd_sc_hd__buf_6)
     5    0.09    0.18    0.24    1.43 ^ fanout5339/X (sky130_fd_sc_hd__buf_6)
                                         net5339 (net)
                  0.18    0.00    1.44 ^ fanout5325/A (sky130_fd_sc_hd__buf_4)
     5    0.06    0.16    0.25    1.69 ^ fanout5325/X (sky130_fd_sc_hd__buf_4)
                                         net5325 (net)
                  0.16    0.00    1.69 ^ fanout5318/A (sky130_fd_sc_hd__buf_4)
     6    0.06    0.18    0.26    1.95 ^ fanout5318/X (sky130_fd_sc_hd__buf_4)
                                         net5318 (net)
                  0.18    0.00    1.95 ^ fanout5317/A (sky130_fd_sc_hd__clkbuf_4)
     6    0.04    0.13    0.26    2.21 ^ fanout5317/X (sky130_fd_sc_hd__clkbuf_4)
                                         net5317 (net)
                  0.13    0.00    2.21 ^ fanout5316/A (sky130_fd_sc_hd__buf_4)
    10    0.06    0.16    0.24    2.46 ^ fanout5316/X (sky130_fd_sc_hd__buf_4)
                                         net5316 (net)
                  0.16    0.00    2.46 ^ _115880_/SET_B (sky130_fd_sc_hd__dfstp_4)
                                  2.46   data arrival time

                  0.15   18.00   18.00   clock ext_clk (rise edge)
                          0.00   18.00   clock network delay (ideal)
                         -0.25   17.75   clock uncertainty
                          0.00   17.75   clock reconvergence pessimism
                                 17.75 ^ _115880_/CLK (sky130_fd_sc_hd__dfstp_4)
                          0.15   17.90   library recovery time
                                 17.90   data required time
-----------------------------------------------------------------------------
                                 17.90   data required time
                                 -2.46   data arrival time
-----------------------------------------------------------------------------
                                 15.45   slack (MET)


Startpoint: soc0.processor.icache_0.rams:1.way.cache_ram_0
            (rising edge-triggered flip-flop clocked by ext_clk)
Endpoint: _117199_ (rising edge-triggered flip-flop clocked by ext_clk)
Path Group: ext_clk
Path Type: max

Fanout     Cap    Slew   Delay    Time   Description
-----------------------------------------------------------------------------
                  0.15    0.00    0.00   clock ext_clk (rise edge)
                          0.00    0.00   clock network delay (ideal)
                  0.15    0.00    0.00 ^ soc0.processor.icache_0.rams:1.way.cache_ram_0/CLK (RAM32_1RW1R)
     1    0.03    0.75   11.44   11.44 v soc0.processor.icache_0.rams:1.way.cache_ram_0/Do1[36] (RAM32_1RW1R)
                                         soc0.processor.icache_0.rams:1.way._2_[36] (net)
                  0.75    0.00   11.45 v wire5415/A (sky130_fd_sc_hd__buf_16)
     2    0.12    0.09    0.44   11.89 v wire5415/X (sky130_fd_sc_hd__buf_16)
                                         net5415 (net)
                  0.11    0.04   11.93 v _058262_/A1 (sky130_fd_sc_hd__mux2i_1)
     1    0.01    0.29    0.23   12.16 ^ _058262_/Y (sky130_fd_sc_hd__mux2i_1)
                                         _009430_ (net)
                  0.29    0.00   12.16 ^ _058263_/A1 (sky130_fd_sc_hd__mux2_8)
     2    0.08    0.14    0.33   12.49 ^ _058263_/X (sky130_fd_sc_hd__mux2_8)
                                         _009431_ (net)
                  0.14    0.01   12.49 ^ fanout4832/A (sky130_fd_sc_hd__buf_16)
    10    0.13    0.14    0.20   12.70 ^ fanout4832/X (sky130_fd_sc_hd__buf_16)
                                         net4832 (net)
                  0.14    0.00   12.70 ^ fanout4831/A (sky130_fd_sc_hd__buf_6)
     8    0.07    0.15    0.22   12.92 ^ fanout4831/X (sky130_fd_sc_hd__buf_6)
                                         net4831 (net)
                  0.15    0.00   12.92 ^ fanout4830/A (sky130_fd_sc_hd__buf_6)
    10    0.08    0.16    0.23   13.14 ^ fanout4830/X (sky130_fd_sc_hd__buf_6)
                                         net4830 (net)
                  0.16    0.00   13.15 ^ _058264_/A (sky130_fd_sc_hd__clkinv_2)
     2    0.03    0.12    0.16   13.30 v _058264_/Y (sky130_fd_sc_hd__clkinv_2)
                                         _009432_ (net)
                  0.12    0.00   13.30 v fanout3900/A (sky130_fd_sc_hd__buf_6)
    10    0.06    0.07    0.20   13.51 v fanout3900/X (sky130_fd_sc_hd__buf_6)
                                         net3900 (net)
                  0.07    0.00   13.51 v fanout3899/A (sky130_fd_sc_hd__buf_4)
     6    0.05    0.07    0.20   13.71 v fanout3899/X (sky130_fd_sc_hd__buf_4)
                                         net3899 (net)
                  0.07    0.00   13.71 v fanout3898/A (sky130_fd_sc_hd__buf_4)
    10    0.05    0.08    0.21   13.92 v fanout3898/X (sky130_fd_sc_hd__buf_4)
                                         net3898 (net)
                  0.08    0.00   13.92 v _104177_/B_N (sky130_fd_sc_hd__nor2b_4)
     2    0.05    0.08    0.20   14.12 v _104177_/Y (sky130_fd_sc_hd__nor2b_4)
                                         _045556_ (net)
                  0.08    0.00   14.12 v fanout2854/A (sky130_fd_sc_hd__clkbuf_16)
    10    0.11    0.09    0.23   14.34 v fanout2854/X (sky130_fd_sc_hd__clkbuf_16)
                                         net2854 (net)
                  0.09    0.00   14.34 v _104178_/B (sky130_fd_sc_hd__and2_4)
     2    0.04    0.08    0.24   14.58 v _104178_/X (sky130_fd_sc_hd__and2_4)
                                         _045557_ (net)
                  0.08    0.00   14.58 v fanout2670/A (sky130_fd_sc_hd__buf_8)
    10    0.10    0.08    0.19   14.77 v fanout2670/X (sky130_fd_sc_hd__buf_8)
                                         net2670 (net)
                  0.08    0.00   14.77 v _105041_/A1 (sky130_fd_sc_hd__o21ai_2)
     2    0.02    0.21    0.24   15.01 ^ _105041_/Y (sky130_fd_sc_hd__o21ai_2)
                                         _046404_ (net)
                  0.21    0.00   15.01 ^ _105042_/B (sky130_fd_sc_hd__nor2_1)
     2    0.01    0.09    0.13   15.14 v _105042_/Y (sky130_fd_sc_hd__nor2_1)
                                         _046405_ (net)
                  0.09    0.00   15.14 v _105043_/B1 (sky130_fd_sc_hd__a211oi_1)
     1    0.01    0.26    0.29   15.43 ^ _105043_/Y (sky130_fd_sc_hd__a211oi_1)
                                         _046406_ (net)
                  0.26    0.00   15.43 ^ _105045_/A1 (sky130_fd_sc_hd__o21ai_2)
     1    0.01    0.09    0.15   15.58 v _105045_/Y (sky130_fd_sc_hd__o21ai_2)
                                         _046408_ (net)
                  0.09    0.00   15.58 v _105054_/A2 (sky130_fd_sc_hd__a221oi_4)
     1    0.02    0.34    0.42   16.00 ^ _105054_/Y (sky130_fd_sc_hd__a221oi_4)
                                         _046417_ (net)
                  0.34    0.00   16.00 ^ _105055_/C1 (sky130_fd_sc_hd__a211oi_4)
     1    0.01    0.09    0.08   16.09 v _105055_/Y (sky130_fd_sc_hd__a211oi_4)
                                         _046418_ (net)
                  0.09    0.00   16.09 v _105056_/D (sky130_fd_sc_hd__or4_2)
     2    0.02    0.15    0.66   16.75 v _105056_/X (sky130_fd_sc_hd__or4_2)
                                         _046419_ (net)
                  0.15    0.00   16.75 v _105057_/A1 (sky130_fd_sc_hd__mux2_1)
     1    0.00    0.06    0.36   17.11 v _105057_/X (sky130_fd_sc_hd__mux2_1)
                                         _046420_ (net)
                  0.06    0.00   17.11 v _105058_/A1 (sky130_fd_sc_hd__mux2i_1)
     1    0.00    0.15    0.16   17.27 ^ _105058_/Y (sky130_fd_sc_hd__mux2i_1)
                                         _046421_ (net)
                  0.15    0.00   17.27 ^ _105059_/B (sky130_fd_sc_hd__nor2_1)
     1    0.00    0.04    0.06   17.33 v _105059_/Y (sky130_fd_sc_hd__nor2_1)
                                         _002584_ (net)
                  0.04    0.00   17.33 v _117199_/D (sky130_fd_sc_hd__dfxtp_4)
                                 17.33   data arrival time

                  0.15   18.00   18.00   clock ext_clk (rise edge)
                          0.00   18.00   clock network delay (ideal)
                         -0.25   17.75   clock uncertainty
                          0.00   17.75   clock reconvergence pessimism
                                 17.75 ^ _117199_/CLK (sky130_fd_sc_hd__dfxtp_4)
                         -0.09   17.66   library setup time
                                 17.66   data required time
-----------------------------------------------------------------------------
                                 17.66   data required time
                                -17.33   data arrival time
-----------------------------------------------------------------------------
                                  0.34   slack (MET)


Startpoint: _121388_ (rising edge-triggered flip-flop clocked by jtag_tck')
Endpoint: jtag_tdo (output port clocked by jtag_tck)
Path Group: jtag_tck
Path Type: max

Fanout     Cap    Slew   Delay    Time   Description
-----------------------------------------------------------------------------
                  0.15   50.00   50.00   clock jtag_tck' (rise edge)
                          0.00   50.00   clock network delay (ideal)
                  0.15    0.00   50.00 ^ _121388_/CLK (sky130_fd_sc_hd__dfxtp_1)
     1    0.00    0.03    0.35   50.35 v _121388_/Q (sky130_fd_sc_hd__dfxtp_1)
                                         soc0.dmi_jtag.dtm.tap_top0.latched_jtag_ir_neg[5] (net)
                  0.03    0.00   50.35 v _068677_/A (sky130_fd_sc_hd__nor3_1)
     2    0.01    0.24    0.25   50.59 ^ _068677_/Y (sky130_fd_sc_hd__nor3_1)
                                         _017970_ (net)
                  0.24    0.00   50.59 ^ _068678_/A2 (sky130_fd_sc_hd__a21oi_1)
     1    0.00    0.06    0.11   50.70 v _068678_/Y (sky130_fd_sc_hd__a21oi_1)
                                         _017971_ (net)
                  0.06    0.00   50.70 v _068679_/B1 (sky130_fd_sc_hd__a21oi_1)
     1    0.00    0.10    0.12   50.82 ^ _068679_/Y (sky130_fd_sc_hd__a21oi_1)
                                         _017972_ (net)
                  0.10    0.00   50.82 ^ _068680_/B1 (sky130_fd_sc_hd__a21oi_1)
     1    0.00    0.05    0.05   50.87 v _068680_/Y (sky130_fd_sc_hd__a21oi_1)
                                         _017973_ (net)
                  0.05    0.00   50.87 v _068682_/A3 (sky130_fd_sc_hd__o32a_1)
     1    0.01    0.10    0.36   51.23 v _068682_/X (sky130_fd_sc_hd__o32a_1)
                                         _017975_ (net)
                  0.10    0.00   51.23 v _068684_/A2 (sky130_fd_sc_hd__o21ai_4)
     1    0.22    1.46    1.12   52.35 ^ _068684_/Y (sky130_fd_sc_hd__o21ai_4)
                                         net116 (net)
                  1.48    0.13   52.49 ^ output116/A (sky130_fd_sc_hd__buf_2)
     1    0.04    0.19    0.42   52.91 ^ output116/X (sky130_fd_sc_hd__buf_2)
                                         jtag_tdo (net)
                  0.19    0.00   52.91 ^ jtag_tdo (out)
                                 52.91   data arrival time

                  0.15  100.00  100.00   clock jtag_tck (rise edge)
                          0.00  100.00   clock network delay (ideal)
                         -0.25   99.75   clock uncertainty
                          0.00   99.75   clock reconvergence pessimism
                        -20.00   79.75   output external delay
                                 79.75   data required time
-----------------------------------------------------------------------------
                                 79.75   data required time
                                -52.91   data arrival time
-----------------------------------------------------------------------------
                                 26.84   slack (MET)



==========================================================================
detailed place report_checks -unconstrained
--------------------------------------------------------------------------
Startpoint: _121456_ (rising edge-triggered flip-flop clocked by ext_clk)
Endpoint: _115880_ (recovery check against rising-edge clock ext_clk)
Path Group: asynchronous
Path Type: max

Fanout     Cap    Slew   Delay    Time   Description
-----------------------------------------------------------------------------
                  0.15    0.00    0.00   clock ext_clk (rise edge)
                          0.00    0.00   clock network delay (ideal)
                  0.15    0.00    0.00 ^ _121456_/CLK (sky130_fd_sc_hd__dfxtp_1)
     1    0.02    0.08    0.39    0.39 v _121456_/Q (sky130_fd_sc_hd__dfxtp_1)
                                         soc0._320_ (net)
                  0.08    0.00    0.39 v fanout5777/A (sky130_fd_sc_hd__buf_16)
     6    0.39    0.17    0.25    0.64 v fanout5777/X (sky130_fd_sc_hd__buf_16)
                                         net5777 (net)
                  0.22    0.07    0.71 v fanout5770/A (sky130_fd_sc_hd__buf_12)
     5    0.20    0.11    0.29    1.00 v fanout5770/X (sky130_fd_sc_hd__buf_12)
                                         net5770 (net)
                  0.12    0.02    1.02 v _058050_/A (sky130_fd_sc_hd__inv_12)
     4    0.14    0.16    0.17    1.19 ^ _058050_/Y (sky130_fd_sc_hd__inv_12)
                                         _009272_ (net)
                  0.16    0.01    1.20 ^ fanout5339/A (sky130_fd_sc_hd__buf_6)
     5    0.09    0.18    0.24    1.43 ^ fanout5339/X (sky130_fd_sc_hd__buf_6)
                                         net5339 (net)
                  0.18    0.00    1.44 ^ fanout5325/A (sky130_fd_sc_hd__buf_4)
     5    0.06    0.16    0.25    1.69 ^ fanout5325/X (sky130_fd_sc_hd__buf_4)
                                         net5325 (net)
                  0.16    0.00    1.69 ^ fanout5318/A (sky130_fd_sc_hd__buf_4)
     6    0.06    0.18    0.26    1.95 ^ fanout5318/X (sky130_fd_sc_hd__buf_4)
                                         net5318 (net)
                  0.18    0.00    1.95 ^ fanout5317/A (sky130_fd_sc_hd__clkbuf_4)
     6    0.04    0.13    0.26    2.21 ^ fanout5317/X (sky130_fd_sc_hd__clkbuf_4)
                                         net5317 (net)
                  0.13    0.00    2.21 ^ fanout5316/A (sky130_fd_sc_hd__buf_4)
    10    0.06    0.16    0.24    2.46 ^ fanout5316/X (sky130_fd_sc_hd__buf_4)
                                         net5316 (net)
                  0.16    0.00    2.46 ^ _115880_/SET_B (sky130_fd_sc_hd__dfstp_4)
                                  2.46   data arrival time

                  0.15   18.00   18.00   clock ext_clk (rise edge)
                          0.00   18.00   clock network delay (ideal)
                         -0.25   17.75   clock uncertainty
                          0.00   17.75   clock reconvergence pessimism
                                 17.75 ^ _115880_/CLK (sky130_fd_sc_hd__dfstp_4)
                          0.15   17.90   library recovery time
                                 17.90   data required time
-----------------------------------------------------------------------------
                                 17.90   data required time
                                 -2.46   data arrival time
-----------------------------------------------------------------------------
                                 15.45   slack (MET)


Startpoint: soc0.processor.icache_0.rams:1.way.cache_ram_0
            (rising edge-triggered flip-flop clocked by ext_clk)
Endpoint: _117199_ (rising edge-triggered flip-flop clocked by ext_clk)
Path Group: ext_clk
Path Type: max

Fanout     Cap    Slew   Delay    Time   Description
-----------------------------------------------------------------------------
                  0.15    0.00    0.00   clock ext_clk (rise edge)
                          0.00    0.00   clock network delay (ideal)
                  0.15    0.00    0.00 ^ soc0.processor.icache_0.rams:1.way.cache_ram_0/CLK (RAM32_1RW1R)
     1    0.03    0.75   11.44   11.44 v soc0.processor.icache_0.rams:1.way.cache_ram_0/Do1[36] (RAM32_1RW1R)
                                         soc0.processor.icache_0.rams:1.way._2_[36] (net)
                  0.75    0.00   11.45 v wire5415/A (sky130_fd_sc_hd__buf_16)
     2    0.12    0.09    0.44   11.89 v wire5415/X (sky130_fd_sc_hd__buf_16)
                                         net5415 (net)
                  0.11    0.04   11.93 v _058262_/A1 (sky130_fd_sc_hd__mux2i_1)
     1    0.01    0.29    0.23   12.16 ^ _058262_/Y (sky130_fd_sc_hd__mux2i_1)
                                         _009430_ (net)
                  0.29    0.00   12.16 ^ _058263_/A1 (sky130_fd_sc_hd__mux2_8)
     2    0.08    0.14    0.33   12.49 ^ _058263_/X (sky130_fd_sc_hd__mux2_8)
                                         _009431_ (net)
                  0.14    0.01   12.49 ^ fanout4832/A (sky130_fd_sc_hd__buf_16)
    10    0.13    0.14    0.20   12.70 ^ fanout4832/X (sky130_fd_sc_hd__buf_16)
                                         net4832 (net)
                  0.14    0.00   12.70 ^ fanout4831/A (sky130_fd_sc_hd__buf_6)
     8    0.07    0.15    0.22   12.92 ^ fanout4831/X (sky130_fd_sc_hd__buf_6)
                                         net4831 (net)
                  0.15    0.00   12.92 ^ fanout4830/A (sky130_fd_sc_hd__buf_6)
    10    0.08    0.16    0.23   13.14 ^ fanout4830/X (sky130_fd_sc_hd__buf_6)
                                         net4830 (net)
                  0.16    0.00   13.15 ^ _058264_/A (sky130_fd_sc_hd__clkinv_2)
     2    0.03    0.12    0.16   13.30 v _058264_/Y (sky130_fd_sc_hd__clkinv_2)
                                         _009432_ (net)
                  0.12    0.00   13.30 v fanout3900/A (sky130_fd_sc_hd__buf_6)
    10    0.06    0.07    0.20   13.51 v fanout3900/X (sky130_fd_sc_hd__buf_6)
                                         net3900 (net)
                  0.07    0.00   13.51 v fanout3899/A (sky130_fd_sc_hd__buf_4)
     6    0.05    0.07    0.20   13.71 v fanout3899/X (sky130_fd_sc_hd__buf_4)
                                         net3899 (net)
                  0.07    0.00   13.71 v fanout3898/A (sky130_fd_sc_hd__buf_4)
    10    0.05    0.08    0.21   13.92 v fanout3898/X (sky130_fd_sc_hd__buf_4)
                                         net3898 (net)
                  0.08    0.00   13.92 v _104177_/B_N (sky130_fd_sc_hd__nor2b_4)
     2    0.05    0.08    0.20   14.12 v _104177_/Y (sky130_fd_sc_hd__nor2b_4)
                                         _045556_ (net)
                  0.08    0.00   14.12 v fanout2854/A (sky130_fd_sc_hd__clkbuf_16)
    10    0.11    0.09    0.23   14.34 v fanout2854/X (sky130_fd_sc_hd__clkbuf_16)
                                         net2854 (net)
                  0.09    0.00   14.34 v _104178_/B (sky130_fd_sc_hd__and2_4)
     2    0.04    0.08    0.24   14.58 v _104178_/X (sky130_fd_sc_hd__and2_4)
                                         _045557_ (net)
                  0.08    0.00   14.58 v fanout2670/A (sky130_fd_sc_hd__buf_8)
    10    0.10    0.08    0.19   14.77 v fanout2670/X (sky130_fd_sc_hd__buf_8)
                                         net2670 (net)
                  0.08    0.00   14.77 v _105041_/A1 (sky130_fd_sc_hd__o21ai_2)
     2    0.02    0.21    0.24   15.01 ^ _105041_/Y (sky130_fd_sc_hd__o21ai_2)
                                         _046404_ (net)
                  0.21    0.00   15.01 ^ _105042_/B (sky130_fd_sc_hd__nor2_1)
     2    0.01    0.09    0.13   15.14 v _105042_/Y (sky130_fd_sc_hd__nor2_1)
                                         _046405_ (net)
                  0.09    0.00   15.14 v _105043_/B1 (sky130_fd_sc_hd__a211oi_1)
     1    0.01    0.26    0.29   15.43 ^ _105043_/Y (sky130_fd_sc_hd__a211oi_1)
                                         _046406_ (net)
                  0.26    0.00   15.43 ^ _105045_/A1 (sky130_fd_sc_hd__o21ai_2)
     1    0.01    0.09    0.15   15.58 v _105045_/Y (sky130_fd_sc_hd__o21ai_2)
                                         _046408_ (net)
                  0.09    0.00   15.58 v _105054_/A2 (sky130_fd_sc_hd__a221oi_4)
     1    0.02    0.34    0.42   16.00 ^ _105054_/Y (sky130_fd_sc_hd__a221oi_4)
                                         _046417_ (net)
                  0.34    0.00   16.00 ^ _105055_/C1 (sky130_fd_sc_hd__a211oi_4)
     1    0.01    0.09    0.08   16.09 v _105055_/Y (sky130_fd_sc_hd__a211oi_4)
                                         _046418_ (net)
                  0.09    0.00   16.09 v _105056_/D (sky130_fd_sc_hd__or4_2)
     2    0.02    0.15    0.66   16.75 v _105056_/X (sky130_fd_sc_hd__or4_2)
                                         _046419_ (net)
                  0.15    0.00   16.75 v _105057_/A1 (sky130_fd_sc_hd__mux2_1)
     1    0.00    0.06    0.36   17.11 v _105057_/X (sky130_fd_sc_hd__mux2_1)
                                         _046420_ (net)
                  0.06    0.00   17.11 v _105058_/A1 (sky130_fd_sc_hd__mux2i_1)
     1    0.00    0.15    0.16   17.27 ^ _105058_/Y (sky130_fd_sc_hd__mux2i_1)
                                         _046421_ (net)
                  0.15    0.00   17.27 ^ _105059_/B (sky130_fd_sc_hd__nor2_1)
     1    0.00    0.04    0.06   17.33 v _105059_/Y (sky130_fd_sc_hd__nor2_1)
                                         _002584_ (net)
                  0.04    0.00   17.33 v _117199_/D (sky130_fd_sc_hd__dfxtp_4)
                                 17.33   data arrival time

                  0.15   18.00   18.00   clock ext_clk (rise edge)
                          0.00   18.00   clock network delay (ideal)
                         -0.25   17.75   clock uncertainty
                          0.00   17.75   clock reconvergence pessimism
                                 17.75 ^ _117199_/CLK (sky130_fd_sc_hd__dfxtp_4)
                         -0.09   17.66   library setup time
                                 17.66   data required time
-----------------------------------------------------------------------------
                                 17.66   data required time
                                -17.33   data arrival time
-----------------------------------------------------------------------------
                                  0.34   slack (MET)


Startpoint: _121388_ (rising edge-triggered flip-flop clocked by jtag_tck')
Endpoint: jtag_tdo (output port clocked by jtag_tck)
Path Group: jtag_tck
Path Type: max

Fanout     Cap    Slew   Delay    Time   Description
-----------------------------------------------------------------------------
                  0.15   50.00   50.00   clock jtag_tck' (rise edge)
                          0.00   50.00   clock network delay (ideal)
                  0.15    0.00   50.00 ^ _121388_/CLK (sky130_fd_sc_hd__dfxtp_1)
     1    0.00    0.03    0.35   50.35 v _121388_/Q (sky130_fd_sc_hd__dfxtp_1)
                                         soc0.dmi_jtag.dtm.tap_top0.latched_jtag_ir_neg[5] (net)
                  0.03    0.00   50.35 v _068677_/A (sky130_fd_sc_hd__nor3_1)
     2    0.01    0.24    0.25   50.59 ^ _068677_/Y (sky130_fd_sc_hd__nor3_1)
                                         _017970_ (net)
                  0.24    0.00   50.59 ^ _068678_/A2 (sky130_fd_sc_hd__a21oi_1)
     1    0.00    0.06    0.11   50.70 v _068678_/Y (sky130_fd_sc_hd__a21oi_1)
                                         _017971_ (net)
                  0.06    0.00   50.70 v _068679_/B1 (sky130_fd_sc_hd__a21oi_1)
     1    0.00    0.10    0.12   50.82 ^ _068679_/Y (sky130_fd_sc_hd__a21oi_1)
                                         _017972_ (net)
                  0.10    0.00   50.82 ^ _068680_/B1 (sky130_fd_sc_hd__a21oi_1)
     1    0.00    0.05    0.05   50.87 v _068680_/Y (sky130_fd_sc_hd__a21oi_1)
                                         _017973_ (net)
                  0.05    0.00   50.87 v _068682_/A3 (sky130_fd_sc_hd__o32a_1)
     1    0.01    0.10    0.36   51.23 v _068682_/X (sky130_fd_sc_hd__o32a_1)
                                         _017975_ (net)
                  0.10    0.00   51.23 v _068684_/A2 (sky130_fd_sc_hd__o21ai_4)
     1    0.22    1.46    1.12   52.35 ^ _068684_/Y (sky130_fd_sc_hd__o21ai_4)
                                         net116 (net)
                  1.48    0.13   52.49 ^ output116/A (sky130_fd_sc_hd__buf_2)
     1    0.04    0.19    0.42   52.91 ^ output116/X (sky130_fd_sc_hd__buf_2)
                                         jtag_tdo (net)
                  0.19    0.00   52.91 ^ jtag_tdo (out)
                                 52.91   data arrival time

                  0.15  100.00  100.00   clock jtag_tck (rise edge)
                          0.00  100.00   clock network delay (ideal)
                         -0.25   99.75   clock uncertainty
                          0.00   99.75   clock reconvergence pessimism
                        -20.00   79.75   output external delay
                                 79.75   data required time
-----------------------------------------------------------------------------
                                 79.75   data required time
                                -52.91   data arrival time
-----------------------------------------------------------------------------
                                 26.84   slack (MET)



==========================================================================
detailed place report_check_types -max_slew -max_cap -max_fanout -violators
--------------------------------------------------------------------------
max fanout

Pin                                   Limit Fanout  Slack
---------------------------------------------------------
_119285_/Q                               10     64    -54 (VIOLATED)


==========================================================================
detailed place max_slew_check_slack
--------------------------------------------------------------------------
0.019535928964614868

==========================================================================
detailed place max_slew_check_limit
--------------------------------------------------------------------------
1.5

==========================================================================
detailed place max_slew_check_slack_limit
--------------------------------------------------------------------------
0.0130

==========================================================================
detailed place max_fanout_check_slack
--------------------------------------------------------------------------
-54.0

==========================================================================
detailed place max_fanout_check_limit
--------------------------------------------------------------------------
10.0

==========================================================================
detailed place max_fanout_check_slack_limit
--------------------------------------------------------------------------
-5.4000

==========================================================================
detailed place max_capacitance_check_slack
--------------------------------------------------------------------------
0.0007456871680915356

==========================================================================
detailed place max_capacitance_check_limit
--------------------------------------------------------------------------
0.13001500070095062

==========================================================================
detailed place max_capacitance_check_slack_limit
--------------------------------------------------------------------------
0.0057

==========================================================================
detailed place max_slew_violation_count
--------------------------------------------------------------------------
max slew violation count 0

==========================================================================
detailed place max_fanout_violation_count
--------------------------------------------------------------------------
max fanout violation count 1

==========================================================================
detailed place max_cap_violation_count
--------------------------------------------------------------------------
max cap violation count 0

==========================================================================
detailed place setup_violation_count
--------------------------------------------------------------------------
setup violation count 0

==========================================================================
detailed place hold_violation_count
--------------------------------------------------------------------------
hold violation count 853

==========================================================================
detailed place critical path delay
--------------------------------------------------------------------------
17.3268

==========================================================================
detailed place critical path slack
--------------------------------------------------------------------------
0.3355

==========================================================================
detailed place slack div critical path delay
--------------------------------------------------------------------------
1.936307

==========================================================================
detailed place report_power
--------------------------------------------------------------------------
Group                  Internal  Switching    Leakage      Total
                          Power      Power      Power      Power (Watts)
----------------------------------------------------------------
Sequential             2.46e-02   6.73e-03   8.62e-08   3.14e-02  43.8%
Combinational          1.28e-02   2.72e-02   2.08e-07   3.99e-02  55.7%
Macro                  0.00e+00   3.48e-04   0.00e+00   3.48e-04   0.5%
Pad                    0.00e+00   0.00e+00   0.00e+00   0.00e+00   0.0%
----------------------------------------------------------------
Total                  3.74e-02   3.42e-02   2.94e-07   7.16e-02 100.0%
                          52.2%      47.8%       0.0%

==========================================================================
detailed place report_design_area
--------------------------------------------------------------------------
Design area 4774684 u^2 47% utilization.

Elapsed time: 0:19.98[h:]min:sec. CPU time: user 19.81 sys 0.16 (99%). Peak memory: 785996KB.
