OpenROAD v2.0-11432-gead3236e5 
This program is licensed under the BSD-3 license. See the LICENSE file for details.
Components of this program may be licensed under more restrictive licenses which must be honored.
[WARNING STA-0337] port 'icache_id_i[0]' not found.
[INFO PDN-0001] Inserting grid: grid
[INFO PDN-0001] Inserting grid: CORE_macro_grid_1 - bp_fe_pc_gen_1/genblk1_branch_prediction_1/btb_1/btb_mem/macro_mem/mem
[INFO PDN-0001] Inserting grid: CORE_macro_grid_1 - icache_1/data_mem_banks_0__data_mem_bank/macro_mem/mem
[INFO PDN-0001] Inserting grid: CORE_macro_grid_1 - icache_1/data_mem_banks_1__data_mem_bank/macro_mem/mem
[INFO PDN-0001] Inserting grid: CORE_macro_grid_1 - icache_1/data_mem_banks_2__data_mem_bank/macro_mem/mem
[INFO PDN-0001] Inserting grid: CORE_macro_grid_1 - icache_1/data_mem_banks_3__data_mem_bank/macro_mem/mem
[INFO PDN-0001] Inserting grid: CORE_macro_grid_1 - icache_1/data_mem_banks_4__data_mem_bank/macro_mem/mem
[INFO PDN-0001] Inserting grid: CORE_macro_grid_1 - icache_1/data_mem_banks_5__data_mem_bank/macro_mem/mem
[INFO PDN-0001] Inserting grid: CORE_macro_grid_1 - icache_1/data_mem_banks_6__data_mem_bank/macro_mem/mem
[INFO PDN-0001] Inserting grid: CORE_macro_grid_1 - icache_1/data_mem_banks_7__data_mem_bank/macro_mem/mem
[INFO PDN-0001] Inserting grid: CORE_macro_grid_1 - icache_1/metadata_mem.macro_mem.mem
[INFO PDN-0001] Inserting grid: CORE_macro_grid_1 - icache_1/tag_mem.macro_mem.mem
[WARNING PDN-0110] No via inserted between metal4 and metal7 at (786.0950, 16.7150) - (786.5750, 17.5700) on VDD
[WARNING PDN-0110] No via inserted between metal4 and metal5 at (24.6200, 164.1300) - (24.9000, 164.1950) on VDD
[WARNING PDN-0110] No via inserted between metal4 and metal5 at (29.1000, 164.1300) - (29.3800, 164.1950) on VDD
[WARNING PDN-0110] No via inserted between metal4 and metal5 at (33.5800, 164.1300) - (33.8600, 164.1950) on VDD
[WARNING PDN-0110] No via inserted between metal4 and metal5 at (38.0600, 164.1300) - (38.3400, 164.1950) on VDD
[WARNING PDN-0110] No via inserted between metal4 and metal5 at (42.5400, 164.1300) - (42.8200, 164.1950) on VDD
[WARNING PDN-0110] No via inserted between metal4 and metal5 at (47.0200, 164.1300) - (47.3000, 164.1950) on VDD
[WARNING PDN-0110] No via inserted between metal4 and metal5 at (51.5000, 164.1300) - (51.7800, 164.1950) on VDD
[WARNING PDN-0110] No via inserted between metal4 and metal5 at (55.9800, 164.1300) - (56.2600, 164.1950) on VDD
[WARNING PDN-0110] No via inserted between metal4 and metal5 at (60.4600, 164.1300) - (60.7400, 164.1950) on VDD
[WARNING PDN-0110] No via inserted between metal4 and metal5 at (64.9400, 164.1300) - (65.2200, 164.1950) on VDD
[WARNING PDN-0110] No via inserted between metal4 and metal5 at (69.4200, 164.1300) - (69.7000, 164.1950) on VDD
Elapsed time: 0:00.62[h:]min:sec. CPU time: user 0.56 sys 0.06 (99%). Peak memory: 168364KB.
