OpenROAD v2.0-11432-gead3236e5 
This program is licensed under the BSD-3 license. See the LICENSE file for details.
Components of this program may be licensed under more restrictive licenses which must be honored.
Warning: There is 1 input port missing set_input_delay.
Warning: There are 1065 unconstrained endpoints.

==========================================================================
resizer pre report_design_area
--------------------------------------------------------------------------
Design area 208608 u^2 46% utilization.

==========================================================================
instance_count
--------------------------------------------------------------------------
29993

==========================================================================
pin_count
--------------------------------------------------------------------------
104504

Perform port buffering...
[INFO RSZ-0027] Inserted 1194 input buffers.
[INFO RSZ-0028] Inserted 735 output buffers.
Perform buffer insertion...
[INFO RSZ-0058] Using max wire length 661um.
[INFO RSZ-0034] Found 12849 slew violations.
[INFO RSZ-0036] Found 83 capacitance violations.
[INFO RSZ-0037] Found 102 long wires.
[INFO RSZ-0038] Inserted 798 buffers in 12905 nets.
[INFO RSZ-0039] Resized 5859 instances.
Repair tie lo fanout...
[INFO RSZ-0042] Inserted 540 tie LOGIC0_X1 instances.
Repair tie hi fanout...
[INFO RSZ-0042] Inserted 525 tie LOGIC1_X1 instances.

==========================================================================
report_floating_nets
--------------------------------------------------------------------------
Warning: There is 1 input port missing set_input_delay.
Warning: There are 1065 unconstrained endpoints.

==========================================================================
resizer report_design_area
--------------------------------------------------------------------------
Design area 223429 u^2 50% utilization.

==========================================================================
instance_count
--------------------------------------------------------------------------
33770

==========================================================================
pin_count
--------------------------------------------------------------------------
111008

Elapsed time: 0:09.79[h:]min:sec. CPU time: user 9.73 sys 0.06 (99%). Peak memory: 282344KB.
