OpenROAD v2.0-11432-gead3236e5 
This program is licensed under the BSD-3 license. See the LICENSE file for details.
Components of this program may be licensed under more restrictive licenses which must be honored.
Placement Analysis
---------------------------------
total displacement      30130.5 u
average displacement        0.9 u
max displacement           56.1 u
original HPWL         1244941.3 u
legalized HPWL        1264600.6 u
delta HPWL                    2 %

Detailed placement improvement.
Importing netlist into detailed improver.
[INFO DPO-0100] Creating network with 33770 cells, 2511 terminals, 36912 edges and 113519 pins.
[INFO DPO-0109] Network stats: inst 36281, edges 36912, pins 113519
[INFO DPO-0110] Number of regions is 1
[INFO DPO-0401] Setting random seed to 1.
[INFO DPO-0402] Setting maximum displacement 5 1 to 14000 2800 units.
[INFO DPO-0320] Collected 6606 fixed cells (excluded terminal_NI).
[INFO DPO-0318] Collected 30538 single height cells.
[INFO DPO-0321] Collected 0 wide cells.
[INFO DPO-0322] Image (20140, 22400) - (1579660, 1178800)
[INFO DPO-0310] Assigned 30538 cells into segments.  Movement in X-direction is 0.000000, movement in Y-direction is 0.000000.
[INFO DPO-0313] Found 0 cells in wrong regions.
[INFO DPO-0315] Found 0 row alignment problems.
[INFO DPO-0314] Found 0 site alignment problems.
[INFO DPO-0311] Found 0 overlaps between adjacent cells.
[INFO DPO-0312] Found 0 edge spacing violations and 0 padding violations.
[INFO DPO-0303] Running algorithm for independent set matching.
[INFO DPO-0300] Set matching objective is wirelength.
[INFO DPO-0301] Pass   1 of matching; objective is 2.755200e+09.
[INFO DPO-0302] End of matching; objective is 2.752817e+09, improvement is 0.09 percent.
[INFO DPO-0303] Running algorithm for global swaps.
[INFO DPO-0306] Pass   1 of global swaps; hpwl is 2.733265e+09.
[INFO DPO-0307] End of global swaps; objective is 2.733265e+09, improvement is 0.71 percent.
[INFO DPO-0303] Running algorithm for vertical swaps.
[INFO DPO-0308] Pass   1 of vertical swaps; hpwl is 2.728909e+09.
[INFO DPO-0309] End of vertical swaps; objective is 2.728909e+09, improvement is 0.16 percent.
[INFO DPO-0303] Running algorithm for reordering.
[INFO DPO-0304] Pass   1 of reordering; objective is 2.726624e+09.
[INFO DPO-0305] End of reordering; objective is 2.726624e+09, improvement is 0.08 percent.
[INFO DPO-0303] Running algorithm for random improvement.
[INFO DPO-0324] Random improver is using displacement generator.
[INFO DPO-0325] Random improver is using hpwl objective.
[INFO DPO-0326] Random improver cost string is (a).
[INFO DPO-0332] End of pass, Generator displacement called 610760 times.
[INFO DPO-0335] Generator displacement, Cumulative attempts 610760, swaps 58792, moves 240369 since last reset.
[INFO DPO-0333] End of pass, Objective hpwl, Initial cost 2.717537e+09, Scratch cost 2.703624e+09, Incremental cost 2.703624e+09, Mismatch? N
[INFO DPO-0338] End of pass, Total cost is 2.703624e+09.
[INFO DPO-0327] Pass   1 of random improver; improvement in cost is 0.51 percent.
[INFO DPO-0328] End of random improver; improvement is 0.511977 percent.
[INFO DPO-0380] Cell flipping.
[INFO DPO-0382] Changed 14844 cell orientations for row compatibility.
[INFO DPO-0383] Performed 12054 cell flips.
[INFO DPO-0384] End of flipping; objective is 2.696756e+09, improvement is 0.59 percent.
[INFO DPO-0313] Found 0 cells in wrong regions.
[INFO DPO-0315] Found 0 row alignment problems.
[INFO DPO-0314] Found 0 site alignment problems.
[INFO DPO-0311] Found 0 overlaps between adjacent cells.
[INFO DPO-0312] Found 0 edge spacing violations and 0 padding violations.
Detailed Improvement Results
------------------------------------------
Original HPWL          1264600.6 u
Final HPWL             1236926.6 u
Delta HPWL                  -2.2 %

[INFO DPL-0020] Mirrored 1090 instances
[INFO DPL-0021] HPWL before          1236926.6 u
[INFO DPL-0022] HPWL after           1236704.5 u
[INFO DPL-0023] HPWL delta               -0.0 %
[INFO FLW-0012] Placement violations .
Warning: There is 1 input port missing set_input_delay.
Warning: There are 1065 unconstrained endpoints.

==========================================================================
detailed place report_design_area
--------------------------------------------------------------------------
Design area 223429 u^2 50% utilization.
Elapsed time: 0:08.83[h:]min:sec. CPU time: user 8.74 sys 0.09 (99%). Peak memory: 336328KB.
