OpenROAD v2.0-11432-gead3236e5 
This program is licensed under the BSD-3 license. See the LICENSE file for details.
Components of this program may be licensed under more restrictive licenses which must be honored.
global_route -guide_file ./results/nangate45/bp_fe/base/route.guide -congestion_report_file ./reports/nangate45/bp_fe/base/congestion.rpt -congestion_iterations 30 -congestion_report_iter_step 5 -verbose
[INFO GRT-0020] Min routing layer: metal2
[INFO GRT-0021] Max routing layer: metal10
[INFO GRT-0022] Global adjustment: 0%
[INFO GRT-0023] Grid origin: (0, 0)
[INFO GRT-0043] No OR_DEFAULT vias defined.
[INFO GRT-0088] Layer metal1  Track-Pitch = 0.1400  line-2-Via Pitch: 0.1350
[INFO GRT-0088] Layer metal2  Track-Pitch = 0.1900  line-2-Via Pitch: 0.1400
[INFO GRT-0088] Layer metal3  Track-Pitch = 0.1400  line-2-Via Pitch: 0.1400
[INFO GRT-0088] Layer metal4  Track-Pitch = 0.2800  line-2-Via Pitch: 0.2800
[INFO GRT-0088] Layer metal5  Track-Pitch = 0.2800  line-2-Via Pitch: 0.2800
[INFO GRT-0088] Layer metal6  Track-Pitch = 0.2800  line-2-Via Pitch: 0.2800
[INFO GRT-0088] Layer metal7  Track-Pitch = 0.8000  line-2-Via Pitch: 0.8000
[INFO GRT-0088] Layer metal8  Track-Pitch = 0.8000  line-2-Via Pitch: 0.8000
[INFO GRT-0088] Layer metal9  Track-Pitch = 1.6000  line-2-Via Pitch: 1.6000
[INFO GRT-0088] Layer metal10 Track-Pitch = 1.6000  line-2-Via Pitch: 1.6000
[INFO GRT-0019] Found 795 clock nets.
[INFO GRT-0001] Minimum degree: 2
[INFO GRT-0002] Maximum degree: 122
[INFO GRT-0003] Macros: 11
[INFO GRT-0004] Blockages: 2848

[INFO GRT-0053] Routing resources analysis:
          Routing      Original      Derated      Resource
Layer     Direction    Resources     Resources    Reduction (%)
---------------------------------------------------------------
metal1     Horizontal          0             0          0.00%
metal2     Vertical      1193105        349402          70.71%
metal3     Horizontal    1629725        487083          70.11%
metal4     Vertical       759430        336149          55.74%
metal5     Horizontal     760665        490281          35.55%
metal6     Vertical       759430        490788          35.37%
metal7     Horizontal     217550         96407          55.69%
metal8     Vertical       217265        108488          50.07%
metal9     Horizontal     108775        107636          1.05%
metal10    Vertical       108490        107636          0.79%
---------------------------------------------------------------

[INFO GRT-0101] Running extra iterations to remove overflow.
[INFO GRT-0197] Via related to pin nodes: 166740
[INFO GRT-0198] Via related Steiner nodes: 9639
[INFO GRT-0199] Via filling finished.
[INFO GRT-0111] Final number of vias: 209984
[INFO GRT-0112] Final usage 3D: 1290833

[INFO GRT-0096] Final congestion report:
Layer         Resource        Demand        Usage (%)    Max H / Max V / Total Overflow
---------------------------------------------------------------------------------------
metal1               0             0            0.00%             0 /  0 /  0
metal2          349402        117924           33.75%             0 /  0 /  0
metal3          487083        181075           37.18%             0 /  0 /  0
metal4          336149         83905           24.96%             0 /  0 /  0
metal5          490281        128855           26.28%             0 /  0 /  0
metal6          490788        125125           25.49%             0 /  0 /  0
metal7           96407          9094            9.43%             0 /  0 /  0
metal8          108488          6262            5.77%             0 /  0 /  0
metal9          107636          5191            4.82%             0 /  0 /  0
metal10         107636          3450            3.21%             0 /  0 /  0
---------------------------------------------------------------------------------------
Total          2573870        660881           25.68%             0 /  0 /  0

[INFO GRT-0018] Total wirelength: 1668597 um
[INFO GRT-0014] Routed nets: 33377
Warning: There is 1 input port missing set_input_delay.
Warning: There are 1065 unconstrained endpoints.

==========================================================================
global route pre repair design report_design_area
--------------------------------------------------------------------------
Design area 224485 u^2 50% utilization.
Perform buffer insertion...
[INFO RSZ-0058] Using max wire length 661um.
[INFO RSZ-0036] Found 5 capacitance violations.
[INFO RSZ-0037] Found 27 long wires.
[INFO RSZ-0038] Inserted 29 buffers in 32 nets.
[INFO RSZ-0039] Resized 442 instances.
Warning: There is 1 input port missing set_input_delay.
Warning: There are 1065 unconstrained endpoints.

==========================================================================
global route post repair design report_design_area
--------------------------------------------------------------------------
Design area 224789 u^2 50% utilization.
Placement Analysis
---------------------------------
total displacement        581.8 u
average displacement        0.0 u
max displacement            5.3 u
original HPWL         1275627.4 u
legalized HPWL        1275913.0 u
delta HPWL                    0 %

Repair setup and hold violations...
[INFO RSZ-0033] No hold violations found.
Warning: There is 1 input port missing set_input_delay.
Warning: There are 1065 unconstrained endpoints.

==========================================================================
global route post repair timing report_design_area
--------------------------------------------------------------------------
Design area 224789 u^2 50% utilization.
Placement Analysis
---------------------------------
total displacement          0.0 u
average displacement        0.0 u
max displacement            0.0 u
original HPWL         1275913.0 u
legalized HPWL        1275913.0 u
delta HPWL                    0 %


==========================================================================
check_antennas
--------------------------------------------------------------------------
[WARNING GRT-0246] No diode with LEF class CORE ANTENNACELL found.
[WARNING ANT-0011] -report_violating_nets is deprecated.
[INFO ANT-0002] Found 0 net violations.
[INFO ANT-0001] Found 0 pin violations.
Warning: There is 1 input port missing set_input_delay.
Warning: There are 1065 unconstrained endpoints.

==========================================================================
global route report_design_area
--------------------------------------------------------------------------
Design area 224789 u^2 50% utilization.
[INFO FLW-0007] clock CLK period 5.400000
[INFO FLW-0008] Clock CLK period 3.131
[INFO FLW-0009] Clock CLK slack 2.104
[INFO FLW-0011] Path endpoint count 10287
Elapsed time: 0:31.62[h:]min:sec. CPU time: user 30.37 sys 1.25 (99%). Peak memory: 806944KB.
