OpenROAD v2.0-11432-gead3236e5 
This program is licensed under the BSD-3 license. See the LICENSE file for details.
Components of this program may be licensed under more restrictive licenses which must be honored.
[INFO] Deleted 0 routing obstructions
[INFO RCX-0431] Defined process_corner X with ext_model_index 0
[INFO RCX-0029] Defined extraction corner X
[INFO RCX-0008] extracting parasitics of bp_fe_top ...
[INFO RCX-0435] Reading extraction model file /home/jborg/Data/Research/DLPnR/OpenROAD-flow-scripts/flow/platforms/nangate45/rcx_patterns.rules ...
[INFO RCX-0436] RC segment generation bp_fe_top (max_merge_res 50.0) ...
[INFO RCX-0040] Final 154413 rc segments
[INFO RCX-0439] Coupling Cap extraction bp_fe_top ...
[INFO RCX-0440] Coupling threshhold is 0.1000 fF, coupling capacitance less than 0.1000 fF will be grounded.
[INFO RCX-0043] 260804 wires to be extracted
[INFO RCX-0442] 18% completion -- 47126 wires have been extracted
[INFO RCX-0442] 36% completion -- 95900 wires have been extracted
[INFO RCX-0442] 42% completion -- 110567 wires have been extracted
[INFO RCX-0442] 50% completion -- 130883 wires have been extracted
[INFO RCX-0442] 55% completion -- 144383 wires have been extracted
[INFO RCX-0442] 65% completion -- 171654 wires have been extracted
[INFO RCX-0442] 75% completion -- 197852 wires have been extracted
[INFO RCX-0442] 84% completion -- 220594 wires have been extracted
[INFO RCX-0442] 100% completion -- 260804 wires have been extracted
[INFO RCX-0045] Extract 37735 nets, 187819 rsegs, 187819 caps, 379191 ccs
[INFO RCX-0015] Finished extracting bp_fe_top.
[INFO RCX-0016] Writing SPEF ...
[INFO RCX-0443] 37735 nets finished
[INFO RCX-0017] Finished writing SPEF ...
[INFO PSM-0022] Using 1.100V for VDD
[WARNING PSM-0016] Voltage pad location (VSRC) file not specified, defaulting pad location to checkerboard pattern on core area.
[WARNING PSM-0017] X direction bump pitch is not specified, defaulting to 140um.
[WARNING PSM-0018] Y direction bump pitch is not specified, defaulting to 140um.
[WARNING PSM-0065] VSRC location not specified, using default checkerboard pattern with one VDD every size bumps in x-direction and one in two bumps in the y-direction
[INFO PSM-0076] Setting metal node density to be standard cell height times 5.
[WARNING PSM-0030] VSRC location at (119.950um, 90.300um) and size 10.000um, is not located on an existing power stripe node. Moving to closest node at (96.070um, 88.200um).
[WARNING PSM-0030] VSRC location at (399.950um, 230.300um) and size 10.000um, is not located on an existing power stripe node. Moving to closest node at (376.070um, 238.200um).
[WARNING PSM-0030] VSRC location at (679.950um, 370.300um) and size 10.000um, is not located on an existing power stripe node. Moving to closest node at (684.780um, 388.200um).
[WARNING PSM-0030] VSRC location at (119.950um, 510.300um) and size 10.000um, is not located on an existing power stripe node. Moving to closest node at (96.070um, 508.200um).
[INFO PSM-0031] Number of PDN nodes on net VDD = 34559.
[INFO PSM-0064] Number of voltage sources = 4.
[INFO PSM-0040] All PDN stripes on net VDD are connected.
########## IR report #################
Corner: default
Worstcase voltage: 1.00e+00 V
Average IR drop  : 4.69e-02 V
Worstcase IR drop: 9.71e-02 V
######################################
[INFO PSM-0022] Using 0.000V for VSS
[WARNING PSM-0016] Voltage pad location (VSRC) file not specified, defaulting pad location to checkerboard pattern on core area.
[WARNING PSM-0017] X direction bump pitch is not specified, defaulting to 140um.
[WARNING PSM-0018] Y direction bump pitch is not specified, defaulting to 140um.
[WARNING PSM-0065] VSRC location not specified, using default checkerboard pattern with one VDD every size bumps in x-direction and one in two bumps in the y-direction
[INFO PSM-0076] Setting metal node density to be standard cell height times 5.
[WARNING PSM-0030] VSRC location at (119.950um, 90.300um) and size 10.000um, is not located on an existing power stripe node. Moving to closest node at (124.070um, 103.200um).
[WARNING PSM-0030] VSRC location at (399.950um, 230.300um) and size 10.000um, is not located on an existing power stripe node. Moving to closest node at (404.070um, 223.200um).
[WARNING PSM-0030] VSRC location at (119.950um, 510.300um) and size 10.000um, is not located on an existing power stripe node. Moving to closest node at (124.070um, 523.200um).
[INFO PSM-0031] Number of PDN nodes on net VSS = 34005.
[INFO PSM-0064] Number of voltage sources = 4.
[INFO PSM-0040] All PDN stripes on net VSS are connected.
########## IR report #################
Corner: default
Worstcase voltage: 7.06e-02 V
Average IR drop  : 5.03e-02 V
Worstcase IR drop: 7.06e-02 V
######################################
Warning: There is 1 input port missing set_input_delay.
Warning: There are 1065 unconstrained endpoints.

==========================================================================
finish report_design_area
--------------------------------------------------------------------------
Design area 224789 u^2 50% utilization.
Elapsed time: 0:27.64[h:]min:sec. CPU time: user 27.43 sys 0.30 (100%). Peak memory: 744672KB.
