OpenROAD v2.0-11432-gead3236e5 
This program is licensed under the BSD-3 license. See the LICENSE file for details.
Components of this program may be licensed under more restrictive licenses which must be honored.
[INFO GPL-0002] DBU: 1000
[INFO GPL-0003] SiteSize: 460 2720
[INFO GPL-0004] CoreAreaLxLy: 1380 2720
[INFO GPL-0005] CoreAreaUxUy: 545560 544000
[INFO GPL-0006] NumInstances: 18133
[INFO GPL-0007] NumPlaceInstances: 14214
[INFO GPL-0008] NumFixedInstances: 3919
[INFO GPL-0009] NumDummyInstances: 0
[INFO GPL-0010] NumNets: 14372
[INFO GPL-0011] NumPins: 55365
[INFO GPL-0012] DieAreaLxLy: 0 0
[INFO GPL-0013] DieAreaUxUy: 546905 546905
[INFO GPL-0014] CoreAreaLxLy: 1380 2720
[INFO GPL-0015] CoreAreaUxUy: 545560 544000
[INFO GPL-0016] CoreArea: 294553750400
[INFO GPL-0017] NonPlaceInstsArea: 4903452800
[INFO GPL-0018] PlaceInstsArea: 163050128000
[INFO GPL-0019] Util(%): 56.29
[INFO GPL-0020] StdInstsArea: 163050128000
[INFO GPL-0021] MacroInstsArea: 0
[INFO GPL-0031] FillerInit: NumGCells: 25864
[INFO GPL-0032] FillerInit: NumGNets: 14372
[INFO GPL-0033] FillerInit: NumGPins: 55365
[INFO GPL-0023] TargetDensity: 1.00
[INFO GPL-0024] AveragePlaceInstArea: 11471093
[INFO GPL-0025] IdealBinArea: 11471093
[INFO GPL-0026] IdealBinCnt: 25677
[INFO GPL-0027] TotalBinArea: 294553750400
[INFO GPL-0028] BinCnt: 128 128
[INFO GPL-0029] BinSize: 4252 4229
[INFO GPL-0030] NumBins: 16384
[INFO GPL-0002] DBU: 1000
[INFO GPL-0003] SiteSize: 460 2720
[INFO GPL-0004] CoreAreaLxLy: 1380 2720
[INFO GPL-0005] CoreAreaUxUy: 545560 544000
[INFO GPL-0006] NumInstances: 18133
[INFO GPL-0007] NumPlaceInstances: 14214
[INFO GPL-0008] NumFixedInstances: 3919
[INFO GPL-0009] NumDummyInstances: 0
[INFO GPL-0010] NumNets: 14372
[INFO GPL-0011] NumPins: 55101
[INFO GPL-0012] DieAreaLxLy: 0 0
[INFO GPL-0013] DieAreaUxUy: 546905 546905
[INFO GPL-0014] CoreAreaLxLy: 1380 2720
[INFO GPL-0015] CoreAreaUxUy: 545560 544000
[INFO GPL-0016] CoreArea: 294553750400
[INFO GPL-0017] NonPlaceInstsArea: 4903452800
[INFO GPL-0018] PlaceInstsArea: 163050128000
[INFO GPL-0019] Util(%): 56.29
[INFO GPL-0020] StdInstsArea: 163050128000
[INFO GPL-0021] MacroInstsArea: 0
[INFO GPL-0031] FillerInit: NumGCells: 19811
[INFO GPL-0032] FillerInit: NumGNets: 14372
[INFO GPL-0033] FillerInit: NumGPins: 55101
[INFO GPL-0023] TargetDensity: 0.77
[INFO GPL-0024] AveragePlaceInstArea: 11471093
[INFO GPL-0025] IdealBinArea: 14841231
[INFO GPL-0026] IdealBinCnt: 19846
[INFO GPL-0027] TotalBinArea: 294553750400
[INFO GPL-0028] BinCnt: 128 128
[INFO GPL-0029] BinSize: 4252 4229
[INFO GPL-0030] NumBins: 16384
[NesterovSolve] Iter: 1 overflow: 0.999076 HPWL: 34079063
[NesterovSolve] Iter: 10 overflow: 0.998863 HPWL: 24556153
[NesterovSolve] Iter: 20 overflow: 0.998768 HPWL: 24312936
[NesterovSolve] Iter: 30 overflow: 0.998753 HPWL: 24254559
[NesterovSolve] Iter: 40 overflow: 0.998757 HPWL: 24237317
[NesterovSolve] Iter: 50 overflow: 0.998752 HPWL: 24222903
[NesterovSolve] Iter: 60 overflow: 0.998741 HPWL: 24216939
[NesterovSolve] Iter: 70 overflow: 0.998686 HPWL: 24225128
[NesterovSolve] Iter: 80 overflow: 0.998567 HPWL: 24253715
[NesterovSolve] Iter: 90 overflow: 0.998455 HPWL: 24330142
[NesterovSolve] Iter: 100 overflow: 0.998078 HPWL: 24557625
[NesterovSolve] Iter: 110 overflow: 0.997715 HPWL: 25268163
[NesterovSolve] Iter: 120 overflow: 0.997053 HPWL: 27204314
[NesterovSolve] Iter: 130 overflow: 0.995564 HPWL: 30832890
[NesterovSolve] Iter: 140 overflow: 0.99333 HPWL: 35997321
[NesterovSolve] Iter: 150 overflow: 0.990289 HPWL: 42125012
[NesterovSolve] Iter: 160 overflow: 0.986545 HPWL: 49129707
[NesterovSolve] Iter: 170 overflow: 0.981203 HPWL: 57380815
[NesterovSolve] Iter: 180 overflow: 0.974332 HPWL: 67644551
[NesterovSolve] Iter: 190 overflow: 0.964636 HPWL: 80837607
[NesterovSolve] Iter: 200 overflow: 0.94977 HPWL: 97069315
[NesterovSolve] Iter: 210 overflow: 0.931953 HPWL: 115633280
[NesterovSolve] Iter: 220 overflow: 0.908348 HPWL: 135438862
[NesterovSolve] Iter: 230 overflow: 0.882285 HPWL: 156291102
[NesterovSolve] Iter: 240 overflow: 0.852286 HPWL: 177415072
[NesterovSolve] Iter: 250 overflow: 0.817677 HPWL: 198409573
[NesterovSolve] Iter: 260 overflow: 0.781843 HPWL: 217867250
[NesterovSolve] Iter: 270 overflow: 0.742981 HPWL: 238024083
[NesterovSolve] Iter: 280 overflow: 0.699224 HPWL: 257168574
[NesterovSolve] Iter: 290 overflow: 0.654521 HPWL: 274116734
[NesterovSolve] Iter: 300 overflow: 0.608953 HPWL: 287673319
[NesterovSolve] Iter: 310 overflow: 0.561423 HPWL: 299273518
[NesterovSolve] Iter: 320 overflow: 0.515335 HPWL: 308346491
[NesterovSolve] Iter: 330 overflow: 0.469404 HPWL: 314109151
[NesterovSolve] Iter: 340 overflow: 0.42771 HPWL: 317809421
[NesterovSolve] Iter: 350 overflow: 0.384936 HPWL: 322192604
[NesterovSolve] Iter: 360 overflow: 0.341279 HPWL: 325673234
[NesterovSolve] Iter: 370 overflow: 0.309556 HPWL: 326266339
[NesterovSolve] Iter: 380 overflow: 0.278646 HPWL: 327705787
[NesterovSolve] Iter: 390 overflow: 0.246981 HPWL: 328435684
[NesterovSolve] Iter: 400 overflow: 0.219108 HPWL: 329393645
[NesterovSolve] Iter: 410 overflow: 0.191648 HPWL: 330052958
[NesterovSolve] Iter: 420 overflow: 0.166531 HPWL: 330736938
[NesterovSolve] Iter: 430 overflow: 0.143984 HPWL: 331375707
[NesterovSolve] Iter: 440 overflow: 0.124821 HPWL: 332020851
[NesterovSolve] Iter: 450 overflow: 0.107405 HPWL: 332774172
[NesterovSolve] Finished with Overflow: 0.099102
Elapsed time: 0:02.75[h:]min:sec. CPU time: user 2.71 sys 0.03 (99%). Peak memory: 150664KB.
