OpenROAD v2.0-11432-gead3236e5 
This program is licensed under the BSD-3 license. See the LICENSE file for details.
Components of this program may be licensed under more restrictive licenses which must be honored.
[INFO GPL-0002] DBU: 2000
[INFO GPL-0003] SiteSize: 380 2800
[INFO GPL-0004] CoreAreaLxLy: 20140 25200
[INFO GPL-0005] CoreAreaUxUy: 2895980 2895200
[INFO GPL-0006] NumInstances: 170661
[INFO GPL-0007] NumPlaceInstances: 140953
[INFO GPL-0008] NumFixedInstances: 15139
[INFO GPL-0009] NumDummyInstances: 14569
[INFO GPL-0010] NumNets: 172106
[INFO GPL-0011] NumPins: 577282
[INFO GPL-0012] DieAreaLxLy: 0 0
[INFO GPL-0013] DieAreaUxUy: 3000000 3000000
[INFO GPL-0014] CoreAreaLxLy: 20140 25200
[INFO GPL-0015] CoreAreaUxUy: 2895980 2895200
[INFO GPL-0016] CoreArea: 8253660800000
[INFO GPL-0017] NonPlaceInstsArea: 3140070416000
[INFO GPL-0018] PlaceInstsArea: 1147676152000
[INFO GPL-0019] Util(%): 22.44
[INFO GPL-0020] StdInstsArea: 1147676152000
[INFO GPL-0021] MacroInstsArea: 0
[INFO GPL-0031] FillerInit: NumGCells: 190844
[INFO GPL-0032] FillerInit: NumGNets: 172106
[INFO GPL-0033] FillerInit: NumGPins: 577282
[INFO GPL-0023] TargetDensity: 0.30
[INFO GPL-0024] AveragePlaceInstArea: 8142261
[INFO GPL-0025] IdealBinArea: 27140868
[INFO GPL-0026] IdealBinCnt: 304104
[INFO GPL-0027] TotalBinArea: 8253660800000
[INFO GPL-0028] BinCnt: 512 512
[INFO GPL-0029] BinSize: 5617 5606
[INFO GPL-0030] NumBins: 262144
[NesterovSolve] Iter: 1 overflow: 0.99626 HPWL: 5962088328
[NesterovSolve] Iter: 10 overflow: 0.984305 HPWL: 5341124793
[NesterovSolve] Iter: 20 overflow: 0.98194 HPWL: 4824193312
[NesterovSolve] Iter: 30 overflow: 0.980679 HPWL: 4660431080
[NesterovSolve] Iter: 40 overflow: 0.977769 HPWL: 4738343749
[NesterovSolve] Iter: 50 overflow: 0.977775 HPWL: 4734905417
[NesterovSolve] Iter: 60 overflow: 0.977574 HPWL: 4729371931
[NesterovSolve] Iter: 70 overflow: 0.977426 HPWL: 4726017472
[NesterovSolve] Iter: 80 overflow: 0.976467 HPWL: 4717074318
[NesterovSolve] Iter: 90 overflow: 0.976441 HPWL: 4722187165
[NesterovSolve] Iter: 100 overflow: 0.977046 HPWL: 4728114332
[NesterovSolve] Iter: 110 overflow: 0.976806 HPWL: 4737809678
[NesterovSolve] Iter: 120 overflow: 0.976217 HPWL: 4752965666
[NesterovSolve] Iter: 130 overflow: 0.976038 HPWL: 4764762323
[NesterovSolve] Iter: 140 overflow: 0.975735 HPWL: 4781799145
[NesterovSolve] Iter: 150 overflow: 0.975441 HPWL: 4806807002
[NesterovSolve] Iter: 160 overflow: 0.974695 HPWL: 4837673864
[NesterovSolve] Iter: 170 overflow: 0.973608 HPWL: 4880880214
[NesterovSolve] Iter: 180 overflow: 0.971628 HPWL: 4946517399
[NesterovSolve] Iter: 190 overflow: 0.968461 HPWL: 5043058698
[NesterovSolve] Iter: 200 overflow: 0.963659 HPWL: 5181417647
[NesterovSolve] Iter: 210 overflow: 0.956304 HPWL: 5371411801
[NesterovSolve] Iter: 220 overflow: 0.946127 HPWL: 5620144116
[NesterovSolve] Iter: 230 overflow: 0.931886 HPWL: 5930976393
[NesterovSolve] Iter: 240 overflow: 0.914111 HPWL: 6298551292
[NesterovSolve] Iter: 250 overflow: 0.891816 HPWL: 6689657871
[NesterovSolve] Iter: 260 overflow: 0.869197 HPWL: 7093029503
[NesterovSolve] Iter: 270 overflow: 0.84316 HPWL: 7474864121
[NesterovSolve] Iter: 280 overflow: 0.815831 HPWL: 7802321779
[NesterovSolve] Iter: 290 overflow: 0.787996 HPWL: 8133985121
[NesterovSolve] Iter: 300 overflow: 0.751286 HPWL: 8431141622
[NesterovSolve] Iter: 310 overflow: 0.710398 HPWL: 8465311259
[NesterovSolve] Iter: 320 overflow: 0.670018 HPWL: 8402733531
[NesterovSolve] Iter: 330 overflow: 0.638935 HPWL: 8470523195
[NesterovSolve] Iter: 340 overflow: 0.599974 HPWL: 8593787210
[NesterovSolve] Iter: 350 overflow: 0.562081 HPWL: 8529441712
[NesterovSolve] Iter: 360 overflow: 0.52708 HPWL: 8608398730
[NesterovSolve] Iter: 370 overflow: 0.490308 HPWL: 8625381783
[NesterovSolve] Iter: 380 overflow: 0.450823 HPWL: 8625449654
[NesterovSolve] Iter: 390 overflow: 0.410427 HPWL: 8688287923
[NesterovSolve] Iter: 400 overflow: 0.37174 HPWL: 8696989552
[NesterovSolve] Iter: 410 overflow: 0.333808 HPWL: 8712817676
[NesterovSolve] Iter: 420 overflow: 0.306032 HPWL: 8681628993
[NesterovSolve] Iter: 430 overflow: 0.278165 HPWL: 8628058708
[NesterovSolve] Iter: 440 overflow: 0.251749 HPWL: 8584457114
[NesterovSolve] Iter: 450 overflow: 0.227297 HPWL: 8538694079
[NesterovSolve] Iter: 460 overflow: 0.204815 HPWL: 8507583635
[NesterovSolve] Iter: 470 overflow: 0.183587 HPWL: 8479963410
[NesterovSolve] Iter: 480 overflow: 0.165092 HPWL: 8485299719
[NesterovSolve] Iter: 490 overflow: 0.148161 HPWL: 8504981664
[NesterovSolve] Iter: 500 overflow: 0.132982 HPWL: 8508517604
[NesterovSolve] Iter: 510 overflow: 0.120033 HPWL: 8512540420
[NesterovSolve] Iter: 520 overflow: 0.108765 HPWL: 8545956711
[NesterovSolve] Finished with Overflow: 0.099628
Elapsed time: 0:40.37[h:]min:sec. CPU time: user 40.18 sys 0.17 (99%). Peak memory: 592056KB.
