OpenROAD v2.0-11432-gead3236e5 
This program is licensed under the BSD-3 license. See the LICENSE file for details.
Components of this program may be licensed under more restrictive licenses which must be honored.
Placement Analysis
---------------------------------
total displacement     140099.6 u
average displacement        0.8 u
max displacement           25.3 u
original HPWL         5174155.3 u
legalized HPWL        5272991.5 u
delta HPWL                    2 %

Detailed placement improvement.
Importing netlist into detailed improver.
[INFO DPO-0100] Creating network with 167725 cells, 495 terminals, 183739 edges and 595072 pins.
[INFO DPO-0109] Network stats: inst 168220, edges 183739, pins 595072
[INFO DPO-0110] Number of regions is 1
[INFO DPO-0401] Setting random seed to 1.
[INFO DPO-0402] Setting maximum displacement 5 1 to 14000 2800 units.
[INFO DPO-0320] Collected 19978 fixed cells (excluded terminal_NI).
[INFO DPO-0318] Collected 152586 single height cells.
[INFO DPO-0321] Collected 0 wide cells.
[INFO DPO-0322] Image (20140, 25200) - (2895980, 2895200)
[INFO DPO-0310] Assigned 152586 cells into segments.  Movement in X-direction is 0.000000, movement in Y-direction is 0.000000.
[INFO DPO-0313] Found 0 cells in wrong regions.
[INFO DPO-0315] Found 0 row alignment problems.
[INFO DPO-0314] Found 0 site alignment problems.
[INFO DPO-0311] Found 0 overlaps between adjacent cells.
[INFO DPO-0312] Found 0 edge spacing violations and 0 padding violations.
[INFO DPO-0303] Running algorithm for independent set matching.
[INFO DPO-0300] Set matching objective is wirelength.
[INFO DPO-0301] Pass   1 of matching; objective is 1.090141e+10.
[INFO DPO-0302] End of matching; objective is 1.090023e+10, improvement is 0.01 percent.
[INFO DPO-0303] Running algorithm for global swaps.
[INFO DPO-0306] Pass   1 of global swaps; hpwl is 1.081946e+10.
[INFO DPO-0307] End of global swaps; objective is 1.081946e+10, improvement is 0.74 percent.
[INFO DPO-0303] Running algorithm for vertical swaps.
[INFO DPO-0308] Pass   1 of vertical swaps; hpwl is 1.079726e+10.
[INFO DPO-0309] End of vertical swaps; objective is 1.079726e+10, improvement is 0.21 percent.
[INFO DPO-0303] Running algorithm for reordering.
[INFO DPO-0304] Pass   1 of reordering; objective is 1.079058e+10.
[INFO DPO-0305] End of reordering; objective is 1.079058e+10, improvement is 0.06 percent.
[INFO DPO-0303] Running algorithm for random improvement.
[INFO DPO-0324] Random improver is using displacement generator.
[INFO DPO-0325] Random improver is using hpwl objective.
[INFO DPO-0326] Random improver cost string is (a).
[INFO DPO-0332] End of pass, Generator displacement called 3051720 times.
[INFO DPO-0335] Generator displacement, Cumulative attempts 3051720, swaps 215729, moves 1243273 since last reset.
[INFO DPO-0333] End of pass, Objective hpwl, Initial cost 1.068992e+10, Scratch cost 1.062376e+10, Incremental cost 1.062376e+10, Mismatch? N
[INFO DPO-0338] End of pass, Total cost is 1.062376e+10.
[INFO DPO-0327] Pass   1 of random improver; improvement in cost is 0.62 percent.
[INFO DPO-0328] End of random improver; improvement is 0.618909 percent.
[INFO DPO-0380] Cell flipping.
[INFO DPO-0382] Changed 76156 cell orientations for row compatibility.
[INFO DPO-0383] Performed 51654 cell flips.
[INFO DPO-0384] End of flipping; objective is 1.066171e+10, improvement is 0.59 percent.
[INFO DPO-0313] Found 0 cells in wrong regions.
[INFO DPO-0315] Found 0 row alignment problems.
[INFO DPO-0314] Found 0 site alignment problems.
[INFO DPO-0311] Found 0 overlaps between adjacent cells.
[INFO DPO-0312] Found 0 edge spacing violations and 0 padding violations.
Detailed Improvement Results
------------------------------------------
Original HPWL          5272991.5 u
Final HPWL             5149605.0 u
Delta HPWL                  -2.3 %

[INFO DPL-0020] Mirrored 8880 instances
[INFO DPL-0021] HPWL before          5149605.0 u
[INFO DPL-0022] HPWL after           5148170.2 u
[INFO DPL-0023] HPWL delta               -0.0 %
[INFO FLW-0012] Placement violations .
Warning: There are 216 input ports missing set_input_delay.
Warning: There are 278 output ports missing set_output_delay.
Warning: There are 4 unclocked register/latch pins.
Warning: There are 2506 unconstrained endpoints.

==========================================================================
detailed place report_design_area
--------------------------------------------------------------------------
Design area 762401 u^2 37% utilization.
Elapsed time: 1:07.08[h:]min:sec. CPU time: user 66.77 sys 0.30 (99%). Peak memory: 1253368KB.
