OpenROAD v2.0-11432-gead3236e5 
This program is licensed under the BSD-3 license. See the LICENSE file for details.
Components of this program may be licensed under more restrictive licenses which must be honored.
Warning: There are 92 unclocked register/latch pins.
Warning: There are 489 unconstrained endpoints.

==========================================================================
resizer pre report_design_area
--------------------------------------------------------------------------
Design area 632690 u^2 60% utilization.

==========================================================================
instance_count
--------------------------------------------------------------------------
91434

==========================================================================
pin_count
--------------------------------------------------------------------------
344799

Perform port buffering...
[INFO RSZ-0027] Inserted 490 input buffers.
[INFO RSZ-0028] Inserted 610 output buffers.
Perform buffer insertion...
[INFO RSZ-0058] Using max wire length 661um.
[INFO RSZ-0034] Found 1786 slew violations.
[INFO RSZ-0036] Found 864 capacitance violations.
[INFO RSZ-0037] Found 254 long wires.
[INFO RSZ-0038] Inserted 2062 buffers in 2532 nets.
[INFO RSZ-0039] Resized 18233 instances.
Repair tie lo fanout...
[INFO RSZ-0042] Inserted 582 tie LOGIC0_X1 instances.
Repair tie hi fanout...
[INFO RSZ-0042] Inserted 65 tie LOGIC1_X1 instances.

==========================================================================
report_floating_nets
--------------------------------------------------------------------------
Warning: There are 92 unclocked register/latch pins.
Warning: There are 489 unconstrained endpoints.

==========================================================================
resizer report_design_area
--------------------------------------------------------------------------
Design area 669775 u^2 63% utilization.

==========================================================================
instance_count
--------------------------------------------------------------------------
95219

==========================================================================
pin_count
--------------------------------------------------------------------------
351746

Elapsed time: 0:37.87[h:]min:sec. CPU time: user 37.74 sys 0.12 (99%). Peak memory: 611176KB.
