OpenROAD v2.0-11432-gead3236e5 
This program is licensed under the BSD-3 license. See the LICENSE file for details.
Components of this program may be licensed under more restrictive licenses which must be honored.
[INFO GPL-0002] DBU: 1000
[INFO GPL-0003] SiteSize: 460 2720
[INFO GPL-0004] CoreAreaLxLy: 1380 2720
[INFO GPL-0005] CoreAreaUxUy: 922300 922080
[INFO GPL-0006] NumInstances: 57659
[INFO GPL-0007] NumPlaceInstances: 46439
[INFO GPL-0008] NumFixedInstances: 11220
[INFO GPL-0009] NumDummyInstances: 0
[INFO GPL-0010] NumNets: 58800
[INFO GPL-0011] NumPins: 161335
[INFO GPL-0012] DieAreaLxLy: 0 0
[INFO GPL-0013] DieAreaUxUy: 923485 923485
[INFO GPL-0014] CoreAreaLxLy: 1380 2720
[INFO GPL-0015] CoreAreaUxUy: 922300 922080
[INFO GPL-0016] CoreArea: 846657011200
[INFO GPL-0017] NonPlaceInstsArea: 14038464000
[INFO GPL-0018] PlaceInstsArea: 575574521600
[INFO GPL-0019] Util(%): 69.13
[INFO GPL-0020] StdInstsArea: 575574521600
[INFO GPL-0021] MacroInstsArea: 0
[INFO GPL-0031] FillerInit: NumGCells: 67570
[INFO GPL-0032] FillerInit: NumGNets: 58800
[INFO GPL-0033] FillerInit: NumGPins: 161335
[INFO GPL-0023] TargetDensity: 1.00
[INFO GPL-0024] AveragePlaceInstArea: 12394205
[INFO GPL-0025] IdealBinArea: 12394205
[INFO GPL-0026] IdealBinCnt: 68310
[INFO GPL-0027] TotalBinArea: 846657011200
[INFO GPL-0028] BinCnt: 256 256
[INFO GPL-0029] BinSize: 3598 3592
[INFO GPL-0030] NumBins: 65536
global_placement -density 0.7630258655548096 -pad_left 1 -pad_right 1 -routability_driven -timing_driven
[INFO GPL-0002] DBU: 1000
[INFO GPL-0003] SiteSize: 460 2720
[INFO GPL-0004] CoreAreaLxLy: 1380 2720
[INFO GPL-0005] CoreAreaUxUy: 922300 922080
[INFO GPL-0006] NumInstances: 57659
[INFO GPL-0007] NumPlaceInstances: 46439
[INFO GPL-0008] NumFixedInstances: 11220
[INFO GPL-0009] NumDummyInstances: 0
[INFO GPL-0010] NumNets: 58800
[INFO GPL-0011] NumPins: 161335
[INFO GPL-0012] DieAreaLxLy: 0 0
[INFO GPL-0013] DieAreaUxUy: 923485 923485
[INFO GPL-0014] CoreAreaLxLy: 1380 2720
[INFO GPL-0015] CoreAreaUxUy: 922300 922080
[INFO GPL-0016] CoreArea: 846657011200
[INFO GPL-0017] NonPlaceInstsArea: 14038464000
[INFO GPL-0018] PlaceInstsArea: 575574521600
[INFO GPL-0019] Util(%): 69.13
[INFO GPL-0020] StdInstsArea: 575574521600
[INFO GPL-0021] MacroInstsArea: 0
[InitialPlace]  Iter: 1 CG residual: 0.00584761 HPWL: 1217848016
[InitialPlace]  Iter: 2 CG residual: 0.00445004 HPWL: 566239632
[InitialPlace]  Iter: 3 CG residual: 0.00019175 HPWL: 570016683
[InitialPlace]  Iter: 4 CG residual: 0.00012234 HPWL: 572334166
[InitialPlace]  Iter: 5 CG residual: 0.00012156 HPWL: 572731553
[InitialPlace]  Iter: 6 CG residual: 0.00015236 HPWL: 573163659
[InitialPlace]  Iter: 7 CG residual: 0.00018899 HPWL: 572811517
[InitialPlace]  Iter: 8 CG residual: 0.00016992 HPWL: 572901715
[InitialPlace]  Iter: 9 CG residual: 0.00017871 HPWL: 572355894
[InitialPlace]  Iter: 10 CG residual: 0.00013432 HPWL: 572362409
[InitialPlace]  Iter: 11 CG residual: 0.00013844 HPWL: 571716767
[InitialPlace]  Iter: 12 CG residual: 0.00011852 HPWL: 571635271
[InitialPlace]  Iter: 13 CG residual: 0.00010583 HPWL: 571060795
[InitialPlace]  Iter: 14 CG residual: 0.00010736 HPWL: 571021410
[InitialPlace]  Iter: 15 CG residual: 0.00009306 HPWL: 570535719
[InitialPlace]  Iter: 16 CG residual: 0.00011236 HPWL: 570557664
[InitialPlace]  Iter: 17 CG residual: 0.00008672 HPWL: 570138795
[InitialPlace]  Iter: 18 CG residual: 0.00009017 HPWL: 570265575
[InitialPlace]  Iter: 19 CG residual: 0.00009423 HPWL: 569871965
[InitialPlace]  Iter: 20 CG residual: 0.00007638 HPWL: 570053640
[INFO GPL-0031] FillerInit: NumGCells: 51349
[INFO GPL-0032] FillerInit: NumGNets: 58800
[INFO GPL-0033] FillerInit: NumGPins: 161335
[INFO GPL-0023] TargetDensity: 0.76
[INFO GPL-0024] AveragePlaceInstArea: 12394205
[INFO GPL-0025] IdealBinArea: 16243492
[INFO GPL-0026] IdealBinCnt: 52122
[INFO GPL-0027] TotalBinArea: 846657011200
[INFO GPL-0028] BinCnt: 128 128
[INFO GPL-0029] BinSize: 7195 7183
[INFO GPL-0030] NumBins: 16384
[NesterovSolve] Iter: 1 overflow: 0.988915 HPWL: 141970035
[NesterovSolve] Iter: 10 overflow: 0.9827 HPWL: 136145626
[NesterovSolve] Iter: 20 overflow: 0.979184 HPWL: 137951052
[NesterovSolve] Iter: 30 overflow: 0.976002 HPWL: 139033235
[NesterovSolve] Iter: 40 overflow: 0.973361 HPWL: 139759457
[NesterovSolve] Iter: 50 overflow: 0.970729 HPWL: 140178875
[NesterovSolve] Iter: 60 overflow: 0.968536 HPWL: 140439852
[NesterovSolve] Iter: 70 overflow: 0.966868 HPWL: 140641399
[NesterovSolve] Iter: 80 overflow: 0.965804 HPWL: 140887347
[NesterovSolve] Iter: 90 overflow: 0.965146 HPWL: 141280711
[NesterovSolve] Iter: 100 overflow: 0.964847 HPWL: 141963059
[NesterovSolve] Iter: 110 overflow: 0.964515 HPWL: 143210454
[NesterovSolve] Iter: 120 overflow: 0.964587 HPWL: 145596281
[NesterovSolve] Iter: 130 overflow: 0.964882 HPWL: 150094097
[NesterovSolve] Iter: 140 overflow: 0.964074 HPWL: 157883325
[NesterovSolve] Iter: 150 overflow: 0.962313 HPWL: 169766399
[NesterovSolve] Iter: 160 overflow: 0.959383 HPWL: 185888304
[NesterovSolve] Iter: 170 overflow: 0.954638 HPWL: 205691278
[NesterovSolve] Iter: 180 overflow: 0.946915 HPWL: 229564766
[NesterovSolve] Iter: 190 overflow: 0.936491 HPWL: 258483299
[NesterovSolve] Iter: 200 overflow: 0.920865 HPWL: 293441621
[NesterovSolve] Iter: 210 overflow: 0.899598 HPWL: 334628437
[NesterovSolve] Iter: 220 overflow: 0.871716 HPWL: 382099962
[NesterovSolve] Iter: 230 overflow: 0.838378 HPWL: 434878572
[NesterovSolve] Iter: 240 overflow: 0.800825 HPWL: 489583639
[INFO GPL-0100] worst slack -7.07e-10
[INFO GPL-0103] Weighted 5879 nets.
[NesterovSolve] Iter: 250 overflow: 0.762313 HPWL: 528424506
[NesterovSolve] Iter: 260 overflow: 0.725946 HPWL: 579577664
[NesterovSolve] Iter: 270 overflow: 0.6906 HPWL: 628368037
[NesterovSolve] Iter: 280 overflow: 0.652077 HPWL: 676803350
[INFO GPL-0100] worst slack -1.69e-09
[INFO GPL-0103] Weighted 5879 nets.
[NesterovSolve] Iter: 290 overflow: 0.609995 HPWL: 722998846
[NesterovSolve] Snapshot saved at iter = 292
[NesterovSolve] Iter: 300 overflow: 0.569249 HPWL: 759897265
[NesterovSolve] Iter: 310 overflow: 0.532708 HPWL: 786134260
[NesterovSolve] Iter: 320 overflow: 0.498169 HPWL: 802012084
[INFO GPL-0100] worst slack -1.1e-09
[INFO GPL-0103] Weighted 5879 nets.
[NesterovSolve] Iter: 330 overflow: 0.471852 HPWL: 811590576
[NesterovSolve] Iter: 340 overflow: 0.4396 HPWL: 813276346
[NesterovSolve] Iter: 350 overflow: 0.405329 HPWL: 811836189
[NesterovSolve] Iter: 360 overflow: 0.369338 HPWL: 820445692
[NesterovSolve] Iter: 370 overflow: 0.333097 HPWL: 825676770
[NesterovSolve] Iter: 380 overflow: 0.30472 HPWL: 824283010
[INFO GPL-0100] worst slack -5.66e-10
[INFO GPL-0103] Weighted 5878 nets.
[NesterovSolve] Iter: 390 overflow: 0.277874 HPWL: 826626502
[NesterovSolve] Iter: 400 overflow: 0.248315 HPWL: 828784887
[NesterovSolve] Iter: 410 overflow: 0.218862 HPWL: 829393313
[INFO GPL-0100] worst slack -1.42e-10
[INFO GPL-0103] Weighted 5878 nets.
[INFO GPL-0075] Routability numCall: 1 inflationIterCnt: 1 bloatIterCnt: 0
[INFO GPL-0036] TileLxLy: 0 0
[INFO GPL-0037] TileSize: 6900 6900
[INFO GPL-0038] TileCnt: 133 133
[INFO GPL-0039] numRoutingLayers: 6
[INFO GPL-0040] NumTiles: 17689
[INFO GPL-0063] TotalRouteOverflowH2: 8.500000953674316
[INFO GPL-0064] TotalRouteOverflowV2: 26.30000114440918
[INFO GPL-0065] OverflowTileCnt2: 201
[INFO GPL-0066] 0.5%RC: 1.1485875770870575
[INFO GPL-0067] 1.0%RC: 1.0742937885435289
[INFO GPL-0068] 2.0%RC: 1.0371468942717643
[INFO GPL-0069] 5.0%RC: 1.003444084665184
[INFO GPL-0070] 0.5rcK: 1.0
[INFO GPL-0071] 1.0rcK: 1.0
[INFO GPL-0072] 2.0rcK: 0.0
[INFO GPL-0073] 5.0rcK: 0.0
[INFO GPL-0074] FinalRC: 1.1114407
[NesterovSolve] Iter: 420 overflow: 0.193566 HPWL: 832846137
[NesterovSolve] Iter: 430 overflow: 0.168432 HPWL: 833909533
[NesterovSolve] Iter: 440 overflow: 0.14567 HPWL: 836553204
[INFO GPL-0100] worst slack -1e-10
[INFO GPL-0103] Weighted 5877 nets.
[NesterovSolve] Iter: 450 overflow: 0.126211 HPWL: 837578577
[NesterovSolve] Iter: 460 overflow: 0.107909 HPWL: 839056724
[NesterovSolve] Finished with Overflow: 0.099786
Warning: There is 1 unconstrained endpoint.

==========================================================================
global place report_design_area
--------------------------------------------------------------------------
Design area 473404 u^2 56% utilization.
Elapsed time: 0:57.48[h:]min:sec. CPU time: user 75.08 sys 0.14 (130%). Peak memory: 555992KB.
