OpenROAD v2.0-11432-gead3236e5 
This program is licensed under the BSD-3 license. See the LICENSE file for details.
Components of this program may be licensed under more restrictive licenses which must be honored.
global_route -guide_file ./results/sky130hd/jpeg/base/route.guide -congestion_report_file ./reports/sky130hd/jpeg/base/congestion.rpt -congestion_iterations 30 -congestion_report_iter_step 5 -verbose
[INFO GRT-0020] Min routing layer: met1
[INFO GRT-0021] Max routing layer: met5
[INFO GRT-0022] Global adjustment: 0%
[INFO GRT-0023] Grid origin: (0, 0)
[INFO GRT-0043] No OR_DEFAULT vias defined.
[INFO GRT-0088] Layer li1     Track-Pitch = 0.4600  line-2-Via Pitch: 0.3400
[INFO GRT-0088] Layer met1    Track-Pitch = 0.3400  line-2-Via Pitch: 0.3400
[INFO GRT-0088] Layer met2    Track-Pitch = 0.4600  line-2-Via Pitch: 0.3500
[INFO GRT-0088] Layer met3    Track-Pitch = 0.6800  line-2-Via Pitch: 0.6150
[INFO GRT-0088] Layer met4    Track-Pitch = 0.9200  line-2-Via Pitch: 1.0400
[INFO GRT-0088] Layer met5    Track-Pitch = 3.4000  line-2-Via Pitch: 3.1100
[INFO GRT-0019] Found 543 clock nets.
[INFO GRT-0001] Minimum degree: 2
[INFO GRT-0002] Maximum degree: 181
[INFO GRT-0003] Macros: 0
[INFO GRT-0004] Blockages: 100043

[INFO GRT-0053] Routing resources analysis:
          Routing      Original      Derated      Resource
Layer     Direction    Resources     Resources    Reduction (%)
---------------------------------------------------------------
li1        Vertical            0             0          0.00%
met1       Horizontal     356041        162238          54.43%
met2       Vertical       266931        174763          34.53%
met3       Horizontal     177954        120194          32.46%
met4       Vertical       107065         51084          52.29%
met5       Horizontal      35511         17558          50.56%
---------------------------------------------------------------

[INFO GRT-0101] Running extra iterations to remove overflow.
[INFO GRT-0197] Via related to pin nodes: 181782
[INFO GRT-0198] Via related Steiner nodes: 3384
[INFO GRT-0199] Via filling finished.
[INFO GRT-0111] Final number of vias: 203417
[INFO GRT-0112] Final usage 3D: 783143

[INFO GRT-0096] Final congestion report:
Layer         Resource        Demand        Usage (%)    Max H / Max V / Total Overflow
---------------------------------------------------------------------------------------
li1                  0             0            0.00%             0 /  0 /  0
met1            162238         73027           45.01%             0 /  0 /  0
met2            174763         76382           43.71%             0 /  0 /  0
met3            120194         16152           13.44%             0 /  0 /  0
met4             51084          7153           14.00%             0 /  0 /  0
met5             17558           178            1.01%             0 /  0 /  0
---------------------------------------------------------------------------------------
Total           525837        172892           32.88%             0 /  0 /  0

[INFO GRT-0018] Total wirelength: 1866891 um
[INFO GRT-0014] Routed nets: 59504
Warning: There is 1 unconstrained endpoint.

==========================================================================
global route pre repair design report_design_area
--------------------------------------------------------------------------
Design area 512657 u^2 61% utilization.
Perform buffer insertion...
[INFO RSZ-0058] Using max wire length 2141um.
[INFO RSZ-0034] Found 2 slew violations.
[INFO RSZ-0036] Found 2 capacitance violations.
[INFO RSZ-0038] Inserted 2 buffers in 2 nets.
[INFO RSZ-0039] Resized 1629 instances.
Warning: There is 1 unconstrained endpoint.

==========================================================================
global route post repair design report_design_area
--------------------------------------------------------------------------
Design area 517065 u^2 61% utilization.
Placement Analysis
---------------------------------
total displacement       4895.0 u
average displacement        0.1 u
max displacement           17.9 u
original HPWL         1048464.6 u
legalized HPWL        1053694.2 u
delta HPWL                    0 %

Repair setup and hold violations...
[INFO RSZ-0094] Found 11 endpoints with setup violations.
[INFO RSZ-0045] Inserted 10 buffers, 1 to split loads.
[WARNING RSZ-0062] Unable to repair all setup violations.
[INFO RSZ-0033] No hold violations found.
Warning: There is 1 unconstrained endpoint.

==========================================================================
global route post repair timing report_design_area
--------------------------------------------------------------------------
Design area 517180 u^2 61% utilization.
Placement Analysis
---------------------------------
total displacement         48.0 u
average displacement        0.0 u
max displacement            7.4 u
original HPWL         1054665.7 u
legalized HPWL        1054704.5 u
delta HPWL                    0 %


==========================================================================
check_antennas
--------------------------------------------------------------------------
[INFO GRT-0012] Found 144 antenna violations.
[INFO GRT-0015] Inserted 201 diodes.
[INFO GRT-0012] Found 4 antenna violations.
[INFO GRT-0015] Inserted 12 diodes.
[INFO GRT-0012] Found 0 antenna violations.
[WARNING ANT-0011] -report_violating_nets is deprecated.
[INFO ANT-0002] Found 0 net violations.
[INFO ANT-0001] Found 0 pin violations.
Warning: There is 1 unconstrained endpoint.

==========================================================================
global route report_design_area
--------------------------------------------------------------------------
Design area 517713 u^2 61% utilization.
[INFO FLW-0007] clock clk period 8.000000
[INFO FLW-0008] Clock clk period 7.754
[INFO FLW-0009] Clock clk slack -0.162
[INFO FLW-0011] Path endpoint count 4761
Elapsed time: 0:55.52[h:]min:sec. CPU time: user 51.69 sys 3.83 (99%). Peak memory: 1296860KB.
