[INFO] Reporting cells prior to loading DEF ...
[INFO] Reading DEF  ...
[INFO] Reporting cells after loading DEF ...
[INFO] 'DFFRAM_4K'
[INFO] 'sky130_fd_sc_hd__diode_2'
[INFO] 'sky130_fd_sc_hd__nor4b_4'
[INFO] 'sky130_fd_sc_hd__and4bb_2'
[INFO] 'sky130_fd_sc_hd__and4b_2'
[INFO] 'sky130_fd_sc_hd__and4_2'
[INFO] 'sky130_fd_sc_hd__and4bb_4'
[INFO] 'sky130_fd_sc_hd__and4b_4'
[INFO] 'sky130_fd_sc_hd__and4_4'
[INFO] 'sky130_fd_sc_hd__ebufn_8'
[INFO] 'sky130_fd_sc_hd__conb_1'
[INFO] 'sky130_fd_sc_hd__dfxtp_1'
[INFO] 'sky130_fd_sc_hd__dlclkp_1'
[INFO] 'sky130_fd_sc_hd__and2_0'
[INFO] 'sky130_fd_sc_hd__clkinv_8'
[INFO] 'sky130_fd_sc_hd__dfxtp_4'
[INFO] 'sky130_fd_sc_hd__nor3b_4'
[INFO] 'sky130_fd_sc_hd__and3b_4'
[INFO] 'sky130_fd_sc_hd__and3b_1'
[INFO] 'sky130_fd_sc_hd__and3_4'
[INFO] 'sky130_fd_sc_hd__mux4_4'
[INFO] 'sky130_fd_sc_hd__mux4_2'
[INFO] 'sky130_fd_sc_hd__mux4_1'
[INFO] 'sky130_fd_sc_hd__dfxtp_2'
[INFO] 'sky130_fd_sc_hd__and3b_2'
[INFO] 'sky130_fd_sc_hd__nor4b_1'
[INFO] 'sky130_fd_sc_hd__fill_8'
[INFO] 'sky130_fd_sc_hd__fill_2'
[INFO] 'sky130_fd_sc_hd__fill_1'
[INFO] 'sky130_fd_sc_hd__fill_4'
[INFO] 'sky130_fd_sc_hd__tapvpwrvgnd_1'
[INFO] 'sky130_fd_sc_hd__clkbuf_4'
[INFO] 'sky130_fd_sc_hd__buf_12'
[INFO] 'sky130_fd_sc_hd__buf_16'
[INFO] 'sky130_fd_sc_hd__buf_6'
[INFO] 'sky130_fd_sc_hd__buf_8'
[INFO] 'sky130_fd_sc_hd__clkbuf_1'
[INFO] 'sky130_fd_sc_hd__clkbuf_16'
[INFO] 'VIA_via4_5_1600_480_1_4_400_400'
[INFO] 'VIA_via3_4_1600_480_1_4_400_400'
[INFO] 'VIA_via2_3_1600_480_1_5_320_320'
[INFO] 'VIA_M1M2_PR'
[INFO] 'VIA_L1M1_PR_MR'
[INFO] 'VIA_M2M3_PR'
[INFO] 'VIA_M3M4_PR'
[INFO] 'VIA_M1M2_PR_MR'
[INFO] Clearing cells...
[INFO] Merging GDS/OAS files...
	/home/jborg/Data/Research/DLPnR/OpenROAD-flow-scripts/flow/platforms/sky130hd/gds/sky130_fd_sc_hd.gds
[INFO] Copying toplevel cell 'DFFRAM_4K'
INFO: Reading config file: /home/jborg/Data/Research/DLPnR/OpenROAD-flow-scripts/flow/platforms/sky130hd/fill.json
[INFO] Checking for missing cell from GDS/OAS...
[INFO] All LEF cells have matching GDS/OAS cells
[INFO] Checking for orphan cell in the final layout...
[INFO] No orphan cells
[INFO] Writing out GDS/OAS './results/sky130hd/chameleon_hier_DFFRAM_4K/base/6_1_merged.gds'
Elapsed time: 0:08.67[h:]min:sec. CPU time: user 8.30 sys 0.36 (99%). Peak memory: 1747132KB.
