OpenROAD autotuner-v1-2861-g832b18e7 
This program is licensed under the BSD-3 license. See the LICENSE file for details.
Components of this program may be licensed under more restrictive licenses which must be honored.
[INFO GPL-0002] DBU: 2000
[INFO GPL-0003] SiteSize: 380 2800
[INFO GPL-0004] CoreAreaLxLy: 20140 19600
[INFO GPL-0005] CoreAreaUxUy: 829540 977200
[INFO GPL-0006] NumInstances: 25632
[INFO GPL-0007] NumPlaceInstances: 23807
[INFO GPL-0008] NumFixedInstances: 1349
[INFO GPL-0009] NumDummyInstances: 476
[INFO GPL-0010] NumNets: 29325
[INFO GPL-0011] NumPins: 90918
[INFO GPL-0012] DieAreaLxLy: 0 0
[INFO GPL-0013] DieAreaUxUy: 849840 998800
[INFO GPL-0014] CoreAreaLxLy: 20140 19600
[INFO GPL-0015] CoreAreaUxUy: 829540 977200
[INFO GPL-0016] CoreArea: 775081440000
[INFO GPL-0017] NonPlaceInstsArea: 57388968000
[INFO GPL-0018] PlaceInstsArea: 188291824000
[INFO GPL-0019] Util(%): 26.24
[INFO GPL-0020] StdInstsArea: 188291824000
[INFO GPL-0021] MacroInstsArea: 0
[InitialPlace]  Iter: 1 CG residual: 0.00813298 HPWL: 1088415014
[InitialPlace]  Iter: 2 CG residual: 0.00516182 HPWL: 450440979
[InitialPlace]  Iter: 3 CG residual: 0.00157900 HPWL: 421748694
[InitialPlace]  Iter: 4 CG residual: 0.00078046 HPWL: 404187708
[InitialPlace]  Iter: 5 CG residual: 0.00057888 HPWL: 394911895
[InitialPlace]  Iter: 6 CG residual: 0.00057448 HPWL: 387341460
[InitialPlace]  Iter: 7 CG residual: 0.00040893 HPWL: 383878516
[InitialPlace]  Iter: 8 CG residual: 0.00297865 HPWL: 380002615
[InitialPlace]  Iter: 9 CG residual: 0.00004676 HPWL: 376692088
[InitialPlace]  Iter: 10 CG residual: 0.00004421 HPWL: 374243865
[InitialPlace]  Iter: 11 CG residual: 0.00002173 HPWL: 373515949
[InitialPlace]  Iter: 12 CG residual: 0.00001945 HPWL: 373706494
[InitialPlace]  Iter: 13 CG residual: 0.00002302 HPWL: 373446710
[InitialPlace]  Iter: 14 CG residual: 0.00001696 HPWL: 373730703
[InitialPlace]  Iter: 15 CG residual: 0.00001361 HPWL: 373627231
[InitialPlace]  Iter: 16 CG residual: 0.00001118 HPWL: 373781802
[InitialPlace]  Iter: 17 CG residual: 0.00001340 HPWL: 373505365
[InitialPlace]  Iter: 18 CG residual: 0.00001348 HPWL: 373794064
[InitialPlace]  Iter: 19 CG residual: 0.00001444 HPWL: 373603202
[InitialPlace]  Iter: 20 CG residual: 0.00001084 HPWL: 373762693
[INFO GPL-0031] FillerInit: NumGCells: 27333
[INFO GPL-0032] FillerInit: NumGNets: 29325
[INFO GPL-0033] FillerInit: NumGPins: 90918
[INFO GPL-0023] TargetDensity: 0.30
[INFO GPL-0024] AveragePlaceInstArea: 7909094
[INFO GPL-0025] IdealBinArea: 26363646
[INFO GPL-0026] IdealBinCnt: 29399
[INFO GPL-0027] TotalBinArea: 775081440000
[INFO GPL-0028] BinCnt: 128 128
[INFO GPL-0029] BinSize: 6324 7482
[INFO GPL-0030] NumBins: 16384
[NesterovSolve] Iter: 1 overflow: 0.989553 HPWL: 234630774
[NesterovSolve] Iter: 10 overflow: 0.956106 HPWL: 253338570
[NesterovSolve] Iter: 20 overflow: 0.93896 HPWL: 256684723
[NesterovSolve] Iter: 30 overflow: 0.931207 HPWL: 262314419
[NesterovSolve] Iter: 40 overflow: 0.931617 HPWL: 267174543
[NesterovSolve] Iter: 50 overflow: 0.931201 HPWL: 270533055
[NesterovSolve] Iter: 60 overflow: 0.930017 HPWL: 273019025
[NesterovSolve] Iter: 70 overflow: 0.929446 HPWL: 274359116
[NesterovSolve] Iter: 80 overflow: 0.929851 HPWL: 274293603
[NesterovSolve] Iter: 90 overflow: 0.929972 HPWL: 273764540
[NesterovSolve] Iter: 100 overflow: 0.929784 HPWL: 273714951
[NesterovSolve] Iter: 110 overflow: 0.929054 HPWL: 273771123
[NesterovSolve] Iter: 120 overflow: 0.92791 HPWL: 275011831
[NesterovSolve] Iter: 130 overflow: 0.926885 HPWL: 277020973
[NesterovSolve] Iter: 140 overflow: 0.926213 HPWL: 280188960
[NesterovSolve] Iter: 150 overflow: 0.925611 HPWL: 284801821
[NesterovSolve] Iter: 160 overflow: 0.924479 HPWL: 292977906
[NesterovSolve] Iter: 170 overflow: 0.9227 HPWL: 306325153
[NesterovSolve] Iter: 180 overflow: 0.920555 HPWL: 325301657
[NesterovSolve] Iter: 190 overflow: 0.917069 HPWL: 350302470
[NesterovSolve] Iter: 200 overflow: 0.907211 HPWL: 382480756
[NesterovSolve] Iter: 210 overflow: 0.891336 HPWL: 422210830
[NesterovSolve] Iter: 220 overflow: 0.872715 HPWL: 467474945
[NesterovSolve] Iter: 230 overflow: 0.853397 HPWL: 517922384
[NesterovSolve] Iter: 240 overflow: 0.825192 HPWL: 573970404
[NesterovSolve] Iter: 250 overflow: 0.788519 HPWL: 627293955
[INFO GPL-0100] worst slack 2.07e-10
[INFO GPL-0103] Weighted 2926 nets.
[NesterovSolve] Iter: 260 overflow: 0.75587 HPWL: 674781393
[NesterovSolve] Iter: 270 overflow: 0.728458 HPWL: 697911707
[NesterovSolve] Iter: 280 overflow: 0.679171 HPWL: 730866407
[NesterovSolve] Iter: 290 overflow: 0.640765 HPWL: 757555852
[INFO GPL-0100] worst slack 1.83e-10
[INFO GPL-0103] Weighted 2926 nets.
[NesterovSolve] Iter: 300 overflow: 0.597926 HPWL: 790211489
[NesterovSolve] Snapshot saved at iter = 299
[NesterovSolve] Iter: 310 overflow: 0.547304 HPWL: 818071504
[NesterovSolve] Iter: 320 overflow: 0.503926 HPWL: 845178011
[INFO GPL-0100] worst slack 1.15e-10
[INFO GPL-0103] Weighted 2925 nets.
[NesterovSolve] Iter: 330 overflow: 0.460781 HPWL: 855629115
[NesterovSolve] Iter: 340 overflow: 0.418447 HPWL: 861005270
[NesterovSolve] Iter: 350 overflow: 0.380918 HPWL: 866921226
[NesterovSolve] Iter: 360 overflow: 0.346173 HPWL: 873960802
[NesterovSolve] Iter: 370 overflow: 0.317754 HPWL: 876811170
[NesterovSolve] Iter: 380 overflow: 0.289439 HPWL: 876844726
[INFO GPL-0100] worst slack 1.58e-10
[INFO GPL-0103] Weighted 2924 nets.
[NesterovSolve] Iter: 390 overflow: 0.256764 HPWL: 878320836
[NesterovSolve] Iter: 400 overflow: 0.228998 HPWL: 878480425
[NesterovSolve] Iter: 410 overflow: 0.203371 HPWL: 879150448
[INFO GPL-0100] worst slack 1.6e-10
[INFO GPL-0103] Weighted 2926 nets.
[INFO GPL-0075] Routability numCall: 1 inflationIterCnt: 1 bloatIterCnt: 0
[INFO GPL-0036] TileLxLy: 0 0
[INFO GPL-0037] TileSize: 4200 4200
[INFO GPL-0038] TileCnt: 202 237
[INFO GPL-0039] numRoutingLayers: 10
[INFO GPL-0040] NumTiles: 47874
[INFO GPL-0063] TotalRouteOverflowH2: 0.0
[INFO GPL-0064] TotalRouteOverflowV2: 0.0
[INFO GPL-0065] OverflowTileCnt2: 0
[INFO GPL-0066] 0.5%RC: 1.0
[INFO GPL-0067] 1.0%RC: 1.0
[INFO GPL-0068] 2.0%RC: 1.0
[INFO GPL-0069] 5.0%RC: 0.9471092576414675
[INFO GPL-0070] 0.5rcK: 1.0
[INFO GPL-0071] 1.0rcK: 1.0
[INFO GPL-0072] 2.0rcK: 0.0
[INFO GPL-0073] 5.0rcK: 0.0
[INFO GPL-0074] FinalRC: 1.0
[NesterovSolve] Iter: 420 overflow: 0.178167 HPWL: 880051657
[NesterovSolve] Iter: 430 overflow: 0.154454 HPWL: 881415515
[INFO GPL-0100] worst slack 1.14e-10
[INFO GPL-0103] Weighted 2926 nets.
[NesterovSolve] Iter: 440 overflow: 0.133462 HPWL: 882770518
[NesterovSolve] Iter: 450 overflow: 0.115794 HPWL: 884226371
[NesterovSolve] Iter: 460 overflow: 0.099984 HPWL: 886328968
[NesterovSolve] Finished with Overflow: 0.099984

==========================================================================
global place check_setup
--------------------------------------------------------------------------
Warning: There are 136 input ports missing set_input_delay.
Warning: There are 132 output ports missing set_output_delay.
Warning: There are 165 unconstrained endpoints.

==========================================================================
global place report_tns
--------------------------------------------------------------------------
tns -2830.69

==========================================================================
global place report_wns
--------------------------------------------------------------------------
wns -5.27

==========================================================================
global place report_worst_slack
--------------------------------------------------------------------------
worst slack -5.27

==========================================================================
global place report_checks -path_delay min
--------------------------------------------------------------------------
Startpoint: core/_24744_ (rising edge-triggered flip-flop clocked by core_clock)
Endpoint: core/_24749_ (rising edge-triggered flip-flop clocked by core_clock)
Path Group: core_clock
Path Type: min

Fanout     Cap    Slew   Delay    Time   Description
-----------------------------------------------------------------------------
                  0.00    0.00    0.00   clock core_clock (rise edge)
                          0.00    0.00   clock network delay (ideal)
                  0.00    0.00    0.00 ^ core/_24744_/CK (DFF_X1)
     2    3.99    0.01    0.07    0.07 ^ core/_24744_/QN (DFF_X1)
                                         core/_00017_ (net)
                  0.01    0.00    0.07 ^ core/_15753_/A1 (NOR3_X1)
     1    1.17    0.01    0.01    0.08 v core/_15753_/ZN (NOR3_X1)
                                         core/_00010_ (net)
                  0.01    0.00    0.08 v core/_24749_/D (DFF_X1)
                                  0.08   data arrival time

                  0.00    0.00    0.00   clock core_clock (rise edge)
                          0.00    0.00   clock network delay (ideal)
                          0.00    0.00   clock reconvergence pessimism
                                  0.00 ^ core/_24749_/CK (DFF_X1)
                          0.00    0.00   library hold time
                                  0.00   data required time
-----------------------------------------------------------------------------
                                  0.00   data required time
                                 -0.08   data arrival time
-----------------------------------------------------------------------------
                                  0.08   slack (MET)



==========================================================================
global place report_checks -path_delay max
--------------------------------------------------------------------------
Startpoint: frontend/_6626_
            (rising edge-triggered flip-flop clocked by core_clock)
Endpoint: core/_24193_ (rising edge-triggered flip-flop clocked by core_clock)
Path Group: core_clock
Path Type: max

Fanout     Cap    Slew   Delay    Time   Description
-----------------------------------------------------------------------------
                  0.00    0.00    0.00   clock core_clock (rise edge)
                          0.00    0.00   clock network delay (ideal)
                  0.00    0.00    0.00 ^ frontend/_6626_/CK (DFF_X1)
    69  184.46    0.39    0.48    0.48 ^ frontend/_6626_/Q (DFF_X1)
                                         frontend/fq._T_1_0 (net)
                  0.40    0.07    0.54 ^ frontend/_3805_/S (MUX2_X1)
     6   20.28    0.05    0.11    0.66 ^ frontend/_3805_/Z (MUX2_X1)
                                         core_io_imem_resp_bits_pc[1] (net)
                  0.05    0.00    0.66 ^ core/_22835_/A (HA_X1)
    17   43.55    0.10    0.14    0.80 ^ core/_22835_/CO (HA_X1)
                                         core/_11904_ (net)
                  0.10    0.00    0.80 ^ core/_12778_/S (MUX2_X1)
     2    2.76    0.01    0.07    0.87 v core/_12778_/Z (MUX2_X1)
                                         core/_05992_ (net)
                  0.01    0.00    0.87 v core/_12781_/B1 (AOI21_X1)
    57  133.97    0.61    0.69    1.56 ^ core/_12781_/ZN (AOI21_X1)
                                         core/_05995_ (net)
                  0.61    0.01    1.57 ^ core/_12927_/A1 (NAND2_X2)
    16   41.74    0.16    0.17    1.74 v core/_12927_/ZN (NAND2_X2)
                                         core/_06141_ (net)
                  0.16    0.00    1.74 v core/_13119_/B2 (OAI21_X1)
     1    3.49    0.04    0.09    1.83 ^ core/_13119_/ZN (OAI21_X1)
                                         core/_06332_ (net)
                  0.04    0.00    1.83 ^ core/_13120_/B2 (OAI22_X2)
     6   10.03    0.02    0.04    1.87 v core/_13120_/ZN (OAI22_X2)
                                         core/_06333_ (net)
                  0.02    0.00    1.87 v core/_13121_/A2 (NOR2_X1)
   156  475.73    2.12    2.39    4.25 ^ core/_13121_/ZN (NOR2_X1)
                                         core/_06334_ (net)
                  2.12    0.07    4.32 ^ core/_18844_/A2 (NOR2_X1)
    42  136.24    1.36    2.03    6.35 v core/_18844_/ZN (NOR2_X1)
                                         core/_02942_ (net)
                  1.36    0.06    6.41 v core/_20082_/C2 (AOI221_X1)
     1    1.91    0.22    0.54    6.95 ^ core/_20082_/ZN (AOI221_X1)
                                         core/_04149_ (net)
                  0.22    0.00    6.95 ^ core/_20094_/B1 (AOI221_X1)
     1    4.07    0.06    0.06    7.01 v core/_20094_/ZN (AOI221_X1)
                                         core/_04161_ (net)
                  0.06    0.00    7.01 v core/_20095_/A3 (OR3_X1)
     1   13.34    0.03    0.12    7.13 v core/_20095_/ZN (OR3_X1)
                                         core/_04162_ (net)
                  0.03    0.00    7.13 v core/_20096_/B (MUX2_X1)
     1    1.27    0.01    0.06    7.20 v core/_20096_/Z (MUX2_X1)
                                         core/_04163_ (net)
                  0.01    0.00    7.20 v core/_20097_/B (MUX2_X1)
     1    1.12    0.01    0.06    7.26 v core/_20097_/Z (MUX2_X1)
                                         core/_01208_ (net)
                  0.01    0.00    7.26 v core/_24193_/D (DFF_X1)
                                  7.26   data arrival time

                  0.00    2.03    2.03   clock core_clock (rise edge)
                          0.00    2.03   clock network delay (ideal)
                          0.00    2.03   clock reconvergence pessimism
                                  2.03 ^ core/_24193_/CK (DFF_X1)
                         -0.04    1.99   library setup time
                                  1.99   data required time
-----------------------------------------------------------------------------
                                  1.99   data required time
                                 -7.26   data arrival time
-----------------------------------------------------------------------------
                                 -5.27   slack (VIOLATED)



==========================================================================
global place report_checks -unconstrained
--------------------------------------------------------------------------
Startpoint: frontend/_6626_
            (rising edge-triggered flip-flop clocked by core_clock)
Endpoint: core/_24193_ (rising edge-triggered flip-flop clocked by core_clock)
Path Group: core_clock
Path Type: max

Fanout     Cap    Slew   Delay    Time   Description
-----------------------------------------------------------------------------
                  0.00    0.00    0.00   clock core_clock (rise edge)
                          0.00    0.00   clock network delay (ideal)
                  0.00    0.00    0.00 ^ frontend/_6626_/CK (DFF_X1)
    69  184.46    0.39    0.48    0.48 ^ frontend/_6626_/Q (DFF_X1)
                                         frontend/fq._T_1_0 (net)
                  0.40    0.07    0.54 ^ frontend/_3805_/S (MUX2_X1)
     6   20.28    0.05    0.11    0.66 ^ frontend/_3805_/Z (MUX2_X1)
                                         core_io_imem_resp_bits_pc[1] (net)
                  0.05    0.00    0.66 ^ core/_22835_/A (HA_X1)
    17   43.55    0.10    0.14    0.80 ^ core/_22835_/CO (HA_X1)
                                         core/_11904_ (net)
                  0.10    0.00    0.80 ^ core/_12778_/S (MUX2_X1)
     2    2.76    0.01    0.07    0.87 v core/_12778_/Z (MUX2_X1)
                                         core/_05992_ (net)
                  0.01    0.00    0.87 v core/_12781_/B1 (AOI21_X1)
    57  133.97    0.61    0.69    1.56 ^ core/_12781_/ZN (AOI21_X1)
                                         core/_05995_ (net)
                  0.61    0.01    1.57 ^ core/_12927_/A1 (NAND2_X2)
    16   41.74    0.16    0.17    1.74 v core/_12927_/ZN (NAND2_X2)
                                         core/_06141_ (net)
                  0.16    0.00    1.74 v core/_13119_/B2 (OAI21_X1)
     1    3.49    0.04    0.09    1.83 ^ core/_13119_/ZN (OAI21_X1)
                                         core/_06332_ (net)
                  0.04    0.00    1.83 ^ core/_13120_/B2 (OAI22_X2)
     6   10.03    0.02    0.04    1.87 v core/_13120_/ZN (OAI22_X2)
                                         core/_06333_ (net)
                  0.02    0.00    1.87 v core/_13121_/A2 (NOR2_X1)
   156  475.73    2.12    2.39    4.25 ^ core/_13121_/ZN (NOR2_X1)
                                         core/_06334_ (net)
                  2.12    0.07    4.32 ^ core/_18844_/A2 (NOR2_X1)
    42  136.24    1.36    2.03    6.35 v core/_18844_/ZN (NOR2_X1)
                                         core/_02942_ (net)
                  1.36    0.06    6.41 v core/_20082_/C2 (AOI221_X1)
     1    1.91    0.22    0.54    6.95 ^ core/_20082_/ZN (AOI221_X1)
                                         core/_04149_ (net)
                  0.22    0.00    6.95 ^ core/_20094_/B1 (AOI221_X1)
     1    4.07    0.06    0.06    7.01 v core/_20094_/ZN (AOI221_X1)
                                         core/_04161_ (net)
                  0.06    0.00    7.01 v core/_20095_/A3 (OR3_X1)
     1   13.34    0.03    0.12    7.13 v core/_20095_/ZN (OR3_X1)
                                         core/_04162_ (net)
                  0.03    0.00    7.13 v core/_20096_/B (MUX2_X1)
     1    1.27    0.01    0.06    7.20 v core/_20096_/Z (MUX2_X1)
                                         core/_04163_ (net)
                  0.01    0.00    7.20 v core/_20097_/B (MUX2_X1)
     1    1.12    0.01    0.06    7.26 v core/_20097_/Z (MUX2_X1)
                                         core/_01208_ (net)
                  0.01    0.00    7.26 v core/_24193_/D (DFF_X1)
                                  7.26   data arrival time

                  0.00    2.03    2.03   clock core_clock (rise edge)
                          0.00    2.03   clock network delay (ideal)
                          0.00    2.03   clock reconvergence pessimism
                                  2.03 ^ core/_24193_/CK (DFF_X1)
                         -0.04    1.99   library setup time
                                  1.99   data required time
-----------------------------------------------------------------------------
                                  1.99   data required time
                                 -7.26   data arrival time
-----------------------------------------------------------------------------
                                 -5.27   slack (VIOLATED)



==========================================================================
global place report_power
--------------------------------------------------------------------------
Group                  Internal  Switching    Leakage      Total
                          Power      Power      Power      Power (Watts)
----------------------------------------------------------------
Sequential             2.12e-02   7.83e-03   3.19e-04   2.93e-02  14.2%
Combinational          1.14e-01   6.05e-02   6.16e-04   1.75e-01  84.6%
Macro                  2.25e-03   9.32e-06   1.63e-04   2.43e-03   1.2%
Pad                    0.00e+00   0.00e+00   0.00e+00   0.00e+00   0.0%
----------------------------------------------------------------
Total                  1.37e-01   6.83e-02   1.10e-03   2.07e-01 100.0%
                          66.4%      33.1%       0.5%

==========================================================================
global place report_design_area
--------------------------------------------------------------------------
Design area 49913 u^2 26% utilization.

Elapsed time: 0:37.56[h:]min:sec. CPU time: user 50.50 sys 0.10 (134%). Peak memory: 488980KB.
