OpenROAD autotuner-v1-2861-g832b18e7 
This program is licensed under the BSD-3 license. See the LICENSE file for details.
Components of this program may be licensed under more restrictive licenses which must be honored.
[INFO GPL-0002] DBU: 1000
[INFO GPL-0003] SiteSize: 54 270
[INFO GPL-0004] CoreAreaLxLy: 1080 1080
[INFO GPL-0005] CoreAreaUxUy: 15984 15930
[INFO GPL-0006] NumInstances: 644
[INFO GPL-0007] NumPlaceInstances: 534
[INFO GPL-0008] NumFixedInstances: 110
[INFO GPL-0009] NumDummyInstances: 0
[INFO GPL-0010] NumNets: 594
[INFO GPL-0011] NumPins: 1924
[INFO GPL-0012] DieAreaLxLy: 0 0
[INFO GPL-0013] DieAreaUxUy: 17000 17000
[INFO GPL-0014] CoreAreaLxLy: 1080 1080
[INFO GPL-0015] CoreAreaUxUy: 15984 15930
[INFO GPL-0016] CoreArea: 221324400
[INFO GPL-0017] NonPlaceInstsArea: 3207600
[INFO GPL-0018] PlaceInstsArea: 101053980
[INFO GPL-0019] Util(%): 46.33
[INFO GPL-0020] StdInstsArea: 101053980
[INFO GPL-0021] MacroInstsArea: 0
[INFO GPL-0031] FillerInit: NumGCells: 813
[INFO GPL-0032] FillerInit: NumGNets: 594
[INFO GPL-0033] FillerInit: NumGPins: 1924
[INFO GPL-0023] TargetDensity: 0.70
[INFO GPL-0024] AveragePlaceInstArea: 189239
[INFO GPL-0025] IdealBinArea: 270341
[INFO GPL-0026] IdealBinCnt: 818
[INFO GPL-0027] TotalBinArea: 221324400
[INFO GPL-0028] BinCnt: 16 16
[INFO GPL-0029] BinSize: 932 929
[INFO GPL-0030] NumBins: 256
[NesterovSolve] Iter: 1 overflow: 0.923013 HPWL: 412405
[NesterovSolve] Iter: 10 overflow: 0.968496 HPWL: 143165
[NesterovSolve] Iter: 20 overflow: 0.96 HPWL: 137016
[NesterovSolve] Iter: 30 overflow: 0.962729 HPWL: 136326
[NesterovSolve] Iter: 40 overflow: 0.961702 HPWL: 136281
[NesterovSolve] Iter: 50 overflow: 0.961307 HPWL: 136553
[NesterovSolve] Iter: 60 overflow: 0.961109 HPWL: 137036
[NesterovSolve] Iter: 70 overflow: 0.960019 HPWL: 137744
[NesterovSolve] Iter: 80 overflow: 0.959158 HPWL: 138789
[NesterovSolve] Iter: 90 overflow: 0.958598 HPWL: 140104
[NesterovSolve] Iter: 100 overflow: 0.957596 HPWL: 142010
[NesterovSolve] Iter: 110 overflow: 0.951738 HPWL: 145048
[NesterovSolve] Iter: 120 overflow: 0.950406 HPWL: 156170
[NesterovSolve] Iter: 130 overflow: 0.918023 HPWL: 190001
[NesterovSolve] Iter: 140 overflow: 0.879727 HPWL: 236706
[NesterovSolve] Iter: 150 overflow: 0.835206 HPWL: 280394
[NesterovSolve] Iter: 160 overflow: 0.812949 HPWL: 319493
[NesterovSolve] Iter: 170 overflow: 0.779472 HPWL: 357554
[NesterovSolve] Iter: 180 overflow: 0.738118 HPWL: 399271
[NesterovSolve] Iter: 190 overflow: 0.710901 HPWL: 437283
[NesterovSolve] Iter: 200 overflow: 0.659658 HPWL: 484974
[NesterovSolve] Iter: 210 overflow: 0.62943 HPWL: 525564
[NesterovSolve] Iter: 220 overflow: 0.58267 HPWL: 563630
[NesterovSolve] Iter: 230 overflow: 0.527913 HPWL: 601872
[NesterovSolve] Iter: 240 overflow: 0.477342 HPWL: 637893
[NesterovSolve] Iter: 250 overflow: 0.425331 HPWL: 667317
[NesterovSolve] Iter: 260 overflow: 0.37922 HPWL: 706616
[NesterovSolve] Iter: 270 overflow: 0.324619 HPWL: 723982
[NesterovSolve] Iter: 280 overflow: 0.292321 HPWL: 742471
[NesterovSolve] Iter: 290 overflow: 0.25461 HPWL: 761617
[NesterovSolve] Iter: 300 overflow: 0.227455 HPWL: 771478
[NesterovSolve] Iter: 310 overflow: 0.197285 HPWL: 783963
[NesterovSolve] Iter: 320 overflow: 0.167074 HPWL: 787810
[NesterovSolve] Iter: 330 overflow: 0.138459 HPWL: 788940
[NesterovSolve] Iter: 340 overflow: 0.117457 HPWL: 790300
[NesterovSolve] Finished with Overflow: 0.099350
Elapsed time: 0:01.01[h:]min:sec. CPU time: user 0.96 sys 0.05 (100%). Peak memory: 185852KB.
