OpenROAD v2.0-11432-gead3236e5 
This program is licensed under the BSD-3 license. See the LICENSE file for details.
Components of this program may be licensed under more restrictive licenses which must be honored.
global_placement -density 0.25 -pad_left 1 -pad_right 1 -routability_driven -timing_driven
[INFO GPL-0002] DBU: 1000
[INFO GPL-0003] SiteSize: 460 2720
[INFO GPL-0004] CoreAreaLxLy: 10120 10880
[INFO GPL-0005] CoreAreaUxUy: 2909960 3508800
[INFO GPL-0006] NumInstances: 155877
[INFO GPL-0007] NumPlaceInstances: 61058
[INFO GPL-0008] NumFixedInstances: 82668
[INFO GPL-0009] NumDummyInstances: 12151
[INFO GPL-0010] NumNets: 63904
[INFO GPL-0011] NumPins: 228795
[INFO GPL-0012] DieAreaLxLy: 0 0
[INFO GPL-0013] DieAreaUxUy: 2920000 3520000
[INFO GPL-0014] CoreAreaLxLy: 10120 10880
[INFO GPL-0015] CoreAreaUxUy: 2909960 3508800
[INFO GPL-0016] CoreArea: 10143408332800
[INFO GPL-0017] NonPlaceInstsArea: 4774111251200
[INFO GPL-0018] PlaceInstsArea: 684104860800
[INFO GPL-0019] Util(%): 12.74
[INFO GPL-0020] StdInstsArea: 684104860800
[INFO GPL-0021] MacroInstsArea: 0
[InitialPlace]  Iter: 1 CG residual: 0.00316034 HPWL: 7250656435
[InitialPlace]  Iter: 2 CG residual: 0.00233938 HPWL: 4620901136
[InitialPlace]  Iter: 3 CG residual: 0.00074965 HPWL: 4595672108
[InitialPlace]  Iter: 4 CG residual: 0.00048677 HPWL: 4583042582
[InitialPlace]  Iter: 5 CG residual: 0.00055869 HPWL: 4568459244
[InitialPlace]  Iter: 6 CG residual: 0.00052301 HPWL: 4560705908
[InitialPlace]  Iter: 7 CG residual: 0.00060208 HPWL: 4549435402
[InitialPlace]  Iter: 8 CG residual: 0.00057038 HPWL: 4541349211
[InitialPlace]  Iter: 9 CG residual: 0.00039831 HPWL: 4533122549
[InitialPlace]  Iter: 10 CG residual: 0.00039588 HPWL: 4526602260
[InitialPlace]  Iter: 11 CG residual: 0.00043473 HPWL: 4517118223
[InitialPlace]  Iter: 12 CG residual: 0.00029463 HPWL: 4507192087
[InitialPlace]  Iter: 13 CG residual: 0.00024066 HPWL: 4494527681
[InitialPlace]  Iter: 14 CG residual: 0.00029129 HPWL: 4485602670
[InitialPlace]  Iter: 15 CG residual: 0.00031018 HPWL: 4473871839
[InitialPlace]  Iter: 16 CG residual: 0.00028278 HPWL: 4466707490
[InitialPlace]  Iter: 17 CG residual: 0.00024700 HPWL: 4457469320
[InitialPlace]  Iter: 18 CG residual: 0.00047431 HPWL: 4452410976
[InitialPlace]  Iter: 19 CG residual: 0.00015069 HPWL: 4450254560
[InitialPlace]  Iter: 20 CG residual: 0.00011920 HPWL: 4445625511
[INFO GPL-0031] FillerInit: NumGCells: 122151
[INFO GPL-0032] FillerInit: NumGNets: 63904
[INFO GPL-0033] FillerInit: NumGPins: 228795
[INFO GPL-0023] TargetDensity: 0.25
[INFO GPL-0024] AveragePlaceInstArea: 11204180
[INFO GPL-0025] IdealBinArea: 44816720
[INFO GPL-0026] IdealBinCnt: 226330
[INFO GPL-0027] TotalBinArea: 10143408332800
[INFO GPL-0028] BinCnt: 256 256
[INFO GPL-0029] BinSize: 11328 13664
[INFO GPL-0030] NumBins: 65536
[NesterovSolve] Iter: 1 overflow: 0.95763 HPWL: 2897884684
[NesterovSolve] Iter: 10 overflow: 0.882955 HPWL: 3760242286
[NesterovSolve] Iter: 20 overflow: 0.847257 HPWL: 3962454252
[NesterovSolve] Iter: 30 overflow: 0.831134 HPWL: 3936501201
[NesterovSolve] Iter: 40 overflow: 0.823947 HPWL: 3900559909
[NesterovSolve] Iter: 50 overflow: 0.820583 HPWL: 3883956682
[NesterovSolve] Iter: 60 overflow: 0.818185 HPWL: 3869552648
[NesterovSolve] Iter: 70 overflow: 0.820762 HPWL: 3862004230
[NesterovSolve] Iter: 80 overflow: 0.824398 HPWL: 3862237748
[NesterovSolve] Iter: 90 overflow: 0.826543 HPWL: 3863965189
[NesterovSolve] Iter: 100 overflow: 0.828593 HPWL: 3863812763
[NesterovSolve] Iter: 110 overflow: 0.829878 HPWL: 3863793025
[NesterovSolve] Iter: 120 overflow: 0.828472 HPWL: 3860309689
[NesterovSolve] Iter: 130 overflow: 0.82623 HPWL: 3859500660
[NesterovSolve] Iter: 140 overflow: 0.823485 HPWL: 3860751480
[NesterovSolve] Iter: 150 overflow: 0.823371 HPWL: 3866131921
[NesterovSolve] Iter: 160 overflow: 0.822163 HPWL: 3875923187
[NesterovSolve] Iter: 170 overflow: 0.819211 HPWL: 3889725601
[NesterovSolve] Iter: 180 overflow: 0.815335 HPWL: 3916326751
[NesterovSolve] Iter: 190 overflow: 0.810983 HPWL: 3960538297
[NesterovSolve] Iter: 200 overflow: 0.803834 HPWL: 4030309116
[NesterovSolve] Iter: 210 overflow: 0.794375 HPWL: 4130111224
[NesterovSolve] Iter: 220 overflow: 0.779219 HPWL: 4275184617
[NesterovSolve] Iter: 230 overflow: 0.757946 HPWL: 4424434144
[INFO GPL-0100] worst slack 3.94e-11
[INFO GPL-0103] Weighted 6389 nets.
[NesterovSolve] Iter: 240 overflow: 0.731365 HPWL: 4554099052
[NesterovSolve] Iter: 250 overflow: 0.703417 HPWL: 4641959488
[NesterovSolve] Iter: 260 overflow: 0.671892 HPWL: 4758581409
[NesterovSolve] Iter: 270 overflow: 0.637102 HPWL: 4851286274
[NesterovSolve] Iter: 280 overflow: 0.598287 HPWL: 4930106337
[NesterovSolve] Snapshot saved at iter = 279
[INFO GPL-0100] worst slack -1.78e-09
[INFO GPL-0103] Weighted 6389 nets.
[NesterovSolve] Iter: 290 overflow: 0.553916 HPWL: 4998879374
[NesterovSolve] Iter: 300 overflow: 0.507323 HPWL: 5065314984
[NesterovSolve] Iter: 310 overflow: 0.457524 HPWL: 5146530190
[INFO GPL-0100] worst slack -1.53e-09
[INFO GPL-0103] Weighted 6389 nets.
[NesterovSolve] Iter: 320 overflow: 0.409574 HPWL: 5246640473
[NesterovSolve] Iter: 330 overflow: 0.366702 HPWL: 5244267078
[NesterovSolve] Iter: 340 overflow: 0.335291 HPWL: 5205113309
[NesterovSolve] Iter: 350 overflow: 0.303784 HPWL: 5169690113
[NesterovSolve] Iter: 360 overflow: 0.272549 HPWL: 5132920217
[NesterovSolve] Iter: 370 overflow: 0.24516 HPWL: 5120414030
[INFO GPL-0100] worst slack -3.04e-10
[INFO GPL-0103] Weighted 6388 nets.
[NesterovSolve] Iter: 380 overflow: 0.217407 HPWL: 5108051889
[INFO GPL-0075] Routability numCall: 1 inflationIterCnt: 1 bloatIterCnt: 0
[INFO GPL-0036] TileLxLy: 0 0
[INFO GPL-0037] TileSize: 6900 6900
[INFO GPL-0038] TileCnt: 423 510
[INFO GPL-0039] numRoutingLayers: 6
[INFO GPL-0040] NumTiles: 215730
[INFO GPL-0063] TotalRouteOverflowH2: 13.40000057220459
[INFO GPL-0064] TotalRouteOverflowV2: 36.3333420753479
[INFO GPL-0065] OverflowTileCnt2: 386
[INFO GPL-0066] 0.5%RC: 1.0268340783422067
[INFO GPL-0067] 1.0%RC: 1.0134170391711033
[INFO GPL-0068] 2.0%RC: 1.0067085195855516
[INFO GPL-0069] 5.0%RC: 0.9994090716047044
[INFO GPL-0070] 0.5rcK: 1.0
[INFO GPL-0071] 1.0rcK: 1.0
[INFO GPL-0072] 2.0rcK: 0.0
[INFO GPL-0073] 5.0rcK: 0.0
[INFO GPL-0074] FinalRC: 1.0201255
[NesterovSolve] Iter: 390 overflow: 0.191283 HPWL: 5102343216
[NesterovSolve] Iter: 400 overflow: 0.167289 HPWL: 5093042963
[INFO GPL-0100] worst slack 7.62e-11
[INFO GPL-0103] Weighted 6389 nets.
[NesterovSolve] Iter: 410 overflow: 0.144278 HPWL: 5090599217
[NesterovSolve] Iter: 420 overflow: 0.125133 HPWL: 5095795481
[NesterovSolve] Iter: 430 overflow: 0.10714 HPWL: 5106804519
[NesterovSolve] Finished with Overflow: 0.099481
Warning: There is 1 input port missing set_input_delay.
Warning: There are 6 unconstrained endpoints.

==========================================================================
global place report_design_area
--------------------------------------------------------------------------
Design area 4561214 u^2 45% utilization.
Elapsed time: 1:26.94[h:]min:sec. CPU time: user 110.96 sys 0.26 (127%). Peak memory: 998264KB.
