OpenROAD v2.0-11432-gead3236e5 
This program is licensed under the BSD-3 license. See the LICENSE file for details.
Components of this program may be licensed under more restrictive licenses which must be honored.
[INFO] Deleted 0 routing obstructions
[INFO RCX-0431] Defined process_corner X with ext_model_index 0
[INFO RCX-0029] Defined extraction corner X
[INFO RCX-0008] extracting parasitics of microwatt ...
[INFO RCX-0435] Reading extraction model file /home/jborg/Data/Research/DLPnR/OpenROAD-flow-scripts/flow/platforms/sky130hd/rcx_patterns.rules ...
[INFO RCX-0436] RC segment generation microwatt (max_merge_res 50.0) ...
[INFO RCX-0040] Final 400518 rc segments
[INFO RCX-0439] Coupling Cap extraction microwatt ...
[INFO RCX-0440] Coupling threshhold is 0.1000 fF, coupling capacitance less than 0.1000 fF will be grounded.
[INFO RCX-0043] 1028498 wires to be extracted
[INFO RCX-0442] 5% completion -- 59135 wires have been extracted
[INFO RCX-0442] 15% completion -- 154903 wires have been extracted
[INFO RCX-0442] 26% completion -- 268623 wires have been extracted
[INFO RCX-0442] 38% completion -- 399987 wires have been extracted
[INFO RCX-0442] 49% completion -- 504498 wires have been extracted
[INFO RCX-0442] 54% completion -- 562612 wires have been extracted
[INFO RCX-0442] 70% completion -- 728653 wires have been extracted
[INFO RCX-0442] 86% completion -- 887602 wires have been extracted
[INFO RCX-0442] 96% completion -- 996278 wires have been extracted
[INFO RCX-0045] Extract 79958 nets, 479979 rsegs, 479979 caps, 1057246 ccs
[INFO RCX-0015] Finished extracting microwatt.
[INFO RCX-0016] Writing SPEF ...
[INFO RCX-0443] 79958 nets finished
[INFO RCX-0017] Finished writing SPEF ...
[INFO PSM-0022] Using 1.800V for VDD
[WARNING PSM-0016] Voltage pad location (VSRC) file not specified, defaulting pad location to checkerboard pattern on core area.
[WARNING PSM-0017] X direction bump pitch is not specified, defaulting to 140um.
[WARNING PSM-0018] Y direction bump pitch is not specified, defaulting to 140um.
[WARNING PSM-0065] VSRC location not specified, using default checkerboard pattern with one VDD every size bumps in x-direction and one in two bumps in the y-direction
[INFO PSM-0076] Setting metal node density to be standard cell height times 5.
[WARNING PSM-0030] VSRC location at (130.040um, 149.840um) and size 10.000um, is not located on an existing power stripe node. Moving to closest node at (47.780um, 146.880um).
[WARNING PSM-0030] VSRC location at (970.040um, 149.840um) and size 10.000um, is not located on an existing power stripe node. Moving to closest node at (947.780um, 146.880um).
[WARNING PSM-0030] VSRC location at (1810.040um, 149.840um) and size 10.000um, is not located on an existing power stripe node. Moving to closest node at (1893.900um, 146.880um).
[WARNING PSM-0030] VSRC location at (2650.040um, 149.840um) and size 10.000um, is not located on an existing power stripe node. Moving to closest node at (2613.900um, 146.880um).
[WARNING PSM-0030] VSRC location at (410.040um, 289.840um) and size 10.000um, is not located on an existing power stripe node. Moving to closest node at (417.220um, 282.880um).
[WARNING PSM-0030] VSRC location at (1250.040um, 289.840um) and size 10.000um, is not located on an existing power stripe node. Moving to closest node at (1258.560um, 282.880um).
[WARNING PSM-0030] VSRC location at (2090.040um, 289.840um) and size 10.000um, is not located on an existing power stripe node. Moving to closest node at (2099.900um, 282.880um).
[WARNING PSM-0030] VSRC location at (690.040um, 429.840um) and size 10.000um, is not located on an existing power stripe node. Moving to closest node at (688.620um, 418.880um).
[WARNING PSM-0030] VSRC location at (1530.040um, 429.840um) and size 10.000um, is not located on an existing power stripe node. Moving to closest node at (1529.960um, 418.880um).
[WARNING PSM-0030] VSRC location at (2370.040um, 429.840um) and size 10.000um, is not located on an existing power stripe node. Moving to closest node at (2371.300um, 418.880um).
[WARNING PSM-0030] VSRC location at (130.040um, 569.840um) and size 10.000um, is not located on an existing power stripe node. Moving to closest node at (118.680um, 527.680um).
[WARNING PSM-0030] VSRC location at (970.040um, 569.840um) and size 10.000um, is not located on an existing power stripe node. Moving to closest node at (960.020um, 582.080um).
[WARNING PSM-0030] VSRC location at (1810.040um, 569.840um) and size 10.000um, is not located on an existing power stripe node. Moving to closest node at (1801.360um, 582.080um).
[WARNING PSM-0030] VSRC location at (2650.040um, 569.840um) and size 10.000um, is not located on an existing power stripe node. Moving to closest node at (2642.700um, 582.080um).
[WARNING PSM-0030] VSRC location at (410.040um, 709.840um) and size 10.000um, is not located on an existing power stripe node. Moving to closest node at (410.540um, 718.080um).
[WARNING PSM-0030] VSRC location at (1250.040um, 709.840um) and size 10.000um, is not located on an existing power stripe node. Moving to closest node at (1258.560um, 718.080um).
[WARNING PSM-0030] VSRC location at (2090.040um, 709.840um) and size 10.000um, is not located on an existing power stripe node. Moving to closest node at (2099.900um, 718.080um).
[WARNING PSM-0030] VSRC location at (2370.040um, 849.840um) and size 10.000um, is not located on an existing power stripe node. Moving to closest node at (2371.300um, 772.480um).
[WARNING PSM-0030] VSRC location at (130.040um, 989.840um) and size 10.000um, is not located on an existing power stripe node. Moving to closest node at (50.540um, 990.080um).
[WARNING PSM-0030] VSRC location at (970.040um, 989.840um) and size 10.000um, is not located on an existing power stripe node. Moving to closest node at (960.020um, 990.080um).
[WARNING PSM-0030] VSRC location at (1810.040um, 989.840um) and size 10.000um, is not located on an existing power stripe node. Moving to closest node at (1740.120um, 990.080um).
[WARNING PSM-0030] VSRC location at (2650.040um, 989.840um) and size 10.000um, is not located on an existing power stripe node. Moving to closest node at (2640.120um, 990.080um).
[WARNING PSM-0030] VSRC location at (410.040um, 1129.840um) and size 10.000um, is not located on an existing power stripe node. Moving to closest node at (417.220um, 1126.080um).
[WARNING PSM-0030] VSRC location at (1250.040um, 1129.840um) and size 10.000um, is not located on an existing power stripe node. Moving to closest node at (1258.560um, 1126.080um).
[WARNING PSM-0030] VSRC location at (2090.040um, 1129.840um) and size 10.000um, is not located on an existing power stripe node. Moving to closest node at (2100.120um, 1126.080um).
[WARNING PSM-0030] VSRC location at (690.040um, 1269.840um) and size 10.000um, is not located on an existing power stripe node. Moving to closest node at (688.620um, 1262.080um).
[WARNING PSM-0030] VSRC location at (1530.040um, 1269.840um) and size 10.000um, is not located on an existing power stripe node. Moving to closest node at (1529.960um, 1262.080um).
[WARNING PSM-0030] VSRC location at (2370.040um, 1269.840um) and size 10.000um, is not located on an existing power stripe node. Moving to closest node at (2280.120um, 1262.080um).
[WARNING PSM-0030] VSRC location at (130.040um, 1409.840um) and size 10.000um, is not located on an existing power stripe node. Moving to closest node at (118.680um, 1398.080um).
[WARNING PSM-0030] VSRC location at (970.040um, 1409.840um) and size 10.000um, is not located on an existing power stripe node. Moving to closest node at (960.020um, 1398.080um).
[WARNING PSM-0030] VSRC location at (1810.040um, 1409.840um) and size 10.000um, is not located on an existing power stripe node. Moving to closest node at (1740.120um, 1398.080um).
[WARNING PSM-0030] VSRC location at (2650.040um, 1409.840um) and size 10.000um, is not located on an existing power stripe node. Moving to closest node at (2640.120um, 1398.080um).
[WARNING PSM-0030] VSRC location at (410.040um, 1549.840um) and size 10.000um, is not located on an existing power stripe node. Moving to closest node at (417.220um, 1561.280um).
[WARNING PSM-0030] VSRC location at (1250.040um, 1549.840um) and size 10.000um, is not located on an existing power stripe node. Moving to closest node at (1258.560um, 1561.280um).
[WARNING PSM-0030] VSRC location at (2090.040um, 1549.840um) and size 10.000um, is not located on an existing power stripe node. Moving to closest node at (2100.120um, 1561.280um).
[WARNING PSM-0030] VSRC location at (690.040um, 1689.840um) and size 10.000um, is not located on an existing power stripe node. Moving to closest node at (688.620um, 1697.280um).
[WARNING PSM-0030] VSRC location at (1530.040um, 1689.840um) and size 10.000um, is not located on an existing power stripe node. Moving to closest node at (1529.960um, 1697.280um).
[WARNING PSM-0030] VSRC location at (2370.040um, 1689.840um) and size 10.000um, is not located on an existing power stripe node. Moving to closest node at (2280.120um, 1697.280um).
[WARNING PSM-0030] VSRC location at (130.040um, 1829.840um) and size 10.000um, is not located on an existing power stripe node. Moving to closest node at (50.540um, 1833.280um).
[WARNING PSM-0030] VSRC location at (970.040um, 1829.840um) and size 10.000um, is not located on an existing power stripe node. Moving to closest node at (960.020um, 1833.280um).
[WARNING PSM-0030] VSRC location at (1810.040um, 1829.840um) and size 10.000um, is not located on an existing power stripe node. Moving to closest node at (1740.120um, 1833.280um).
[WARNING PSM-0030] VSRC location at (2650.040um, 1829.840um) and size 10.000um, is not located on an existing power stripe node. Moving to closest node at (2640.120um, 1833.280um).
[WARNING PSM-0030] VSRC location at (1250.040um, 1969.840um) and size 10.000um, is not located on an existing power stripe node. Moving to closest node at (1258.560um, 1969.280um).
[WARNING PSM-0030] VSRC location at (2090.040um, 1969.840um) and size 10.000um, is not located on an existing power stripe node. Moving to closest node at (2099.900um, 1969.280um).
[WARNING PSM-0030] VSRC location at (130.040um, 2249.840um) and size 10.000um, is not located on an existing power stripe node. Moving to closest node at (118.680um, 2241.280um).
[WARNING PSM-0030] VSRC location at (970.040um, 2249.840um) and size 10.000um, is not located on an existing power stripe node. Moving to closest node at (960.020um, 2241.280um).
[WARNING PSM-0030] VSRC location at (1810.040um, 2249.840um) and size 10.000um, is not located on an existing power stripe node. Moving to closest node at (1801.360um, 2241.280um).
[WARNING PSM-0030] VSRC location at (2650.040um, 2249.840um) and size 10.000um, is not located on an existing power stripe node. Moving to closest node at (2642.700um, 2241.280um).
[WARNING PSM-0030] VSRC location at (410.040um, 2389.840um) and size 10.000um, is not located on an existing power stripe node. Moving to closest node at (417.220um, 2377.280um).
[WARNING PSM-0030] VSRC location at (1250.040um, 2389.840um) and size 10.000um, is not located on an existing power stripe node. Moving to closest node at (1258.560um, 2377.280um).
[WARNING PSM-0030] VSRC location at (2090.040um, 2389.840um) and size 10.000um, is not located on an existing power stripe node. Moving to closest node at (2099.900um, 2377.280um).
[WARNING PSM-0030] VSRC location at (690.040um, 2529.840um) and size 10.000um, is not located on an existing power stripe node. Moving to closest node at (688.620um, 2540.480um).
[WARNING PSM-0030] VSRC location at (1530.040um, 2529.840um) and size 10.000um, is not located on an existing power stripe node. Moving to closest node at (1529.960um, 2486.080um).
[WARNING PSM-0030] VSRC location at (2370.040um, 2529.840um) and size 10.000um, is not located on an existing power stripe node. Moving to closest node at (2371.300um, 2540.480um).
[WARNING PSM-0030] VSRC location at (130.040um, 2669.840um) and size 10.000um, is not located on an existing power stripe node. Moving to closest node at (118.680um, 2676.480um).
[WARNING PSM-0030] VSRC location at (970.040um, 2669.840um) and size 10.000um, is not located on an existing power stripe node. Moving to closest node at (1053.620um, 2676.480um).
[WARNING PSM-0030] VSRC location at (1810.040um, 2669.840um) and size 10.000um, is not located on an existing power stripe node. Moving to closest node at (1773.620um, 2676.480um).
[WARNING PSM-0030] VSRC location at (2650.040um, 2669.840um) and size 10.000um, is not located on an existing power stripe node. Moving to closest node at (2642.700um, 2676.480um).
[WARNING PSM-0030] VSRC location at (410.040um, 2809.840um) and size 10.000um, is not located on an existing power stripe node. Moving to closest node at (417.220um, 2812.480um).
[WARNING PSM-0030] VSRC location at (1250.040um, 2809.840um) and size 10.000um, is not located on an existing power stripe node. Moving to closest node at (1233.620um, 2812.480um).
[WARNING PSM-0030] VSRC location at (2090.040um, 2809.840um) and size 10.000um, is not located on an existing power stripe node. Moving to closest node at (2133.620um, 2812.480um).
[WARNING PSM-0030] VSRC location at (1530.040um, 2949.840um) and size 10.000um, is not located on an existing power stripe node. Moving to closest node at (1593.620um, 2948.480um).
[WARNING PSM-0030] VSRC location at (130.040um, 3089.840um) and size 10.000um, is not located on an existing power stripe node. Moving to closest node at (118.680um, 3084.480um).
[WARNING PSM-0030] VSRC location at (970.040um, 3089.840um) and size 10.000um, is not located on an existing power stripe node. Moving to closest node at (1053.620um, 3084.480um).
[WARNING PSM-0030] VSRC location at (1810.040um, 3089.840um) and size 10.000um, is not located on an existing power stripe node. Moving to closest node at (1773.620um, 3084.480um).
[WARNING PSM-0030] VSRC location at (2650.040um, 3089.840um) and size 10.000um, is not located on an existing power stripe node. Moving to closest node at (2642.700um, 3084.480um).
[WARNING PSM-0030] VSRC location at (410.040um, 3229.840um) and size 10.000um, is not located on an existing power stripe node. Moving to closest node at (417.220um, 3220.480um).
[WARNING PSM-0030] VSRC location at (1250.040um, 3229.840um) and size 10.000um, is not located on an existing power stripe node. Moving to closest node at (1233.620um, 3220.480um).
[WARNING PSM-0030] VSRC location at (2090.040um, 3229.840um) and size 10.000um, is not located on an existing power stripe node. Moving to closest node at (2133.620um, 3220.480um).
[WARNING PSM-0030] VSRC location at (690.040um, 3369.840um) and size 10.000um, is not located on an existing power stripe node. Moving to closest node at (688.620um, 3356.480um).
[WARNING PSM-0030] VSRC location at (1530.040um, 3369.840um) and size 10.000um, is not located on an existing power stripe node. Moving to closest node at (1593.620um, 3356.480um).
[WARNING PSM-0030] VSRC location at (2370.040um, 3369.840um) and size 10.000um, is not located on an existing power stripe node. Moving to closest node at (2371.300um, 3356.480um).
[INFO PSM-0031] Number of PDN nodes on net VDD = 397020.
[INFO PSM-0064] Number of voltage sources = 80.
[INFO PSM-0040] All PDN stripes on net VDD are connected.
########## IR report #################
Corner: default
Worstcase voltage: 1.80e+00 V
Average IR drop  : 3.41e-04 V
Worstcase IR drop: 9.69e-04 V
######################################
[INFO PSM-0022] Using 0.000V for VSS
[WARNING PSM-0016] Voltage pad location (VSRC) file not specified, defaulting pad location to checkerboard pattern on core area.
[WARNING PSM-0017] X direction bump pitch is not specified, defaulting to 140um.
[WARNING PSM-0018] Y direction bump pitch is not specified, defaulting to 140um.
[WARNING PSM-0065] VSRC location not specified, using default checkerboard pattern with one VDD every size bumps in x-direction and one in two bumps in the y-direction
[INFO PSM-0076] Setting metal node density to be standard cell height times 5.
[WARNING PSM-0030] VSRC location at (130.040um, 149.840um) and size 10.000um, is not located on an existing power stripe node. Moving to closest node at (137.780um, 160.480um).
[WARNING PSM-0030] VSRC location at (970.040um, 149.840um) and size 10.000um, is not located on an existing power stripe node. Moving to closest node at (1037.780um, 160.480um).
[WARNING PSM-0030] VSRC location at (1810.040um, 149.840um) and size 10.000um, is not located on an existing power stripe node. Moving to closest node at (1803.900um, 160.480um).
[WARNING PSM-0030] VSRC location at (2650.040um, 149.840um) and size 10.000um, is not located on an existing power stripe node. Moving to closest node at (2703.900um, 160.480um).
[WARNING PSM-0030] VSRC location at (410.040um, 289.840um) and size 10.000um, is not located on an existing power stripe node. Moving to closest node at (403.650um, 296.480um).
[WARNING PSM-0030] VSRC location at (1250.040um, 289.840um) and size 10.000um, is not located on an existing power stripe node. Moving to closest node at (1244.990um, 296.480um).
[WARNING PSM-0030] VSRC location at (2090.040um, 289.840um) and size 10.000um, is not located on an existing power stripe node. Moving to closest node at (2086.330um, 296.480um).
[WARNING PSM-0030] VSRC location at (690.040um, 429.840um) and size 10.000um, is not located on an existing power stripe node. Moving to closest node at (702.190um, 432.480um).
[WARNING PSM-0030] VSRC location at (1530.040um, 429.840um) and size 10.000um, is not located on an existing power stripe node. Moving to closest node at (1543.530um, 432.480um).
[WARNING PSM-0030] VSRC location at (2370.040um, 429.840um) and size 10.000um, is not located on an existing power stripe node. Moving to closest node at (2357.730um, 432.480um).
[WARNING PSM-0030] VSRC location at (130.040um, 569.840um) and size 10.000um, is not located on an existing power stripe node. Moving to closest node at (140.540um, 568.480um).
[WARNING PSM-0030] VSRC location at (2650.040um, 569.840um) and size 10.000um, is not located on an existing power stripe node. Moving to closest node at (2656.270um, 568.480um).
[WARNING PSM-0030] VSRC location at (410.040um, 709.840um) and size 10.000um, is not located on an existing power stripe node. Moving to closest node at (320.540um, 704.480um).
[WARNING PSM-0030] VSRC location at (1250.040um, 709.840um) and size 10.000um, is not located on an existing power stripe node. Moving to closest node at (1244.990um, 704.480um).
[WARNING PSM-0030] VSRC location at (2090.040um, 709.840um) and size 10.000um, is not located on an existing power stripe node. Moving to closest node at (2086.330um, 704.480um).
[WARNING PSM-0030] VSRC location at (690.040um, 849.840um) and size 10.000um, is not located on an existing power stripe node. Moving to closest node at (702.190um, 840.480um).
[WARNING PSM-0030] VSRC location at (1530.040um, 849.840um) and size 10.000um, is not located on an existing power stripe node. Moving to closest node at (1543.530um, 840.480um).
[WARNING PSM-0030] VSRC location at (2370.040um, 849.840um) and size 10.000um, is not located on an existing power stripe node. Moving to closest node at (2370.120um, 840.480um).
[WARNING PSM-0030] VSRC location at (130.040um, 989.840um) and size 10.000um, is not located on an existing power stripe node. Moving to closest node at (140.540um, 976.480um).
[WARNING PSM-0030] VSRC location at (970.040um, 989.840um) and size 10.000um, is not located on an existing power stripe node. Moving to closest node at (973.590um, 976.480um).
[WARNING PSM-0030] VSRC location at (1810.040um, 989.840um) and size 10.000um, is not located on an existing power stripe node. Moving to closest node at (1830.120um, 976.480um).
[WARNING PSM-0030] VSRC location at (2650.040um, 989.840um) and size 10.000um, is not located on an existing power stripe node. Moving to closest node at (2730.120um, 976.480um).
[WARNING PSM-0030] VSRC location at (410.040um, 1129.840um) and size 10.000um, is not located on an existing power stripe node. Moving to closest node at (403.650um, 1139.680um).
[WARNING PSM-0030] VSRC location at (1250.040um, 1129.840um) and size 10.000um, is not located on an existing power stripe node. Moving to closest node at (1244.990um, 1139.680um).
[WARNING PSM-0030] VSRC location at (2090.040um, 1129.840um) and size 10.000um, is not located on an existing power stripe node. Moving to closest node at (2010.120um, 1139.680um).
[WARNING PSM-0030] VSRC location at (690.040um, 1269.840um) and size 10.000um, is not located on an existing power stripe node. Moving to closest node at (702.190um, 1275.680um).
[WARNING PSM-0030] VSRC location at (1530.040um, 1269.840um) and size 10.000um, is not located on an existing power stripe node. Moving to closest node at (1543.530um, 1275.680um).
[WARNING PSM-0030] VSRC location at (2370.040um, 1269.840um) and size 10.000um, is not located on an existing power stripe node. Moving to closest node at (2370.120um, 1275.680um).
[WARNING PSM-0030] VSRC location at (1810.040um, 1409.840um) and size 10.000um, is not located on an existing power stripe node. Moving to closest node at (1830.120um, 1411.680um).
[WARNING PSM-0030] VSRC location at (2650.040um, 1409.840um) and size 10.000um, is not located on an existing power stripe node. Moving to closest node at (2730.120um, 1411.680um).
[WARNING PSM-0030] VSRC location at (410.040um, 1549.840um) and size 10.000um, is not located on an existing power stripe node. Moving to closest node at (403.650um, 1547.680um).
[WARNING PSM-0030] VSRC location at (1250.040um, 1549.840um) and size 10.000um, is not located on an existing power stripe node. Moving to closest node at (1244.990um, 1547.680um).
[WARNING PSM-0030] VSRC location at (2090.040um, 1549.840um) and size 10.000um, is not located on an existing power stripe node. Moving to closest node at (2010.120um, 1547.680um).
[WARNING PSM-0030] VSRC location at (690.040um, 1689.840um) and size 10.000um, is not located on an existing power stripe node. Moving to closest node at (702.190um, 1683.680um).
[WARNING PSM-0030] VSRC location at (1530.040um, 1689.840um) and size 10.000um, is not located on an existing power stripe node. Moving to closest node at (1543.530um, 1683.680um).
[WARNING PSM-0030] VSRC location at (2370.040um, 1689.840um) and size 10.000um, is not located on an existing power stripe node. Moving to closest node at (2370.120um, 1683.680um).
[WARNING PSM-0030] VSRC location at (130.040um, 1829.840um) and size 10.000um, is not located on an existing power stripe node. Moving to closest node at (140.540um, 1819.680um).
[WARNING PSM-0030] VSRC location at (970.040um, 1829.840um) and size 10.000um, is not located on an existing power stripe node. Moving to closest node at (973.590um, 1819.680um).
[WARNING PSM-0030] VSRC location at (1810.040um, 1829.840um) and size 10.000um, is not located on an existing power stripe node. Moving to closest node at (1830.120um, 1819.680um).
[WARNING PSM-0030] VSRC location at (2650.040um, 1829.840um) and size 10.000um, is not located on an existing power stripe node. Moving to closest node at (2730.120um, 1819.680um).
[WARNING PSM-0030] VSRC location at (410.040um, 1969.840um) and size 10.000um, is not located on an existing power stripe node. Moving to closest node at (320.540um, 1982.880um).
[WARNING PSM-0030] VSRC location at (1250.040um, 1969.840um) and size 10.000um, is not located on an existing power stripe node. Moving to closest node at (1244.990um, 1982.880um).
[WARNING PSM-0030] VSRC location at (2090.040um, 1969.840um) and size 10.000um, is not located on an existing power stripe node. Moving to closest node at (2086.330um, 1982.880um).
[WARNING PSM-0030] VSRC location at (690.040um, 2109.840um) and size 10.000um, is not located on an existing power stripe node. Moving to closest node at (702.190um, 2118.880um).
[WARNING PSM-0030] VSRC location at (1530.040um, 2109.840um) and size 10.000um, is not located on an existing power stripe node. Moving to closest node at (1543.530um, 2118.880um).
[WARNING PSM-0030] VSRC location at (2370.040um, 2109.840um) and size 10.000um, is not located on an existing power stripe node. Moving to closest node at (2357.730um, 2118.880um).
[WARNING PSM-0030] VSRC location at (130.040um, 2249.840um) and size 10.000um, is not located on an existing power stripe node. Moving to closest node at (132.250um, 2254.880um).
[WARNING PSM-0030] VSRC location at (970.040um, 2249.840um) and size 10.000um, is not located on an existing power stripe node. Moving to closest node at (973.590um, 2254.880um).
[WARNING PSM-0030] VSRC location at (1810.040um, 2249.840um) and size 10.000um, is not located on an existing power stripe node. Moving to closest node at (1814.930um, 2254.880um).
[WARNING PSM-0030] VSRC location at (2650.040um, 2249.840um) and size 10.000um, is not located on an existing power stripe node. Moving to closest node at (2656.270um, 2254.880um).
[WARNING PSM-0030] VSRC location at (410.040um, 2389.840um) and size 10.000um, is not located on an existing power stripe node. Moving to closest node at (403.650um, 2390.880um).
[WARNING PSM-0030] VSRC location at (1250.040um, 2389.840um) and size 10.000um, is not located on an existing power stripe node. Moving to closest node at (1244.990um, 2390.880um).
[WARNING PSM-0030] VSRC location at (690.040um, 2529.840um) and size 10.000um, is not located on an existing power stripe node. Moving to closest node at (675.050um, 2526.880um).
[WARNING PSM-0030] VSRC location at (1530.040um, 2529.840um) and size 10.000um, is not located on an existing power stripe node. Moving to closest node at (1543.530um, 2472.480um).
[WARNING PSM-0030] VSRC location at (2370.040um, 2529.840um) and size 10.000um, is not located on an existing power stripe node. Moving to closest node at (2357.730um, 2526.880um).
[WARNING PSM-0030] VSRC location at (130.040um, 2669.840um) and size 10.000um, is not located on an existing power stripe node. Moving to closest node at (132.250um, 2662.880um).
[WARNING PSM-0030] VSRC location at (970.040um, 2669.840um) and size 10.000um, is not located on an existing power stripe node. Moving to closest node at (963.620um, 2662.880um).
[WARNING PSM-0030] VSRC location at (1810.040um, 2669.840um) and size 10.000um, is not located on an existing power stripe node. Moving to closest node at (1863.620um, 2662.880um).
[WARNING PSM-0030] VSRC location at (2650.040um, 2669.840um) and size 10.000um, is not located on an existing power stripe node. Moving to closest node at (2656.270um, 2662.880um).
[WARNING PSM-0030] VSRC location at (410.040um, 2809.840um) and size 10.000um, is not located on an existing power stripe node. Moving to closest node at (403.650um, 2798.880um).
[WARNING PSM-0030] VSRC location at (1250.040um, 2809.840um) and size 10.000um, is not located on an existing power stripe node. Moving to closest node at (1323.620um, 2798.880um).
[WARNING PSM-0030] VSRC location at (2090.040um, 2809.840um) and size 10.000um, is not located on an existing power stripe node. Moving to closest node at (2043.620um, 2798.880um).
[WARNING PSM-0030] VSRC location at (690.040um, 2949.840um) and size 10.000um, is not located on an existing power stripe node. Moving to closest node at (675.050um, 2962.080um).
[WARNING PSM-0030] VSRC location at (1530.040um, 2949.840um) and size 10.000um, is not located on an existing power stripe node. Moving to closest node at (1503.620um, 2962.080um).
[WARNING PSM-0030] VSRC location at (2370.040um, 2949.840um) and size 10.000um, is not located on an existing power stripe node. Moving to closest node at (2357.730um, 2962.080um).
[WARNING PSM-0030] VSRC location at (130.040um, 3089.840um) and size 10.000um, is not located on an existing power stripe node. Moving to closest node at (132.250um, 3098.080um).
[WARNING PSM-0030] VSRC location at (970.040um, 3089.840um) and size 10.000um, is not located on an existing power stripe node. Moving to closest node at (963.620um, 3098.080um).
[WARNING PSM-0030] VSRC location at (1810.040um, 3089.840um) and size 10.000um, is not located on an existing power stripe node. Moving to closest node at (1863.620um, 3098.080um).
[WARNING PSM-0030] VSRC location at (2650.040um, 3089.840um) and size 10.000um, is not located on an existing power stripe node. Moving to closest node at (2656.270um, 3098.080um).
[WARNING PSM-0030] VSRC location at (410.040um, 3229.840um) and size 10.000um, is not located on an existing power stripe node. Moving to closest node at (403.650um, 3234.080um).
[WARNING PSM-0030] VSRC location at (1250.040um, 3229.840um) and size 10.000um, is not located on an existing power stripe node. Moving to closest node at (1323.620um, 3234.080um).
[WARNING PSM-0030] VSRC location at (2090.040um, 3229.840um) and size 10.000um, is not located on an existing power stripe node. Moving to closest node at (2043.620um, 3234.080um).
[WARNING PSM-0030] VSRC location at (690.040um, 3369.840um) and size 10.000um, is not located on an existing power stripe node. Moving to closest node at (675.050um, 3370.080um).
[WARNING PSM-0030] VSRC location at (1530.040um, 3369.840um) and size 10.000um, is not located on an existing power stripe node. Moving to closest node at (1503.620um, 3370.080um).
[WARNING PSM-0030] VSRC location at (2370.040um, 3369.840um) and size 10.000um, is not located on an existing power stripe node. Moving to closest node at (2357.730um, 3370.080um).
[INFO PSM-0031] Number of PDN nodes on net VSS = 399952.
[INFO PSM-0064] Number of voltage sources = 80.
[INFO PSM-0040] All PDN stripes on net VSS are connected.
########## IR report #################
Corner: default
Worstcase voltage: 9.52e-04 V
Average IR drop  : 3.50e-04 V
Worstcase IR drop: 9.52e-04 V
######################################
Warning: There is 1 input port missing set_input_delay.
Warning: There are 6 unconstrained endpoints.

==========================================================================
finish report_design_area
--------------------------------------------------------------------------
Design area 4895612 u^2 48% utilization.
Elapsed time: 2:28.11[h:]min:sec. CPU time: user 147.32 sys 1.03 (100%). Peak memory: 2426232KB.
