OpenROAD autotuner-v1-2861-g832b18e7 
This program is licensed under the BSD-3 license. See the LICENSE file for details.
Components of this program may be licensed under more restrictive licenses which must be honored.
[INFO] Deleted 0 routing obstructions
[INFO RCX-0431] Defined process_corner X with ext_model_index 0
[INFO RCX-0029] Defined extraction corner X
[INFO RCX-0008] extracting parasitics of soc_core ...
[INFO RCX-0435] Reading extraction model file /home/jborg/Data/Research/DLPnR/OpenROAD-flow-scripts/flow/platforms/sky130hd/rcx_patterns.rules ...
[INFO RCX-0436] RC segment generation soc_core (max_merge_res 50.0) ...
[INFO RCX-0040] Final 19416 rc segments
[INFO RCX-0439] Coupling Cap extraction soc_core ...
[INFO RCX-0440] Coupling threshhold is 0.1000 fF, coupling capacitance less than 0.1000 fF will be grounded.
[INFO RCX-0043] 154797 wires to be extracted
[INFO RCX-0442] 10% completion -- 16368 wires have been extracted
[INFO RCX-0442] 16% completion -- 25697 wires have been extracted
[INFO RCX-0442] 22% completion -- 35025 wires have been extracted
[INFO RCX-0442] 38% completion -- 60203 wires have been extracted
[INFO RCX-0442] 51% completion -- 79342 wires have been extracted
[INFO RCX-0442] 68% completion -- 105793 wires have been extracted
[INFO RCX-0442] 89% completion -- 138613 wires have been extracted
[INFO RCX-0442] 95% completion -- 148101 wires have been extracted
[INFO RCX-0045] Extract 3390 nets, 22779 rsegs, 22779 caps, 32543 ccs
[INFO RCX-0015] Finished extracting soc_core.
[INFO RCX-0016] Writing SPEF ...
[INFO RCX-0443] 3390 nets finished
[INFO RCX-0017] Finished writing SPEF ...
[INFO PSM-0022] Using 1.800V for VDD
[WARNING PSM-0016] Voltage pad location (VSRC) file not specified, defaulting pad location to checkerboard pattern on core area.
[WARNING PSM-0017] X direction bump pitch is not specified, defaulting to 140um.
[WARNING PSM-0018] Y direction bump pitch is not specified, defaulting to 140um.
[WARNING PSM-0065] VSRC location not specified, using default checkerboard pattern with one VDD every size bumps in x-direction and one in two bumps in the y-direction
[INFO PSM-0076] Setting metal node density to be standard cell height times 5.
[WARNING PSM-0030] VSRC location at (130.040um, 149.840um) and size 10.000um, is not located on an existing power stripe node. Moving to closest node at (128.800um, 157.760um).
[WARNING PSM-0030] VSRC location at (970.040um, 149.840um) and size 10.000um, is not located on an existing power stripe node. Moving to closest node at (970.140um, 157.760um).
[WARNING PSM-0030] VSRC location at (1810.040um, 149.840um) and size 10.000um, is not located on an existing power stripe node. Moving to closest node at (1811.480um, 157.760um).
[WARNING PSM-0030] VSRC location at (2650.040um, 149.840um) and size 10.000um, is not located on an existing power stripe node. Moving to closest node at (2652.820um, 157.760um).
[WARNING PSM-0030] VSRC location at (410.040um, 289.840um) and size 10.000um, is not located on an existing power stripe node. Moving to closest node at (370.110um, 293.760um).
[WARNING PSM-0030] VSRC location at (1250.040um, 289.840um) and size 10.000um, is not located on an existing power stripe node. Moving to closest node at (1295.820um, 293.760um).
[WARNING PSM-0030] VSRC location at (2090.040um, 289.840um) and size 10.000um, is not located on an existing power stripe node. Moving to closest node at (2077.310um, 293.760um).
[WARNING PSM-0030] VSRC location at (690.040um, 429.840um) and size 10.000um, is not located on an existing power stripe node. Moving to closest node at (677.310um, 429.760um).
[WARNING PSM-0030] VSRC location at (1530.040um, 429.840um) and size 10.000um, is not located on an existing power stripe node. Moving to closest node at (1540.080um, 429.760um).
[WARNING PSM-0030] VSRC location at (2370.040um, 429.840um) and size 10.000um, is not located on an existing power stripe node. Moving to closest node at (2384.510um, 429.760um).
[WARNING PSM-0030] VSRC location at (970.040um, 569.840um) and size 10.000um, is not located on an existing power stripe node. Moving to closest node at (984.510um, 565.760um).
[WARNING PSM-0030] VSRC location at (1810.040um, 569.840um) and size 10.000um, is not located on an existing power stripe node. Moving to closest node at (1770.110um, 565.760um).
[WARNING PSM-0030] VSRC location at (2650.040um, 569.840um) and size 10.000um, is not located on an existing power stripe node. Moving to closest node at (2679.960um, 565.760um).
[WARNING PSM-0030] VSRC location at (410.040um, 709.840um) and size 10.000um, is not located on an existing power stripe node. Moving to closest node at (370.110um, 701.760um).
[WARNING PSM-0030] VSRC location at (1250.040um, 709.840um) and size 10.000um, is not located on an existing power stripe node. Moving to closest node at (1295.820um, 701.760um).
[WARNING PSM-0030] VSRC location at (2090.040um, 709.840um) and size 10.000um, is not located on an existing power stripe node. Moving to closest node at (2077.310um, 701.760um).
[WARNING PSM-0030] VSRC location at (690.040um, 849.840um) and size 10.000um, is not located on an existing power stripe node. Moving to closest node at (677.310um, 837.760um).
[WARNING PSM-0030] VSRC location at (1530.040um, 849.840um) and size 10.000um, is not located on an existing power stripe node. Moving to closest node at (1540.080um, 837.760um).
[WARNING PSM-0030] VSRC location at (2370.040um, 849.840um) and size 10.000um, is not located on an existing power stripe node. Moving to closest node at (2384.510um, 837.760um).
[WARNING PSM-0030] VSRC location at (130.040um, 989.840um) and size 10.000um, is not located on an existing power stripe node. Moving to closest node at (128.800um, 1000.960um).
[WARNING PSM-0030] VSRC location at (970.040um, 989.840um) and size 10.000um, is not located on an existing power stripe node. Moving to closest node at (984.510um, 1000.960um).
[WARNING PSM-0030] VSRC location at (1810.040um, 989.840um) and size 10.000um, is not located on an existing power stripe node. Moving to closest node at (1770.110um, 1000.960um).
[WARNING PSM-0030] VSRC location at (2650.040um, 989.840um) and size 10.000um, is not located on an existing power stripe node. Moving to closest node at (2679.960um, 1000.960um).
[WARNING PSM-0030] VSRC location at (410.040um, 1129.840um) and size 10.000um, is not located on an existing power stripe node. Moving to closest node at (370.110um, 1136.960um).
[WARNING PSM-0030] VSRC location at (1250.040um, 1129.840um) and size 10.000um, is not located on an existing power stripe node. Moving to closest node at (1295.820um, 1136.960um).
[WARNING PSM-0030] VSRC location at (2090.040um, 1129.840um) and size 10.000um, is not located on an existing power stripe node. Moving to closest node at (2077.310um, 1136.960um).
[WARNING PSM-0030] VSRC location at (690.040um, 1269.840um) and size 10.000um, is not located on an existing power stripe node. Moving to closest node at (677.310um, 1272.960um).
[WARNING PSM-0030] VSRC location at (1530.040um, 1269.840um) and size 10.000um, is not located on an existing power stripe node. Moving to closest node at (1540.080um, 1272.960um).
[WARNING PSM-0030] VSRC location at (2370.040um, 1269.840um) and size 10.000um, is not located on an existing power stripe node. Moving to closest node at (2384.510um, 1272.960um).
[WARNING PSM-0030] VSRC location at (970.040um, 1409.840um) and size 10.000um, is not located on an existing power stripe node. Moving to closest node at (984.510um, 1408.960um).
[WARNING PSM-0030] VSRC location at (1810.040um, 1409.840um) and size 10.000um, is not located on an existing power stripe node. Moving to closest node at (1770.110um, 1408.960um).
[WARNING PSM-0030] VSRC location at (2650.040um, 1409.840um) and size 10.000um, is not located on an existing power stripe node. Moving to closest node at (2679.960um, 1408.960um).
[WARNING PSM-0030] VSRC location at (410.040um, 1549.840um) and size 10.000um, is not located on an existing power stripe node. Moving to closest node at (400.200um, 1544.960um).
[WARNING PSM-0030] VSRC location at (1250.040um, 1549.840um) and size 10.000um, is not located on an existing power stripe node. Moving to closest node at (1241.540um, 1544.960um).
[WARNING PSM-0030] VSRC location at (2090.040um, 1549.840um) and size 10.000um, is not located on an existing power stripe node. Moving to closest node at (2082.880um, 1544.960um).
[WARNING PSM-0030] VSRC location at (690.040um, 1689.840um) and size 10.000um, is not located on an existing power stripe node. Moving to closest node at (698.740um, 1680.960um).
[WARNING PSM-0030] VSRC location at (1530.040um, 1689.840um) and size 10.000um, is not located on an existing power stripe node. Moving to closest node at (1540.080um, 1680.960um).
[WARNING PSM-0030] VSRC location at (2370.040um, 1689.840um) and size 10.000um, is not located on an existing power stripe node. Moving to closest node at (2381.420um, 1680.960um).
[WARNING PSM-0030] VSRC location at (130.040um, 1829.840um) and size 10.000um, is not located on an existing power stripe node. Moving to closest node at (128.800um, 1816.960um).
[WARNING PSM-0030] VSRC location at (970.040um, 1829.840um) and size 10.000um, is not located on an existing power stripe node. Moving to closest node at (970.140um, 1816.960um).
[WARNING PSM-0030] VSRC location at (1810.040um, 1829.840um) and size 10.000um, is not located on an existing power stripe node. Moving to closest node at (1811.480um, 1816.960um).
[WARNING PSM-0030] VSRC location at (2650.040um, 1829.840um) and size 10.000um, is not located on an existing power stripe node. Moving to closest node at (2632.640um, 1816.960um).
[WARNING PSM-0030] VSRC location at (410.040um, 1969.840um) and size 10.000um, is not located on an existing power stripe node. Moving to closest node at (400.200um, 1952.960um).
[WARNING PSM-0030] VSRC location at (1250.040um, 1969.840um) and size 10.000um, is not located on an existing power stripe node. Moving to closest node at (1241.540um, 1952.960um).
[WARNING PSM-0030] VSRC location at (2090.040um, 1969.840um) and size 10.000um, is not located on an existing power stripe node. Moving to closest node at (2082.880um, 1980.160um).
[WARNING PSM-0030] VSRC location at (690.040um, 2109.840um) and size 10.000um, is not located on an existing power stripe node. Moving to closest node at (658.935um, 2116.160um).
[WARNING PSM-0030] VSRC location at (1530.040um, 2109.840um) and size 10.000um, is not located on an existing power stripe node. Moving to closest node at (1540.080um, 2116.160um).
[WARNING PSM-0030] VSRC location at (2370.040um, 2109.840um) and size 10.000um, is not located on an existing power stripe node. Moving to closest node at (2325.440um, 2116.160um).
[WARNING PSM-0030] VSRC location at (2650.040um, 2249.840um) and size 10.000um, is not located on an existing power stripe node. Moving to closest node at (2632.640um, 2252.160um).
[WARNING PSM-0030] VSRC location at (410.040um, 2389.840um) and size 10.000um, is not located on an existing power stripe node. Moving to closest node at (351.735um, 2388.160um).
[WARNING PSM-0030] VSRC location at (1250.040um, 2389.840um) and size 10.000um, is not located on an existing power stripe node. Moving to closest node at (1273.335um, 2388.160um).
[WARNING PSM-0030] VSRC location at (2090.040um, 2389.840um) and size 10.000um, is not located on an existing power stripe node. Moving to closest node at (2082.880um, 2388.160um).
[WARNING PSM-0030] VSRC location at (690.040um, 2529.840um) and size 10.000um, is not located on an existing power stripe node. Moving to closest node at (658.935um, 2524.160um).
[WARNING PSM-0030] VSRC location at (1530.040um, 2529.840um) and size 10.000um, is not located on an existing power stripe node. Moving to closest node at (1540.080um, 2524.160um).
[WARNING PSM-0030] VSRC location at (2370.040um, 2529.840um) and size 10.000um, is not located on an existing power stripe node. Moving to closest node at (2381.420um, 2524.160um).
[WARNING PSM-0030] VSRC location at (130.040um, 2669.840um) and size 10.000um, is not located on an existing power stripe node. Moving to closest node at (128.800um, 2660.160um).
[WARNING PSM-0030] VSRC location at (970.040um, 2669.840um) and size 10.000um, is not located on an existing power stripe node. Moving to closest node at (966.135um, 2660.160um).
[WARNING PSM-0030] VSRC location at (1810.040um, 2669.840um) and size 10.000um, is not located on an existing power stripe node. Moving to closest node at (1797.130um, 2660.160um).
[WARNING PSM-0030] VSRC location at (2650.040um, 2669.840um) and size 10.000um, is not located on an existing power stripe node. Moving to closest node at (2652.820um, 2660.160um).
[WARNING PSM-0030] VSRC location at (410.040um, 2809.840um) and size 10.000um, is not located on an existing power stripe node. Moving to closest node at (351.735um, 2823.360um).
[WARNING PSM-0030] VSRC location at (1250.040um, 2809.840um) and size 10.000um, is not located on an existing power stripe node. Moving to closest node at (1273.335um, 2823.360um).
[WARNING PSM-0030] VSRC location at (2090.040um, 2809.840um) and size 10.000um, is not located on an existing power stripe node. Moving to closest node at (2082.880um, 2823.360um).
[WARNING PSM-0030] VSRC location at (690.040um, 2949.840um) and size 10.000um, is not located on an existing power stripe node. Moving to closest node at (658.935um, 2959.360um).
[WARNING PSM-0030] VSRC location at (1530.040um, 2949.840um) and size 10.000um, is not located on an existing power stripe node. Moving to closest node at (1489.930um, 2959.360um).
[WARNING PSM-0030] VSRC location at (2370.040um, 2949.840um) and size 10.000um, is not located on an existing power stripe node. Moving to closest node at (2426.650um, 2959.360um).
[WARNING PSM-0030] VSRC location at (130.040um, 3089.840um) and size 10.000um, is not located on an existing power stripe node. Moving to closest node at (128.800um, 3095.360um).
[WARNING PSM-0030] VSRC location at (970.040um, 3089.840um) and size 10.000um, is not located on an existing power stripe node. Moving to closest node at (966.135um, 3095.360um).
[WARNING PSM-0030] VSRC location at (1810.040um, 3089.840um) and size 10.000um, is not located on an existing power stripe node. Moving to closest node at (1797.130um, 3095.360um).
[WARNING PSM-0030] VSRC location at (2650.040um, 3089.840um) and size 10.000um, is not located on an existing power stripe node. Moving to closest node at (2652.820um, 3095.360um).
[WARNING PSM-0030] VSRC location at (410.040um, 3229.840um) and size 10.000um, is not located on an existing power stripe node. Moving to closest node at (351.735um, 3231.360um).
[WARNING PSM-0030] VSRC location at (1250.040um, 3229.840um) and size 10.000um, is not located on an existing power stripe node. Moving to closest node at (1273.335um, 3231.360um).
[WARNING PSM-0030] VSRC location at (2090.040um, 3229.840um) and size 10.000um, is not located on an existing power stripe node. Moving to closest node at (2082.880um, 3231.360um).
[WARNING PSM-0030] VSRC location at (690.040um, 3369.840um) and size 10.000um, is not located on an existing power stripe node. Moving to closest node at (698.740um, 3367.360um).
[WARNING PSM-0030] VSRC location at (1530.040um, 3369.840um) and size 10.000um, is not located on an existing power stripe node. Moving to closest node at (1540.080um, 3367.360um).
[WARNING PSM-0030] VSRC location at (2370.040um, 3369.840um) and size 10.000um, is not located on an existing power stripe node. Moving to closest node at (2381.420um, 3367.360um).
[INFO PSM-0031] Number of PDN nodes on net VDD = 289564.
[INFO PSM-0064] Number of voltage sources = 80.
[INFO PSM-0040] All PDN stripes on net VDD are connected.
########## IR report #################
Corner: default
Worstcase voltage: 1.80e+00 V
Average IR drop  : 7.35e-05 V
Worstcase IR drop: 1.19e-03 V
######################################
[INFO PSM-0022] Using 0.000V for VSS
[WARNING PSM-0016] Voltage pad location (VSRC) file not specified, defaulting pad location to checkerboard pattern on core area.
[WARNING PSM-0017] X direction bump pitch is not specified, defaulting to 140um.
[WARNING PSM-0018] Y direction bump pitch is not specified, defaulting to 140um.
[WARNING PSM-0065] VSRC location not specified, using default checkerboard pattern with one VDD every size bumps in x-direction and one in two bumps in the y-direction
[INFO PSM-0076] Setting metal node density to be standard cell height times 5.
[WARNING PSM-0030] VSRC location at (130.040um, 149.840um) and size 10.000um, is not located on an existing power stripe node. Moving to closest node at (142.370um, 144.160um).
[WARNING PSM-0030] VSRC location at (970.040um, 149.840um) and size 10.000um, is not located on an existing power stripe node. Moving to closest node at (956.570um, 144.160um).
[WARNING PSM-0030] VSRC location at (1810.040um, 149.840um) and size 10.000um, is not located on an existing power stripe node. Moving to closest node at (1797.910um, 144.160um).
[WARNING PSM-0030] VSRC location at (2650.040um, 149.840um) and size 10.000um, is not located on an existing power stripe node. Moving to closest node at (2639.250um, 144.160um).
[WARNING PSM-0030] VSRC location at (410.040um, 289.840um) and size 10.000um, is not located on an existing power stripe node. Moving to closest node at (446.910um, 280.160um).
[WARNING PSM-0030] VSRC location at (1250.040um, 289.840um) and size 10.000um, is not located on an existing power stripe node. Moving to closest node at (1282.250um, 280.160um).
[WARNING PSM-0030] VSRC location at (2090.040um, 289.840um) and size 10.000um, is not located on an existing power stripe node. Moving to closest node at (2154.110um, 280.160um).
[WARNING PSM-0030] VSRC location at (690.040um, 429.840um) and size 10.000um, is not located on an existing power stripe node. Moving to closest node at (754.110um, 443.360um).
[WARNING PSM-0030] VSRC location at (1530.040um, 429.840um) and size 10.000um, is not located on an existing power stripe node. Moving to closest node at (1526.510um, 443.360um).
[WARNING PSM-0030] VSRC location at (2370.040um, 429.840um) and size 10.000um, is not located on an existing power stripe node. Moving to closest node at (2307.710um, 443.360um).
[WARNING PSM-0030] VSRC location at (130.040um, 569.840um) and size 10.000um, is not located on an existing power stripe node. Moving to closest node at (142.370um, 579.360um).
[WARNING PSM-0030] VSRC location at (970.040um, 569.840um) and size 10.000um, is not located on an existing power stripe node. Moving to closest node at (907.710um, 579.360um).
[WARNING PSM-0030] VSRC location at (1810.040um, 569.840um) and size 10.000um, is not located on an existing power stripe node. Moving to closest node at (1846.910um, 579.360um).
[WARNING PSM-0030] VSRC location at (2650.040um, 569.840um) and size 10.000um, is not located on an existing power stripe node. Moving to closest node at (2614.910um, 579.360um).
[WARNING PSM-0030] VSRC location at (410.040um, 709.840um) and size 10.000um, is not located on an existing power stripe node. Moving to closest node at (446.910um, 715.360um).
[WARNING PSM-0030] VSRC location at (1250.040um, 709.840um) and size 10.000um, is not located on an existing power stripe node. Moving to closest node at (1282.250um, 715.360um).
[WARNING PSM-0030] VSRC location at (2090.040um, 709.840um) and size 10.000um, is not located on an existing power stripe node. Moving to closest node at (2154.110um, 715.360um).
[WARNING PSM-0030] VSRC location at (690.040um, 849.840um) and size 10.000um, is not located on an existing power stripe node. Moving to closest node at (754.110um, 851.360um).
[WARNING PSM-0030] VSRC location at (2370.040um, 849.840um) and size 10.000um, is not located on an existing power stripe node. Moving to closest node at (2307.710um, 851.360um).
[WARNING PSM-0030] VSRC location at (130.040um, 989.840um) and size 10.000um, is not located on an existing power stripe node. Moving to closest node at (142.370um, 987.360um).
[WARNING PSM-0030] VSRC location at (970.040um, 989.840um) and size 10.000um, is not located on an existing power stripe node. Moving to closest node at (907.710um, 987.360um).
[WARNING PSM-0030] VSRC location at (1810.040um, 989.840um) and size 10.000um, is not located on an existing power stripe node. Moving to closest node at (1846.910um, 987.360um).
[WARNING PSM-0030] VSRC location at (2650.040um, 989.840um) and size 10.000um, is not located on an existing power stripe node. Moving to closest node at (2614.910um, 987.360um).
[WARNING PSM-0030] VSRC location at (410.040um, 1129.840um) and size 10.000um, is not located on an existing power stripe node. Moving to closest node at (446.910um, 1123.360um).
[WARNING PSM-0030] VSRC location at (1250.040um, 1129.840um) and size 10.000um, is not located on an existing power stripe node. Moving to closest node at (1282.250um, 1123.360um).
[WARNING PSM-0030] VSRC location at (2090.040um, 1129.840um) and size 10.000um, is not located on an existing power stripe node. Moving to closest node at (2154.110um, 1123.360um).
[WARNING PSM-0030] VSRC location at (690.040um, 1269.840um) and size 10.000um, is not located on an existing power stripe node. Moving to closest node at (754.110um, 1259.360um).
[WARNING PSM-0030] VSRC location at (1530.040um, 1269.840um) and size 10.000um, is not located on an existing power stripe node. Moving to closest node at (1526.510um, 1259.360um).
[WARNING PSM-0030] VSRC location at (2370.040um, 1269.840um) and size 10.000um, is not located on an existing power stripe node. Moving to closest node at (2307.710um, 1259.360um).
[WARNING PSM-0030] VSRC location at (130.040um, 1409.840um) and size 10.000um, is not located on an existing power stripe node. Moving to closest node at (142.370um, 1422.560um).
[WARNING PSM-0030] VSRC location at (970.040um, 1409.840um) and size 10.000um, is not located on an existing power stripe node. Moving to closest node at (907.710um, 1422.560um).
[WARNING PSM-0030] VSRC location at (1810.040um, 1409.840um) and size 10.000um, is not located on an existing power stripe node. Moving to closest node at (1846.910um, 1422.560um).
[WARNING PSM-0030] VSRC location at (2650.040um, 1409.840um) and size 10.000um, is not located on an existing power stripe node. Moving to closest node at (2614.910um, 1422.560um).
[WARNING PSM-0030] VSRC location at (410.040um, 1549.840um) and size 10.000um, is not located on an existing power stripe node. Moving to closest node at (413.770um, 1558.560um).
[WARNING PSM-0030] VSRC location at (1250.040um, 1549.840um) and size 10.000um, is not located on an existing power stripe node. Moving to closest node at (1255.110um, 1558.560um).
[WARNING PSM-0030] VSRC location at (2090.040um, 1549.840um) and size 10.000um, is not located on an existing power stripe node. Moving to closest node at (2096.450um, 1558.560um).
[WARNING PSM-0030] VSRC location at (130.040um, 1829.840um) and size 10.000um, is not located on an existing power stripe node. Moving to closest node at (142.370um, 1830.560um).
[WARNING PSM-0030] VSRC location at (970.040um, 1829.840um) and size 10.000um, is not located on an existing power stripe node. Moving to closest node at (956.570um, 1830.560um).
[WARNING PSM-0030] VSRC location at (1810.040um, 1829.840um) and size 10.000um, is not located on an existing power stripe node. Moving to closest node at (1797.910um, 1830.560um).
[WARNING PSM-0030] VSRC location at (2650.040um, 1829.840um) and size 10.000um, is not located on an existing power stripe node. Moving to closest node at (2709.440um, 1830.560um).
[WARNING PSM-0030] VSRC location at (410.040um, 1969.840um) and size 10.000um, is not located on an existing power stripe node. Moving to closest node at (428.535um, 1966.560um).
[WARNING PSM-0030] VSRC location at (1250.040um, 1969.840um) and size 10.000um, is not located on an existing power stripe node. Moving to closest node at (1282.250um, 1966.560um).
[WARNING PSM-0030] VSRC location at (2090.040um, 1969.840um) and size 10.000um, is not located on an existing power stripe node. Moving to closest node at (2096.450um, 1966.560um).
[WARNING PSM-0030] VSRC location at (690.040um, 2109.840um) and size 10.000um, is not located on an existing power stripe node. Moving to closest node at (735.735um, 2102.560um).
[WARNING PSM-0030] VSRC location at (1530.040um, 2109.840um) and size 10.000um, is not located on an existing power stripe node. Moving to closest node at (1526.510um, 2102.560um).
[WARNING PSM-0030] VSRC location at (2370.040um, 2109.840um) and size 10.000um, is not located on an existing power stripe node. Moving to closest node at (2402.240um, 2102.560um).
[WARNING PSM-0030] VSRC location at (130.040um, 2249.840um) and size 10.000um, is not located on an existing power stripe node. Moving to closest node at (142.370um, 2238.560um).
[WARNING PSM-0030] VSRC location at (970.040um, 2249.840um) and size 10.000um, is not located on an existing power stripe node. Moving to closest node at (1042.935um, 2238.560um).
[WARNING PSM-0030] VSRC location at (1810.040um, 2249.840um) and size 10.000um, is not located on an existing power stripe node. Moving to closest node at (1797.910um, 2238.560um).
[WARNING PSM-0030] VSRC location at (2650.040um, 2249.840um) and size 10.000um, is not located on an existing power stripe node. Moving to closest node at (2709.440um, 2238.560um).
[WARNING PSM-0030] VSRC location at (410.040um, 2389.840um) and size 10.000um, is not located on an existing power stripe node. Moving to closest node at (428.535um, 2401.760um).
[WARNING PSM-0030] VSRC location at (1250.040um, 2389.840um) and size 10.000um, is not located on an existing power stripe node. Moving to closest node at (1282.250um, 2401.760um).
[WARNING PSM-0030] VSRC location at (2090.040um, 2389.840um) and size 10.000um, is not located on an existing power stripe node. Moving to closest node at (2096.450um, 2401.760um).
[WARNING PSM-0030] VSRC location at (690.040um, 2529.840um) and size 10.000um, is not located on an existing power stripe node. Moving to closest node at (735.735um, 2537.760um).
[WARNING PSM-0030] VSRC location at (1530.040um, 2529.840um) and size 10.000um, is not located on an existing power stripe node. Moving to closest node at (1526.510um, 2537.760um).
[WARNING PSM-0030] VSRC location at (2370.040um, 2529.840um) and size 10.000um, is not located on an existing power stripe node. Moving to closest node at (2367.850um, 2537.760um).
[WARNING PSM-0030] VSRC location at (130.040um, 2669.840um) and size 10.000um, is not located on an existing power stripe node. Moving to closest node at (142.370um, 2673.760um).
[WARNING PSM-0030] VSRC location at (970.040um, 2669.840um) and size 10.000um, is not located on an existing power stripe node. Moving to closest node at (1042.935um, 2673.760um).
[WARNING PSM-0030] VSRC location at (1810.040um, 2669.840um) and size 10.000um, is not located on an existing power stripe node. Moving to closest node at (1797.910um, 2646.560um).
[WARNING PSM-0030] VSRC location at (2650.040um, 2669.840um) and size 10.000um, is not located on an existing power stripe node. Moving to closest node at (2639.250um, 2673.760um).
[WARNING PSM-0030] VSRC location at (410.040um, 2809.840um) and size 10.000um, is not located on an existing power stripe node. Moving to closest node at (428.535um, 2809.760um).
[WARNING PSM-0030] VSRC location at (1250.040um, 2809.840um) and size 10.000um, is not located on an existing power stripe node. Moving to closest node at (1282.250um, 2809.760um).
[WARNING PSM-0030] VSRC location at (2090.040um, 2809.840um) and size 10.000um, is not located on an existing power stripe node. Moving to closest node at (2096.450um, 2809.760um).
[WARNING PSM-0030] VSRC location at (690.040um, 2949.840um) and size 10.000um, is not located on an existing power stripe node. Moving to closest node at (735.735um, 2945.760um).
[WARNING PSM-0030] VSRC location at (1530.040um, 2949.840um) and size 10.000um, is not located on an existing power stripe node. Moving to closest node at (1566.730um, 2945.760um).
[WARNING PSM-0030] VSRC location at (2370.040um, 2949.840um) and size 10.000um, is not located on an existing power stripe node. Moving to closest node at (2349.850um, 2945.760um).
[WARNING PSM-0030] VSRC location at (130.040um, 3089.840um) and size 10.000um, is not located on an existing power stripe node. Moving to closest node at (142.370um, 3081.760um).
[WARNING PSM-0030] VSRC location at (970.040um, 3089.840um) and size 10.000um, is not located on an existing power stripe node. Moving to closest node at (1042.935um, 3081.760um).
[WARNING PSM-0030] VSRC location at (1810.040um, 3089.840um) and size 10.000um, is not located on an existing power stripe node. Moving to closest node at (1873.930um, 3081.760um).
[WARNING PSM-0030] VSRC location at (2650.040um, 3089.840um) and size 10.000um, is not located on an existing power stripe node. Moving to closest node at (2639.250um, 3081.760um).
[WARNING PSM-0030] VSRC location at (410.040um, 3229.840um) and size 10.000um, is not located on an existing power stripe node. Moving to closest node at (428.535um, 3217.760um).
[WARNING PSM-0030] VSRC location at (1250.040um, 3229.840um) and size 10.000um, is not located on an existing power stripe node. Moving to closest node at (1282.250um, 3217.760um).
[WARNING PSM-0030] VSRC location at (2090.040um, 3229.840um) and size 10.000um, is not located on an existing power stripe node. Moving to closest node at (2096.450um, 3217.760um).
[WARNING PSM-0030] VSRC location at (690.040um, 3369.840um) and size 10.000um, is not located on an existing power stripe node. Moving to closest node at (685.170um, 3380.960um).
[WARNING PSM-0030] VSRC location at (1530.040um, 3369.840um) and size 10.000um, is not located on an existing power stripe node. Moving to closest node at (1526.510um, 3380.960um).
[WARNING PSM-0030] VSRC location at (2370.040um, 3369.840um) and size 10.000um, is not located on an existing power stripe node. Moving to closest node at (2367.850um, 3380.960um).
[INFO PSM-0031] Number of PDN nodes on net VSS = 289834.
[INFO PSM-0064] Number of voltage sources = 80.
[INFO PSM-0040] All PDN stripes on net VSS are connected.
########## IR report #################
Corner: default
Worstcase voltage: 7.54e-04 V
Average IR drop  : 6.78e-05 V
Worstcase IR drop: 7.54e-04 V
######################################

==========================================================================
finish check_setup
--------------------------------------------------------------------------
Warning: There are 44 unconstrained endpoints.

==========================================================================
finish report_tns
--------------------------------------------------------------------------
tns 0.00

==========================================================================
finish report_wns
--------------------------------------------------------------------------
wns 0.00

==========================================================================
finish report_worst_slack
--------------------------------------------------------------------------
worst slack 0.34

==========================================================================
finish report_clock_skew
--------------------------------------------------------------------------
Clock core_clock
Latency      CRPR       Skew
_4682_/CLK ^
   3.64
_4723_/CLK ^
   2.84      0.00       0.80


==========================================================================
finish report_checks -path_delay min
--------------------------------------------------------------------------
Startpoint: HRESETn (input port clocked by core_clock)
Endpoint: _4587_ (removal check against rising-edge clock core_clock)
Path Group: asynchronous
Path Type: min

Fanout     Cap    Slew   Delay    Time   Description
-----------------------------------------------------------------------------
                          0.00    0.00   clock core_clock (rise edge)
                          0.00    0.00   clock network delay (propagated)
                          0.70    0.70 ^ input external delay
     1    0.00    0.00    0.00    0.70 ^ HRESETn (in)
                                         HRESETn (net)
                  0.00    0.00    0.70 ^ hold12/A (sky130_fd_sc_hd__dlygate4sd3_1)
     1    0.00    0.05    0.52    1.22 ^ hold12/X (sky130_fd_sc_hd__dlygate4sd3_1)
                                         net316 (net)
                  0.05    0.00    1.22 ^ hold7/A (sky130_fd_sc_hd__dlygate4sd3_1)
     1    0.00    0.05    0.53    1.75 ^ hold7/X (sky130_fd_sc_hd__dlygate4sd3_1)
                                         net311 (net)
                  0.05    0.00    1.75 ^ hold4/A (sky130_fd_sc_hd__dlygate4sd3_1)
     1    0.00    0.05    0.54    2.29 ^ hold4/X (sky130_fd_sc_hd__dlygate4sd3_1)
                                         net308 (net)
                  0.05    0.00    2.29 ^ hold8/A (sky130_fd_sc_hd__dlygate4sd3_1)
     1    0.02    0.17    0.64    2.93 ^ hold8/X (sky130_fd_sc_hd__dlygate4sd3_1)
                                         net312 (net)
                  0.17    0.00    2.93 ^ input18/A (sky130_fd_sc_hd__buf_16)
     2    0.03    0.06    0.14    3.07 ^ input18/X (sky130_fd_sc_hd__buf_16)
                                         net18 (net)
                  0.06    0.00    3.07 ^ hold9/A (sky130_fd_sc_hd__dlygate4sd3_1)
     1    0.03    0.34    0.75    3.83 ^ hold9/X (sky130_fd_sc_hd__dlygate4sd3_1)
                                         net313 (net)
                  0.34    0.01    3.83 ^ hold5/A (sky130_fd_sc_hd__buf_16)
    49    0.33    0.33    0.28    4.11 ^ hold5/X (sky130_fd_sc_hd__buf_16)
                                         net309 (net)
                  0.39    0.11    4.22 ^ _4587_/RESET_B (sky130_fd_sc_hd__dfrtp_4)
                                  4.22   data arrival time

                          0.00    0.00   clock core_clock (rise edge)
                          0.00    0.00   clock source latency
     1    0.23    0.00    0.00    0.00 ^ HCLK (in)
                                         HCLK (net)
                  0.26    0.13    0.13 ^ clkbuf_0_HCLK/A (sky130_fd_sc_hd__clkbuf_4)
     2    0.02    0.07    0.22    0.36 ^ clkbuf_0_HCLK/X (sky130_fd_sc_hd__clkbuf_4)
                                         clknet_0_HCLK (net)
                  0.07    0.00    0.36 ^ clkbuf_1_0_0_HCLK/A (sky130_fd_sc_hd__clkbuf_4)
     1    0.04    0.12    0.20    0.55 ^ clkbuf_1_0_0_HCLK/X (sky130_fd_sc_hd__clkbuf_4)
                                         clknet_1_0_0_HCLK (net)
                  0.12    0.00    0.55 ^ clkbuf_1_0_1_HCLK/A (sky130_fd_sc_hd__clkbuf_4)
     1    0.03    0.11    0.21    0.76 ^ clkbuf_1_0_1_HCLK/X (sky130_fd_sc_hd__clkbuf_4)
                                         clknet_1_0_1_HCLK (net)
                  0.11    0.00    0.76 ^ clkbuf_1_0_2_HCLK/A (sky130_fd_sc_hd__clkbuf_4)
     1    0.04    0.14    0.23    0.99 ^ clkbuf_1_0_2_HCLK/X (sky130_fd_sc_hd__clkbuf_4)
                                         clknet_1_0_2_HCLK (net)
                  0.14    0.00    0.99 ^ clkbuf_1_0_3_HCLK/A (sky130_fd_sc_hd__clkbuf_4)
     2    0.08    0.25    0.30    1.30 ^ clkbuf_1_0_3_HCLK/X (sky130_fd_sc_hd__clkbuf_4)
                                         clknet_1_0_3_HCLK (net)
                  0.25    0.02    1.32 ^ clkbuf_2_1_0_HCLK/A (sky130_fd_sc_hd__clkbuf_4)
     1    0.03    0.10    0.25    1.57 ^ clkbuf_2_1_0_HCLK/X (sky130_fd_sc_hd__clkbuf_4)
                                         clknet_2_1_0_HCLK (net)
                  0.10    0.00    1.57 ^ clkbuf_2_1_1_HCLK/A (sky130_fd_sc_hd__clkbuf_4)
     1    0.02    0.07    0.18    1.75 ^ clkbuf_2_1_1_HCLK/X (sky130_fd_sc_hd__clkbuf_4)
                                         clknet_2_1_1_HCLK (net)
                  0.07    0.00    1.75 ^ clkbuf_2_1_2_HCLK/A (sky130_fd_sc_hd__clkbuf_4)
     1    0.07    0.21    0.27    2.01 ^ clkbuf_2_1_2_HCLK/X (sky130_fd_sc_hd__clkbuf_4)
                                         clknet_2_1_2_HCLK (net)
                  0.21    0.00    2.02 ^ clkbuf_2_1_3_HCLK/A (sky130_fd_sc_hd__clkbuf_4)
    13    0.25    0.74    0.67    2.69 ^ clkbuf_2_1_3_HCLK/X (sky130_fd_sc_hd__clkbuf_4)
                                         clknet_2_1_3_HCLK (net)
                  0.74    0.02    2.71 ^ clkbuf_leaf_20_HCLK/A (sky130_fd_sc_hd__clkbuf_4)
    21    0.07    0.21    0.43    3.14 ^ clkbuf_leaf_20_HCLK/X (sky130_fd_sc_hd__clkbuf_4)
                                         clknet_leaf_20_HCLK (net)
                  0.21    0.00    3.14 ^ _4587_/CLK (sky130_fd_sc_hd__dfrtp_4)
                          0.00    3.14   clock reconvergence pessimism
                          0.46    3.60   library removal time
                                  3.60   data required time
-----------------------------------------------------------------------------
                                  3.60   data required time
                                 -4.22   data arrival time
-----------------------------------------------------------------------------
                                  0.61   slack (MET)


Startpoint: _4676_ (rising edge-triggered flip-flop clocked by core_clock)
Endpoint: _4677_ (rising edge-triggered flip-flop clocked by core_clock)
Path Group: core_clock
Path Type: min

Fanout     Cap    Slew   Delay    Time   Description
-----------------------------------------------------------------------------
                          0.00    0.00   clock core_clock (rise edge)
                          0.00    0.00   clock source latency
     1    0.23    0.00    0.00    0.00 ^ HCLK (in)
                                         HCLK (net)
                  0.26    0.13    0.13 ^ clkbuf_0_HCLK/A (sky130_fd_sc_hd__clkbuf_4)
     2    0.02    0.07    0.22    0.36 ^ clkbuf_0_HCLK/X (sky130_fd_sc_hd__clkbuf_4)
                                         clknet_0_HCLK (net)
                  0.07    0.00    0.36 ^ clkbuf_1_0_0_HCLK/A (sky130_fd_sc_hd__clkbuf_4)
     1    0.04    0.12    0.20    0.55 ^ clkbuf_1_0_0_HCLK/X (sky130_fd_sc_hd__clkbuf_4)
                                         clknet_1_0_0_HCLK (net)
                  0.12    0.00    0.55 ^ clkbuf_1_0_1_HCLK/A (sky130_fd_sc_hd__clkbuf_4)
     1    0.03    0.11    0.21    0.76 ^ clkbuf_1_0_1_HCLK/X (sky130_fd_sc_hd__clkbuf_4)
                                         clknet_1_0_1_HCLK (net)
                  0.11    0.00    0.76 ^ clkbuf_1_0_2_HCLK/A (sky130_fd_sc_hd__clkbuf_4)
     1    0.04    0.14    0.23    0.99 ^ clkbuf_1_0_2_HCLK/X (sky130_fd_sc_hd__clkbuf_4)
                                         clknet_1_0_2_HCLK (net)
                  0.14    0.00    0.99 ^ clkbuf_1_0_3_HCLK/A (sky130_fd_sc_hd__clkbuf_4)
     2    0.08    0.25    0.30    1.30 ^ clkbuf_1_0_3_HCLK/X (sky130_fd_sc_hd__clkbuf_4)
                                         clknet_1_0_3_HCLK (net)
                  0.25    0.02    1.32 ^ clkbuf_2_1_0_HCLK/A (sky130_fd_sc_hd__clkbuf_4)
     1    0.03    0.10    0.25    1.57 ^ clkbuf_2_1_0_HCLK/X (sky130_fd_sc_hd__clkbuf_4)
                                         clknet_2_1_0_HCLK (net)
                  0.10    0.00    1.57 ^ clkbuf_2_1_1_HCLK/A (sky130_fd_sc_hd__clkbuf_4)
     1    0.02    0.07    0.18    1.75 ^ clkbuf_2_1_1_HCLK/X (sky130_fd_sc_hd__clkbuf_4)
                                         clknet_2_1_1_HCLK (net)
                  0.07    0.00    1.75 ^ clkbuf_2_1_2_HCLK/A (sky130_fd_sc_hd__clkbuf_4)
     1    0.07    0.21    0.27    2.01 ^ clkbuf_2_1_2_HCLK/X (sky130_fd_sc_hd__clkbuf_4)
                                         clknet_2_1_2_HCLK (net)
                  0.21    0.00    2.02 ^ clkbuf_2_1_3_HCLK/A (sky130_fd_sc_hd__clkbuf_4)
    13    0.25    0.74    0.67    2.69 ^ clkbuf_2_1_3_HCLK/X (sky130_fd_sc_hd__clkbuf_4)
                                         clknet_2_1_3_HCLK (net)
                  0.74    0.02    2.71 ^ clkbuf_leaf_18_HCLK/A (sky130_fd_sc_hd__clkbuf_4)
     3    0.02    0.08    0.32    3.03 ^ clkbuf_leaf_18_HCLK/X (sky130_fd_sc_hd__clkbuf_4)
                                         clknet_leaf_18_HCLK (net)
                  0.08    0.00    3.03 ^ _4676_/CLK (sky130_fd_sc_hd__dfxtp_1)
     1    0.01    0.07    0.34    3.37 v _4676_/Q (sky130_fd_sc_hd__dfxtp_1)
                                         ahb_sys_0_uut.S0.c_wr[0] (net)
                  0.07    0.00    3.37 v _4677_/D (sky130_fd_sc_hd__dfxtp_2)
                                  3.37   data arrival time

                          0.00    0.00   clock core_clock (rise edge)
                          0.00    0.00   clock source latency
     1    0.23    0.00    0.00    0.00 ^ HCLK (in)
                                         HCLK (net)
                  0.26    0.13    0.13 ^ clkbuf_0_HCLK/A (sky130_fd_sc_hd__clkbuf_4)
     2    0.02    0.07    0.22    0.36 ^ clkbuf_0_HCLK/X (sky130_fd_sc_hd__clkbuf_4)
                                         clknet_0_HCLK (net)
                  0.07    0.00    0.36 ^ clkbuf_1_0_0_HCLK/A (sky130_fd_sc_hd__clkbuf_4)
     1    0.04    0.12    0.20    0.55 ^ clkbuf_1_0_0_HCLK/X (sky130_fd_sc_hd__clkbuf_4)
                                         clknet_1_0_0_HCLK (net)
                  0.12    0.00    0.55 ^ clkbuf_1_0_1_HCLK/A (sky130_fd_sc_hd__clkbuf_4)
     1    0.03    0.11    0.21    0.76 ^ clkbuf_1_0_1_HCLK/X (sky130_fd_sc_hd__clkbuf_4)
                                         clknet_1_0_1_HCLK (net)
                  0.11    0.00    0.76 ^ clkbuf_1_0_2_HCLK/A (sky130_fd_sc_hd__clkbuf_4)
     1    0.04    0.14    0.23    0.99 ^ clkbuf_1_0_2_HCLK/X (sky130_fd_sc_hd__clkbuf_4)
                                         clknet_1_0_2_HCLK (net)
                  0.14    0.00    0.99 ^ clkbuf_1_0_3_HCLK/A (sky130_fd_sc_hd__clkbuf_4)
     2    0.08    0.25    0.30    1.30 ^ clkbuf_1_0_3_HCLK/X (sky130_fd_sc_hd__clkbuf_4)
                                         clknet_1_0_3_HCLK (net)
                  0.25    0.02    1.32 ^ clkbuf_2_1_0_HCLK/A (sky130_fd_sc_hd__clkbuf_4)
     1    0.03    0.10    0.25    1.57 ^ clkbuf_2_1_0_HCLK/X (sky130_fd_sc_hd__clkbuf_4)
                                         clknet_2_1_0_HCLK (net)
                  0.10    0.00    1.57 ^ clkbuf_2_1_1_HCLK/A (sky130_fd_sc_hd__clkbuf_4)
     1    0.02    0.07    0.18    1.75 ^ clkbuf_2_1_1_HCLK/X (sky130_fd_sc_hd__clkbuf_4)
                                         clknet_2_1_1_HCLK (net)
                  0.07    0.00    1.75 ^ clkbuf_2_1_2_HCLK/A (sky130_fd_sc_hd__clkbuf_4)
     1    0.07    0.21    0.27    2.01 ^ clkbuf_2_1_2_HCLK/X (sky130_fd_sc_hd__clkbuf_4)
                                         clknet_2_1_2_HCLK (net)
                  0.21    0.00    2.02 ^ clkbuf_2_1_3_HCLK/A (sky130_fd_sc_hd__clkbuf_4)
    13    0.25    0.74    0.67    2.69 ^ clkbuf_2_1_3_HCLK/X (sky130_fd_sc_hd__clkbuf_4)
                                         clknet_2_1_3_HCLK (net)
                  0.74    0.02    2.71 ^ clkbuf_leaf_27_HCLK/A (sky130_fd_sc_hd__clkbuf_4)
     9    0.03    0.11    0.35    3.05 ^ clkbuf_leaf_27_HCLK/X (sky130_fd_sc_hd__clkbuf_4)
                                         clknet_leaf_27_HCLK (net)
                  0.11    0.00    3.05 ^ _4677_/CLK (sky130_fd_sc_hd__dfxtp_2)
                          0.00    3.05   clock reconvergence pessimism
                         -0.04    3.01   library hold time
                                  3.01   data required time
-----------------------------------------------------------------------------
                                  3.01   data required time
                                 -3.37   data arrival time
-----------------------------------------------------------------------------
                                  0.36   slack (MET)



==========================================================================
finish report_checks -path_delay max
--------------------------------------------------------------------------
Startpoint: HRESETn (input port clocked by core_clock)
Endpoint: _4487_ (recovery check against falling-edge clock core_clock)
Path Group: asynchronous
Path Type: max

Fanout     Cap    Slew   Delay    Time   Description
-----------------------------------------------------------------------------
                          0.00    0.00   clock core_clock (rise edge)
                          0.00    0.00   clock network delay (propagated)
                          0.70    0.70 ^ input external delay
     1    0.00    0.00    0.00    0.70 ^ HRESETn (in)
                                         HRESETn (net)
                  0.00    0.00    0.70 ^ hold12/A (sky130_fd_sc_hd__dlygate4sd3_1)
     1    0.00    0.05    0.52    1.22 ^ hold12/X (sky130_fd_sc_hd__dlygate4sd3_1)
                                         net316 (net)
                  0.05    0.00    1.22 ^ hold7/A (sky130_fd_sc_hd__dlygate4sd3_1)
     1    0.00    0.05    0.53    1.75 ^ hold7/X (sky130_fd_sc_hd__dlygate4sd3_1)
                                         net311 (net)
                  0.05    0.00    1.75 ^ hold4/A (sky130_fd_sc_hd__dlygate4sd3_1)
     1    0.00    0.05    0.54    2.29 ^ hold4/X (sky130_fd_sc_hd__dlygate4sd3_1)
                                         net308 (net)
                  0.05    0.00    2.29 ^ hold8/A (sky130_fd_sc_hd__dlygate4sd3_1)
     1    0.02    0.17    0.64    2.93 ^ hold8/X (sky130_fd_sc_hd__dlygate4sd3_1)
                                         net312 (net)
                  0.17    0.00    2.93 ^ input18/A (sky130_fd_sc_hd__buf_16)
     2    0.03    0.06    0.14    3.07 ^ input18/X (sky130_fd_sc_hd__buf_16)
                                         net18 (net)
                  0.06    0.00    3.07 ^ hold9/A (sky130_fd_sc_hd__dlygate4sd3_1)
     1    0.03    0.34    0.75    3.83 ^ hold9/X (sky130_fd_sc_hd__dlygate4sd3_1)
                                         net313 (net)
                  0.34    0.01    3.83 ^ hold5/A (sky130_fd_sc_hd__buf_16)
    49    0.33    0.33    0.28    4.11 ^ hold5/X (sky130_fd_sc_hd__buf_16)
                                         net309 (net)
                  0.40    0.11    4.22 ^ hold10/A (sky130_fd_sc_hd__buf_16)
    11    0.10    0.12    0.21    4.43 ^ hold10/X (sky130_fd_sc_hd__buf_16)
                                         net314 (net)
                  0.12    0.02    4.45 ^ load_slew263/A (sky130_fd_sc_hd__buf_16)
    16    0.17    0.18    0.19    4.64 ^ load_slew263/X (sky130_fd_sc_hd__buf_16)
                                         net263 (net)
                  0.20    0.04    4.68 ^ hold6/A (sky130_fd_sc_hd__buf_16)
    54    0.33    0.34    0.33    5.01 ^ hold6/X (sky130_fd_sc_hd__buf_16)
                                         net310 (net)
                  0.36    0.05    5.06 ^ load_slew262/A (sky130_fd_sc_hd__buf_16)
    59    0.40    0.40    0.33    5.39 ^ load_slew262/X (sky130_fd_sc_hd__buf_16)
                                         net262 (net)
                  0.40    0.01    5.40 ^ load_slew261/A (sky130_fd_sc_hd__buf_16)
    87    0.49    0.48    0.35    5.76 ^ load_slew261/X (sky130_fd_sc_hd__buf_16)
                                         net261 (net)
                  0.58    0.16    5.92 ^ _4487_/RESET_B (sky130_fd_sc_hd__dfrtn_1)
                                  5.92   data arrival time

                          3.50    3.50   clock core_clock (fall edge)
                          0.00    3.50   clock source latency
     1    0.23    0.00    0.00    3.50 v HCLK (in)
                                         HCLK (net)
                  0.26    0.13    3.63 v clkbuf_0_HCLK/A (sky130_fd_sc_hd__clkbuf_4)
     2    0.02    0.05    0.25    3.88 v clkbuf_0_HCLK/X (sky130_fd_sc_hd__clkbuf_4)
                                         clknet_0_HCLK (net)
                  0.05    0.00    3.88 v clkbuf_1_1_0_HCLK/A (sky130_fd_sc_hd__clkbuf_4)
     1    0.03    0.07    0.18    4.06 v clkbuf_1_1_0_HCLK/X (sky130_fd_sc_hd__clkbuf_4)
                                         clknet_1_1_0_HCLK (net)
                  0.07    0.00    4.06 v clkbuf_1_1_1_HCLK/A (sky130_fd_sc_hd__clkbuf_4)
     1    0.03    0.08    0.19    4.25 v clkbuf_1_1_1_HCLK/X (sky130_fd_sc_hd__clkbuf_4)
                                         clknet_1_1_1_HCLK (net)
                  0.08    0.00    4.26 v clkbuf_1_1_2_HCLK/A (sky130_fd_sc_hd__clkbuf_4)
     1    0.04    0.08    0.20    4.46 v clkbuf_1_1_2_HCLK/X (sky130_fd_sc_hd__clkbuf_4)
                                         clknet_1_1_2_HCLK (net)
                  0.08    0.00    4.46 v clkbuf_1_1_3_HCLK/A (sky130_fd_sc_hd__clkbuf_4)
     2    0.10    0.20    0.29    4.75 v clkbuf_1_1_3_HCLK/X (sky130_fd_sc_hd__clkbuf_4)
                                         clknet_1_1_3_HCLK (net)
                  0.20    0.01    4.76 v clkbuf_2_2_0_HCLK/A (sky130_fd_sc_hd__clkbuf_4)
     1    0.03    0.07    0.24    5.00 v clkbuf_2_2_0_HCLK/X (sky130_fd_sc_hd__clkbuf_4)
                                         clknet_2_2_0_HCLK (net)
                  0.07    0.00    5.00 v clkbuf_2_2_1_HCLK/A (sky130_fd_sc_hd__clkbuf_4)
     1    0.03    0.07    0.19    5.19 v clkbuf_2_2_1_HCLK/X (sky130_fd_sc_hd__clkbuf_4)
                                         clknet_2_2_1_HCLK (net)
                  0.07    0.00    5.19 v clkbuf_2_2_2_HCLK/A (sky130_fd_sc_hd__clkbuf_4)
     1    0.03    0.08    0.19    5.38 v clkbuf_2_2_2_HCLK/X (sky130_fd_sc_hd__clkbuf_4)
                                         clknet_2_2_2_HCLK (net)
                  0.08    0.00    5.38 v clkbuf_2_2_3_HCLK/A (sky130_fd_sc_hd__clkbuf_4)
    12    0.36    0.69    0.56    5.95 v clkbuf_2_2_3_HCLK/X (sky130_fd_sc_hd__clkbuf_4)
                                         clknet_2_2_3_HCLK (net)
                  0.71    0.10    6.05 v clkbuf_leaf_36_HCLK/A (sky130_fd_sc_hd__clkbuf_4)
    19    0.07    0.16    0.49    6.54 v clkbuf_leaf_36_HCLK/X (sky130_fd_sc_hd__clkbuf_4)
                                         clknet_leaf_36_HCLK (net)
                  0.16    0.00    6.54 v _4487_/CLK_N (sky130_fd_sc_hd__dfrtn_1)
                          0.00    6.54   clock reconvergence pessimism
                          0.23    6.78   library recovery time
                                  6.78   data required time
-----------------------------------------------------------------------------
                                  6.78   data required time
                                 -5.92   data arrival time
-----------------------------------------------------------------------------
                                  0.86   slack (MET)


Startpoint: _4693_ (rising edge-triggered flip-flop clocked by core_clock)
Endpoint: fdo_Sys0_S0[1] (output port clocked by core_clock)
Path Group: core_clock
Path Type: max

Fanout     Cap    Slew   Delay    Time   Description
-----------------------------------------------------------------------------
                          0.00    0.00   clock core_clock (rise edge)
                          0.00    0.00   clock source latency
     1    0.23    0.00    0.00    0.00 ^ HCLK (in)
                                         HCLK (net)
                  0.26    0.13    0.13 ^ clkbuf_0_HCLK/A (sky130_fd_sc_hd__clkbuf_4)
     2    0.02    0.07    0.22    0.36 ^ clkbuf_0_HCLK/X (sky130_fd_sc_hd__clkbuf_4)
                                         clknet_0_HCLK (net)
                  0.07    0.00    0.36 ^ clkbuf_1_1_0_HCLK/A (sky130_fd_sc_hd__clkbuf_4)
     1    0.03    0.10    0.18    0.54 ^ clkbuf_1_1_0_HCLK/X (sky130_fd_sc_hd__clkbuf_4)
                                         clknet_1_1_0_HCLK (net)
                  0.10    0.00    0.54 ^ clkbuf_1_1_1_HCLK/A (sky130_fd_sc_hd__clkbuf_4)
     1    0.03    0.11    0.20    0.74 ^ clkbuf_1_1_1_HCLK/X (sky130_fd_sc_hd__clkbuf_4)
                                         clknet_1_1_1_HCLK (net)
                  0.11    0.00    0.74 ^ clkbuf_1_1_2_HCLK/A (sky130_fd_sc_hd__clkbuf_4)
     1    0.04    0.12    0.22    0.96 ^ clkbuf_1_1_2_HCLK/X (sky130_fd_sc_hd__clkbuf_4)
                                         clknet_1_1_2_HCLK (net)
                  0.12    0.00    0.96 ^ clkbuf_1_1_3_HCLK/A (sky130_fd_sc_hd__clkbuf_4)
     2    0.10    0.30    0.34    1.30 ^ clkbuf_1_1_3_HCLK/X (sky130_fd_sc_hd__clkbuf_4)
                                         clknet_1_1_3_HCLK (net)
                  0.30    0.01    1.31 ^ clkbuf_2_3_0_HCLK/A (sky130_fd_sc_hd__clkbuf_4)
     1    0.03    0.09    0.25    1.57 ^ clkbuf_2_3_0_HCLK/X (sky130_fd_sc_hd__clkbuf_4)
                                         clknet_2_3_0_HCLK (net)
                  0.09    0.00    1.57 ^ clkbuf_2_3_1_HCLK/A (sky130_fd_sc_hd__clkbuf_4)
     1    0.03    0.11    0.20    1.77 ^ clkbuf_2_3_1_HCLK/X (sky130_fd_sc_hd__clkbuf_4)
                                         clknet_2_3_1_HCLK (net)
                  0.11    0.00    1.77 ^ clkbuf_2_3_2_HCLK/A (sky130_fd_sc_hd__clkbuf_4)
     1    0.06    0.19    0.26    2.03 ^ clkbuf_2_3_2_HCLK/X (sky130_fd_sc_hd__clkbuf_4)
                                         clknet_2_3_2_HCLK (net)
                  0.19    0.00    2.03 ^ clkbuf_2_3_3_HCLK/A (sky130_fd_sc_hd__clkbuf_4)
    18    0.34    1.00    0.80    2.83 ^ clkbuf_2_3_3_HCLK/X (sky130_fd_sc_hd__clkbuf_4)
                                         clknet_2_3_3_HCLK (net)
                  1.02    0.09    2.93 ^ clkbuf_leaf_14_HCLK/A (sky130_fd_sc_hd__clkbuf_4)
    15    0.05    0.17    0.43    3.35 ^ clkbuf_leaf_14_HCLK/X (sky130_fd_sc_hd__clkbuf_4)
                                         clknet_leaf_14_HCLK (net)
                  0.17    0.00    3.36 ^ _4693_/CLK (sky130_fd_sc_hd__dfrtp_4)
     5    0.05    0.12    0.59    3.95 v _4693_/Q (sky130_fd_sc_hd__dfrtp_4)
                                         ahb_sys_0_uut.S0.FR.counter[2] (net)
                  0.12    0.00    3.95 v _2899_/A (sky130_fd_sc_hd__inv_6)
     6    0.07    0.15    0.16    4.11 ^ _2899_/Y (sky130_fd_sc_hd__inv_6)
                                         _2053_ (net)
                  0.15    0.00    4.12 ^ _4260_/A (sky130_fd_sc_hd__ha_1)
     2    0.01    0.15    0.24    4.36 ^ _4260_/COUT (sky130_fd_sc_hd__ha_1)
                                         _2057_ (net)
                  0.15    0.00    4.36 ^ _2875_/A (sky130_fd_sc_hd__inv_2)
     3    0.03    0.08    0.10    4.46 v _2875_/Y (sky130_fd_sc_hd__inv_2)
                                         _1103_ (net)
                  0.08    0.00    4.46 v _2879_/A (sky130_fd_sc_hd__nor3_4)
     8    0.05    0.55    0.50    4.97 ^ _2879_/Y (sky130_fd_sc_hd__nor3_4)
                                         _1107_ (net)
                  0.55    0.01    4.97 ^ _2912_/B1 (sky130_fd_sc_hd__a21oi_1)
     1    0.01    0.14    0.13    5.10 v _2912_/Y (sky130_fd_sc_hd__a21oi_1)
                                         _1136_ (net)
                  0.14    0.00    5.10 v _2913_/B1 (sky130_fd_sc_hd__o21ai_1)
     1    0.01    0.21    0.17    5.27 ^ _2913_/Y (sky130_fd_sc_hd__o21ai_1)
                                         _1137_ (net)
                  0.21    0.00    5.27 ^ _2916_/A (sky130_fd_sc_hd__nand2_2)
     1    0.03    0.14    0.16    5.43 v _2916_/Y (sky130_fd_sc_hd__nand2_2)
                                         _1140_ (net)
                  0.14    0.00    5.44 v _2919_/A1 (sky130_fd_sc_hd__a21oi_4)
     1    0.05    0.39    0.38    5.81 ^ _2919_/Y (sky130_fd_sc_hd__a21oi_4)
                                         net130 (net)
                  0.39    0.01    5.83 ^ output130/A (sky130_fd_sc_hd__clkbuf_1)
     1    0.00    0.06    0.14    5.96 ^ output130/X (sky130_fd_sc_hd__clkbuf_1)
                                         fdo_Sys0_S0[1] (net)
                  0.06    0.00    5.96 ^ fdo_Sys0_S0[1] (out)
                                  5.96   data arrival time

                          7.00    7.00   clock core_clock (rise edge)
                          0.00    7.00   clock network delay (propagated)
                          0.00    7.00   clock reconvergence pessimism
                         -0.70    6.30   output external delay
                                  6.30   data required time
-----------------------------------------------------------------------------
                                  6.30   data required time
                                 -5.96   data arrival time
-----------------------------------------------------------------------------
                                  0.34   slack (MET)



==========================================================================
finish report_checks -unconstrained
--------------------------------------------------------------------------
Startpoint: HRESETn (input port clocked by core_clock)
Endpoint: _4487_ (recovery check against falling-edge clock core_clock)
Path Group: asynchronous
Path Type: max

Fanout     Cap    Slew   Delay    Time   Description
-----------------------------------------------------------------------------
                          0.00    0.00   clock core_clock (rise edge)
                          0.00    0.00   clock network delay (propagated)
                          0.70    0.70 ^ input external delay
     1    0.00    0.00    0.00    0.70 ^ HRESETn (in)
                                         HRESETn (net)
                  0.00    0.00    0.70 ^ hold12/A (sky130_fd_sc_hd__dlygate4sd3_1)
     1    0.00    0.05    0.52    1.22 ^ hold12/X (sky130_fd_sc_hd__dlygate4sd3_1)
                                         net316 (net)
                  0.05    0.00    1.22 ^ hold7/A (sky130_fd_sc_hd__dlygate4sd3_1)
     1    0.00    0.05    0.53    1.75 ^ hold7/X (sky130_fd_sc_hd__dlygate4sd3_1)
                                         net311 (net)
                  0.05    0.00    1.75 ^ hold4/A (sky130_fd_sc_hd__dlygate4sd3_1)
     1    0.00    0.05    0.54    2.29 ^ hold4/X (sky130_fd_sc_hd__dlygate4sd3_1)
                                         net308 (net)
                  0.05    0.00    2.29 ^ hold8/A (sky130_fd_sc_hd__dlygate4sd3_1)
     1    0.02    0.17    0.64    2.93 ^ hold8/X (sky130_fd_sc_hd__dlygate4sd3_1)
                                         net312 (net)
                  0.17    0.00    2.93 ^ input18/A (sky130_fd_sc_hd__buf_16)
     2    0.03    0.06    0.14    3.07 ^ input18/X (sky130_fd_sc_hd__buf_16)
                                         net18 (net)
                  0.06    0.00    3.07 ^ hold9/A (sky130_fd_sc_hd__dlygate4sd3_1)
     1    0.03    0.34    0.75    3.83 ^ hold9/X (sky130_fd_sc_hd__dlygate4sd3_1)
                                         net313 (net)
                  0.34    0.01    3.83 ^ hold5/A (sky130_fd_sc_hd__buf_16)
    49    0.33    0.33    0.28    4.11 ^ hold5/X (sky130_fd_sc_hd__buf_16)
                                         net309 (net)
                  0.40    0.11    4.22 ^ hold10/A (sky130_fd_sc_hd__buf_16)
    11    0.10    0.12    0.21    4.43 ^ hold10/X (sky130_fd_sc_hd__buf_16)
                                         net314 (net)
                  0.12    0.02    4.45 ^ load_slew263/A (sky130_fd_sc_hd__buf_16)
    16    0.17    0.18    0.19    4.64 ^ load_slew263/X (sky130_fd_sc_hd__buf_16)
                                         net263 (net)
                  0.20    0.04    4.68 ^ hold6/A (sky130_fd_sc_hd__buf_16)
    54    0.33    0.34    0.33    5.01 ^ hold6/X (sky130_fd_sc_hd__buf_16)
                                         net310 (net)
                  0.36    0.05    5.06 ^ load_slew262/A (sky130_fd_sc_hd__buf_16)
    59    0.40    0.40    0.33    5.39 ^ load_slew262/X (sky130_fd_sc_hd__buf_16)
                                         net262 (net)
                  0.40    0.01    5.40 ^ load_slew261/A (sky130_fd_sc_hd__buf_16)
    87    0.49    0.48    0.35    5.76 ^ load_slew261/X (sky130_fd_sc_hd__buf_16)
                                         net261 (net)
                  0.58    0.16    5.92 ^ _4487_/RESET_B (sky130_fd_sc_hd__dfrtn_1)
                                  5.92   data arrival time

                          3.50    3.50   clock core_clock (fall edge)
                          0.00    3.50   clock source latency
     1    0.23    0.00    0.00    3.50 v HCLK (in)
                                         HCLK (net)
                  0.26    0.13    3.63 v clkbuf_0_HCLK/A (sky130_fd_sc_hd__clkbuf_4)
     2    0.02    0.05    0.25    3.88 v clkbuf_0_HCLK/X (sky130_fd_sc_hd__clkbuf_4)
                                         clknet_0_HCLK (net)
                  0.05    0.00    3.88 v clkbuf_1_1_0_HCLK/A (sky130_fd_sc_hd__clkbuf_4)
     1    0.03    0.07    0.18    4.06 v clkbuf_1_1_0_HCLK/X (sky130_fd_sc_hd__clkbuf_4)
                                         clknet_1_1_0_HCLK (net)
                  0.07    0.00    4.06 v clkbuf_1_1_1_HCLK/A (sky130_fd_sc_hd__clkbuf_4)
     1    0.03    0.08    0.19    4.25 v clkbuf_1_1_1_HCLK/X (sky130_fd_sc_hd__clkbuf_4)
                                         clknet_1_1_1_HCLK (net)
                  0.08    0.00    4.26 v clkbuf_1_1_2_HCLK/A (sky130_fd_sc_hd__clkbuf_4)
     1    0.04    0.08    0.20    4.46 v clkbuf_1_1_2_HCLK/X (sky130_fd_sc_hd__clkbuf_4)
                                         clknet_1_1_2_HCLK (net)
                  0.08    0.00    4.46 v clkbuf_1_1_3_HCLK/A (sky130_fd_sc_hd__clkbuf_4)
     2    0.10    0.20    0.29    4.75 v clkbuf_1_1_3_HCLK/X (sky130_fd_sc_hd__clkbuf_4)
                                         clknet_1_1_3_HCLK (net)
                  0.20    0.01    4.76 v clkbuf_2_2_0_HCLK/A (sky130_fd_sc_hd__clkbuf_4)
     1    0.03    0.07    0.24    5.00 v clkbuf_2_2_0_HCLK/X (sky130_fd_sc_hd__clkbuf_4)
                                         clknet_2_2_0_HCLK (net)
                  0.07    0.00    5.00 v clkbuf_2_2_1_HCLK/A (sky130_fd_sc_hd__clkbuf_4)
     1    0.03    0.07    0.19    5.19 v clkbuf_2_2_1_HCLK/X (sky130_fd_sc_hd__clkbuf_4)
                                         clknet_2_2_1_HCLK (net)
                  0.07    0.00    5.19 v clkbuf_2_2_2_HCLK/A (sky130_fd_sc_hd__clkbuf_4)
     1    0.03    0.08    0.19    5.38 v clkbuf_2_2_2_HCLK/X (sky130_fd_sc_hd__clkbuf_4)
                                         clknet_2_2_2_HCLK (net)
                  0.08    0.00    5.38 v clkbuf_2_2_3_HCLK/A (sky130_fd_sc_hd__clkbuf_4)
    12    0.36    0.69    0.56    5.95 v clkbuf_2_2_3_HCLK/X (sky130_fd_sc_hd__clkbuf_4)
                                         clknet_2_2_3_HCLK (net)
                  0.71    0.10    6.05 v clkbuf_leaf_36_HCLK/A (sky130_fd_sc_hd__clkbuf_4)
    19    0.07    0.16    0.49    6.54 v clkbuf_leaf_36_HCLK/X (sky130_fd_sc_hd__clkbuf_4)
                                         clknet_leaf_36_HCLK (net)
                  0.16    0.00    6.54 v _4487_/CLK_N (sky130_fd_sc_hd__dfrtn_1)
                          0.00    6.54   clock reconvergence pessimism
                          0.23    6.78   library recovery time
                                  6.78   data required time
-----------------------------------------------------------------------------
                                  6.78   data required time
                                 -5.92   data arrival time
-----------------------------------------------------------------------------
                                  0.86   slack (MET)


Startpoint: _4693_ (rising edge-triggered flip-flop clocked by core_clock)
Endpoint: fdo_Sys0_S0[1] (output port clocked by core_clock)
Path Group: core_clock
Path Type: max

Fanout     Cap    Slew   Delay    Time   Description
-----------------------------------------------------------------------------
                          0.00    0.00   clock core_clock (rise edge)
                          0.00    0.00   clock source latency
     1    0.23    0.00    0.00    0.00 ^ HCLK (in)
                                         HCLK (net)
                  0.26    0.13    0.13 ^ clkbuf_0_HCLK/A (sky130_fd_sc_hd__clkbuf_4)
     2    0.02    0.07    0.22    0.36 ^ clkbuf_0_HCLK/X (sky130_fd_sc_hd__clkbuf_4)
                                         clknet_0_HCLK (net)
                  0.07    0.00    0.36 ^ clkbuf_1_1_0_HCLK/A (sky130_fd_sc_hd__clkbuf_4)
     1    0.03    0.10    0.18    0.54 ^ clkbuf_1_1_0_HCLK/X (sky130_fd_sc_hd__clkbuf_4)
                                         clknet_1_1_0_HCLK (net)
                  0.10    0.00    0.54 ^ clkbuf_1_1_1_HCLK/A (sky130_fd_sc_hd__clkbuf_4)
     1    0.03    0.11    0.20    0.74 ^ clkbuf_1_1_1_HCLK/X (sky130_fd_sc_hd__clkbuf_4)
                                         clknet_1_1_1_HCLK (net)
                  0.11    0.00    0.74 ^ clkbuf_1_1_2_HCLK/A (sky130_fd_sc_hd__clkbuf_4)
     1    0.04    0.12    0.22    0.96 ^ clkbuf_1_1_2_HCLK/X (sky130_fd_sc_hd__clkbuf_4)
                                         clknet_1_1_2_HCLK (net)
                  0.12    0.00    0.96 ^ clkbuf_1_1_3_HCLK/A (sky130_fd_sc_hd__clkbuf_4)
     2    0.10    0.30    0.34    1.30 ^ clkbuf_1_1_3_HCLK/X (sky130_fd_sc_hd__clkbuf_4)
                                         clknet_1_1_3_HCLK (net)
                  0.30    0.01    1.31 ^ clkbuf_2_3_0_HCLK/A (sky130_fd_sc_hd__clkbuf_4)
     1    0.03    0.09    0.25    1.57 ^ clkbuf_2_3_0_HCLK/X (sky130_fd_sc_hd__clkbuf_4)
                                         clknet_2_3_0_HCLK (net)
                  0.09    0.00    1.57 ^ clkbuf_2_3_1_HCLK/A (sky130_fd_sc_hd__clkbuf_4)
     1    0.03    0.11    0.20    1.77 ^ clkbuf_2_3_1_HCLK/X (sky130_fd_sc_hd__clkbuf_4)
                                         clknet_2_3_1_HCLK (net)
                  0.11    0.00    1.77 ^ clkbuf_2_3_2_HCLK/A (sky130_fd_sc_hd__clkbuf_4)
     1    0.06    0.19    0.26    2.03 ^ clkbuf_2_3_2_HCLK/X (sky130_fd_sc_hd__clkbuf_4)
                                         clknet_2_3_2_HCLK (net)
                  0.19    0.00    2.03 ^ clkbuf_2_3_3_HCLK/A (sky130_fd_sc_hd__clkbuf_4)
    18    0.34    1.00    0.80    2.83 ^ clkbuf_2_3_3_HCLK/X (sky130_fd_sc_hd__clkbuf_4)
                                         clknet_2_3_3_HCLK (net)
                  1.02    0.09    2.93 ^ clkbuf_leaf_14_HCLK/A (sky130_fd_sc_hd__clkbuf_4)
    15    0.05    0.17    0.43    3.35 ^ clkbuf_leaf_14_HCLK/X (sky130_fd_sc_hd__clkbuf_4)
                                         clknet_leaf_14_HCLK (net)
                  0.17    0.00    3.36 ^ _4693_/CLK (sky130_fd_sc_hd__dfrtp_4)
     5    0.05    0.12    0.59    3.95 v _4693_/Q (sky130_fd_sc_hd__dfrtp_4)
                                         ahb_sys_0_uut.S0.FR.counter[2] (net)
                  0.12    0.00    3.95 v _2899_/A (sky130_fd_sc_hd__inv_6)
     6    0.07    0.15    0.16    4.11 ^ _2899_/Y (sky130_fd_sc_hd__inv_6)
                                         _2053_ (net)
                  0.15    0.00    4.12 ^ _4260_/A (sky130_fd_sc_hd__ha_1)
     2    0.01    0.15    0.24    4.36 ^ _4260_/COUT (sky130_fd_sc_hd__ha_1)
                                         _2057_ (net)
                  0.15    0.00    4.36 ^ _2875_/A (sky130_fd_sc_hd__inv_2)
     3    0.03    0.08    0.10    4.46 v _2875_/Y (sky130_fd_sc_hd__inv_2)
                                         _1103_ (net)
                  0.08    0.00    4.46 v _2879_/A (sky130_fd_sc_hd__nor3_4)
     8    0.05    0.55    0.50    4.97 ^ _2879_/Y (sky130_fd_sc_hd__nor3_4)
                                         _1107_ (net)
                  0.55    0.01    4.97 ^ _2912_/B1 (sky130_fd_sc_hd__a21oi_1)
     1    0.01    0.14    0.13    5.10 v _2912_/Y (sky130_fd_sc_hd__a21oi_1)
                                         _1136_ (net)
                  0.14    0.00    5.10 v _2913_/B1 (sky130_fd_sc_hd__o21ai_1)
     1    0.01    0.21    0.17    5.27 ^ _2913_/Y (sky130_fd_sc_hd__o21ai_1)
                                         _1137_ (net)
                  0.21    0.00    5.27 ^ _2916_/A (sky130_fd_sc_hd__nand2_2)
     1    0.03    0.14    0.16    5.43 v _2916_/Y (sky130_fd_sc_hd__nand2_2)
                                         _1140_ (net)
                  0.14    0.00    5.44 v _2919_/A1 (sky130_fd_sc_hd__a21oi_4)
     1    0.05    0.39    0.38    5.81 ^ _2919_/Y (sky130_fd_sc_hd__a21oi_4)
                                         net130 (net)
                  0.39    0.01    5.83 ^ output130/A (sky130_fd_sc_hd__clkbuf_1)
     1    0.00    0.06    0.14    5.96 ^ output130/X (sky130_fd_sc_hd__clkbuf_1)
                                         fdo_Sys0_S0[1] (net)
                  0.06    0.00    5.96 ^ fdo_Sys0_S0[1] (out)
                                  5.96   data arrival time

                          7.00    7.00   clock core_clock (rise edge)
                          0.00    7.00   clock network delay (propagated)
                          0.00    7.00   clock reconvergence pessimism
                         -0.70    6.30   output external delay
                                  6.30   data required time
-----------------------------------------------------------------------------
                                  6.30   data required time
                                 -5.96   data arrival time
-----------------------------------------------------------------------------
                                  0.34   slack (MET)



==========================================================================
finish report_check_types -max_slew -max_cap -max_fanout -violators
--------------------------------------------------------------------------
max slew

Pin                                    Limit    Slew   Slack
------------------------------------------------------------
_2568_/Y                                1.50    1.56   -0.06 (VIOLATED)
_2576_/Y                                1.50    1.54   -0.04 (VIOLATED)

max capacitance

Pin                                    Limit     Cap   Slack
------------------------------------------------------------
_2568_/Y                                0.22    0.23   -0.01 (VIOLATED)
_2576_/Y                                0.22    0.23   -0.01 (VIOLATED)
_2611_/Y                                0.22    0.22   -0.00 (VIOLATED)


==========================================================================
finish max_slew_check_slack
--------------------------------------------------------------------------
-0.058865025639534

==========================================================================
finish max_slew_check_limit
--------------------------------------------------------------------------
1.496662974357605

==========================================================================
finish max_slew_check_slack_limit
--------------------------------------------------------------------------
-0.0393

==========================================================================
finish max_fanout_check_slack
--------------------------------------------------------------------------
1.0000000150474662e+30

==========================================================================
finish max_fanout_check_limit
--------------------------------------------------------------------------
1.0000000150474662e+30

==========================================================================
finish max_capacitance_check_slack
--------------------------------------------------------------------------
-0.009853730909526348

==========================================================================
finish max_capacitance_check_limit
--------------------------------------------------------------------------
0.2215680032968521

==========================================================================
finish max_capacitance_check_slack_limit
--------------------------------------------------------------------------
-0.0445

==========================================================================
finish max_slew_violation_count
--------------------------------------------------------------------------
max slew violation count 2

==========================================================================
finish max_fanout_violation_count
--------------------------------------------------------------------------
max fanout violation count 0

==========================================================================
finish max_cap_violation_count
--------------------------------------------------------------------------
max cap violation count 3

==========================================================================
finish setup_violation_count
--------------------------------------------------------------------------
setup violation count 0

==========================================================================
finish hold_violation_count
--------------------------------------------------------------------------
hold violation count 0

==========================================================================
finish critical path delay
--------------------------------------------------------------------------
5.9629

==========================================================================
finish critical path slack
--------------------------------------------------------------------------
0.3371

==========================================================================
finish slack div critical path delay
--------------------------------------------------------------------------
5.653290

==========================================================================
finish report_power
--------------------------------------------------------------------------
Group                  Internal  Switching    Leakage      Total
                          Power      Power      Power      Power (Watts)
----------------------------------------------------------------
Sequential             3.48e-03   9.37e-04   5.42e-09   4.42e-03  40.7%
Combinational          1.43e-03   5.00e-03   8.91e-09   6.43e-03  59.3%
Macro                  0.00e+00   0.00e+00   0.00e+00   0.00e+00   0.0%
Pad                    0.00e+00   0.00e+00   0.00e+00   0.00e+00   0.0%
----------------------------------------------------------------
Total                  4.91e-03   5.94e-03   1.43e-08   1.08e-02 100.0%
                          45.3%      54.7%       0.0%

==========================================================================
finish report_design_area
--------------------------------------------------------------------------
Design area 5683610 u^2 57% utilization.

[WARNING GUI-0076] Could not find the Qt platform plugin "wayland" in ""
Elapsed time: 0:55.27[h:]min:sec. CPU time: user 54.83 sys 0.40 (99%). Peak memory: 1304912KB.
