OpenROAD autotuner-v1-2861-g832b18e7 
This program is licensed under the BSD-3 license. See the LICENSE file for details.
Components of this program may be licensed under more restrictive licenses which must be honored.
[INFO GPL-0002] DBU: 1000
[INFO GPL-0003] SiteSize: 460 2720
[INFO GPL-0004] CoreAreaLxLy: 1380 2720
[INFO GPL-0005] CoreAreaUxUy: 402500 402560
[INFO GPL-0006] NumInstances: 9792
[INFO GPL-0007] NumPlaceInstances: 7632
[INFO GPL-0008] NumFixedInstances: 2160
[INFO GPL-0009] NumDummyInstances: 0
[INFO GPL-0010] NumNets: 7838
[INFO GPL-0011] NumPins: 30645
[INFO GPL-0012] DieAreaLxLy: 0 0
[INFO GPL-0013] DieAreaUxUy: 403950 403950
[INFO GPL-0014] CoreAreaLxLy: 1380 2720
[INFO GPL-0015] CoreAreaUxUy: 402500 402560
[INFO GPL-0016] CoreArea: 160383820800
[INFO GPL-0017] NonPlaceInstsArea: 2702592000
[INFO GPL-0018] PlaceInstsArea: 87169852800
[INFO GPL-0019] Util(%): 55.28
[INFO GPL-0020] StdInstsArea: 87169852800
[INFO GPL-0021] MacroInstsArea: 0
[INFO GPL-0031] FillerInit: NumGCells: 14077
[INFO GPL-0032] FillerInit: NumGNets: 7838
[INFO GPL-0033] FillerInit: NumGPins: 30645
[INFO GPL-0023] TargetDensity: 1.00
[INFO GPL-0024] AveragePlaceInstArea: 11421626
[INFO GPL-0025] IdealBinArea: 11421626
[INFO GPL-0026] IdealBinCnt: 14042
[INFO GPL-0027] TotalBinArea: 160383820800
[INFO GPL-0028] BinCnt: 64 64
[INFO GPL-0029] BinSize: 6268 6248
[INFO GPL-0030] NumBins: 4096
[INFO GPL-0002] DBU: 1000
[INFO GPL-0003] SiteSize: 460 2720
[INFO GPL-0004] CoreAreaLxLy: 1380 2720
[INFO GPL-0005] CoreAreaUxUy: 402500 402560
[INFO GPL-0006] NumInstances: 9792
[INFO GPL-0007] NumPlaceInstances: 7632
[INFO GPL-0008] NumFixedInstances: 2160
[INFO GPL-0009] NumDummyInstances: 0
[INFO GPL-0010] NumNets: 7838
[INFO GPL-0011] NumPins: 30645
[INFO GPL-0012] DieAreaLxLy: 0 0
[INFO GPL-0013] DieAreaUxUy: 403950 403950
[INFO GPL-0014] CoreAreaLxLy: 1380 2720
[INFO GPL-0015] CoreAreaUxUy: 402500 402560
[INFO GPL-0016] CoreArea: 160383820800
[INFO GPL-0017] NonPlaceInstsArea: 2702592000
[INFO GPL-0018] PlaceInstsArea: 87169852800
[INFO GPL-0019] Util(%): 55.28
[INFO GPL-0020] StdInstsArea: 87169852800
[INFO GPL-0021] MacroInstsArea: 0
[InitialPlace]  Iter: 1 CG residual: 0.00000010 HPWL: 260341083
[InitialPlace]  Iter: 2 CG residual: 0.00000011 HPWL: 94875337
[InitialPlace]  Iter: 3 CG residual: 0.00000009 HPWL: 93846473
[InitialPlace]  Iter: 4 CG residual: 0.00000095 HPWL: 93250758
[InitialPlace]  Iter: 5 CG residual: 0.00000019 HPWL: 92389837
[INFO GPL-0031] FillerInit: NumGCells: 9065
[INFO GPL-0032] FillerInit: NumGNets: 7838
[INFO GPL-0033] FillerInit: NumGPins: 30645
[INFO GPL-0023] TargetDensity: 0.65
[INFO GPL-0024] AveragePlaceInstArea: 11421626
[INFO GPL-0025] IdealBinArea: 17510886
[INFO GPL-0026] IdealBinCnt: 9159
[INFO GPL-0027] TotalBinArea: 160383820800
[INFO GPL-0028] BinCnt: 64 64
[INFO GPL-0029] BinSize: 6268 6248
[INFO GPL-0030] NumBins: 4096
[NesterovSolve] Iter: 1 overflow: 0.986385 HPWL: 44152047
[NesterovSolve] Iter: 10 overflow: 0.953148 HPWL: 59588930
[NesterovSolve] Iter: 20 overflow: 0.943615 HPWL: 63022012
[NesterovSolve] Iter: 30 overflow: 0.943367 HPWL: 63056145
[NesterovSolve] Iter: 40 overflow: 0.943748 HPWL: 62552058
[NesterovSolve] Iter: 50 overflow: 0.942946 HPWL: 62656974
[NesterovSolve] Iter: 60 overflow: 0.943068 HPWL: 62771268
[NesterovSolve] Iter: 70 overflow: 0.943385 HPWL: 62714369
[NesterovSolve] Iter: 80 overflow: 0.943233 HPWL: 62772380
[NesterovSolve] Iter: 90 overflow: 0.942673 HPWL: 62964198
[NesterovSolve] Iter: 100 overflow: 0.942508 HPWL: 63113001
[NesterovSolve] Iter: 110 overflow: 0.942278 HPWL: 63270567
[NesterovSolve] Iter: 120 overflow: 0.941892 HPWL: 63571015
[NesterovSolve] Iter: 130 overflow: 0.941094 HPWL: 64085233
[NesterovSolve] Iter: 140 overflow: 0.939794 HPWL: 64906624
[NesterovSolve] Iter: 150 overflow: 0.938366 HPWL: 66208954
[NesterovSolve] Iter: 160 overflow: 0.935324 HPWL: 68262246
[NesterovSolve] Iter: 170 overflow: 0.93096 HPWL: 71505853
[NesterovSolve] Iter: 180 overflow: 0.924788 HPWL: 76227622
[NesterovSolve] Iter: 190 overflow: 0.915878 HPWL: 82548193
[NesterovSolve] Iter: 200 overflow: 0.903692 HPWL: 90560196
[NesterovSolve] Iter: 210 overflow: 0.888293 HPWL: 100375593
[NesterovSolve] Iter: 220 overflow: 0.868503 HPWL: 111938754
[NesterovSolve] Iter: 230 overflow: 0.844138 HPWL: 124743917
[NesterovSolve] Iter: 240 overflow: 0.81727 HPWL: 137411824
[NesterovSolve] Iter: 250 overflow: 0.785624 HPWL: 148675123
[INFO GPL-0100] worst slack 2.03e-09
[INFO GPL-0103] Weighted 782 nets.
[NesterovSolve] Iter: 260 overflow: 0.750636 HPWL: 157870101
[NesterovSolve] Iter: 270 overflow: 0.711821 HPWL: 166709031
[NesterovSolve] Iter: 280 overflow: 0.66667 HPWL: 175470031
[INFO GPL-0100] worst slack 1.04e-09
[INFO GPL-0103] Weighted 783 nets.
[NesterovSolve] Iter: 290 overflow: 0.615967 HPWL: 184871022
[NesterovSolve] Snapshot saved at iter = 293
[NesterovSolve] Iter: 300 overflow: 0.564373 HPWL: 195022702
[NesterovSolve] Iter: 310 overflow: 0.517545 HPWL: 202765682
[INFO GPL-0100] worst slack 1.03e-09
[INFO GPL-0103] Weighted 783 nets.
[NesterovSolve] Iter: 320 overflow: 0.47271 HPWL: 206830146
[NesterovSolve] Iter: 330 overflow: 0.435537 HPWL: 210279917
[NesterovSolve] Iter: 340 overflow: 0.390642 HPWL: 212927891
[NesterovSolve] Iter: 350 overflow: 0.348005 HPWL: 214819977
[NesterovSolve] Iter: 360 overflow: 0.306874 HPWL: 216022943
[INFO GPL-0100] worst slack 1.38e-09
[INFO GPL-0103] Weighted 783 nets.
[NesterovSolve] Iter: 370 overflow: 0.273265 HPWL: 217188880
[NesterovSolve] Iter: 380 overflow: 0.240894 HPWL: 218327440
[NesterovSolve] Iter: 390 overflow: 0.209178 HPWL: 218995226
[INFO GPL-0100] worst slack 1.49e-09
[INFO GPL-0103] Weighted 783 nets.
[INFO GPL-0075] Routability numCall: 1 inflationIterCnt: 1 bloatIterCnt: 0
[INFO GPL-0036] TileLxLy: 0 0
[INFO GPL-0037] TileSize: 6900 6900
[INFO GPL-0038] TileCnt: 58 58
[INFO GPL-0039] numRoutingLayers: 6
[INFO GPL-0040] NumTiles: 3364
[INFO GPL-0063] TotalRouteOverflowH2: 14.200000762939453
[INFO GPL-0064] TotalRouteOverflowV2: 27.200003504753113
[INFO GPL-0065] OverflowTileCnt2: 295
[INFO GPL-0066] 0.5%RC: 1.2627451104276322
[INFO GPL-0067] 1.0%RC: 1.2147058686789345
[INFO GPL-0068] 2.0%RC: 1.1664197497897677
[INFO GPL-0069] 5.0%RC: 1.0807121765719676
[INFO GPL-0070] 0.5rcK: 1.0
[INFO GPL-0071] 1.0rcK: 1.0
[INFO GPL-0072] 2.0rcK: 0.0
[INFO GPL-0073] 5.0rcK: 0.0
[INFO GPL-0074] FinalRC: 1.2387255
[NesterovSolve] Iter: 400 overflow: 0.178077 HPWL: 219669803
[NesterovSolve] Iter: 410 overflow: 0.151983 HPWL: 220084339
[INFO GPL-0100] worst slack 1.52e-09
[INFO GPL-0103] Weighted 780 nets.
[NesterovSolve] Iter: 420 overflow: 0.127766 HPWL: 220488396
[NesterovSolve] Iter: 430 overflow: 0.105116 HPWL: 220934641
[NesterovSolve] Finished with Overflow: 0.099631

==========================================================================
global place check_setup
--------------------------------------------------------------------------
Warning: There are 65 input ports missing set_input_delay.
Warning: There are 3 unconstrained endpoints.

==========================================================================
global place report_tns
--------------------------------------------------------------------------
tns -52841.92

==========================================================================
global place report_wns
--------------------------------------------------------------------------
wns -79.19

==========================================================================
global place report_worst_slack
--------------------------------------------------------------------------
worst slack -79.19

==========================================================================
global place report_checks -path_delay min
--------------------------------------------------------------------------
Startpoint: _15699_ (rising edge-triggered flip-flop clocked by clk)
Endpoint: _15699_ (rising edge-triggered flip-flop clocked by clk)
Path Group: clk
Path Type: min

Fanout     Cap    Slew   Delay    Time   Description
-----------------------------------------------------------------------------
                  0.00    0.00    0.00   clock clk (rise edge)
                          0.00    0.00   clock network delay (ideal)
                  0.00    0.00    0.00 ^ _15699_/CLK (sky130_fd_sc_hd__dfxtp_1)
     2    0.00    0.06    0.30    0.30 ^ _15699_/Q (sky130_fd_sc_hd__dfxtp_1)
                                         dp.rf.rf[0][12] (net)
                  0.06    0.00    0.30 ^ _15699_/D (sky130_fd_sc_hd__dfxtp_1)
                                  0.30   data arrival time

                  0.00    0.00    0.00   clock clk (rise edge)
                          0.00    0.00   clock network delay (ideal)
                          0.00    0.00   clock reconvergence pessimism
                                  0.00 ^ _15699_/CLK (sky130_fd_sc_hd__dfxtp_1)
                         -0.04   -0.04   library hold time
                                 -0.04   data required time
-----------------------------------------------------------------------------
                                 -0.04   data required time
                                 -0.30   data arrival time
-----------------------------------------------------------------------------
                                  0.34   slack (MET)



==========================================================================
global place report_checks -path_delay max
--------------------------------------------------------------------------
Startpoint: _15238_ (rising edge-triggered flip-flop clocked by clk)
Endpoint: _16036_ (rising edge-triggered flip-flop clocked by clk)
Path Group: clk
Path Type: max

Fanout     Cap    Slew   Delay    Time   Description
-----------------------------------------------------------------------------
                  0.00    0.00    0.00   clock clk (rise edge)
                          0.00    0.00   clock network delay (ideal)
                  0.00    0.00    0.00 ^ _15238_/CLK (sky130_fd_sc_hd__dfxtp_1)
     3    0.01    0.10    0.33    0.33 ^ _15238_/Q (sky130_fd_sc_hd__dfxtp_1)
                                         dp.rf.rf[19][31] (net)
                  0.10    0.00    0.33 ^ _08481_/A1 (sky130_fd_sc_hd__mux2i_1)
     1    0.00    0.05    0.08    0.41 v _08481_/Y (sky130_fd_sc_hd__mux2i_1)
                                         _01972_ (net)
                  0.05    0.00    0.41 v _08483_/B1 (sky130_fd_sc_hd__a221oi_1)
     1    0.00    0.25    0.25    0.66 ^ _08483_/Y (sky130_fd_sc_hd__a221oi_1)
                                         _01974_ (net)
                  0.25    0.00    0.66 ^ _08488_/A2 (sky130_fd_sc_hd__o22ai_1)
     1    0.01    0.31    0.13    0.79 v _08488_/Y (sky130_fd_sc_hd__o22ai_1)
                                         _01979_ (net)
                  0.31    0.00    0.79 v _08494_/A1 (sky130_fd_sc_hd__a221oi_1)
     3    0.06    1.89    1.59    2.39 ^ _08494_/Y (sky130_fd_sc_hd__a221oi_1)
                                         _01985_ (net)
                  1.89    0.01    2.39 ^ _08495_/B (sky130_fd_sc_hd__nor2_2)
    10    0.05    0.45    0.41    2.80 v _08495_/Y (sky130_fd_sc_hd__nor2_2)
                                         _07298_ (net)
                  0.45    0.00    2.80 v _08496_/A (sky130_fd_sc_hd__inv_2)
    11    0.06    0.32    0.40    3.21 ^ _08496_/Y (sky130_fd_sc_hd__inv_2)
                                         _01986_ (net)
                  0.32    0.00    3.21 ^ _10599_/A1 (sky130_fd_sc_hd__o22ai_1)
     3    0.01    0.14    0.21    3.42 v _10599_/Y (sky130_fd_sc_hd__o22ai_1)
                                         _03866_ (net)
                  0.14    0.00    3.42 v _10605_/A (sky130_fd_sc_hd__nor4_1)
     2    0.01    0.34    0.39    3.81 ^ _10605_/Y (sky130_fd_sc_hd__nor4_1)
                                         _03872_ (net)
                  0.34    0.00    3.81 ^ _10613_/B (sky130_fd_sc_hd__nor3_1)
     4    0.01    0.11    0.15    3.96 v _10613_/Y (sky130_fd_sc_hd__nor3_1)
                                         _03880_ (net)
                  0.11    0.00    3.96 v _10655_/A1 (sky130_fd_sc_hd__a21oi_1)
     2    0.02    0.47    0.41    4.37 ^ _10655_/Y (sky130_fd_sc_hd__a21oi_1)
                                         _03922_ (net)
                  0.47    0.00    4.37 ^ _10722_/A2 (sky130_fd_sc_hd__a41oi_2)
     2    0.01    0.17    0.24    4.61 v _10722_/Y (sky130_fd_sc_hd__a41oi_2)
                                         _03989_ (net)
                  0.17    0.00    4.61 v _10734_/S (sky130_fd_sc_hd__mux2i_2)
   455    1.92   24.40   17.43   22.04 ^ _10734_/Y (sky130_fd_sc_hd__mux2i_2)
                                         _04000_ (net)
                 24.40    0.00   22.04 ^ _10737_/B1 (sky130_fd_sc_hd__a211oi_4)
   472    1.88   48.94   43.97   66.01 v _10737_/Y (sky130_fd_sc_hd__a211oi_4)
                                         _04003_ (net)
                 48.94    0.18   66.19 v _11334_/A1 (sky130_fd_sc_hd__o22ai_1)
    31    0.19    3.73   22.26   88.45 ^ _11334_/Y (sky130_fd_sc_hd__o22ai_1)
                                         _04492_ (net)
                  3.73    0.04   88.49 ^ _14252_/A1 (sky130_fd_sc_hd__o221ai_1)
     1    0.00    0.44    0.40   88.89 v _14252_/Y (sky130_fd_sc_hd__o221ai_1)
                                         _00800_ (net)
                  0.44    0.00   88.89 v _16036_/D (sky130_fd_sc_hd__dfxtp_1)
                                 88.89   data arrival time

                  0.00   10.00   10.00   clock clk (rise edge)
                          0.00   10.00   clock network delay (ideal)
                          0.00   10.00   clock reconvergence pessimism
                                 10.00 ^ _16036_/CLK (sky130_fd_sc_hd__dfxtp_1)
                         -0.29    9.71   library setup time
                                  9.71   data required time
-----------------------------------------------------------------------------
                                  9.71   data required time
                                -88.89   data arrival time
-----------------------------------------------------------------------------
                                -79.19   slack (VIOLATED)



==========================================================================
global place report_checks -unconstrained
--------------------------------------------------------------------------
Startpoint: _15238_ (rising edge-triggered flip-flop clocked by clk)
Endpoint: _16036_ (rising edge-triggered flip-flop clocked by clk)
Path Group: clk
Path Type: max

Fanout     Cap    Slew   Delay    Time   Description
-----------------------------------------------------------------------------
                  0.00    0.00    0.00   clock clk (rise edge)
                          0.00    0.00   clock network delay (ideal)
                  0.00    0.00    0.00 ^ _15238_/CLK (sky130_fd_sc_hd__dfxtp_1)
     3    0.01    0.10    0.33    0.33 ^ _15238_/Q (sky130_fd_sc_hd__dfxtp_1)
                                         dp.rf.rf[19][31] (net)
                  0.10    0.00    0.33 ^ _08481_/A1 (sky130_fd_sc_hd__mux2i_1)
     1    0.00    0.05    0.08    0.41 v _08481_/Y (sky130_fd_sc_hd__mux2i_1)
                                         _01972_ (net)
                  0.05    0.00    0.41 v _08483_/B1 (sky130_fd_sc_hd__a221oi_1)
     1    0.00    0.25    0.25    0.66 ^ _08483_/Y (sky130_fd_sc_hd__a221oi_1)
                                         _01974_ (net)
                  0.25    0.00    0.66 ^ _08488_/A2 (sky130_fd_sc_hd__o22ai_1)
     1    0.01    0.31    0.13    0.79 v _08488_/Y (sky130_fd_sc_hd__o22ai_1)
                                         _01979_ (net)
                  0.31    0.00    0.79 v _08494_/A1 (sky130_fd_sc_hd__a221oi_1)
     3    0.06    1.89    1.59    2.39 ^ _08494_/Y (sky130_fd_sc_hd__a221oi_1)
                                         _01985_ (net)
                  1.89    0.01    2.39 ^ _08495_/B (sky130_fd_sc_hd__nor2_2)
    10    0.05    0.45    0.41    2.80 v _08495_/Y (sky130_fd_sc_hd__nor2_2)
                                         _07298_ (net)
                  0.45    0.00    2.80 v _08496_/A (sky130_fd_sc_hd__inv_2)
    11    0.06    0.32    0.40    3.21 ^ _08496_/Y (sky130_fd_sc_hd__inv_2)
                                         _01986_ (net)
                  0.32    0.00    3.21 ^ _10599_/A1 (sky130_fd_sc_hd__o22ai_1)
     3    0.01    0.14    0.21    3.42 v _10599_/Y (sky130_fd_sc_hd__o22ai_1)
                                         _03866_ (net)
                  0.14    0.00    3.42 v _10605_/A (sky130_fd_sc_hd__nor4_1)
     2    0.01    0.34    0.39    3.81 ^ _10605_/Y (sky130_fd_sc_hd__nor4_1)
                                         _03872_ (net)
                  0.34    0.00    3.81 ^ _10613_/B (sky130_fd_sc_hd__nor3_1)
     4    0.01    0.11    0.15    3.96 v _10613_/Y (sky130_fd_sc_hd__nor3_1)
                                         _03880_ (net)
                  0.11    0.00    3.96 v _10655_/A1 (sky130_fd_sc_hd__a21oi_1)
     2    0.02    0.47    0.41    4.37 ^ _10655_/Y (sky130_fd_sc_hd__a21oi_1)
                                         _03922_ (net)
                  0.47    0.00    4.37 ^ _10722_/A2 (sky130_fd_sc_hd__a41oi_2)
     2    0.01    0.17    0.24    4.61 v _10722_/Y (sky130_fd_sc_hd__a41oi_2)
                                         _03989_ (net)
                  0.17    0.00    4.61 v _10734_/S (sky130_fd_sc_hd__mux2i_2)
   455    1.92   24.40   17.43   22.04 ^ _10734_/Y (sky130_fd_sc_hd__mux2i_2)
                                         _04000_ (net)
                 24.40    0.00   22.04 ^ _10737_/B1 (sky130_fd_sc_hd__a211oi_4)
   472    1.88   48.94   43.97   66.01 v _10737_/Y (sky130_fd_sc_hd__a211oi_4)
                                         _04003_ (net)
                 48.94    0.18   66.19 v _11334_/A1 (sky130_fd_sc_hd__o22ai_1)
    31    0.19    3.73   22.26   88.45 ^ _11334_/Y (sky130_fd_sc_hd__o22ai_1)
                                         _04492_ (net)
                  3.73    0.04   88.49 ^ _14252_/A1 (sky130_fd_sc_hd__o221ai_1)
     1    0.00    0.44    0.40   88.89 v _14252_/Y (sky130_fd_sc_hd__o221ai_1)
                                         _00800_ (net)
                  0.44    0.00   88.89 v _16036_/D (sky130_fd_sc_hd__dfxtp_1)
                                 88.89   data arrival time

                  0.00   10.00   10.00   clock clk (rise edge)
                          0.00   10.00   clock network delay (ideal)
                          0.00   10.00   clock reconvergence pessimism
                                 10.00 ^ _16036_/CLK (sky130_fd_sc_hd__dfxtp_1)
                         -0.29    9.71   library setup time
                                  9.71   data required time
-----------------------------------------------------------------------------
                                  9.71   data required time
                                -88.89   data arrival time
-----------------------------------------------------------------------------
                                -79.19   slack (VIOLATED)



==========================================================================
global place report_power
--------------------------------------------------------------------------
Group                  Internal  Switching    Leakage      Total
                          Power      Power      Power      Power (Watts)
----------------------------------------------------------------
Sequential             5.02e-03   5.66e-04   9.01e-09   5.58e-03  42.8%
Combinational          2.72e-03   4.74e-03   1.68e-08   7.46e-03  57.2%
Macro                  0.00e+00   0.00e+00   0.00e+00   0.00e+00   0.0%
Pad                    0.00e+00   0.00e+00   0.00e+00   0.00e+00   0.0%
----------------------------------------------------------------
Total                  7.73e-03   5.31e-03   2.58e-08   1.30e-02 100.0%
                          59.3%      40.7%       0.0%

==========================================================================
global place report_design_area
--------------------------------------------------------------------------
Design area 70774 u^2 44% utilization.

Elapsed time: 0:13.72[h:]min:sec. CPU time: user 19.06 sys 0.05 (139%). Peak memory: 223956KB.
