OpenROAD autotuner-v1-2861-g832b18e7 
This program is licensed under the BSD-3 license. See the LICENSE file for details.
Components of this program may be licensed under more restrictive licenses which must be honored.

==========================================================================
resizer pre check_setup
--------------------------------------------------------------------------
Warning: There are 65 input ports missing set_input_delay.
Warning: There are 3 unconstrained endpoints.

==========================================================================
resizer pre report_tns
--------------------------------------------------------------------------
tns -52841.92

==========================================================================
resizer pre report_wns
--------------------------------------------------------------------------
wns -79.19

==========================================================================
resizer pre report_worst_slack
--------------------------------------------------------------------------
worst slack -79.19

==========================================================================
resizer pre report_checks -path_delay min
--------------------------------------------------------------------------
Startpoint: _15699_ (rising edge-triggered flip-flop clocked by clk)
Endpoint: _15699_ (rising edge-triggered flip-flop clocked by clk)
Path Group: clk
Path Type: min

Fanout     Cap    Slew   Delay    Time   Description
-----------------------------------------------------------------------------
                  0.00    0.00    0.00   clock clk (rise edge)
                          0.00    0.00   clock network delay (ideal)
                  0.00    0.00    0.00 ^ _15699_/CLK (sky130_fd_sc_hd__dfxtp_1)
     2    0.00    0.06    0.30    0.30 ^ _15699_/Q (sky130_fd_sc_hd__dfxtp_1)
                                         dp.rf.rf[0][12] (net)
                  0.06    0.00    0.30 ^ _15699_/D (sky130_fd_sc_hd__dfxtp_1)
                                  0.30   data arrival time

                  0.00    0.00    0.00   clock clk (rise edge)
                          0.00    0.00   clock network delay (ideal)
                          0.00    0.00   clock reconvergence pessimism
                                  0.00 ^ _15699_/CLK (sky130_fd_sc_hd__dfxtp_1)
                         -0.04   -0.04   library hold time
                                 -0.04   data required time
-----------------------------------------------------------------------------
                                 -0.04   data required time
                                 -0.30   data arrival time
-----------------------------------------------------------------------------
                                  0.34   slack (MET)



==========================================================================
resizer pre report_checks -path_delay max
--------------------------------------------------------------------------
Startpoint: _15238_ (rising edge-triggered flip-flop clocked by clk)
Endpoint: _16036_ (rising edge-triggered flip-flop clocked by clk)
Path Group: clk
Path Type: max

Fanout     Cap    Slew   Delay    Time   Description
-----------------------------------------------------------------------------
                  0.00    0.00    0.00   clock clk (rise edge)
                          0.00    0.00   clock network delay (ideal)
                  0.00    0.00    0.00 ^ _15238_/CLK (sky130_fd_sc_hd__dfxtp_1)
     3    0.01    0.10    0.33    0.33 ^ _15238_/Q (sky130_fd_sc_hd__dfxtp_1)
                                         dp.rf.rf[19][31] (net)
                  0.10    0.00    0.33 ^ _08481_/A1 (sky130_fd_sc_hd__mux2i_1)
     1    0.00    0.05    0.08    0.41 v _08481_/Y (sky130_fd_sc_hd__mux2i_1)
                                         _01972_ (net)
                  0.05    0.00    0.41 v _08483_/B1 (sky130_fd_sc_hd__a221oi_1)
     1    0.00    0.25    0.25    0.66 ^ _08483_/Y (sky130_fd_sc_hd__a221oi_1)
                                         _01974_ (net)
                  0.25    0.00    0.66 ^ _08488_/A2 (sky130_fd_sc_hd__o22ai_1)
     1    0.01    0.31    0.13    0.79 v _08488_/Y (sky130_fd_sc_hd__o22ai_1)
                                         _01979_ (net)
                  0.31    0.00    0.79 v _08494_/A1 (sky130_fd_sc_hd__a221oi_1)
     3    0.06    1.89    1.59    2.39 ^ _08494_/Y (sky130_fd_sc_hd__a221oi_1)
                                         _01985_ (net)
                  1.89    0.01    2.39 ^ _08495_/B (sky130_fd_sc_hd__nor2_2)
    10    0.05    0.45    0.41    2.80 v _08495_/Y (sky130_fd_sc_hd__nor2_2)
                                         _07298_ (net)
                  0.45    0.00    2.80 v _08496_/A (sky130_fd_sc_hd__inv_2)
    11    0.06    0.32    0.40    3.21 ^ _08496_/Y (sky130_fd_sc_hd__inv_2)
                                         _01986_ (net)
                  0.32    0.00    3.21 ^ _10599_/A1 (sky130_fd_sc_hd__o22ai_1)
     3    0.01    0.14    0.21    3.42 v _10599_/Y (sky130_fd_sc_hd__o22ai_1)
                                         _03866_ (net)
                  0.14    0.00    3.42 v _10605_/A (sky130_fd_sc_hd__nor4_1)
     2    0.01    0.34    0.39    3.81 ^ _10605_/Y (sky130_fd_sc_hd__nor4_1)
                                         _03872_ (net)
                  0.34    0.00    3.81 ^ _10613_/B (sky130_fd_sc_hd__nor3_1)
     4    0.01    0.11    0.15    3.96 v _10613_/Y (sky130_fd_sc_hd__nor3_1)
                                         _03880_ (net)
                  0.11    0.00    3.96 v _10655_/A1 (sky130_fd_sc_hd__a21oi_1)
     2    0.02    0.47    0.41    4.37 ^ _10655_/Y (sky130_fd_sc_hd__a21oi_1)
                                         _03922_ (net)
                  0.47    0.00    4.37 ^ _10722_/A2 (sky130_fd_sc_hd__a41oi_2)
     2    0.01    0.17    0.24    4.61 v _10722_/Y (sky130_fd_sc_hd__a41oi_2)
                                         _03989_ (net)
                  0.17    0.00    4.61 v _10734_/S (sky130_fd_sc_hd__mux2i_2)
   455    1.92   24.40   17.43   22.04 ^ _10734_/Y (sky130_fd_sc_hd__mux2i_2)
                                         _04000_ (net)
                 24.40    0.00   22.04 ^ _10737_/B1 (sky130_fd_sc_hd__a211oi_4)
   472    1.88   48.94   43.97   66.01 v _10737_/Y (sky130_fd_sc_hd__a211oi_4)
                                         _04003_ (net)
                 48.94    0.18   66.19 v _11334_/A1 (sky130_fd_sc_hd__o22ai_1)
    31    0.19    3.73   22.26   88.45 ^ _11334_/Y (sky130_fd_sc_hd__o22ai_1)
                                         _04492_ (net)
                  3.73    0.04   88.49 ^ _14252_/A1 (sky130_fd_sc_hd__o221ai_1)
     1    0.00    0.44    0.40   88.89 v _14252_/Y (sky130_fd_sc_hd__o221ai_1)
                                         _00800_ (net)
                  0.44    0.00   88.89 v _16036_/D (sky130_fd_sc_hd__dfxtp_1)
                                 88.89   data arrival time

                  0.00   10.00   10.00   clock clk (rise edge)
                          0.00   10.00   clock network delay (ideal)
                          0.00   10.00   clock reconvergence pessimism
                                 10.00 ^ _16036_/CLK (sky130_fd_sc_hd__dfxtp_1)
                         -0.29    9.71   library setup time
                                  9.71   data required time
-----------------------------------------------------------------------------
                                  9.71   data required time
                                -88.89   data arrival time
-----------------------------------------------------------------------------
                                -79.19   slack (VIOLATED)



==========================================================================
resizer pre report_checks -unconstrained
--------------------------------------------------------------------------
Startpoint: _15238_ (rising edge-triggered flip-flop clocked by clk)
Endpoint: _16036_ (rising edge-triggered flip-flop clocked by clk)
Path Group: clk
Path Type: max

Fanout     Cap    Slew   Delay    Time   Description
-----------------------------------------------------------------------------
                  0.00    0.00    0.00   clock clk (rise edge)
                          0.00    0.00   clock network delay (ideal)
                  0.00    0.00    0.00 ^ _15238_/CLK (sky130_fd_sc_hd__dfxtp_1)
     3    0.01    0.10    0.33    0.33 ^ _15238_/Q (sky130_fd_sc_hd__dfxtp_1)
                                         dp.rf.rf[19][31] (net)
                  0.10    0.00    0.33 ^ _08481_/A1 (sky130_fd_sc_hd__mux2i_1)
     1    0.00    0.05    0.08    0.41 v _08481_/Y (sky130_fd_sc_hd__mux2i_1)
                                         _01972_ (net)
                  0.05    0.00    0.41 v _08483_/B1 (sky130_fd_sc_hd__a221oi_1)
     1    0.00    0.25    0.25    0.66 ^ _08483_/Y (sky130_fd_sc_hd__a221oi_1)
                                         _01974_ (net)
                  0.25    0.00    0.66 ^ _08488_/A2 (sky130_fd_sc_hd__o22ai_1)
     1    0.01    0.31    0.13    0.79 v _08488_/Y (sky130_fd_sc_hd__o22ai_1)
                                         _01979_ (net)
                  0.31    0.00    0.79 v _08494_/A1 (sky130_fd_sc_hd__a221oi_1)
     3    0.06    1.89    1.59    2.39 ^ _08494_/Y (sky130_fd_sc_hd__a221oi_1)
                                         _01985_ (net)
                  1.89    0.01    2.39 ^ _08495_/B (sky130_fd_sc_hd__nor2_2)
    10    0.05    0.45    0.41    2.80 v _08495_/Y (sky130_fd_sc_hd__nor2_2)
                                         _07298_ (net)
                  0.45    0.00    2.80 v _08496_/A (sky130_fd_sc_hd__inv_2)
    11    0.06    0.32    0.40    3.21 ^ _08496_/Y (sky130_fd_sc_hd__inv_2)
                                         _01986_ (net)
                  0.32    0.00    3.21 ^ _10599_/A1 (sky130_fd_sc_hd__o22ai_1)
     3    0.01    0.14    0.21    3.42 v _10599_/Y (sky130_fd_sc_hd__o22ai_1)
                                         _03866_ (net)
                  0.14    0.00    3.42 v _10605_/A (sky130_fd_sc_hd__nor4_1)
     2    0.01    0.34    0.39    3.81 ^ _10605_/Y (sky130_fd_sc_hd__nor4_1)
                                         _03872_ (net)
                  0.34    0.00    3.81 ^ _10613_/B (sky130_fd_sc_hd__nor3_1)
     4    0.01    0.11    0.15    3.96 v _10613_/Y (sky130_fd_sc_hd__nor3_1)
                                         _03880_ (net)
                  0.11    0.00    3.96 v _10655_/A1 (sky130_fd_sc_hd__a21oi_1)
     2    0.02    0.47    0.41    4.37 ^ _10655_/Y (sky130_fd_sc_hd__a21oi_1)
                                         _03922_ (net)
                  0.47    0.00    4.37 ^ _10722_/A2 (sky130_fd_sc_hd__a41oi_2)
     2    0.01    0.17    0.24    4.61 v _10722_/Y (sky130_fd_sc_hd__a41oi_2)
                                         _03989_ (net)
                  0.17    0.00    4.61 v _10734_/S (sky130_fd_sc_hd__mux2i_2)
   455    1.92   24.40   17.43   22.04 ^ _10734_/Y (sky130_fd_sc_hd__mux2i_2)
                                         _04000_ (net)
                 24.40    0.00   22.04 ^ _10737_/B1 (sky130_fd_sc_hd__a211oi_4)
   472    1.88   48.94   43.97   66.01 v _10737_/Y (sky130_fd_sc_hd__a211oi_4)
                                         _04003_ (net)
                 48.94    0.18   66.19 v _11334_/A1 (sky130_fd_sc_hd__o22ai_1)
    31    0.19    3.73   22.26   88.45 ^ _11334_/Y (sky130_fd_sc_hd__o22ai_1)
                                         _04492_ (net)
                  3.73    0.04   88.49 ^ _14252_/A1 (sky130_fd_sc_hd__o221ai_1)
     1    0.00    0.44    0.40   88.89 v _14252_/Y (sky130_fd_sc_hd__o221ai_1)
                                         _00800_ (net)
                  0.44    0.00   88.89 v _16036_/D (sky130_fd_sc_hd__dfxtp_1)
                                 88.89   data arrival time

                  0.00   10.00   10.00   clock clk (rise edge)
                          0.00   10.00   clock network delay (ideal)
                          0.00   10.00   clock reconvergence pessimism
                                 10.00 ^ _16036_/CLK (sky130_fd_sc_hd__dfxtp_1)
                         -0.29    9.71   library setup time
                                  9.71   data required time
-----------------------------------------------------------------------------
                                  9.71   data required time
                                -88.89   data arrival time
-----------------------------------------------------------------------------
                                -79.19   slack (VIOLATED)



==========================================================================
resizer pre report_power
--------------------------------------------------------------------------
Group                  Internal  Switching    Leakage      Total
                          Power      Power      Power      Power (Watts)
----------------------------------------------------------------
Sequential             5.02e-03   5.66e-04   9.01e-09   5.58e-03  42.8%
Combinational          2.72e-03   4.74e-03   1.68e-08   7.46e-03  57.2%
Macro                  0.00e+00   0.00e+00   0.00e+00   0.00e+00   0.0%
Pad                    0.00e+00   0.00e+00   0.00e+00   0.00e+00   0.0%
----------------------------------------------------------------
Total                  7.73e-03   5.31e-03   2.58e-08   1.30e-02 100.0%
                          59.3%      40.7%       0.0%

==========================================================================
resizer pre report_design_area
--------------------------------------------------------------------------
Design area 70774 u^2 44% utilization.


==========================================================================
instance_count
--------------------------------------------------------------------------
9792

==========================================================================
pin_count
--------------------------------------------------------------------------
30480

Perform port buffering...
[INFO RSZ-0027] Inserted 65 input buffers.
[INFO RSZ-0028] Inserted 99 output buffers.
Perform buffer insertion...
[INFO RSZ-0058] Using max wire length 2141um.
[INFO RSZ-0034] Found 946 slew violations.
[INFO RSZ-0036] Found 41 capacitance violations.
[INFO RSZ-0038] Inserted 144 buffers in 946 nets.
[INFO RSZ-0039] Resized 1832 instances.
Repair tie lo fanout...
Repair tie hi fanout...

==========================================================================
report_floating_nets
--------------------------------------------------------------------------

==========================================================================
resizer check_setup
--------------------------------------------------------------------------
Warning: There are 65 input ports missing set_input_delay.
Warning: There are 3 unconstrained endpoints.

==========================================================================
resizer report_tns
--------------------------------------------------------------------------
tns -0.02

==========================================================================
resizer report_wns
--------------------------------------------------------------------------
wns 0.00

==========================================================================
resizer report_worst_slack
--------------------------------------------------------------------------
worst slack 1.46

==========================================================================
resizer report_checks -path_delay min
--------------------------------------------------------------------------
Startpoint: _15699_ (rising edge-triggered flip-flop clocked by clk)
Endpoint: _15699_ (rising edge-triggered flip-flop clocked by clk)
Path Group: clk
Path Type: min

Fanout     Cap    Slew   Delay    Time   Description
-----------------------------------------------------------------------------
                  0.00    0.00    0.00   clock clk (rise edge)
                          0.00    0.00   clock network delay (ideal)
                  0.00    0.00    0.00 ^ _15699_/CLK (sky130_fd_sc_hd__dfxtp_1)
     2    0.01    0.06    0.30    0.30 ^ _15699_/Q (sky130_fd_sc_hd__dfxtp_1)
                                         dp.rf.rf[0][12] (net)
                  0.06    0.00    0.30 ^ _15699_/D (sky130_fd_sc_hd__dfxtp_1)
                                  0.30   data arrival time

                  0.00    0.00    0.00   clock clk (rise edge)
                          0.00    0.00   clock network delay (ideal)
                          0.00    0.00   clock reconvergence pessimism
                                  0.00 ^ _15699_/CLK (sky130_fd_sc_hd__dfxtp_1)
                         -0.04   -0.04   library hold time
                                 -0.04   data required time
-----------------------------------------------------------------------------
                                 -0.04   data required time
                                 -0.30   data arrival time
-----------------------------------------------------------------------------
                                  0.34   slack (MET)



==========================================================================
resizer report_checks -path_delay max
--------------------------------------------------------------------------
Startpoint: _16134_ (rising edge-triggered flip-flop clocked by clk)
Endpoint: aluout[25] (output port clocked by clk)
Path Group: clk
Path Type: max

Fanout     Cap    Slew   Delay    Time   Description
-----------------------------------------------------------------------------
                  0.00    0.00    0.00   clock clk (rise edge)
                          0.00    0.00   clock network delay (ideal)
                  0.00    0.00    0.00 ^ _16134_/CLK (sky130_fd_sc_hd__dfxtp_1)
     3    0.01    0.05    0.30    0.30 v _16134_/Q (sky130_fd_sc_hd__dfxtp_1)
                                         dp.rf.rf[21][1] (net)
                  0.05    0.00    0.30 v _08187_/A1 (sky130_fd_sc_hd__mux4_1)
     1    0.01    0.11    0.54    0.84 v _08187_/X (sky130_fd_sc_hd__mux4_1)
                                         _01689_ (net)
                  0.11    0.00    0.84 v _08188_/A1 (sky130_fd_sc_hd__mux2i_2)
     1    0.01    0.24    0.23    1.07 ^ _08188_/Y (sky130_fd_sc_hd__mux2i_2)
                                         _01690_ (net)
                  0.24    0.00    1.07 ^ _08192_/A2 (sky130_fd_sc_hd__o22ai_4)
     2    0.04    0.21    0.17    1.24 v _08192_/Y (sky130_fd_sc_hd__o22ai_4)
                                         _01694_ (net)
                  0.21    0.00    1.24 v _09709_/B1 (sky130_fd_sc_hd__a2111o_4)
     5    0.07    0.16    0.64    1.88 v _09709_/X (sky130_fd_sc_hd__a2111o_4)
                                         _03059_ (net)
                  0.16    0.01    1.89 v _09710_/B (sky130_fd_sc_hd__and2_4)
    43    0.34    0.40    0.50    2.39 v _09710_/X (sky130_fd_sc_hd__and2_4)
                                         _03060_ (net)
                  0.40    0.02    2.41 v _09715_/B (sky130_fd_sc_hd__xnor2_1)
     2    0.01    0.23    0.33    2.75 ^ _09715_/Y (sky130_fd_sc_hd__xnor2_1)
                                         _07486_ (net)
                  0.23    0.00    2.75 ^ _09716_/A (sky130_fd_sc_hd__inv_1)
     2    0.01    0.08    0.11    2.85 v _09716_/Y (sky130_fd_sc_hd__inv_1)
                                         _07106_ (net)
                  0.08    0.00    2.85 v _15067_/CIN (sky130_fd_sc_hd__fa_1)
     2    0.01    0.11    0.42    3.28 v _15067_/COUT (sky130_fd_sc_hd__fa_1)
                                         _07107_ (net)
                  0.11    0.00    3.28 v _09747_/A (sky130_fd_sc_hd__nor2b_1)
     1    0.01    0.14    0.17    3.45 ^ _09747_/Y (sky130_fd_sc_hd__nor2b_1)
                                         _03093_ (net)
                  0.14    0.00    3.45 ^ _09748_/A2 (sky130_fd_sc_hd__o21ai_2)
     2    0.01    0.07    0.09    3.54 v _09748_/Y (sky130_fd_sc_hd__o21ai_2)
                                         _03094_ (net)
                  0.07    0.00    3.54 v _09752_/A2 (sky130_fd_sc_hd__a211oi_4)
     2    0.02    0.28    0.33    3.87 ^ _09752_/Y (sky130_fd_sc_hd__a211oi_4)
                                         _03097_ (net)
                  0.28    0.00    3.87 ^ _09805_/A1 (sky130_fd_sc_hd__o2111ai_4)
     2    0.02    0.14    0.20    4.06 v _09805_/Y (sky130_fd_sc_hd__o2111ai_4)
                                         _03147_ (net)
                  0.14    0.00    4.06 v _09806_/B (sky130_fd_sc_hd__nor2_1)
     1    0.01    0.27    0.27    4.33 ^ _09806_/Y (sky130_fd_sc_hd__nor2_1)
                                         _03148_ (net)
                  0.27    0.00    4.33 ^ _09807_/A2 (sky130_fd_sc_hd__o211ai_2)
     2    0.01    0.11    0.15    4.48 v _09807_/Y (sky130_fd_sc_hd__o211ai_2)
                                         _03149_ (net)
                  0.11    0.00    4.48 v _09811_/A1 (sky130_fd_sc_hd__a21oi_1)
     1    0.00    0.13    0.17    4.64 ^ _09811_/Y (sky130_fd_sc_hd__a21oi_1)
                                         _03153_ (net)
                  0.13    0.00    4.64 ^ _09812_/B (sky130_fd_sc_hd__or2_2)
     4    0.02    0.12    0.20    4.84 ^ _09812_/X (sky130_fd_sc_hd__or2_2)
                                         _07159_ (net)
                  0.12    0.00    4.84 ^ _10402_/A3 (sky130_fd_sc_hd__a31o_1)
     3    0.01    0.10    0.20    5.04 ^ _10402_/X (sky130_fd_sc_hd__a31o_1)
                                         _03706_ (net)
                  0.10    0.00    5.04 ^ _10432_/A2 (sky130_fd_sc_hd__a21o_1)
     1    0.00    0.04    0.12    5.16 ^ _10432_/X (sky130_fd_sc_hd__a21o_1)
                                         _03733_ (net)
                  0.04    0.00    5.16 ^ _10433_/A2 (sky130_fd_sc_hd__a21oi_1)
     1    0.01    0.08    0.09    5.25 v _10433_/Y (sky130_fd_sc_hd__a21oi_1)
                                         _07173_ (net)
                  0.08    0.00    5.25 v _15079_/A (sky130_fd_sc_hd__fa_1)
     2    0.01    0.09    0.44    5.69 v _15079_/COUT (sky130_fd_sc_hd__fa_1)
                                         _07176_ (net)
                  0.09    0.00    5.69 v _10447_/A1 (sky130_fd_sc_hd__a21o_1)
     1    0.00    0.03    0.17    5.86 v _10447_/X (sky130_fd_sc_hd__a21o_1)
                                         _03746_ (net)
                  0.03    0.00    5.86 v _10449_/B1 (sky130_fd_sc_hd__a221o_2)
     2    0.03    0.12    0.41    6.27 v _10449_/X (sky130_fd_sc_hd__a221o_2)
                                         _03748_ (net)
                  0.12    0.00    6.27 v _10460_/A2 (sky130_fd_sc_hd__o21a_1)
     1    0.00    0.04    0.20    6.47 v _10460_/X (sky130_fd_sc_hd__o21a_1)
                                         net83 (net)
                  0.04    0.00    6.47 v output83/A (sky130_fd_sc_hd__clkbuf_1)
     1    0.00    0.02    0.07    6.54 v output83/X (sky130_fd_sc_hd__clkbuf_1)
                                         aluout[25] (net)
                  0.02    0.00    6.54 v aluout[25] (out)
                                  6.54   data arrival time

                  0.00   10.00   10.00   clock clk (rise edge)
                          0.00   10.00   clock network delay (ideal)
                          0.00   10.00   clock reconvergence pessimism
                         -2.00    8.00   output external delay
                                  8.00   data required time
-----------------------------------------------------------------------------
                                  8.00   data required time
                                 -6.54   data arrival time
-----------------------------------------------------------------------------
                                  1.46   slack (MET)



==========================================================================
resizer report_checks -unconstrained
--------------------------------------------------------------------------
Startpoint: _16134_ (rising edge-triggered flip-flop clocked by clk)
Endpoint: aluout[25] (output port clocked by clk)
Path Group: clk
Path Type: max

Fanout     Cap    Slew   Delay    Time   Description
-----------------------------------------------------------------------------
                  0.00    0.00    0.00   clock clk (rise edge)
                          0.00    0.00   clock network delay (ideal)
                  0.00    0.00    0.00 ^ _16134_/CLK (sky130_fd_sc_hd__dfxtp_1)
     3    0.01    0.05    0.30    0.30 v _16134_/Q (sky130_fd_sc_hd__dfxtp_1)
                                         dp.rf.rf[21][1] (net)
                  0.05    0.00    0.30 v _08187_/A1 (sky130_fd_sc_hd__mux4_1)
     1    0.01    0.11    0.54    0.84 v _08187_/X (sky130_fd_sc_hd__mux4_1)
                                         _01689_ (net)
                  0.11    0.00    0.84 v _08188_/A1 (sky130_fd_sc_hd__mux2i_2)
     1    0.01    0.24    0.23    1.07 ^ _08188_/Y (sky130_fd_sc_hd__mux2i_2)
                                         _01690_ (net)
                  0.24    0.00    1.07 ^ _08192_/A2 (sky130_fd_sc_hd__o22ai_4)
     2    0.04    0.21    0.17    1.24 v _08192_/Y (sky130_fd_sc_hd__o22ai_4)
                                         _01694_ (net)
                  0.21    0.00    1.24 v _09709_/B1 (sky130_fd_sc_hd__a2111o_4)
     5    0.07    0.16    0.64    1.88 v _09709_/X (sky130_fd_sc_hd__a2111o_4)
                                         _03059_ (net)
                  0.16    0.01    1.89 v _09710_/B (sky130_fd_sc_hd__and2_4)
    43    0.34    0.40    0.50    2.39 v _09710_/X (sky130_fd_sc_hd__and2_4)
                                         _03060_ (net)
                  0.40    0.02    2.41 v _09715_/B (sky130_fd_sc_hd__xnor2_1)
     2    0.01    0.23    0.33    2.75 ^ _09715_/Y (sky130_fd_sc_hd__xnor2_1)
                                         _07486_ (net)
                  0.23    0.00    2.75 ^ _09716_/A (sky130_fd_sc_hd__inv_1)
     2    0.01    0.08    0.11    2.85 v _09716_/Y (sky130_fd_sc_hd__inv_1)
                                         _07106_ (net)
                  0.08    0.00    2.85 v _15067_/CIN (sky130_fd_sc_hd__fa_1)
     2    0.01    0.11    0.42    3.28 v _15067_/COUT (sky130_fd_sc_hd__fa_1)
                                         _07107_ (net)
                  0.11    0.00    3.28 v _09747_/A (sky130_fd_sc_hd__nor2b_1)
     1    0.01    0.14    0.17    3.45 ^ _09747_/Y (sky130_fd_sc_hd__nor2b_1)
                                         _03093_ (net)
                  0.14    0.00    3.45 ^ _09748_/A2 (sky130_fd_sc_hd__o21ai_2)
     2    0.01    0.07    0.09    3.54 v _09748_/Y (sky130_fd_sc_hd__o21ai_2)
                                         _03094_ (net)
                  0.07    0.00    3.54 v _09752_/A2 (sky130_fd_sc_hd__a211oi_4)
     2    0.02    0.28    0.33    3.87 ^ _09752_/Y (sky130_fd_sc_hd__a211oi_4)
                                         _03097_ (net)
                  0.28    0.00    3.87 ^ _09805_/A1 (sky130_fd_sc_hd__o2111ai_4)
     2    0.02    0.14    0.20    4.06 v _09805_/Y (sky130_fd_sc_hd__o2111ai_4)
                                         _03147_ (net)
                  0.14    0.00    4.06 v _09806_/B (sky130_fd_sc_hd__nor2_1)
     1    0.01    0.27    0.27    4.33 ^ _09806_/Y (sky130_fd_sc_hd__nor2_1)
                                         _03148_ (net)
                  0.27    0.00    4.33 ^ _09807_/A2 (sky130_fd_sc_hd__o211ai_2)
     2    0.01    0.11    0.15    4.48 v _09807_/Y (sky130_fd_sc_hd__o211ai_2)
                                         _03149_ (net)
                  0.11    0.00    4.48 v _09811_/A1 (sky130_fd_sc_hd__a21oi_1)
     1    0.00    0.13    0.17    4.64 ^ _09811_/Y (sky130_fd_sc_hd__a21oi_1)
                                         _03153_ (net)
                  0.13    0.00    4.64 ^ _09812_/B (sky130_fd_sc_hd__or2_2)
     4    0.02    0.12    0.20    4.84 ^ _09812_/X (sky130_fd_sc_hd__or2_2)
                                         _07159_ (net)
                  0.12    0.00    4.84 ^ _10402_/A3 (sky130_fd_sc_hd__a31o_1)
     3    0.01    0.10    0.20    5.04 ^ _10402_/X (sky130_fd_sc_hd__a31o_1)
                                         _03706_ (net)
                  0.10    0.00    5.04 ^ _10432_/A2 (sky130_fd_sc_hd__a21o_1)
     1    0.00    0.04    0.12    5.16 ^ _10432_/X (sky130_fd_sc_hd__a21o_1)
                                         _03733_ (net)
                  0.04    0.00    5.16 ^ _10433_/A2 (sky130_fd_sc_hd__a21oi_1)
     1    0.01    0.08    0.09    5.25 v _10433_/Y (sky130_fd_sc_hd__a21oi_1)
                                         _07173_ (net)
                  0.08    0.00    5.25 v _15079_/A (sky130_fd_sc_hd__fa_1)
     2    0.01    0.09    0.44    5.69 v _15079_/COUT (sky130_fd_sc_hd__fa_1)
                                         _07176_ (net)
                  0.09    0.00    5.69 v _10447_/A1 (sky130_fd_sc_hd__a21o_1)
     1    0.00    0.03    0.17    5.86 v _10447_/X (sky130_fd_sc_hd__a21o_1)
                                         _03746_ (net)
                  0.03    0.00    5.86 v _10449_/B1 (sky130_fd_sc_hd__a221o_2)
     2    0.03    0.12    0.41    6.27 v _10449_/X (sky130_fd_sc_hd__a221o_2)
                                         _03748_ (net)
                  0.12    0.00    6.27 v _10460_/A2 (sky130_fd_sc_hd__o21a_1)
     1    0.00    0.04    0.20    6.47 v _10460_/X (sky130_fd_sc_hd__o21a_1)
                                         net83 (net)
                  0.04    0.00    6.47 v output83/A (sky130_fd_sc_hd__clkbuf_1)
     1    0.00    0.02    0.07    6.54 v output83/X (sky130_fd_sc_hd__clkbuf_1)
                                         aluout[25] (net)
                  0.02    0.00    6.54 v aluout[25] (out)
                                  6.54   data arrival time

                  0.00   10.00   10.00   clock clk (rise edge)
                          0.00   10.00   clock network delay (ideal)
                          0.00   10.00   clock reconvergence pessimism
                         -2.00    8.00   output external delay
                                  8.00   data required time
-----------------------------------------------------------------------------
                                  8.00   data required time
                                 -6.54   data arrival time
-----------------------------------------------------------------------------
                                  1.46   slack (MET)



==========================================================================
resizer report_check_types -max_slew -max_cap -max_fanout -violators
--------------------------------------------------------------------------

==========================================================================
resizer max_slew_check_slack
--------------------------------------------------------------------------
0.04221279174089432

==========================================================================
resizer max_slew_check_limit
--------------------------------------------------------------------------
1.4951449632644653

==========================================================================
resizer max_slew_check_slack_limit
--------------------------------------------------------------------------
0.0282

==========================================================================
resizer max_fanout_check_slack
--------------------------------------------------------------------------
1.0000000150474662e+30

==========================================================================
resizer max_fanout_check_limit
--------------------------------------------------------------------------
1.0000000150474662e+30

==========================================================================
resizer max_capacitance_check_slack
--------------------------------------------------------------------------
0.0013953817542642355

==========================================================================
resizer max_capacitance_check_limit
--------------------------------------------------------------------------
0.1538189947605133

==========================================================================
resizer max_capacitance_check_slack_limit
--------------------------------------------------------------------------
0.0091

==========================================================================
resizer max_slew_violation_count
--------------------------------------------------------------------------
max slew violation count 0

==========================================================================
resizer max_fanout_violation_count
--------------------------------------------------------------------------
max fanout violation count 0

==========================================================================
resizer max_cap_violation_count
--------------------------------------------------------------------------
max cap violation count 0

==========================================================================
resizer setup_violation_count
--------------------------------------------------------------------------
setup violation count 0

==========================================================================
resizer hold_violation_count
--------------------------------------------------------------------------
hold violation count 0

==========================================================================
resizer critical path delay
--------------------------------------------------------------------------
6.5391

==========================================================================
resizer critical path slack
--------------------------------------------------------------------------
1.4609

==========================================================================
resizer slack div critical path delay
--------------------------------------------------------------------------
22.340995

==========================================================================
resizer report_power
--------------------------------------------------------------------------
Group                  Internal  Switching    Leakage      Total
                          Power      Power      Power      Power (Watts)
----------------------------------------------------------------
Sequential             5.03e-03   6.36e-04   8.99e-09   5.67e-03  41.7%
Combinational          3.16e-03   4.78e-03   2.25e-08   7.94e-03  58.3%
Macro                  0.00e+00   0.00e+00   0.00e+00   0.00e+00   0.0%
Pad                    0.00e+00   0.00e+00   0.00e+00   0.00e+00   0.0%
----------------------------------------------------------------
Total                  8.19e-03   5.41e-03   3.15e-08   1.36e-02 100.0%
                          60.2%      39.8%       0.0%

==========================================================================
resizer report_design_area
--------------------------------------------------------------------------
Design area 87802 u^2 55% utilization.


==========================================================================
instance_count
--------------------------------------------------------------------------
10100

==========================================================================
pin_count
--------------------------------------------------------------------------
31096

Elapsed time: 0:03.14[h:]min:sec. CPU time: user 3.10 sys 0.03 (100%). Peak memory: 155832KB.
