OpenROAD v2.0-11432-gead3236e5 
This program is licensed under the BSD-3 license. See the LICENSE file for details.
Components of this program may be licensed under more restrictive licenses which must be honored.
[INFO GPL-0002] DBU: 2000
[INFO GPL-0003] SiteSize: 380 2800
[INFO GPL-0004] CoreAreaLxLy: 20140 22400
[INFO GPL-0005] CoreAreaUxUy: 1579660 1377600
[INFO GPL-0006] NumInstances: 50641
[INFO GPL-0007] NumPlaceInstances: 44198
[INFO GPL-0008] NumFixedInstances: 3490
[INFO GPL-0009] NumDummyInstances: 2953
[INFO GPL-0010] NumNets: 55162
[INFO GPL-0011] NumPins: 179023
[INFO GPL-0012] DieAreaLxLy: 0 0
[INFO GPL-0013] DieAreaUxUy: 1600000 1400000
[INFO GPL-0014] CoreAreaLxLy: 20140 22400
[INFO GPL-0015] CoreAreaUxUy: 1579660 1377600
[INFO GPL-0016] CoreArea: 2113461504000
[INFO GPL-0017] NonPlaceInstsArea: 783305096000
[INFO GPL-0018] PlaceInstsArea: 342431376000
[INFO GPL-0019] Util(%): 25.74
[INFO GPL-0020] StdInstsArea: 342431376000
[INFO GPL-0021] MacroInstsArea: 0
[INFO GPL-0031] FillerInit: NumGCells: 176169
[INFO GPL-0032] FillerInit: NumGNets: 55162
[INFO GPL-0033] FillerInit: NumGPins: 179023
[INFO GPL-0023] TargetDensity: 1.00
[INFO GPL-0024] AveragePlaceInstArea: 7747666
[INFO GPL-0025] IdealBinArea: 7747666
[INFO GPL-0026] IdealBinCnt: 272786
[INFO GPL-0027] TotalBinArea: 2113461504000
[INFO GPL-0028] BinCnt: 512 512
[INFO GPL-0029] BinSize: 3046 2647
[INFO GPL-0030] NumBins: 262144
global_placement -density 0.3416932380199432 -pad_left 0 -pad_right 0 -routability_driven -timing_driven
[INFO GPL-0002] DBU: 2000
[INFO GPL-0003] SiteSize: 380 2800
[INFO GPL-0004] CoreAreaLxLy: 20140 22400
[INFO GPL-0005] CoreAreaUxUy: 1579660 1377600
[INFO GPL-0006] NumInstances: 50641
[INFO GPL-0007] NumPlaceInstances: 44198
[INFO GPL-0008] NumFixedInstances: 3490
[INFO GPL-0009] NumDummyInstances: 2953
[INFO GPL-0010] NumNets: 55162
[INFO GPL-0011] NumPins: 179023
[INFO GPL-0012] DieAreaLxLy: 0 0
[INFO GPL-0013] DieAreaUxUy: 1600000 1400000
[INFO GPL-0014] CoreAreaLxLy: 20140 22400
[INFO GPL-0015] CoreAreaUxUy: 1579660 1377600
[INFO GPL-0016] CoreArea: 2113461504000
[INFO GPL-0017] NonPlaceInstsArea: 783305096000
[INFO GPL-0018] PlaceInstsArea: 342431376000
[INFO GPL-0019] Util(%): 25.74
[INFO GPL-0020] StdInstsArea: 342431376000
[INFO GPL-0021] MacroInstsArea: 0
[InitialPlace]  Iter: 1 CG residual: 0.00090514 HPWL: 5380470983
[InitialPlace]  Iter: 2 CG residual: 0.00101808 HPWL: 4507387855
[InitialPlace]  Iter: 3 CG residual: 0.00117771 HPWL: 4240617527
[InitialPlace]  Iter: 4 CG residual: 0.00099924 HPWL: 3940313637
[InitialPlace]  Iter: 5 CG residual: 0.00054416 HPWL: 3738979223
[InitialPlace]  Iter: 6 CG residual: 0.00041596 HPWL: 3590474709
[InitialPlace]  Iter: 7 CG residual: 0.00027160 HPWL: 3478015755
[InitialPlace]  Iter: 8 CG residual: 0.00020855 HPWL: 3386758211
[InitialPlace]  Iter: 9 CG residual: 0.00019774 HPWL: 3312792375
[InitialPlace]  Iter: 10 CG residual: 0.00016005 HPWL: 3249218486
[InitialPlace]  Iter: 11 CG residual: 0.00016924 HPWL: 3196217806
[InitialPlace]  Iter: 12 CG residual: 0.00014786 HPWL: 3154350415
[InitialPlace]  Iter: 13 CG residual: 0.00010609 HPWL: 3121175592
[InitialPlace]  Iter: 14 CG residual: 0.00008489 HPWL: 3096284683
[InitialPlace]  Iter: 15 CG residual: 0.00004466 HPWL: 3077114355
[InitialPlace]  Iter: 16 CG residual: 0.00004614 HPWL: 3062133861
[InitialPlace]  Iter: 17 CG residual: 0.00003864 HPWL: 3050947251
[InitialPlace]  Iter: 18 CG residual: 0.00001626 HPWL: 3043707203
[InitialPlace]  Iter: 19 CG residual: 0.00001010 HPWL: 3038826534
[InitialPlace]  Iter: 20 CG residual: 0.00000781 HPWL: 3036221537
[INFO GPL-0031] FillerInit: NumGCells: 59172
[INFO GPL-0032] FillerInit: NumGNets: 55162
[INFO GPL-0033] FillerInit: NumGPins: 179023
[INFO GPL-0023] TargetDensity: 0.34
[INFO GPL-0024] AveragePlaceInstArea: 7747666
[INFO GPL-0025] IdealBinArea: 22674332
[INFO GPL-0026] IdealBinCnt: 93209
[INFO GPL-0027] TotalBinArea: 2113461504000
[INFO GPL-0028] BinCnt: 256 256
[INFO GPL-0029] BinSize: 6092 5294
[INFO GPL-0030] NumBins: 65536
[NesterovSolve] Iter: 1 overflow: 0.92256 HPWL: 2776681868
[NesterovSolve] Iter: 10 overflow: 0.861354 HPWL: 3062058671
[NesterovSolve] Iter: 20 overflow: 0.845523 HPWL: 3109036183
[NesterovSolve] Iter: 30 overflow: 0.843454 HPWL: 3115094670
[NesterovSolve] Iter: 40 overflow: 0.843512 HPWL: 3101476548
[NesterovSolve] Iter: 50 overflow: 0.840999 HPWL: 3097507683
[NesterovSolve] Iter: 60 overflow: 0.837559 HPWL: 3096641935
[NesterovSolve] Iter: 70 overflow: 0.833349 HPWL: 3092261009
[NesterovSolve] Iter: 80 overflow: 0.831546 HPWL: 3089016012
[NesterovSolve] Iter: 90 overflow: 0.831484 HPWL: 3091003551
[NesterovSolve] Iter: 100 overflow: 0.830773 HPWL: 3093463718
[NesterovSolve] Iter: 110 overflow: 0.829501 HPWL: 3092858166
[NesterovSolve] Iter: 120 overflow: 0.827746 HPWL: 3090940913
[NesterovSolve] Iter: 130 overflow: 0.82633 HPWL: 3089680277
[NesterovSolve] Iter: 140 overflow: 0.825196 HPWL: 3090790211
[NesterovSolve] Iter: 150 overflow: 0.823669 HPWL: 3093631184
[NesterovSolve] Iter: 160 overflow: 0.821682 HPWL: 3097572032
[NesterovSolve] Iter: 170 overflow: 0.818806 HPWL: 3103925294
[NesterovSolve] Iter: 180 overflow: 0.814877 HPWL: 3113549974
[NesterovSolve] Iter: 190 overflow: 0.809399 HPWL: 3130651575
[NesterovSolve] Iter: 200 overflow: 0.800238 HPWL: 3159654425
[NesterovSolve] Iter: 210 overflow: 0.787938 HPWL: 3202921546
[NesterovSolve] Iter: 220 overflow: 0.770819 HPWL: 3235353464
[INFO GPL-0100] worst slack 2.5e-09
[INFO GPL-0103] Weighted 5512 nets.
[NesterovSolve] Iter: 230 overflow: 0.752042 HPWL: 3260688229
[NesterovSolve] Iter: 240 overflow: 0.728911 HPWL: 3289488363
[NesterovSolve] Iter: 250 overflow: 0.692285 HPWL: 3310417376
[NesterovSolve] Iter: 260 overflow: 0.651065 HPWL: 3304532309
[INFO GPL-0100] worst slack 2.45e-09
[INFO GPL-0103] Weighted 5512 nets.
[NesterovSolve] Iter: 270 overflow: 0.607793 HPWL: 3347175592
[NesterovSolve] Snapshot saved at iter = 271
[NesterovSolve] Iter: 280 overflow: 0.569302 HPWL: 3458057158
[NesterovSolve] Iter: 290 overflow: 0.532747 HPWL: 3610928027
[NesterovSolve] Iter: 300 overflow: 0.497821 HPWL: 3756015669
[INFO GPL-0100] worst slack 2.52e-09
[INFO GPL-0103] Weighted 5512 nets.
[NesterovSolve] Iter: 310 overflow: 0.452976 HPWL: 3851561329
[NesterovSolve] Iter: 320 overflow: 0.409392 HPWL: 3911624182
[NesterovSolve] Iter: 330 overflow: 0.377144 HPWL: 3947691594
[NesterovSolve] Iter: 340 overflow: 0.346562 HPWL: 3997327636
[NesterovSolve] Iter: 350 overflow: 0.317839 HPWL: 4000836130
[NesterovSolve] Iter: 360 overflow: 0.294309 HPWL: 3980124167
[NesterovSolve] Iter: 370 overflow: 0.268064 HPWL: 3966072935
[INFO GPL-0100] worst slack 2.42e-09
[INFO GPL-0103] Weighted 5510 nets.
[NesterovSolve] Iter: 380 overflow: 0.241524 HPWL: 3945982596
[NesterovSolve] Iter: 390 overflow: 0.216444 HPWL: 3923032091
[INFO GPL-0075] Routability numCall: 1 inflationIterCnt: 1 bloatIterCnt: 0
[INFO GPL-0036] TileLxLy: 0 0
[INFO GPL-0037] TileSize: 4200 4200
[INFO GPL-0038] TileCnt: 380 333
[INFO GPL-0039] numRoutingLayers: 10
[INFO GPL-0040] NumTiles: 126540
[INFO GPL-0063] TotalRouteOverflowH2: 539.1143333911896
[INFO GPL-0064] TotalRouteOverflowV2: 7.07142972946167
[INFO GPL-0065] OverflowTileCnt2: 1704
[INFO GPL-0066] 0.5%RC: 1.236246421293247
[INFO GPL-0067] 1.0%RC: 1.1181232106466235
[INFO GPL-0068] 2.0%RC: 1.0590680764096845
[INFO GPL-0069] 5.0%RC: 1.0236277483188496
[INFO GPL-0070] 0.5rcK: 1.0
[INFO GPL-0071] 1.0rcK: 1.0
[INFO GPL-0072] 2.0rcK: 0.0
[INFO GPL-0073] 5.0rcK: 0.0
[INFO GPL-0074] FinalRC: 1.1771848
[NesterovSolve] Iter: 400 overflow: 0.191867 HPWL: 3901366397
[INFO GPL-0100] worst slack 2.52e-09
[INFO GPL-0103] Weighted 5507 nets.
[NesterovSolve] Iter: 410 overflow: 0.1672 HPWL: 3887395804
[NesterovSolve] Iter: 420 overflow: 0.1471 HPWL: 3880752872
[NesterovSolve] Iter: 430 overflow: 0.126419 HPWL: 3883864772
[INFO GPL-0100] worst slack 2.49e-09
[INFO GPL-0103] Weighted 5505 nets.
[NesterovSolve] Iter: 440 overflow: 0.111414 HPWL: 3889521267
[NesterovSolve] Finished with Overflow: 0.099741
Warning: There are 24 unconstrained endpoints.

==========================================================================
global place report_design_area
--------------------------------------------------------------------------
Design area 230479 u^2 44% utilization.
Elapsed time: 1:24.11[h:]min:sec. CPU time: user 95.88 sys 0.19 (114%). Peak memory: 729568KB.
