OpenROAD v2.0-11432-gead3236e5 
This program is licensed under the BSD-3 license. See the LICENSE file for details.
Components of this program may be licensed under more restrictive licenses which must be honored.
clock_tree_synthesis -sink_clustering_enable -balance_levels
[INFO CTS-0050] Root buffer is CLKBUF_X3.
[INFO CTS-0051] Sink buffer is CLKBUF_X3.
[INFO CTS-0052] The following clock buffers will be used for CTS:
                    CLKBUF_X3
[INFO CTS-0049] Characterization buffer is CLKBUF_X3.
[INFO CTS-0039] Number of created patterns = 4200.
[INFO CTS-0084] Compiling LUT.
Min. len    Max. len    Min. cap    Max. cap    Min. slew   Max. slew
2           8           1           21          1           7           
[WARNING CTS-0043] 560 wires are pure wire and no slew degradation.
TritonCTS forced slew degradation on these wires.
[INFO CTS-0046]     Number of wire segments: 4200.
[INFO CTS-0047]     Number of keys in characterization LUT: 336.
[INFO CTS-0048]     Actual min input cap: 1.
[INFO CTS-0007] Net "clk_i" found for clock "CLK".
[INFO CTS-0010]  Clock net "clk_i" has 8580 sinks.
[INFO CTS-0008] TritonCTS found 1 clock nets.
[INFO CTS-0097] Characterization used 1 buffer(s) types.
[INFO CTS-0200] 6 placement blockages have been identified.
[INFO CTS-0027] Generating H-Tree topology for net clk_i.
[INFO CTS-0028]  Total number of sinks: 8580.
[INFO CTS-0090]  Sinks will be clustered based on buffer max cap.
[INFO CTS-0030]  Number of static layers: 0.
[INFO CTS-0020]  Wire segment unit: 14000  dbu (7 um).
[INFO CTS-0206] Best clustering solution was found from clustering size of 10 and clustering diameter of 50.
[INFO CTS-0019]  Total number of sinks after clustering: 1314.
[INFO CTS-0024]  Normalized sink region: [(2.17714, 2.29271), (112.245, 92.6439)].
[INFO CTS-0025]     Width:  110.0676.
[INFO CTS-0026]     Height: 90.3512.
 Level 1
    Direction: Horizontal
    Sinks per sub-region: 657
    Sub-region size: 55.0338 X 90.3512
[INFO CTS-0034]     Segment length (rounded): 28.
    Key: 180 inSlew: 1 inCap: 1 outSlew: 2 load: 1 length: 8 delay: 1
    Key: 180 inSlew: 1 inCap: 1 outSlew: 2 load: 1 length: 8 delay: 1
    Key: 206 inSlew: 2 inCap: 1 outSlew: 2 load: 1 length: 8 delay: 1
    Key: 27 inSlew: 3 inCap: 1 outSlew: 1 load: 1 length: 4 delay: 9
      location: 1.0 buffer: CLKBUF_X3
 Level 2
    Direction: Vertical
    Sinks per sub-region: 329
    Sub-region size: 55.0338 X 45.1756
[INFO CTS-0034]     Segment length (rounded): 22.
    Key: 180 inSlew: 1 inCap: 1 outSlew: 2 load: 1 length: 8 delay: 1
    Key: 180 inSlew: 1 inCap: 1 outSlew: 2 load: 1 length: 8 delay: 1
    Key: 94 inSlew: 2 inCap: 1 outSlew: 2 load: 1 length: 6 delay: 1
 Level 3
    Direction: Horizontal
    Sinks per sub-region: 165
    Sub-region size: 27.5169 X 45.1756
[INFO CTS-0034]     Segment length (rounded): 14.
    Key: 193 inSlew: 3 inCap: 1 outSlew: 1 load: 1 length: 8 delay: 9
      location: 1.0 buffer: CLKBUF_X3
    Key: 83 inSlew: 1 inCap: 1 outSlew: 2 load: 1 length: 6 delay: 1
 Out of 315 sinks, 4 sinks closer to other cluster.
 Level 4
    Direction: Vertical
    Sinks per sub-region: 83
    Sub-region size: 27.5169 X 22.5878
[INFO CTS-0034]     Segment length (rounded): 12.
    Key: 180 inSlew: 1 inCap: 1 outSlew: 2 load: 1 length: 8 delay: 1
    Key: 38 inSlew: 2 inCap: 1 outSlew: 2 load: 1 length: 4 delay: 1
 Level 5
    Direction: Horizontal
    Sinks per sub-region: 42
    Sub-region size: 13.7585 X 22.5878
[INFO CTS-0034]     Segment length (rounded): 6.
    Key: 89 inSlew: 3 inCap: 1 outSlew: 1 load: 1 length: 6 delay: 9
      location: 1.0 buffer: CLKBUF_X3
 Out of 97 sinks, 2 sinks closer to other cluster.
 Out of 54 sinks, 9 sinks closer to other cluster.
 Level 6
    Direction: Vertical
    Sinks per sub-region: 21
    Sub-region size: 13.7585 X 11.2939
[INFO CTS-0034]     Segment length (rounded): 6.
    Key: 83 inSlew: 1 inCap: 1 outSlew: 2 load: 1 length: 6 delay: 1
 Out of 34 sinks, 2 sinks closer to other cluster.
 Out of 38 sinks, 1 sinks closer to other cluster.
 Out of 34 sinks, 2 sinks closer to other cluster.
 Out of 33 sinks, 1 sinks closer to other cluster.
 Level 7
    Direction: Horizontal
    Sinks per sub-region: 11
    Sub-region size: 6.8792 X 11.2939
[INFO CTS-0034]     Segment length (rounded): 4.
    Key: 14 inSlew: 1 inCap: 1 outSlew: 2 load: 1 length: 4 delay: 1
 Out of 14 sinks, 1 sinks closer to other cluster.
 Out of 12 sinks, 1 sinks closer to other cluster.
 Out of 16 sinks, 1 sinks closer to other cluster.
 Out of 21 sinks, 2 sinks closer to other cluster.
 Out of 22 sinks, 4 sinks closer to other cluster.
 Out of 16 sinks, 4 sinks closer to other cluster.
 Out of 24 sinks, 2 sinks closer to other cluster.
 Out of 11 sinks, 1 sinks closer to other cluster.
 Out of 20 sinks, 5 sinks closer to other cluster.
 Out of 28 sinks, 4 sinks closer to other cluster.
[INFO CTS-0032]  Stop criterion found. Max number of sinks is 15.
[INFO CTS-0035]  Number of sinks covered: 1314.
[INFO CTS-0018]     Created 1475 clock buffers.
[INFO CTS-0012]     Minimum number of buffers in the clock path: 5.
[INFO CTS-0013]     Maximum number of buffers in the clock path: 6.
[INFO CTS-0015]     Created 1475 clock nets.
[INFO CTS-0016]     Fanout distribution for the current clock = 2:6, 3:8, 4:36, 5:108, 6:428, 7:558, 8:190, 9:28, 10:11, 11:11, 12:11, 13:9, 14:6, 15:12, 16:3, 17:3, 18:1, 19:3..
[INFO CTS-0017]     Max level of the clock tree: 7.
[INFO CTS-0098] Clock net "clk_i"
[INFO CTS-0099]  Sinks 8580
[INFO CTS-0100]  Leaf buffers 1304
[INFO CTS-0101]  Average sink wire length 1100.07 um
[INFO CTS-0102]  Path depth 5 - 6
Warning: There are 24 unconstrained endpoints.

==========================================================================
cts pre-repair report_design_area
--------------------------------------------------------------------------
Design area 253052 u^2 48% utilization.
[INFO RSZ-0058] Using max wire length 661um.
Warning: There are 24 unconstrained endpoints.

==========================================================================
cts post-repair report_design_area
--------------------------------------------------------------------------
Design area 253052 u^2 48% utilization.
Placement Analysis
---------------------------------
total displacement       1734.9 u
average displacement        0.0 u
max displacement           48.0 u
original HPWL         2126725.4 u
legalized HPWL        2145184.9 u
delta HPWL                    1 %

Repair setup and hold violations...
TNS end percent 100
[INFO RSZ-0033] No hold violations found.
Placement Analysis
---------------------------------
total displacement          0.0 u
average displacement        0.0 u
max displacement            0.0 u
original HPWL         2145184.9 u
legalized HPWL        2145184.9 u
delta HPWL                    0 %

Warning: There are 24 unconstrained endpoints.

==========================================================================
cts final report_design_area
--------------------------------------------------------------------------
Design area 253052 u^2 48% utilization.
Elapsed time: 0:33.71[h:]min:sec. CPU time: user 33.57 sys 0.13 (99%). Peak memory: 489324KB.
