OpenROAD v2.0-11432-gead3236e5 
This program is licensed under the BSD-3 license. See the LICENSE file for details.
Components of this program may be licensed under more restrictive licenses which must be honored.
global_route -guide_file ./results/nangate45/bp_be/base/route.guide -congestion_report_file ./reports/nangate45/bp_be/base/congestion.rpt -congestion_iterations 30 -congestion_report_iter_step 5 -verbose
[INFO GRT-0020] Min routing layer: metal2
[INFO GRT-0021] Max routing layer: metal10
[INFO GRT-0022] Global adjustment: 0%
[INFO GRT-0023] Grid origin: (0, 0)
[INFO GRT-0043] No OR_DEFAULT vias defined.
[INFO GRT-0088] Layer metal1  Track-Pitch = 0.1400  line-2-Via Pitch: 0.1350
[INFO GRT-0088] Layer metal2  Track-Pitch = 0.1900  line-2-Via Pitch: 0.1400
[INFO GRT-0088] Layer metal3  Track-Pitch = 0.1400  line-2-Via Pitch: 0.1400
[INFO GRT-0088] Layer metal4  Track-Pitch = 0.2800  line-2-Via Pitch: 0.2800
[INFO GRT-0088] Layer metal5  Track-Pitch = 0.2800  line-2-Via Pitch: 0.2800
[INFO GRT-0088] Layer metal6  Track-Pitch = 0.2800  line-2-Via Pitch: 0.2800
[INFO GRT-0088] Layer metal7  Track-Pitch = 0.8000  line-2-Via Pitch: 0.8000
[INFO GRT-0088] Layer metal8  Track-Pitch = 0.8000  line-2-Via Pitch: 0.8000
[INFO GRT-0088] Layer metal9  Track-Pitch = 1.6000  line-2-Via Pitch: 1.6000
[INFO GRT-0088] Layer metal10 Track-Pitch = 1.6000  line-2-Via Pitch: 1.6000
[INFO GRT-0019] Found 1476 clock nets.
[INFO GRT-0001] Minimum degree: 2
[INFO GRT-0002] Maximum degree: 155
[INFO GRT-0003] Macros: 10
[INFO GRT-0004] Blockages: 2596

[INFO GRT-0053] Routing resources analysis:
          Routing      Original      Derated      Resource
Layer     Direction    Resources     Resources    Reduction (%)
---------------------------------------------------------------
metal1     Horizontal          0             0          0.00%
metal2     Vertical      1394753        461464          66.91%
metal3     Horizontal    1900705        643639          66.14%
metal4     Vertical       887782        444834          49.89%
metal5     Horizontal     887249        585257          34.04%
metal6     Vertical       887782        587338          33.84%
metal7     Horizontal     253554        112196          55.75%
metal8     Vertical       253985        126824          50.07%
metal9     Horizontal     126587        125828          0.60%
metal10    Vertical       126826        125828          0.79%
---------------------------------------------------------------

[INFO GRT-0101] Running extra iterations to remove overflow.
[INFO GRT-0197] Via related to pin nodes: 289063
[INFO GRT-0198] Via related Steiner nodes: 16444
[INFO GRT-0199] Via filling finished.
[INFO GRT-0111] Final number of vias: 374612
[INFO GRT-0112] Final usage 3D: 2279173

[INFO GRT-0096] Final congestion report:
Layer         Resource        Demand        Usage (%)    Max H / Max V / Total Overflow
---------------------------------------------------------------------------------------
metal1               0             0            0.00%             0 /  0 /  0
metal2          461464        194225           42.09%             0 /  0 /  0
metal3          643639        294264           45.72%             0 /  0 /  0
metal4          444834        173083           38.91%             0 /  0 /  0
metal5          585257        237469           40.58%             0 /  0 /  0
metal6          587338        177900           30.29%             0 /  0 /  0
metal7          112196         29607           26.39%             0 /  0 /  0
metal8          126824         14616           11.52%             0 /  0 /  0
metal9          125828         26701           21.22%             0 /  0 /  0
metal10         125828          7472            5.94%             0 /  0 /  0
---------------------------------------------------------------------------------------
Total          3213208       1155337           35.96%             0 /  0 /  0

[INFO GRT-0018] Total wirelength: 3023609 um
[INFO GRT-0014] Routed nets: 52728
Warning: There are 24 unconstrained endpoints.

==========================================================================
global route pre repair design report_design_area
--------------------------------------------------------------------------
Design area 253052 u^2 48% utilization.
Perform buffer insertion...
[INFO RSZ-0058] Using max wire length 661um.
[INFO RSZ-0036] Found 25 capacitance violations.
[INFO RSZ-0037] Found 97 long wires.
[INFO RSZ-0038] Inserted 114 buffers in 122 nets.
[INFO RSZ-0039] Resized 1494 instances.
Warning: There are 24 unconstrained endpoints.

==========================================================================
global route post repair design report_design_area
--------------------------------------------------------------------------
Design area 254620 u^2 48% utilization.
Placement Analysis
---------------------------------
total displacement       1934.0 u
average displacement        0.0 u
max displacement            9.8 u
original HPWL         2148232.3 u
legalized HPWL        2149738.4 u
delta HPWL                    0 %

Repair setup and hold violations...
[INFO RSZ-0033] No hold violations found.
Warning: There are 24 unconstrained endpoints.

==========================================================================
global route post repair timing report_design_area
--------------------------------------------------------------------------
Design area 254620 u^2 48% utilization.
Placement Analysis
---------------------------------
total displacement          0.0 u
average displacement        0.0 u
max displacement            0.0 u
original HPWL         2149738.4 u
legalized HPWL        2149738.4 u
delta HPWL                    0 %


==========================================================================
check_antennas
--------------------------------------------------------------------------
[WARNING GRT-0246] No diode with LEF class CORE ANTENNACELL found.
[WARNING ANT-0011] -report_violating_nets is deprecated.
[INFO ANT-0002] Found 0 net violations.
[INFO ANT-0001] Found 0 pin violations.
Warning: There are 24 unconstrained endpoints.

==========================================================================
global route report_design_area
--------------------------------------------------------------------------
Design area 254620 u^2 48% utilization.
[INFO FLW-0007] clock CLK period 5.400000
[INFO FLW-0008] Clock CLK period 3.188
[INFO FLW-0009] Clock CLK slack 2.044
[INFO FLW-0011] Path endpoint count 19771
Elapsed time: 1:42.15[h:]min:sec. CPU time: user 101.86 sys 0.28 (99%). Peak memory: 1159708KB.
