OpenROAD autotuner-v1-2861-g832b18e7 
This program is licensed under the BSD-3 license. See the LICENSE file for details.
Components of this program may be licensed under more restrictive licenses which must be honored.
[INFO CTS-0049] Characterization buffer is: sky130_fd_sc_hd__clkbuf_4.
[INFO CTS-0039] Number of created patterns = 12240.
[INFO CTS-0084] Compiling LUT.
Min. len    Max. len    Min. cap    Max. cap    Min. slew   Max. slew
2           8           1           36          1           12          
[WARNING CTS-0043] 1632 wires are pure wire and no slew degradation.
TritonCTS forced slew degradation on these wires.
[INFO CTS-0046]     Number of wire segments: 12240.
[INFO CTS-0047]     Number of keys in characterization LUT: 1648.
[INFO CTS-0048]     Actual min input cap: 1.
[INFO CTS-0007] Net "clk" found for clock "core_clock".
[INFO CTS-0010]  Clock net "clk" has 35 sinks.
[INFO CTS-0008] TritonCTS found 1 clock nets.
[INFO CTS-0097] Characterization used 1 buffer(s) types.
[INFO CTS-0200] 0 placement blockages have been identified.
[INFO CTS-0201] 0 placed hard macros will be treated like blockages.
[INFO CTS-0027] Generating H-Tree topology for net clk.
[INFO CTS-0028]  Total number of sinks: 35.
[INFO CTS-0029]  Sinks will be clustered in groups of up to 30 and with maximum cluster diameter of 100.0 um.
[INFO CTS-0030]  Number of static layers: 0.
[INFO CTS-0020]  Wire segment unit: 13600  dbu (13 um).
[INFO CTS-0023]  Original sink region: [(2105, 6860), (70185, 69300)].
[INFO CTS-0024]  Normalized sink region: [(0.154779, 0.504412), (5.16066, 5.09559)].
[INFO CTS-0025]     Width:  5.0059.
[INFO CTS-0026]     Height: 4.5912.
[WARNING CTS-0045] Creating fake entries in the LUT.
 Level 1
    Direction: Horizontal
    Sinks per sub-region: 18
    Sub-region size: 2.5029 X 4.5912
[INFO CTS-0034]     Segment length (rounded): 1.
    Key: 12276 inSlew: 1 inCap: 2 outSlew: 2 load: 1 length: 1 delay: 1
 Level 2
    Direction: Vertical
    Sinks per sub-region: 9
    Sub-region size: 2.5029 X 2.2956
[INFO CTS-0034]     Segment length (rounded): 1.
    Key: 12276 inSlew: 1 inCap: 2 outSlew: 2 load: 1 length: 1 delay: 1
[INFO CTS-0032]  Stop criterion found. Max number of sinks is 15.
[INFO CTS-0035]  Number of sinks covered: 35.
[INFO CTS-0018]     Created 5 clock buffers.
[INFO CTS-0012]     Minimum number of buffers in the clock path: 2.
[INFO CTS-0013]     Maximum number of buffers in the clock path: 2.
[INFO CTS-0015]     Created 5 clock nets.
[INFO CTS-0016]     Fanout distribution for the current clock = 7:2, 10:1, 11:1..
[INFO CTS-0017]     Max level of the clock tree: 2.
[INFO CTS-0098] Clock net "clk"
[INFO CTS-0099]  Sinks 35
[INFO CTS-0100]  Leaf buffers 0
[INFO CTS-0101]  Average sink wire length 116.89 um
[INFO CTS-0102]  Path depth 2 - 2

==========================================================================
cts pre-repair check_setup
--------------------------------------------------------------------------

==========================================================================
cts pre-repair report_tns
--------------------------------------------------------------------------
tns -0.00

==========================================================================
cts pre-repair report_wns
--------------------------------------------------------------------------
wns -0.00

==========================================================================
cts pre-repair report_worst_slack
--------------------------------------------------------------------------
worst slack -0.00

==========================================================================
cts pre-repair report_clock_skew
--------------------------------------------------------------------------
Clock core_clock
Latency      CRPR       Skew
_489_/CLK ^
   0.36
_516_/CLK ^
   0.33      0.00       0.02


==========================================================================
cts pre-repair report_checks -path_delay min
--------------------------------------------------------------------------
Startpoint: _490_ (rising edge-triggered flip-flop clocked by core_clock)
Endpoint: _490_ (rising edge-triggered flip-flop clocked by core_clock)
Path Group: core_clock
Path Type: min

Fanout     Cap    Slew   Delay    Time   Description
-----------------------------------------------------------------------------
                          0.00    0.00   clock core_clock (rise edge)
                          0.00    0.00   clock source latency
     1    0.02    0.00    0.00    0.00 ^ clk (in)
                                         clk (net)
                  0.00    0.00    0.00 ^ clkbuf_0_clk/A (sky130_fd_sc_hd__clkbuf_4)
     4    0.02    0.08    0.15    0.15 ^ clkbuf_0_clk/X (sky130_fd_sc_hd__clkbuf_4)
                                         clknet_0_clk (net)
                  0.08    0.00    0.15 ^ clkbuf_2_1__f_clk/A (sky130_fd_sc_hd__clkbuf_4)
    11    0.04    0.12    0.21    0.36 ^ clkbuf_2_1__f_clk/X (sky130_fd_sc_hd__clkbuf_4)
                                         clknet_2_1__leaf_clk (net)
                  0.12    0.00    0.36 ^ _490_/CLK (sky130_fd_sc_hd__dfxtp_1)
     2    0.01    0.04    0.33    0.69 v _490_/Q (sky130_fd_sc_hd__dfxtp_1)
                                         ctrl.state.out[1] (net)
                  0.04    0.00    0.69 v _355_/B1 (sky130_fd_sc_hd__o21ai_0)
     1    0.00    0.08    0.07    0.76 ^ _355_/Y (sky130_fd_sc_hd__o21ai_0)
                                         _135_ (net)
                  0.08    0.00    0.76 ^ _359_/A1 (sky130_fd_sc_hd__a21oi_1)
     1    0.00    0.04    0.06    0.82 v _359_/Y (sky130_fd_sc_hd__a21oi_1)
                                         _001_ (net)
                  0.04    0.00    0.82 v _490_/D (sky130_fd_sc_hd__dfxtp_1)
                                  0.82   data arrival time

                          0.00    0.00   clock core_clock (rise edge)
                          0.00    0.00   clock source latency
     1    0.02    0.00    0.00    0.00 ^ clk (in)
                                         clk (net)
                  0.00    0.00    0.00 ^ clkbuf_0_clk/A (sky130_fd_sc_hd__clkbuf_4)
     4    0.02    0.08    0.15    0.15 ^ clkbuf_0_clk/X (sky130_fd_sc_hd__clkbuf_4)
                                         clknet_0_clk (net)
                  0.08    0.00    0.15 ^ clkbuf_2_1__f_clk/A (sky130_fd_sc_hd__clkbuf_4)
    11    0.04    0.12    0.21    0.36 ^ clkbuf_2_1__f_clk/X (sky130_fd_sc_hd__clkbuf_4)
                                         clknet_2_1__leaf_clk (net)
                  0.12    0.00    0.36 ^ _490_/CLK (sky130_fd_sc_hd__dfxtp_1)
                          0.00    0.36   clock reconvergence pessimism
                         -0.03    0.32   library hold time
                                  0.32   data required time
-----------------------------------------------------------------------------
                                  0.32   data required time
                                 -0.82   data arrival time
-----------------------------------------------------------------------------
                                  0.50   slack (MET)



==========================================================================
cts pre-repair report_checks -path_delay max
--------------------------------------------------------------------------
Startpoint: _492_ (rising edge-triggered flip-flop clocked by core_clock)
Endpoint: resp_msg[10] (output port clocked by core_clock)
Path Group: core_clock
Path Type: max

Fanout     Cap    Slew   Delay    Time   Description
-----------------------------------------------------------------------------
                          0.00    0.00   clock core_clock (rise edge)
                          0.00    0.00   clock source latency
     1    0.02    0.00    0.00    0.00 ^ clk (in)
                                         clk (net)
                  0.00    0.00    0.00 ^ clkbuf_0_clk/A (sky130_fd_sc_hd__clkbuf_4)
     4    0.02    0.08    0.15    0.15 ^ clkbuf_0_clk/X (sky130_fd_sc_hd__clkbuf_4)
                                         clknet_0_clk (net)
                  0.08    0.00    0.15 ^ clkbuf_2_1__f_clk/A (sky130_fd_sc_hd__clkbuf_4)
    11    0.04    0.12    0.21    0.36 ^ clkbuf_2_1__f_clk/X (sky130_fd_sc_hd__clkbuf_4)
                                         clknet_2_1__leaf_clk (net)
                  0.12    0.00    0.36 ^ _492_/CLK (sky130_fd_sc_hd__dfxtp_1)
     5    0.02    0.09    0.38    0.73 v _492_/Q (sky130_fd_sc_hd__dfxtp_1)
                                         dpath.a_lt_b$in1[0] (net)
                  0.09    0.00    0.73 v _266_/B_N (sky130_fd_sc_hd__nor2b_1)
     2    0.01    0.06    0.17    0.91 v _266_/Y (sky130_fd_sc_hd__nor2b_1)
                                         _065_ (net)
                  0.06    0.00    0.91 v _267_/C (sky130_fd_sc_hd__maj3_2)
     5    0.03    0.11    0.38    1.29 v _267_/X (sky130_fd_sc_hd__maj3_2)
                                         _066_ (net)
                  0.11    0.00    1.29 v _274_/A1 (sky130_fd_sc_hd__o21ai_4)
     2    0.02    0.20    0.24    1.53 ^ _274_/Y (sky130_fd_sc_hd__o21ai_4)
                                         _073_ (net)
                  0.20    0.00    1.53 ^ _316_/A1 (sky130_fd_sc_hd__a22oi_4)
     3    0.01    0.09    0.12    1.65 v _316_/Y (sky130_fd_sc_hd__a22oi_4)
                                         _107_ (net)
                  0.09    0.00    1.65 v _319_/C (sky130_fd_sc_hd__maj3_1)
     2    0.01    0.10    0.40    2.06 v _319_/X (sky130_fd_sc_hd__maj3_1)
                                         _109_ (net)
                  0.10    0.00    2.06 v _322_/C (sky130_fd_sc_hd__maj3_1)
     1    0.01    0.08    0.38    2.43 v _322_/X (sky130_fd_sc_hd__maj3_1)
                                         _111_ (net)
                  0.08    0.00    2.43 v _323_/B (sky130_fd_sc_hd__xnor2_1)
     2    0.01    0.18    0.19    2.62 ^ _323_/Y (sky130_fd_sc_hd__xnor2_1)
                                         net38 (net)
                  0.18    0.00    2.62 ^ output38/A (sky130_fd_sc_hd__clkbuf_1)
     1    0.00    0.03    0.10    2.72 ^ output38/X (sky130_fd_sc_hd__clkbuf_1)
                                         resp_msg[10] (net)
                  0.03    0.00    2.72 ^ resp_msg[10] (out)
                                  2.72   data arrival time

                          3.40    3.40   clock core_clock (rise edge)
                          0.00    3.40   clock network delay (propagated)
                          0.00    3.40   clock reconvergence pessimism
                         -0.68    2.72   output external delay
                                  2.72   data required time
-----------------------------------------------------------------------------
                                  2.72   data required time
                                 -2.72   data arrival time
-----------------------------------------------------------------------------
                                  0.00   slack (VIOLATED)



==========================================================================
cts pre-repair report_checks -unconstrained
--------------------------------------------------------------------------
Startpoint: _492_ (rising edge-triggered flip-flop clocked by core_clock)
Endpoint: resp_msg[10] (output port clocked by core_clock)
Path Group: core_clock
Path Type: max

Fanout     Cap    Slew   Delay    Time   Description
-----------------------------------------------------------------------------
                          0.00    0.00   clock core_clock (rise edge)
                          0.00    0.00   clock source latency
     1    0.02    0.00    0.00    0.00 ^ clk (in)
                                         clk (net)
                  0.00    0.00    0.00 ^ clkbuf_0_clk/A (sky130_fd_sc_hd__clkbuf_4)
     4    0.02    0.08    0.15    0.15 ^ clkbuf_0_clk/X (sky130_fd_sc_hd__clkbuf_4)
                                         clknet_0_clk (net)
                  0.08    0.00    0.15 ^ clkbuf_2_1__f_clk/A (sky130_fd_sc_hd__clkbuf_4)
    11    0.04    0.12    0.21    0.36 ^ clkbuf_2_1__f_clk/X (sky130_fd_sc_hd__clkbuf_4)
                                         clknet_2_1__leaf_clk (net)
                  0.12    0.00    0.36 ^ _492_/CLK (sky130_fd_sc_hd__dfxtp_1)
     5    0.02    0.09    0.38    0.73 v _492_/Q (sky130_fd_sc_hd__dfxtp_1)
                                         dpath.a_lt_b$in1[0] (net)
                  0.09    0.00    0.73 v _266_/B_N (sky130_fd_sc_hd__nor2b_1)
     2    0.01    0.06    0.17    0.91 v _266_/Y (sky130_fd_sc_hd__nor2b_1)
                                         _065_ (net)
                  0.06    0.00    0.91 v _267_/C (sky130_fd_sc_hd__maj3_2)
     5    0.03    0.11    0.38    1.29 v _267_/X (sky130_fd_sc_hd__maj3_2)
                                         _066_ (net)
                  0.11    0.00    1.29 v _274_/A1 (sky130_fd_sc_hd__o21ai_4)
     2    0.02    0.20    0.24    1.53 ^ _274_/Y (sky130_fd_sc_hd__o21ai_4)
                                         _073_ (net)
                  0.20    0.00    1.53 ^ _316_/A1 (sky130_fd_sc_hd__a22oi_4)
     3    0.01    0.09    0.12    1.65 v _316_/Y (sky130_fd_sc_hd__a22oi_4)
                                         _107_ (net)
                  0.09    0.00    1.65 v _319_/C (sky130_fd_sc_hd__maj3_1)
     2    0.01    0.10    0.40    2.06 v _319_/X (sky130_fd_sc_hd__maj3_1)
                                         _109_ (net)
                  0.10    0.00    2.06 v _322_/C (sky130_fd_sc_hd__maj3_1)
     1    0.01    0.08    0.38    2.43 v _322_/X (sky130_fd_sc_hd__maj3_1)
                                         _111_ (net)
                  0.08    0.00    2.43 v _323_/B (sky130_fd_sc_hd__xnor2_1)
     2    0.01    0.18    0.19    2.62 ^ _323_/Y (sky130_fd_sc_hd__xnor2_1)
                                         net38 (net)
                  0.18    0.00    2.62 ^ output38/A (sky130_fd_sc_hd__clkbuf_1)
     1    0.00    0.03    0.10    2.72 ^ output38/X (sky130_fd_sc_hd__clkbuf_1)
                                         resp_msg[10] (net)
                  0.03    0.00    2.72 ^ resp_msg[10] (out)
                                  2.72   data arrival time

                          3.40    3.40   clock core_clock (rise edge)
                          0.00    3.40   clock network delay (propagated)
                          0.00    3.40   clock reconvergence pessimism
                         -0.68    2.72   output external delay
                                  2.72   data required time
-----------------------------------------------------------------------------
                                  2.72   data required time
                                 -2.72   data arrival time
-----------------------------------------------------------------------------
                                  0.00   slack (VIOLATED)



==========================================================================
cts pre-repair report_check_types -max_slew -max_cap -max_fanout -violators
--------------------------------------------------------------------------

==========================================================================
cts pre-repair max_slew_check_slack
--------------------------------------------------------------------------
0.6984385251998901

==========================================================================
cts pre-repair max_slew_check_limit
--------------------------------------------------------------------------
1.4951939582824707

==========================================================================
cts pre-repair max_slew_check_slack_limit
--------------------------------------------------------------------------
0.4671

==========================================================================
cts pre-repair max_fanout_check_slack
--------------------------------------------------------------------------
1.0000000150474662e+30

==========================================================================
cts pre-repair max_fanout_check_limit
--------------------------------------------------------------------------
1.0000000150474662e+30

==========================================================================
cts pre-repair max_capacitance_check_slack
--------------------------------------------------------------------------
0.02550397254526615

==========================================================================
cts pre-repair max_capacitance_check_limit
--------------------------------------------------------------------------
0.03663099929690361

==========================================================================
cts pre-repair max_capacitance_check_slack_limit
--------------------------------------------------------------------------
0.6962

==========================================================================
cts pre-repair max_slew_violation_count
--------------------------------------------------------------------------
max slew violation count 0

==========================================================================
cts pre-repair max_fanout_violation_count
--------------------------------------------------------------------------
max fanout violation count 0

==========================================================================
cts pre-repair max_cap_violation_count
--------------------------------------------------------------------------
max cap violation count 0

==========================================================================
cts pre-repair setup_violation_count
--------------------------------------------------------------------------
setup violation count 1

==========================================================================
cts pre-repair hold_violation_count
--------------------------------------------------------------------------
hold violation count 0

==========================================================================
cts pre-repair critical path delay
--------------------------------------------------------------------------
2.7242

==========================================================================
cts pre-repair critical path slack
--------------------------------------------------------------------------
-0.0042

==========================================================================
cts pre-repair slack div critical path delay
--------------------------------------------------------------------------
-0.154174

==========================================================================
cts pre-repair report_power
--------------------------------------------------------------------------
Group                  Internal  Switching    Leakage      Total
                          Power      Power      Power      Power (Watts)
----------------------------------------------------------------
Sequential             4.70e-04   1.03e-04   2.96e-10   5.72e-04  42.8%
Combinational          3.26e-04   4.38e-04   7.16e-10   7.64e-04  57.2%
Macro                  0.00e+00   0.00e+00   0.00e+00   0.00e+00   0.0%
Pad                    0.00e+00   0.00e+00   0.00e+00   0.00e+00   0.0%
----------------------------------------------------------------
Total                  7.96e-04   5.40e-04   1.01e-09   1.34e-03 100.0%
                          59.5%      40.5%       0.0%

==========================================================================
cts pre-repair report_design_area
--------------------------------------------------------------------------
Design area 2679 u^2 48% utilization.

[INFO RSZ-0058] Using max wire length 2141um.

==========================================================================
cts post-repair check_setup
--------------------------------------------------------------------------

==========================================================================
cts post-repair report_tns
--------------------------------------------------------------------------
tns -0.00

==========================================================================
cts post-repair report_wns
--------------------------------------------------------------------------
wns -0.00

==========================================================================
cts post-repair report_worst_slack
--------------------------------------------------------------------------
worst slack -0.00

==========================================================================
cts post-repair report_clock_skew
--------------------------------------------------------------------------
Clock core_clock
Latency      CRPR       Skew
_489_/CLK ^
   0.36
_516_/CLK ^
   0.33      0.00       0.02


==========================================================================
cts post-repair report_checks -path_delay min
--------------------------------------------------------------------------
Startpoint: _490_ (rising edge-triggered flip-flop clocked by core_clock)
Endpoint: _490_ (rising edge-triggered flip-flop clocked by core_clock)
Path Group: core_clock
Path Type: min

Fanout     Cap    Slew   Delay    Time   Description
-----------------------------------------------------------------------------
                          0.00    0.00   clock core_clock (rise edge)
                          0.00    0.00   clock source latency
     1    0.02    0.00    0.00    0.00 ^ clk (in)
                                         clk (net)
                  0.00    0.00    0.00 ^ clkbuf_0_clk/A (sky130_fd_sc_hd__clkbuf_4)
     4    0.02    0.08    0.15    0.15 ^ clkbuf_0_clk/X (sky130_fd_sc_hd__clkbuf_4)
                                         clknet_0_clk (net)
                  0.08    0.00    0.15 ^ clkbuf_2_1__f_clk/A (sky130_fd_sc_hd__clkbuf_4)
    11    0.04    0.12    0.21    0.36 ^ clkbuf_2_1__f_clk/X (sky130_fd_sc_hd__clkbuf_4)
                                         clknet_2_1__leaf_clk (net)
                  0.12    0.00    0.36 ^ _490_/CLK (sky130_fd_sc_hd__dfxtp_1)
     2    0.01    0.04    0.33    0.69 v _490_/Q (sky130_fd_sc_hd__dfxtp_1)
                                         ctrl.state.out[1] (net)
                  0.04    0.00    0.69 v _355_/B1 (sky130_fd_sc_hd__o21ai_0)
     1    0.00    0.08    0.07    0.76 ^ _355_/Y (sky130_fd_sc_hd__o21ai_0)
                                         _135_ (net)
                  0.08    0.00    0.76 ^ _359_/A1 (sky130_fd_sc_hd__a21oi_1)
     1    0.00    0.04    0.06    0.82 v _359_/Y (sky130_fd_sc_hd__a21oi_1)
                                         _001_ (net)
                  0.04    0.00    0.82 v _490_/D (sky130_fd_sc_hd__dfxtp_1)
                                  0.82   data arrival time

                          0.00    0.00   clock core_clock (rise edge)
                          0.00    0.00   clock source latency
     1    0.02    0.00    0.00    0.00 ^ clk (in)
                                         clk (net)
                  0.00    0.00    0.00 ^ clkbuf_0_clk/A (sky130_fd_sc_hd__clkbuf_4)
     4    0.02    0.08    0.15    0.15 ^ clkbuf_0_clk/X (sky130_fd_sc_hd__clkbuf_4)
                                         clknet_0_clk (net)
                  0.08    0.00    0.15 ^ clkbuf_2_1__f_clk/A (sky130_fd_sc_hd__clkbuf_4)
    11    0.04    0.12    0.21    0.36 ^ clkbuf_2_1__f_clk/X (sky130_fd_sc_hd__clkbuf_4)
                                         clknet_2_1__leaf_clk (net)
                  0.12    0.00    0.36 ^ _490_/CLK (sky130_fd_sc_hd__dfxtp_1)
                          0.00    0.36   clock reconvergence pessimism
                         -0.03    0.32   library hold time
                                  0.32   data required time
-----------------------------------------------------------------------------
                                  0.32   data required time
                                 -0.82   data arrival time
-----------------------------------------------------------------------------
                                  0.50   slack (MET)



==========================================================================
cts post-repair report_checks -path_delay max
--------------------------------------------------------------------------
Startpoint: _492_ (rising edge-triggered flip-flop clocked by core_clock)
Endpoint: resp_msg[10] (output port clocked by core_clock)
Path Group: core_clock
Path Type: max

Fanout     Cap    Slew   Delay    Time   Description
-----------------------------------------------------------------------------
                          0.00    0.00   clock core_clock (rise edge)
                          0.00    0.00   clock source latency
     1    0.02    0.00    0.00    0.00 ^ clk (in)
                                         clk (net)
                  0.00    0.00    0.00 ^ clkbuf_0_clk/A (sky130_fd_sc_hd__clkbuf_4)
     4    0.02    0.08    0.15    0.15 ^ clkbuf_0_clk/X (sky130_fd_sc_hd__clkbuf_4)
                                         clknet_0_clk (net)
                  0.08    0.00    0.15 ^ clkbuf_2_1__f_clk/A (sky130_fd_sc_hd__clkbuf_4)
    11    0.04    0.12    0.21    0.36 ^ clkbuf_2_1__f_clk/X (sky130_fd_sc_hd__clkbuf_4)
                                         clknet_2_1__leaf_clk (net)
                  0.12    0.00    0.36 ^ _492_/CLK (sky130_fd_sc_hd__dfxtp_1)
     5    0.02    0.09    0.38    0.73 v _492_/Q (sky130_fd_sc_hd__dfxtp_1)
                                         dpath.a_lt_b$in1[0] (net)
                  0.09    0.00    0.73 v _266_/B_N (sky130_fd_sc_hd__nor2b_1)
     2    0.01    0.06    0.17    0.91 v _266_/Y (sky130_fd_sc_hd__nor2b_1)
                                         _065_ (net)
                  0.06    0.00    0.91 v _267_/C (sky130_fd_sc_hd__maj3_2)
     5    0.03    0.11    0.38    1.29 v _267_/X (sky130_fd_sc_hd__maj3_2)
                                         _066_ (net)
                  0.11    0.00    1.29 v _274_/A1 (sky130_fd_sc_hd__o21ai_4)
     2    0.02    0.20    0.24    1.53 ^ _274_/Y (sky130_fd_sc_hd__o21ai_4)
                                         _073_ (net)
                  0.20    0.00    1.53 ^ _316_/A1 (sky130_fd_sc_hd__a22oi_4)
     3    0.01    0.09    0.12    1.65 v _316_/Y (sky130_fd_sc_hd__a22oi_4)
                                         _107_ (net)
                  0.09    0.00    1.65 v _319_/C (sky130_fd_sc_hd__maj3_1)
     2    0.01    0.10    0.40    2.06 v _319_/X (sky130_fd_sc_hd__maj3_1)
                                         _109_ (net)
                  0.10    0.00    2.06 v _322_/C (sky130_fd_sc_hd__maj3_1)
     1    0.01    0.08    0.38    2.43 v _322_/X (sky130_fd_sc_hd__maj3_1)
                                         _111_ (net)
                  0.08    0.00    2.43 v _323_/B (sky130_fd_sc_hd__xnor2_1)
     2    0.01    0.18    0.19    2.62 ^ _323_/Y (sky130_fd_sc_hd__xnor2_1)
                                         net38 (net)
                  0.18    0.00    2.62 ^ output38/A (sky130_fd_sc_hd__clkbuf_1)
     1    0.00    0.03    0.10    2.72 ^ output38/X (sky130_fd_sc_hd__clkbuf_1)
                                         resp_msg[10] (net)
                  0.03    0.00    2.72 ^ resp_msg[10] (out)
                                  2.72   data arrival time

                          3.40    3.40   clock core_clock (rise edge)
                          0.00    3.40   clock network delay (propagated)
                          0.00    3.40   clock reconvergence pessimism
                         -0.68    2.72   output external delay
                                  2.72   data required time
-----------------------------------------------------------------------------
                                  2.72   data required time
                                 -2.72   data arrival time
-----------------------------------------------------------------------------
                                  0.00   slack (VIOLATED)



==========================================================================
cts post-repair report_checks -unconstrained
--------------------------------------------------------------------------
Startpoint: _492_ (rising edge-triggered flip-flop clocked by core_clock)
Endpoint: resp_msg[10] (output port clocked by core_clock)
Path Group: core_clock
Path Type: max

Fanout     Cap    Slew   Delay    Time   Description
-----------------------------------------------------------------------------
                          0.00    0.00   clock core_clock (rise edge)
                          0.00    0.00   clock source latency
     1    0.02    0.00    0.00    0.00 ^ clk (in)
                                         clk (net)
                  0.00    0.00    0.00 ^ clkbuf_0_clk/A (sky130_fd_sc_hd__clkbuf_4)
     4    0.02    0.08    0.15    0.15 ^ clkbuf_0_clk/X (sky130_fd_sc_hd__clkbuf_4)
                                         clknet_0_clk (net)
                  0.08    0.00    0.15 ^ clkbuf_2_1__f_clk/A (sky130_fd_sc_hd__clkbuf_4)
    11    0.04    0.12    0.21    0.36 ^ clkbuf_2_1__f_clk/X (sky130_fd_sc_hd__clkbuf_4)
                                         clknet_2_1__leaf_clk (net)
                  0.12    0.00    0.36 ^ _492_/CLK (sky130_fd_sc_hd__dfxtp_1)
     5    0.02    0.09    0.38    0.73 v _492_/Q (sky130_fd_sc_hd__dfxtp_1)
                                         dpath.a_lt_b$in1[0] (net)
                  0.09    0.00    0.73 v _266_/B_N (sky130_fd_sc_hd__nor2b_1)
     2    0.01    0.06    0.17    0.91 v _266_/Y (sky130_fd_sc_hd__nor2b_1)
                                         _065_ (net)
                  0.06    0.00    0.91 v _267_/C (sky130_fd_sc_hd__maj3_2)
     5    0.03    0.11    0.38    1.29 v _267_/X (sky130_fd_sc_hd__maj3_2)
                                         _066_ (net)
                  0.11    0.00    1.29 v _274_/A1 (sky130_fd_sc_hd__o21ai_4)
     2    0.02    0.20    0.24    1.53 ^ _274_/Y (sky130_fd_sc_hd__o21ai_4)
                                         _073_ (net)
                  0.20    0.00    1.53 ^ _316_/A1 (sky130_fd_sc_hd__a22oi_4)
     3    0.01    0.09    0.12    1.65 v _316_/Y (sky130_fd_sc_hd__a22oi_4)
                                         _107_ (net)
                  0.09    0.00    1.65 v _319_/C (sky130_fd_sc_hd__maj3_1)
     2    0.01    0.10    0.40    2.06 v _319_/X (sky130_fd_sc_hd__maj3_1)
                                         _109_ (net)
                  0.10    0.00    2.06 v _322_/C (sky130_fd_sc_hd__maj3_1)
     1    0.01    0.08    0.38    2.43 v _322_/X (sky130_fd_sc_hd__maj3_1)
                                         _111_ (net)
                  0.08    0.00    2.43 v _323_/B (sky130_fd_sc_hd__xnor2_1)
     2    0.01    0.18    0.19    2.62 ^ _323_/Y (sky130_fd_sc_hd__xnor2_1)
                                         net38 (net)
                  0.18    0.00    2.62 ^ output38/A (sky130_fd_sc_hd__clkbuf_1)
     1    0.00    0.03    0.10    2.72 ^ output38/X (sky130_fd_sc_hd__clkbuf_1)
                                         resp_msg[10] (net)
                  0.03    0.00    2.72 ^ resp_msg[10] (out)
                                  2.72   data arrival time

                          3.40    3.40   clock core_clock (rise edge)
                          0.00    3.40   clock network delay (propagated)
                          0.00    3.40   clock reconvergence pessimism
                         -0.68    2.72   output external delay
                                  2.72   data required time
-----------------------------------------------------------------------------
                                  2.72   data required time
                                 -2.72   data arrival time
-----------------------------------------------------------------------------
                                  0.00   slack (VIOLATED)



==========================================================================
cts post-repair report_check_types -max_slew -max_cap -max_fanout -violators
--------------------------------------------------------------------------

==========================================================================
cts post-repair max_slew_check_slack
--------------------------------------------------------------------------
0.6984385251998901

==========================================================================
cts post-repair max_slew_check_limit
--------------------------------------------------------------------------
1.4951939582824707

==========================================================================
cts post-repair max_slew_check_slack_limit
--------------------------------------------------------------------------
0.4671

==========================================================================
cts post-repair max_fanout_check_slack
--------------------------------------------------------------------------
1.0000000150474662e+30

==========================================================================
cts post-repair max_fanout_check_limit
--------------------------------------------------------------------------
1.0000000150474662e+30

==========================================================================
cts post-repair max_capacitance_check_slack
--------------------------------------------------------------------------
0.02550397254526615

==========================================================================
cts post-repair max_capacitance_check_limit
--------------------------------------------------------------------------
0.03663099929690361

==========================================================================
cts post-repair max_capacitance_check_slack_limit
--------------------------------------------------------------------------
0.6962

==========================================================================
cts post-repair max_slew_violation_count
--------------------------------------------------------------------------
max slew violation count 0

==========================================================================
cts post-repair max_fanout_violation_count
--------------------------------------------------------------------------
max fanout violation count 0

==========================================================================
cts post-repair max_cap_violation_count
--------------------------------------------------------------------------
max cap violation count 0

==========================================================================
cts post-repair setup_violation_count
--------------------------------------------------------------------------
setup violation count 1

==========================================================================
cts post-repair hold_violation_count
--------------------------------------------------------------------------
hold violation count 0

==========================================================================
cts post-repair critical path delay
--------------------------------------------------------------------------
2.7242

==========================================================================
cts post-repair critical path slack
--------------------------------------------------------------------------
-0.0042

==========================================================================
cts post-repair slack div critical path delay
--------------------------------------------------------------------------
-0.154174

==========================================================================
cts post-repair report_power
--------------------------------------------------------------------------
Group                  Internal  Switching    Leakage      Total
                          Power      Power      Power      Power (Watts)
----------------------------------------------------------------
Sequential             4.70e-04   1.03e-04   2.96e-10   5.72e-04  42.8%
Combinational          3.26e-04   4.38e-04   7.16e-10   7.64e-04  57.2%
Macro                  0.00e+00   0.00e+00   0.00e+00   0.00e+00   0.0%
Pad                    0.00e+00   0.00e+00   0.00e+00   0.00e+00   0.0%
----------------------------------------------------------------
Total                  7.96e-04   5.40e-04   1.01e-09   1.34e-03 100.0%
                          59.5%      40.5%       0.0%

==========================================================================
cts post-repair report_design_area
--------------------------------------------------------------------------
Design area 2679 u^2 48% utilization.

Placement Analysis
---------------------------------
total displacement         13.3 u
average displacement        0.0 u
max displacement            4.1 u
original HPWL            4333.7 u
legalized HPWL           4511.6 u
delta HPWL                    4 %

Repair setup and hold violations...
TNS end percent 100
[INFO RSZ-0094] Found 1 endpoints with setup violations.
[INFO RSZ-0040] Inserted 1 buffers.
[INFO RSZ-0033] No hold violations found.
Error: cts.tcl, 110 couldn't execute "eqy": no such file or directory
Command exited with non-zero status 1
Elapsed time: 0:01.66[h:]min:sec. CPU time: user 1.64 sys 0.02 (99%). Peak memory: 129000KB.
