OpenROAD v2.0-11432-gead3236e5 
This program is licensed under the BSD-3 license. See the LICENSE file for details.
Components of this program may be licensed under more restrictive licenses which must be honored.
[INFO GPL-0002] DBU: 1000
[INFO GPL-0003] SiteSize: 54 270
[INFO GPL-0004] CoreAreaLxLy: 2052 2160
[INFO GPL-0005] CoreAreaUxUy: 77490 77490
[INFO GPL-0006] NumInstances: 17854
[INFO GPL-0007] NumPlaceInstances: 16875
[INFO GPL-0008] NumFixedInstances: 979
[INFO GPL-0009] NumDummyInstances: 0
[INFO GPL-0010] NumNets: 17716
[INFO GPL-0011] NumPins: 64950
[INFO GPL-0012] DieAreaLxLy: 0 0
[INFO GPL-0013] DieAreaUxUy: 79508 79508
[INFO GPL-0014] CoreAreaLxLy: 2052 2160
[INFO GPL-0015] CoreAreaUxUy: 77490 77490
[INFO GPL-0016] CoreArea: 5682744540
[INFO GPL-0017] NonPlaceInstsArea: 28547640
[INFO GPL-0018] PlaceInstsArea: 3144993480
[INFO GPL-0019] Util(%): 55.62
[INFO GPL-0020] StdInstsArea: 3144993480
[INFO GPL-0021] MacroInstsArea: 0
[INFO GPL-0031] FillerInit: NumGCells: 31063
[INFO GPL-0032] FillerInit: NumGNets: 17716
[INFO GPL-0033] FillerInit: NumGPins: 64950
[INFO GPL-0023] TargetDensity: 1.00
[INFO GPL-0024] AveragePlaceInstArea: 186369
[INFO GPL-0025] IdealBinArea: 186369
[INFO GPL-0026] IdealBinCnt: 30491
[INFO GPL-0027] TotalBinArea: 5682744540
[INFO GPL-0028] BinCnt: 128 128
[INFO GPL-0029] BinSize: 590 589
[INFO GPL-0030] NumBins: 16384
global_placement -density 0.6549782848358154 -pad_left 2 -pad_right 2 -routability_driven -timing_driven
[INFO GPL-0002] DBU: 1000
[INFO GPL-0003] SiteSize: 54 270
[INFO GPL-0004] CoreAreaLxLy: 2052 2160
[INFO GPL-0005] CoreAreaUxUy: 77490 77490
[INFO GPL-0006] NumInstances: 17854
[INFO GPL-0007] NumPlaceInstances: 16875
[INFO GPL-0008] NumFixedInstances: 979
[INFO GPL-0009] NumDummyInstances: 0
[INFO GPL-0010] NumNets: 17716
[INFO GPL-0011] NumPins: 64950
[INFO GPL-0012] DieAreaLxLy: 0 0
[INFO GPL-0013] DieAreaUxUy: 79508 79508
[INFO GPL-0014] CoreAreaLxLy: 2052 2160
[INFO GPL-0015] CoreAreaUxUy: 77490 77490
[INFO GPL-0016] CoreArea: 5682744540
[INFO GPL-0017] NonPlaceInstsArea: 28547640
[INFO GPL-0018] PlaceInstsArea: 3144993480
[INFO GPL-0019] Util(%): 55.62
[INFO GPL-0020] StdInstsArea: 3144993480
[INFO GPL-0021] MacroInstsArea: 0
[InitialPlace]  Iter: 1 CG residual: 0.00018054 HPWL: 70547228
[InitialPlace]  Iter: 2 CG residual: 0.00000373 HPWL: 31373411
[InitialPlace]  Iter: 3 CG residual: 0.00000208 HPWL: 30958967
[InitialPlace]  Iter: 4 CG residual: 0.00000136 HPWL: 30894561
[InitialPlace]  Iter: 5 CG residual: 0.00000315 HPWL: 30718243
[INFO GPL-0031] FillerInit: NumGCells: 20032
[INFO GPL-0032] FillerInit: NumGNets: 17716
[INFO GPL-0033] FillerInit: NumGPins: 64950
[INFO GPL-0023] TargetDensity: 0.65
[INFO GPL-0024] AveragePlaceInstArea: 186369
[INFO GPL-0025] IdealBinArea: 284542
[INFO GPL-0026] IdealBinCnt: 19971
[INFO GPL-0027] TotalBinArea: 5682744540
[INFO GPL-0028] BinCnt: 128 128
[INFO GPL-0029] BinSize: 590 589
[INFO GPL-0030] NumBins: 16384
[NesterovSolve] Iter: 1 overflow: 0.970338 HPWL: 25083397
[NesterovSolve] Iter: 10 overflow: 0.935402 HPWL: 24932390
[NesterovSolve] Iter: 20 overflow: 0.915311 HPWL: 27460322
[NesterovSolve] Iter: 30 overflow: 0.909338 HPWL: 28117429
[NesterovSolve] Iter: 40 overflow: 0.906595 HPWL: 28264945
[NesterovSolve] Iter: 50 overflow: 0.904587 HPWL: 28349779
[NesterovSolve] Iter: 60 overflow: 0.903548 HPWL: 28362100
[NesterovSolve] Iter: 70 overflow: 0.902622 HPWL: 28459090
[NesterovSolve] Iter: 80 overflow: 0.901991 HPWL: 28602439
[NesterovSolve] Iter: 90 overflow: 0.901657 HPWL: 28709095
[NesterovSolve] Iter: 100 overflow: 0.901527 HPWL: 28767764
[NesterovSolve] Iter: 110 overflow: 0.901394 HPWL: 28820816
[NesterovSolve] Iter: 120 overflow: 0.90079 HPWL: 28937877
[NesterovSolve] Iter: 130 overflow: 0.899498 HPWL: 29197226
[NesterovSolve] Iter: 140 overflow: 0.897408 HPWL: 29666105
[NesterovSolve] Iter: 150 overflow: 0.894624 HPWL: 30392093
[NesterovSolve] Iter: 160 overflow: 0.889716 HPWL: 31415125
[NesterovSolve] Iter: 170 overflow: 0.882276 HPWL: 32793778
[NesterovSolve] Iter: 180 overflow: 0.870979 HPWL: 34626217
[NesterovSolve] Iter: 190 overflow: 0.855718 HPWL: 36936022
[NesterovSolve] Iter: 200 overflow: 0.837695 HPWL: 39575832
[NesterovSolve] Iter: 210 overflow: 0.81539 HPWL: 42445338
[NesterovSolve] Iter: 220 overflow: 0.78747 HPWL: 45285464
[INFO GPL-0100] worst slack 1.26e-10
[INFO GPL-0103] Weighted 1769 nets.
[NesterovSolve] Iter: 230 overflow: 0.75427 HPWL: 47042101
[NesterovSolve] Iter: 240 overflow: 0.723011 HPWL: 49068603
[NesterovSolve] Iter: 250 overflow: 0.677889 HPWL: 51142825
[NesterovSolve] Iter: 260 overflow: 0.631752 HPWL: 52771764
[INFO GPL-0100] worst slack -8.21e-11
[INFO GPL-0103] Weighted 1769 nets.
[NesterovSolve] Snapshot saved at iter = 267
[NesterovSolve] Iter: 270 overflow: 0.590232 HPWL: 55256330
[NesterovSolve] Iter: 280 overflow: 0.541334 HPWL: 57183039
[NesterovSolve] Iter: 290 overflow: 0.498771 HPWL: 58149093
[INFO GPL-0100] worst slack -4.27e-11
[INFO GPL-0103] Weighted 1770 nets.
[NesterovSolve] Iter: 300 overflow: 0.453253 HPWL: 58595479
[NesterovSolve] Iter: 310 overflow: 0.408758 HPWL: 59329919
[NesterovSolve] Iter: 320 overflow: 0.365802 HPWL: 59941208
[NesterovSolve] Iter: 330 overflow: 0.331258 HPWL: 60182555
[NesterovSolve] Iter: 340 overflow: 0.301112 HPWL: 60169159
[INFO GPL-0100] worst slack 5.51e-11
[INFO GPL-0103] Weighted 1770 nets.
[NesterovSolve] Iter: 350 overflow: 0.273029 HPWL: 60247416
[NesterovSolve] Iter: 360 overflow: 0.241681 HPWL: 60332380
[NesterovSolve] Iter: 370 overflow: 0.21352 HPWL: 60374376
[INFO GPL-0100] worst slack -6e-12
[INFO GPL-0103] Weighted 1770 nets.
[INFO GPL-0075] Routability numCall: 1 inflationIterCnt: 1 bloatIterCnt: 0
[INFO GPL-0036] TileLxLy: 0 0
[INFO GPL-0037] TileSize: 540 540
[INFO GPL-0038] TileCnt: 147 147
[INFO GPL-0039] numRoutingLayers: 10
[INFO GPL-0040] NumTiles: 21609
[INFO GPL-0063] TotalRouteOverflowH2: 0.4615386724472046
[INFO GPL-0064] TotalRouteOverflowV2: 0.0
[INFO GPL-0065] OverflowTileCnt2: 5
[INFO GPL-0066] 0.5%RC: 1.001474564448713
[INFO GPL-0067] 1.0%RC: 1.0007372822243565
[INFO GPL-0068] 2.0%RC: 1.0003686411121784
[INFO GPL-0069] 5.0%RC: 1.0001474564448714
[INFO GPL-0070] 0.5rcK: 1.0
[INFO GPL-0071] 1.0rcK: 1.0
[INFO GPL-0072] 2.0rcK: 0.0
[INFO GPL-0073] 5.0rcK: 0.0
[INFO GPL-0074] FinalRC: 1.0011059
[NesterovSolve] Iter: 380 overflow: 0.188293 HPWL: 60410259
[NesterovSolve] Iter: 390 overflow: 0.16406 HPWL: 60463234
[NesterovSolve] Iter: 400 overflow: 0.143547 HPWL: 60503112
[INFO GPL-0100] worst slack -7.75e-12
[INFO GPL-0103] Weighted 1770 nets.
[NesterovSolve] Iter: 410 overflow: 0.125382 HPWL: 60561513
[NesterovSolve] Iter: 420 overflow: 0.108988 HPWL: 60627695
[NesterovSolve] Finished with Overflow: 0.098711
Warning: There are 6 unconstrained endpoints.

==========================================================================
global place report_design_area
--------------------------------------------------------------------------
Design area 2189 u^2 39% utilization.
Elapsed time: 0:30.74[h:]min:sec. CPU time: user 33.09 sys 0.14 (108%). Peak memory: 390008KB.
