OpenROAD v2.0-11432-gead3236e5 
This program is licensed under the BSD-3 license. See the LICENSE file for details.
Components of this program may be licensed under more restrictive licenses which must be honored.
[INFO] Deleted 0 routing obstructions
[INFO RCX-0431] Defined process_corner X with ext_model_index 0
[INFO RCX-0029] Defined extraction corner X
[INFO RCX-0008] extracting parasitics of ibex_core ...
[INFO RCX-0435] Reading extraction model file /home/jborg/Data/Research/DLPnR/OpenROAD-flow-scripts/flow/platforms/asap7/rcx_patterns.rules ...
[INFO RCX-0436] RC segment generation ibex_core (max_merge_res 50.0) ...
[INFO RCX-0040] Final 156756 rc segments
[INFO RCX-0439] Coupling Cap extraction ibex_core ...
[INFO RCX-0440] Coupling threshhold is 0.1000 fF, coupling capacitance less than 0.1000 fF will be grounded.
[INFO RCX-0043] 163244 wires to be extracted
[INFO RCX-0442] 26% completion -- 43946 wires have been extracted
[INFO RCX-0442] 55% completion -- 90992 wires have been extracted
[INFO RCX-0442] 74% completion -- 122126 wires have been extracted
[INFO RCX-0442] 100% completion -- 163244 wires have been extracted
[INFO RCX-0045] Extract 20083 nets, 176780 rsegs, 176780 caps, 232121 ccs
[INFO RCX-0015] Finished extracting ibex_core.
[INFO RCX-0016] Writing SPEF ...
[INFO RCX-0443] 20083 nets finished
[INFO RCX-0017] Finished writing SPEF ...
[INFO PSM-0022] Using 0.770V for VDD
[WARNING PSM-0016] Voltage pad location (VSRC) file not specified, defaulting pad location to checkerboard pattern on core area.
[WARNING PSM-0017] X direction bump pitch is not specified, defaulting to 140um.
[WARNING PSM-0018] Y direction bump pitch is not specified, defaulting to 140um.
[WARNING PSM-0063] Specified bump pitches of 140.000 and 140.000 are less than core width of 75.438 or core height of 75.330. Changing bump location to the center of the die at (39.771, 39.825).
[WARNING PSM-0065] VSRC location not specified, using default checkerboard pattern with one VDD every size bumps in x-direction and one in two bumps in the y-direction
[INFO PSM-0076] Setting metal node density to be standard cell height times 5.
[INFO PSM-0031] Number of PDN nodes on net VDD = 55888.
[INFO PSM-0064] Number of voltage sources = 1.
[INFO PSM-0040] All PDN stripes on net VDD are connected.
########## IR report #################
Corner: default
Worstcase voltage: 5.80e-01 V
Average IR drop  : 1.35e-01 V
Worstcase IR drop: 1.90e-01 V
######################################
[INFO PSM-0022] Using 0.000V for VSS
[WARNING PSM-0016] Voltage pad location (VSRC) file not specified, defaulting pad location to checkerboard pattern on core area.
[WARNING PSM-0017] X direction bump pitch is not specified, defaulting to 140um.
[WARNING PSM-0018] Y direction bump pitch is not specified, defaulting to 140um.
[WARNING PSM-0063] Specified bump pitches of 140.000 and 140.000 are less than core width of 75.438 or core height of 75.330. Changing bump location to the center of the die at (39.771, 39.825).
[WARNING PSM-0065] VSRC location not specified, using default checkerboard pattern with one VDD every size bumps in x-direction and one in two bumps in the y-direction
[INFO PSM-0076] Setting metal node density to be standard cell height times 5.
[INFO PSM-0031] Number of PDN nodes on net VSS = 55888.
[INFO PSM-0064] Number of voltage sources = 1.
[INFO PSM-0040] All PDN stripes on net VSS are connected.
########## IR report #################
Corner: default
Worstcase voltage: 1.93e-01 V
Average IR drop  : 1.35e-01 V
Worstcase IR drop: 1.93e-01 V
######################################
Warning: There are 6 unconstrained endpoints.

==========================================================================
finish report_design_area
--------------------------------------------------------------------------
Design area 2531 u^2 45% utilization.
Elapsed time: 0:32.68[h:]min:sec. CPU time: user 32.51 sys 0.24 (100%). Peak memory: 619160KB.
