OpenROAD autotuner-v1-2861-g832b18e7 
This program is licensed under the BSD-3 license. See the LICENSE file for details.
Components of this program may be licensed under more restrictive licenses which must be honored.
[INFO GRT-0020] Min routing layer: M2
[INFO GRT-0021] Max routing layer: M7
[INFO GRT-0022] Global adjustment: 0%
[INFO GRT-0023] Grid origin: (0, 0)
[INFO GRT-0043] No OR_DEFAULT vias defined.
[INFO GRT-0088] Layer M1      Track-Pitch = 0.0360  line-2-Via Pitch: 0.0360
[INFO GRT-0088] Layer M2      Track-Pitch = 0.0390  line-2-Via Pitch: 0.0360
[INFO GRT-0088] Layer M3      Track-Pitch = 0.0360  line-2-Via Pitch: 0.0360
[INFO GRT-0088] Layer M4      Track-Pitch = 0.0480  line-2-Via Pitch: 0.0480
[INFO GRT-0088] Layer M5      Track-Pitch = 0.0480  line-2-Via Pitch: 0.0480
[INFO GRT-0088] Layer M6      Track-Pitch = 0.0640  line-2-Via Pitch: 0.0640
[INFO GRT-0088] Layer M7      Track-Pitch = 0.0640  line-2-Via Pitch: 0.0640
[INFO GRT-0019] Found 1066 clock nets.
[INFO GRT-0001] Minimum degree: 2
[INFO GRT-0002] Maximum degree: 122
[INFO GRT-0003] Macros: 4
[INFO GRT-0004] Blockages: 3276

[INFO GRT-0053] Routing resources analysis:
          Routing      Original      Derated      Resource
Layer     Direction    Resources     Resources    Reduction (%)
---------------------------------------------------------------
M1         Vertical            0             0          0.00%
M2         Horizontal     317670        104039          67.25%
M3         Vertical       369122        135771          63.22%
M4         Horizontal     271086         97048          64.20%
M5         Vertical       270612        117756          56.49%
M6         Horizontal     197288         89034          54.87%
M7         Vertical       196854         97680          50.38%
---------------------------------------------------------------

[INFO GRT-0197] Via related to pin nodes: 58645
[INFO GRT-0198] Via related Steiner nodes: 3860
[INFO GRT-0199] Via filling finished.
[INFO GRT-0111] Final number of vias: 71730
[INFO GRT-0112] Final usage 3D: 345533

[INFO GRT-0096] Final congestion report:
Layer         Resource        Demand        Usage (%)    Max H / Max V / Total Overflow
---------------------------------------------------------------------------------------
M1                   0             0            0.00%             0 /  0 /  0
M2              104039         30346           29.17%             0 /  0 /  0
M3              135771         47281           34.82%             0 /  0 /  0
M4               97048         23358           24.07%             0 /  0 /  0
M5              117756         18595           15.79%             0 /  0 /  0
M6               89034          9256           10.40%             0 /  0 /  0
M7               97680          1507            1.54%             0 /  0 /  0
---------------------------------------------------------------------------------------
Total           641328        130343           20.32%             0 /  0 /  0

[INFO GRT-0018] Total wirelength: 91123 um
[INFO GRT-0014] Routed nets: 10904
[WARNING GRT-0246] No diode with LEF class CORE ANTENNACELL found.

==========================================================================
global route check_setup
--------------------------------------------------------------------------

==========================================================================
global route report_tns
--------------------------------------------------------------------------
tns -24483.58

==========================================================================
global route report_wns
--------------------------------------------------------------------------
wns -85.63

==========================================================================
global route report_worst_slack
--------------------------------------------------------------------------
worst slack -85.63

==========================================================================
global route report_clock_skew
--------------------------------------------------------------------------
Clock clk
Latency      CRPR       Skew
riscv/dp/_19232_/CLK v
 168.05
riscv/dp/_19357_/CLK v
 109.56      0.00      58.49


==========================================================================
global route report_checks -path_delay min
--------------------------------------------------------------------------
Startpoint: reset (input port clocked by clk)
Endpoint: riscv/dp/_19883_ (removal check against rising-edge clock clk)
Path Group: asynchronous
Path Type: min

Fanout     Cap    Slew   Delay    Time   Description
-----------------------------------------------------------------------------
                          0.00    0.00   clock clk (rise edge)
                          0.00    0.00   clock network delay (propagated)
                        207.50  207.50 v input external delay
     1    2.26    0.00    0.00  207.50 v reset (in)
                                         reset (net)
                  0.72    0.23  207.73 v input33/A (BUFx6f_ASAP7_75t_R)
     1   13.88   17.06   14.22  221.94 v input33/Y (BUFx6f_ASAP7_75t_R)
                                         net33 (net)
                 18.27    2.42  224.37 v riscv/dp/_15633_/A (CKINVDCx20_ASAP7_75t_R)
    32   45.65   25.60   12.72  237.08 ^ riscv/dp/_15633_/Y (CKINVDCx20_ASAP7_75t_R)
                                         riscv/dp/_01304_ (net)
                 26.88    3.10  240.18 ^ riscv/dp/_19883_/SETN (DFFASRHQNx1_ASAP7_75t_R)
                                240.18   data arrival time

                          0.00    0.00   clock clk (rise edge)
                          0.00    0.00   clock source latency
     1    8.13    0.00    0.00    0.00 ^ clk (in)
                                         clk (net)
                  9.64    3.04    3.04 ^ clkbuf_0_clk/A (BUFx4_ASAP7_75t_R)
     4   13.13   26.70   26.57   29.61 ^ clkbuf_0_clk/Y (BUFx4_ASAP7_75t_R)
                                         clknet_0_clk (net)
                 27.46    2.46   32.07 ^ clkbuf_2_2__f_clk/A (BUFx4_ASAP7_75t_R)
     8   16.56   32.46   33.96   66.03 ^ clkbuf_2_2__f_clk/Y (BUFx4_ASAP7_75t_R)
                                         clknet_2_2__leaf_clk (net)
                 33.22    2.73   68.77 ^ clkbuf_leaf_21_clk/A (BUFx4_ASAP7_75t_R)
    30   24.75   45.78   40.43  109.20 ^ clkbuf_leaf_21_clk/Y (BUFx4_ASAP7_75t_R)
                                         clknet_leaf_21_clk (net)
                 46.90    3.96  113.16 ^ riscv/dp/_19883_/CLK (DFFASRHQNx1_ASAP7_75t_R)
                          0.00  113.16   clock reconvergence pessimism
                         24.54  137.71   library removal time
                                137.71   data required time
-----------------------------------------------------------------------------
                                137.71   data required time
                               -240.18   data arrival time
-----------------------------------------------------------------------------
                                102.47   slack (MET)


Startpoint: riscv/dp/_19799_ (falling edge-triggered flip-flop clocked by clk')
Endpoint: riscv/dp/_19799_ (falling edge-triggered flip-flop clocked by clk')
Path Group: clk
Path Type: min

Fanout     Cap    Slew   Delay    Time   Description
-----------------------------------------------------------------------------
                          0.00    0.00   clock clk' (fall edge)
                          0.00    0.00   clock source latency
     1    8.13    0.00    0.00    0.00 ^ clk (in)
                                         clk (net)
                  9.64    3.04    3.04 ^ clkbuf_0_clk/A (BUFx4_ASAP7_75t_R)
     4   13.13   26.70   26.57   29.61 ^ clkbuf_0_clk/Y (BUFx4_ASAP7_75t_R)
                                         clknet_0_clk (net)
                 27.46    2.46   32.07 ^ clkbuf_2_2__f_clk/A (BUFx4_ASAP7_75t_R)
     8   16.56   32.46   33.96   66.03 ^ clkbuf_2_2__f_clk/Y (BUFx4_ASAP7_75t_R)
                                         clknet_2_2__leaf_clk (net)
                 33.73    3.47   69.50 ^ clkbuf_leaf_20_clk/A (BUFx4_ASAP7_75t_R)
    30   26.99   47.74   43.45  112.96 ^ clkbuf_leaf_20_clk/Y (BUFx4_ASAP7_75t_R)
                                         clknet_leaf_20_clk (net)
                 47.79    0.90  113.86 ^ net351_73/A (INVx1_ASAP7_75t_R)
     1    0.66   12.21    9.43  123.28 v net351_73/Y (INVx1_ASAP7_75t_R)
                                         net375 (net)
                 12.21    0.03  123.32 v riscv/dp/_19799_/CLK (DFFLQNx1_ASAP7_75t_R)
     2    1.22   15.74   40.33  163.65 v riscv/dp/_19799_/QN (DFFLQNx1_ASAP7_75t_R)
                                         riscv/dp/_00811_ (net)
                 15.74    0.05  163.70 v riscv/dp/_12868_/A (INVx1_ASAP7_75t_R)
     2    1.54   13.32   10.63  174.33 ^ riscv/dp/_12868_/Y (INVx1_ASAP7_75t_R)
                                         riscv/dp/_02256_ (net)
                 13.32    0.06  174.39 ^ riscv/dp/_19799_/D (DFFLQNx1_ASAP7_75t_R)
                                174.39   data arrival time

                          0.00    0.00   clock clk' (fall edge)
                          0.00    0.00   clock source latency
     1    8.13    0.00    0.00    0.00 ^ clk (in)
                                         clk (net)
                  9.64    3.04    3.04 ^ clkbuf_0_clk/A (BUFx4_ASAP7_75t_R)
     4   13.13   26.70   26.57   29.61 ^ clkbuf_0_clk/Y (BUFx4_ASAP7_75t_R)
                                         clknet_0_clk (net)
                 27.46    2.46   32.07 ^ clkbuf_2_2__f_clk/A (BUFx4_ASAP7_75t_R)
     8   16.56   32.46   33.96   66.03 ^ clkbuf_2_2__f_clk/Y (BUFx4_ASAP7_75t_R)
                                         clknet_2_2__leaf_clk (net)
                 33.73    3.47   69.50 ^ clkbuf_leaf_20_clk/A (BUFx4_ASAP7_75t_R)
    30   26.99   47.74   43.45  112.96 ^ clkbuf_leaf_20_clk/Y (BUFx4_ASAP7_75t_R)
                                         clknet_leaf_20_clk (net)
                 47.79    0.90  113.86 ^ net351_73/A (INVx1_ASAP7_75t_R)
     1    0.66   12.21    9.43  123.28 v net351_73/Y (INVx1_ASAP7_75t_R)
                                         net375 (net)
                 12.21    0.03  123.32 v riscv/dp/_19799_/CLK (DFFLQNx1_ASAP7_75t_R)
                          0.00  123.32   clock reconvergence pessimism
                          8.50  131.82   library hold time
                                131.82   data required time
-----------------------------------------------------------------------------
                                131.82   data required time
                               -174.39   data arrival time
-----------------------------------------------------------------------------
                                 42.58   slack (MET)



==========================================================================
global route report_checks -path_delay max
--------------------------------------------------------------------------
Startpoint: reset (input port clocked by clk)
Endpoint: riscv/dp/_19898_ (recovery check against rising-edge clock clk)
Path Group: asynchronous
Path Type: max

Fanout     Cap    Slew   Delay    Time   Description
-----------------------------------------------------------------------------
                          0.00    0.00   clock clk (rise edge)
                          0.00    0.00   clock network delay (propagated)
                        207.50  207.50 v input external delay
     1    2.26    0.00    0.00  207.50 v reset (in)
                                         reset (net)
                  0.72    0.23  207.73 v input33/A (BUFx6f_ASAP7_75t_R)
     1   13.88   17.06   14.22  221.94 v input33/Y (BUFx6f_ASAP7_75t_R)
                                         net33 (net)
                 18.27    2.42  224.37 v riscv/dp/_15633_/A (CKINVDCx20_ASAP7_75t_R)
    32   45.65   25.60   12.72  237.08 ^ riscv/dp/_15633_/Y (CKINVDCx20_ASAP7_75t_R)
                                         riscv/dp/_01304_ (net)
                 38.51    9.62  246.70 ^ riscv/dp/_19898_/SETN (DFFASRHQNx1_ASAP7_75t_R)
                                246.70   data arrival time

                       1660.00 1660.00   clock clk (rise edge)
                          0.00 1660.00   clock source latency
     1    8.13    0.00    0.00 1660.00 ^ clk (in)
                                         clk (net)
                  9.64    3.04 1663.04 ^ clkbuf_0_clk/A (BUFx4_ASAP7_75t_R)
     4   13.13   26.70   26.57 1689.61 ^ clkbuf_0_clk/Y (BUFx4_ASAP7_75t_R)
                                         clknet_0_clk (net)
                 27.46    2.46 1692.07 ^ clkbuf_2_2__f_clk/A (BUFx4_ASAP7_75t_R)
     8   16.56   32.46   33.96 1726.03 ^ clkbuf_2_2__f_clk/Y (BUFx4_ASAP7_75t_R)
                                         clknet_2_2__leaf_clk (net)
                 33.22    2.73 1728.77 ^ clkbuf_leaf_21_clk/A (BUFx4_ASAP7_75t_R)
    30   24.75   45.78   40.43 1769.20 ^ clkbuf_leaf_21_clk/Y (BUFx4_ASAP7_75t_R)
                                         clknet_leaf_21_clk (net)
                 46.51    3.28 1772.48 ^ riscv/dp/_19898_/CLK (DFFASRHQNx1_ASAP7_75t_R)
                          0.00 1772.48   clock reconvergence pessimism
                         10.85 1783.33   library recovery time
                               1783.33   data required time
-----------------------------------------------------------------------------
                               1783.33   data required time
                               -246.70   data arrival time
-----------------------------------------------------------------------------
                               1536.63   slack (MET)


Startpoint: riscv/dp/_19901_ (rising edge-triggered flip-flop clocked by clk)
Endpoint: riscv/dp/_18973_ (falling edge-triggered flip-flop clocked by clk')
Path Group: clk
Path Type: max

Fanout     Cap    Slew   Delay    Time   Description
-----------------------------------------------------------------------------
                          0.00    0.00   clock clk (rise edge)
                          0.00    0.00   clock source latency
     1    8.13    0.00    0.00    0.00 ^ clk (in)
                                         clk (net)
                  9.64    3.04    3.04 ^ clkbuf_0_clk/A (BUFx4_ASAP7_75t_R)
     4   13.13   26.70   26.57   29.61 ^ clkbuf_0_clk/Y (BUFx4_ASAP7_75t_R)
                                         clknet_0_clk (net)
                 27.46    2.46   32.07 ^ clkbuf_2_2__f_clk/A (BUFx4_ASAP7_75t_R)
     8   16.56   32.46   33.96   66.03 ^ clkbuf_2_2__f_clk/Y (BUFx4_ASAP7_75t_R)
                                         clknet_2_2__leaf_clk (net)
                 33.22    2.73   68.77 ^ clkbuf_leaf_21_clk/A (BUFx4_ASAP7_75t_R)
    30   24.75   45.78   40.43  109.20 ^ clkbuf_leaf_21_clk/Y (BUFx4_ASAP7_75t_R)
                                         clknet_leaf_21_clk (net)
                 46.01    1.96  111.16 ^ riscv/dp/_19901_/CLK (DFFASRHQNx1_ASAP7_75t_R)
     3   15.89  105.50   92.20  203.35 ^ riscv/dp/_19901_/QN (DFFASRHQNx1_ASAP7_75t_R)
                                         riscv/dp/_01192_ (net)
                105.59    1.77  205.13 ^ riscv/dp/_12051_/A (CKINVDCx20_ASAP7_75t_R)
    34   32.34   36.05   16.26  221.39 v riscv/dp/_12051_/Y (CKINVDCx20_ASAP7_75t_R)
                                         net92 (net)
                 48.36   10.82  232.21 v _19_/D (OR4x1_ASAP7_75t_R)
     1    1.19   14.57   39.43  271.63 v _19_/Y (OR4x1_ASAP7_75t_R)
                                         _16_ (net)
                 14.58    0.06  271.70 v _21_/A (NOR2x1_ASAP7_75t_R)
     1    0.78   11.51   10.55  282.24 ^ _21_/Y (NOR2x1_ASAP7_75t_R)
                                         _00_ (net)
                 11.51    0.04  282.28 ^ _31_/A (AND4x2_ASAP7_75t_R)
    12    9.33   43.67   44.68  326.96 ^ _31_/Y (AND4x2_ASAP7_75t_R)
                                         _10_ (net)
                 43.90    1.84  328.80 ^ _39_/B1 (AO22x2_ASAP7_75t_R)
    13   12.57   44.34   37.16  365.96 ^ _39_/Y (AO22x2_ASAP7_75t_R)
                                         pcmux.y[4] (net)
                 44.67    2.18  368.14 ^ riscv/_085_/A (INVx1_ASAP7_75t_R)
     3    2.68   23.49   18.40  386.54 v riscv/_085_/Y (INVx1_ASAP7_75t_R)
                                         riscv/_030_ (net)
                 23.49    0.06  386.61 v riscv/_086_/C (OR5x2_ASAP7_75t_R)
     6   17.85   67.89   77.05  463.66 v riscv/_086_/Y (OR5x2_ASAP7_75t_R)
                                         riscv/_031_ (net)
                 68.49    3.62  467.28 v riscv/_087_/A (CKINVDCx20_ASAP7_75t_R)
   121  149.26   81.98   29.64  496.92 ^ riscv/_087_/Y (CKINVDCx20_ASAP7_75t_R)
                                         riscv/c.imm[2] (net)
                144.11   37.51  534.42 ^ riscv/dp/_09958_/A (CKINVDCx20_ASAP7_75t_R)
    27   33.69   40.32   18.49  552.91 v riscv/dp/_09958_/Y (CKINVDCx20_ASAP7_75t_R)
                                         riscv/dp/_03278_ (net)
                 45.70    7.27  560.18 v load_slew156/A (BUFx16f_ASAP7_75t_R)
    49   57.54   30.01   28.60  588.78 v load_slew156/Y (BUFx16f_ASAP7_75t_R)
                                         net156 (net)
                 51.55   13.01  601.79 v load_slew155/A (BUFx16f_ASAP7_75t_R)
    39   48.54   25.49   28.23  630.02 v load_slew155/Y (BUFx16f_ASAP7_75t_R)
                                         net155 (net)
                 71.23   21.62  651.63 v riscv/dp/_09995_/A (AND2x6_ASAP7_75t_R)
    36   41.66   52.54   51.18  702.82 v riscv/dp/_09995_/Y (AND2x6_ASAP7_75t_R)
                                         riscv/dp/_03315_ (net)
                 54.21    5.18  708.00 v max_length152/A (BUFx16f_ASAP7_75t_R)
    38   42.19   22.12   28.51  736.50 v max_length152/Y (BUFx16f_ASAP7_75t_R)
                                         net152 (net)
                 81.75   25.55  762.05 v wire151/A (BUFx16f_ASAP7_75t_R)
    44   48.48   21.76   33.09  795.14 v wire151/Y (BUFx16f_ASAP7_75t_R)
                                         net151 (net)
                 95.45   29.73  824.88 v riscv/dp/_10365_/B1 (AO221x1_ASAP7_75t_R)
     1    0.54   10.40   34.70  859.57 v riscv/dp/_10365_/Y (AO221x1_ASAP7_75t_R)
                                         riscv/dp/_03679_ (net)
                 10.40    0.04  859.62 v riscv/dp/_10366_/B (OA211x2_ASAP7_75t_R)
     1    1.32   17.13   27.00  886.61 v riscv/dp/_10366_/Y (OA211x2_ASAP7_75t_R)
                                         riscv/dp/_03680_ (net)
                 17.13    0.15  886.77 v riscv/dp/_10368_/B2 (AOI221x1_ASAP7_75t_R)
     4   10.81  130.15   48.39  935.16 ^ riscv/dp/_10368_/Y (AOI221x1_ASAP7_75t_R)
                                         riscv/dp/_03682_ (net)
                130.98    5.91  941.07 ^ riscv/dp/_10402_/A (OR2x6_ASAP7_75t_R)
     5    7.03   17.50   44.05  985.12 ^ riscv/dp/_10402_/Y (OR2x6_ASAP7_75t_R)
                                         riscv/dp/_03716_ (net)
                 17.79    1.17  986.29 ^ riscv/dp/_18842_/B (HAxp5_ASAP7_75t_R)
     3    3.30   57.89   51.25 1037.54 ^ riscv/dp/_18842_/SN (HAxp5_ASAP7_75t_R)
                                         riscv/dp/_01298_ (net)
                 57.89    0.10 1037.63 ^ riscv/dp/_14287_/A1 (OA21x2_ASAP7_75t_R)
     2    3.04   14.43   29.44 1067.07 ^ riscv/dp/_14287_/Y (OA21x2_ASAP7_75t_R)
                                         riscv/dp/_09738_ (net)
                 14.45    0.24 1067.31 ^ riscv/dp/_14291_/A1 (OA21x2_ASAP7_75t_R)
     3    4.32   17.73   22.98 1090.29 ^ riscv/dp/_14291_/Y (OA21x2_ASAP7_75t_R)
                                         riscv/dp/_09741_ (net)
                 17.79    0.59 1090.89 ^ riscv/dp/_14420_/A2 (OA31x2_ASAP7_75t_R)
     4    3.84   17.85   27.05 1117.94 ^ riscv/dp/_14420_/Y (OA31x2_ASAP7_75t_R)
                                         riscv/dp/_07493_ (net)
                 17.93    0.68 1118.62 ^ riscv/dp/_14432_/A1 (OA31x2_ASAP7_75t_R)
     3    3.20   15.24   27.86 1146.48 ^ riscv/dp/_14432_/Y (OA31x2_ASAP7_75t_R)
                                         riscv/dp/_07505_ (net)
                 15.29    0.44 1146.93 ^ riscv/dp/_15278_/A2 (OA21x2_ASAP7_75t_R)
     3    4.21   17.32   22.36 1169.29 ^ riscv/dp/_15278_/Y (OA21x2_ASAP7_75t_R)
                                         riscv/dp/_09778_ (net)
                 17.34    0.32 1169.61 ^ riscv/dp/_15362_/A2 (OA21x2_ASAP7_75t_R)
     2    2.88   12.96   21.06 1190.66 ^ riscv/dp/_15362_/Y (OA21x2_ASAP7_75t_R)
                                         riscv/dp/_09788_ (net)
                 12.96    0.15 1190.81 ^ riscv/dp/_15761_/B (OR2x2_ASAP7_75t_R)
     1    0.79    7.53   16.56 1207.37 ^ riscv/dp/_15761_/Y (OR2x2_ASAP7_75t_R)
                                         riscv/dp/_08708_ (net)
                  7.53    0.04 1207.42 ^ riscv/dp/_15762_/A2 (AO21x1_ASAP7_75t_R)
     1    1.19   10.87   14.52 1221.94 ^ riscv/dp/_15762_/Y (AO21x1_ASAP7_75t_R)
                                         riscv/dp/_08709_ (net)
                 10.88    0.10 1222.04 ^ riscv/dp/_15763_/B (NAND2x1_ASAP7_75t_R)
     1    2.38   19.31   11.33 1233.37 v riscv/dp/_15763_/Y (NAND2x1_ASAP7_75t_R)
                                         riscv/dp/_09793_ (net)
                 19.32    0.27 1233.64 v riscv/dp/_18739_/A (FAx1_ASAP7_75t_R)
     1    1.77   41.01   26.95 1260.59 ^ riscv/dp/_18739_/CON (FAx1_ASAP7_75t_R)
                                         riscv/dp/_01191_ (net)
                 41.01    0.11 1260.70 ^ riscv/dp/_15436_/A (XNOR2x1_ASAP7_75t_R)
     1    1.25   22.00   13.16 1273.85 v riscv/dp/_15436_/Y (XNOR2x1_ASAP7_75t_R)
                                         riscv/dp/_08467_ (net)
                 22.00    0.07 1273.92 v riscv/dp/_15437_/B1 (OAI22x1_ASAP7_75t_R)
     1    0.67   21.94   12.42 1286.34 ^ riscv/dp/_15437_/Y (OAI22x1_ASAP7_75t_R)
                                         riscv/dp/_08468_ (net)
                 21.94    0.06 1286.40 ^ riscv/dp/_15438_/C (AO221x1_ASAP7_75t_R)
     1    0.78   10.72   18.45 1304.85 ^ riscv/dp/_15438_/Y (AO221x1_ASAP7_75t_R)
                                         riscv/dp/_08469_ (net)
                 10.72    0.08 1304.93 ^ riscv/dp/_15441_/A2 (AO22x1_ASAP7_75t_R)
     2    6.97   47.73   34.71 1339.64 ^ riscv/dp/_15441_/Y (AO22x1_ASAP7_75t_R)
                                         riscv/dp/_08472_ (net)
                 47.75    0.50 1340.14 ^ riscv/dp/_15442_/B (AO31x2_ASAP7_75t_R)
    21   42.03  147.10   61.31 1401.45 ^ riscv/dp/_15442_/Y (AO31x2_ASAP7_75t_R)
                                         net59 (net)
                199.68   47.56 1449.01 ^ dmem/_155_/C (NOR3x2_ASAP7_75t_R)
    17   19.04  119.83   78.18 1527.18 v dmem/_155_/Y (NOR3x2_ASAP7_75t_R)
                                         dmem/_003_ (net)
                134.93   22.25 1549.43 v dmem/_210_/B2 (AO22x1_ASAP7_75t_R)
     1    0.73   11.11   39.55 1588.98 v dmem/_210_/Y (AO22x1_ASAP7_75t_R)
                                         dmem/_044_ (net)
                 11.11    0.06 1589.04 v dmem/_211_/B (AO21x2_ASAP7_75t_R)
     2    3.56   16.60   22.69 1611.73 v dmem/_211_/Y (AO21x2_ASAP7_75t_R)
                                         readdata[7] (net)
                 16.72    0.78 1612.51 v riscv/dp/_15881_/A (AND3x4_ASAP7_75t_R)
     8    9.40   19.85   28.97 1641.48 v riscv/dp/_15881_/Y (AND3x4_ASAP7_75t_R)
                                         riscv/dp/_08808_ (net)
                 19.87    0.42 1641.91 v riscv/dp/_15883_/B (OR2x6_ASAP7_75t_R)
    11   11.42   18.58   30.95 1672.86 v riscv/dp/_15883_/Y (OR2x6_ASAP7_75t_R)
                                         riscv/dp/_08810_ (net)
                 18.84    1.21 1674.06 v riscv/dp/_16100_/B (AOI21x1_ASAP7_75t_R)
     2    2.89   30.05   17.35 1691.41 ^ riscv/dp/_16100_/Y (AOI21x1_ASAP7_75t_R)
                                         riscv/dp/_09006_ (net)
                 30.08    0.55 1691.96 ^ riscv/dp/_16101_/C (NOR3x1_ASAP7_75t_R)
     2    1.24   34.53   19.62 1711.59 v riscv/dp/_16101_/Y (NOR3x1_ASAP7_75t_R)
                                         riscv/dp/_09007_ (net)
                 34.53    0.07 1711.66 v riscv/dp/_16106_/B1 (AO32x1_ASAP7_75t_R)
     1    0.70    9.48   28.84 1740.50 v riscv/dp/_16106_/Y (AO32x1_ASAP7_75t_R)
                                         riscv/dp/_09012_ (net)
                  9.48    0.06 1740.56 v riscv/dp/_16107_/C (AO221x2_ASAP7_75t_R)
    31   30.25   96.61   49.22 1789.78 v riscv/dp/_16107_/Y (AO221x2_ASAP7_75t_R)
                                         riscv/dp/_09013_ (net)
                119.93   25.56 1815.34 v riscv/dp/_16417_/A1 (OA21x2_ASAP7_75t_R)
     1    0.76   10.03   31.54 1846.88 v riscv/dp/_16417_/Y (OA21x2_ASAP7_75t_R)
                                         riscv/dp/_01430_ (net)
                 10.03    0.04 1846.92 v riscv/dp/_18973_/D (DFFLQNx2_ASAP7_75t_R)
                               1846.92   data arrival time

                       1660.00 1660.00   clock clk' (fall edge)
                          0.00 1660.00   clock source latency
     1    8.13    0.00    0.00 1660.00 ^ clk (in)
                                         clk (net)
                  9.64    3.04 1663.04 ^ clkbuf_0_clk/A (BUFx4_ASAP7_75t_R)
     4   13.13   26.70   26.57 1689.61 ^ clkbuf_0_clk/Y (BUFx4_ASAP7_75t_R)
                                         clknet_0_clk (net)
                 28.21    3.39 1693.00 ^ clkbuf_2_1__f_clk/A (BUFx4_ASAP7_75t_R)
    12   17.47   33.95   34.75 1727.75 ^ clkbuf_2_1__f_clk/Y (BUFx4_ASAP7_75t_R)
                                         clknet_2_1__leaf_clk (net)
                 35.11    3.41 1731.16 ^ clkbuf_leaf_35_clk/A (BUFx4_ASAP7_75t_R)
    10    8.57   19.23   31.16 1762.32 ^ clkbuf_leaf_35_clk/Y (BUFx4_ASAP7_75t_R)
                                         clknet_leaf_35_clk (net)
                 19.27    0.50 1762.82 ^ net1151_899/A (INVx1_ASAP7_75t_R)
     1    0.60    7.73    6.86 1769.68 v net1151_899/Y (INVx1_ASAP7_75t_R)
                                         net1201 (net)
                  7.73    0.03 1769.71 v riscv/dp/_18973_/CLK (DFFLQNx2_ASAP7_75t_R)
                          0.00 1769.71   clock reconvergence pessimism
                         -8.42 1761.29   library setup time
                               1761.29   data required time
-----------------------------------------------------------------------------
                               1761.29   data required time
                               -1846.92   data arrival time
-----------------------------------------------------------------------------
                                -85.63   slack (VIOLATED)



==========================================================================
global route report_checks -unconstrained
--------------------------------------------------------------------------
Startpoint: reset (input port clocked by clk)
Endpoint: riscv/dp/_19898_ (recovery check against rising-edge clock clk)
Path Group: asynchronous
Path Type: max

Fanout     Cap    Slew   Delay    Time   Description
-----------------------------------------------------------------------------
                          0.00    0.00   clock clk (rise edge)
                          0.00    0.00   clock network delay (propagated)
                        207.50  207.50 v input external delay
     1    2.26    0.00    0.00  207.50 v reset (in)
                                         reset (net)
                  0.72    0.23  207.73 v input33/A (BUFx6f_ASAP7_75t_R)
     1   13.88   17.06   14.22  221.94 v input33/Y (BUFx6f_ASAP7_75t_R)
                                         net33 (net)
                 18.27    2.42  224.37 v riscv/dp/_15633_/A (CKINVDCx20_ASAP7_75t_R)
    32   45.65   25.60   12.72  237.08 ^ riscv/dp/_15633_/Y (CKINVDCx20_ASAP7_75t_R)
                                         riscv/dp/_01304_ (net)
                 38.51    9.62  246.70 ^ riscv/dp/_19898_/SETN (DFFASRHQNx1_ASAP7_75t_R)
                                246.70   data arrival time

                       1660.00 1660.00   clock clk (rise edge)
                          0.00 1660.00   clock source latency
     1    8.13    0.00    0.00 1660.00 ^ clk (in)
                                         clk (net)
                  9.64    3.04 1663.04 ^ clkbuf_0_clk/A (BUFx4_ASAP7_75t_R)
     4   13.13   26.70   26.57 1689.61 ^ clkbuf_0_clk/Y (BUFx4_ASAP7_75t_R)
                                         clknet_0_clk (net)
                 27.46    2.46 1692.07 ^ clkbuf_2_2__f_clk/A (BUFx4_ASAP7_75t_R)
     8   16.56   32.46   33.96 1726.03 ^ clkbuf_2_2__f_clk/Y (BUFx4_ASAP7_75t_R)
                                         clknet_2_2__leaf_clk (net)
                 33.22    2.73 1728.77 ^ clkbuf_leaf_21_clk/A (BUFx4_ASAP7_75t_R)
    30   24.75   45.78   40.43 1769.20 ^ clkbuf_leaf_21_clk/Y (BUFx4_ASAP7_75t_R)
                                         clknet_leaf_21_clk (net)
                 46.51    3.28 1772.48 ^ riscv/dp/_19898_/CLK (DFFASRHQNx1_ASAP7_75t_R)
                          0.00 1772.48   clock reconvergence pessimism
                         10.85 1783.33   library recovery time
                               1783.33   data required time
-----------------------------------------------------------------------------
                               1783.33   data required time
                               -246.70   data arrival time
-----------------------------------------------------------------------------
                               1536.63   slack (MET)


Startpoint: riscv/dp/_19901_ (rising edge-triggered flip-flop clocked by clk)
Endpoint: riscv/dp/_18973_ (falling edge-triggered flip-flop clocked by clk')
Path Group: clk
Path Type: max

Fanout     Cap    Slew   Delay    Time   Description
-----------------------------------------------------------------------------
                          0.00    0.00   clock clk (rise edge)
                          0.00    0.00   clock source latency
     1    8.13    0.00    0.00    0.00 ^ clk (in)
                                         clk (net)
                  9.64    3.04    3.04 ^ clkbuf_0_clk/A (BUFx4_ASAP7_75t_R)
     4   13.13   26.70   26.57   29.61 ^ clkbuf_0_clk/Y (BUFx4_ASAP7_75t_R)
                                         clknet_0_clk (net)
                 27.46    2.46   32.07 ^ clkbuf_2_2__f_clk/A (BUFx4_ASAP7_75t_R)
     8   16.56   32.46   33.96   66.03 ^ clkbuf_2_2__f_clk/Y (BUFx4_ASAP7_75t_R)
                                         clknet_2_2__leaf_clk (net)
                 33.22    2.73   68.77 ^ clkbuf_leaf_21_clk/A (BUFx4_ASAP7_75t_R)
    30   24.75   45.78   40.43  109.20 ^ clkbuf_leaf_21_clk/Y (BUFx4_ASAP7_75t_R)
                                         clknet_leaf_21_clk (net)
                 46.01    1.96  111.16 ^ riscv/dp/_19901_/CLK (DFFASRHQNx1_ASAP7_75t_R)
     3   15.89  105.50   92.20  203.35 ^ riscv/dp/_19901_/QN (DFFASRHQNx1_ASAP7_75t_R)
                                         riscv/dp/_01192_ (net)
                105.59    1.77  205.13 ^ riscv/dp/_12051_/A (CKINVDCx20_ASAP7_75t_R)
    34   32.34   36.05   16.26  221.39 v riscv/dp/_12051_/Y (CKINVDCx20_ASAP7_75t_R)
                                         net92 (net)
                 48.36   10.82  232.21 v _19_/D (OR4x1_ASAP7_75t_R)
     1    1.19   14.57   39.43  271.63 v _19_/Y (OR4x1_ASAP7_75t_R)
                                         _16_ (net)
                 14.58    0.06  271.70 v _21_/A (NOR2x1_ASAP7_75t_R)
     1    0.78   11.51   10.55  282.24 ^ _21_/Y (NOR2x1_ASAP7_75t_R)
                                         _00_ (net)
                 11.51    0.04  282.28 ^ _31_/A (AND4x2_ASAP7_75t_R)
    12    9.33   43.67   44.68  326.96 ^ _31_/Y (AND4x2_ASAP7_75t_R)
                                         _10_ (net)
                 43.90    1.84  328.80 ^ _39_/B1 (AO22x2_ASAP7_75t_R)
    13   12.57   44.34   37.16  365.96 ^ _39_/Y (AO22x2_ASAP7_75t_R)
                                         pcmux.y[4] (net)
                 44.67    2.18  368.14 ^ riscv/_085_/A (INVx1_ASAP7_75t_R)
     3    2.68   23.49   18.40  386.54 v riscv/_085_/Y (INVx1_ASAP7_75t_R)
                                         riscv/_030_ (net)
                 23.49    0.06  386.61 v riscv/_086_/C (OR5x2_ASAP7_75t_R)
     6   17.85   67.89   77.05  463.66 v riscv/_086_/Y (OR5x2_ASAP7_75t_R)
                                         riscv/_031_ (net)
                 68.49    3.62  467.28 v riscv/_087_/A (CKINVDCx20_ASAP7_75t_R)
   121  149.26   81.98   29.64  496.92 ^ riscv/_087_/Y (CKINVDCx20_ASAP7_75t_R)
                                         riscv/c.imm[2] (net)
                144.11   37.51  534.42 ^ riscv/dp/_09958_/A (CKINVDCx20_ASAP7_75t_R)
    27   33.69   40.32   18.49  552.91 v riscv/dp/_09958_/Y (CKINVDCx20_ASAP7_75t_R)
                                         riscv/dp/_03278_ (net)
                 45.70    7.27  560.18 v load_slew156/A (BUFx16f_ASAP7_75t_R)
    49   57.54   30.01   28.60  588.78 v load_slew156/Y (BUFx16f_ASAP7_75t_R)
                                         net156 (net)
                 51.55   13.01  601.79 v load_slew155/A (BUFx16f_ASAP7_75t_R)
    39   48.54   25.49   28.23  630.02 v load_slew155/Y (BUFx16f_ASAP7_75t_R)
                                         net155 (net)
                 71.23   21.62  651.63 v riscv/dp/_09995_/A (AND2x6_ASAP7_75t_R)
    36   41.66   52.54   51.18  702.82 v riscv/dp/_09995_/Y (AND2x6_ASAP7_75t_R)
                                         riscv/dp/_03315_ (net)
                 54.21    5.18  708.00 v max_length152/A (BUFx16f_ASAP7_75t_R)
    38   42.19   22.12   28.51  736.50 v max_length152/Y (BUFx16f_ASAP7_75t_R)
                                         net152 (net)
                 81.75   25.55  762.05 v wire151/A (BUFx16f_ASAP7_75t_R)
    44   48.48   21.76   33.09  795.14 v wire151/Y (BUFx16f_ASAP7_75t_R)
                                         net151 (net)
                 95.45   29.73  824.88 v riscv/dp/_10365_/B1 (AO221x1_ASAP7_75t_R)
     1    0.54   10.40   34.70  859.57 v riscv/dp/_10365_/Y (AO221x1_ASAP7_75t_R)
                                         riscv/dp/_03679_ (net)
                 10.40    0.04  859.62 v riscv/dp/_10366_/B (OA211x2_ASAP7_75t_R)
     1    1.32   17.13   27.00  886.61 v riscv/dp/_10366_/Y (OA211x2_ASAP7_75t_R)
                                         riscv/dp/_03680_ (net)
                 17.13    0.15  886.77 v riscv/dp/_10368_/B2 (AOI221x1_ASAP7_75t_R)
     4   10.81  130.15   48.39  935.16 ^ riscv/dp/_10368_/Y (AOI221x1_ASAP7_75t_R)
                                         riscv/dp/_03682_ (net)
                130.98    5.91  941.07 ^ riscv/dp/_10402_/A (OR2x6_ASAP7_75t_R)
     5    7.03   17.50   44.05  985.12 ^ riscv/dp/_10402_/Y (OR2x6_ASAP7_75t_R)
                                         riscv/dp/_03716_ (net)
                 17.79    1.17  986.29 ^ riscv/dp/_18842_/B (HAxp5_ASAP7_75t_R)
     3    3.30   57.89   51.25 1037.54 ^ riscv/dp/_18842_/SN (HAxp5_ASAP7_75t_R)
                                         riscv/dp/_01298_ (net)
                 57.89    0.10 1037.63 ^ riscv/dp/_14287_/A1 (OA21x2_ASAP7_75t_R)
     2    3.04   14.43   29.44 1067.07 ^ riscv/dp/_14287_/Y (OA21x2_ASAP7_75t_R)
                                         riscv/dp/_09738_ (net)
                 14.45    0.24 1067.31 ^ riscv/dp/_14291_/A1 (OA21x2_ASAP7_75t_R)
     3    4.32   17.73   22.98 1090.29 ^ riscv/dp/_14291_/Y (OA21x2_ASAP7_75t_R)
                                         riscv/dp/_09741_ (net)
                 17.79    0.59 1090.89 ^ riscv/dp/_14420_/A2 (OA31x2_ASAP7_75t_R)
     4    3.84   17.85   27.05 1117.94 ^ riscv/dp/_14420_/Y (OA31x2_ASAP7_75t_R)
                                         riscv/dp/_07493_ (net)
                 17.93    0.68 1118.62 ^ riscv/dp/_14432_/A1 (OA31x2_ASAP7_75t_R)
     3    3.20   15.24   27.86 1146.48 ^ riscv/dp/_14432_/Y (OA31x2_ASAP7_75t_R)
                                         riscv/dp/_07505_ (net)
                 15.29    0.44 1146.93 ^ riscv/dp/_15278_/A2 (OA21x2_ASAP7_75t_R)
     3    4.21   17.32   22.36 1169.29 ^ riscv/dp/_15278_/Y (OA21x2_ASAP7_75t_R)
                                         riscv/dp/_09778_ (net)
                 17.34    0.32 1169.61 ^ riscv/dp/_15362_/A2 (OA21x2_ASAP7_75t_R)
     2    2.88   12.96   21.06 1190.66 ^ riscv/dp/_15362_/Y (OA21x2_ASAP7_75t_R)
                                         riscv/dp/_09788_ (net)
                 12.96    0.15 1190.81 ^ riscv/dp/_15761_/B (OR2x2_ASAP7_75t_R)
     1    0.79    7.53   16.56 1207.37 ^ riscv/dp/_15761_/Y (OR2x2_ASAP7_75t_R)
                                         riscv/dp/_08708_ (net)
                  7.53    0.04 1207.42 ^ riscv/dp/_15762_/A2 (AO21x1_ASAP7_75t_R)
     1    1.19   10.87   14.52 1221.94 ^ riscv/dp/_15762_/Y (AO21x1_ASAP7_75t_R)
                                         riscv/dp/_08709_ (net)
                 10.88    0.10 1222.04 ^ riscv/dp/_15763_/B (NAND2x1_ASAP7_75t_R)
     1    2.38   19.31   11.33 1233.37 v riscv/dp/_15763_/Y (NAND2x1_ASAP7_75t_R)
                                         riscv/dp/_09793_ (net)
                 19.32    0.27 1233.64 v riscv/dp/_18739_/A (FAx1_ASAP7_75t_R)
     1    1.77   41.01   26.95 1260.59 ^ riscv/dp/_18739_/CON (FAx1_ASAP7_75t_R)
                                         riscv/dp/_01191_ (net)
                 41.01    0.11 1260.70 ^ riscv/dp/_15436_/A (XNOR2x1_ASAP7_75t_R)
     1    1.25   22.00   13.16 1273.85 v riscv/dp/_15436_/Y (XNOR2x1_ASAP7_75t_R)
                                         riscv/dp/_08467_ (net)
                 22.00    0.07 1273.92 v riscv/dp/_15437_/B1 (OAI22x1_ASAP7_75t_R)
     1    0.67   21.94   12.42 1286.34 ^ riscv/dp/_15437_/Y (OAI22x1_ASAP7_75t_R)
                                         riscv/dp/_08468_ (net)
                 21.94    0.06 1286.40 ^ riscv/dp/_15438_/C (AO221x1_ASAP7_75t_R)
     1    0.78   10.72   18.45 1304.85 ^ riscv/dp/_15438_/Y (AO221x1_ASAP7_75t_R)
                                         riscv/dp/_08469_ (net)
                 10.72    0.08 1304.93 ^ riscv/dp/_15441_/A2 (AO22x1_ASAP7_75t_R)
     2    6.97   47.73   34.71 1339.64 ^ riscv/dp/_15441_/Y (AO22x1_ASAP7_75t_R)
                                         riscv/dp/_08472_ (net)
                 47.75    0.50 1340.14 ^ riscv/dp/_15442_/B (AO31x2_ASAP7_75t_R)
    21   42.03  147.10   61.31 1401.45 ^ riscv/dp/_15442_/Y (AO31x2_ASAP7_75t_R)
                                         net59 (net)
                199.68   47.56 1449.01 ^ dmem/_155_/C (NOR3x2_ASAP7_75t_R)
    17   19.04  119.83   78.18 1527.18 v dmem/_155_/Y (NOR3x2_ASAP7_75t_R)
                                         dmem/_003_ (net)
                134.93   22.25 1549.43 v dmem/_210_/B2 (AO22x1_ASAP7_75t_R)
     1    0.73   11.11   39.55 1588.98 v dmem/_210_/Y (AO22x1_ASAP7_75t_R)
                                         dmem/_044_ (net)
                 11.11    0.06 1589.04 v dmem/_211_/B (AO21x2_ASAP7_75t_R)
     2    3.56   16.60   22.69 1611.73 v dmem/_211_/Y (AO21x2_ASAP7_75t_R)
                                         readdata[7] (net)
                 16.72    0.78 1612.51 v riscv/dp/_15881_/A (AND3x4_ASAP7_75t_R)
     8    9.40   19.85   28.97 1641.48 v riscv/dp/_15881_/Y (AND3x4_ASAP7_75t_R)
                                         riscv/dp/_08808_ (net)
                 19.87    0.42 1641.91 v riscv/dp/_15883_/B (OR2x6_ASAP7_75t_R)
    11   11.42   18.58   30.95 1672.86 v riscv/dp/_15883_/Y (OR2x6_ASAP7_75t_R)
                                         riscv/dp/_08810_ (net)
                 18.84    1.21 1674.06 v riscv/dp/_16100_/B (AOI21x1_ASAP7_75t_R)
     2    2.89   30.05   17.35 1691.41 ^ riscv/dp/_16100_/Y (AOI21x1_ASAP7_75t_R)
                                         riscv/dp/_09006_ (net)
                 30.08    0.55 1691.96 ^ riscv/dp/_16101_/C (NOR3x1_ASAP7_75t_R)
     2    1.24   34.53   19.62 1711.59 v riscv/dp/_16101_/Y (NOR3x1_ASAP7_75t_R)
                                         riscv/dp/_09007_ (net)
                 34.53    0.07 1711.66 v riscv/dp/_16106_/B1 (AO32x1_ASAP7_75t_R)
     1    0.70    9.48   28.84 1740.50 v riscv/dp/_16106_/Y (AO32x1_ASAP7_75t_R)
                                         riscv/dp/_09012_ (net)
                  9.48    0.06 1740.56 v riscv/dp/_16107_/C (AO221x2_ASAP7_75t_R)
    31   30.25   96.61   49.22 1789.78 v riscv/dp/_16107_/Y (AO221x2_ASAP7_75t_R)
                                         riscv/dp/_09013_ (net)
                119.93   25.56 1815.34 v riscv/dp/_16417_/A1 (OA21x2_ASAP7_75t_R)
     1    0.76   10.03   31.54 1846.88 v riscv/dp/_16417_/Y (OA21x2_ASAP7_75t_R)
                                         riscv/dp/_01430_ (net)
                 10.03    0.04 1846.92 v riscv/dp/_18973_/D (DFFLQNx2_ASAP7_75t_R)
                               1846.92   data arrival time

                       1660.00 1660.00   clock clk' (fall edge)
                          0.00 1660.00   clock source latency
     1    8.13    0.00    0.00 1660.00 ^ clk (in)
                                         clk (net)
                  9.64    3.04 1663.04 ^ clkbuf_0_clk/A (BUFx4_ASAP7_75t_R)
     4   13.13   26.70   26.57 1689.61 ^ clkbuf_0_clk/Y (BUFx4_ASAP7_75t_R)
                                         clknet_0_clk (net)
                 28.21    3.39 1693.00 ^ clkbuf_2_1__f_clk/A (BUFx4_ASAP7_75t_R)
    12   17.47   33.95   34.75 1727.75 ^ clkbuf_2_1__f_clk/Y (BUFx4_ASAP7_75t_R)
                                         clknet_2_1__leaf_clk (net)
                 35.11    3.41 1731.16 ^ clkbuf_leaf_35_clk/A (BUFx4_ASAP7_75t_R)
    10    8.57   19.23   31.16 1762.32 ^ clkbuf_leaf_35_clk/Y (BUFx4_ASAP7_75t_R)
                                         clknet_leaf_35_clk (net)
                 19.27    0.50 1762.82 ^ net1151_899/A (INVx1_ASAP7_75t_R)
     1    0.60    7.73    6.86 1769.68 v net1151_899/Y (INVx1_ASAP7_75t_R)
                                         net1201 (net)
                  7.73    0.03 1769.71 v riscv/dp/_18973_/CLK (DFFLQNx2_ASAP7_75t_R)
                          0.00 1769.71   clock reconvergence pessimism
                         -8.42 1761.29   library setup time
                               1761.29   data required time
-----------------------------------------------------------------------------
                               1761.29   data required time
                               -1846.92   data arrival time
-----------------------------------------------------------------------------
                                -85.63   slack (VIOLATED)



==========================================================================
global route report_check_types -max_slew -max_cap -max_fanout -violators
--------------------------------------------------------------------------
max slew

Pin                                    Limit    Slew   Slack
------------------------------------------------------------
riscv/dp/_15377_/C                    320.00  328.31   -8.31 (VIOLATED)
riscv/dp/_15285_/A                    320.00  328.31   -8.31 (VIOLATED)
riscv/dp/_14880_/A1                   320.00  328.31   -8.31 (VIOLATED)
riscv/dp/_15050_/A                    320.00  328.28   -8.28 (VIOLATED)
riscv/dp/_15044_/B                    320.00  328.23   -8.23 (VIOLATED)
riscv/dp/_15238_/A1                   320.00  328.21   -8.21 (VIOLATED)
riscv/dp/_15205_/A1                   320.00  328.19   -8.19 (VIOLATED)
riscv/dp/_14921_/A                    320.00  328.15   -8.15 (VIOLATED)
riscv/dp/_15114_/B                    320.00  328.09   -8.09 (VIOLATED)
riscv/dp/_14851_/A                    320.00  328.07   -8.07 (VIOLATED)
riscv/dp/_14155_/B                    320.00  328.07   -8.07 (VIOLATED)
riscv/dp/_14924_/A1                   320.00  328.07   -8.07 (VIOLATED)
riscv/dp/_14662_/A                    320.00  328.02   -8.02 (VIOLATED)
riscv/dp/_15414_/A                    320.00  328.01   -8.01 (VIOLATED)
riscv/dp/_15428_/B                    320.00  328.00   -8.00 (VIOLATED)
riscv/dp/_14694_/A1                   320.00  327.97   -7.97 (VIOLATED)
riscv/dp/_15371_/B                    320.00  327.96   -7.96 (VIOLATED)
riscv/dp/_14327_/A                    320.00  327.96   -7.96 (VIOLATED)
riscv/dp/_15086_/B                    320.00  327.96   -7.96 (VIOLATED)
riscv/dp/_14813_/A1                   320.00  327.96   -7.96 (VIOLATED)
riscv/dp/_15067_/B                    320.00  327.92   -7.92 (VIOLATED)
riscv/dp/_14617_/A                    320.00  327.89   -7.89 (VIOLATED)
riscv/dp/_14648_/A                    320.00  327.85   -7.85 (VIOLATED)
riscv/dp/_15034_/A                    320.00  327.83   -7.83 (VIOLATED)
riscv/dp/_14946_/A2                   320.00  327.80   -7.80 (VIOLATED)
riscv/dp/_14478_/A                    320.00  327.79   -7.79 (VIOLATED)
riscv/dp/_15099_/B                    320.00  327.68   -7.68 (VIOLATED)
riscv/dp/_14545_/B                    320.00  327.64   -7.64 (VIOLATED)
riscv/dp/_15424_/C                    320.00  327.60   -7.60 (VIOLATED)
riscv/dp/_14941_/A                    320.00  327.58   -7.58 (VIOLATED)
riscv/dp/_15295_/C                    320.00  327.53   -7.53 (VIOLATED)
riscv/dp/_14400_/A                    320.00  327.44   -7.44 (VIOLATED)
riscv/dp/_14152_/Y                    320.00  327.31   -7.31 (VIOLATED)

max capacitance

Pin                                    Limit     Cap   Slack
------------------------------------------------------------
riscv/dp/_15910_/Y                     23.04   23.16   -0.12 (VIOLATED)


==========================================================================
global route max_slew_check_slack
--------------------------------------------------------------------------
-8.314238548278809

==========================================================================
global route max_slew_check_limit
--------------------------------------------------------------------------
320.0

==========================================================================
global route max_slew_check_slack_limit
--------------------------------------------------------------------------
-0.0260

==========================================================================
global route max_fanout_check_slack
--------------------------------------------------------------------------
1.0000000150474662e+30

==========================================================================
global route max_fanout_check_limit
--------------------------------------------------------------------------
1.0000000150474662e+30

==========================================================================
global route max_capacitance_check_slack
--------------------------------------------------------------------------
-0.11892681568861008

==========================================================================
global route max_capacitance_check_limit
--------------------------------------------------------------------------
23.040000915527344

==========================================================================
global route max_capacitance_check_slack_limit
--------------------------------------------------------------------------
-0.0052

==========================================================================
global route max_slew_violation_count
--------------------------------------------------------------------------
max slew violation count 33

==========================================================================
global route max_fanout_violation_count
--------------------------------------------------------------------------
max fanout violation count 0

==========================================================================
global route max_cap_violation_count
--------------------------------------------------------------------------
max cap violation count 1

==========================================================================
global route setup_violation_count
--------------------------------------------------------------------------
setup violation count 659

==========================================================================
global route hold_violation_count
--------------------------------------------------------------------------
hold violation count 0

==========================================================================
global route critical path delay
--------------------------------------------------------------------------
1846.9215

==========================================================================
global route critical path slack
--------------------------------------------------------------------------
-85.6277

==========================================================================
global route slack div critical path delay
--------------------------------------------------------------------------
-4.636239

==========================================================================
global route report_power
--------------------------------------------------------------------------
Group                  Internal  Switching    Leakage      Total
                          Power      Power      Power      Power (Watts)
----------------------------------------------------------------
Sequential             1.29e-03   1.58e-04   1.93e-07   1.45e-03  11.8%
Combinational          1.17e-03   1.98e-03   1.21e-06   3.15e-03  25.6%
Macro                  7.15e-03   1.32e-05   5.16e-04   7.68e-03  62.6%
Pad                    0.00e+00   0.00e+00   0.00e+00   0.00e+00   0.0%
----------------------------------------------------------------
Total                  9.61e-03   2.15e-03   5.17e-04   1.23e-02 100.0%
                          78.3%      17.5%       4.2%

==========================================================================
global route report_design_area
--------------------------------------------------------------------------
Design area 2735 u^2 49% utilization.


==========================================================================
check_antennas
--------------------------------------------------------------------------
[WARNING ANT-0011] -report_violating_nets is deprecated.
[INFO GRT-0043] No OR_DEFAULT vias defined.
[INFO ANT-0002] Found 0 net violations.
[INFO ANT-0001] Found 0 pin violations.
[INFO FLW-0007] clock clk period 1660.000000
[INFO FLW-0008] Clock clk period 1658.346
[INFO FLW-0009] Clock clk slack -85.628
[INFO FLW-0011] Path endpoint count 1387
Elapsed time: 0:07.86[h:]min:sec. CPU time: user 7.76 sys 0.10 (100%). Peak memory: 431624KB.
