OpenROAD autotuner-v1-2861-g832b18e7 
This program is licensed under the BSD-3 license. See the LICENSE file for details.
Components of this program may be licensed under more restrictive licenses which must be honored.
[INFO GPL-0002] DBU: 2000
[INFO GPL-0003] SiteSize: 380 2800
[INFO GPL-0004] CoreAreaLxLy: 20140 19600
[INFO GPL-0005] CoreAreaUxUy: 829540 977200
[INFO GPL-0006] NumInstances: 25632
[INFO GPL-0007] NumPlaceInstances: 23807
[INFO GPL-0008] NumFixedInstances: 1349
[INFO GPL-0009] NumDummyInstances: 476
[INFO GPL-0010] NumNets: 29325
[INFO GPL-0011] NumPins: 90649
[INFO GPL-0012] DieAreaLxLy: 0 0
[INFO GPL-0013] DieAreaUxUy: 849840 998800
[INFO GPL-0014] CoreAreaLxLy: 20140 19600
[INFO GPL-0015] CoreAreaUxUy: 829540 977200
[INFO GPL-0016] CoreArea: 775081440000
[INFO GPL-0017] NonPlaceInstsArea: 57388968000
[INFO GPL-0018] PlaceInstsArea: 188291824000
[INFO GPL-0019] Util(%): 26.24
[INFO GPL-0020] StdInstsArea: 188291824000
[INFO GPL-0021] MacroInstsArea: 0
[INFO GPL-0031] FillerInit: NumGCells: 27333
[INFO GPL-0032] FillerInit: NumGNets: 29325
[INFO GPL-0033] FillerInit: NumGPins: 90649
[INFO GPL-0023] TargetDensity: 0.30
[INFO GPL-0024] AveragePlaceInstArea: 7909094
[INFO GPL-0025] IdealBinArea: 26363646
[INFO GPL-0026] IdealBinCnt: 29399
[INFO GPL-0027] TotalBinArea: 775081440000
[INFO GPL-0028] BinCnt: 128 128
[INFO GPL-0029] BinSize: 6324 7482
[INFO GPL-0030] NumBins: 16384
[NesterovSolve] Iter: 1 overflow: 0.997024 HPWL: 119096100
[NesterovSolve] Iter: 10 overflow: 0.990435 HPWL: 126157757
[NesterovSolve] Iter: 20 overflow: 0.988517 HPWL: 130195631
[NesterovSolve] Iter: 30 overflow: 0.985776 HPWL: 136565860
[NesterovSolve] Iter: 40 overflow: 0.984317 HPWL: 141103509
[NesterovSolve] Iter: 50 overflow: 0.983604 HPWL: 143322621
[NesterovSolve] Iter: 60 overflow: 0.983809 HPWL: 144084558
[NesterovSolve] Iter: 70 overflow: 0.983648 HPWL: 143397967
[NesterovSolve] Iter: 80 overflow: 0.983828 HPWL: 141017366
[NesterovSolve] Iter: 90 overflow: 0.983964 HPWL: 137430222
[NesterovSolve] Iter: 100 overflow: 0.984358 HPWL: 133667118
[NesterovSolve] Iter: 110 overflow: 0.984806 HPWL: 130632730
[NesterovSolve] Iter: 120 overflow: 0.984815 HPWL: 128920463
[NesterovSolve] Iter: 130 overflow: 0.985089 HPWL: 128803333
[NesterovSolve] Iter: 140 overflow: 0.98446 HPWL: 131004612
[NesterovSolve] Iter: 150 overflow: 0.98295 HPWL: 137118609
[NesterovSolve] Iter: 160 overflow: 0.980424 HPWL: 149326335
[NesterovSolve] Iter: 170 overflow: 0.975524 HPWL: 168356632
[NesterovSolve] Iter: 180 overflow: 0.968138 HPWL: 193979942
[NesterovSolve] Iter: 190 overflow: 0.960234 HPWL: 226803877
[NesterovSolve] Iter: 200 overflow: 0.949813 HPWL: 268021790
[NesterovSolve] Iter: 210 overflow: 0.933693 HPWL: 319045884
[NesterovSolve] Iter: 220 overflow: 0.913917 HPWL: 375774851
[NesterovSolve] Iter: 230 overflow: 0.887811 HPWL: 439875638
[NesterovSolve] Iter: 240 overflow: 0.853572 HPWL: 504516568
[NesterovSolve] Iter: 250 overflow: 0.814422 HPWL: 560756027
[NesterovSolve] Iter: 260 overflow: 0.780442 HPWL: 606182473
[NesterovSolve] Iter: 270 overflow: 0.736465 HPWL: 644036562
[NesterovSolve] Iter: 280 overflow: 0.694801 HPWL: 681482920
[NesterovSolve] Iter: 290 overflow: 0.65085 HPWL: 725002763
[NesterovSolve] Iter: 300 overflow: 0.603055 HPWL: 766250875
[NesterovSolve] Iter: 310 overflow: 0.553127 HPWL: 789392430
[NesterovSolve] Iter: 320 overflow: 0.509833 HPWL: 809206125
[NesterovSolve] Iter: 330 overflow: 0.470258 HPWL: 822946204
[NesterovSolve] Iter: 340 overflow: 0.428473 HPWL: 837643663
[NesterovSolve] Iter: 350 overflow: 0.390732 HPWL: 848234558
[NesterovSolve] Iter: 360 overflow: 0.351601 HPWL: 853691336
[NesterovSolve] Iter: 370 overflow: 0.319317 HPWL: 852583164
[NesterovSolve] Iter: 380 overflow: 0.290492 HPWL: 852396972
[NesterovSolve] Iter: 390 overflow: 0.258851 HPWL: 851827975
[NesterovSolve] Iter: 400 overflow: 0.228492 HPWL: 851421831
[NesterovSolve] Iter: 410 overflow: 0.200642 HPWL: 852030435
[NesterovSolve] Iter: 420 overflow: 0.176004 HPWL: 853170528
[NesterovSolve] Iter: 430 overflow: 0.153979 HPWL: 854168105
[NesterovSolve] Iter: 440 overflow: 0.132995 HPWL: 855639116
[NesterovSolve] Iter: 450 overflow: 0.114781 HPWL: 857160853
[NesterovSolve] Finished with Overflow: 0.099973
Elapsed time: 0:04.43[h:]min:sec. CPU time: user 4.39 sys 0.04 (100%). Peak memory: 170164KB.
