OpenROAD v2.0-11432-gead3236e5 
This program is licensed under the BSD-3 license. See the LICENSE file for details.
Components of this program may be licensed under more restrictive licenses which must be honored.
Warning: There are 6 unconstrained endpoints.

==========================================================================
resizer pre report_design_area
--------------------------------------------------------------------------
Design area 616169 u^2 44% utilization.

==========================================================================
instance_count
--------------------------------------------------------------------------
13737

==========================================================================
pin_count
--------------------------------------------------------------------------
47688

Perform port buffering...
[INFO RSZ-0027] Inserted 149 input buffers.
[INFO RSZ-0028] Inserted 100 output buffers.
Perform buffer insertion...
[INFO RSZ-0058] Using max wire length 15009um.
[INFO RSZ-0034] Found 9 slew violations.
[INFO RSZ-0036] Found 7 capacitance violations.
[INFO RSZ-0038] Inserted 35 buffers in 9 nets.
[INFO RSZ-0039] Resized 789 instances.
Repair tie lo fanout...
[INFO RSZ-0042] Inserted 6 tie gf180mcu_fd_sc_mcu9t5v0__tiel instances.
Repair tie hi fanout...

==========================================================================
report_floating_nets
--------------------------------------------------------------------------
[WARNING RSZ-0095] found 1 floating pins.
Warning: There are 6 unconstrained endpoints.

==========================================================================
resizer report_design_area
--------------------------------------------------------------------------
Design area 653727 u^2 47% utilization.

==========================================================================
instance_count
--------------------------------------------------------------------------
14026

==========================================================================
pin_count
--------------------------------------------------------------------------
48261

Elapsed time: 0:06.20[h:]min:sec. CPU time: user 6.16 sys 0.03 (99%). Peak memory: 204664KB.
