OpenROAD v2.0-11432-gead3236e5 
This program is licensed under the BSD-3 license. See the LICENSE file for details.
Components of this program may be licensed under more restrictive licenses which must be honored.
[INFO GPL-0002] DBU: 1000
[INFO GPL-0003] SiteSize: 54 270
[INFO GPL-0004] CoreAreaLxLy: 2052 2160
[INFO GPL-0005] CoreAreaUxUy: 66960 66960
[INFO GPL-0006] NumInstances: 14874
[INFO GPL-0007] NumPlaceInstances: 14152
[INFO GPL-0008] NumFixedInstances: 722
[INFO GPL-0009] NumDummyInstances: 0
[INFO GPL-0010] NumNets: 14690
[INFO GPL-0011] NumPins: 50411
[INFO GPL-0012] DieAreaLxLy: 0 0
[INFO GPL-0013] DieAreaUxUy: 69010 69010
[INFO GPL-0014] CoreAreaLxLy: 2052 2160
[INFO GPL-0015] CoreAreaUxUy: 66960 66960
[INFO GPL-0016] CoreArea: 4206038400
[INFO GPL-0017] NonPlaceInstsArea: 21053520
[INFO GPL-0018] PlaceInstsArea: 2413733580
[INFO GPL-0019] Util(%): 57.68
[INFO GPL-0020] StdInstsArea: 2413733580
[INFO GPL-0021] MacroInstsArea: 0
[INFO GPL-0031] FillerInit: NumGCells: 16003
[INFO GPL-0032] FillerInit: NumGNets: 14690
[INFO GPL-0033] FillerInit: NumGPins: 50411
[INFO GPL-0023] TargetDensity: 0.65
[INFO GPL-0024] AveragePlaceInstArea: 170557
[INFO GPL-0025] IdealBinArea: 262395
[INFO GPL-0026] IdealBinCnt: 16029
[INFO GPL-0027] TotalBinArea: 4206038400
[INFO GPL-0028] BinCnt: 64 64
[INFO GPL-0029] BinSize: 1015 1013
[INFO GPL-0030] NumBins: 4096
[NesterovSolve] Iter: 1 overflow: 0.994142 HPWL: 9626447
[NesterovSolve] Iter: 10 overflow: 0.996226 HPWL: 1438713
[NesterovSolve] Iter: 20 overflow: 0.99635 HPWL: 1266782
[NesterovSolve] Iter: 30 overflow: 0.996252 HPWL: 1243467
[NesterovSolve] Iter: 40 overflow: 0.996101 HPWL: 1234863
[NesterovSolve] Iter: 50 overflow: 0.996014 HPWL: 1232246
[NesterovSolve] Iter: 60 overflow: 0.99595 HPWL: 1230553
[NesterovSolve] Iter: 70 overflow: 0.995881 HPWL: 1230662
[NesterovSolve] Iter: 80 overflow: 0.995807 HPWL: 1236977
[NesterovSolve] Iter: 90 overflow: 0.995806 HPWL: 1260244
[NesterovSolve] Iter: 100 overflow: 0.995234 HPWL: 1330767
[NesterovSolve] Iter: 110 overflow: 0.994878 HPWL: 1510519
[NesterovSolve] Iter: 120 overflow: 0.992088 HPWL: 1893669
[NesterovSolve] Iter: 130 overflow: 0.98805 HPWL: 2539480
[NesterovSolve] Iter: 140 overflow: 0.977898 HPWL: 3499737
[NesterovSolve] Iter: 150 overflow: 0.962573 HPWL: 4748392
[NesterovSolve] Iter: 160 overflow: 0.941207 HPWL: 6226273
[NesterovSolve] Iter: 170 overflow: 0.916543 HPWL: 7771162
[NesterovSolve] Iter: 180 overflow: 0.894528 HPWL: 9291913
[NesterovSolve] Iter: 190 overflow: 0.871576 HPWL: 10744109
[NesterovSolve] Iter: 200 overflow: 0.85197 HPWL: 12227763
[NesterovSolve] Iter: 210 overflow: 0.827562 HPWL: 13871571
[NesterovSolve] Iter: 220 overflow: 0.80525 HPWL: 15762649
[NesterovSolve] Iter: 230 overflow: 0.77966 HPWL: 17965834
[NesterovSolve] Iter: 240 overflow: 0.743411 HPWL: 20348491
[NesterovSolve] Iter: 250 overflow: 0.711189 HPWL: 22643455
[NesterovSolve] Iter: 260 overflow: 0.682808 HPWL: 24439268
[NesterovSolve] Iter: 270 overflow: 0.651843 HPWL: 26043057
[NesterovSolve] Iter: 280 overflow: 0.615418 HPWL: 27685787
[NesterovSolve] Iter: 290 overflow: 0.576656 HPWL: 29453247
[NesterovSolve] Iter: 300 overflow: 0.537197 HPWL: 30759124
[NesterovSolve] Iter: 310 overflow: 0.497635 HPWL: 32096397
[NesterovSolve] Iter: 320 overflow: 0.451407 HPWL: 33326412
[NesterovSolve] Iter: 330 overflow: 0.401758 HPWL: 34477097
[NesterovSolve] Iter: 340 overflow: 0.345175 HPWL: 35610838
[NesterovSolve] Iter: 350 overflow: 0.294979 HPWL: 36315733
[NesterovSolve] Iter: 360 overflow: 0.244103 HPWL: 36930625
[NesterovSolve] Iter: 370 overflow: 0.203073 HPWL: 37439570
[NesterovSolve] Iter: 380 overflow: 0.16945 HPWL: 37850724
[NesterovSolve] Iter: 390 overflow: 0.140719 HPWL: 38144860
[NesterovSolve] Iter: 400 overflow: 0.117392 HPWL: 38351934
[NesterovSolve] Finished with Overflow: 0.099915
Elapsed time: 0:02.47[h:]min:sec. CPU time: user 2.41 sys 0.05 (99%). Peak memory: 224952KB.
