OpenROAD v2.0-11432-gead3236e5 
This program is licensed under the BSD-3 license. See the LICENSE file for details.
Components of this program may be licensed under more restrictive licenses which must be honored.
[INFO GPL-0002] DBU: 2000
[INFO GPL-0003] SiteSize: 380 2800
[INFO GPL-0004] CoreAreaLxLy: 2280 2800
[INFO GPL-0005] CoreAreaUxUy: 926820 926800
[INFO GPL-0006] NumInstances: 53959
[INFO GPL-0007] NumPlaceInstances: 52801
[INFO GPL-0008] NumFixedInstances: 1158
[INFO GPL-0009] NumDummyInstances: 0
[INFO GPL-0010] NumNets: 69532
[INFO GPL-0011] NumPins: 177484
[INFO GPL-0012] DieAreaLxLy: 0 0
[INFO GPL-0013] DieAreaUxUy: 929130 929130
[INFO GPL-0014] CoreAreaLxLy: 2280 2800
[INFO GPL-0015] CoreAreaUxUy: 926820 926800
[INFO GPL-0016] CoreArea: 854274960000
[INFO GPL-0017] NonPlaceInstsArea: 1232112000
[INFO GPL-0018] PlaceInstsArea: 378363720000
[INFO GPL-0019] Util(%): 44.35
[INFO GPL-0020] StdInstsArea: 378363720000
[INFO GPL-0021] MacroInstsArea: 0
[INFO GPL-0031] FillerInit: NumGCells: 122279
[INFO GPL-0032] FillerInit: NumGNets: 69532
[INFO GPL-0033] FillerInit: NumGPins: 177484
[INFO GPL-0023] TargetDensity: 1.00
[INFO GPL-0024] AveragePlaceInstArea: 7165843
[INFO GPL-0025] IdealBinArea: 7165843
[INFO GPL-0026] IdealBinCnt: 119214
[INFO GPL-0027] TotalBinArea: 854274960000
[INFO GPL-0028] BinCnt: 256 256
[INFO GPL-0029] BinSize: 3612 3610
[INFO GPL-0030] NumBins: 65536
[INFO GPL-0002] DBU: 2000
[INFO GPL-0003] SiteSize: 380 2800
[INFO GPL-0004] CoreAreaLxLy: 2280 2800
[INFO GPL-0005] CoreAreaUxUy: 926820 926800
[INFO GPL-0006] NumInstances: 53959
[INFO GPL-0007] NumPlaceInstances: 52801
[INFO GPL-0008] NumFixedInstances: 1158
[INFO GPL-0009] NumDummyInstances: 0
[INFO GPL-0010] NumNets: 69532
[INFO GPL-0011] NumPins: 177437
[INFO GPL-0012] DieAreaLxLy: 0 0
[INFO GPL-0013] DieAreaUxUy: 929130 929130
[INFO GPL-0014] CoreAreaLxLy: 2280 2800
[INFO GPL-0015] CoreAreaUxUy: 926820 926800
[INFO GPL-0016] CoreArea: 854274960000
[INFO GPL-0017] NonPlaceInstsArea: 1232112000
[INFO GPL-0018] PlaceInstsArea: 378363720000
[INFO GPL-0019] Util(%): 44.35
[INFO GPL-0020] StdInstsArea: 378363720000
[INFO GPL-0021] MacroInstsArea: 0
[INFO GPL-0031] FillerInit: NumGCells: 79021
[INFO GPL-0032] FillerInit: NumGNets: 69532
[INFO GPL-0033] FillerInit: NumGPins: 177437
[INFO GPL-0023] TargetDensity: 0.65
[INFO GPL-0024] AveragePlaceInstArea: 7165843
[INFO GPL-0025] IdealBinArea: 10964558
[INFO GPL-0026] IdealBinCnt: 77912
[INFO GPL-0027] TotalBinArea: 854274960000
[INFO GPL-0028] BinCnt: 256 256
[INFO GPL-0029] BinSize: 3612 3610
[INFO GPL-0030] NumBins: 65536
[NesterovSolve] Iter: 1 overflow: 0.99937 HPWL: 138301861
[NesterovSolve] Iter: 10 overflow: 0.99953 HPWL: 90293035
[NesterovSolve] Iter: 20 overflow: 0.999467 HPWL: 88066586
[NesterovSolve] Iter: 30 overflow: 0.999392 HPWL: 87452468
[NesterovSolve] Iter: 40 overflow: 0.999387 HPWL: 87040268
[NesterovSolve] Iter: 50 overflow: 0.999322 HPWL: 86776004
[NesterovSolve] Iter: 60 overflow: 0.99927 HPWL: 86631764
[NesterovSolve] Iter: 70 overflow: 0.999245 HPWL: 86580186
[NesterovSolve] Iter: 80 overflow: 0.999133 HPWL: 86630334
[NesterovSolve] Iter: 90 overflow: 0.999092 HPWL: 86922668
[NesterovSolve] Iter: 100 overflow: 0.998943 HPWL: 87944848
[NesterovSolve] Iter: 110 overflow: 0.998792 HPWL: 90762777
[NesterovSolve] Iter: 120 overflow: 0.998365 HPWL: 96785253
[NesterovSolve] Iter: 130 overflow: 0.997638 HPWL: 106646723
[NesterovSolve] Iter: 140 overflow: 0.99645 HPWL: 120049247
[NesterovSolve] Iter: 150 overflow: 0.994581 HPWL: 136553828
[NesterovSolve] Iter: 160 overflow: 0.991535 HPWL: 156094343
[NesterovSolve] Iter: 170 overflow: 0.986568 HPWL: 179657424
[NesterovSolve] Iter: 180 overflow: 0.979003 HPWL: 208319915
[NesterovSolve] Iter: 190 overflow: 0.967487 HPWL: 242614230
[NesterovSolve] Iter: 200 overflow: 0.950554 HPWL: 283756700
[NesterovSolve] Iter: 210 overflow: 0.925723 HPWL: 332485380
[NesterovSolve] Iter: 220 overflow: 0.893437 HPWL: 387714592
[NesterovSolve] Iter: 230 overflow: 0.855278 HPWL: 446724025
[NesterovSolve] Iter: 240 overflow: 0.815844 HPWL: 505527914
[NesterovSolve] Iter: 250 overflow: 0.776491 HPWL: 557174887
[NesterovSolve] Iter: 260 overflow: 0.738983 HPWL: 602122487
[NesterovSolve] Iter: 270 overflow: 0.69831 HPWL: 644103913
[NesterovSolve] Iter: 280 overflow: 0.66167 HPWL: 689402223
[NesterovSolve] Iter: 290 overflow: 0.627136 HPWL: 738362958
[NesterovSolve] Iter: 300 overflow: 0.598994 HPWL: 763757093
[NesterovSolve] Iter: 310 overflow: 0.566123 HPWL: 774698494
[NesterovSolve] Iter: 320 overflow: 0.539037 HPWL: 782668246
[NesterovSolve] Iter: 330 overflow: 0.511534 HPWL: 770813935
[NesterovSolve] Iter: 340 overflow: 0.480609 HPWL: 778644747
[NesterovSolve] Iter: 350 overflow: 0.445993 HPWL: 765218577
[NesterovSolve] Iter: 360 overflow: 0.412839 HPWL: 778779275
[NesterovSolve] Iter: 370 overflow: 0.379561 HPWL: 769142411
[NesterovSolve] Iter: 380 overflow: 0.34525 HPWL: 766017663
[NesterovSolve] Iter: 390 overflow: 0.316715 HPWL: 762614794
[NesterovSolve] Iter: 400 overflow: 0.290625 HPWL: 757405637
[NesterovSolve] Iter: 410 overflow: 0.263843 HPWL: 753491411
[NesterovSolve] Iter: 420 overflow: 0.239158 HPWL: 750750615
[NesterovSolve] Iter: 430 overflow: 0.213744 HPWL: 749433554
[NesterovSolve] Iter: 440 overflow: 0.192106 HPWL: 749031979
[NesterovSolve] Iter: 450 overflow: 0.171682 HPWL: 749305316
[NesterovSolve] Iter: 460 overflow: 0.152007 HPWL: 750287593
[NesterovSolve] Iter: 470 overflow: 0.133639 HPWL: 751886010
[NesterovSolve] Iter: 480 overflow: 0.11625 HPWL: 753736368
[NesterovSolve] Iter: 490 overflow: 0.100887 HPWL: 756181857
[NesterovSolve] Finished with Overflow: 0.099293
Elapsed time: 0:11.92[h:]min:sec. CPU time: user 11.83 sys 0.09 (99%). Peak memory: 262424KB.
