OpenROAD v2.0-11432-gead3236e5 
This program is licensed under the BSD-3 license. See the LICENSE file for details.
Components of this program may be licensed under more restrictive licenses which must be honored.
Warning: There is 1 unconstrained endpoint.

==========================================================================
resizer pre report_design_area
--------------------------------------------------------------------------
Design area 94899 u^2 44% utilization.

==========================================================================
instance_count
--------------------------------------------------------------------------
53959

==========================================================================
pin_count
--------------------------------------------------------------------------
177437

Perform port buffering...
[INFO RSZ-0027] Inserted 19 input buffers.
[INFO RSZ-0028] Inserted 26 output buffers.
Perform buffer insertion...
[INFO RSZ-0058] Using max wire length 661um.
[INFO RSZ-0034] Found 14506 slew violations.
[INFO RSZ-0036] Found 18 capacitance violations.
[INFO RSZ-0037] Found 8 long wires.
[INFO RSZ-0038] Inserted 205 buffers in 14508 nets.
[INFO RSZ-0039] Resized 1919 instances.
Repair tie lo fanout...
[INFO RSZ-0042] Inserted 1 tie LOGIC0_X1 instances.
Repair tie hi fanout...

==========================================================================
report_floating_nets
--------------------------------------------------------------------------
Warning: There is 1 unconstrained endpoint.

==========================================================================
resizer report_design_area
--------------------------------------------------------------------------
Design area 98998 u^2 46% utilization.

==========================================================================
instance_count
--------------------------------------------------------------------------
54209

==========================================================================
pin_count
--------------------------------------------------------------------------
177937

Elapsed time: 0:15.11[h:]min:sec. CPU time: user 15.01 sys 0.09 (99%). Peak memory: 330724KB.
