OpenROAD v2.0-11432-gead3236e5 
This program is licensed under the BSD-3 license. See the LICENSE file for details.
Components of this program may be licensed under more restrictive licenses which must be honored.
[INFO] Deleted 0 routing obstructions
[INFO RCX-0431] Defined process_corner X with ext_model_index 0
[INFO RCX-0029] Defined extraction corner X
[INFO RCX-0008] extracting parasitics of jpeg_encoder ...
[INFO RCX-0435] Reading extraction model file /home/jborg/Data/Research/DLPnR/OpenROAD-flow-scripts/flow/platforms/nangate45/rcx_patterns.rules ...
[INFO RCX-0436] RC segment generation jpeg_encoder (max_merge_res 50.0) ...
[INFO RCX-0040] Final 165324 rc segments
[INFO RCX-0439] Coupling Cap extraction jpeg_encoder ...
[INFO RCX-0440] Coupling threshhold is 0.1000 fF, coupling capacitance less than 0.1000 fF will be grounded.
[INFO RCX-0043] 296159 wires to be extracted
[INFO RCX-0442] 12% completion -- 36730 wires have been extracted
[INFO RCX-0442] 31% completion -- 92980 wires have been extracted
[INFO RCX-0442] 50% completion -- 148687 wires have been extracted
[INFO RCX-0442] 61% completion -- 182273 wires have been extracted
[INFO RCX-0442] 80% completion -- 239482 wires have been extracted
[INFO RCX-0442] 100% completion -- 296159 wires have been extracted
[INFO RCX-0045] Extract 70567 nets, 231862 rsegs, 231862 caps, 398948 ccs
[INFO RCX-0015] Finished extracting jpeg_encoder.
[INFO RCX-0016] Writing SPEF ...
[INFO RCX-0443] 70567 nets finished
[INFO RCX-0017] Finished writing SPEF ...
[INFO PSM-0022] Using 1.100V for VDD
[WARNING PSM-0016] Voltage pad location (VSRC) file not specified, defaulting pad location to checkerboard pattern on core area.
[WARNING PSM-0017] X direction bump pitch is not specified, defaulting to 140um.
[WARNING PSM-0018] Y direction bump pitch is not specified, defaulting to 140um.
[WARNING PSM-0065] VSRC location not specified, using default checkerboard pattern with one VDD every size bumps in x-direction and one in two bumps in the y-direction
[INFO PSM-0076] Setting metal node density to be standard cell height times 5.
[WARNING PSM-0030] VSRC location at (92.275um, 92.400um) and size 10.000um, is not located on an existing power stripe node. Moving to closest node at (87.140um, 78.400um).
[WARNING PSM-0030] VSRC location at (372.275um, 232.400um) and size 10.000um, is not located on an existing power stripe node. Moving to closest node at (367.140um, 228.400um).
[INFO PSM-0031] Number of PDN nodes on net VDD = 15690.
[INFO PSM-0064] Number of voltage sources = 2.
[INFO PSM-0040] All PDN stripes on net VDD are connected.
########## IR report #################
Corner: default
Worstcase voltage: -7.91e-01 V
Average IR drop  : 1.11e+00 V
Worstcase IR drop: 1.89e+00 V
######################################
[INFO PSM-0022] Using 0.000V for VSS
[WARNING PSM-0016] Voltage pad location (VSRC) file not specified, defaulting pad location to checkerboard pattern on core area.
[WARNING PSM-0017] X direction bump pitch is not specified, defaulting to 140um.
[WARNING PSM-0018] Y direction bump pitch is not specified, defaulting to 140um.
[WARNING PSM-0065] VSRC location not specified, using default checkerboard pattern with one VDD every size bumps in x-direction and one in two bumps in the y-direction
[INFO PSM-0076] Setting metal node density to be standard cell height times 5.
[WARNING PSM-0030] VSRC location at (92.275um, 92.400um) and size 10.000um, is not located on an existing power stripe node. Moving to closest node at (115.140um, 93.400um).
[WARNING PSM-0030] VSRC location at (372.275um, 232.400um) and size 10.000um, is not located on an existing power stripe node. Moving to closest node at (395.140um, 243.400um).
[INFO PSM-0031] Number of PDN nodes on net VSS = 16378.
[INFO PSM-0064] Number of voltage sources = 2.
[INFO PSM-0040] All PDN stripes on net VSS are connected.
########## IR report #################
Corner: default
Worstcase voltage: 1.60e+00 V
Average IR drop  : 9.65e-01 V
Worstcase IR drop: 1.60e+00 V
######################################
Warning: There is 1 unconstrained endpoint.

==========================================================================
finish report_design_area
--------------------------------------------------------------------------
Design area 100241 u^2 47% utilization.
Elapsed time: 0:30.24[h:]min:sec. CPU time: user 30.13 sys 0.24 (100%). Peak memory: 847536KB.
