OpenROAD v2.0-11432-gead3236e5 
This program is licensed under the BSD-3 license. See the LICENSE file for details.
Components of this program may be licensed under more restrictive licenses which must be honored.
clock_tree_synthesis -sink_clustering_enable -balance_levels
[INFO CTS-0050] Root buffer is sky130_fd_sc_hd__clkbuf_8.
[INFO CTS-0051] Sink buffer is sky130_fd_sc_hd__clkbuf_16.
[INFO CTS-0052] The following clock buffers will be used for CTS:
                    sky130_fd_sc_hd__clkbuf_8
                    sky130_fd_sc_hd__clkbuf_16
[INFO CTS-0049] Characterization buffer is sky130_fd_sc_hd__clkbuf_16.
[INFO CTS-0039] Number of created patterns = 11620.
[INFO CTS-0084] Compiling LUT.
Min. len    Max. len    Min. cap    Max. cap    Min. slew   Max. slew
2           8           1           20          1           7           
[WARNING CTS-0043] 1120 wires are pure wire and no slew degradation.
TritonCTS forced slew degradation on these wires.
[INFO CTS-0046]     Number of wire segments: 11620.
[INFO CTS-0047]     Number of keys in characterization LUT: 189.
[INFO CTS-0048]     Actual min input cap: 1.
[INFO CTS-0007] Net "clk" found for clock "core_clock".
[INFO CTS-0010]  Clock net "clk" has 35 sinks.
[INFO CTS-0008] TritonCTS found 1 clock nets.
[INFO CTS-0097] Characterization used 2 buffer(s) types.
[INFO CTS-0200] 0 placement blockages have been identified.
[INFO CTS-0201] 0 placed hard macros will be treated like blockages.
[INFO CTS-0027] Generating H-Tree topology for net clk.
[INFO CTS-0028]  Total number of sinks: 35.
[INFO CTS-0090]  Sinks will be clustered based on buffer max cap.
[INFO CTS-0030]  Number of static layers: 0.
[INFO CTS-0020]  Wire segment unit: 13600  dbu (13 um).
[INFO CTS-0023]  Original sink region: [(3025, 6860), (75175, 77580)].
[INFO CTS-0024]  Normalized sink region: [(0.222426, 0.504412), (5.52757, 5.70441)].
[INFO CTS-0025]     Width:  5.3051.
[INFO CTS-0026]     Height: 5.2000.
[WARNING CTS-0045] Creating fake entries in the LUT.
 Level 1
    Direction: Horizontal
    Sinks per sub-region: 18
    Sub-region size: 2.6526 X 5.2000
[INFO CTS-0034]     Segment length (rounded): 1.
    Key: 12012 inSlew: 1 inCap: 1 outSlew: 2 load: 1 length: 1 delay: 1
 Level 2
    Direction: Vertical
    Sinks per sub-region: 9
    Sub-region size: 2.6526 X 2.6000
[INFO CTS-0034]     Segment length (rounded): 1.
    Key: 12012 inSlew: 1 inCap: 1 outSlew: 2 load: 1 length: 1 delay: 1
[INFO CTS-0032]  Stop criterion found. Max number of sinks is 15.
[INFO CTS-0035]  Number of sinks covered: 35.
[INFO CTS-0018]     Created 5 clock buffers.
[INFO CTS-0012]     Minimum number of buffers in the clock path: 2.
[INFO CTS-0013]     Maximum number of buffers in the clock path: 2.
[INFO CTS-0015]     Created 5 clock nets.
[INFO CTS-0016]     Fanout distribution for the current clock = 7:1, 9:2, 10:1..
[INFO CTS-0017]     Max level of the clock tree: 2.
[INFO CTS-0098] Clock net "clk"
[INFO CTS-0099]  Sinks 35
[INFO CTS-0100]  Leaf buffers 0
[INFO CTS-0101]  Average sink wire length 114.38 um
[INFO CTS-0102]  Path depth 2 - 2

==========================================================================
cts pre-repair report_design_area
--------------------------------------------------------------------------
Design area 3083 u^2 49% utilization.
[INFO RSZ-0058] Using max wire length 2141um.

==========================================================================
cts post-repair report_design_area
--------------------------------------------------------------------------
Design area 3083 u^2 49% utilization.
Placement Analysis
---------------------------------
total displacement         22.3 u
average displacement        0.1 u
max displacement            6.0 u
original HPWL            4690.4 u
legalized HPWL           4869.1 u
delta HPWL                    4 %

Repair setup and hold violations...
TNS end percent 100
[INFO RSZ-0094] Found 1 endpoints with setup violations.
[INFO RSZ-0040] Inserted 1 buffers.
[INFO RSZ-0033] No hold violations found.
Error: cts.tcl, 111 couldn't execute "eqy": no such file or directory
Command exited with non-zero status 1
Elapsed time: 0:01.45[h:]min:sec. CPU time: user 1.42 sys 0.02 (100%). Peak memory: 127496KB.
