OpenROAD autotuner-v1-2861-g832b18e7 
This program is licensed under the BSD-3 license. See the LICENSE file for details.
Components of this program may be licensed under more restrictive licenses which must be honored.

==========================================================================
resizer pre check_setup
--------------------------------------------------------------------------
Warning: There are 7 input ports missing set_input_delay.
Warning: There are 6 output ports missing set_output_delay.
Warning: There is 1 unconstrained endpoint.

==========================================================================
resizer pre report_tns
--------------------------------------------------------------------------
tns -14577.41

==========================================================================
resizer pre report_wns
--------------------------------------------------------------------------
wns -58.69

==========================================================================
resizer pre report_worst_slack
--------------------------------------------------------------------------
worst slack -58.69

==========================================================================
resizer pre report_checks -path_delay min
--------------------------------------------------------------------------
Startpoint: io_ins_right[60] (input port clocked by clock_vir)
Endpoint: _620_ (falling edge-triggered flip-flop clocked by clock')
Path Group: clock
Path Type: min

Fanout     Cap    Slew   Delay    Time   Description
-----------------------------------------------------------------------------
                  0.00    0.00    0.00   clock clock_vir (rise edge)
                        100.00  100.00   clock network delay (ideal)
                         30.00  130.00 ^ input external delay
     1    0.85    6.83    0.80  130.80 ^ io_ins_right[60] (in)
                                         io_ins_right[60] (net)
                  6.83    0.00  130.80 ^ _620_/D (DFFLQNx1_ASAP7_75t_R)
                                130.80   data arrival time

                  0.00    0.00    0.00   clock clock' (fall edge)
                          0.00    0.00   clock network delay (ideal)
                         20.00   20.00   clock uncertainty
                          0.00   20.00   clock reconvergence pessimism
                                 20.00 v _620_/CLK (DFFLQNx1_ASAP7_75t_R)
                          5.62   25.62   library hold time
                                 25.62   data required time
-----------------------------------------------------------------------------
                                 25.62   data required time
                               -130.80   data arrival time
-----------------------------------------------------------------------------
                                105.18   slack (MET)


Startpoint: _658_ (falling edge-triggered flip-flop clocked by clock')
Endpoint: io_outs_right[34] (output port clocked by clock_vir)
Path Group: clock_vir
Path Type: min

Fanout     Cap    Slew   Delay    Time   Description
-----------------------------------------------------------------------------
                  0.00    0.00    0.00   clock clock' (fall edge)
                          0.00    0.00   clock network delay (ideal)
                  0.00    0.00    0.00 v _658_/CLK (DFFLQNx1_ASAP7_75t_R)
     1    2.13   21.83   37.96   37.96 ^ _658_/QN (DFFLQNx1_ASAP7_75t_R)
                                         _077_ (net)
                 21.84    0.07   38.02 ^ _337_/A (INVx3_ASAP7_75t_R)
     1   11.87   26.61   15.27   53.29 v _337_/Y (INVx3_ASAP7_75t_R)
                                         io_outs_right[34] (net)
                 28.39    3.68   56.97 v io_outs_right[34] (out)
                                 56.97   data arrival time

                  0.00    0.00    0.00   clock clock_vir (rise edge)
                        100.00  100.00   clock network delay (ideal)
                         20.00  120.00   clock uncertainty
                          0.00  120.00   clock reconvergence pessimism
                       -240.00 -120.00   output external delay
                               -120.00   data required time
-----------------------------------------------------------------------------
                               -120.00   data required time
                                -56.97   data arrival time
-----------------------------------------------------------------------------
                                176.97   slack (MET)



==========================================================================
resizer pre report_checks -path_delay max
--------------------------------------------------------------------------
Startpoint: io_lsbIns_5 (input port)
Endpoint: io_lsbOuts_4 (output port)
Path Group: path delay
Path Type: max

Fanout     Cap    Slew   Delay    Time   Description
-----------------------------------------------------------------------------
                          0.00    0.00 ^ input external delay
     1    4.30   12.37    5.18    5.18 ^ io_lsbIns_5 (in)
                                         io_lsbIns_5 (net)
                 13.21    0.00    5.18 ^ _776_/A (BUFx2_ASAP7_75t_R)
     1   13.12   46.36   27.89   33.06 ^ _776_/Y (BUFx2_ASAP7_75t_R)
                                         io_lsbOuts_4 (net)
                 49.49    6.44   39.51 ^ io_lsbOuts_4 (out)
                                 39.51   data arrival time

                         29.60   29.60   max_delay
                          0.00   29.60   output external delay
                                 29.60   data required time
-----------------------------------------------------------------------------
                                 29.60   data required time
                                -39.51   data arrival time
-----------------------------------------------------------------------------
                                 -9.91   slack (VIOLATED)


Startpoint: io_ins_down[7] (input port clocked by clock_vir)
Endpoint: _760_ (falling edge-triggered flip-flop clocked by clock')
Path Group: clock
Path Type: max

Fanout     Cap    Slew   Delay    Time   Description
-----------------------------------------------------------------------------
                  0.00    0.00    0.00   clock clock_vir (rise edge)
                        100.00  100.00   clock network delay (ideal)
                        225.00  325.00 v input external delay
     1    3.39   10.21    3.78  328.78 v io_ins_down[7] (in)
                                         io_ins_down[7] (net)
                 10.60    0.00  328.78 v _760_/D (DFFLQNx1_ASAP7_75t_R)
                                328.78   data arrival time

                  0.00  300.00  300.00   clock clock' (fall edge)
                          0.00  300.00   clock network delay (ideal)
                        -20.00  280.00   clock uncertainty
                          0.00  280.00   clock reconvergence pessimism
                                280.00 v _760_/CLK (DFFLQNx1_ASAP7_75t_R)
                         -9.92  270.08   library setup time
                                270.08   data required time
-----------------------------------------------------------------------------
                                270.08   data required time
                               -328.78   data arrival time
-----------------------------------------------------------------------------
                                -58.69   slack (VIOLATED)


Startpoint: _753_ (falling edge-triggered flip-flop clocked by clock')
Endpoint: io_outs_left[0] (output port clocked by clock_vir)
Path Group: clock_vir
Path Type: max

Fanout     Cap    Slew   Delay    Time   Description
-----------------------------------------------------------------------------
                  0.00    0.00    0.00   clock clock' (fall edge)
                          0.00    0.00   clock network delay (ideal)
                  0.00    0.00    0.00 v _753_/CLK (DFFLQNx1_ASAP7_75t_R)
     1    2.31   22.17   40.88   40.88 v _753_/QN (DFFLQNx1_ASAP7_75t_R)
                                         _239_ (net)
                 22.17    0.14   41.02 v _499_/A (INVx3_ASAP7_75t_R)
     2   15.03   37.67   18.88   59.91 ^ _499_/Y (INVx3_ASAP7_75t_R)
                                         io_lsbOuts_7 (net)
                 37.67    0.16   60.07 ^ _779_/A (BUFx2_ASAP7_75t_R)
     1   12.03   42.49   33.06   93.13 ^ _779_/Y (BUFx2_ASAP7_75t_R)
                                         io_outs_left[0] (net)
                 43.79    4.08   97.21 ^ io_outs_left[0] (out)
                                 97.21   data arrival time

                  0.00  300.00  300.00   clock clock_vir (rise edge)
                        100.00  400.00   clock network delay (ideal)
                        -20.00  380.00   clock uncertainty
                          0.00  380.00   clock reconvergence pessimism
                       -240.00  140.00   output external delay
                                140.00   data required time
-----------------------------------------------------------------------------
                                140.00   data required time
                                -97.21   data arrival time
-----------------------------------------------------------------------------
                                 42.79   slack (MET)



==========================================================================
resizer pre report_checks -unconstrained
--------------------------------------------------------------------------
Startpoint: io_lsbIns_5 (input port)
Endpoint: io_lsbOuts_4 (output port)
Path Group: path delay
Path Type: max

Fanout     Cap    Slew   Delay    Time   Description
-----------------------------------------------------------------------------
                          0.00    0.00 ^ input external delay
     1    4.30   12.37    5.18    5.18 ^ io_lsbIns_5 (in)
                                         io_lsbIns_5 (net)
                 13.21    0.00    5.18 ^ _776_/A (BUFx2_ASAP7_75t_R)
     1   13.12   46.36   27.89   33.06 ^ _776_/Y (BUFx2_ASAP7_75t_R)
                                         io_lsbOuts_4 (net)
                 49.49    6.44   39.51 ^ io_lsbOuts_4 (out)
                                 39.51   data arrival time

                         29.60   29.60   max_delay
                          0.00   29.60   output external delay
                                 29.60   data required time
-----------------------------------------------------------------------------
                                 29.60   data required time
                                -39.51   data arrival time
-----------------------------------------------------------------------------
                                 -9.91   slack (VIOLATED)


Startpoint: io_ins_down[7] (input port clocked by clock_vir)
Endpoint: _760_ (falling edge-triggered flip-flop clocked by clock')
Path Group: clock
Path Type: max

Fanout     Cap    Slew   Delay    Time   Description
-----------------------------------------------------------------------------
                  0.00    0.00    0.00   clock clock_vir (rise edge)
                        100.00  100.00   clock network delay (ideal)
                        225.00  325.00 v input external delay
     1    3.39   10.21    3.78  328.78 v io_ins_down[7] (in)
                                         io_ins_down[7] (net)
                 10.60    0.00  328.78 v _760_/D (DFFLQNx1_ASAP7_75t_R)
                                328.78   data arrival time

                  0.00  300.00  300.00   clock clock' (fall edge)
                          0.00  300.00   clock network delay (ideal)
                        -20.00  280.00   clock uncertainty
                          0.00  280.00   clock reconvergence pessimism
                                280.00 v _760_/CLK (DFFLQNx1_ASAP7_75t_R)
                         -9.92  270.08   library setup time
                                270.08   data required time
-----------------------------------------------------------------------------
                                270.08   data required time
                               -328.78   data arrival time
-----------------------------------------------------------------------------
                                -58.69   slack (VIOLATED)


Startpoint: _753_ (falling edge-triggered flip-flop clocked by clock')
Endpoint: io_outs_left[0] (output port clocked by clock_vir)
Path Group: clock_vir
Path Type: max

Fanout     Cap    Slew   Delay    Time   Description
-----------------------------------------------------------------------------
                  0.00    0.00    0.00   clock clock' (fall edge)
                          0.00    0.00   clock network delay (ideal)
                  0.00    0.00    0.00 v _753_/CLK (DFFLQNx1_ASAP7_75t_R)
     1    2.31   22.17   40.88   40.88 v _753_/QN (DFFLQNx1_ASAP7_75t_R)
                                         _239_ (net)
                 22.17    0.14   41.02 v _499_/A (INVx3_ASAP7_75t_R)
     2   15.03   37.67   18.88   59.91 ^ _499_/Y (INVx3_ASAP7_75t_R)
                                         io_lsbOuts_7 (net)
                 37.67    0.16   60.07 ^ _779_/A (BUFx2_ASAP7_75t_R)
     1   12.03   42.49   33.06   93.13 ^ _779_/Y (BUFx2_ASAP7_75t_R)
                                         io_outs_left[0] (net)
                 43.79    4.08   97.21 ^ io_outs_left[0] (out)
                                 97.21   data arrival time

                  0.00  300.00  300.00   clock clock_vir (rise edge)
                        100.00  400.00   clock network delay (ideal)
                        -20.00  380.00   clock uncertainty
                          0.00  380.00   clock reconvergence pessimism
                       -240.00  140.00   output external delay
                                140.00   data required time
-----------------------------------------------------------------------------
                                140.00   data required time
                                -97.21   data arrival time
-----------------------------------------------------------------------------
                                 42.79   slack (MET)



==========================================================================
resizer pre report_power
--------------------------------------------------------------------------
Group                  Internal  Switching    Leakage      Total
                          Power      Power      Power      Power (Watts)
----------------------------------------------------------------
Sequential             1.32e-03   9.42e-05   3.87e-08   1.41e-03  69.7%
Combinational          2.89e-05   5.85e-04   2.59e-08   6.14e-04  30.3%
Macro                  0.00e+00   0.00e+00   0.00e+00   0.00e+00   0.0%
Pad                    0.00e+00   0.00e+00   0.00e+00   0.00e+00   0.0%
----------------------------------------------------------------
Total                  1.35e-03   6.79e-04   6.46e-08   2.03e-03 100.0%
                          66.5%      33.5%       0.0%

==========================================================================
resizer pre report_design_area
--------------------------------------------------------------------------
Design area 105 u^2 6% utilization.


==========================================================================
instance_count
--------------------------------------------------------------------------
903

==========================================================================
pin_count
--------------------------------------------------------------------------
1301

Perform port buffering...
[INFO RSZ-0027] Inserted 263 input buffers.
[INFO RSZ-0028] Inserted 264 output buffers.
Perform buffer insertion...
[INFO RSZ-0058] Using max wire length 162um.
[INFO RSZ-0039] Resized 524 instances.
Repair tie lo fanout...
Repair tie hi fanout...

==========================================================================
report_floating_nets
--------------------------------------------------------------------------

==========================================================================
resizer check_setup
--------------------------------------------------------------------------
Warning: There are 7 input ports missing set_input_delay.
Warning: There are 6 output ports missing set_output_delay.
Warning: There is 1 unconstrained endpoint.

==========================================================================
resizer report_tns
--------------------------------------------------------------------------
tns -18195.14

==========================================================================
resizer report_wns
--------------------------------------------------------------------------
wns -73.37

==========================================================================
resizer report_worst_slack
--------------------------------------------------------------------------
worst slack -73.37

==========================================================================
resizer report_checks -path_delay min
--------------------------------------------------------------------------
Startpoint: io_ins_right[60] (input port clocked by clock_vir)
Endpoint: _620_ (falling edge-triggered flip-flop clocked by clock')
Path Group: clock
Path Type: min

Fanout     Cap    Slew   Delay    Time   Description
-----------------------------------------------------------------------------
                  0.00    0.00    0.00   clock clock_vir (rise edge)
                        100.00  100.00   clock network delay (ideal)
                         30.00  130.00 ^ input external delay
     1    0.73    6.67    0.68  130.68 ^ io_ins_right[60] (in)
                                         io_ins_right[60] (net)
                  6.67    0.00  130.68 ^ input185/A (BUFx2_ASAP7_75t_R)
     1    0.69    5.37   12.14  142.82 ^ input185/Y (BUFx2_ASAP7_75t_R)
                                         net185 (net)
                  5.37    0.01  142.83 ^ _620_/D (DFFLQNx2_ASAP7_75t_R)
                                142.83   data arrival time

                  0.00    0.00    0.00   clock clock' (fall edge)
                          0.00    0.00   clock network delay (ideal)
                         20.00   20.00   clock uncertainty
                          0.00   20.00   clock reconvergence pessimism
                                 20.00 v _620_/CLK (DFFLQNx2_ASAP7_75t_R)
                          8.06   28.06   library hold time
                                 28.06   data required time
-----------------------------------------------------------------------------
                                 28.06   data required time
                               -142.83   data arrival time
-----------------------------------------------------------------------------
                                114.77   slack (MET)


Startpoint: _658_ (falling edge-triggered flip-flop clocked by clock')
Endpoint: io_outs_right[34] (output port clocked by clock_vir)
Path Group: clock_vir
Path Type: min

Fanout     Cap    Slew   Delay    Time   Description
-----------------------------------------------------------------------------
                  0.00    0.00    0.00   clock clock' (fall edge)
                          0.00    0.00   clock network delay (ideal)
                  0.00    0.00    0.00 v _658_/CLK (DFFLQNx2_ASAP7_75t_R)
     1    2.13   17.67   40.28   40.28 ^ _658_/QN (DFFLQNx2_ASAP7_75t_R)
                                         _077_ (net)
                 17.67    0.06   40.35 ^ _337_/A (INVx3_ASAP7_75t_R)
     1    2.82    9.40    7.50   47.85 v _337_/Y (INVx3_ASAP7_75t_R)
                                         net427 (net)
                  9.55    0.63   48.47 v output427/A (BUFx4f_ASAP7_75t_R)
     1   10.14   16.59   19.27   67.74 v output427/Y (BUFx4f_ASAP7_75t_R)
                                         io_outs_right[34] (net)
                 16.60    0.27   68.01 v io_outs_right[34] (out)
                                 68.01   data arrival time

                  0.00    0.00    0.00   clock clock_vir (rise edge)
                        100.00  100.00   clock network delay (ideal)
                         20.00  120.00   clock uncertainty
                          0.00  120.00   clock reconvergence pessimism
                       -240.00 -120.00   output external delay
                               -120.00   data required time
-----------------------------------------------------------------------------
                               -120.00   data required time
                                -68.01   data arrival time
-----------------------------------------------------------------------------
                                188.01   slack (MET)



==========================================================================
resizer report_checks -path_delay max
--------------------------------------------------------------------------
Startpoint: io_lsbIns_5 (input port)
Endpoint: io_lsbOuts_4 (output port)
Path Group: path delay
Path Type: max

Fanout     Cap    Slew   Delay    Time   Description
-----------------------------------------------------------------------------
                          0.00    0.00 v input external delay
     1    0.73    6.69    0.66    0.66 v io_lsbIns_5 (in)
                                         io_lsbIns_5 (net)
                  6.69    0.00    0.66 v input261/A (BUFx2_ASAP7_75t_R)
     1    4.13   14.47   17.32   17.98 v input261/Y (BUFx2_ASAP7_75t_R)
                                         net261 (net)
                 15.03    1.53   19.51 v _776_/A (BUFx2_ASAP7_75t_R)
     1    4.03   14.32   19.86   39.37 v _776_/Y (BUFx2_ASAP7_75t_R)
                                         net268 (net)
                 14.77    1.38   40.75 v output268/A (BUFx4f_ASAP7_75t_R)
     1   10.14   16.68   20.87   61.62 v output268/Y (BUFx4f_ASAP7_75t_R)
                                         io_lsbOuts_4 (net)
                 16.70    0.27   61.88 v io_lsbOuts_4 (out)
                                 61.88   data arrival time

                         29.60   29.60   max_delay
                          0.00   29.60   output external delay
                                 29.60   data required time
-----------------------------------------------------------------------------
                                 29.60   data required time
                                -61.88   data arrival time
-----------------------------------------------------------------------------
                                -32.28   slack (VIOLATED)


Startpoint: io_ins_down[7] (input port clocked by clock_vir)
Endpoint: _760_ (falling edge-triggered flip-flop clocked by clock')
Path Group: clock
Path Type: max

Fanout     Cap    Slew   Delay    Time   Description
-----------------------------------------------------------------------------
                  0.00    0.00    0.00   clock clock_vir (rise edge)
                        100.00  100.00   clock network delay (ideal)
                        225.00  325.00 v input external delay
     1    0.73    6.69    0.66  325.66 v io_ins_down[7] (in)
                                         io_ins_down[7] (net)
                  6.69    0.00  325.66 v input62/A (BUFx2_ASAP7_75t_R)
     1    3.26   11.96   16.39  342.04 v input62/Y (BUFx2_ASAP7_75t_R)
                                         net62 (net)
                 12.22    0.95  342.99 v _760_/D (DFFLQNx2_ASAP7_75t_R)
                                342.99   data arrival time

                  0.00  300.00  300.00   clock clock' (fall edge)
                          0.00  300.00   clock network delay (ideal)
                        -20.00  280.00   clock uncertainty
                          0.00  280.00   clock reconvergence pessimism
                                280.00 v _760_/CLK (DFFLQNx2_ASAP7_75t_R)
                        -10.38  269.62   library setup time
                                269.62   data required time
-----------------------------------------------------------------------------
                                269.62   data required time
                               -342.99   data arrival time
-----------------------------------------------------------------------------
                                -73.37   slack (VIOLATED)


Startpoint: _753_ (falling edge-triggered flip-flop clocked by clock')
Endpoint: io_outs_left[0] (output port clocked by clock_vir)
Path Group: clock_vir
Path Type: max

Fanout     Cap    Slew   Delay    Time   Description
-----------------------------------------------------------------------------
                  0.00    0.00    0.00   clock clock' (fall edge)
                          0.00    0.00   clock network delay (ideal)
                  0.00    0.00    0.00 v _753_/CLK (DFFLQNx2_ASAP7_75t_R)
     1    2.32   18.91   42.71   42.71 v _753_/QN (DFFLQNx2_ASAP7_75t_R)
                                         _239_ (net)
                 18.91    0.14   42.85 v _499_/A (INVx3_ASAP7_75t_R)
     2    5.97   16.83   12.45   55.30 ^ _499_/Y (INVx3_ASAP7_75t_R)
                                         net271 (net)
                 16.84    0.15   55.46 ^ _779_/A (BUFx2_ASAP7_75t_R)
     1    2.96   12.41   18.43   73.89 ^ _779_/Y (BUFx2_ASAP7_75t_R)
                                         net336 (net)
                 12.54    0.70   74.59 ^ output336/A (BUFx4f_ASAP7_75t_R)
     1   10.20   18.96   19.82   94.41 ^ output336/Y (BUFx4f_ASAP7_75t_R)
                                         io_outs_left[0] (net)
                 18.98    0.37   94.78 ^ io_outs_left[0] (out)
                                 94.78   data arrival time

                  0.00  300.00  300.00   clock clock_vir (rise edge)
                        100.00  400.00   clock network delay (ideal)
                        -20.00  380.00   clock uncertainty
                          0.00  380.00   clock reconvergence pessimism
                       -240.00  140.00   output external delay
                                140.00   data required time
-----------------------------------------------------------------------------
                                140.00   data required time
                                -94.78   data arrival time
-----------------------------------------------------------------------------
                                 45.22   slack (MET)



==========================================================================
resizer report_checks -unconstrained
--------------------------------------------------------------------------
Startpoint: io_lsbIns_5 (input port)
Endpoint: io_lsbOuts_4 (output port)
Path Group: path delay
Path Type: max

Fanout     Cap    Slew   Delay    Time   Description
-----------------------------------------------------------------------------
                          0.00    0.00 v input external delay
     1    0.73    6.69    0.66    0.66 v io_lsbIns_5 (in)
                                         io_lsbIns_5 (net)
                  6.69    0.00    0.66 v input261/A (BUFx2_ASAP7_75t_R)
     1    4.13   14.47   17.32   17.98 v input261/Y (BUFx2_ASAP7_75t_R)
                                         net261 (net)
                 15.03    1.53   19.51 v _776_/A (BUFx2_ASAP7_75t_R)
     1    4.03   14.32   19.86   39.37 v _776_/Y (BUFx2_ASAP7_75t_R)
                                         net268 (net)
                 14.77    1.38   40.75 v output268/A (BUFx4f_ASAP7_75t_R)
     1   10.14   16.68   20.87   61.62 v output268/Y (BUFx4f_ASAP7_75t_R)
                                         io_lsbOuts_4 (net)
                 16.70    0.27   61.88 v io_lsbOuts_4 (out)
                                 61.88   data arrival time

                         29.60   29.60   max_delay
                          0.00   29.60   output external delay
                                 29.60   data required time
-----------------------------------------------------------------------------
                                 29.60   data required time
                                -61.88   data arrival time
-----------------------------------------------------------------------------
                                -32.28   slack (VIOLATED)


Startpoint: io_ins_down[7] (input port clocked by clock_vir)
Endpoint: _760_ (falling edge-triggered flip-flop clocked by clock')
Path Group: clock
Path Type: max

Fanout     Cap    Slew   Delay    Time   Description
-----------------------------------------------------------------------------
                  0.00    0.00    0.00   clock clock_vir (rise edge)
                        100.00  100.00   clock network delay (ideal)
                        225.00  325.00 v input external delay
     1    0.73    6.69    0.66  325.66 v io_ins_down[7] (in)
                                         io_ins_down[7] (net)
                  6.69    0.00  325.66 v input62/A (BUFx2_ASAP7_75t_R)
     1    3.26   11.96   16.39  342.04 v input62/Y (BUFx2_ASAP7_75t_R)
                                         net62 (net)
                 12.22    0.95  342.99 v _760_/D (DFFLQNx2_ASAP7_75t_R)
                                342.99   data arrival time

                  0.00  300.00  300.00   clock clock' (fall edge)
                          0.00  300.00   clock network delay (ideal)
                        -20.00  280.00   clock uncertainty
                          0.00  280.00   clock reconvergence pessimism
                                280.00 v _760_/CLK (DFFLQNx2_ASAP7_75t_R)
                        -10.38  269.62   library setup time
                                269.62   data required time
-----------------------------------------------------------------------------
                                269.62   data required time
                               -342.99   data arrival time
-----------------------------------------------------------------------------
                                -73.37   slack (VIOLATED)


Startpoint: _753_ (falling edge-triggered flip-flop clocked by clock')
Endpoint: io_outs_left[0] (output port clocked by clock_vir)
Path Group: clock_vir
Path Type: max

Fanout     Cap    Slew   Delay    Time   Description
-----------------------------------------------------------------------------
                  0.00    0.00    0.00   clock clock' (fall edge)
                          0.00    0.00   clock network delay (ideal)
                  0.00    0.00    0.00 v _753_/CLK (DFFLQNx2_ASAP7_75t_R)
     1    2.32   18.91   42.71   42.71 v _753_/QN (DFFLQNx2_ASAP7_75t_R)
                                         _239_ (net)
                 18.91    0.14   42.85 v _499_/A (INVx3_ASAP7_75t_R)
     2    5.97   16.83   12.45   55.30 ^ _499_/Y (INVx3_ASAP7_75t_R)
                                         net271 (net)
                 16.84    0.15   55.46 ^ _779_/A (BUFx2_ASAP7_75t_R)
     1    2.96   12.41   18.43   73.89 ^ _779_/Y (BUFx2_ASAP7_75t_R)
                                         net336 (net)
                 12.54    0.70   74.59 ^ output336/A (BUFx4f_ASAP7_75t_R)
     1   10.20   18.96   19.82   94.41 ^ output336/Y (BUFx4f_ASAP7_75t_R)
                                         io_outs_left[0] (net)
                 18.98    0.37   94.78 ^ io_outs_left[0] (out)
                                 94.78   data arrival time

                  0.00  300.00  300.00   clock clock_vir (rise edge)
                        100.00  400.00   clock network delay (ideal)
                        -20.00  380.00   clock uncertainty
                          0.00  380.00   clock reconvergence pessimism
                       -240.00  140.00   output external delay
                                140.00   data required time
-----------------------------------------------------------------------------
                                140.00   data required time
                                -94.78   data arrival time
-----------------------------------------------------------------------------
                                 45.22   slack (MET)



==========================================================================
resizer report_check_types -max_slew -max_cap -max_fanout -violators
--------------------------------------------------------------------------

==========================================================================
resizer max_slew_check_slack
--------------------------------------------------------------------------
210.03143310546875

==========================================================================
resizer max_slew_check_limit
--------------------------------------------------------------------------
250.0

==========================================================================
resizer max_slew_check_slack_limit
--------------------------------------------------------------------------
0.8401

==========================================================================
resizer max_fanout_check_slack
--------------------------------------------------------------------------
1.0000000150474662e+30

==========================================================================
resizer max_fanout_check_limit
--------------------------------------------------------------------------
1.0000000150474662e+30

==========================================================================
resizer max_capacitance_check_slack
--------------------------------------------------------------------------
84.5560302734375

==========================================================================
resizer max_capacitance_check_limit
--------------------------------------------------------------------------
92.16000366210938

==========================================================================
resizer max_capacitance_check_slack_limit
--------------------------------------------------------------------------
0.9175

==========================================================================
resizer max_slew_violation_count
--------------------------------------------------------------------------
max slew violation count 0

==========================================================================
resizer max_fanout_violation_count
--------------------------------------------------------------------------
max fanout violation count 0

==========================================================================
resizer max_cap_violation_count
--------------------------------------------------------------------------
max cap violation count 0

==========================================================================
resizer setup_violation_count
--------------------------------------------------------------------------
setup violation count 262

==========================================================================
resizer hold_violation_count
--------------------------------------------------------------------------
hold violation count 0

==========================================================================
resizer critical path delay
--------------------------------------------------------------------------
342.9927

==========================================================================
resizer critical path slack
--------------------------------------------------------------------------
-73.3695

==========================================================================
resizer slack div critical path delay
--------------------------------------------------------------------------
-21.390980

==========================================================================
resizer report_power
--------------------------------------------------------------------------
Group                  Internal  Switching    Leakage      Total
                          Power      Power      Power      Power (Watts)
----------------------------------------------------------------
Sequential             1.34e-03   9.43e-05   4.71e-08   1.44e-03  62.8%
Combinational          1.92e-04   6.60e-04   9.48e-08   8.53e-04  37.2%
Macro                  0.00e+00   0.00e+00   0.00e+00   0.00e+00   0.0%
Pad                    0.00e+00   0.00e+00   0.00e+00   0.00e+00   0.0%
----------------------------------------------------------------
Total                  1.53e-03   7.54e-04   1.42e-07   2.29e-03 100.0%
                          67.0%      33.0%       0.0%

==========================================================================
resizer report_design_area
--------------------------------------------------------------------------
Design area 159 u^2 9% utilization.


==========================================================================
instance_count
--------------------------------------------------------------------------
1430

==========================================================================
pin_count
--------------------------------------------------------------------------
2355

Elapsed time: 0:01.12[h:]min:sec. CPU time: user 1.07 sys 0.03 (98%). Peak memory: 201500KB.
