OpenROAD autotuner-v1-2861-g832b18e7 
This program is licensed under the BSD-3 license. See the LICENSE file for details.
Components of this program may be licensed under more restrictive licenses which must be honored.
[INFO GRT-0020] Min routing layer: met1
[INFO GRT-0021] Max routing layer: met5
[INFO GRT-0022] Global adjustment: 0%
[INFO GRT-0023] Grid origin: (0, 0)
[INFO GRT-0043] No OR_DEFAULT vias defined.
[INFO GRT-0088] Layer li1     Track-Pitch = 0.4800  line-2-Via Pitch: 0.3400
[INFO GRT-0088] Layer met1    Track-Pitch = 0.3700  line-2-Via Pitch: 0.3400
[INFO GRT-0088] Layer met2    Track-Pitch = 0.4800  line-2-Via Pitch: 0.3500
[INFO GRT-0088] Layer met3    Track-Pitch = 0.7400  line-2-Via Pitch: 0.6150
[INFO GRT-0088] Layer met4    Track-Pitch = 0.9600  line-2-Via Pitch: 1.0400
[INFO GRT-0088] Layer met5    Track-Pitch = 3.3300  line-2-Via Pitch: 3.1100
[INFO GRT-0019] Found 332 clock nets.
[INFO GRT-0001] Minimum degree: 2
[INFO GRT-0002] Maximum degree: 140
[INFO GRT-0003] Macros: 0
[INFO GRT-0004] Blockages: 1042

[INFO GRT-0053] Routing resources analysis:
          Routing      Original      Derated      Resource
Layer     Direction    Resources     Resources    Reduction (%)
---------------------------------------------------------------
li1        Vertical            0             0          0.00%
met1       Horizontal     464412        232857          49.86%
met2       Vertical       366444        240149          34.47%
met3       Horizontal     220116        142509          35.26%
met4       Vertical       146952         69595          52.64%
met5       Horizontal      48828         24184          50.47%
---------------------------------------------------------------

[INFO GRT-0101] Running extra iterations to remove overflow.
[INFO GRT-0197] Via related to pin nodes: 211112
[INFO GRT-0198] Via related Steiner nodes: 4621
[INFO GRT-0199] Via filling finished.
[INFO GRT-0111] Final number of vias: 237386
[INFO GRT-0112] Final usage 3D: 916589

[INFO GRT-0096] Final congestion report:
Layer         Resource        Demand        Usage (%)    Max H / Max V / Total Overflow
---------------------------------------------------------------------------------------
li1                  0             0            0.00%             0 /  0 /  0
met1            232857         95120           40.85%             0 /  0 /  0
met2            240149         94589           39.39%             0 /  0 /  0
met3            142509          8887            6.24%             0 /  0 /  0
met4             69595          5283            7.59%             0 /  0 /  0
met5             24184           552            2.28%             0 /  0 /  0
---------------------------------------------------------------------------------------
Total           709294        204431           28.82%             0 /  0 /  0

[INFO GRT-0018] Total wirelength: 2263658 um
[INFO GRT-0014] Routed nets: 63263
[INFO GRT-0006] Repairing antennas, iteration 1.
[INFO GRT-0043] No OR_DEFAULT vias defined.
[INFO GRT-0012] Found 47 antenna violations.
[INFO GRT-0015] Inserted 60 diodes.
[INFO GRT-0009] rerouting 245 nets.
[INFO GRT-0001] Minimum degree: 2
[INFO GRT-0002] Maximum degree: 113
[INFO GRT-0006] Repairing antennas, iteration 2.
[INFO GRT-0043] No OR_DEFAULT vias defined.
[INFO GRT-0012] Found 2 antenna violations.
[INFO GRT-0015] Inserted 5 diodes.
[INFO GRT-0009] rerouting 7 nets.
[INFO GRT-0001] Minimum degree: 5
[INFO GRT-0002] Maximum degree: 17
[INFO GRT-0006] Repairing antennas, iteration 3.
[INFO GRT-0043] No OR_DEFAULT vias defined.
[INFO GRT-0012] Found 1 antenna violations.
[INFO GRT-0015] Inserted 1 diodes.
[INFO GRT-0009] rerouting 1 nets.
[INFO GRT-0001] Minimum degree: 18
[INFO GRT-0002] Maximum degree: 18
[INFO GRT-0006] Repairing antennas, iteration 4.
[INFO GRT-0043] No OR_DEFAULT vias defined.
[INFO GRT-0012] Found 0 antenna violations.

==========================================================================
global route check_setup
--------------------------------------------------------------------------
Warning: There is 1 unconstrained endpoint.

==========================================================================
global route report_tns
--------------------------------------------------------------------------
tns -0.03

==========================================================================
global route report_wns
--------------------------------------------------------------------------
wns -0.03

==========================================================================
global route report_worst_slack
--------------------------------------------------------------------------
worst slack -0.03

==========================================================================
global route report_clock_skew
--------------------------------------------------------------------------
Clock clk
Latency      CRPR       Skew
_111302_/CLK ^
   1.65
_111308_/CLK ^
   1.23      0.00       0.42


==========================================================================
global route report_checks -path_delay min
--------------------------------------------------------------------------
Startpoint: rst (input port clocked by clk)
Endpoint: _108402_ (removal check against rising-edge clock clk)
Path Group: asynchronous
Path Type: min

Fanout     Cap    Slew   Delay    Time   Description
-----------------------------------------------------------------------------
                          0.00    0.00   clock clk (rise edge)
                          0.00    0.00   clock network delay (propagated)
                          1.20    1.20 ^ input external delay
     1    0.00    0.00    0.00    1.20 ^ rst (in)
                                         rst (net)
                  0.00    0.00    1.20 ^ hold1/A (sky130_fd_sc_hs__dlygate4sd3_1)
     1    0.02    0.13    0.34    1.54 ^ hold1/X (sky130_fd_sc_hs__dlygate4sd3_1)
                                         net310 (net)
                  0.13    0.00    1.54 ^ input19/A (sky130_fd_sc_hs__buf_16)
    65    0.67    0.35    0.25    1.79 ^ input19/X (sky130_fd_sc_hs__buf_16)
                                         net19 (net)
                  0.37    0.07    1.86 ^ _108402_/SET_B (sky130_fd_sc_hs__dfstp_1)
                                  1.86   data arrival time

                          0.00    0.00   clock clk (rise edge)
                          0.00    0.00   clock source latency
     1    0.19    0.00    0.00    0.00 ^ clk (in)
                                         clk (net)
                  0.09    0.05    0.05 ^ clkbuf_0_clk/A (sky130_fd_sc_hs__clkbuf_4)
     5    0.26    0.52    0.44    0.49 ^ clkbuf_0_clk/X (sky130_fd_sc_hs__clkbuf_4)
                                         clknet_0_clk (net)
                  0.52    0.03    0.52 ^ clkbuf_2_3_0_clk/A (sky130_fd_sc_hs__clkbuf_4)
     8    0.19    0.37    0.43    0.96 ^ clkbuf_2_3_0_clk/X (sky130_fd_sc_hs__clkbuf_4)
                                         clknet_2_3_0_clk (net)
                  0.38    0.02    0.97 ^ clkbuf_5_26__f_clk/A (sky130_fd_sc_hs__clkbuf_4)
    13    0.16    0.33    0.39    1.36 ^ clkbuf_5_26__f_clk/X (sky130_fd_sc_hs__clkbuf_4)
                                         clknet_5_26__leaf_clk (net)
                  0.33    0.01    1.36 ^ clkbuf_leaf_175_clk/A (sky130_fd_sc_hs__clkbuf_4)
    28    0.15    0.30    0.36    1.73 ^ clkbuf_leaf_175_clk/X (sky130_fd_sc_hs__clkbuf_4)
                                         clknet_leaf_175_clk (net)
                  0.30    0.00    1.73 ^ _108402_/CLK (sky130_fd_sc_hs__dfstp_1)
                          0.00    1.73   clock reconvergence pessimism
                          0.19    1.92   library removal time
                                  1.92   data required time
-----------------------------------------------------------------------------
                                  1.92   data required time
                                 -1.86   data arrival time
-----------------------------------------------------------------------------
                                 -0.06   slack (VIOLATED)


Startpoint: din[6] (input port clocked by clk)
Endpoint: _108409_ (rising edge-triggered flip-flop clocked by clk)
Path Group: clk
Path Type: min

Fanout     Cap    Slew   Delay    Time   Description
-----------------------------------------------------------------------------
                          0.00    0.00   clock clk (rise edge)
                          0.00    0.00   clock network delay (propagated)
                          1.20    1.20 ^ input external delay
     1    0.00    0.00    0.00    1.20 ^ din[6] (in)
                                         din[6] (net)
                  0.00    0.00    1.20 ^ input7/A (sky130_fd_sc_hs__clkbuf_1)
     1    0.01    0.05    0.07    1.27 ^ input7/X (sky130_fd_sc_hs__clkbuf_1)
                                         net7 (net)
                  0.05    0.00    1.27 ^ _080624_/A (sky130_fd_sc_hs__nor2_1)
     1    0.01    0.04    0.05    1.32 v _080624_/Y (sky130_fd_sc_hs__nor2_1)
                                         _010873_ (net)
                  0.04    0.00    1.32 v _080625_/B1 (sky130_fd_sc_hs__a21oi_1)
     1    0.01    0.09    0.08    1.40 ^ _080625_/Y (sky130_fd_sc_hs__a21oi_1)
                                         _000859_ (net)
                  0.09    0.00    1.40 ^ _108409_/D (sky130_fd_sc_hs__dfrtp_4)
                                  1.40   data arrival time

                          0.00    0.00   clock clk (rise edge)
                          0.00    0.00   clock source latency
     1    0.19    0.00    0.00    0.00 ^ clk (in)
                                         clk (net)
                  0.09    0.05    0.05 ^ clkbuf_0_clk/A (sky130_fd_sc_hs__clkbuf_4)
     5    0.26    0.52    0.44    0.49 ^ clkbuf_0_clk/X (sky130_fd_sc_hs__clkbuf_4)
                                         clknet_0_clk (net)
                  0.52    0.03    0.52 ^ clkbuf_2_3_0_clk/A (sky130_fd_sc_hs__clkbuf_4)
     8    0.19    0.37    0.43    0.96 ^ clkbuf_2_3_0_clk/X (sky130_fd_sc_hs__clkbuf_4)
                                         clknet_2_3_0_clk (net)
                  0.37    0.02    0.97 ^ clkbuf_5_27__f_clk/A (sky130_fd_sc_hs__clkbuf_4)
    11    0.13    0.27    0.35    1.32 ^ clkbuf_5_27__f_clk/X (sky130_fd_sc_hs__clkbuf_4)
                                         clknet_5_27__leaf_clk (net)
                  0.27    0.00    1.32 ^ clkbuf_leaf_173_clk/A (sky130_fd_sc_hs__clkbuf_4)
     6    0.04    0.09    0.21    1.54 ^ clkbuf_leaf_173_clk/X (sky130_fd_sc_hs__clkbuf_4)
                                         clknet_leaf_173_clk (net)
                  0.09    0.00    1.54 ^ _108409_/CLK (sky130_fd_sc_hs__dfrtp_4)
                          0.00    1.54   clock reconvergence pessimism
                         -0.05    1.49   library hold time
                                  1.49   data required time
-----------------------------------------------------------------------------
                                  1.49   data required time
                                 -1.40   data arrival time
-----------------------------------------------------------------------------
                                 -0.09   slack (VIOLATED)



==========================================================================
global route report_checks -path_delay max
--------------------------------------------------------------------------
Startpoint: rst (input port clocked by clk)
Endpoint: _108409_ (recovery check against rising-edge clock clk)
Path Group: asynchronous
Path Type: max

Fanout     Cap    Slew   Delay    Time   Description
-----------------------------------------------------------------------------
                          0.00    0.00   clock clk (rise edge)
                          0.00    0.00   clock network delay (propagated)
                          1.20    1.20 ^ input external delay
     1    0.00    0.00    0.00    1.20 ^ rst (in)
                                         rst (net)
                  0.00    0.00    1.20 ^ hold1/A (sky130_fd_sc_hs__dlygate4sd3_1)
     1    0.02    0.13    0.34    1.54 ^ hold1/X (sky130_fd_sc_hs__dlygate4sd3_1)
                                         net310 (net)
                  0.13    0.00    1.54 ^ input19/A (sky130_fd_sc_hs__buf_16)
    65    0.67    0.35    0.25    1.79 ^ input19/X (sky130_fd_sc_hs__buf_16)
                                         net19 (net)
                  0.41    0.11    1.90 ^ _108409_/RESET_B (sky130_fd_sc_hs__dfrtp_4)
                                  1.90   data arrival time

                          6.00    6.00   clock clk (rise edge)
                          0.00    6.00   clock source latency
     1    0.19    0.00    0.00    6.00 ^ clk (in)
                                         clk (net)
                  0.09    0.05    6.05 ^ clkbuf_0_clk/A (sky130_fd_sc_hs__clkbuf_4)
     5    0.26    0.52    0.44    6.49 ^ clkbuf_0_clk/X (sky130_fd_sc_hs__clkbuf_4)
                                         clknet_0_clk (net)
                  0.52    0.03    6.52 ^ clkbuf_2_3_0_clk/A (sky130_fd_sc_hs__clkbuf_4)
     8    0.19    0.37    0.43    6.96 ^ clkbuf_2_3_0_clk/X (sky130_fd_sc_hs__clkbuf_4)
                                         clknet_2_3_0_clk (net)
                  0.37    0.02    6.97 ^ clkbuf_5_27__f_clk/A (sky130_fd_sc_hs__clkbuf_4)
    11    0.13    0.27    0.35    7.32 ^ clkbuf_5_27__f_clk/X (sky130_fd_sc_hs__clkbuf_4)
                                         clknet_5_27__leaf_clk (net)
                  0.27    0.00    7.32 ^ clkbuf_leaf_173_clk/A (sky130_fd_sc_hs__clkbuf_4)
     6    0.04    0.09    0.21    7.54 ^ clkbuf_leaf_173_clk/X (sky130_fd_sc_hs__clkbuf_4)
                                         clknet_leaf_173_clk (net)
                  0.09    0.00    7.54 ^ _108409_/CLK (sky130_fd_sc_hs__dfrtp_4)
                          0.00    7.54   clock reconvergence pessimism
                         -0.20    7.34   library recovery time
                                  7.34   data required time
-----------------------------------------------------------------------------
                                  7.34   data required time
                                 -1.90   data arrival time
-----------------------------------------------------------------------------
                                  5.44   slack (MET)


Startpoint: _108410_ (rising edge-triggered flip-flop clocked by clk)
Endpoint: _111204_ (rising edge-triggered flip-flop clocked by clk)
Path Group: clk
Path Type: max

Fanout     Cap    Slew   Delay    Time   Description
-----------------------------------------------------------------------------
                          0.00    0.00   clock clk (rise edge)
                          0.00    0.00   clock source latency
     1    0.19    0.00    0.00    0.00 ^ clk (in)
                                         clk (net)
                  0.09    0.05    0.05 ^ clkbuf_0_clk/A (sky130_fd_sc_hs__clkbuf_4)
     5    0.26    0.52    0.44    0.49 ^ clkbuf_0_clk/X (sky130_fd_sc_hs__clkbuf_4)
                                         clknet_0_clk (net)
                  0.52    0.03    0.52 ^ clkbuf_2_3_0_clk/A (sky130_fd_sc_hs__clkbuf_4)
     8    0.19    0.37    0.43    0.96 ^ clkbuf_2_3_0_clk/X (sky130_fd_sc_hs__clkbuf_4)
                                         clknet_2_3_0_clk (net)
                  0.38    0.02    0.97 ^ clkbuf_5_30__f_clk/A (sky130_fd_sc_hs__clkbuf_4)
    14    0.15    0.30    0.37    1.35 ^ clkbuf_5_30__f_clk/X (sky130_fd_sc_hs__clkbuf_4)
                                         clknet_5_30__leaf_clk (net)
                  0.30    0.01    1.35 ^ clkbuf_leaf_161_clk/A (sky130_fd_sc_hs__clkbuf_4)
    30    0.14    0.29    0.35    1.71 ^ clkbuf_leaf_161_clk/X (sky130_fd_sc_hs__clkbuf_4)
                                         clknet_leaf_161_clk (net)
                  0.29    0.00    1.71 ^ _108410_/CLK (sky130_fd_sc_hs__dfrtp_2)
     2    0.04    0.13    0.31    2.02 ^ _108410_/Q (sky130_fd_sc_hs__dfrtp_2)
                                         fdct_zigzag.dct_mod.dct_block_0.dct_unit_0.ddin[8] (net)
                  0.13    0.00    2.02 ^ wire157/A (sky130_fd_sc_hs__buf_16)
    15    0.29    0.15    0.14    2.16 ^ wire157/X (sky130_fd_sc_hs__buf_16)
                                         net157 (net)
                  0.25    0.10    2.26 ^ load_slew156/A (sky130_fd_sc_hs__buf_16)
    15    0.31    0.17    0.19    2.45 ^ load_slew156/X (sky130_fd_sc_hs__buf_16)
                                         net156 (net)
                  0.18    0.02    2.47 ^ _060108_/A (sky130_fd_sc_hs__inv_16)
    15    0.27    0.09    0.09    2.56 v _060108_/Y (sky130_fd_sc_hs__inv_16)
                                         _004504_ (net)
                  0.09    0.00    2.56 v load_slew99/A (sky130_fd_sc_hs__buf_16)
    18    0.45    0.05    0.13    2.69 v load_slew99/X (sky130_fd_sc_hs__buf_16)
                                         net99 (net)
                  0.31    0.15    2.84 v load_slew97/A (sky130_fd_sc_hs__buf_16)
    41    0.60    0.08    0.22    3.06 v load_slew97/X (sky130_fd_sc_hs__buf_16)
                                         net97 (net)
                  0.29    0.13    3.19 v load_slew96/A (sky130_fd_sc_hs__buf_16)
    31    0.53    0.10    0.22    3.41 v load_slew96/X (sky130_fd_sc_hs__buf_16)
                                         net96 (net)
                  0.27    0.12    3.53 v _062457_/A (sky130_fd_sc_hs__nor2_8)
    15    0.19    0.48    0.43    3.96 ^ _062457_/Y (sky130_fd_sc_hs__nor2_8)
                                         _038708_ (net)
                  0.48    0.01    3.97 ^ _062464_/A (sky130_fd_sc_hs__inv_2)
     2    0.04    0.14    0.14    4.12 v _062464_/Y (sky130_fd_sc_hs__inv_2)
                                         _038676_ (net)
                  0.14    0.00    4.12 v _100988_/A (sky130_fd_sc_hs__fa_2)
     1    0.00    0.04    0.38    4.50 ^ _100988_/SUM (sky130_fd_sc_hs__fa_2)
                                         _043374_ (net)
                  0.04    0.00    4.50 ^ _072674_/A (sky130_fd_sc_hs__inv_1)
     2    0.02    0.08    0.08    4.58 v _072674_/Y (sky130_fd_sc_hs__inv_1)
                                         _043495_ (net)
                  0.08    0.00    4.58 v _101021_/A (sky130_fd_sc_hs__fa_1)
     1    0.01    0.06    0.30    4.88 ^ _101021_/SUM (sky130_fd_sc_hs__fa_1)
                                         _043497_ (net)
                  0.06    0.00    4.88 ^ _068267_/A (sky130_fd_sc_hs__inv_1)
     1    0.01    0.06    0.06    4.95 v _068267_/Y (sky130_fd_sc_hs__inv_1)
                                         _043507_ (net)
                  0.06    0.00    4.95 v _101024_/A (sky130_fd_sc_hs__fa_1)
     1    0.01    0.09    0.33    5.27 ^ _101024_/SUM (sky130_fd_sc_hs__fa_1)
                                         _043510_ (net)
                  0.09    0.00    5.28 ^ _101027_/A (sky130_fd_sc_hs__fa_1)
     1    0.01    0.08    0.26    5.54 v _101027_/SUM (sky130_fd_sc_hs__fa_1)
                                         _043519_ (net)
                  0.08    0.00    5.54 v _101028_/A (sky130_fd_sc_hs__fa_1)
     1    0.00    0.05    0.30    5.84 ^ _101028_/SUM (sky130_fd_sc_hs__fa_1)
                                         _043522_ (net)
                  0.05    0.00    5.84 ^ _075846_/A (sky130_fd_sc_hs__inv_1)
     1    0.01    0.04    0.05    5.89 v _075846_/Y (sky130_fd_sc_hs__inv_1)
                                         _043525_ (net)
                  0.04    0.00    5.89 v _101029_/CIN (sky130_fd_sc_hs__fa_2)
     1    0.01    0.06    0.27    6.16 v _101029_/SUM (sky130_fd_sc_hs__fa_2)
                                         _043527_ (net)
                  0.06    0.00    6.16 v _106612_/A (sky130_fd_sc_hs__ha_1)
     3    0.02    0.14    0.25    6.40 ^ _106612_/SUM (sky130_fd_sc_hs__ha_1)
                                         _057797_ (net)
                  0.14    0.00    6.40 ^ _075848_/B (sky130_fd_sc_hs__nand2_1)
     2    0.01    0.07    0.09    6.49 v _075848_/Y (sky130_fd_sc_hs__nand2_1)
                                         _008302_ (net)
                  0.07    0.00    6.49 v _075849_/C (sky130_fd_sc_hs__nor3_1)
     2    0.01    0.22    0.18    6.67 ^ _075849_/Y (sky130_fd_sc_hs__nor3_1)
                                         _008303_ (net)
                  0.22    0.00    6.67 ^ _075853_/B (sky130_fd_sc_hs__nand3_1)
     1    0.01    0.12    0.14    6.81 v _075853_/Y (sky130_fd_sc_hs__nand3_1)
                                         _008307_ (net)
                  0.12    0.00    6.81 v _075854_/C (sky130_fd_sc_hs__nand3_4)
     2    0.02    0.14    0.16    6.97 ^ _075854_/Y (sky130_fd_sc_hs__nand3_4)
                                         _043563_ (net)
                  0.14    0.00    6.97 ^ _101040_/CIN (sky130_fd_sc_hs__fa_1)
     1    0.00    0.05    0.25    7.22 v _101040_/SUM (sky130_fd_sc_hs__fa_1)
                                         _043565_ (net)
                  0.05    0.00    7.22 v _092872_/A2 (sky130_fd_sc_hs__a21oi_1)
     1    0.01    0.13    0.13    7.35 ^ _092872_/Y (sky130_fd_sc_hs__a21oi_1)
                                         _003654_ (net)
                  0.13    0.00    7.35 ^ _111204_/D (sky130_fd_sc_hs__dfxtp_4)
                                  7.35   data arrival time

                          6.00    6.00   clock clk (rise edge)
                          0.00    6.00   clock source latency
     1    0.19    0.00    0.00    6.00 ^ clk (in)
                                         clk (net)
                  0.09    0.05    6.05 ^ clkbuf_0_clk/A (sky130_fd_sc_hs__clkbuf_4)
     5    0.26    0.52    0.44    6.49 ^ clkbuf_0_clk/X (sky130_fd_sc_hs__clkbuf_4)
                                         clknet_0_clk (net)
                  0.52    0.01    6.50 ^ clkbuf_2_1_0_clk/A (sky130_fd_sc_hs__clkbuf_4)
     9    0.20    0.39    0.45    6.95 ^ clkbuf_2_1_0_clk/X (sky130_fd_sc_hs__clkbuf_4)
                                         clknet_2_1_0_clk (net)
                  0.39    0.01    6.96 ^ clkbuf_5_10__f_clk/A (sky130_fd_sc_hs__clkbuf_4)
     6    0.07    0.15    0.27    7.23 ^ clkbuf_5_10__f_clk/X (sky130_fd_sc_hs__clkbuf_4)
                                         clknet_5_10__leaf_clk (net)
                  0.15    0.00    7.23 ^ clkbuf_leaf_231_clk/A (sky130_fd_sc_hs__clkbuf_4)
     7    0.03    0.08    0.17    7.41 ^ clkbuf_leaf_231_clk/X (sky130_fd_sc_hs__clkbuf_4)
                                         clknet_leaf_231_clk (net)
                  0.08    0.00    7.41 ^ _111204_/CLK (sky130_fd_sc_hs__dfxtp_4)
                          0.00    7.41   clock reconvergence pessimism
                         -0.08    7.33   library setup time
                                  7.33   data required time
-----------------------------------------------------------------------------
                                  7.33   data required time
                                 -7.35   data arrival time
-----------------------------------------------------------------------------
                                 -0.03   slack (VIOLATED)



==========================================================================
global route report_checks -unconstrained
--------------------------------------------------------------------------
Startpoint: rst (input port clocked by clk)
Endpoint: _108409_ (recovery check against rising-edge clock clk)
Path Group: asynchronous
Path Type: max

Fanout     Cap    Slew   Delay    Time   Description
-----------------------------------------------------------------------------
                          0.00    0.00   clock clk (rise edge)
                          0.00    0.00   clock network delay (propagated)
                          1.20    1.20 ^ input external delay
     1    0.00    0.00    0.00    1.20 ^ rst (in)
                                         rst (net)
                  0.00    0.00    1.20 ^ hold1/A (sky130_fd_sc_hs__dlygate4sd3_1)
     1    0.02    0.13    0.34    1.54 ^ hold1/X (sky130_fd_sc_hs__dlygate4sd3_1)
                                         net310 (net)
                  0.13    0.00    1.54 ^ input19/A (sky130_fd_sc_hs__buf_16)
    65    0.67    0.35    0.25    1.79 ^ input19/X (sky130_fd_sc_hs__buf_16)
                                         net19 (net)
                  0.41    0.11    1.90 ^ _108409_/RESET_B (sky130_fd_sc_hs__dfrtp_4)
                                  1.90   data arrival time

                          6.00    6.00   clock clk (rise edge)
                          0.00    6.00   clock source latency
     1    0.19    0.00    0.00    6.00 ^ clk (in)
                                         clk (net)
                  0.09    0.05    6.05 ^ clkbuf_0_clk/A (sky130_fd_sc_hs__clkbuf_4)
     5    0.26    0.52    0.44    6.49 ^ clkbuf_0_clk/X (sky130_fd_sc_hs__clkbuf_4)
                                         clknet_0_clk (net)
                  0.52    0.03    6.52 ^ clkbuf_2_3_0_clk/A (sky130_fd_sc_hs__clkbuf_4)
     8    0.19    0.37    0.43    6.96 ^ clkbuf_2_3_0_clk/X (sky130_fd_sc_hs__clkbuf_4)
                                         clknet_2_3_0_clk (net)
                  0.37    0.02    6.97 ^ clkbuf_5_27__f_clk/A (sky130_fd_sc_hs__clkbuf_4)
    11    0.13    0.27    0.35    7.32 ^ clkbuf_5_27__f_clk/X (sky130_fd_sc_hs__clkbuf_4)
                                         clknet_5_27__leaf_clk (net)
                  0.27    0.00    7.32 ^ clkbuf_leaf_173_clk/A (sky130_fd_sc_hs__clkbuf_4)
     6    0.04    0.09    0.21    7.54 ^ clkbuf_leaf_173_clk/X (sky130_fd_sc_hs__clkbuf_4)
                                         clknet_leaf_173_clk (net)
                  0.09    0.00    7.54 ^ _108409_/CLK (sky130_fd_sc_hs__dfrtp_4)
                          0.00    7.54   clock reconvergence pessimism
                         -0.20    7.34   library recovery time
                                  7.34   data required time
-----------------------------------------------------------------------------
                                  7.34   data required time
                                 -1.90   data arrival time
-----------------------------------------------------------------------------
                                  5.44   slack (MET)


Startpoint: _108410_ (rising edge-triggered flip-flop clocked by clk)
Endpoint: _111204_ (rising edge-triggered flip-flop clocked by clk)
Path Group: clk
Path Type: max

Fanout     Cap    Slew   Delay    Time   Description
-----------------------------------------------------------------------------
                          0.00    0.00   clock clk (rise edge)
                          0.00    0.00   clock source latency
     1    0.19    0.00    0.00    0.00 ^ clk (in)
                                         clk (net)
                  0.09    0.05    0.05 ^ clkbuf_0_clk/A (sky130_fd_sc_hs__clkbuf_4)
     5    0.26    0.52    0.44    0.49 ^ clkbuf_0_clk/X (sky130_fd_sc_hs__clkbuf_4)
                                         clknet_0_clk (net)
                  0.52    0.03    0.52 ^ clkbuf_2_3_0_clk/A (sky130_fd_sc_hs__clkbuf_4)
     8    0.19    0.37    0.43    0.96 ^ clkbuf_2_3_0_clk/X (sky130_fd_sc_hs__clkbuf_4)
                                         clknet_2_3_0_clk (net)
                  0.38    0.02    0.97 ^ clkbuf_5_30__f_clk/A (sky130_fd_sc_hs__clkbuf_4)
    14    0.15    0.30    0.37    1.35 ^ clkbuf_5_30__f_clk/X (sky130_fd_sc_hs__clkbuf_4)
                                         clknet_5_30__leaf_clk (net)
                  0.30    0.01    1.35 ^ clkbuf_leaf_161_clk/A (sky130_fd_sc_hs__clkbuf_4)
    30    0.14    0.29    0.35    1.71 ^ clkbuf_leaf_161_clk/X (sky130_fd_sc_hs__clkbuf_4)
                                         clknet_leaf_161_clk (net)
                  0.29    0.00    1.71 ^ _108410_/CLK (sky130_fd_sc_hs__dfrtp_2)
     2    0.04    0.13    0.31    2.02 ^ _108410_/Q (sky130_fd_sc_hs__dfrtp_2)
                                         fdct_zigzag.dct_mod.dct_block_0.dct_unit_0.ddin[8] (net)
                  0.13    0.00    2.02 ^ wire157/A (sky130_fd_sc_hs__buf_16)
    15    0.29    0.15    0.14    2.16 ^ wire157/X (sky130_fd_sc_hs__buf_16)
                                         net157 (net)
                  0.25    0.10    2.26 ^ load_slew156/A (sky130_fd_sc_hs__buf_16)
    15    0.31    0.17    0.19    2.45 ^ load_slew156/X (sky130_fd_sc_hs__buf_16)
                                         net156 (net)
                  0.18    0.02    2.47 ^ _060108_/A (sky130_fd_sc_hs__inv_16)
    15    0.27    0.09    0.09    2.56 v _060108_/Y (sky130_fd_sc_hs__inv_16)
                                         _004504_ (net)
                  0.09    0.00    2.56 v load_slew99/A (sky130_fd_sc_hs__buf_16)
    18    0.45    0.05    0.13    2.69 v load_slew99/X (sky130_fd_sc_hs__buf_16)
                                         net99 (net)
                  0.31    0.15    2.84 v load_slew97/A (sky130_fd_sc_hs__buf_16)
    41    0.60    0.08    0.22    3.06 v load_slew97/X (sky130_fd_sc_hs__buf_16)
                                         net97 (net)
                  0.29    0.13    3.19 v load_slew96/A (sky130_fd_sc_hs__buf_16)
    31    0.53    0.10    0.22    3.41 v load_slew96/X (sky130_fd_sc_hs__buf_16)
                                         net96 (net)
                  0.27    0.12    3.53 v _062457_/A (sky130_fd_sc_hs__nor2_8)
    15    0.19    0.48    0.43    3.96 ^ _062457_/Y (sky130_fd_sc_hs__nor2_8)
                                         _038708_ (net)
                  0.48    0.01    3.97 ^ _062464_/A (sky130_fd_sc_hs__inv_2)
     2    0.04    0.14    0.14    4.12 v _062464_/Y (sky130_fd_sc_hs__inv_2)
                                         _038676_ (net)
                  0.14    0.00    4.12 v _100988_/A (sky130_fd_sc_hs__fa_2)
     1    0.00    0.04    0.38    4.50 ^ _100988_/SUM (sky130_fd_sc_hs__fa_2)
                                         _043374_ (net)
                  0.04    0.00    4.50 ^ _072674_/A (sky130_fd_sc_hs__inv_1)
     2    0.02    0.08    0.08    4.58 v _072674_/Y (sky130_fd_sc_hs__inv_1)
                                         _043495_ (net)
                  0.08    0.00    4.58 v _101021_/A (sky130_fd_sc_hs__fa_1)
     1    0.01    0.06    0.30    4.88 ^ _101021_/SUM (sky130_fd_sc_hs__fa_1)
                                         _043497_ (net)
                  0.06    0.00    4.88 ^ _068267_/A (sky130_fd_sc_hs__inv_1)
     1    0.01    0.06    0.06    4.95 v _068267_/Y (sky130_fd_sc_hs__inv_1)
                                         _043507_ (net)
                  0.06    0.00    4.95 v _101024_/A (sky130_fd_sc_hs__fa_1)
     1    0.01    0.09    0.33    5.27 ^ _101024_/SUM (sky130_fd_sc_hs__fa_1)
                                         _043510_ (net)
                  0.09    0.00    5.28 ^ _101027_/A (sky130_fd_sc_hs__fa_1)
     1    0.01    0.08    0.26    5.54 v _101027_/SUM (sky130_fd_sc_hs__fa_1)
                                         _043519_ (net)
                  0.08    0.00    5.54 v _101028_/A (sky130_fd_sc_hs__fa_1)
     1    0.00    0.05    0.30    5.84 ^ _101028_/SUM (sky130_fd_sc_hs__fa_1)
                                         _043522_ (net)
                  0.05    0.00    5.84 ^ _075846_/A (sky130_fd_sc_hs__inv_1)
     1    0.01    0.04    0.05    5.89 v _075846_/Y (sky130_fd_sc_hs__inv_1)
                                         _043525_ (net)
                  0.04    0.00    5.89 v _101029_/CIN (sky130_fd_sc_hs__fa_2)
     1    0.01    0.06    0.27    6.16 v _101029_/SUM (sky130_fd_sc_hs__fa_2)
                                         _043527_ (net)
                  0.06    0.00    6.16 v _106612_/A (sky130_fd_sc_hs__ha_1)
     3    0.02    0.14    0.25    6.40 ^ _106612_/SUM (sky130_fd_sc_hs__ha_1)
                                         _057797_ (net)
                  0.14    0.00    6.40 ^ _075848_/B (sky130_fd_sc_hs__nand2_1)
     2    0.01    0.07    0.09    6.49 v _075848_/Y (sky130_fd_sc_hs__nand2_1)
                                         _008302_ (net)
                  0.07    0.00    6.49 v _075849_/C (sky130_fd_sc_hs__nor3_1)
     2    0.01    0.22    0.18    6.67 ^ _075849_/Y (sky130_fd_sc_hs__nor3_1)
                                         _008303_ (net)
                  0.22    0.00    6.67 ^ _075853_/B (sky130_fd_sc_hs__nand3_1)
     1    0.01    0.12    0.14    6.81 v _075853_/Y (sky130_fd_sc_hs__nand3_1)
                                         _008307_ (net)
                  0.12    0.00    6.81 v _075854_/C (sky130_fd_sc_hs__nand3_4)
     2    0.02    0.14    0.16    6.97 ^ _075854_/Y (sky130_fd_sc_hs__nand3_4)
                                         _043563_ (net)
                  0.14    0.00    6.97 ^ _101040_/CIN (sky130_fd_sc_hs__fa_1)
     1    0.00    0.05    0.25    7.22 v _101040_/SUM (sky130_fd_sc_hs__fa_1)
                                         _043565_ (net)
                  0.05    0.00    7.22 v _092872_/A2 (sky130_fd_sc_hs__a21oi_1)
     1    0.01    0.13    0.13    7.35 ^ _092872_/Y (sky130_fd_sc_hs__a21oi_1)
                                         _003654_ (net)
                  0.13    0.00    7.35 ^ _111204_/D (sky130_fd_sc_hs__dfxtp_4)
                                  7.35   data arrival time

                          6.00    6.00   clock clk (rise edge)
                          0.00    6.00   clock source latency
     1    0.19    0.00    0.00    6.00 ^ clk (in)
                                         clk (net)
                  0.09    0.05    6.05 ^ clkbuf_0_clk/A (sky130_fd_sc_hs__clkbuf_4)
     5    0.26    0.52    0.44    6.49 ^ clkbuf_0_clk/X (sky130_fd_sc_hs__clkbuf_4)
                                         clknet_0_clk (net)
                  0.52    0.01    6.50 ^ clkbuf_2_1_0_clk/A (sky130_fd_sc_hs__clkbuf_4)
     9    0.20    0.39    0.45    6.95 ^ clkbuf_2_1_0_clk/X (sky130_fd_sc_hs__clkbuf_4)
                                         clknet_2_1_0_clk (net)
                  0.39    0.01    6.96 ^ clkbuf_5_10__f_clk/A (sky130_fd_sc_hs__clkbuf_4)
     6    0.07    0.15    0.27    7.23 ^ clkbuf_5_10__f_clk/X (sky130_fd_sc_hs__clkbuf_4)
                                         clknet_5_10__leaf_clk (net)
                  0.15    0.00    7.23 ^ clkbuf_leaf_231_clk/A (sky130_fd_sc_hs__clkbuf_4)
     7    0.03    0.08    0.17    7.41 ^ clkbuf_leaf_231_clk/X (sky130_fd_sc_hs__clkbuf_4)
                                         clknet_leaf_231_clk (net)
                  0.08    0.00    7.41 ^ _111204_/CLK (sky130_fd_sc_hs__dfxtp_4)
                          0.00    7.41   clock reconvergence pessimism
                         -0.08    7.33   library setup time
                                  7.33   data required time
-----------------------------------------------------------------------------
                                  7.33   data required time
                                 -7.35   data arrival time
-----------------------------------------------------------------------------
                                 -0.03   slack (VIOLATED)



==========================================================================
global route report_check_types -max_slew -max_cap -max_fanout -violators
--------------------------------------------------------------------------
max slew

Pin                                    Limit    Slew   Slack
------------------------------------------------------------
_095471_/CIN                            1.00    1.26   -0.26 (VIOLATED)
_070462_/A                              1.00    1.26   -0.26 (VIOLATED)
_073244_/A                              1.00    1.26   -0.26 (VIOLATED)
_070460_/Y                              1.00    1.26   -0.26 (VIOLATED)
_089359_/B                              1.00    1.13   -0.13 (VIOLATED)
_089363_/A                              1.00    1.13   -0.13 (VIOLATED)
_089358_/Y                              1.00    1.13   -0.13 (VIOLATED)
_088524_/B                              1.00    1.09   -0.09 (VIOLATED)
_088630_/B                              1.00    1.09   -0.09 (VIOLATED)
_088543_/A                              1.00    1.09   -0.09 (VIOLATED)
_081373_/B                              1.00    1.09   -0.09 (VIOLATED)
_081365_/Y                              1.00    1.09   -0.09 (VIOLATED)
_089359_/A                              1.00    1.08   -0.08 (VIOLATED)
_089367_/A2                             1.00    1.08   -0.08 (VIOLATED)
_089356_/Y                              1.00    1.08   -0.08 (VIOLATED)
_088338_/B1                             1.00    1.07   -0.07 (VIOLATED)
_089246_/B1                             1.00    1.07   -0.07 (VIOLATED)
_089131_/B1                             1.00    1.07   -0.07 (VIOLATED)
_089248_/A                              1.00    1.07   -0.07 (VIOLATED)
_089122_/B1                             1.00    1.07   -0.07 (VIOLATED)
_089136_/B1                             1.00    1.07   -0.07 (VIOLATED)
_088793_/B1                             1.00    1.07   -0.07 (VIOLATED)
_089074_/B1                             1.00    1.07   -0.07 (VIOLATED)
_088876_/A                              1.00    1.07   -0.07 (VIOLATED)
_087966_/B1                             1.00    1.07   -0.07 (VIOLATED)
_087962_/B1                             1.00    1.07   -0.07 (VIOLATED)
_088315_/B1                             1.00    1.07   -0.07 (VIOLATED)
_087934_/B1                             1.00    1.07   -0.07 (VIOLATED)
_089285_/A                              1.00    1.07   -0.07 (VIOLATED)
_089293_/B1                             1.00    1.07   -0.07 (VIOLATED)
_088317_/B1                             1.00    1.07   -0.07 (VIOLATED)
_088873_/B1                             1.00    1.07   -0.07 (VIOLATED)
_088886_/B1                             1.00    1.07   -0.07 (VIOLATED)
_088350_/B1                             1.00    1.07   -0.07 (VIOLATED)
_089070_/B1                             1.00    1.07   -0.07 (VIOLATED)
_088323_/B1                             1.00    1.07   -0.07 (VIOLATED)
_088326_/B1                             1.00    1.07   -0.07 (VIOLATED)
_089067_/B1                             1.00    1.07   -0.07 (VIOLATED)
_089065_/B1                             1.00    1.07   -0.07 (VIOLATED)
_089062_/B1                             1.00    1.07   -0.07 (VIOLATED)
_088791_/B1                             1.00    1.07   -0.07 (VIOLATED)
_088332_/B1                             1.00    1.07   -0.07 (VIOLATED)
_088784_/B1                             1.00    1.07   -0.07 (VIOLATED)
_087992_/B1                             1.00    1.07   -0.07 (VIOLATED)
_088328_/B1                             1.00    1.07   -0.07 (VIOLATED)
_088772_/B1                             1.00    1.07   -0.07 (VIOLATED)
_089124_/A                              1.00    1.07   -0.07 (VIOLATED)
_087929_/Y                              1.00    1.07   -0.07 (VIOLATED)
_073796_/A                              1.00    1.05   -0.05 (VIOLATED)
_073801_/A                              1.00    1.05   -0.05 (VIOLATED)
_095863_/CIN                            1.00    1.05   -0.05 (VIOLATED)
_070943_/Y                              1.00    1.05   -0.05 (VIOLATED)
_088529_/B                              1.00    1.04   -0.04 (VIOLATED)
_088613_/C                              1.00    1.04   -0.04 (VIOLATED)
_088543_/B                              1.00    1.04   -0.04 (VIOLATED)
_081373_/C                              1.00    1.04   -0.04 (VIOLATED)
_081372_/Y                              1.00    1.04   -0.04 (VIOLATED)

max capacitance

Pin                                    Limit     Cap   Slack
------------------------------------------------------------
_070460_/Y                              0.07    0.10   -0.02 (VIOLATED)
_087929_/Y                              0.23    0.26   -0.02 (VIOLATED)
_089358_/Y                              0.13    0.15   -0.02 (VIOLATED)
_081365_/Y                              0.13    0.14   -0.01 (VIOLATED)
_089356_/Y                              0.13    0.14   -0.01 (VIOLATED)
_081372_/Y                              0.13    0.14   -0.01 (VIOLATED)
_070943_/Y                              0.07    0.08   -0.01 (VIOLATED)


==========================================================================
global route max_slew_check_slack
--------------------------------------------------------------------------
-0.2620381712913513

==========================================================================
global route max_slew_check_limit
--------------------------------------------------------------------------
1.0

==========================================================================
global route max_slew_check_slack_limit
--------------------------------------------------------------------------
-0.2620

==========================================================================
global route max_fanout_check_slack
--------------------------------------------------------------------------
1.0000000150474662e+30

==========================================================================
global route max_fanout_check_limit
--------------------------------------------------------------------------
1.0000000150474662e+30

==========================================================================
global route max_capacitance_check_slack
--------------------------------------------------------------------------
-0.024517592042684555

==========================================================================
global route max_capacitance_check_limit
--------------------------------------------------------------------------
0.07336000353097916

==========================================================================
global route max_capacitance_check_slack_limit
--------------------------------------------------------------------------
-0.3342

==========================================================================
global route max_slew_violation_count
--------------------------------------------------------------------------
max slew violation count 57

==========================================================================
global route max_fanout_violation_count
--------------------------------------------------------------------------
max fanout violation count 0

==========================================================================
global route max_cap_violation_count
--------------------------------------------------------------------------
max cap violation count 7

==========================================================================
global route setup_violation_count
--------------------------------------------------------------------------
setup violation count 1

==========================================================================
global route hold_violation_count
--------------------------------------------------------------------------
hold violation count 46

==========================================================================
global route critical path delay
--------------------------------------------------------------------------
7.3509

==========================================================================
global route critical path slack
--------------------------------------------------------------------------
-0.0256

==========================================================================
global route slack div critical path delay
--------------------------------------------------------------------------
-0.348257

==========================================================================
global route report_power
--------------------------------------------------------------------------
Group                  Internal  Switching    Leakage      Total
                          Power      Power      Power      Power (Watts)
----------------------------------------------------------------
Sequential             7.38e-02   1.89e-02   1.72e-06   9.27e-02  11.2%
Combinational          4.70e-01   2.66e-01   5.86e-06   7.36e-01  88.8%
Macro                  0.00e+00   0.00e+00   0.00e+00   0.00e+00   0.0%
Pad                    0.00e+00   0.00e+00   0.00e+00   0.00e+00   0.0%
----------------------------------------------------------------
Total                  5.44e-01   2.85e-01   7.59e-06   8.29e-01 100.0%
                          65.6%      34.4%       0.0%

==========================================================================
global route report_design_area
--------------------------------------------------------------------------
Design area 703360 u^2 56% utilization.


==========================================================================
check_antennas
--------------------------------------------------------------------------
[WARNING ANT-0011] -report_violating_nets is deprecated.
[INFO GRT-0043] No OR_DEFAULT vias defined.
[INFO ANT-0002] Found 0 net violations.
[INFO ANT-0001] Found 0 pin violations.
[INFO FLW-0007] clock clk period 6.000000
[INFO FLW-0008] Clock clk period 5.724
[INFO FLW-0009] Clock clk slack -0.026
[INFO FLW-0011] Path endpoint count 4628
Elapsed time: 0:27.57[h:]min:sec. CPU time: user 27.07 sys 0.49 (99%). Peak memory: 1569756KB.
