OpenROAD autotuner-v1-2861-g832b18e7 
This program is licensed under the BSD-3 license. See the LICENSE file for details.
Components of this program may be licensed under more restrictive licenses which must be honored.
[INFO GPL-0002] DBU: 1000
[INFO GPL-0003] SiteSize: 460 2720
[INFO GPL-0004] CoreAreaLxLy: 250240 250240
[INFO GPL-0005] CoreAreaUxUy: 4949600 4346560
[INFO GPL-0006] NumInstances: 476447
[INFO GPL-0007] NumPlaceInstances: 280886
[INFO GPL-0008] NumFixedInstances: 168802
[INFO GPL-0009] NumDummyInstances: 26759
[INFO GPL-0010] NumNets: 292773
[INFO GPL-0011] NumPins: 1054160
[INFO GPL-0012] DieAreaLxLy: 0 0
[INFO GPL-0013] DieAreaUxUy: 5200000 4609140
[INFO GPL-0014] CoreAreaLxLy: 250240 250240
[INFO GPL-0015] CoreAreaUxUy: 4949600 4346560
[INFO GPL-0016] CoreArea: 19250082355200
[INFO GPL-0017] NonPlaceInstsArea: 8605545900800
[INFO GPL-0018] PlaceInstsArea: 3499040857600
[INFO GPL-0019] Util(%): 32.87
[INFO GPL-0020] StdInstsArea: 3499040857600
[INFO GPL-0021] MacroInstsArea: 0
[INFO GPL-0031] FillerInit: NumGCells: 517227
[INFO GPL-0032] FillerInit: NumGNets: 292773
[INFO GPL-0033] FillerInit: NumGPins: 1054160
[INFO GPL-0023] TargetDensity: 0.60
[INFO GPL-0024] AveragePlaceInstArea: 12457156
[INFO GPL-0025] IdealBinArea: 20761926
[INFO GPL-0026] IdealBinCnt: 927181
[INFO GPL-0027] TotalBinArea: 19250082355200
[INFO GPL-0028] BinCnt: 512 512
[INFO GPL-0029] BinSize: 9179 8001
[INFO GPL-0030] NumBins: 262144
[NesterovSolve] Iter: 1 overflow: 0.99726 HPWL: 5794902429
[NesterovSolve] Iter: 10 overflow: 0.986578 HPWL: 6122668181
[NesterovSolve] Iter: 20 overflow: 0.979781 HPWL: 5812112530
[NesterovSolve] Iter: 30 overflow: 0.975134 HPWL: 5669566741
[NesterovSolve] Iter: 40 overflow: 0.969528 HPWL: 5945413431
[NesterovSolve] Iter: 50 overflow: 0.963629 HPWL: 6099572289
[NesterovSolve] Iter: 60 overflow: 0.958943 HPWL: 6183852748
[NesterovSolve] Iter: 70 overflow: 0.95624 HPWL: 6284877400
[NesterovSolve] Iter: 80 overflow: 0.954103 HPWL: 6361340415
[NesterovSolve] Iter: 90 overflow: 0.952196 HPWL: 6406405424
[NesterovSolve] Iter: 100 overflow: 0.951099 HPWL: 6432072888
[NesterovSolve] Iter: 110 overflow: 0.950438 HPWL: 6453069519
[NesterovSolve] Iter: 120 overflow: 0.949035 HPWL: 6470917021
[NesterovSolve] Iter: 130 overflow: 0.947775 HPWL: 6495995999
[NesterovSolve] Iter: 140 overflow: 0.945881 HPWL: 6530830893
[NesterovSolve] Iter: 150 overflow: 0.944845 HPWL: 6574892382
[NesterovSolve] Iter: 160 overflow: 0.94307 HPWL: 6621373031
[NesterovSolve] Iter: 170 overflow: 0.941031 HPWL: 6682542493
[NesterovSolve] Iter: 180 overflow: 0.938743 HPWL: 6784014952
[NesterovSolve] Iter: 190 overflow: 0.935017 HPWL: 6961804354
[NesterovSolve] Iter: 200 overflow: 0.92976 HPWL: 7255641424
[NesterovSolve] Iter: 210 overflow: 0.921137 HPWL: 7708094660
[NesterovSolve] Iter: 220 overflow: 0.910471 HPWL: 8346773701
[NesterovSolve] Iter: 230 overflow: 0.896403 HPWL: 9183018417
[NesterovSolve] Iter: 240 overflow: 0.88037 HPWL: 10171682355
[NesterovSolve] Iter: 250 overflow: 0.863197 HPWL: 11239638008
[NesterovSolve] Iter: 260 overflow: 0.846309 HPWL: 12201335879
[NesterovSolve] Iter: 270 overflow: 0.82735 HPWL: 12862166631
[NesterovSolve] Iter: 280 overflow: 0.801193 HPWL: 13423357498
[NesterovSolve] Iter: 290 overflow: 0.772247 HPWL: 14365790989
[NesterovSolve] Iter: 300 overflow: 0.743192 HPWL: 15329414161
[NesterovSolve] Iter: 310 overflow: 0.705856 HPWL: 15724709751
[NesterovSolve] Iter: 320 overflow: 0.658405 HPWL: 15277276085
[NesterovSolve] Iter: 330 overflow: 0.603319 HPWL: 15442962636
[NesterovSolve] Iter: 340 overflow: 0.553012 HPWL: 16704185400
[NesterovSolve] Iter: 350 overflow: 0.516759 HPWL: 17256719636
[NesterovSolve] Iter: 360 overflow: 0.476514 HPWL: 17323399745
[NesterovSolve] Iter: 370 overflow: 0.429938 HPWL: 17101385847
[NesterovSolve] Iter: 380 overflow: 0.375173 HPWL: 17552200341
[NesterovSolve] Iter: 390 overflow: 0.325501 HPWL: 17265113442
[NesterovSolve] Iter: 400 overflow: 0.298617 HPWL: 16706272213
[NesterovSolve] Iter: 410 overflow: 0.268308 HPWL: 16148760776
[NesterovSolve] Iter: 420 overflow: 0.238106 HPWL: 15662753552
[NesterovSolve] Iter: 430 overflow: 0.215518 HPWL: 15143850437
[NesterovSolve] Iter: 440 overflow: 0.191846 HPWL: 14707343341
[NesterovSolve] Iter: 450 overflow: 0.171538 HPWL: 14226791881
[NesterovSolve] Iter: 460 overflow: 0.151526 HPWL: 13822586477
[NesterovSolve] Iter: 470 overflow: 0.137284 HPWL: 13357428631
[NesterovSolve] Iter: 480 overflow: 0.123589 HPWL: 12751841899
[NesterovSolve] Iter: 490 overflow: 0.110417 HPWL: 12276614898
[NesterovSolve] Finished with Overflow: 0.098925
Elapsed time: 1:17.30[h:]min:sec. CPU time: user 76.86 sys 0.43 (99%). Peak memory: 1361560KB.
