OpenROAD autotuner-v1-2861-g832b18e7 
This program is licensed under the BSD-3 license. See the LICENSE file for details.
Components of this program may be licensed under more restrictive licenses which must be honored.
[INFO GPL-0002] DBU: 1000
[INFO GPL-0003] SiteSize: 460 2720
[INFO GPL-0004] CoreAreaLxLy: 250240 250240
[INFO GPL-0005] CoreAreaUxUy: 4949600 4346560
[INFO GPL-0006] NumInstances: 476447
[INFO GPL-0007] NumPlaceInstances: 280886
[INFO GPL-0008] NumFixedInstances: 168802
[INFO GPL-0009] NumDummyInstances: 26759
[INFO GPL-0010] NumNets: 292773
[INFO GPL-0011] NumPins: 1054314
[INFO GPL-0012] DieAreaLxLy: 0 0
[INFO GPL-0013] DieAreaUxUy: 5200000 4609140
[INFO GPL-0014] CoreAreaLxLy: 250240 250240
[INFO GPL-0015] CoreAreaUxUy: 4949600 4346560
[INFO GPL-0016] CoreArea: 19250082355200
[INFO GPL-0017] NonPlaceInstsArea: 8605545900800
[INFO GPL-0018] PlaceInstsArea: 3499040857600
[INFO GPL-0019] Util(%): 32.87
[INFO GPL-0020] StdInstsArea: 3499040857600
[INFO GPL-0021] MacroInstsArea: 0
[InitialPlace]  Iter: 1 CG residual: 0.01145550 HPWL: 15957156740
[InitialPlace]  Iter: 2 CG residual: 0.01931606 HPWL: 8583938392
[InitialPlace]  Iter: 3 CG residual: 0.00056561 HPWL: 8294021403
[InitialPlace]  Iter: 4 CG residual: 0.00051970 HPWL: 8084763352
[InitialPlace]  Iter: 5 CG residual: 0.00031548 HPWL: 7953615885
[InitialPlace]  Iter: 6 CG residual: 0.00019330 HPWL: 7763176631
[InitialPlace]  Iter: 7 CG residual: 0.00007985 HPWL: 7572391930
[InitialPlace]  Iter: 8 CG residual: 0.00007891 HPWL: 7584418758
[InitialPlace]  Iter: 9 CG residual: 0.00008271 HPWL: 7590348643
[InitialPlace]  Iter: 10 CG residual: 0.00006421 HPWL: 7597992853
[InitialPlace]  Iter: 11 CG residual: 0.00005978 HPWL: 7593544598
[InitialPlace]  Iter: 12 CG residual: 0.00005813 HPWL: 7597715624
[InitialPlace]  Iter: 13 CG residual: 0.00006674 HPWL: 7596252995
[InitialPlace]  Iter: 14 CG residual: 0.00005722 HPWL: 7596011503
[InitialPlace]  Iter: 15 CG residual: 0.00005735 HPWL: 7590473402
[InitialPlace]  Iter: 16 CG residual: 0.00005305 HPWL: 7588151427
[InitialPlace]  Iter: 17 CG residual: 0.00024035 HPWL: 7580190391
[InitialPlace]  Iter: 18 CG residual: 0.00006359 HPWL: 7572359139
[InitialPlace]  Iter: 19 CG residual: 0.00005518 HPWL: 7568301928
[InitialPlace]  Iter: 20 CG residual: 0.00006001 HPWL: 7571305882
[INFO GPL-0031] FillerInit: NumGCells: 517227
[INFO GPL-0032] FillerInit: NumGNets: 292773
[INFO GPL-0033] FillerInit: NumGPins: 1054314
[INFO GPL-0023] TargetDensity: 0.60
[INFO GPL-0024] AveragePlaceInstArea: 12457156
[INFO GPL-0025] IdealBinArea: 20761926
[INFO GPL-0026] IdealBinCnt: 927181
[INFO GPL-0027] TotalBinArea: 19250082355200
[INFO GPL-0028] BinCnt: 512 512
[INFO GPL-0029] BinSize: 9179 8001
[INFO GPL-0030] NumBins: 262144
[NesterovSolve] Iter: 1 overflow: 0.992809 HPWL: 4098853314
[NesterovSolve] Iter: 10 overflow: 0.984335 HPWL: 5089266504
[NesterovSolve] Iter: 20 overflow: 0.977993 HPWL: 5416545004
[NesterovSolve] Iter: 30 overflow: 0.973754 HPWL: 5667819970
[NesterovSolve] Iter: 40 overflow: 0.96882 HPWL: 5856766260
[NesterovSolve] Iter: 50 overflow: 0.96312 HPWL: 6007690935
[NesterovSolve] Iter: 60 overflow: 0.95922 HPWL: 6126351516
[NesterovSolve] Iter: 70 overflow: 0.957047 HPWL: 6216502777
[NesterovSolve] Iter: 80 overflow: 0.955514 HPWL: 6286834207
[NesterovSolve] Iter: 90 overflow: 0.954278 HPWL: 6332478746
[NesterovSolve] Iter: 100 overflow: 0.953279 HPWL: 6355653795
[NesterovSolve] Iter: 110 overflow: 0.951864 HPWL: 6374264754
[NesterovSolve] Iter: 120 overflow: 0.950522 HPWL: 6392401743
[NesterovSolve] Iter: 130 overflow: 0.949265 HPWL: 6408553838
[NesterovSolve] Iter: 140 overflow: 0.948096 HPWL: 6422170164
[NesterovSolve] Iter: 150 overflow: 0.947067 HPWL: 6434365656
[NesterovSolve] Iter: 160 overflow: 0.945757 HPWL: 6443660597
[NesterovSolve] Iter: 170 overflow: 0.944526 HPWL: 6449529254
[NesterovSolve] Iter: 180 overflow: 0.943824 HPWL: 6461657295
[NesterovSolve] Iter: 190 overflow: 0.942342 HPWL: 6492845423
[NesterovSolve] Iter: 200 overflow: 0.940639 HPWL: 6561070847
[NesterovSolve] Iter: 210 overflow: 0.937937 HPWL: 6679079427
[NesterovSolve] Iter: 220 overflow: 0.933856 HPWL: 6873982457
[NesterovSolve] Iter: 230 overflow: 0.928345 HPWL: 7194396827
[NesterovSolve] Iter: 240 overflow: 0.920142 HPWL: 7700850273
[NesterovSolve] Iter: 250 overflow: 0.90897 HPWL: 8427163598
[NesterovSolve] Iter: 260 overflow: 0.89579 HPWL: 9362024041
[NesterovSolve] Iter: 270 overflow: 0.88006 HPWL: 10456849715
[NesterovSolve] Iter: 280 overflow: 0.863987 HPWL: 11575236035
[NesterovSolve] Iter: 290 overflow: 0.848668 HPWL: 12542633851
[NesterovSolve] Iter: 300 overflow: 0.829095 HPWL: 13152288734
[NesterovSolve] Iter: 310 overflow: 0.797912 HPWL: 13871627057
[NesterovSolve] Iter: 320 overflow: 0.768517 HPWL: 14971089324
[INFO GPL-0100] worst slack 1e+30
[WARNING GPL-0102] No slacks found. Timing-driven mode disabled.
[NesterovSolve] Iter: 330 overflow: 0.74356 HPWL: 15953302859
[NesterovSolve] Iter: 340 overflow: 0.708022 HPWL: 16150142007
[NesterovSolve] Iter: 350 overflow: 0.654179 HPWL: 15568064467
[NesterovSolve] Iter: 360 overflow: 0.602486 HPWL: 16266316332
[NesterovSolve] Snapshot saved at iter = 360
[NesterovSolve] Iter: 370 overflow: 0.564221 HPWL: 17407537275
[NesterovSolve] Iter: 380 overflow: 0.518244 HPWL: 18110504103
[NesterovSolve] Iter: 390 overflow: 0.483618 HPWL: 17865972125
[NesterovSolve] Iter: 400 overflow: 0.436361 HPWL: 18039171295
[NesterovSolve] Iter: 410 overflow: 0.376375 HPWL: 18297513709
[NesterovSolve] Iter: 420 overflow: 0.328344 HPWL: 18080335173
[NesterovSolve] Iter: 430 overflow: 0.299923 HPWL: 17535587563
[NesterovSolve] Iter: 440 overflow: 0.267464 HPWL: 16938888640
[NesterovSolve] Iter: 450 overflow: 0.241834 HPWL: 16349099501
[NesterovSolve] Iter: 460 overflow: 0.214955 HPWL: 15837088783
[INFO GPL-0075] Routability numCall: 1 inflationIterCnt: 1 bloatIterCnt: 0
[INFO GPL-0036] TileLxLy: 0 0
[INFO GPL-0037] TileSize: 6900 6900
[INFO GPL-0038] TileCnt: 753 667
[INFO GPL-0039] numRoutingLayers: 6
[INFO GPL-0040] NumTiles: 502251
[INFO GPL-0063] TotalRouteOverflowH2: 3741.250020265579
[INFO GPL-0064] TotalRouteOverflowV2: 4911.800316333771
[INFO GPL-0065] OverflowTileCnt2: 44521
[INFO GPL-0066] 0.5%RC: 1.4322972914137446
[INFO GPL-0067] 1.0%RC: 1.3378895624735399
[INFO GPL-0068] 2.0%RC: 1.2496971140466282
[INFO GPL-0069] 5.0%RC: 1.120219309208551
[INFO GPL-0070] 0.5rcK: 1.0
[INFO GPL-0071] 1.0rcK: 1.0
[INFO GPL-0072] 2.0rcK: 0.0
[INFO GPL-0073] 5.0rcK: 0.0
[INFO GPL-0074] FinalRC: 1.3850935
[INFO GPL-0045] InflatedAreaDelta: 951204397732
[INFO GPL-0046] TargetDensity: 0.6
[INFO GPL-0049] WhiteSpaceArea: 10644536454400
[INFO GPL-0050] NesterovInstsArea: 3499040857600
[INFO GPL-0051] TotalFillerArea: 2887681417728
[INFO GPL-0052] TotalGCellsArea: 6386722275328
[INFO GPL-0053] ExpectedTotalGCellsArea: 7337926673060
[INFO GPL-0054] NewTargetDensity: 0.68936086
[INFO GPL-0055] NewWhiteSpaceArea: 10644536454400
[INFO GPL-0056] MovableArea: 7337926983680
[INFO GPL-0057] NewNesterovInstsArea: 4450245255332
[INFO GPL-0058] NewTotalFillerArea: 2887681728348
[INFO GPL-0059] NewTotalGCellsArea: 7337926983680
[NesterovSolve] Revert back to snapshot coordi
[NesterovSolve] Iter: 470 overflow: 0.601081 HPWL: 17208781300
[NesterovSolve] Iter: 480 overflow: 0.538263 HPWL: 18679593917
[NesterovSolve] Iter: 490 overflow: 0.528922 HPWL: 18221873698
[NesterovSolve] Iter: 500 overflow: 0.487457 HPWL: 18222241592
[NesterovSolve] Iter: 510 overflow: 0.448823 HPWL: 18476786093
[NesterovSolve] Iter: 520 overflow: 0.407867 HPWL: 18143969797
[NesterovSolve] Iter: 530 overflow: 0.375851 HPWL: 17957818131
[NesterovSolve] Iter: 540 overflow: 0.338689 HPWL: 17620101712
[NesterovSolve] Iter: 550 overflow: 0.302628 HPWL: 17203810293
[NesterovSolve] Iter: 560 overflow: 0.275366 HPWL: 16715348323
[NesterovSolve] Iter: 570 overflow: 0.241771 HPWL: 16501820130
[NesterovSolve] Iter: 580 overflow: 0.214783 HPWL: 16151434970
[INFO GPL-0075] Routability numCall: 2 inflationIterCnt: 2 bloatIterCnt: 0
[INFO GPL-0036] TileLxLy: 0 0
[INFO GPL-0037] TileSize: 6900 6900
[INFO GPL-0038] TileCnt: 753 667
[INFO GPL-0039] numRoutingLayers: 6
[INFO GPL-0040] NumTiles: 502251
[INFO GPL-0063] TotalRouteOverflowH2: 955.4500057697296
[INFO GPL-0064] TotalRouteOverflowV2: 2533.5336067676544
[INFO GPL-0065] OverflowTileCnt2: 23679
[INFO GPL-0066] 0.5%RC: 1.27557515126493
[INFO GPL-0067] 1.0%RC: 1.2184124563729943
[INFO GPL-0068] 2.0%RC: 1.1520610393672854
[INFO GPL-0069] 5.0%RC: 1.0620097806194202
[INFO GPL-0070] 0.5rcK: 1.0
[INFO GPL-0071] 1.0rcK: 1.0
[INFO GPL-0072] 2.0rcK: 0.0
[INFO GPL-0073] 5.0rcK: 0.0
[INFO GPL-0074] FinalRC: 1.2469938
[NesterovSolve] Iter: 590 overflow: 0.189148 HPWL: 15796268657
[NesterovSolve] Iter: 600 overflow: 0.167361 HPWL: 15394409881
[NesterovSolve] Iter: 610 overflow: 0.150108 HPWL: 14981817388
[NesterovSolve] Iter: 620 overflow: 0.133193 HPWL: 14604666173
[NesterovSolve] Iter: 630 overflow: 0.121589 HPWL: 13929165441
[NesterovSolve] Iter: 640 overflow: 0.111965 HPWL: 13059468010
[NesterovSolve] Finished with Overflow: 0.099240

==========================================================================
global place check_setup
--------------------------------------------------------------------------
Warning: There is 1 input port missing set_input_delay.
Warning: There are 53469 unclocked register/latch pins.
Warning: There are 55151 unconstrained endpoints.

==========================================================================
global place report_tns
--------------------------------------------------------------------------
tns 0.00

==========================================================================
global place report_wns
--------------------------------------------------------------------------
wns 0.00

==========================================================================
global place report_worst_slack
--------------------------------------------------------------------------
worst slack INF

==========================================================================
global place report_checks -path_delay min
--------------------------------------------------------------------------
No paths found.

==========================================================================
global place report_checks -path_delay max
--------------------------------------------------------------------------
No paths found.

==========================================================================
global place report_checks -unconstrained
--------------------------------------------------------------------------
Startpoint: u_coyote/r2f/rocket/uncore/outmemsys/Queue_3/_4115_
            (rising edge-triggered flip-flop)
Endpoint: u_coyote/r2f/rocket/uncore/outmemsys/l1tol2net/TileLinkEnqueuer_2/Queue_3/_0917_
          (rising edge-triggered flip-flop)
Path Group: unconstrained
Path Type: max

Fanout     Cap    Slew   Delay    Time   Description
-----------------------------------------------------------------------------
                440.90    0.00    0.00 ^ u_coyote/r2f/rocket/uncore/outmemsys/Queue_3/_4115_/CLK (sky130_fd_sc_hd__dfxtp_1)
     4    0.01    0.26   48.58   48.58 ^ u_coyote/r2f/rocket/uncore/outmemsys/Queue_3/_4115_/Q (sky130_fd_sc_hd__dfxtp_1)
                                         u_coyote/r2f/rocket/uncore/outmemsys/Queue_3/R1[0] (net)
                  0.26    0.00   48.58 ^ u_coyote/r2f/rocket/uncore/outmemsys/Queue_3/_3515_/A (sky130_fd_sc_hd__ha_1)
   150    0.76    7.15    5.15   53.73 ^ u_coyote/r2f/rocket/uncore/outmemsys/Queue_3/_3515_/COUT (sky130_fd_sc_hd__ha_1)
                                         u_coyote/r2f/rocket/uncore/outmemsys/Queue_3/_1716_ (net)
                  7.15    0.04   53.77 ^ u_coyote/r2f/rocket/uncore/outmemsys/Queue_3/_1733_/B (sky130_fd_sc_hd__nor2_1)
    75    0.49    9.81    9.72   63.49 v u_coyote/r2f/rocket/uncore/outmemsys/Queue_3/_1733_/Y (sky130_fd_sc_hd__nor2_1)
                                         u_coyote/r2f/rocket/uncore/outmemsys/Queue_3/_0603_ (net)
                  9.81    0.00   63.50 v u_coyote/r2f/rocket/uncore/outmemsys/Queue_3/_1734_/A2 (sky130_fd_sc_hd__o21ba_2)
    38    0.26    0.63    3.61   67.11 v u_coyote/r2f/rocket/uncore/outmemsys/Queue_3/_1734_/X (sky130_fd_sc_hd__o21ba_2)
                                         u_coyote/r2f/rocket/uncore/outmemsys/Queue_3/_0604_ (net)
                  0.63    0.00   67.11 v u_coyote/r2f/rocket/uncore/outmemsys/Queue_3/_2751_/A1 (sky130_fd_sc_hd__a311o_1)
     1    0.00    0.09    0.46   67.57 v u_coyote/r2f/rocket/uncore/outmemsys/Queue_3/_2751_/X (sky130_fd_sc_hd__a311o_1)
                                         u_coyote/r2f/rocket/uncore/outmemsys/Queue_3/_1552_ (net)
                  0.09    0.00   67.57 v u_coyote/r2f/rocket/uncore/outmemsys/Queue_3/_2760_/A1 (sky130_fd_sc_hd__a21oi_1)
    10    0.12    2.38    1.76   69.33 ^ u_coyote/r2f/rocket/uncore/outmemsys/Queue_3/_2760_/Y (sky130_fd_sc_hd__a21oi_1)
                                         u_coyote/r2f/rocket/uncore/outmemsys/Queue_3_io_deq_bits_id[3] (net)
                  2.38    0.02   69.35 ^ u_coyote/r2f/rocket/uncore/outmemsys/NastiIOTileLinkIOConverter/roq/_423_/A (sky130_fd_sc_hd__xor2_1)
     1    0.00    0.29    0.19   69.54 v u_coyote/r2f/rocket/uncore/outmemsys/NastiIOTileLinkIOConverter/roq/_423_/X (sky130_fd_sc_hd__xor2_1)
                                         u_coyote/r2f/rocket/uncore/outmemsys/NastiIOTileLinkIOConverter/roq/_193_ (net)
                  0.29    0.00   69.54 v u_coyote/r2f/rocket/uncore/outmemsys/NastiIOTileLinkIOConverter/roq/_430_/B (sky130_fd_sc_hd__nor4_1)
     4    0.02    0.81    0.79   70.33 ^ u_coyote/r2f/rocket/uncore/outmemsys/NastiIOTileLinkIOConverter/roq/_430_/Y (sky130_fd_sc_hd__nor4_1)
                                         u_coyote/r2f/rocket/uncore/outmemsys/NastiIOTileLinkIOConverter/roq/_200_ (net)
                  0.81    0.00   70.33 ^ u_coyote/r2f/rocket/uncore/outmemsys/NastiIOTileLinkIOConverter/roq/_431_/B (sky130_fd_sc_hd__nor2_1)
     4    0.01    0.18    0.17   70.51 v u_coyote/r2f/rocket/uncore/outmemsys/NastiIOTileLinkIOConverter/roq/_431_/Y (sky130_fd_sc_hd__nor2_1)
                                         u_coyote/r2f/rocket/uncore/outmemsys/NastiIOTileLinkIOConverter/roq/_201_ (net)
                  0.18    0.00   70.51 v u_coyote/r2f/rocket/uncore/outmemsys/NastiIOTileLinkIOConverter/roq/_442_/A1 (sky130_fd_sc_hd__a21oi_1)
    29    0.14    2.69    2.01   72.52 ^ u_coyote/r2f/rocket/uncore/outmemsys/NastiIOTileLinkIOConverter/roq/_442_/Y (sky130_fd_sc_hd__a21oi_1)
                                         u_coyote/r2f/rocket/uncore/outmemsys/NastiIOTileLinkIOConverter/roq/_212_ (net)
                  2.69    0.00   72.53 ^ u_coyote/r2f/rocket/uncore/outmemsys/NastiIOTileLinkIOConverter/roq/_461_/S (sky130_fd_sc_hd__mux2i_1)
     1    0.00    0.33    0.27   72.80 v u_coyote/r2f/rocket/uncore/outmemsys/NastiIOTileLinkIOConverter/roq/_461_/Y (sky130_fd_sc_hd__mux2i_1)
                                         u_coyote/r2f/rocket/uncore/outmemsys/NastiIOTileLinkIOConverter/roq/_231_ (net)
                  0.33    0.00   72.80 v u_coyote/r2f/rocket/uncore/outmemsys/NastiIOTileLinkIOConverter/roq/_462_/B2 (sky130_fd_sc_hd__a32oi_1)
     1    0.00    0.17    0.27   73.06 ^ u_coyote/r2f/rocket/uncore/outmemsys/NastiIOTileLinkIOConverter/roq/_462_/Y (sky130_fd_sc_hd__a32oi_1)
                                         u_coyote/r2f/rocket/uncore/outmemsys/NastiIOTileLinkIOConverter/roq/_232_ (net)
                  0.17    0.00   73.06 ^ u_coyote/r2f/rocket/uncore/outmemsys/NastiIOTileLinkIOConverter/roq/_463_/C (sky130_fd_sc_hd__and3_1)
    61    0.29    2.76    2.06   75.12 ^ u_coyote/r2f/rocket/uncore/outmemsys/NastiIOTileLinkIOConverter/roq/_463_/X (sky130_fd_sc_hd__and3_1)
                                         u_coyote/r2f/rocket/uncore/outmemsys/NastiIOTileLinkIOConverter/N0 (net)
                  2.76    0.00   75.13 ^ u_coyote/r2f/rocket/uncore/outmemsys/NastiIOTileLinkIOConverter/_293_/A (sky130_fd_sc_hd__inv_1)
    32    0.16    1.16    1.57   76.70 v u_coyote/r2f/rocket/uncore/outmemsys/NastiIOTileLinkIOConverter/_293_/Y (sky130_fd_sc_hd__inv_1)
                                         u_coyote/r2f/rocket/uncore/outmemsys/NastiIOTileLinkIOConverter/_011_ (net)
                  1.16    0.00   76.70 v u_coyote/r2f/rocket/uncore/outmemsys/NastiIOTileLinkIOConverter/gnt_arb/_82_/A1 (sky130_fd_sc_hd__mux2_4)
     6    0.02    0.15    0.69   77.39 v u_coyote/r2f/rocket/uncore/outmemsys/NastiIOTileLinkIOConverter/gnt_arb/_82_/X (sky130_fd_sc_hd__mux2_4)
                                         u_coyote/r2f/rocket/uncore/outmemsys/NastiIOTileLinkIOConverter_io_tl_grant_bits_g_type[0] (net)
                  0.15    0.00   77.39 v u_coyote/r2f/rocket/uncore/outmemsys/TileLinkIONarrower/_1872_/A (sky130_fd_sc_hd__and3_1)
     1    0.01    0.05    0.20   77.59 v u_coyote/r2f/rocket/uncore/outmemsys/TileLinkIONarrower/_1872_/X (sky130_fd_sc_hd__and3_1)
                                         u_coyote/r2f/rocket/uncore/outmemsys/TileLinkIONarrower/_0743_ (net)
                  0.05    0.00   77.59 v u_coyote/r2f/rocket/uncore/outmemsys/TileLinkIONarrower/_1875_/A1 (sky130_fd_sc_hd__o21ai_2)
     6    0.03    0.36    0.33   77.92 ^ u_coyote/r2f/rocket/uncore/outmemsys/TileLinkIONarrower/_1875_/Y (sky130_fd_sc_hd__o21ai_2)
                                         u_coyote/r2f/rocket/uncore/outmemsys/TileLinkIONarrower/_0746_ (net)
                  0.36    0.00   77.92 ^ u_coyote/r2f/rocket/uncore/outmemsys/TileLinkIONarrower/_1884_/A2 (sky130_fd_sc_hd__a21o_1)
     3    0.13    1.10    0.90   78.82 ^ u_coyote/r2f/rocket/uncore/outmemsys/TileLinkIONarrower/_1884_/X (sky130_fd_sc_hd__a21o_1)
                                         u_coyote/r2f/rocket/uncore/outmemsys/TileLinkIONarrower_io_in_grant_valid (net)
                  1.10    0.04   78.87 ^ u_coyote/r2f/rocket/uncore/outmemsys/L2BroadcastHub/outer_arb/_031_/B (sky130_fd_sc_hd__nand2b_1)
     4    0.02    0.29    0.34   79.20 v u_coyote/r2f/rocket/uncore/outmemsys/L2BroadcastHub/outer_arb/_031_/Y (sky130_fd_sc_hd__nand2b_1)
                                         u_coyote/r2f/rocket/uncore/outmemsys/L2BroadcastHub/outer_arb/_013_ (net)
                  0.29    0.00   79.20 v u_coyote/r2f/rocket/uncore/outmemsys/L2BroadcastHub/outer_arb/_034_/B (sky130_fd_sc_hd__nor2_1)
     1    0.03    0.50    0.49   79.69 ^ u_coyote/r2f/rocket/uncore/outmemsys/L2BroadcastHub/outer_arb/_034_/Y (sky130_fd_sc_hd__nor2_1)
                                         u_coyote/r2f/rocket/uncore/outmemsys/L2BroadcastHub/outer_arb_io_in_2_grant_valid (net)
                  0.50    0.00   79.69 ^ u_coyote/r2f/rocket/uncore/outmemsys/L2BroadcastHub/BroadcastAcquireTracker_1/_1184_/A (sky130_fd_sc_hd__inv_1)
     3    0.01    0.13    0.16   79.85 v u_coyote/r2f/rocket/uncore/outmemsys/L2BroadcastHub/BroadcastAcquireTracker_1/_1184_/Y (sky130_fd_sc_hd__inv_1)
                                         u_coyote/r2f/rocket/uncore/outmemsys/L2BroadcastHub/BroadcastAcquireTracker_1/_0695_ (net)
                  0.13    0.00   79.85 v u_coyote/r2f/rocket/uncore/outmemsys/L2BroadcastHub/BroadcastAcquireTracker_1/_1185_/A2 (sky130_fd_sc_hd__a21boi_0)
     9    0.04    1.34    1.07   80.92 ^ u_coyote/r2f/rocket/uncore/outmemsys/L2BroadcastHub/BroadcastAcquireTracker_1/_1185_/Y (sky130_fd_sc_hd__a21boi_0)
                                         u_coyote/r2f/rocket/uncore/outmemsys/L2BroadcastHub/BroadcastAcquireTracker_1_io_inner_grant_valid (net)
                  1.34    0.00   80.92 ^ u_coyote/r2f/rocket/uncore/outmemsys/L2BroadcastHub/LockingRRArbiter/_2443_/A2 (sky130_fd_sc_hd__a21oi_1)
     1    0.00    0.20    0.20   81.12 v u_coyote/r2f/rocket/uncore/outmemsys/L2BroadcastHub/LockingRRArbiter/_2443_/Y (sky130_fd_sc_hd__a21oi_1)
                                         u_coyote/r2f/rocket/uncore/outmemsys/L2BroadcastHub/LockingRRArbiter/_0045_ (net)
                  0.20    0.00   81.12 v u_coyote/r2f/rocket/uncore/outmemsys/L2BroadcastHub/LockingRRArbiter/_2454_/A1 (sky130_fd_sc_hd__a211oi_1)
     1    0.00    0.19    0.25   81.38 ^ u_coyote/r2f/rocket/uncore/outmemsys/L2BroadcastHub/LockingRRArbiter/_2454_/Y (sky130_fd_sc_hd__a211oi_1)
                                         u_coyote/r2f/rocket/uncore/outmemsys/L2BroadcastHub/LockingRRArbiter/_0056_ (net)
                  0.19    0.00   81.38 ^ u_coyote/r2f/rocket/uncore/outmemsys/L2BroadcastHub/LockingRRArbiter/_2459_/B (sky130_fd_sc_hd__or3_1)
   577    2.52   22.65   13.95   95.32 ^ u_coyote/r2f/rocket/uncore/outmemsys/L2BroadcastHub/LockingRRArbiter/_2459_/X (sky130_fd_sc_hd__or3_1)
                                         u_coyote/r2f/rocket/uncore/outmemsys/L2BroadcastHub/LockingRRArbiter/_0061_ (net)
                 22.75    1.29   96.62 ^ u_coyote/r2f/rocket/uncore/outmemsys/L2BroadcastHub/LockingRRArbiter/_2481_/A (sky130_fd_sc_hd__inv_2)
   577    2.38    0.00   45.93  142.55 v u_coyote/r2f/rocket/uncore/outmemsys/L2BroadcastHub/LockingRRArbiter/_2481_/Y (sky130_fd_sc_hd__inv_2)
                                         u_coyote/r2f/rocket/uncore/outmemsys/L2BroadcastHub/LockingRRArbiter/_0082_ (net)
                  0.00    0.49  143.04 v u_coyote/r2f/rocket/uncore/outmemsys/L2BroadcastHub/LockingRRArbiter/_2559_/B (sky130_fd_sc_hd__nand2_1)
     1    0.00    0.05    0.05  143.09 ^ u_coyote/r2f/rocket/uncore/outmemsys/L2BroadcastHub/LockingRRArbiter/_2559_/Y (sky130_fd_sc_hd__nand2_1)
                                         u_coyote/r2f/rocket/uncore/outmemsys/L2BroadcastHub/LockingRRArbiter/_0154_ (net)
                  0.05    0.00  143.09 ^ u_coyote/r2f/rocket/uncore/outmemsys/L2BroadcastHub/LockingRRArbiter/_2563_/B (sky130_fd_sc_hd__nand3_1)
     1    0.01    2.23    0.10  143.18 v u_coyote/r2f/rocket/uncore/outmemsys/L2BroadcastHub/LockingRRArbiter/_2563_/Y (sky130_fd_sc_hd__nand3_1)
                                         u_coyote/r2f/rocket/uncore/outmemsys/L2BroadcastHub/LockingRRArbiter/_0158_ (net)
                  2.23    0.00  143.18 v u_coyote/r2f/rocket/uncore/outmemsys/L2BroadcastHub/LockingRRArbiter/_2564_/C (sky130_fd_sc_hd__nand3_1)
     1    0.00    0.91    0.58  143.76 ^ u_coyote/r2f/rocket/uncore/outmemsys/L2BroadcastHub/LockingRRArbiter/_2564_/Y (sky130_fd_sc_hd__nand3_1)
                                         u_coyote/r2f/rocket/uncore/outmemsys/L2BroadcastHub/LockingRRArbiter/_0159_ (net)
                  0.91    0.00  143.76 ^ u_coyote/r2f/rocket/uncore/outmemsys/L2BroadcastHub/LockingRRArbiter/_2565_/B1 (sky130_fd_sc_hd__o21ai_0)
    10    0.13    1.79    1.57  145.33 v u_coyote/r2f/rocket/uncore/outmemsys/L2BroadcastHub/LockingRRArbiter/_2565_/Y (sky130_fd_sc_hd__o21ai_0)
                                         u_coyote/r2f/rocket/uncore/outmemsys/L2BroadcastHub_io_inner_grant_bits_client_id[0] (net)
                  1.79    0.04  145.37 v u_coyote/r2f/rocket/uncore/outmemsys/l1tol2net/gntNet/_043_/A_N (sky130_fd_sc_hd__nand2b_1)
     3    0.01    0.26    0.67  146.04 v u_coyote/r2f/rocket/uncore/outmemsys/l1tol2net/gntNet/_043_/Y (sky130_fd_sc_hd__nand2b_1)
                                         u_coyote/r2f/rocket/uncore/outmemsys/l1tol2net/gntNet/_030_ (net)
                  0.26    0.00  146.04 v u_coyote/r2f/rocket/uncore/outmemsys/l1tol2net/gntNet/_044_/A (sky130_fd_sc_hd__nor3b_1)
     4    0.02    0.67    0.64  146.68 ^ u_coyote/r2f/rocket/uncore/outmemsys/l1tol2net/gntNet/_044_/Y (sky130_fd_sc_hd__nor3b_1)
                                         u_coyote/r2f/rocket/uncore/outmemsys/l1tol2net/gntNet/T0 (net)
                  0.67    0.00  146.68 ^ u_coyote/r2f/rocket/uncore/outmemsys/l1tol2net/gntNet/LockingRRArbiter_4/_1467_/C1 (sky130_fd_sc_hd__a211oi_2)
     1    0.01    0.14    0.10  146.78 v u_coyote/r2f/rocket/uncore/outmemsys/l1tol2net/gntNet/LockingRRArbiter_4/_1467_/Y (sky130_fd_sc_hd__a211oi_2)
                                         u_coyote/r2f/rocket/uncore/outmemsys/l1tol2net/gntNet/LockingRRArbiter_4/_1412_ (net)
                  0.14    0.00  146.78 v u_coyote/r2f/rocket/uncore/outmemsys/l1tol2net/gntNet/LockingRRArbiter_4/_1473_/A2 (sky130_fd_sc_hd__o31ai_4)
   297    1.51   14.64    9.81  156.59 ^ u_coyote/r2f/rocket/uncore/outmemsys/l1tol2net/gntNet/LockingRRArbiter_4/_1473_/Y (sky130_fd_sc_hd__o31ai_4)
                                         u_coyote/r2f/rocket/uncore/outmemsys/l1tol2net/gntNet/LockingRRArbiter_4/_1418_ (net)
                 14.64    0.06  156.65 ^ u_coyote/r2f/rocket/uncore/outmemsys/l1tol2net/gntNet/LockingRRArbiter_4/_2966_/S (sky130_fd_sc_hd__mux2i_1)
     4    0.01    0.77    0.95  157.60 ^ u_coyote/r2f/rocket/uncore/outmemsys/l1tol2net/gntNet/LockingRRArbiter_4/_2966_/Y (sky130_fd_sc_hd__mux2i_1)
                                         u_coyote/r2f/rocket/uncore/outmemsys/l1tol2net/gntNet/LockingRRArbiter_4/_1332_ (net)
                  0.77    0.00  157.60 ^ u_coyote/r2f/rocket/uncore/outmemsys/l1tol2net/gntNet/LockingRRArbiter_4/_2967_/B (sky130_fd_sc_hd__nand2_1)
     1    0.00    0.17    0.12  157.72 v u_coyote/r2f/rocket/uncore/outmemsys/l1tol2net/gntNet/LockingRRArbiter_4/_2967_/Y (sky130_fd_sc_hd__nand2_1)
                                         u_coyote/r2f/rocket/uncore/outmemsys/l1tol2net/gntNet/LockingRRArbiter_4/_1333_ (net)
                  0.17    0.00  157.72 v u_coyote/r2f/rocket/uncore/outmemsys/l1tol2net/gntNet/LockingRRArbiter_4/_2969_/A (sky130_fd_sc_hd__nand2_1)
     8    0.03    0.24    0.26  157.97 ^ u_coyote/r2f/rocket/uncore/outmemsys/l1tol2net/gntNet/LockingRRArbiter_4/_2969_/Y (sky130_fd_sc_hd__nand2_1)
                                         u_coyote/r2f/rocket/uncore/outmemsys/l1tol2net/T195 (net)
                  0.24    0.00  157.98 ^ u_coyote/r2f/rocket/uncore/outmemsys/l1tol2net/TileLinkEnqueuer_2/Queue_3/_0548_/C_N (sky130_fd_sc_hd__nor3b_2)
   151    1.31   20.25   13.86  171.84 ^ u_coyote/r2f/rocket/uncore/outmemsys/l1tol2net/TileLinkEnqueuer_2/Queue_3/_0548_/Y (sky130_fd_sc_hd__nor3b_2)
                                         u_coyote/r2f/rocket/uncore/outmemsys/l1tol2net/TileLinkEnqueuer_2/Queue_3/_0319_ (net)
                 20.33    1.11  172.95 ^ u_coyote/r2f/rocket/uncore/outmemsys/l1tol2net/TileLinkEnqueuer_2/Queue_3/_0578_/S (sky130_fd_sc_hd__mux2_2)
     1    0.00    0.38    1.94  174.89 ^ u_coyote/r2f/rocket/uncore/outmemsys/l1tol2net/TileLinkEnqueuer_2/Queue_3/_0578_/X (sky130_fd_sc_hd__mux2_2)
                                         u_coyote/r2f/rocket/uncore/outmemsys/l1tol2net/TileLinkEnqueuer_2/Queue_3/_0026_ (net)
                  0.38    0.00  174.89 ^ u_coyote/r2f/rocket/uncore/outmemsys/l1tol2net/TileLinkEnqueuer_2/Queue_3/_0917_/D (sky130_fd_sc_hd__dfxtp_1)
                                174.89   data arrival time
-----------------------------------------------------------------------------
(Path is unconstrained)



==========================================================================
global place report_power
--------------------------------------------------------------------------
Group                  Internal  Switching    Leakage      Total
                          Power      Power      Power      Power (Watts)
----------------------------------------------------------------
Sequential             1.03e-08   5.71e-10   4.51e-07   4.62e-07   0.1%
Combinational          2.60e-09   5.33e-09   6.76e-07   6.84e-07   0.1%
Macro                  1.15e-10   3.22e-11   6.70e-04   6.70e-04  99.9%
Pad                    0.00e+00   0.00e+00   0.00e+00   0.00e+00   0.0%
----------------------------------------------------------------
Total                  1.30e-08   5.93e-09   6.70e-04   6.70e-04 100.0%
                           0.0%       0.0%     100.0%

==========================================================================
global place report_design_area
--------------------------------------------------------------------------
Design area 9644861 u^2 50% utilization.

Elapsed time: 10:24.43[h:]min:sec. CPU time: user 734.09 sys 1.58 (117%). Peak memory: 3539312KB.
