OpenROAD v2.0-11432-gead3236e5 
This program is licensed under the BSD-3 license. See the LICENSE file for details.
Components of this program may be licensed under more restrictive licenses which must be honored.
[WARNING STA-0337] port 'mem_cmd_yumi_i[0]' not found.
[WARNING STA-0337] port 'mem_cmd_yumi_i[0]' not found.
[WARNING STA-0337] port 'mem_data_cmd_yumi_i[0]' not found.
[WARNING STA-0337] port 'mem_data_cmd_yumi_i[0]' not found.
[WARNING STA-0337] port 'mem_resp_v_i[0]' not found.
[WARNING STA-0337] port 'mem_resp_v_i[0]' not found.
[WARNING STA-0337] port 'mem_data_resp_v_i[0]' not found.
[WARNING STA-0337] port 'mem_data_resp_v_i[0]' not found.
[WARNING STA-0337] port 'mem_cmd_v_o[0]' not found.
[WARNING STA-0337] port 'mem_cmd_v_o[0]' not found.
[WARNING STA-0337] port 'mem_data_cmd_v_o[0]' not found.
[WARNING STA-0337] port 'mem_data_cmd_v_o[0]' not found.
[WARNING STA-0337] port 'mem_resp_ready_o[0]' not found.
[WARNING STA-0337] port 'mem_resp_ready_o[0]' not found.
[WARNING STA-0337] port 'mem_data_resp_ready_o[0]' not found.
[WARNING STA-0337] port 'mem_data_resp_ready_o[0]' not found.
[INFO ODB-0303] The initial 913 rows (6390087 sites) were cut with 24 shapes for a total of 2793 rows (5053606 sites).
[INFO TAP-0004] Inserted 1826 endcaps.
[INFO TAP-0005] Inserted 3854 tapcells.
Elapsed time: 0:07.33[h:]min:sec. CPU time: user 7.12 sys 0.20 (99%). Peak memory: 419220KB.
