OpenROAD v2.0-11432-gead3236e5 
This program is licensed under the BSD-3 license. See the LICENSE file for details.
Components of this program may be licensed under more restrictive licenses which must be honored.
[INFO GPL-0002] DBU: 2000
[INFO GPL-0003] SiteSize: 380 2800
[INFO GPL-0004] CoreAreaLxLy: 20140 22400
[INFO GPL-0005] CoreAreaUxUy: 2679760 2578800
[INFO GPL-0006] NumInstances: 295498
[INFO GPL-0007] NumPlaceInstances: 279334
[INFO GPL-0008] NumFixedInstances: 9464
[INFO GPL-0009] NumDummyInstances: 6700
[INFO GPL-0010] NumNets: 320876
[INFO GPL-0011] NumPins: 965445
[INFO GPL-0012] DieAreaLxLy: 0 0
[INFO GPL-0013] DieAreaUxUy: 2700000 2600000
[INFO GPL-0014] CoreAreaLxLy: 20140 22400
[INFO GPL-0015] CoreAreaUxUy: 2679760 2578800
[INFO GPL-0016] CoreArea: 6799052568000
[INFO GPL-0017] NonPlaceInstsArea: 1805587784000
[INFO GPL-0018] PlaceInstsArea: 1591944032000
[INFO GPL-0019] Util(%): 31.88
[INFO GPL-0020] StdInstsArea: 1591944032000
[INFO GPL-0021] MacroInstsArea: 0
[INFO GPL-0031] FillerInit: NumGCells: 932467
[INFO GPL-0032] FillerInit: NumGNets: 320876
[INFO GPL-0033] FillerInit: NumGPins: 965445
[INFO GPL-0023] TargetDensity: 1.00
[INFO GPL-0024] AveragePlaceInstArea: 5699070
[INFO GPL-0025] IdealBinArea: 5699070
[INFO GPL-0026] IdealBinCnt: 1193010
[INFO GPL-0027] TotalBinArea: 6799052568000
[INFO GPL-0028] BinCnt: 1024 1024
[INFO GPL-0029] BinSize: 2598 2497
[INFO GPL-0030] NumBins: 1048576
[INFO GPL-0002] DBU: 2000
[INFO GPL-0003] SiteSize: 380 2800
[INFO GPL-0004] CoreAreaLxLy: 20140 22400
[INFO GPL-0005] CoreAreaUxUy: 2679760 2578800
[INFO GPL-0006] NumInstances: 295498
[INFO GPL-0007] NumPlaceInstances: 279334
[INFO GPL-0008] NumFixedInstances: 9464
[INFO GPL-0009] NumDummyInstances: 6700
[INFO GPL-0010] NumNets: 320876
[INFO GPL-0011] NumPins: 964247
[INFO GPL-0012] DieAreaLxLy: 0 0
[INFO GPL-0013] DieAreaUxUy: 2700000 2600000
[INFO GPL-0014] CoreAreaLxLy: 20140 22400
[INFO GPL-0015] CoreAreaUxUy: 2679760 2578800
[INFO GPL-0016] CoreArea: 6799052568000
[INFO GPL-0017] NonPlaceInstsArea: 1805587784000
[INFO GPL-0018] PlaceInstsArea: 1591944032000
[INFO GPL-0019] Util(%): 31.88
[INFO GPL-0020] StdInstsArea: 1591944032000
[INFO GPL-0021] MacroInstsArea: 0
[INFO GPL-0031] FillerInit: NumGCells: 336862
[INFO GPL-0032] FillerInit: NumGNets: 320876
[INFO GPL-0033] FillerInit: NumGPins: 964247
[INFO GPL-0023] TargetDensity: 0.38
[INFO GPL-0024] AveragePlaceInstArea: 5699070
[INFO GPL-0025] IdealBinArea: 15044844
[INFO GPL-0026] IdealBinCnt: 451919
[INFO GPL-0027] TotalBinArea: 6799052568000
[INFO GPL-0028] BinCnt: 512 512
[INFO GPL-0029] BinSize: 5195 4993
[INFO GPL-0030] NumBins: 262144
[NesterovSolve] Iter: 1 overflow: 0.997573 HPWL: 6505580049
[NesterovSolve] Iter: 10 overflow: 0.984111 HPWL: 6965511651
[NesterovSolve] Iter: 20 overflow: 0.973557 HPWL: 6862475556
[NesterovSolve] Iter: 30 overflow: 0.968809 HPWL: 6998612282
[NesterovSolve] Iter: 40 overflow: 0.965405 HPWL: 7269184609
[NesterovSolve] Iter: 50 overflow: 0.963176 HPWL: 7541294106
[NesterovSolve] Iter: 60 overflow: 0.960327 HPWL: 7756882543
[NesterovSolve] Iter: 70 overflow: 0.958183 HPWL: 7883341244
[NesterovSolve] Iter: 80 overflow: 0.956441 HPWL: 7996226045
[NesterovSolve] Iter: 90 overflow: 0.954017 HPWL: 8043856399
[NesterovSolve] Iter: 100 overflow: 0.953915 HPWL: 8005255239
[NesterovSolve] Iter: 110 overflow: 0.953674 HPWL: 7914019237
[NesterovSolve] Iter: 120 overflow: 0.953626 HPWL: 7803922095
[NesterovSolve] Iter: 130 overflow: 0.954205 HPWL: 7720900875
[NesterovSolve] Iter: 140 overflow: 0.954534 HPWL: 7672288336
[NesterovSolve] Iter: 150 overflow: 0.953696 HPWL: 7648354461
[NesterovSolve] Iter: 160 overflow: 0.953044 HPWL: 7650777813
[NesterovSolve] Iter: 170 overflow: 0.952778 HPWL: 7677485116
[NesterovSolve] Iter: 180 overflow: 0.951732 HPWL: 7717358432
[NesterovSolve] Iter: 190 overflow: 0.950257 HPWL: 7759972400
[NesterovSolve] Iter: 200 overflow: 0.947467 HPWL: 7799961405
[NesterovSolve] Iter: 210 overflow: 0.943596 HPWL: 7838241890
[NesterovSolve] Iter: 220 overflow: 0.937095 HPWL: 7895076469
[NesterovSolve] Iter: 230 overflow: 0.926642 HPWL: 7989001908
[NesterovSolve] Iter: 240 overflow: 0.911525 HPWL: 8141914998
[NesterovSolve] Iter: 250 overflow: 0.889329 HPWL: 8354363469
[NesterovSolve] Iter: 260 overflow: 0.859039 HPWL: 8631403706
[NesterovSolve] Iter: 270 overflow: 0.818302 HPWL: 9066252349
[NesterovSolve] Iter: 280 overflow: 0.772861 HPWL: 9822625927
[NesterovSolve] Iter: 290 overflow: 0.7293 HPWL: 10217442329
[NesterovSolve] Iter: 300 overflow: 0.687322 HPWL: 10394012960
[NesterovSolve] Iter: 310 overflow: 0.649739 HPWL: 10495338325
[NesterovSolve] Iter: 320 overflow: 0.612599 HPWL: 10817385280
[NesterovSolve] Iter: 330 overflow: 0.578736 HPWL: 11302287477
[NesterovSolve] Iter: 340 overflow: 0.528831 HPWL: 12387586277
[NesterovSolve] Iter: 350 overflow: 0.495225 HPWL: 12487545784
[NesterovSolve] Iter: 360 overflow: 0.46341 HPWL: 12585213533
[NesterovSolve] Iter: 370 overflow: 0.425195 HPWL: 12843142271
[NesterovSolve] Iter: 380 overflow: 0.396358 HPWL: 12339471961
[NesterovSolve] Iter: 390 overflow: 0.369488 HPWL: 12239157992
[NesterovSolve] Iter: 400 overflow: 0.344983 HPWL: 12183963856
[NesterovSolve] Iter: 410 overflow: 0.330408 HPWL: 11894178570
[NesterovSolve] Iter: 420 overflow: 0.312332 HPWL: 11625896053
[NesterovSolve] Iter: 430 overflow: 0.297392 HPWL: 11207133487
[NesterovSolve] Iter: 440 overflow: 0.281124 HPWL: 10848075503
[NesterovSolve] Iter: 450 overflow: 0.260137 HPWL: 10512896188
[NesterovSolve] Iter: 460 overflow: 0.236707 HPWL: 10228216745
[NesterovSolve] Iter: 470 overflow: 0.21333 HPWL: 9983358214
[NesterovSolve] Iter: 480 overflow: 0.192312 HPWL: 9757709856
[NesterovSolve] Iter: 490 overflow: 0.171445 HPWL: 9593944552
[NesterovSolve] Iter: 500 overflow: 0.152265 HPWL: 9489462431
[NesterovSolve] Iter: 510 overflow: 0.135318 HPWL: 9425040703
[NesterovSolve] Iter: 520 overflow: 0.120439 HPWL: 9387009782
[NesterovSolve] Iter: 530 overflow: 0.106802 HPWL: 9363386918
[NesterovSolve] Finished with Overflow: 0.099965
Elapsed time: 1:03.88[h:]min:sec. CPU time: user 63.46 sys 0.41 (99%). Peak memory: 1200692KB.
