OpenROAD v2.0-11432-gead3236e5 
This program is licensed under the BSD-3 license. See the LICENSE file for details.
Components of this program may be licensed under more restrictive licenses which must be honored.
[INFO GPL-0002] DBU: 2000
[INFO GPL-0003] SiteSize: 380 2800
[INFO GPL-0004] CoreAreaLxLy: 20140 22400
[INFO GPL-0005] CoreAreaUxUy: 2679760 2578800
[INFO GPL-0006] NumInstances: 295498
[INFO GPL-0007] NumPlaceInstances: 279334
[INFO GPL-0008] NumFixedInstances: 9464
[INFO GPL-0009] NumDummyInstances: 6700
[INFO GPL-0010] NumNets: 320876
[INFO GPL-0011] NumPins: 965445
[INFO GPL-0012] DieAreaLxLy: 0 0
[INFO GPL-0013] DieAreaUxUy: 2700000 2600000
[INFO GPL-0014] CoreAreaLxLy: 20140 22400
[INFO GPL-0015] CoreAreaUxUy: 2679760 2578800
[INFO GPL-0016] CoreArea: 6799052568000
[INFO GPL-0017] NonPlaceInstsArea: 1805587784000
[INFO GPL-0018] PlaceInstsArea: 1591944032000
[INFO GPL-0019] Util(%): 31.88
[INFO GPL-0020] StdInstsArea: 1591944032000
[INFO GPL-0021] MacroInstsArea: 0
[INFO GPL-0031] FillerInit: NumGCells: 932467
[INFO GPL-0032] FillerInit: NumGNets: 320876
[INFO GPL-0033] FillerInit: NumGPins: 965445
[INFO GPL-0023] TargetDensity: 1.00
[INFO GPL-0024] AveragePlaceInstArea: 5699070
[INFO GPL-0025] IdealBinArea: 5699070
[INFO GPL-0026] IdealBinCnt: 1193010
[INFO GPL-0027] TotalBinArea: 6799052568000
[INFO GPL-0028] BinCnt: 1024 1024
[INFO GPL-0029] BinSize: 2598 2497
[INFO GPL-0030] NumBins: 1048576
global_placement -density 0.3628652399778366 -pad_left 0 -pad_right 0 -routability_driven -timing_driven
[INFO GPL-0002] DBU: 2000
[INFO GPL-0003] SiteSize: 380 2800
[INFO GPL-0004] CoreAreaLxLy: 20140 22400
[INFO GPL-0005] CoreAreaUxUy: 2679760 2578800
[INFO GPL-0006] NumInstances: 295498
[INFO GPL-0007] NumPlaceInstances: 279334
[INFO GPL-0008] NumFixedInstances: 9464
[INFO GPL-0009] NumDummyInstances: 6700
[INFO GPL-0010] NumNets: 320876
[INFO GPL-0011] NumPins: 965445
[INFO GPL-0012] DieAreaLxLy: 0 0
[INFO GPL-0013] DieAreaUxUy: 2700000 2600000
[INFO GPL-0014] CoreAreaLxLy: 20140 22400
[INFO GPL-0015] CoreAreaUxUy: 2679760 2578800
[INFO GPL-0016] CoreArea: 6799052568000
[INFO GPL-0017] NonPlaceInstsArea: 1805587784000
[INFO GPL-0018] PlaceInstsArea: 1591944032000
[INFO GPL-0019] Util(%): 31.88
[INFO GPL-0020] StdInstsArea: 1591944032000
[INFO GPL-0021] MacroInstsArea: 0
[InitialPlace]  Iter: 1 CG residual: 0.00272994 HPWL: 12953579610
[InitialPlace]  Iter: 2 CG residual: 0.00155691 HPWL: 9736544078
[InitialPlace]  Iter: 3 CG residual: 0.00133490 HPWL: 9339403987
[InitialPlace]  Iter: 4 CG residual: 0.00064264 HPWL: 8953263294
[InitialPlace]  Iter: 5 CG residual: 0.00044718 HPWL: 8693332782
[InitialPlace]  Iter: 6 CG residual: 0.00027921 HPWL: 8485860865
[InitialPlace]  Iter: 7 CG residual: 0.00014199 HPWL: 8405415618
[InitialPlace]  Iter: 8 CG residual: 0.00010161 HPWL: 8360859412
[InitialPlace]  Iter: 9 CG residual: 0.00010717 HPWL: 8339174659
[InitialPlace]  Iter: 10 CG residual: 0.00009397 HPWL: 8332918552
[InitialPlace]  Iter: 11 CG residual: 0.00011749 HPWL: 8329027305
[InitialPlace]  Iter: 12 CG residual: 0.00062935 HPWL: 8326489775
[InitialPlace]  Iter: 13 CG residual: 0.00008663 HPWL: 8385348085
[InitialPlace]  Iter: 14 CG residual: 0.00009015 HPWL: 8342846820
[InitialPlace]  Iter: 15 CG residual: 0.00008004 HPWL: 8336679780
[InitialPlace]  Iter: 16 CG residual: 0.00015062 HPWL: 8332299075
[InitialPlace]  Iter: 17 CG residual: 0.00007869 HPWL: 8329214988
[InitialPlace]  Iter: 18 CG residual: 0.00009186 HPWL: 8328758762
[InitialPlace]  Iter: 19 CG residual: 0.00006072 HPWL: 8329716666
[InitialPlace]  Iter: 20 CG residual: 0.00005531 HPWL: 8327603124
[INFO GPL-0031] FillerInit: NumGCells: 321578
[INFO GPL-0032] FillerInit: NumGNets: 320876
[INFO GPL-0033] FillerInit: NumGPins: 965445
[INFO GPL-0023] TargetDensity: 0.36
[INFO GPL-0024] AveragePlaceInstArea: 5699070
[INFO GPL-0025] IdealBinArea: 15705748
[INFO GPL-0026] IdealBinCnt: 432902
[INFO GPL-0027] TotalBinArea: 6799052568000
[INFO GPL-0028] BinCnt: 512 512
[INFO GPL-0029] BinSize: 5195 4993
[INFO GPL-0030] NumBins: 262144
[NesterovSolve] Iter: 1 overflow: 0.979581 HPWL: 6690109203
[NesterovSolve] Iter: 10 overflow: 0.952073 HPWL: 7736179278
[NesterovSolve] Iter: 20 overflow: 0.930429 HPWL: 8199886109
[NesterovSolve] Iter: 30 overflow: 0.915119 HPWL: 8721855249
[NesterovSolve] Iter: 40 overflow: 0.904272 HPWL: 9332974590
[NesterovSolve] Iter: 50 overflow: 0.899858 HPWL: 9836684327
[NesterovSolve] Iter: 60 overflow: 0.899055 HPWL: 10043805232
[NesterovSolve] Iter: 70 overflow: 0.89693 HPWL: 10161316005
[NesterovSolve] Iter: 80 overflow: 0.895905 HPWL: 10250214822
[NesterovSolve] Iter: 90 overflow: 0.895261 HPWL: 10251240362
[NesterovSolve] Iter: 100 overflow: 0.894527 HPWL: 10162800016
[NesterovSolve] Iter: 110 overflow: 0.894652 HPWL: 10040980357
[NesterovSolve] Iter: 120 overflow: 0.895237 HPWL: 9922116559
[NesterovSolve] Iter: 130 overflow: 0.895306 HPWL: 9843023082
[NesterovSolve] Iter: 140 overflow: 0.894673 HPWL: 9785240210
[NesterovSolve] Iter: 150 overflow: 0.894367 HPWL: 9752074517
[NesterovSolve] Iter: 160 overflow: 0.89239 HPWL: 9742901118
[NesterovSolve] Iter: 170 overflow: 0.88888 HPWL: 9750372540
[NesterovSolve] Iter: 180 overflow: 0.88292 HPWL: 9780144178
[NesterovSolve] Iter: 190 overflow: 0.875818 HPWL: 9811595251
[NesterovSolve] Iter: 200 overflow: 0.86597 HPWL: 9842568757
[NesterovSolve] Iter: 210 overflow: 0.85263 HPWL: 9882268586
[NesterovSolve] Iter: 220 overflow: 0.833835 HPWL: 9945967773
[NesterovSolve] Iter: 230 overflow: 0.808304 HPWL: 10072822947
[NesterovSolve] Iter: 240 overflow: 0.773453 HPWL: 10331461416
[INFO GPL-0100] worst slack -4.15e-10
[INFO GPL-0103] Weighted 29769 nets.
[NesterovSolve] Iter: 250 overflow: 0.7323 HPWL: 10679916581
[NesterovSolve] Iter: 260 overflow: 0.69506 HPWL: 10806931715
[NesterovSolve] Iter: 270 overflow: 0.662681 HPWL: 10762682824
[NesterovSolve] Iter: 280 overflow: 0.624805 HPWL: 11131658408
[INFO GPL-0100] worst slack -5.23e-09
[INFO GPL-0103] Weighted 29769 nets.
[NesterovSolve] Snapshot saved at iter = 286
[NesterovSolve] Iter: 290 overflow: 0.587818 HPWL: 11966704730
[NesterovSolve] Iter: 300 overflow: 0.55618 HPWL: 12259923230
[NesterovSolve] Iter: 310 overflow: 0.511357 HPWL: 12759416409
[NesterovSolve] Iter: 320 overflow: 0.478244 HPWL: 13048046848
[INFO GPL-0100] worst slack -4.73e-09
[INFO GPL-0103] Weighted 29769 nets.
[NesterovSolve] Iter: 330 overflow: 0.430178 HPWL: 13722918263
[NesterovSolve] Iter: 340 overflow: 0.406763 HPWL: 13061739942
[NesterovSolve] Iter: 350 overflow: 0.382215 HPWL: 12983129428
[NesterovSolve] Iter: 360 overflow: 0.353149 HPWL: 12795172585
[NesterovSolve] Iter: 370 overflow: 0.339924 HPWL: 12715016480
[NesterovSolve] Iter: 380 overflow: 0.321846 HPWL: 12400140903
[NesterovSolve] Iter: 390 overflow: 0.305361 HPWL: 11920670176
[NesterovSolve] Iter: 400 overflow: 0.289673 HPWL: 11607843421
[INFO GPL-0100] worst slack -2.8e-09
[INFO GPL-0103] Weighted 29769 nets.
[NesterovSolve] Iter: 410 overflow: 0.268412 HPWL: 11288380340
[NesterovSolve] Iter: 420 overflow: 0.244544 HPWL: 11024735205
[NesterovSolve] Iter: 430 overflow: 0.221039 HPWL: 10818527656
[NesterovSolve] Iter: 440 overflow: 0.199747 HPWL: 10633846629
[INFO GPL-0075] Routability numCall: 1 inflationIterCnt: 1 bloatIterCnt: 0
[INFO GPL-0036] TileLxLy: 0 0
[INFO GPL-0037] TileSize: 4200 4200
[INFO GPL-0038] TileCnt: 642 619
[INFO GPL-0039] numRoutingLayers: 10
[INFO GPL-0040] NumTiles: 397398
[INFO GPL-0063] TotalRouteOverflowH2: 187.8666853904724
[INFO GPL-0064] TotalRouteOverflowV2: 197.3052088022232
[INFO GPL-0065] OverflowTileCnt2: 1159
[INFO GPL-0066] 0.5%RC: 1.0256753704237356
[INFO GPL-0067] 1.0%RC: 1.0128376852118677
[INFO GPL-0068] 2.0%RC: 1.0064190619260762
[INFO GPL-0069] 5.0%RC: 1.0025676774101424
[INFO GPL-0070] 0.5rcK: 1.0
[INFO GPL-0071] 1.0rcK: 1.0
[INFO GPL-0072] 2.0rcK: 0.0
[INFO GPL-0073] 5.0rcK: 0.0
[INFO GPL-0074] FinalRC: 1.0192565
[INFO GPL-0100] worst slack -2.57e-09
[INFO GPL-0103] Weighted 29769 nets.
[NesterovSolve] Iter: 450 overflow: 0.178095 HPWL: 10509800912
[NesterovSolve] Iter: 460 overflow: 0.159522 HPWL: 10425526457
[NesterovSolve] Iter: 470 overflow: 0.142466 HPWL: 10388083401
[INFO GPL-0100] worst slack -2.38e-09
[INFO GPL-0103] Weighted 29769 nets.
[NesterovSolve] Iter: 480 overflow: 0.126786 HPWL: 10391122951
[NesterovSolve] Iter: 490 overflow: 0.113297 HPWL: 10406419643
[NesterovSolve] Iter: 500 overflow: 0.103242 HPWL: 10366214197
[NesterovSolve] Finished with Overflow: 0.099185
Warning: There are 4 input ports missing set_input_delay.
Warning: There are 4 output ports missing set_output_delay.
Warning: There are 559 unconstrained endpoints.

==========================================================================
global place report_design_area
--------------------------------------------------------------------------
Design area 728870 u^2 43% utilization.
Elapsed time: 6:09.14[h:]min:sec. CPU time: user 421.03 sys 1.18 (114%). Peak memory: 2976188KB.
