OpenROAD v2.0-11432-gead3236e5 
This program is licensed under the BSD-3 license. See the LICENSE file for details.
Components of this program may be licensed under more restrictive licenses which must be honored.
Warning: There are 4 input ports missing set_input_delay.
Warning: There are 4 output ports missing set_output_delay.
Warning: There are 559 unconstrained endpoints.

==========================================================================
resizer pre report_design_area
--------------------------------------------------------------------------
Design area 728870 u^2 43% utilization.

==========================================================================
instance_count
--------------------------------------------------------------------------
288798

==========================================================================
pin_count
--------------------------------------------------------------------------
964247

Perform port buffering...
[INFO RSZ-0027] Inserted 599 input buffers.
[INFO RSZ-0028] Inserted 598 output buffers.
Perform buffer insertion...
[INFO RSZ-0058] Using max wire length 661um.
[INFO RSZ-0034] Found 98442 slew violations.
[INFO RSZ-0036] Found 585 capacitance violations.
[INFO RSZ-0037] Found 869 long wires.
[INFO RSZ-0038] Inserted 5092 buffers in 98910 nets.
[INFO RSZ-0039] Resized 21785 instances.
Repair tie lo fanout...
[INFO RSZ-0042] Inserted 10179 tie LOGIC0_X1 instances.
Repair tie hi fanout...
[INFO RSZ-0042] Inserted 585 tie LOGIC1_X1 instances.

==========================================================================
report_floating_nets
--------------------------------------------------------------------------
Warning: There are 4 input ports missing set_input_delay.
Warning: There are 4 output ports missing set_output_delay.
Warning: There are 559 unconstrained endpoints.

==========================================================================
resizer report_design_area
--------------------------------------------------------------------------
Design area 803657 u^2 47% utilization.

==========================================================================
instance_count
--------------------------------------------------------------------------
305797

==========================================================================
pin_count
--------------------------------------------------------------------------
987535

Elapsed time: 1:09.39[h:]min:sec. CPU time: user 68.96 sys 0.42 (99%). Peak memory: 1437624KB.
