OpenROAD v2.0-11432-gead3236e5 
This program is licensed under the BSD-3 license. See the LICENSE file for details.
Components of this program may be licensed under more restrictive licenses which must be honored.
[INFO GPL-0002] DBU: 2000
[INFO GPL-0003] SiteSize: 380 2800
[INFO GPL-0004] CoreAreaLxLy: 20140 19600
[INFO GPL-0005] CoreAreaUxUy: 829540 977200
[INFO GPL-0006] NumInstances: 25781
[INFO GPL-0007] NumPlaceInstances: 23998
[INFO GPL-0008] NumFixedInstances: 1372
[INFO GPL-0009] NumDummyInstances: 411
[INFO GPL-0010] NumNets: 29513
[INFO GPL-0011] NumPins: 91549
[INFO GPL-0012] DieAreaLxLy: 0 0
[INFO GPL-0013] DieAreaUxUy: 849840 998800
[INFO GPL-0014] CoreAreaLxLy: 20140 19600
[INFO GPL-0015] CoreAreaUxUy: 829540 977200
[INFO GPL-0016] CoreArea: 775081440000
[INFO GPL-0017] NonPlaceInstsArea: 57300656000
[INFO GPL-0018] PlaceInstsArea: 189259000000
[INFO GPL-0019] Util(%): 26.37
[INFO GPL-0020] StdInstsArea: 189259000000
[INFO GPL-0021] MacroInstsArea: 0
[INFO GPL-0031] FillerInit: NumGCells: 27412
[INFO GPL-0032] FillerInit: NumGNets: 29513
[INFO GPL-0033] FillerInit: NumGPins: 91549
[INFO GPL-0023] TargetDensity: 0.30
[INFO GPL-0024] AveragePlaceInstArea: 7886448
[INFO GPL-0025] IdealBinArea: 26288158
[INFO GPL-0026] IdealBinCnt: 29484
[INFO GPL-0027] TotalBinArea: 775081440000
[INFO GPL-0028] BinCnt: 128 128
[INFO GPL-0029] BinSize: 6324 7482
[INFO GPL-0030] NumBins: 16384
[NesterovSolve] Iter: 1 overflow: 0.997241 HPWL: 110520808
[NesterovSolve] Iter: 10 overflow: 0.991425 HPWL: 120897651
[NesterovSolve] Iter: 20 overflow: 0.99062 HPWL: 123282219
[NesterovSolve] Iter: 30 overflow: 0.989458 HPWL: 128173860
[NesterovSolve] Iter: 40 overflow: 0.988533 HPWL: 132289623
[NesterovSolve] Iter: 50 overflow: 0.988132 HPWL: 134100574
[NesterovSolve] Iter: 60 overflow: 0.988165 HPWL: 134240363
[NesterovSolve] Iter: 70 overflow: 0.987937 HPWL: 132901991
[NesterovSolve] Iter: 80 overflow: 0.988421 HPWL: 130056154
[NesterovSolve] Iter: 90 overflow: 0.988896 HPWL: 126015246
[NesterovSolve] Iter: 100 overflow: 0.989681 HPWL: 121599137
[NesterovSolve] Iter: 110 overflow: 0.990543 HPWL: 117766101
[NesterovSolve] Iter: 120 overflow: 0.991164 HPWL: 115279358
[NesterovSolve] Iter: 130 overflow: 0.991925 HPWL: 114495708
[NesterovSolve] Iter: 140 overflow: 0.992309 HPWL: 116154021
[NesterovSolve] Iter: 150 overflow: 0.992365 HPWL: 122033489
[NesterovSolve] Iter: 160 overflow: 0.991718 HPWL: 134632795
[NesterovSolve] Iter: 170 overflow: 0.990303 HPWL: 155004177
[NesterovSolve] Iter: 180 overflow: 0.988029 HPWL: 183493057
[NesterovSolve] Iter: 190 overflow: 0.984515 HPWL: 222560960
[NesterovSolve] Iter: 200 overflow: 0.975051 HPWL: 272551438
[NesterovSolve] Iter: 210 overflow: 0.952048 HPWL: 330645281
[NesterovSolve] Iter: 220 overflow: 0.922968 HPWL: 385083145
[NesterovSolve] Iter: 230 overflow: 0.890366 HPWL: 445323469
[NesterovSolve] Iter: 240 overflow: 0.854937 HPWL: 500662704
[NesterovSolve] Iter: 250 overflow: 0.818868 HPWL: 548775130
[NesterovSolve] Iter: 260 overflow: 0.779902 HPWL: 588907855
[NesterovSolve] Iter: 270 overflow: 0.739791 HPWL: 628991037
[NesterovSolve] Iter: 280 overflow: 0.696764 HPWL: 675318177
[NesterovSolve] Iter: 290 overflow: 0.652987 HPWL: 728404246
[NesterovSolve] Iter: 300 overflow: 0.609056 HPWL: 775545568
[NesterovSolve] Iter: 310 overflow: 0.569145 HPWL: 816414056
[NesterovSolve] Iter: 320 overflow: 0.523684 HPWL: 845456858
[NesterovSolve] Iter: 330 overflow: 0.477513 HPWL: 867171637
[NesterovSolve] Iter: 340 overflow: 0.43377 HPWL: 881900159
[NesterovSolve] Iter: 350 overflow: 0.391698 HPWL: 889279491
[NesterovSolve] Iter: 360 overflow: 0.356342 HPWL: 899962247
[NesterovSolve] Iter: 370 overflow: 0.322652 HPWL: 905052639
[NesterovSolve] Iter: 380 overflow: 0.292101 HPWL: 903486661
[NesterovSolve] Iter: 390 overflow: 0.259405 HPWL: 905112773
[NesterovSolve] Iter: 400 overflow: 0.230532 HPWL: 905345790
[NesterovSolve] Iter: 410 overflow: 0.205268 HPWL: 906924839
[NesterovSolve] Iter: 420 overflow: 0.180674 HPWL: 907649408
[NesterovSolve] Iter: 430 overflow: 0.158461 HPWL: 909156626
[NesterovSolve] Iter: 440 overflow: 0.138708 HPWL: 911194745
[NesterovSolve] Iter: 450 overflow: 0.118308 HPWL: 913175339
[NesterovSolve] Iter: 460 overflow: 0.10312 HPWL: 915357753
[NesterovSolve] Finished with Overflow: 0.099050
Elapsed time: 0:03.91[h:]min:sec. CPU time: user 3.86 sys 0.04 (100%). Peak memory: 171088KB.
