OpenROAD v2.0-11432-gead3236e5 
This program is licensed under the BSD-3 license. See the LICENSE file for details.
Components of this program may be licensed under more restrictive licenses which must be honored.
global_placement -density 0.30 -pad_left 0 -pad_right 0 -routability_driven -timing_driven
[INFO GPL-0002] DBU: 2000
[INFO GPL-0003] SiteSize: 380 2800
[INFO GPL-0004] CoreAreaLxLy: 20140 19600
[INFO GPL-0005] CoreAreaUxUy: 829540 977200
[INFO GPL-0006] NumInstances: 25781
[INFO GPL-0007] NumPlaceInstances: 23998
[INFO GPL-0008] NumFixedInstances: 1372
[INFO GPL-0009] NumDummyInstances: 411
[INFO GPL-0010] NumNets: 29513
[INFO GPL-0011] NumPins: 91818
[INFO GPL-0012] DieAreaLxLy: 0 0
[INFO GPL-0013] DieAreaUxUy: 849840 998800
[INFO GPL-0014] CoreAreaLxLy: 20140 19600
[INFO GPL-0015] CoreAreaUxUy: 829540 977200
[INFO GPL-0016] CoreArea: 775081440000
[INFO GPL-0017] NonPlaceInstsArea: 57300656000
[INFO GPL-0018] PlaceInstsArea: 189259000000
[INFO GPL-0019] Util(%): 26.37
[INFO GPL-0020] StdInstsArea: 189259000000
[INFO GPL-0021] MacroInstsArea: 0
[InitialPlace]  Iter: 1 CG residual: 0.00358666 HPWL: 1137683536
[InitialPlace]  Iter: 2 CG residual: 0.00212740 HPWL: 428053996
[InitialPlace]  Iter: 3 CG residual: 0.00210836 HPWL: 411304505
[InitialPlace]  Iter: 4 CG residual: 0.00040711 HPWL: 403475193
[InitialPlace]  Iter: 5 CG residual: 0.00029162 HPWL: 396698662
[InitialPlace]  Iter: 6 CG residual: 0.00037935 HPWL: 390637866
[InitialPlace]  Iter: 7 CG residual: 0.00024480 HPWL: 387525022
[InitialPlace]  Iter: 8 CG residual: 0.00021148 HPWL: 386009555
[InitialPlace]  Iter: 9 CG residual: 0.00014000 HPWL: 385133223
[InitialPlace]  Iter: 10 CG residual: 0.00015024 HPWL: 384522469
[InitialPlace]  Iter: 11 CG residual: 0.00007822 HPWL: 383316739
[InitialPlace]  Iter: 12 CG residual: 0.00007002 HPWL: 383070343
[InitialPlace]  Iter: 13 CG residual: 0.00009858 HPWL: 382064372
[InitialPlace]  Iter: 14 CG residual: 0.00005578 HPWL: 381830996
[InitialPlace]  Iter: 15 CG residual: 0.00008797 HPWL: 380995887
[InitialPlace]  Iter: 16 CG residual: 0.00009540 HPWL: 380814813
[InitialPlace]  Iter: 17 CG residual: 0.00009962 HPWL: 380195844
[InitialPlace]  Iter: 18 CG residual: 0.00009897 HPWL: 380191695
[InitialPlace]  Iter: 19 CG residual: 0.00014716 HPWL: 379491458
[InitialPlace]  Iter: 20 CG residual: 0.00007015 HPWL: 379840414
[INFO GPL-0031] FillerInit: NumGCells: 27412
[INFO GPL-0032] FillerInit: NumGNets: 29513
[INFO GPL-0033] FillerInit: NumGPins: 91818
[INFO GPL-0023] TargetDensity: 0.30
[INFO GPL-0024] AveragePlaceInstArea: 7886448
[INFO GPL-0025] IdealBinArea: 26288158
[INFO GPL-0026] IdealBinCnt: 29484
[INFO GPL-0027] TotalBinArea: 775081440000
[INFO GPL-0028] BinCnt: 128 128
[INFO GPL-0029] BinSize: 6324 7482
[INFO GPL-0030] NumBins: 16384
[NesterovSolve] Iter: 1 overflow: 0.987306 HPWL: 241317509
[NesterovSolve] Iter: 10 overflow: 0.958885 HPWL: 265214285
[NesterovSolve] Iter: 20 overflow: 0.942201 HPWL: 267264232
[NesterovSolve] Iter: 30 overflow: 0.936269 HPWL: 273107112
[NesterovSolve] Iter: 40 overflow: 0.934631 HPWL: 279336370
[NesterovSolve] Iter: 50 overflow: 0.934658 HPWL: 283596728
[NesterovSolve] Iter: 60 overflow: 0.934124 HPWL: 285553495
[NesterovSolve] Iter: 70 overflow: 0.93394 HPWL: 285070804
[NesterovSolve] Iter: 80 overflow: 0.934561 HPWL: 283245800
[NesterovSolve] Iter: 90 overflow: 0.935051 HPWL: 282042168
[NesterovSolve] Iter: 100 overflow: 0.934959 HPWL: 282189005
[NesterovSolve] Iter: 110 overflow: 0.934661 HPWL: 283560903
[NesterovSolve] Iter: 120 overflow: 0.934283 HPWL: 285662442
[NesterovSolve] Iter: 130 overflow: 0.933769 HPWL: 288444508
[NesterovSolve] Iter: 140 overflow: 0.933232 HPWL: 292412411
[NesterovSolve] Iter: 150 overflow: 0.932663 HPWL: 298465196
[NesterovSolve] Iter: 160 overflow: 0.931716 HPWL: 308117716
[NesterovSolve] Iter: 170 overflow: 0.930045 HPWL: 322612976
[NesterovSolve] Iter: 180 overflow: 0.927259 HPWL: 342600906
[NesterovSolve] Iter: 190 overflow: 0.922646 HPWL: 368771136
[NesterovSolve] Iter: 200 overflow: 0.914478 HPWL: 402224471
[NesterovSolve] Iter: 210 overflow: 0.899381 HPWL: 442170374
[NesterovSolve] Iter: 220 overflow: 0.877061 HPWL: 488593725
[NesterovSolve] Iter: 230 overflow: 0.846346 HPWL: 537385112
[NesterovSolve] Iter: 240 overflow: 0.815782 HPWL: 588914228
[NesterovSolve] Iter: 250 overflow: 0.785675 HPWL: 643009482
[INFO GPL-0100] worst slack -2.61e-10
[INFO GPL-0103] Weighted 2943 nets.
[NesterovSolve] Iter: 260 overflow: 0.757562 HPWL: 678069081
[NesterovSolve] Iter: 270 overflow: 0.72273 HPWL: 706598376
[NesterovSolve] Iter: 280 overflow: 0.681561 HPWL: 740059562
[NesterovSolve] Iter: 290 overflow: 0.654014 HPWL: 772111814
[INFO GPL-0100] worst slack -2.28e-10
[INFO GPL-0103] Weighted 2944 nets.
[NesterovSolve] Iter: 300 overflow: 0.611418 HPWL: 810880316
[NesterovSolve] Snapshot saved at iter = 302
[NesterovSolve] Iter: 310 overflow: 0.560843 HPWL: 838889803
[NesterovSolve] Iter: 320 overflow: 0.517405 HPWL: 869700464
[INFO GPL-0100] worst slack -4.94e-10
[INFO GPL-0103] Weighted 2943 nets.
[NesterovSolve] Iter: 330 overflow: 0.4694 HPWL: 887380568
[NesterovSolve] Iter: 340 overflow: 0.433268 HPWL: 887252526
[NesterovSolve] Iter: 350 overflow: 0.387214 HPWL: 899648016
[NesterovSolve] Iter: 360 overflow: 0.35313 HPWL: 906291589
[NesterovSolve] Iter: 370 overflow: 0.316932 HPWL: 904582785
[NesterovSolve] Iter: 380 overflow: 0.284168 HPWL: 902895832
[INFO GPL-0100] worst slack -1.5e-10
[INFO GPL-0103] Weighted 2943 nets.
[NesterovSolve] Iter: 390 overflow: 0.255838 HPWL: 903821687
[NesterovSolve] Iter: 400 overflow: 0.228074 HPWL: 904025025
[NesterovSolve] Iter: 410 overflow: 0.202144 HPWL: 904519772
[INFO GPL-0100] worst slack -2.56e-10
[INFO GPL-0103] Weighted 2944 nets.
[INFO GPL-0075] Routability numCall: 1 inflationIterCnt: 1 bloatIterCnt: 0
[INFO GPL-0036] TileLxLy: 0 0
[INFO GPL-0037] TileSize: 4200 4200
[INFO GPL-0038] TileCnt: 202 237
[INFO GPL-0039] numRoutingLayers: 10
[INFO GPL-0040] NumTiles: 47874
[INFO GPL-0063] TotalRouteOverflowH2: 0.0
[INFO GPL-0064] TotalRouteOverflowV2: 0.0
[INFO GPL-0065] OverflowTileCnt2: 0
[INFO GPL-0066] 0.5%RC: 1.0
[INFO GPL-0067] 1.0%RC: 1.0
[INFO GPL-0068] 2.0%RC: 1.0
[INFO GPL-0069] 5.0%RC: 0.9578165249614361
[INFO GPL-0070] 0.5rcK: 1.0
[INFO GPL-0071] 1.0rcK: 1.0
[INFO GPL-0072] 2.0rcK: 0.0
[INFO GPL-0073] 5.0rcK: 0.0
[INFO GPL-0074] FinalRC: 1.0
[NesterovSolve] Iter: 420 overflow: 0.175445 HPWL: 904661264
[NesterovSolve] Iter: 430 overflow: 0.152263 HPWL: 905508929
[INFO GPL-0100] worst slack -3.24e-10
[INFO GPL-0103] Weighted 2944 nets.
[NesterovSolve] Iter: 440 overflow: 0.131351 HPWL: 906615856
[NesterovSolve] Iter: 450 overflow: 0.113248 HPWL: 907986758
[NesterovSolve] Iter: 460 overflow: 0.0990685 HPWL: 910097109
[NesterovSolve] Finished with Overflow: 0.099068
Warning: There are 136 input ports missing set_input_delay.
Warning: There are 132 output ports missing set_output_delay.
Warning: There are 165 unconstrained endpoints.

==========================================================================
global place report_design_area
--------------------------------------------------------------------------
Design area 50160 u^2 26% utilization.
Elapsed time: 0:38.37[h:]min:sec. CPU time: user 47.74 sys 0.16 (124%). Peak memory: 491092KB.
