OpenROAD autotuner-v1-2861-g832b18e7 
This program is licensed under the BSD-3 license. See the LICENSE file for details.
Components of this program may be licensed under more restrictive licenses which must be honored.
[INFO GPL-0002] DBU: 1000
[INFO GPL-0003] SiteSize: 54 270
[INFO GPL-0004] CoreAreaLxLy: 2052 2160
[INFO GPL-0005] CoreAreaUxUy: 76518 76410
[INFO GPL-0006] NumInstances: 17168
[INFO GPL-0007] NumPlaceInstances: 16341
[INFO GPL-0008] NumFixedInstances: 827
[INFO GPL-0009] NumDummyInstances: 0
[INFO GPL-0010] NumNets: 17171
[INFO GPL-0011] NumPins: 63005
[INFO GPL-0012] DieAreaLxLy: 0 0
[INFO GPL-0013] DieAreaUxUy: 78526 78526
[INFO GPL-0014] CoreAreaLxLy: 2052 2160
[INFO GPL-0015] CoreAreaUxUy: 76518 76410
[INFO GPL-0016] CoreArea: 5529100500
[INFO GPL-0017] NonPlaceInstsArea: 24115320
[INFO GPL-0018] PlaceInstsArea: 3055516020
[INFO GPL-0019] Util(%): 55.50
[INFO GPL-0020] StdInstsArea: 3055516020
[INFO GPL-0021] MacroInstsArea: 0
[INFO GPL-0031] FillerInit: NumGCells: 30128
[INFO GPL-0032] FillerInit: NumGNets: 17171
[INFO GPL-0033] FillerInit: NumGPins: 63005
[INFO GPL-0023] TargetDensity: 1.00
[INFO GPL-0024] AveragePlaceInstArea: 186984
[INFO GPL-0025] IdealBinArea: 186984
[INFO GPL-0026] IdealBinCnt: 29569
[INFO GPL-0027] TotalBinArea: 5529100500
[INFO GPL-0028] BinCnt: 128 128
[INFO GPL-0029] BinSize: 582 581
[INFO GPL-0030] NumBins: 16384
[INFO GPL-0002] DBU: 1000
[INFO GPL-0003] SiteSize: 54 270
[INFO GPL-0004] CoreAreaLxLy: 2052 2160
[INFO GPL-0005] CoreAreaUxUy: 76518 76410
[INFO GPL-0006] NumInstances: 17168
[INFO GPL-0007] NumPlaceInstances: 16341
[INFO GPL-0008] NumFixedInstances: 827
[INFO GPL-0009] NumDummyInstances: 0
[INFO GPL-0010] NumNets: 17171
[INFO GPL-0011] NumPins: 63005
[INFO GPL-0012] DieAreaLxLy: 0 0
[INFO GPL-0013] DieAreaUxUy: 78526 78526
[INFO GPL-0014] CoreAreaLxLy: 2052 2160
[INFO GPL-0015] CoreAreaUxUy: 76518 76410
[INFO GPL-0016] CoreArea: 5529100500
[INFO GPL-0017] NonPlaceInstsArea: 24115320
[INFO GPL-0018] PlaceInstsArea: 3055516020
[INFO GPL-0019] Util(%): 55.50
[INFO GPL-0020] StdInstsArea: 3055516020
[INFO GPL-0021] MacroInstsArea: 0
[InitialPlace]  Iter: 1 CG residual: 0.00003002 HPWL: 64420282
[InitialPlace]  Iter: 2 CG residual: 0.00000776 HPWL: 30903694
[InitialPlace]  Iter: 3 CG residual: 0.00000182 HPWL: 30581200
[InitialPlace]  Iter: 4 CG residual: 0.00000116 HPWL: 30575080
[InitialPlace]  Iter: 5 CG residual: 0.00000068 HPWL: 30518180
[INFO GPL-0031] FillerInit: NumGCells: 19408
[INFO GPL-0032] FillerInit: NumGNets: 17171
[INFO GPL-0033] FillerInit: NumGPins: 63005
[INFO GPL-0023] TargetDensity: 0.65
[INFO GPL-0024] AveragePlaceInstArea: 186984
[INFO GPL-0025] IdealBinArea: 285892
[INFO GPL-0026] IdealBinCnt: 19339
[INFO GPL-0027] TotalBinArea: 5529100500
[INFO GPL-0028] BinCnt: 128 128
[INFO GPL-0029] BinSize: 582 581
[INFO GPL-0030] NumBins: 16384
[NesterovSolve] Iter: 1 overflow: 0.968631 HPWL: 25259272
[NesterovSolve] Iter: 10 overflow: 0.932745 HPWL: 25559153
[NesterovSolve] Iter: 20 overflow: 0.908281 HPWL: 28101591
[NesterovSolve] Iter: 30 overflow: 0.897969 HPWL: 28803144
[NesterovSolve] Iter: 40 overflow: 0.893326 HPWL: 28993816
[NesterovSolve] Iter: 50 overflow: 0.891483 HPWL: 29058173
[NesterovSolve] Iter: 60 overflow: 0.891055 HPWL: 28953634
[NesterovSolve] Iter: 70 overflow: 0.891158 HPWL: 29007502
[NesterovSolve] Iter: 80 overflow: 0.890696 HPWL: 29109955
[NesterovSolve] Iter: 90 overflow: 0.89075 HPWL: 29161872
[NesterovSolve] Iter: 100 overflow: 0.890419 HPWL: 29148827
[NesterovSolve] Iter: 110 overflow: 0.890323 HPWL: 29132438
[NesterovSolve] Iter: 120 overflow: 0.889821 HPWL: 29176773
[NesterovSolve] Iter: 130 overflow: 0.889229 HPWL: 29347389
[NesterovSolve] Iter: 140 overflow: 0.887289 HPWL: 29687017
[NesterovSolve] Iter: 150 overflow: 0.883849 HPWL: 30222674
[NesterovSolve] Iter: 160 overflow: 0.878804 HPWL: 31009705
[NesterovSolve] Iter: 170 overflow: 0.871189 HPWL: 32119159
[NesterovSolve] Iter: 180 overflow: 0.860016 HPWL: 33596301
[NesterovSolve] Iter: 190 overflow: 0.844934 HPWL: 35447005
[NesterovSolve] Iter: 200 overflow: 0.826462 HPWL: 37556176
[NesterovSolve] Iter: 210 overflow: 0.803294 HPWL: 39747051
[INFO GPL-0100] worst slack 2.7e-10
[INFO GPL-0103] Weighted 1714 nets.
[NesterovSolve] Iter: 220 overflow: 0.77423 HPWL: 41434182
[NesterovSolve] Iter: 230 overflow: 0.743632 HPWL: 43367708
[NesterovSolve] Iter: 240 overflow: 0.711066 HPWL: 44752536
[NesterovSolve] Iter: 250 overflow: 0.668729 HPWL: 46512243
[INFO GPL-0100] worst slack -1.17e-11
[INFO GPL-0103] Weighted 1716 nets.
[NesterovSolve] Iter: 260 overflow: 0.630273 HPWL: 48188313
[NesterovSolve] Snapshot saved at iter = 266
[NesterovSolve] Iter: 270 overflow: 0.580984 HPWL: 49854351
[NesterovSolve] Iter: 280 overflow: 0.538943 HPWL: 51138041
[NesterovSolve] Iter: 290 overflow: 0.486447 HPWL: 52135779
[INFO GPL-0100] worst slack 3.95e-11
[INFO GPL-0103] Weighted 1716 nets.
[NesterovSolve] Iter: 300 overflow: 0.443378 HPWL: 52600829
[NesterovSolve] Iter: 310 overflow: 0.395804 HPWL: 53423278
[NesterovSolve] Iter: 320 overflow: 0.357561 HPWL: 53693130
[NesterovSolve] Iter: 330 overflow: 0.32409 HPWL: 53887430
[NesterovSolve] Iter: 340 overflow: 0.29147 HPWL: 53928342
[INFO GPL-0100] worst slack 1.17e-10
[INFO GPL-0103] Weighted 1715 nets.
[NesterovSolve] Iter: 350 overflow: 0.264272 HPWL: 53963255
[NesterovSolve] Iter: 360 overflow: 0.233949 HPWL: 54041043
[NesterovSolve] Iter: 370 overflow: 0.208249 HPWL: 54110346
[INFO GPL-0100] worst slack 9.97e-11
[INFO GPL-0103] Weighted 1715 nets.
[INFO GPL-0075] Routability numCall: 1 inflationIterCnt: 1 bloatIterCnt: 0
[INFO GPL-0036] TileLxLy: 0 0
[INFO GPL-0037] TileSize: 540 540
[INFO GPL-0038] TileCnt: 145 145
[INFO GPL-0039] numRoutingLayers: 10
[INFO GPL-0040] NumTiles: 21025
[INFO GPL-0063] TotalRouteOverflowH2: 0.0
[INFO GPL-0064] TotalRouteOverflowV2: 0.0
[INFO GPL-0065] OverflowTileCnt2: 0
[INFO GPL-0066] 0.5%RC: 1.0
[INFO GPL-0067] 1.0%RC: 1.0
[INFO GPL-0068] 2.0%RC: 1.0
[INFO GPL-0069] 5.0%RC: 1.0
[INFO GPL-0070] 0.5rcK: 1.0
[INFO GPL-0071] 1.0rcK: 1.0
[INFO GPL-0072] 2.0rcK: 0.0
[INFO GPL-0073] 5.0rcK: 0.0
[INFO GPL-0074] FinalRC: 1.0
[NesterovSolve] Iter: 380 overflow: 0.182459 HPWL: 54134395
[NesterovSolve] Iter: 390 overflow: 0.159588 HPWL: 54180958
[INFO GPL-0100] worst slack 6.16e-11
[INFO GPL-0103] Weighted 1715 nets.
[NesterovSolve] Iter: 400 overflow: 0.139395 HPWL: 54257986
[NesterovSolve] Iter: 410 overflow: 0.12178 HPWL: 54285733
[NesterovSolve] Iter: 420 overflow: 0.106269 HPWL: 54355030
[NesterovSolve] Finished with Overflow: 0.099119

==========================================================================
global place check_setup
--------------------------------------------------------------------------
Warning: There are 6 unconstrained endpoints.

==========================================================================
global place report_tns
--------------------------------------------------------------------------
tns -9501298.00

==========================================================================
global place report_wns
--------------------------------------------------------------------------
wns -5425.27

==========================================================================
global place report_worst_slack
--------------------------------------------------------------------------
worst slack -5425.27

==========================================================================
global place report_checks -path_delay min
--------------------------------------------------------------------------
Startpoint: rst_ni (input port clocked by core_clock)
Endpoint: _35973_ (removal check against rising-edge clock core_clock)
Path Group: asynchronous
Path Type: min

Fanout     Cap    Slew   Delay    Time   Description
-----------------------------------------------------------------------------
                  0.00    0.00    0.00   clock core_clock (rise edge)
                          0.00    0.00   clock network delay (ideal)
                        352.00  352.00 ^ input external delay
  1658 2199.69    0.00    0.00  352.00 ^ rst_ni (in)
                                         rst_ni (net)
                344.61  108.71  460.71 ^ _35973_/SETN (DFFASRHQNx1_ASAP7_75t_R)
                                460.71   data arrival time

                  0.00    0.00    0.00   clock core_clock (rise edge)
                          0.00    0.00   clock network delay (ideal)
                          0.00    0.00   clock reconvergence pessimism
                                  0.00 ^ _35973_/CLK (DFFASRHQNx1_ASAP7_75t_R)
                          3.47    3.47   library removal time
                                  3.47   data required time
-----------------------------------------------------------------------------
                                  3.47   data required time
                               -460.71   data arrival time
-----------------------------------------------------------------------------
                                457.24   slack (MET)


Startpoint: _36182_ (negative level-sensitive latch clocked by core_clock)
Endpoint: _24596_ (rising clock gating-check end-point clocked by core_clock)
Path Group: gated clock
Path Type: min

Fanout     Cap    Slew   Delay    Time   Description
-----------------------------------------------------------------------------
                  0.00  880.00  880.00   clock core_clock (fall edge)
                          0.00  880.00   clock network delay (ideal)
                  0.00    0.00  880.00 v _36182_/CLK (DLLx1_ASAP7_75t_R)
     1    0.58    7.59   18.21  898.21 ^ _36182_/Q (DLLx1_ASAP7_75t_R)
                                         core_clock_gate_i.en_latch (net)
                  7.59    0.00  898.21 ^ _24596_/B (AND2x2_ASAP7_75t_R)
                                898.21   data arrival time

                  0.00  880.00  880.00   clock core_clock (fall edge)
                          0.00  880.00   clock network delay (ideal)
                          0.00  880.00   clock reconvergence pessimism
                                880.00 v _24596_/A (AND2x2_ASAP7_75t_R)
                          0.00  880.00   clock gating hold time
                                880.00   data required time
-----------------------------------------------------------------------------
                                880.00   data required time
                               -898.21   data arrival time
-----------------------------------------------------------------------------
                                 18.21   slack (MET)


Startpoint: _36249_ (rising edge-triggered flip-flop clocked by core_clock)
Endpoint: _36249_ (rising edge-triggered flip-flop clocked by core_clock)
Path Group: core_clock
Path Type: min

Fanout     Cap    Slew   Delay    Time   Description
-----------------------------------------------------------------------------
                  0.00    0.00    0.00   clock core_clock (rise edge)
                          0.00    0.00   clock network delay (ideal)
                  0.00    0.00    0.00 ^ _36249_/CLK (DFFHQNx1_ASAP7_75t_R)
     2    2.02   20.89   37.73   37.73 ^ _36249_/QN (DFFHQNx1_ASAP7_75t_R)
                                         _01790_ (net)
                 20.89    0.02   37.75 ^ _32416_/A1 (OAI21x1_ASAP7_75t_R)
     1    0.64    6.44    7.42   45.18 v _32416_/Y (OAI21x1_ASAP7_75t_R)
                                         _04427_ (net)
                  6.44    0.00   45.18 v _36249_/D (DFFHQNx1_ASAP7_75t_R)
                                 45.18   data arrival time

                  0.00    0.00    0.00   clock core_clock (rise edge)
                          0.00    0.00   clock network delay (ideal)
                          0.00    0.00   clock reconvergence pessimism
                                  0.00 ^ _36249_/CLK (DFFHQNx1_ASAP7_75t_R)
                          8.61    8.61   library hold time
                                  8.61   data required time
-----------------------------------------------------------------------------
                                  8.61   data required time
                                -45.18   data arrival time
-----------------------------------------------------------------------------
                                 36.57   slack (MET)



==========================================================================
global place report_checks -path_delay max
--------------------------------------------------------------------------
Startpoint: rst_ni (input port clocked by core_clock)
Endpoint: _35132_ (recovery check against rising-edge clock core_clock)
Path Group: asynchronous
Path Type: max

Fanout     Cap    Slew   Delay    Time   Description
-----------------------------------------------------------------------------
                  0.00    0.00    0.00   clock core_clock (rise edge)
                          0.00    0.00   clock network delay (ideal)
                        352.00  352.00 ^ input external delay
  1658 2199.69    0.00    0.00  352.00 ^ rst_ni (in)
                                         rst_ni (net)
               3751.50 1183.47 1535.47 ^ _35132_/SETN (DFFASRHQNx1_ASAP7_75t_R)
                               1535.47   data arrival time

                  0.00 1760.00 1760.00   clock core_clock (rise edge)
                          0.00 1760.00   clock network delay (ideal)
                          0.00 1760.00   clock reconvergence pessimism
                               1760.00 ^ _35132_/CLK (DFFASRHQNx1_ASAP7_75t_R)
                       -371.74 1388.26   library recovery time
                               1388.26   data required time
-----------------------------------------------------------------------------
                               1388.26   data required time
                               -1535.47   data arrival time
-----------------------------------------------------------------------------
                               -147.21   slack (VIOLATED)


Startpoint: _36182_ (negative level-sensitive latch clocked by core_clock)
Endpoint: _24596_ (rising clock gating-check end-point clocked by core_clock)
Path Group: gated clock
Path Type: max

Fanout     Cap    Slew   Delay    Time   Description
-----------------------------------------------------------------------------
                  0.00  880.00  880.00   clock core_clock (fall edge)
                          0.00  880.00   clock network delay (ideal)
                  0.00    0.00  880.00 v _36182_/CLK (DLLx1_ASAP7_75t_R)
     1    0.58    7.44   27.22  907.22 v _36182_/Q (DLLx1_ASAP7_75t_R)
                                         core_clock_gate_i.en_latch (net)
                  7.44    0.00  907.23 v _24596_/B (AND2x2_ASAP7_75t_R)
                                907.23   data arrival time

                  0.00 1760.00 1760.00   clock core_clock (rise edge)
                          0.00 1760.00   clock network delay (ideal)
                          0.00 1760.00   clock reconvergence pessimism
                               1760.00 ^ _24596_/A (AND2x2_ASAP7_75t_R)
                          0.00 1760.00   clock gating setup time
                               1760.00   data required time
-----------------------------------------------------------------------------
                               1760.00   data required time
                               -907.23   data arrival time
-----------------------------------------------------------------------------
                                852.77   slack (MET)


Startpoint: _36314_ (rising edge-triggered flip-flop clocked by core_clock)
Endpoint: _34660_ (rising edge-triggered flip-flop clocked by core_clock)
Path Group: core_clock
Path Type: max

Fanout     Cap    Slew   Delay    Time   Description
-----------------------------------------------------------------------------
                  0.00    0.00    0.00   clock core_clock (rise edge)
                          0.00    0.00   clock network delay (ideal)
                  0.00    0.00    0.00 ^ _36314_/CLK (DFFHQNx1_ASAP7_75t_R)
   861  793.97 5187.30 1808.85 1808.85 ^ _36314_/QN (DFFHQNx1_ASAP7_75t_R)
                                         _01745_ (net)
               5202.99  175.34 1984.18 ^ _18398_/A (INVx1_ASAP7_75t_R)
    86   91.68 1492.31 2759.65 4743.83 v _18398_/Y (INVx1_ASAP7_75t_R)
                                         _13127_ (net)
               1492.31   55.99 4799.82 v _18866_/B (NAND2x1_ASAP7_75t_R)
    14   33.24  597.62  621.32 5421.15 ^ _18866_/Y (NAND2x1_ASAP7_75t_R)
                                         _13586_ (net)
                598.08    9.64 5430.79 ^ _18869_/A2 (OAI22x1_ASAP7_75t_R)
     1    0.60  130.02   27.42 5458.21 v _18869_/Y (OAI22x1_ASAP7_75t_R)
                                         _13589_ (net)
                130.02    0.00 5458.21 v _18877_/A2 (OA211x2_ASAP7_75t_R)
     1    0.65   17.82   46.57 5504.78 v _18877_/Y (OA211x2_ASAP7_75t_R)
                                         _13597_ (net)
                 17.82    0.00 5504.79 v _18920_/A1 (AO21x1_ASAP7_75t_R)
     8   15.74   91.10   46.13 5550.92 v _18920_/Y (AO21x1_ASAP7_75t_R)
                                         _13640_ (net)
                 94.94   10.19 5561.11 v _18936_/A2 (AOI221x1_ASAP7_75t_R)
    57   47.16  428.55  196.51 5757.62 ^ _18936_/Y (AOI221x1_ASAP7_75t_R)
                                         _13656_ (net)
                429.06    8.69 5766.31 ^ _19052_/B (XNOR2x2_ASAP7_75t_R)
     1    0.60   16.24   60.42 5826.73 v _19052_/Y (XNOR2x2_ASAP7_75t_R)
                                         _13770_ (net)
                 16.24    0.00 5826.73 v _19053_/B (AND2x2_ASAP7_75t_R)
     1    0.68   19.44   18.50 5845.23 v _19053_/Y (AND2x2_ASAP7_75t_R)
                                         _13771_ (net)
                 19.44    0.01 5845.24 v _19054_/B (AO21x1_ASAP7_75t_R)
     1    2.17   21.85   22.17 5867.41 v _19054_/Y (AO21x1_ASAP7_75t_R)
                                         _16500_ (net)
                 21.85    0.07 5867.48 v _33723_/A (FAx1_ASAP7_75t_R)
     1    0.73   42.61   21.09 5888.57 ^ _33723_/CON (FAx1_ASAP7_75t_R)
                                         _17539_ (net)
                 42.61    0.01 5888.58 ^ _20094_/A (INVx1_ASAP7_75t_R)
     2    2.79   23.48   18.65 5907.22 v _20094_/Y (INVx1_ASAP7_75t_R)
                                         _16496_ (net)
                 23.48    0.04 5907.27 v _33722_/A (FAx1_ASAP7_75t_R)
     9   13.05  207.92  206.43 6113.70 v _33722_/SN (FAx1_ASAP7_75t_R)
                                         ex_block_i.alu_adder_result_ex_o[1] (net)
                207.99    2.17 6115.87 v _23273_/A (INVx1_ASAP7_75t_R)
     7   13.87  129.09   96.89 6212.76 ^ _23273_/Y (INVx1_ASAP7_75t_R)
                                         _16499_ (net)
                129.16    1.76 6214.53 ^ _34363_/A (HAxp5_ASAP7_75t_R)
    39   30.97  336.05  175.49 6390.02 v _34363_/CON (HAxp5_ASAP7_75t_R)
                                         _18337_ (net)
                336.05    0.37 6390.39 v _23233_/D (OR4x1_ASAP7_75t_R)
     1    0.61   16.33   58.69 6449.08 v _23233_/Y (OR4x1_ASAP7_75t_R)
                                         _05761_ (net)
                 16.33    0.01 6449.09 v _23234_/E (OR5x1_ASAP7_75t_R)
     1    2.84   29.77   49.09 6498.18 v _23234_/Y (OR5x1_ASAP7_75t_R)
                                         _05762_ (net)
                 29.83    0.73 6498.92 v _23236_/D (OR5x1_ASAP7_75t_R)
     1    0.75   16.70   41.94 6540.86 v _23236_/Y (OR5x1_ASAP7_75t_R)
                                         _05764_ (net)
                 16.70    0.01 6540.87 v _23237_/A (INVx1_ASAP7_75t_R)
     1    0.57    8.35    7.46 6548.33 ^ _23237_/Y (INVx1_ASAP7_75t_R)
                                         _05765_ (net)
                  8.35    0.01 6548.34 ^ _23241_/B (AND5x1_ASAP7_75t_R)
     1    0.60   14.00   31.50 6579.84 ^ _23241_/Y (AND5x1_ASAP7_75t_R)
                                         _05769_ (net)
                 14.00    0.01 6579.85 ^ _23248_/D (AND5x1_ASAP7_75t_R)
     2    2.90   29.62   42.29 6622.13 ^ _23248_/Y (AND5x1_ASAP7_75t_R)
                                         _05776_ (net)
                 29.65    0.53 6622.66 ^ _24507_/B (AND4x1_ASAP7_75t_R)
     1    0.99   14.33   29.99 6652.66 ^ _24507_/Y (AND4x1_ASAP7_75t_R)
                                         _06582_ (net)
                 14.33    0.01 6652.67 ^ _24515_/A2 (AOI221x1_ASAP7_75t_R)
     1    0.73   25.79   14.07 6666.74 v _24515_/Y (AOI221x1_ASAP7_75t_R)
                                         _06590_ (net)
                 25.79    0.01 6666.75 v _24519_/A2 (AO21x1_ASAP7_75t_R)
     6    7.07   40.66   33.39 6700.14 v _24519_/Y (AO21x1_ASAP7_75t_R)
                                         _06594_ (net)
                 41.13    2.45 6702.59 v _24602_/A (NAND2x1_ASAP7_75t_R)
     3    1.93   26.03   24.53 6727.12 ^ _24602_/Y (NAND2x1_ASAP7_75t_R)
                                         _06656_ (net)
                 26.03    0.03 6727.15 ^ _27663_/B (OR3x1_ASAP7_75t_R)
   109  101.11  727.07  316.05 7043.21 ^ _27663_/Y (OR3x1_ASAP7_75t_R)
                                         _09270_ (net)
                727.79   13.37 7056.58 ^ _27730_/B (OR2x2_ASAP7_75t_R)
     1    1.04   24.80   79.32 7135.90 ^ _27730_/Y (OR2x2_ASAP7_75t_R)
                                         _09318_ (net)
                 24.80    0.01 7135.91 ^ _27731_/B (XNOR2x2_ASAP7_75t_R)
     1    1.12    8.96   32.47 7168.38 v _27731_/Y (XNOR2x2_ASAP7_75t_R)
                                         _09319_ (net)
                  8.96    0.01 7168.39 v _27732_/A2 (AOI21x1_ASAP7_75t_R)
     1    0.64   40.00    8.29 7176.68 ^ _27732_/Y (AOI21x1_ASAP7_75t_R)
                                         _02853_ (net)
                 40.00    0.00 7176.68 ^ _34660_/D (DFFHQNx1_ASAP7_75t_R)
                               7176.68   data arrival time

                  0.00 1760.00 1760.00   clock core_clock (rise edge)
                          0.00 1760.00   clock network delay (ideal)
                          0.00 1760.00   clock reconvergence pessimism
                               1760.00 ^ _34660_/CLK (DFFHQNx1_ASAP7_75t_R)
                         -8.59 1751.41   library setup time
                               1751.41   data required time
-----------------------------------------------------------------------------
                               1751.41   data required time
                               -7176.68   data arrival time
-----------------------------------------------------------------------------
                               -5425.27   slack (VIOLATED)



==========================================================================
global place report_checks -unconstrained
--------------------------------------------------------------------------
Startpoint: rst_ni (input port clocked by core_clock)
Endpoint: _35132_ (recovery check against rising-edge clock core_clock)
Path Group: asynchronous
Path Type: max

Fanout     Cap    Slew   Delay    Time   Description
-----------------------------------------------------------------------------
                  0.00    0.00    0.00   clock core_clock (rise edge)
                          0.00    0.00   clock network delay (ideal)
                        352.00  352.00 ^ input external delay
  1658 2199.69    0.00    0.00  352.00 ^ rst_ni (in)
                                         rst_ni (net)
               3751.50 1183.47 1535.47 ^ _35132_/SETN (DFFASRHQNx1_ASAP7_75t_R)
                               1535.47   data arrival time

                  0.00 1760.00 1760.00   clock core_clock (rise edge)
                          0.00 1760.00   clock network delay (ideal)
                          0.00 1760.00   clock reconvergence pessimism
                               1760.00 ^ _35132_/CLK (DFFASRHQNx1_ASAP7_75t_R)
                       -371.74 1388.26   library recovery time
                               1388.26   data required time
-----------------------------------------------------------------------------
                               1388.26   data required time
                               -1535.47   data arrival time
-----------------------------------------------------------------------------
                               -147.21   slack (VIOLATED)


Startpoint: _36182_ (negative level-sensitive latch clocked by core_clock)
Endpoint: _24596_ (rising clock gating-check end-point clocked by core_clock)
Path Group: gated clock
Path Type: max

Fanout     Cap    Slew   Delay    Time   Description
-----------------------------------------------------------------------------
                  0.00  880.00  880.00   clock core_clock (fall edge)
                          0.00  880.00   clock network delay (ideal)
                  0.00    0.00  880.00 v _36182_/CLK (DLLx1_ASAP7_75t_R)
     1    0.58    7.44   27.22  907.22 v _36182_/Q (DLLx1_ASAP7_75t_R)
                                         core_clock_gate_i.en_latch (net)
                  7.44    0.00  907.23 v _24596_/B (AND2x2_ASAP7_75t_R)
                                907.23   data arrival time

                  0.00 1760.00 1760.00   clock core_clock (rise edge)
                          0.00 1760.00   clock network delay (ideal)
                          0.00 1760.00   clock reconvergence pessimism
                               1760.00 ^ _24596_/A (AND2x2_ASAP7_75t_R)
                          0.00 1760.00   clock gating setup time
                               1760.00   data required time
-----------------------------------------------------------------------------
                               1760.00   data required time
                               -907.23   data arrival time
-----------------------------------------------------------------------------
                                852.77   slack (MET)


Startpoint: _36314_ (rising edge-triggered flip-flop clocked by core_clock)
Endpoint: _34660_ (rising edge-triggered flip-flop clocked by core_clock)
Path Group: core_clock
Path Type: max

Fanout     Cap    Slew   Delay    Time   Description
-----------------------------------------------------------------------------
                  0.00    0.00    0.00   clock core_clock (rise edge)
                          0.00    0.00   clock network delay (ideal)
                  0.00    0.00    0.00 ^ _36314_/CLK (DFFHQNx1_ASAP7_75t_R)
   861  793.97 5187.30 1808.85 1808.85 ^ _36314_/QN (DFFHQNx1_ASAP7_75t_R)
                                         _01745_ (net)
               5202.99  175.34 1984.18 ^ _18398_/A (INVx1_ASAP7_75t_R)
    86   91.68 1492.31 2759.65 4743.83 v _18398_/Y (INVx1_ASAP7_75t_R)
                                         _13127_ (net)
               1492.31   55.99 4799.82 v _18866_/B (NAND2x1_ASAP7_75t_R)
    14   33.24  597.62  621.32 5421.15 ^ _18866_/Y (NAND2x1_ASAP7_75t_R)
                                         _13586_ (net)
                598.08    9.64 5430.79 ^ _18869_/A2 (OAI22x1_ASAP7_75t_R)
     1    0.60  130.02   27.42 5458.21 v _18869_/Y (OAI22x1_ASAP7_75t_R)
                                         _13589_ (net)
                130.02    0.00 5458.21 v _18877_/A2 (OA211x2_ASAP7_75t_R)
     1    0.65   17.82   46.57 5504.78 v _18877_/Y (OA211x2_ASAP7_75t_R)
                                         _13597_ (net)
                 17.82    0.00 5504.79 v _18920_/A1 (AO21x1_ASAP7_75t_R)
     8   15.74   91.10   46.13 5550.92 v _18920_/Y (AO21x1_ASAP7_75t_R)
                                         _13640_ (net)
                 94.94   10.19 5561.11 v _18936_/A2 (AOI221x1_ASAP7_75t_R)
    57   47.16  428.55  196.51 5757.62 ^ _18936_/Y (AOI221x1_ASAP7_75t_R)
                                         _13656_ (net)
                429.06    8.69 5766.31 ^ _19052_/B (XNOR2x2_ASAP7_75t_R)
     1    0.60   16.24   60.42 5826.73 v _19052_/Y (XNOR2x2_ASAP7_75t_R)
                                         _13770_ (net)
                 16.24    0.00 5826.73 v _19053_/B (AND2x2_ASAP7_75t_R)
     1    0.68   19.44   18.50 5845.23 v _19053_/Y (AND2x2_ASAP7_75t_R)
                                         _13771_ (net)
                 19.44    0.01 5845.24 v _19054_/B (AO21x1_ASAP7_75t_R)
     1    2.17   21.85   22.17 5867.41 v _19054_/Y (AO21x1_ASAP7_75t_R)
                                         _16500_ (net)
                 21.85    0.07 5867.48 v _33723_/A (FAx1_ASAP7_75t_R)
     1    0.73   42.61   21.09 5888.57 ^ _33723_/CON (FAx1_ASAP7_75t_R)
                                         _17539_ (net)
                 42.61    0.01 5888.58 ^ _20094_/A (INVx1_ASAP7_75t_R)
     2    2.79   23.48   18.65 5907.22 v _20094_/Y (INVx1_ASAP7_75t_R)
                                         _16496_ (net)
                 23.48    0.04 5907.27 v _33722_/A (FAx1_ASAP7_75t_R)
     9   13.05  207.92  206.43 6113.70 v _33722_/SN (FAx1_ASAP7_75t_R)
                                         ex_block_i.alu_adder_result_ex_o[1] (net)
                207.99    2.17 6115.87 v _23273_/A (INVx1_ASAP7_75t_R)
     7   13.87  129.09   96.89 6212.76 ^ _23273_/Y (INVx1_ASAP7_75t_R)
                                         _16499_ (net)
                129.16    1.76 6214.53 ^ _34363_/A (HAxp5_ASAP7_75t_R)
    39   30.97  336.05  175.49 6390.02 v _34363_/CON (HAxp5_ASAP7_75t_R)
                                         _18337_ (net)
                336.05    0.37 6390.39 v _23233_/D (OR4x1_ASAP7_75t_R)
     1    0.61   16.33   58.69 6449.08 v _23233_/Y (OR4x1_ASAP7_75t_R)
                                         _05761_ (net)
                 16.33    0.01 6449.09 v _23234_/E (OR5x1_ASAP7_75t_R)
     1    2.84   29.77   49.09 6498.18 v _23234_/Y (OR5x1_ASAP7_75t_R)
                                         _05762_ (net)
                 29.83    0.73 6498.92 v _23236_/D (OR5x1_ASAP7_75t_R)
     1    0.75   16.70   41.94 6540.86 v _23236_/Y (OR5x1_ASAP7_75t_R)
                                         _05764_ (net)
                 16.70    0.01 6540.87 v _23237_/A (INVx1_ASAP7_75t_R)
     1    0.57    8.35    7.46 6548.33 ^ _23237_/Y (INVx1_ASAP7_75t_R)
                                         _05765_ (net)
                  8.35    0.01 6548.34 ^ _23241_/B (AND5x1_ASAP7_75t_R)
     1    0.60   14.00   31.50 6579.84 ^ _23241_/Y (AND5x1_ASAP7_75t_R)
                                         _05769_ (net)
                 14.00    0.01 6579.85 ^ _23248_/D (AND5x1_ASAP7_75t_R)
     2    2.90   29.62   42.29 6622.13 ^ _23248_/Y (AND5x1_ASAP7_75t_R)
                                         _05776_ (net)
                 29.65    0.53 6622.66 ^ _24507_/B (AND4x1_ASAP7_75t_R)
     1    0.99   14.33   29.99 6652.66 ^ _24507_/Y (AND4x1_ASAP7_75t_R)
                                         _06582_ (net)
                 14.33    0.01 6652.67 ^ _24515_/A2 (AOI221x1_ASAP7_75t_R)
     1    0.73   25.79   14.07 6666.74 v _24515_/Y (AOI221x1_ASAP7_75t_R)
                                         _06590_ (net)
                 25.79    0.01 6666.75 v _24519_/A2 (AO21x1_ASAP7_75t_R)
     6    7.07   40.66   33.39 6700.14 v _24519_/Y (AO21x1_ASAP7_75t_R)
                                         _06594_ (net)
                 41.13    2.45 6702.59 v _24602_/A (NAND2x1_ASAP7_75t_R)
     3    1.93   26.03   24.53 6727.12 ^ _24602_/Y (NAND2x1_ASAP7_75t_R)
                                         _06656_ (net)
                 26.03    0.03 6727.15 ^ _27663_/B (OR3x1_ASAP7_75t_R)
   109  101.11  727.07  316.05 7043.21 ^ _27663_/Y (OR3x1_ASAP7_75t_R)
                                         _09270_ (net)
                727.79   13.37 7056.58 ^ _27730_/B (OR2x2_ASAP7_75t_R)
     1    1.04   24.80   79.32 7135.90 ^ _27730_/Y (OR2x2_ASAP7_75t_R)
                                         _09318_ (net)
                 24.80    0.01 7135.91 ^ _27731_/B (XNOR2x2_ASAP7_75t_R)
     1    1.12    8.96   32.47 7168.38 v _27731_/Y (XNOR2x2_ASAP7_75t_R)
                                         _09319_ (net)
                  8.96    0.01 7168.39 v _27732_/A2 (AOI21x1_ASAP7_75t_R)
     1    0.64   40.00    8.29 7176.68 ^ _27732_/Y (AOI21x1_ASAP7_75t_R)
                                         _02853_ (net)
                 40.00    0.00 7176.68 ^ _34660_/D (DFFHQNx1_ASAP7_75t_R)
                               7176.68   data arrival time

                  0.00 1760.00 1760.00   clock core_clock (rise edge)
                          0.00 1760.00   clock network delay (ideal)
                          0.00 1760.00   clock reconvergence pessimism
                               1760.00 ^ _34660_/CLK (DFFHQNx1_ASAP7_75t_R)
                         -8.59 1751.41   library setup time
                               1751.41   data required time
-----------------------------------------------------------------------------
                               1751.41   data required time
                               -7176.68   data arrival time
-----------------------------------------------------------------------------
                               -5425.27   slack (VIOLATED)



==========================================================================
global place report_power
--------------------------------------------------------------------------
Group                  Internal  Switching    Leakage      Total
                          Power      Power      Power      Power (Watts)
----------------------------------------------------------------
Sequential             3.55e-03   1.37e-03   2.39e-07   4.92e-03  13.6%
Combinational          1.51e-02   1.61e-02   1.67e-06   3.12e-02  86.4%
Macro                  0.00e+00   0.00e+00   0.00e+00   0.00e+00   0.0%
Pad                    0.00e+00   0.00e+00   0.00e+00   0.00e+00   0.0%
----------------------------------------------------------------
Total                  1.87e-02   1.75e-02   1.91e-06   3.62e-02 100.0%
                          51.7%      48.3%       0.0%

==========================================================================
global place report_design_area
--------------------------------------------------------------------------
Design area 2127 u^2 38% utilization.

Elapsed time: 0:32.72[h:]min:sec. CPU time: user 36.02 sys 0.09 (110%). Peak memory: 461476KB.
