OpenROAD autotuner-v1-2861-g832b18e7 
This program is licensed under the BSD-3 license. See the LICENSE file for details.
Components of this program may be licensed under more restrictive licenses which must be honored.
[INFO ORD-0030] Using 16 thread(s).
detailed_route arguments: -bottom_routing_layer Metal2 -top_routing_layer Metal5 -via_in_pin_bottom_layer Metal1 -via_in_pin_top_layer Metal1 -disable_via_gen -save_guide_updates -verbose 1 -drc_report_iter_step 5
[INFO DRT-0149] Reading tech and libs.
[WARNING DRT-0140] SpacingRange unsupported.
[WARNING DRT-0140] SpacingRange unsupported.
[WARNING DRT-0140] SpacingRange unsupported.
[WARNING DRT-0140] SpacingRange unsupported.
[WARNING DRT-0140] SpacingRange unsupported.

Units:                2000
Number of layers:     11
Number of macros:     229
Number of vias:       60
Number of viarulegen: 18

[INFO DRT-0150] Reading design.

Design:                   ibex_core
Die area:                 ( 0 0 ) ( 2395210 2395210 )
Number of track patterns: 10
Number of DEF vias:       0
Number of components:     45167
Number of terminals:      264
Number of snets:          2
Number of nets:           14192

[INFO DRT-0167] List of default vias:
  Layer Via2
    default via: Via2_VH
  Layer Via3
    default via: Via3_HV
  Layer Via4
    default via: Via4_1_VH
[INFO DRT-0162] Library cell analysis.
[INFO DRT-0163] Instance analysis.
  Complete 10000 instances.
  Complete 20000 instances.
  Complete 30000 instances.
  Complete 40000 instances.
[INFO DRT-0164] Number of unique instances = 209.
[INFO DRT-0168] Init region query.
[INFO DRT-0018]   Complete 10000 insts.
[INFO DRT-0018]   Complete 20000 insts.
[INFO DRT-0018]   Complete 30000 insts.
[INFO DRT-0018]   Complete 40000 insts.
[INFO DRT-0024]   Complete Poly2.
[INFO DRT-0024]   Complete CON.
[INFO DRT-0024]   Complete Metal1.
[INFO DRT-0024]   Complete Via1.
[INFO DRT-0024]   Complete Metal2.
[INFO DRT-0024]   Complete Via2.
[INFO DRT-0024]   Complete Metal3.
[INFO DRT-0024]   Complete Via3.
[INFO DRT-0024]   Complete Metal4.
[INFO DRT-0024]   Complete Via4.
[INFO DRT-0024]   Complete Metal5.
[INFO DRT-0033] Poly2 shape region query size = 0.
[INFO DRT-0033] CON shape region query size = 0.
[INFO DRT-0033] Metal1 shape region query size = 505126.
[INFO DRT-0033] Via1 shape region query size = 25596.
[INFO DRT-0033] Metal2 shape region query size = 236763.
[INFO DRT-0033] Via2 shape region query size = 223965.
[INFO DRT-0033] Metal3 shape region query size = 447986.
[INFO DRT-0033] Via3 shape region query size = 223965.
[INFO DRT-0033] Metal4 shape region query size = 224929.
[INFO DRT-0033] Via4 shape region query size = 11232.
[INFO DRT-0033] Metal5 shape region query size = 728.
[INFO DRT-0165] Start pin access.
[INFO DRT-0076]   Complete 100 pins.
[INFO DRT-0076]   Complete 200 pins.
[INFO DRT-0076]   Complete 300 pins.
[INFO DRT-0076]   Complete 400 pins.
[INFO DRT-0076]   Complete 500 pins.
[INFO DRT-0076]   Complete 600 pins.
[INFO DRT-0076]   Complete 700 pins.
[INFO DRT-0078]   Complete 738 pins.
[INFO DRT-0079]   Complete 100 unique inst patterns.
[INFO DRT-0081]   Complete 189 unique inst patterns.
[INFO DRT-0082]   Complete 1000 groups.
[INFO DRT-0082]   Complete 2000 groups.
[INFO DRT-0082]   Complete 3000 groups.
[INFO DRT-0082]   Complete 4000 groups.
[INFO DRT-0082]   Complete 5000 groups.
[INFO DRT-0082]   Complete 6000 groups.
[INFO DRT-0082]   Complete 7000 groups.
[INFO DRT-0082]   Complete 8000 groups.
[INFO DRT-0082]   Complete 9000 groups.
[INFO DRT-0083]   Complete 10000 groups.
[INFO DRT-0084]   Complete 13372 groups.
#scanned instances     = 45167
#unique  instances     = 209
#stdCellGenAp          = 19445
#stdCellValidPlanarAp  = 0
#stdCellValidViaAp     = 4540
#stdCellPinNoAp        = 0
#stdCellPinCnt         = 51046
#instTermValidViaApCnt = 0
#macroGenAp            = 0
#macroValidPlanarAp    = 0
#macroValidViaAp       = 0
#macroNoAp             = 0
[INFO DRT-0166] Complete pin access.
[INFO DRT-0267] cpu time = 00:00:21, elapsed time = 00:00:01, memory = 339.16 (MB), peak = 341.91 (MB)
[INFO DRT-0156] guideIn read 100000 guides.

Number of guides:     153291

[INFO DRT-0169] Post process guides.
[INFO DRT-0176] GCELLGRID X 0 DO 142 STEP 16800 ;
[INFO DRT-0177] GCELLGRID Y 0 DO 142 STEP 16800 ;
[INFO DRT-0026]   Complete 10000 origin guides.
[INFO DRT-0026]   Complete 20000 origin guides.
[INFO DRT-0026]   Complete 30000 origin guides.
[INFO DRT-0026]   Complete 40000 origin guides.
[INFO DRT-0026]   Complete 50000 origin guides.
[INFO DRT-0026]   Complete 60000 origin guides.
[INFO DRT-0026]   Complete 70000 origin guides.
[INFO DRT-0026]   Complete 80000 origin guides.
[INFO DRT-0026]   Complete 90000 origin guides.
[INFO DRT-0027]   Complete 100000 origin guides.
[INFO DRT-0028]   Complete Poly2.
[INFO DRT-0028]   Complete CON.
[INFO DRT-0028]   Complete Metal1.
[INFO DRT-0028]   Complete Via1.
[INFO DRT-0028]   Complete Metal2.
[INFO DRT-0028]   Complete Via2.
[INFO DRT-0028]   Complete Metal3.
[INFO DRT-0028]   Complete Via3.
[INFO DRT-0028]   Complete Metal4.
[INFO DRT-0028]   Complete Via4.
[INFO DRT-0028]   Complete Metal5.
  complete 10000 nets.
[INFO DRT-0178] Init guide query.
[INFO DRT-0029]   Complete 10000 nets (guide).
[INFO DRT-0035]   Complete Poly2 (guide).
[INFO DRT-0035]   Complete CON (guide).
[INFO DRT-0035]   Complete Metal1 (guide).
[INFO DRT-0035]   Complete Via1 (guide).
[INFO DRT-0035]   Complete Metal2 (guide).
[INFO DRT-0035]   Complete Via2 (guide).
[INFO DRT-0035]   Complete Metal3 (guide).
[INFO DRT-0035]   Complete Via3 (guide).
[INFO DRT-0035]   Complete Metal4 (guide).
[INFO DRT-0035]   Complete Via4 (guide).
[INFO DRT-0035]   Complete Metal5 (guide).
[INFO DRT-0036] Poly2 guide region query size = 0.
[INFO DRT-0036] CON guide region query size = 0.
[INFO DRT-0036] Metal1 guide region query size = 47506.
[INFO DRT-0036] Via1 guide region query size = 0.
[INFO DRT-0036] Metal2 guide region query size = 44167.
[INFO DRT-0036] Via2 guide region query size = 0.
[INFO DRT-0036] Metal3 guide region query size = 26313.
[INFO DRT-0036] Via3 guide region query size = 0.
[INFO DRT-0036] Metal4 guide region query size = 2240.
[INFO DRT-0036] Via4 guide region query size = 0.
[INFO DRT-0036] Metal5 guide region query size = 797.
[INFO DRT-0179] Init gr pin query.
[INFO DRT-0185] Post process initialize RPin region query.
[INFO DRT-0181] Start track assignment.
[INFO DRT-0184] Done with 46407 vertical wires in 3 frboxes and 74616 horizontal wires in 3 frboxes.
[INFO DRT-0186] Done with 7455 vertical wires in 3 frboxes and 6483 horizontal wires in 3 frboxes.
[INFO DRT-0182] Complete track assignment.
[INFO DRT-0267] cpu time = 00:00:07, elapsed time = 00:00:02, memory = 842.45 (MB), peak = 842.45 (MB)
[INFO DRT-0187] Start routing data preparation.
[INFO DRT-0267] cpu time = 00:00:00, elapsed time = 00:00:00, memory = 842.45 (MB), peak = 842.45 (MB)
[INFO DRT-0194] Start detail routing.
[INFO DRT-0195] Start 0th optimization iteration.
    Completing 10% with 0 violations.
    elapsed time = 00:00:04, memory = 1041.17 (MB).
    Completing 20% with 0 violations.
    elapsed time = 00:00:10, memory = 1154.50 (MB).
    Completing 30% with 915 violations.
    elapsed time = 00:00:14, memory = 1188.91 (MB).
    Completing 40% with 915 violations.
    elapsed time = 00:00:20, memory = 1230.94 (MB).
    Completing 50% with 915 violations.
    elapsed time = 00:00:26, memory = 1272.70 (MB).
    Completing 60% with 1782 violations.
    elapsed time = 00:00:33, memory = 1293.84 (MB).
    Completing 70% with 1782 violations.
    elapsed time = 00:00:38, memory = 1312.66 (MB).
    Completing 80% with 2692 violations.
    elapsed time = 00:00:45, memory = 1342.05 (MB).
    Completing 90% with 2692 violations.
    elapsed time = 00:00:51, memory = 1362.16 (MB).
    Completing 100% with 3608 violations.
    elapsed time = 00:00:58, memory = 1378.66 (MB).
[INFO DRT-0199]   Number of violations = 16946.
Viol/Layer      Metal1   Via1 Metal2   Via2 Metal3   Via3 Metal4 Metal5
Cut Spacing          0      1      0      3      0      0      0      0
Metal Spacing      329      0    414      0      8      0      0      0
NS Metal             0      0      4      0      0      0      0      0
Recheck              0      0   6873      0   5872      0    576     17
Short                0      0   2515      8    311      6      9      0
[INFO DRT-0267] cpu time = 00:13:37, elapsed time = 00:00:59, memory = 1624.16 (MB), peak = 1624.16 (MB)
Total wire length = 1373632 um.
Total wire length on LAYER Metal1 = 0 um.
Total wire length on LAYER Metal2 = 598903 um.
Total wire length on LAYER Metal3 = 573679 um.
Total wire length on LAYER Metal4 = 107422 um.
Total wire length on LAYER Metal5 = 93626 um.
Total number of vias = 109949.
Up-via summary (total 109949):.

-----------------
  Poly2         0
 Metal1     51026
 Metal2     54340
 Metal3      3189
 Metal4      1394
-----------------
           109949


[INFO DRT-0195] Start 1st optimization iteration.
    Completing 10% with 16946 violations.
    elapsed time = 00:00:03, memory = 1624.41 (MB).
    Completing 20% with 16946 violations.
    elapsed time = 00:00:08, memory = 1629.31 (MB).
    Completing 30% with 12803 violations.
    elapsed time = 00:00:11, memory = 1630.09 (MB).
    Completing 40% with 12803 violations.
    elapsed time = 00:00:16, memory = 1637.82 (MB).
    Completing 50% with 12803 violations.
    elapsed time = 00:00:21, memory = 1642.20 (MB).
    Completing 60% with 9229 violations.
    elapsed time = 00:00:24, memory = 1642.20 (MB).
    Completing 70% with 9229 violations.
    elapsed time = 00:00:29, memory = 1642.20 (MB).
    Completing 80% with 4901 violations.
    elapsed time = 00:00:33, memory = 1644.01 (MB).
    Completing 90% with 4901 violations.
    elapsed time = 00:00:37, memory = 1645.30 (MB).
    Completing 100% with 864 violations.
    elapsed time = 00:00:42, memory = 1648.13 (MB).
[INFO DRT-0199]   Number of violations = 864.
Viol/Layer      Metal1 Metal2 Metal3 Metal4
Metal Spacing        2     99      1      0
NS Metal             0      2      0      0
Short                0    736     23      1
[INFO DRT-0267] cpu time = 00:10:09, elapsed time = 00:00:43, memory = 1650.97 (MB), peak = 1650.97 (MB)
Total wire length = 1367407 um.
Total wire length on LAYER Metal1 = 0 um.
Total wire length on LAYER Metal2 = 596028 um.
Total wire length on LAYER Metal3 = 571301 um.
Total wire length on LAYER Metal4 = 106909 um.
Total wire length on LAYER Metal5 = 93168 um.
Total number of vias = 109452.
Up-via summary (total 109452):.

-----------------
  Poly2         0
 Metal1     51018
 Metal2     53841
 Metal3      3222
 Metal4      1371
-----------------
           109452


[INFO DRT-0195] Start 2nd optimization iteration.
    Completing 10% with 864 violations.
    elapsed time = 00:00:02, memory = 1650.97 (MB).
    Completing 20% with 864 violations.
    elapsed time = 00:00:06, memory = 1650.97 (MB).
    Completing 30% with 809 violations.
    elapsed time = 00:00:09, memory = 1650.97 (MB).
    Completing 40% with 809 violations.
    elapsed time = 00:00:12, memory = 1650.97 (MB).
    Completing 50% with 809 violations.
    elapsed time = 00:00:16, memory = 1652.52 (MB).
    Completing 60% with 741 violations.
    elapsed time = 00:00:20, memory = 1652.52 (MB).
    Completing 70% with 741 violations.
    elapsed time = 00:00:24, memory = 1652.77 (MB).
    Completing 80% with 700 violations.
    elapsed time = 00:00:27, memory = 1659.48 (MB).
    Completing 90% with 700 violations.
    elapsed time = 00:00:31, memory = 1659.48 (MB).
    Completing 100% with 610 violations.
    elapsed time = 00:00:35, memory = 1660.51 (MB).
[INFO DRT-0199]   Number of violations = 610.
Viol/Layer      Metal2 Metal3
Metal Spacing       75      0
Short              502     33
[INFO DRT-0267] cpu time = 00:08:05, elapsed time = 00:00:36, memory = 1663.60 (MB), peak = 1663.60 (MB)
Total wire length = 1365010 um.
Total wire length on LAYER Metal1 = 0 um.
Total wire length on LAYER Metal2 = 595583 um.
Total wire length on LAYER Metal3 = 569399 um.
Total wire length on LAYER Metal4 = 106849 um.
Total wire length on LAYER Metal5 = 93177 um.
Total number of vias = 109148.
Up-via summary (total 109148):.

-----------------
  Poly2         0
 Metal1     51018
 Metal2     53536
 Metal3      3216
 Metal4      1378
-----------------
           109148


[INFO DRT-0195] Start 3rd optimization iteration.
    Completing 10% with 610 violations.
    elapsed time = 00:00:00, memory = 1663.60 (MB).
    Completing 20% with 610 violations.
    elapsed time = 00:00:01, memory = 1663.85 (MB).
    Completing 30% with 453 violations.
    elapsed time = 00:00:01, memory = 1663.85 (MB).
    Completing 40% with 453 violations.
    elapsed time = 00:00:02, memory = 1663.85 (MB).
    Completing 50% with 453 violations.
    elapsed time = 00:00:02, memory = 1663.85 (MB).
    Completing 60% with 314 violations.
    elapsed time = 00:00:04, memory = 1663.85 (MB).
    Completing 70% with 314 violations.
    elapsed time = 00:00:04, memory = 1663.85 (MB).
    Completing 80% with 192 violations.
    elapsed time = 00:00:06, memory = 1663.85 (MB).
    Completing 90% with 192 violations.
    elapsed time = 00:00:06, memory = 1663.85 (MB).
    Completing 100% with 8 violations.
    elapsed time = 00:00:08, memory = 1664.88 (MB).
[INFO DRT-0199]   Number of violations = 8.
Viol/Layer      Metal2
Metal Spacing        3
Short                5
[INFO DRT-0267] cpu time = 00:01:21, elapsed time = 00:00:08, memory = 1664.88 (MB), peak = 1673.40 (MB)
Total wire length = 1364460 um.
Total wire length on LAYER Metal1 = 0 um.
Total wire length on LAYER Metal2 = 588093 um.
Total wire length on LAYER Metal3 = 569930 um.
Total wire length on LAYER Metal4 = 113251 um.
Total wire length on LAYER Metal5 = 93184 um.
Total number of vias = 110081.
Up-via summary (total 110081):.

-----------------
  Poly2         0
 Metal1     51018
 Metal2     53997
 Metal3      3684
 Metal4      1382
-----------------
           110081


[INFO DRT-0195] Start 4th optimization iteration.
    Completing 10% with 8 violations.
    elapsed time = 00:00:00, memory = 1664.88 (MB).
    Completing 20% with 8 violations.
    elapsed time = 00:00:00, memory = 1664.88 (MB).
    Completing 30% with 8 violations.
    elapsed time = 00:00:00, memory = 1664.88 (MB).
    Completing 40% with 8 violations.
    elapsed time = 00:00:00, memory = 1664.88 (MB).
    Completing 50% with 8 violations.
    elapsed time = 00:00:00, memory = 1664.88 (MB).
    Completing 60% with 8 violations.
    elapsed time = 00:00:00, memory = 1664.88 (MB).
    Completing 70% with 8 violations.
    elapsed time = 00:00:00, memory = 1664.88 (MB).
    Completing 80% with 1 violations.
    elapsed time = 00:00:00, memory = 1664.88 (MB).
    Completing 90% with 1 violations.
    elapsed time = 00:00:00, memory = 1664.88 (MB).
    Completing 100% with 0 violations.
    elapsed time = 00:00:00, memory = 1664.88 (MB).
[INFO DRT-0199]   Number of violations = 0.
[INFO DRT-0267] cpu time = 00:00:01, elapsed time = 00:00:00, memory = 1664.88 (MB), peak = 1673.40 (MB)
Total wire length = 1364461 um.
Total wire length on LAYER Metal1 = 0 um.
Total wire length on LAYER Metal2 = 588085 um.
Total wire length on LAYER Metal3 = 569939 um.
Total wire length on LAYER Metal4 = 113251 um.
Total wire length on LAYER Metal5 = 93184 um.
Total number of vias = 110087.
Up-via summary (total 110087):.

-----------------
  Poly2         0
 Metal1     51018
 Metal2     54003
 Metal3      3684
 Metal4      1382
-----------------
           110087


[INFO DRT-0198] Complete detail routing.
Total wire length = 1364461 um.
Total wire length on LAYER Metal1 = 0 um.
Total wire length on LAYER Metal2 = 588085 um.
Total wire length on LAYER Metal3 = 569939 um.
Total wire length on LAYER Metal4 = 113251 um.
Total wire length on LAYER Metal5 = 93184 um.
Total number of vias = 110087.
Up-via summary (total 110087):.

-----------------
  Poly2         0
 Metal1     51018
 Metal2     54003
 Metal3      3684
 Metal4      1382
-----------------
           110087


[INFO DRT-0267] cpu time = 00:33:16, elapsed time = 00:02:28, memory = 1664.88 (MB), peak = 1673.40 (MB)

[INFO DRT-0180] Post processing.
Elapsed time: 2:35.17[h:]min:sec. CPU time: user 2026.48 sys 0.81 (1306%). Peak memory: 1713560KB.
