OpenROAD v2.0-11432-gead3236e5 
This program is licensed under the BSD-3 license. See the LICENSE file for details.
Components of this program may be licensed under more restrictive licenses which must be honored.
global_placement -density 0.60 -pad_left 2 -pad_right 2 -routability_driven -timing_driven
[INFO GPL-0002] DBU: 2000
[INFO GPL-0003] SiteSize: 1120 10080
[INFO GPL-0004] CoreAreaLxLy: 4480 10080
[INFO GPL-0005] CoreAreaUxUy: 418880 413280
[INFO GPL-0006] NumInstances: 334
[INFO GPL-0007] NumPlaceInstances: 292
[INFO GPL-0008] NumFixedInstances: 42
[INFO GPL-0009] NumDummyInstances: 0
[INFO GPL-0010] NumNets: 333
[INFO GPL-0011] NumPins: 1045
[INFO GPL-0012] DieAreaLxLy: 0 0
[INFO GPL-0013] DieAreaUxUy: 423650 423650
[INFO GPL-0014] CoreAreaLxLy: 4480 10080
[INFO GPL-0015] CoreAreaUxUy: 418880 413280
[INFO GPL-0016] CoreArea: 167086080000
[INFO GPL-0017] NonPlaceInstsArea: 948326400
[INFO GPL-0018] PlaceInstsArea: 63729792000
[INFO GPL-0019] Util(%): 38.36
[INFO GPL-0020] StdInstsArea: 63729792000
[INFO GPL-0021] MacroInstsArea: 0
[InitialPlace]  Iter: 1 CG residual: 0.00000010 HPWL: 17542560
[InitialPlace]  Iter: 2 CG residual: 0.00000009 HPWL: 12076727
[InitialPlace]  Iter: 3 CG residual: 0.00000008 HPWL: 12055564
[InitialPlace]  Iter: 4 CG residual: 0.00000006 HPWL: 12078492
[InitialPlace]  Iter: 5 CG residual: 0.00000007 HPWL: 12097066
[INFO GPL-0031] FillerInit: NumGCells: 459
[INFO GPL-0032] FillerInit: NumGNets: 333
[INFO GPL-0033] FillerInit: NumGPins: 1045
[INFO GPL-0023] TargetDensity: 0.60
[INFO GPL-0024] AveragePlaceInstArea: 218252712
[INFO GPL-0025] IdealBinArea: 363754496
[INFO GPL-0026] IdealBinCnt: 459
[INFO GPL-0027] TotalBinArea: 167086080000
[INFO GPL-0028] BinCnt: 16 16
[INFO GPL-0029] BinSize: 25900 25200
[INFO GPL-0030] NumBins: 256
[NesterovSolve] Iter: 1 overflow: 0.975413 HPWL: 3936801
[NesterovSolve] Iter: 10 overflow: 0.966576 HPWL: 3665770
[NesterovSolve] Iter: 20 overflow: 0.966747 HPWL: 3652778
[NesterovSolve] Iter: 30 overflow: 0.966244 HPWL: 3649121
[NesterovSolve] Iter: 40 overflow: 0.966029 HPWL: 3648218
[NesterovSolve] Iter: 50 overflow: 0.965945 HPWL: 3647819
[NesterovSolve] Iter: 60 overflow: 0.966008 HPWL: 3648564
[NesterovSolve] Iter: 70 overflow: 0.966085 HPWL: 3649910
[NesterovSolve] Iter: 80 overflow: 0.966109 HPWL: 3652311
[NesterovSolve] Iter: 90 overflow: 0.966052 HPWL: 3656572
[NesterovSolve] Iter: 100 overflow: 0.965953 HPWL: 3663988
[NesterovSolve] Iter: 110 overflow: 0.965831 HPWL: 3677730
[NesterovSolve] Iter: 120 overflow: 0.965677 HPWL: 3698172
[NesterovSolve] Iter: 130 overflow: 0.965392 HPWL: 3732298
[NesterovSolve] Iter: 140 overflow: 0.964849 HPWL: 3786756
[NesterovSolve] Iter: 150 overflow: 0.962471 HPWL: 3890599
[NesterovSolve] Iter: 160 overflow: 0.951315 HPWL: 4079935
[NesterovSolve] Iter: 170 overflow: 0.949587 HPWL: 4378616
[NesterovSolve] Iter: 180 overflow: 0.940664 HPWL: 4826519
[NesterovSolve] Iter: 190 overflow: 0.931851 HPWL: 5400706
[NesterovSolve] Iter: 200 overflow: 0.900314 HPWL: 6188510
[NesterovSolve] Iter: 210 overflow: 0.870177 HPWL: 7242055
[NesterovSolve] Iter: 220 overflow: 0.841315 HPWL: 8059439
[NesterovSolve] Iter: 230 overflow: 0.80344 HPWL: 9308403
[INFO GPL-0100] worst slack 2.72e-09
[INFO GPL-0103] Weighted 33 nets.
[NesterovSolve] Iter: 240 overflow: 0.769739 HPWL: 10394336
[NesterovSolve] Iter: 250 overflow: 0.726746 HPWL: 11365146
[NesterovSolve] Iter: 260 overflow: 0.681165 HPWL: 12144976
[NesterovSolve] Iter: 270 overflow: 0.632175 HPWL: 13391053
[INFO GPL-0100] worst slack 2.72e-09
[INFO GPL-0103] Weighted 33 nets.
[NesterovSolve] Snapshot saved at iter = 278
[NesterovSolve] Iter: 280 overflow: 0.5955 HPWL: 14263459
[NesterovSolve] Iter: 290 overflow: 0.548905 HPWL: 15230304
[NesterovSolve] Iter: 300 overflow: 0.495788 HPWL: 16079232
[INFO GPL-0100] worst slack 2.71e-09
[INFO GPL-0103] Weighted 33 nets.
[NesterovSolve] Iter: 310 overflow: 0.44436 HPWL: 16823883
[NesterovSolve] Iter: 320 overflow: 0.39161 HPWL: 17474828
[NesterovSolve] Iter: 330 overflow: 0.339154 HPWL: 18051398
[NesterovSolve] Iter: 340 overflow: 0.302635 HPWL: 18450042
[INFO GPL-0100] worst slack 2.71e-09
[INFO GPL-0103] Weighted 33 nets.
[NesterovSolve] Iter: 350 overflow: 0.271823 HPWL: 18823111
[NesterovSolve] Iter: 360 overflow: 0.231788 HPWL: 19001411
[INFO GPL-0100] worst slack 2.71e-09
[INFO GPL-0103] Weighted 33 nets.
[NesterovSolve] Iter: 370 overflow: 0.19557 HPWL: 19202327
[INFO GPL-0075] Routability numCall: 1 inflationIterCnt: 1 bloatIterCnt: 0
[INFO GPL-0036] TileLxLy: 0 0
[INFO GPL-0037] TileSize: 16800 16800
[INFO GPL-0038] TileCnt: 25 25
[INFO GPL-0039] numRoutingLayers: 5
[INFO GPL-0040] NumTiles: 625
[INFO GPL-0063] TotalRouteOverflowH2: 0.0
[INFO GPL-0064] TotalRouteOverflowV2: 0.0
[INFO GPL-0065] OverflowTileCnt2: 0
[INFO GPL-0066] 0.5%RC: 0.9642857015132904
[INFO GPL-0067] 1.0%RC: 0.9387754883084979
[INFO GPL-0068] 2.0%RC: 0.9175824018625113
[INFO GPL-0069] 5.0%RC: 0.8824884776146181
[INFO GPL-0070] 0.5rcK: 1.0
[INFO GPL-0071] 1.0rcK: 1.0
[INFO GPL-0072] 2.0rcK: 0.0
[INFO GPL-0073] 5.0rcK: 0.0
[INFO GPL-0074] FinalRC: 0.9515306
[NesterovSolve] Iter: 380 overflow: 0.166481 HPWL: 19379499
[NesterovSolve] Iter: 390 overflow: 0.144353 HPWL: 19523820
[INFO GPL-0100] worst slack 2.71e-09
[INFO GPL-0103] Weighted 33 nets.
[NesterovSolve] Iter: 400 overflow: 0.122011 HPWL: 19670320
[NesterovSolve] Finished with Overflow: 0.098840

==========================================================================
global place report_design_area
--------------------------------------------------------------------------
Design area 13325 u^2 32% utilization.
Elapsed time: 0:00.69[h:]min:sec. CPU time: user 0.67 sys 0.02 (99%). Peak memory: 146544KB.
