OpenROAD v2.0-11432-gead3236e5 
This program is licensed under the BSD-3 license. See the LICENSE file for details.
Components of this program may be licensed under more restrictive licenses which must be honored.
Placement Analysis
---------------------------------
total displacement       2380.5 u
average displacement        5.3 u
max displacement           45.1 u
original HPWL            9973.3 u
legalized HPWL          12185.5 u
delta HPWL                   22 %

Detailed placement improvement.
Importing netlist into detailed improver.
[INFO DPO-0100] Creating network with 445 cells, 32 terminals, 364 edges and 1107 pins.
[INFO DPO-0109] Network stats: inst 477, edges 364, pins 1107
[INFO DPO-0110] Number of regions is 1
[INFO DPO-0401] Setting random seed to 1.
[INFO DPO-0402] Setting maximum displacement 5 1 to 50400 10080 units.
[INFO DPO-0320] Collected 154 fixed cells (excluded terminal_NI).
[INFO DPO-0318] Collected 323 single height cells.
[INFO DPO-0321] Collected 0 wide cells.
[INFO DPO-0322] Image (4480, 10080) - (418880, 413280)
[INFO DPO-0310] Assigned 323 cells into segments.  Movement in X-direction is 0.000000, movement in Y-direction is 0.000000.
[INFO DPO-0313] Found 0 cells in wrong regions.
[INFO DPO-0315] Found 0 row alignment problems.
[INFO DPO-0314] Found 0 site alignment problems.
[INFO DPO-0311] Found 0 overlaps between adjacent cells.
[INFO DPO-0312] Found 0 edge spacing violations and 0 padding violations.
[INFO DPO-0303] Running algorithm for independent set matching.
[INFO DPO-0300] Set matching objective is wirelength.
[INFO DPO-0301] Pass   1 of matching; objective is 2.429341e+07.
[INFO DPO-0302] End of matching; objective is 2.418226e+07, improvement is 0.46 percent.
[INFO DPO-0303] Running algorithm for global swaps.
[INFO DPO-0306] Pass   1 of global swaps; hpwl is 2.360389e+07.
[INFO DPO-0306] Pass   2 of global swaps; hpwl is 2.339288e+07.
[INFO DPO-0307] End of global swaps; objective is 2.339288e+07, improvement is 3.26 percent.
[INFO DPO-0303] Running algorithm for vertical swaps.
[INFO DPO-0308] Pass   1 of vertical swaps; hpwl is 2.323478e+07.
[INFO DPO-0309] End of vertical swaps; objective is 2.323478e+07, improvement is 0.68 percent.
[INFO DPO-0303] Running algorithm for reordering.
[INFO DPO-0304] Pass   1 of reordering; objective is 2.294488e+07.
[INFO DPO-0304] Pass   2 of reordering; objective is 2.289406e+07.
[INFO DPO-0305] End of reordering; objective is 2.289406e+07, improvement is 1.47 percent.
[INFO DPO-0303] Running algorithm for random improvement.
[INFO DPO-0324] Random improver is using displacement generator.
[INFO DPO-0325] Random improver is using hpwl objective.
[INFO DPO-0326] Random improver cost string is (a).
[INFO DPO-0332] End of pass, Generator displacement called 6460 times.
[INFO DPO-0335] Generator displacement, Cumulative attempts 6460, swaps 869, moves  1574 since last reset.
[INFO DPO-0333] End of pass, Objective hpwl, Initial cost 2.289406e+07, Scratch cost 2.263364e+07, Incremental cost 2.263364e+07, Mismatch? N
[INFO DPO-0338] End of pass, Total cost is 2.263364e+07.
[INFO DPO-0327] Pass   1 of random improver; improvement in cost is 1.14 percent.
[INFO DPO-0332] End of pass, Generator displacement called 6460 times.
[INFO DPO-0335] Generator displacement, Cumulative attempts 12920, swaps 1752, moves  3179 since last reset.
[INFO DPO-0333] End of pass, Objective hpwl, Initial cost 2.263364e+07, Scratch cost 2.259148e+07, Incremental cost 2.259148e+07, Mismatch? N
[INFO DPO-0338] End of pass, Total cost is 2.259148e+07.
[INFO DPO-0327] Pass   2 of random improver; improvement in cost is 0.19 percent.
[INFO DPO-0328] End of random improver; improvement is 1.321675 percent.
[INFO DPO-0380] Cell flipping.
[INFO DPO-0382] Changed 164 cell orientations for row compatibility.
[INFO DPO-0383] Performed 106 cell flips.
[INFO DPO-0384] End of flipping; objective is 2.180632e+07, improvement is 3.48 percent.
[INFO DPO-0313] Found 0 cells in wrong regions.
[INFO DPO-0315] Found 0 row alignment problems.
[INFO DPO-0314] Found 0 site alignment problems.
[INFO DPO-0311] Found 0 overlaps between adjacent cells.
[INFO DPO-0312] Found 0 edge spacing violations and 0 padding violations.
Detailed Improvement Results
------------------------------------------
Original HPWL            12185.5 u
Final HPWL               10871.9 u
Delta HPWL                 -10.8 %

[INFO DPL-0020] Mirrored 17 instances
[INFO DPL-0021] HPWL before           10871.9 u
[INFO DPL-0022] HPWL after            10857.7 u
[INFO DPL-0023] HPWL delta               -0.1 %
[INFO FLW-0012] Placement violations .

==========================================================================
detailed place report_design_area
--------------------------------------------------------------------------
Design area 14866 u^2 36% utilization.
Elapsed time: 0:00.47[h:]min:sec. CPU time: user 0.45 sys 0.01 (99%). Peak memory: 116352KB.
