OpenROAD v2.0-11432-gead3236e5 
This program is licensed under the BSD-3 license. See the LICENSE file for details.
Components of this program may be licensed under more restrictive licenses which must be honored.
clock_tree_synthesis -sink_clustering_enable -balance_levels -distance_between_buffers 100
[INFO CTS-0050] Root buffer is gf180mcu_fd_sc_mcu9t5v0__clkbuf_1.
[INFO CTS-0051] Sink buffer is gf180mcu_fd_sc_mcu9t5v0__clkbuf_1.
[INFO CTS-0052] The following clock buffers will be used for CTS:
                    gf180mcu_fd_sc_mcu9t5v0__clkbuf_1
[INFO CTS-0049] Characterization buffer is gf180mcu_fd_sc_mcu9t5v0__clkbuf_1.
[INFO CTS-0039] Number of created patterns = 4200.
[INFO CTS-0084] Compiling LUT.
Min. len    Max. len    Min. cap    Max. cap    Min. slew   Max. slew
2           8           1           20          1           7           
[WARNING CTS-0043] 560 wires are pure wire and no slew degradation.
TritonCTS forced slew degradation on these wires.
[INFO CTS-0046]     Number of wire segments: 4200.
[INFO CTS-0047]     Number of keys in characterization LUT: 452.
[INFO CTS-0048]     Actual min input cap: 1.
[INFO CTS-0007] Net "clk" found for clock "clk".
[INFO CTS-0010]  Clock net "clk" has 44 sinks.
[INFO CTS-0008] TritonCTS found 1 clock nets.
[INFO CTS-0097] Characterization used 1 buffer(s) types.
[INFO CTS-0200] 0 placement blockages have been identified.
[INFO CTS-0201] 0 placed hard macros will be treated like blockages.
[INFO CTS-0027] Generating H-Tree topology for net clk.
[INFO CTS-0028]  Total number of sinks: 44.
[INFO CTS-0090]  Sinks will be clustered based on buffer max cap.
[INFO CTS-0030]  Number of static layers: 0.
[INFO CTS-0020]  Wire segment unit: 50400  dbu (25 um).
[INFO CTS-0021]  Distance between buffers: 1 units (100 um).
[INFO CTS-0023]  Original sink region: [(11080, 26320), (264295, 397040)].
[INFO CTS-0024]  Normalized sink region: [(0.219841, 0.522222), (5.24395, 7.87778)].
[INFO CTS-0025]     Width:  5.0241.
[INFO CTS-0026]     Height: 7.3556.
[WARNING CTS-0045] Creating fake entries in the LUT.
 Level 1
    Direction: Vertical
    Sinks per sub-region: 22
    Sub-region size: 5.0241 X 3.6778
[INFO CTS-0034]     Segment length (rounded): 2.
    Key: 0 inSlew: 1 inCap: 1 outSlew: 2 load: 1 length: 2 delay: 1
 Out of 44 sinks, 1 sinks closer to other cluster.
 Level 2
    Direction: Horizontal
    Sinks per sub-region: 11
    Sub-region size: 2.5121 X 3.6778
[INFO CTS-0034]     Segment length (rounded): 1.
    Key: 4207 inSlew: 1 inCap: 1 outSlew: 1 load: 1 length: 1 delay: 2
      location: 1.0 buffer: gf180mcu_fd_sc_mcu9t5v0__clkbuf_1
 Out of 26 sinks, 1 sinks closer to other cluster.
[INFO CTS-0032]  Stop criterion found. Max number of sinks is 15.
[INFO CTS-0035]  Number of sinks covered: 44.
[INFO CTS-0018]     Created 5 clock buffers.
[INFO CTS-0012]     Minimum number of buffers in the clock path: 2.
[INFO CTS-0013]     Maximum number of buffers in the clock path: 2.
[INFO CTS-0015]     Created 5 clock nets.
[INFO CTS-0016]     Fanout distribution for the current clock = 8:1, 10:1, 11:1, 15:1..
[INFO CTS-0017]     Max level of the clock tree: 2.
[INFO CTS-0098] Clock net "clk"
[INFO CTS-0099]  Sinks 44
[INFO CTS-0100]  Leaf buffers 0
[INFO CTS-0101]  Average sink wire length 198.09 um
[INFO CTS-0102]  Path depth 2 - 2

==========================================================================
cts pre-repair report_design_area
--------------------------------------------------------------------------
Design area 14950 u^2 36% utilization.
[INFO RSZ-0058] Using max wire length 15009um.

==========================================================================
cts post-repair report_design_area
--------------------------------------------------------------------------
Design area 14950 u^2 36% utilization.
Placement Analysis
---------------------------------
total displacement         19.2 u
average displacement        0.0 u
max displacement            5.6 u
original HPWL           11370.4 u
legalized HPWL          11847.7 u
delta HPWL                    4 %

Repair setup and hold violations...
TNS end percent 5
[INFO RSZ-0033] No hold violations found.
Placement Analysis
---------------------------------
total displacement          0.0 u
average displacement        0.0 u
max displacement            0.0 u
original HPWL           11847.7 u
legalized HPWL          11847.7 u
delta HPWL                    0 %


==========================================================================
cts final report_design_area
--------------------------------------------------------------------------
Design area 14950 u^2 36% utilization.
Elapsed time: 0:00.91[h:]min:sec. CPU time: user 0.86 sys 0.04 (99%). Peak memory: 132268KB.
