OpenROAD v2.0-11432-gead3236e5 
This program is licensed under the BSD-3 license. See the LICENSE file for details.
Components of this program may be licensed under more restrictive licenses which must be honored.
global_route -guide_file ./results/gf180/uart-blocks_uart_rx/base/route.guide -congestion_report_file ./reports/gf180/uart-blocks_uart_rx/base/congestion.rpt -congestion_iterations 30 -congestion_report_iter_step 5 -verbose
[INFO GRT-0020] Min routing layer: Metal2
[INFO GRT-0021] Max routing layer: Metal4
[INFO GRT-0022] Global adjustment: 0%
[INFO GRT-0023] Grid origin: (0, 0)
[INFO GRT-0043] No OR_DEFAULT vias defined.
[INFO GRT-0088] Layer Metal1  Track-Pitch = 0.5600  line-2-Via Pitch: 0.5450
[INFO GRT-0088] Layer Metal2  Track-Pitch = 0.5600  line-2-Via Pitch: 0.5800
[INFO GRT-0088] Layer Metal3  Track-Pitch = 0.5600  line-2-Via Pitch: 0.5800
[INFO GRT-0088] Layer Metal4  Track-Pitch = 0.5600  line-2-Via Pitch: 0.5800
[INFO GRT-0019] Found 6 clock nets.
[INFO GRT-0001] Minimum degree: 2
[INFO GRT-0002] Maximum degree: 30
[INFO GRT-0003] Macros: 0
[INFO GRT-0004] Blockages: 0

[INFO GRT-0053] Routing resources analysis:
          Routing      Original      Derated      Resource
Layer     Direction    Resources     Resources    Reduction (%)
---------------------------------------------------------------
Metal1     Horizontal          0             0          0.00%
Metal2     Vertical         8850          4248          52.00%
Metal3     Horizontal       8850          4194          52.61%
Metal4     Vertical         8850          3260          63.16%
---------------------------------------------------------------

[INFO GRT-0101] Running extra iterations to remove overflow.
[INFO GRT-0197] Via related to pin nodes: 1511
[INFO GRT-0198] Via related Steiner nodes: 73
[INFO GRT-0199] Via filling finished.
[INFO GRT-0111] Final number of vias: 1816
[INFO GRT-0112] Final usage 3D: 7173

[INFO GRT-0096] Final congestion report:
Layer         Resource        Demand        Usage (%)    Max H / Max V / Total Overflow
---------------------------------------------------------------------------------------
Metal1               0             0            0.00%             0 /  0 /  0
Metal2            4248           862           20.29%             0 /  0 /  0
Metal3            4194           829           19.77%             0 /  0 /  0
Metal4            3260            34            1.04%             0 /  0 /  0
---------------------------------------------------------------------------------------
Total            11702          1725           14.74%             0 /  0 /  0

[INFO GRT-0018] Total wirelength: 24124 um
[INFO GRT-0014] Routed nets: 367

==========================================================================
global route pre repair design report_design_area
--------------------------------------------------------------------------
Design area 14950 u^2 36% utilization.
Perform buffer insertion...
[INFO RSZ-0058] Using max wire length 15009um.
[INFO RSZ-0039] Resized 1 instances.

==========================================================================
global route post repair design report_design_area
--------------------------------------------------------------------------
Design area 14950 u^2 36% utilization.
Placement Analysis
---------------------------------
total displacement          0.0 u
average displacement        0.0 u
max displacement            0.0 u
original HPWL           11847.7 u
legalized HPWL          11847.7 u
delta HPWL                    0 %

Repair setup and hold violations...
[INFO RSZ-0033] No hold violations found.

==========================================================================
global route post repair timing report_design_area
--------------------------------------------------------------------------
Design area 14950 u^2 36% utilization.
Placement Analysis
---------------------------------
total displacement          0.0 u
average displacement        0.0 u
max displacement            0.0 u
original HPWL           11847.7 u
legalized HPWL          11847.7 u
delta HPWL                    0 %


==========================================================================
check_antennas
--------------------------------------------------------------------------
[INFO GRT-0012] Found 0 antenna violations.
[WARNING ANT-0011] -report_violating_nets is deprecated.
[INFO ANT-0002] Found 0 net violations.
[INFO ANT-0001] Found 0 pin violations.

==========================================================================
global route report_design_area
--------------------------------------------------------------------------
Design area 14950 u^2 36% utilization.
[INFO FLW-0007] clock clk period 6.000000
[INFO FLW-0008] Clock clk period 3.355
[INFO FLW-0009] Clock clk slack 2.468
[INFO FLW-0011] Path endpoint count 58
Elapsed time: 0:00.66[h:]min:sec. CPU time: user 0.61 sys 0.05 (99%). Peak memory: 179384KB.
