OpenROAD v2.0-11432-gead3236e5 
This program is licensed under the BSD-3 license. See the LICENSE file for details.
Components of this program may be licensed under more restrictive licenses which must be honored.
[INFO GPL-0002] DBU: 2000
[INFO GPL-0003] SiteSize: 380 2800
[INFO GPL-0004] CoreAreaLxLy: 10260 11200
[INFO GPL-0005] CoreAreaUxUy: 479940 478800
[INFO GPL-0006] NumInstances: 10087
[INFO GPL-0007] NumPlaceInstances: 9669
[INFO GPL-0008] NumFixedInstances: 418
[INFO GPL-0009] NumDummyInstances: 0
[INFO GPL-0010] NumNets: 12469
[INFO GPL-0011] NumPins: 38535
[INFO GPL-0012] DieAreaLxLy: 0 0
[INFO GPL-0013] DieAreaUxUy: 490220 490220
[INFO GPL-0014] CoreAreaLxLy: 10260 11200
[INFO GPL-0015] CoreAreaUxUy: 479940 478800
[INFO GPL-0016] CoreArea: 219622368000
[INFO GPL-0017] NonPlaceInstsArea: 444752000
[INFO GPL-0018] PlaceInstsArea: 85343440000
[INFO GPL-0019] Util(%): 38.94
[INFO GPL-0020] StdInstsArea: 85343440000
[INFO GPL-0021] MacroInstsArea: 0
[INFO GPL-0031] FillerInit: NumGCells: 25142
[INFO GPL-0032] FillerInit: NumGNets: 12469
[INFO GPL-0033] FillerInit: NumGPins: 38535
[INFO GPL-0023] TargetDensity: 1.00
[INFO GPL-0024] AveragePlaceInstArea: 8826501
[INFO GPL-0025] IdealBinArea: 8826501
[INFO GPL-0026] IdealBinCnt: 24882
[INFO GPL-0027] TotalBinArea: 219622368000
[INFO GPL-0028] BinCnt: 128 128
[INFO GPL-0029] BinSize: 3670 3654
[INFO GPL-0030] NumBins: 16384
global_placement -density 0.5215041971206665 -pad_left 0 -pad_right 0 -routability_driven -timing_driven
[INFO GPL-0002] DBU: 2000
[INFO GPL-0003] SiteSize: 380 2800
[INFO GPL-0004] CoreAreaLxLy: 10260 11200
[INFO GPL-0005] CoreAreaUxUy: 479940 478800
[INFO GPL-0006] NumInstances: 10087
[INFO GPL-0007] NumPlaceInstances: 9669
[INFO GPL-0008] NumFixedInstances: 418
[INFO GPL-0009] NumDummyInstances: 0
[INFO GPL-0010] NumNets: 12469
[INFO GPL-0011] NumPins: 38535
[INFO GPL-0012] DieAreaLxLy: 0 0
[INFO GPL-0013] DieAreaUxUy: 490220 490220
[INFO GPL-0014] CoreAreaLxLy: 10260 11200
[INFO GPL-0015] CoreAreaUxUy: 479940 478800
[INFO GPL-0016] CoreArea: 219622368000
[INFO GPL-0017] NonPlaceInstsArea: 444752000
[INFO GPL-0018] PlaceInstsArea: 85343440000
[INFO GPL-0019] Util(%): 38.94
[INFO GPL-0020] StdInstsArea: 85343440000
[INFO GPL-0021] MacroInstsArea: 0
[InitialPlace]  Iter: 1 CG residual: 0.00001820 HPWL: 324927739
[InitialPlace]  Iter: 2 CG residual: 0.00012831 HPWL: 309427378
[InitialPlace]  Iter: 3 CG residual: 0.00019405 HPWL: 299740974
[InitialPlace]  Iter: 4 CG residual: 0.00026945 HPWL: 291393289
[InitialPlace]  Iter: 5 CG residual: 0.00017228 HPWL: 282503990
[InitialPlace]  Iter: 6 CG residual: 0.00011832 HPWL: 279695387
[InitialPlace]  Iter: 7 CG residual: 0.00017094 HPWL: 277531175
[InitialPlace]  Iter: 8 CG residual: 0.00009351 HPWL: 275797943
[InitialPlace]  Iter: 9 CG residual: 0.00007651 HPWL: 274866015
[InitialPlace]  Iter: 10 CG residual: 0.00005917 HPWL: 273352462
[InitialPlace]  Iter: 11 CG residual: 0.00006604 HPWL: 272750288
[InitialPlace]  Iter: 12 CG residual: 0.00006174 HPWL: 271679325
[InitialPlace]  Iter: 13 CG residual: 0.00006218 HPWL: 271321779
[InitialPlace]  Iter: 14 CG residual: 0.00006927 HPWL: 270733054
[InitialPlace]  Iter: 15 CG residual: 0.00005463 HPWL: 270414548
[InitialPlace]  Iter: 16 CG residual: 0.00007101 HPWL: 269932677
[InitialPlace]  Iter: 17 CG residual: 0.00005968 HPWL: 269705537
[InitialPlace]  Iter: 18 CG residual: 0.00006602 HPWL: 269320815
[InitialPlace]  Iter: 19 CG residual: 0.00008678 HPWL: 269104624
[InitialPlace]  Iter: 20 CG residual: 0.00009348 HPWL: 268772917
[INFO GPL-0031] FillerInit: NumGCells: 13017
[INFO GPL-0032] FillerInit: NumGNets: 12469
[INFO GPL-0033] FillerInit: NumGPins: 38535
[INFO GPL-0023] TargetDensity: 0.52
[INFO GPL-0024] AveragePlaceInstArea: 8826501
[INFO GPL-0025] IdealBinArea: 16925080
[INFO GPL-0026] IdealBinCnt: 12976
[INFO GPL-0027] TotalBinArea: 219622368000
[INFO GPL-0028] BinCnt: 64 64
[INFO GPL-0029] BinSize: 7339 7307
[INFO GPL-0030] NumBins: 4096
[NesterovSolve] Iter: 1 overflow: 0.827283 HPWL: 226687373
[INFO GPL-0100] worst slack 6e-10
[INFO GPL-0103] Weighted 1246 nets.
[NesterovSolve] Iter: 10 overflow: 0.741861 HPWL: 249772654
[NesterovSolve] Iter: 20 overflow: 0.72482 HPWL: 252595502
[NesterovSolve] Iter: 30 overflow: 0.722451 HPWL: 255079497
[NesterovSolve] Iter: 40 overflow: 0.718012 HPWL: 256470088
[NesterovSolve] Iter: 50 overflow: 0.715761 HPWL: 257363221
[NesterovSolve] Iter: 60 overflow: 0.71414 HPWL: 258215155
[NesterovSolve] Iter: 70 overflow: 0.711983 HPWL: 259172126
[NesterovSolve] Iter: 80 overflow: 0.709128 HPWL: 260027086
[NesterovSolve] Iter: 90 overflow: 0.706886 HPWL: 260384604
[NesterovSolve] Iter: 100 overflow: 0.704829 HPWL: 260365435
[NesterovSolve] Iter: 110 overflow: 0.702116 HPWL: 259945423
[NesterovSolve] Iter: 120 overflow: 0.699391 HPWL: 259299566
[NesterovSolve] Iter: 130 overflow: 0.698899 HPWL: 258981452
[NesterovSolve] Iter: 140 overflow: 0.695263 HPWL: 258804813
[NesterovSolve] Iter: 150 overflow: 0.691036 HPWL: 258806294
[NesterovSolve] Iter: 160 overflow: 0.677758 HPWL: 258748760
[NesterovSolve] Iter: 170 overflow: 0.66 HPWL: 258233131
[NesterovSolve] Iter: 180 overflow: 0.640457 HPWL: 257407778
[INFO GPL-0100] worst slack 5.18e-10
[INFO GPL-0103] Weighted 1246 nets.
[NesterovSolve] Iter: 190 overflow: 0.614141 HPWL: 255355956
[NesterovSolve] Snapshot saved at iter = 194
[NesterovSolve] Iter: 200 overflow: 0.582431 HPWL: 252547104
[NesterovSolve] Iter: 210 overflow: 0.557583 HPWL: 249561040
[NesterovSolve] Iter: 220 overflow: 0.52348 HPWL: 245975545
[NesterovSolve] Iter: 230 overflow: 0.485812 HPWL: 243525731
[INFO GPL-0100] worst slack 5.51e-10
[INFO GPL-0103] Weighted 1246 nets.
[NesterovSolve] Iter: 240 overflow: 0.451926 HPWL: 241100684
[NesterovSolve] Iter: 250 overflow: 0.416958 HPWL: 238938418
[NesterovSolve] Iter: 260 overflow: 0.386272 HPWL: 236510034
[NesterovSolve] Iter: 270 overflow: 0.348291 HPWL: 234427997
[NesterovSolve] Iter: 280 overflow: 0.313373 HPWL: 231952686
[NesterovSolve] Iter: 290 overflow: 0.288359 HPWL: 230413182
[INFO GPL-0100] worst slack 5.49e-10
[INFO GPL-0103] Weighted 1245 nets.
[NesterovSolve] Iter: 300 overflow: 0.266992 HPWL: 229670653
[NesterovSolve] Iter: 310 overflow: 0.24465 HPWL: 229207456
[NesterovSolve] Iter: 320 overflow: 0.219691 HPWL: 228681483
[INFO GPL-0100] worst slack 5.49e-10
[INFO GPL-0103] Weighted 1246 nets.
[INFO GPL-0075] Routability numCall: 1 inflationIterCnt: 1 bloatIterCnt: 0
[INFO GPL-0036] TileLxLy: 0 0
[INFO GPL-0037] TileSize: 4200 4200
[INFO GPL-0038] TileCnt: 116 116
[INFO GPL-0039] numRoutingLayers: 10
[INFO GPL-0040] NumTiles: 13456
[INFO GPL-0063] TotalRouteOverflowH2: 2.4571433067321777
[INFO GPL-0064] TotalRouteOverflowV2: 0.7532467842102051
[INFO GPL-0065] OverflowTileCnt2: 16
[INFO GPL-0066] 0.5%RC: 1.00937840956768
[INFO GPL-0067] 1.0%RC: 1.00468920478384
[INFO GPL-0068] 2.0%RC: 1.0023468417447299
[INFO GPL-0069] 5.0%RC: 0.967223680643678
[INFO GPL-0070] 0.5rcK: 1.0
[INFO GPL-0071] 1.0rcK: 1.0
[INFO GPL-0072] 2.0rcK: 0.0
[INFO GPL-0073] 5.0rcK: 0.0
[INFO GPL-0074] FinalRC: 1.0070338
[NesterovSolve] Iter: 330 overflow: 0.197219 HPWL: 228319901
[NesterovSolve] Iter: 340 overflow: 0.173266 HPWL: 228396159
[NesterovSolve] Iter: 350 overflow: 0.150635 HPWL: 228486993
[INFO GPL-0100] worst slack 5.62e-10
[INFO GPL-0103] Weighted 1246 nets.
[NesterovSolve] Iter: 360 overflow: 0.126257 HPWL: 228978738
[NesterovSolve] Iter: 370 overflow: 0.105855 HPWL: 229525301
[NesterovSolve] Finished with Overflow: 0.098132

==========================================================================
global place report_design_area
--------------------------------------------------------------------------
Design area 21447 u^2 39% utilization.
Elapsed time: 0:17.30[h:]min:sec. CPU time: user 64.14 sys 0.08 (371%). Peak memory: 232856KB.
