OpenROAD autotuner-v1-2861-g832b18e7 
This program is licensed under the BSD-3 license. See the LICENSE file for details.
Components of this program may be licensed under more restrictive licenses which must be honored.
[INFO GPL-0002] DBU: 1000
[INFO GPL-0003] SiteSize: 460 2720
[INFO GPL-0004] CoreAreaLxLy: 460 2720
[INFO GPL-0005] CoreAreaUxUy: 674360 1047200
[INFO GPL-0006] NumInstances: 18384
[INFO GPL-0007] NumPlaceInstances: 9120
[INFO GPL-0008] NumFixedInstances: 9264
[INFO GPL-0009] NumDummyInstances: 0
[INFO GPL-0010] NumNets: 9559
[INFO GPL-0011] NumPins: 34529
[INFO GPL-0012] DieAreaLxLy: 0 0
[INFO GPL-0013] DieAreaUxUy: 675000 1050000
[INFO GPL-0014] CoreAreaLxLy: 460 2720
[INFO GPL-0015] CoreAreaUxUy: 674360 1047200
[INFO GPL-0016] CoreArea: 703875072000
[INFO GPL-0017] NonPlaceInstsArea: 11591116800
[INFO GPL-0018] PlaceInstsArea: 129078796800
[INFO GPL-0019] Util(%): 18.65
[INFO GPL-0020] StdInstsArea: 129078796800
[INFO GPL-0021] MacroInstsArea: 0
[INFO GPL-0031] FillerInit: NumGCells: 29810
[INFO GPL-0032] FillerInit: NumGNets: 9559
[INFO GPL-0033] FillerInit: NumGPins: 34529
[INFO GPL-0023] TargetDensity: 0.60
[INFO GPL-0024] AveragePlaceInstArea: 14153376
[INFO GPL-0025] IdealBinArea: 23588960
[INFO GPL-0026] IdealBinCnt: 29839
[INFO GPL-0027] TotalBinArea: 703875072000
[INFO GPL-0028] BinCnt: 128 128
[INFO GPL-0029] BinSize: 5265 8160
[INFO GPL-0030] NumBins: 16384
[NesterovSolve] Iter: 1 overflow: 0.998136 HPWL: 27058915
[NesterovSolve] Iter: 10 overflow: 0.997771 HPWL: 18512283
[NesterovSolve] Iter: 20 overflow: 0.997026 HPWL: 18355658
[NesterovSolve] Iter: 30 overflow: 0.996943 HPWL: 18320826
[NesterovSolve] Iter: 40 overflow: 0.996942 HPWL: 18303280
[NesterovSolve] Iter: 50 overflow: 0.996892 HPWL: 18292752
[NesterovSolve] Iter: 60 overflow: 0.996987 HPWL: 18286970
[NesterovSolve] Iter: 70 overflow: 0.997056 HPWL: 18287675
[NesterovSolve] Iter: 80 overflow: 0.997064 HPWL: 18298593
[NesterovSolve] Iter: 90 overflow: 0.997016 HPWL: 18328219
[NesterovSolve] Iter: 100 overflow: 0.996861 HPWL: 18401168
[NesterovSolve] Iter: 110 overflow: 0.996667 HPWL: 18595832
[NesterovSolve] Iter: 120 overflow: 0.996565 HPWL: 19048328
[NesterovSolve] Iter: 130 overflow: 0.995807 HPWL: 19960170
[NesterovSolve] Iter: 140 overflow: 0.99249 HPWL: 21735002
[NesterovSolve] Iter: 150 overflow: 0.988891 HPWL: 25031406
[NesterovSolve] Iter: 160 overflow: 0.981506 HPWL: 30433814
[NesterovSolve] Iter: 170 overflow: 0.970565 HPWL: 37907026
[NesterovSolve] Iter: 180 overflow: 0.958178 HPWL: 46463056
[NesterovSolve] Iter: 190 overflow: 0.943067 HPWL: 55124099
[NesterovSolve] Iter: 200 overflow: 0.927032 HPWL: 64319810
[NesterovSolve] Iter: 210 overflow: 0.90603 HPWL: 74344371
[NesterovSolve] Iter: 220 overflow: 0.881515 HPWL: 85971836
[NesterovSolve] Iter: 230 overflow: 0.854229 HPWL: 98795112
[NesterovSolve] Iter: 240 overflow: 0.820264 HPWL: 111856570
[NesterovSolve] Iter: 250 overflow: 0.784434 HPWL: 125678564
[NesterovSolve] Iter: 260 overflow: 0.748015 HPWL: 137020609
[NesterovSolve] Iter: 270 overflow: 0.710474 HPWL: 149371132
[NesterovSolve] Iter: 280 overflow: 0.66781 HPWL: 161672995
[NesterovSolve] Iter: 290 overflow: 0.625839 HPWL: 172675946
[NesterovSolve] Iter: 300 overflow: 0.57902 HPWL: 183620226
[NesterovSolve] Iter: 310 overflow: 0.53451 HPWL: 193474108
[NesterovSolve] Iter: 320 overflow: 0.48362 HPWL: 200883857
[NesterovSolve] Iter: 330 overflow: 0.432116 HPWL: 207584411
[NesterovSolve] Iter: 340 overflow: 0.386227 HPWL: 213361000
[NesterovSolve] Iter: 350 overflow: 0.344369 HPWL: 219626126
[NesterovSolve] Iter: 360 overflow: 0.305451 HPWL: 224315766
[NesterovSolve] Iter: 370 overflow: 0.275823 HPWL: 227757091
[NesterovSolve] Iter: 380 overflow: 0.246146 HPWL: 230349008
[NesterovSolve] Iter: 390 overflow: 0.215936 HPWL: 232723682
[NesterovSolve] Iter: 400 overflow: 0.190413 HPWL: 234581198
[NesterovSolve] Iter: 410 overflow: 0.165794 HPWL: 235757040
[NesterovSolve] Iter: 420 overflow: 0.144054 HPWL: 236416955
[NesterovSolve] Iter: 430 overflow: 0.125013 HPWL: 236830995
[NesterovSolve] Iter: 440 overflow: 0.106435 HPWL: 237157231
[NesterovSolve] Finished with Overflow: 0.099987
Elapsed time: 0:02.86[h:]min:sec. CPU time: user 2.83 sys 0.03 (100%). Peak memory: 141276KB.
