OpenROAD autotuner-v1-2861-g832b18e7 
This program is licensed under the BSD-3 license. See the LICENSE file for details.
Components of this program may be licensed under more restrictive licenses which must be honored.

==========================================================================
resizer pre check_setup
--------------------------------------------------------------------------
Warning: There are 78 input ports missing set_input_delay.
Warning: There are 67 output ports missing set_output_delay.
Warning: There are 73 unconstrained endpoints.

==========================================================================
resizer pre report_tns
--------------------------------------------------------------------------
tns -1451.88

==========================================================================
resizer pre report_wns
--------------------------------------------------------------------------
wns -2.79

==========================================================================
resizer pre report_worst_slack
--------------------------------------------------------------------------
worst slack -2.79

==========================================================================
resizer pre report_checks -path_delay min
--------------------------------------------------------------------------
Startpoint: _15530_ (rising edge-triggered flip-flop clocked by HCLK)
Endpoint: _15531_ (rising edge-triggered flip-flop clocked by HCLK)
Path Group: HCLK
Path Type: min

Fanout     Cap    Slew   Delay    Time   Description
-----------------------------------------------------------------------------
                  0.15    0.00    0.00   clock HCLK (rise edge)
                          0.00    0.00   clock network delay (ideal)
                  0.15    0.00    0.00 ^ _15530_/CLK (sky130_fd_sc_hd__dfrtp_1)
     1    0.00    0.05    0.35    0.35 ^ _15530_/Q (sky130_fd_sc_hd__dfrtp_1)
                                         S5.i2c.byte_controller.bit_controller.cSDA[0] (net)
                  0.05    0.00    0.35 ^ _15531_/D (sky130_fd_sc_hd__dfrtp_1)
                                  0.35   data arrival time

                  0.15    0.00    0.00   clock HCLK (rise edge)
                          0.00    0.00   clock network delay (ideal)
                          0.25    0.25   clock uncertainty
                          0.00    0.25   clock reconvergence pessimism
                                  0.25 ^ _15531_/CLK (sky130_fd_sc_hd__dfrtp_1)
                         -0.02    0.23   library hold time
                                  0.23   data required time
-----------------------------------------------------------------------------
                                  0.23   data required time
                                 -0.35   data arrival time
-----------------------------------------------------------------------------
                                  0.12   slack (MET)



==========================================================================
resizer pre report_checks -path_delay max
--------------------------------------------------------------------------
Startpoint: _16663_ (rising edge-triggered flip-flop clocked by HCLK)
Endpoint: _17442_ (rising edge-triggered flip-flop clocked by HCLK)
Path Group: HCLK
Path Type: max

Fanout     Cap    Slew   Delay    Time   Description
-----------------------------------------------------------------------------
                  0.15    0.00    0.00   clock HCLK (rise edge)
                          0.00    0.00   clock network delay (ideal)
                  0.15    0.00    0.00 ^ _16663_/CLK (sky130_fd_sc_hd__dfrtp_1)
    26    0.10    0.47    0.75    0.75 v _16663_/Q (sky130_fd_sc_hd__dfrtp_1)
                                         AHB2APB_BR.PADDR[4] (net)
                  0.47    0.00    0.75 v _07839_/A (sky130_fd_sc_hd__nor4_1)
    21    0.13    5.08    4.01    4.76 ^ _07839_/Y (sky130_fd_sc_hd__nor4_1)
                                         _03531_ (net)
                  5.08    0.01    4.77 ^ _07845_/A (sky130_fd_sc_hd__nand2_1)
    13    0.09    1.44    2.02    6.79 v _07845_/Y (sky130_fd_sc_hd__nand2_1)
                                         _03537_ (net)
                  1.44    0.01    6.80 v _10731_/C (sky130_fd_sc_hd__nor3_1)
    11    0.07    1.85    1.91    8.71 ^ _10731_/Y (sky130_fd_sc_hd__nor3_1)
                                         _05796_ (net)
                  1.85    0.01    8.72 ^ _10733_/B (sky130_fd_sc_hd__nand2_1)
     4    0.02    0.38    0.42    9.13 v _10733_/Y (sky130_fd_sc_hd__nand2_1)
                                         _05798_ (net)
                  0.38    0.00    9.13 v _14873_/A (sky130_fd_sc_hd__nor2_1)
     8    0.06    1.03    0.91   10.04 ^ _14873_/Y (sky130_fd_sc_hd__nor2_1)
                                         _03487_ (net)
                  1.03    0.00   10.05 ^ _14878_/S (sky130_fd_sc_hd__mux2_2)
     1    0.00    0.05    0.41   10.46 v _14878_/X (sky130_fd_sc_hd__mux2_2)
                                         _02103_ (net)
                  0.05    0.00   10.46 v _17442_/D (sky130_fd_sc_hd__dfxtp_1)
                                 10.46   data arrival time

                  0.15    8.00    8.00   clock HCLK (rise edge)
                          0.00    8.00   clock network delay (ideal)
                         -0.25    7.75   clock uncertainty
                          0.00    7.75   clock reconvergence pessimism
                                  7.75 ^ _17442_/CLK (sky130_fd_sc_hd__dfxtp_1)
                         -0.09    7.66   library setup time
                                  7.66   data required time
-----------------------------------------------------------------------------
                                  7.66   data required time
                                -10.46   data arrival time
-----------------------------------------------------------------------------
                                 -2.79   slack (VIOLATED)



==========================================================================
resizer pre report_checks -unconstrained
--------------------------------------------------------------------------
Startpoint: _16663_ (rising edge-triggered flip-flop clocked by HCLK)
Endpoint: _17442_ (rising edge-triggered flip-flop clocked by HCLK)
Path Group: HCLK
Path Type: max

Fanout     Cap    Slew   Delay    Time   Description
-----------------------------------------------------------------------------
                  0.15    0.00    0.00   clock HCLK (rise edge)
                          0.00    0.00   clock network delay (ideal)
                  0.15    0.00    0.00 ^ _16663_/CLK (sky130_fd_sc_hd__dfrtp_1)
    26    0.10    0.47    0.75    0.75 v _16663_/Q (sky130_fd_sc_hd__dfrtp_1)
                                         AHB2APB_BR.PADDR[4] (net)
                  0.47    0.00    0.75 v _07839_/A (sky130_fd_sc_hd__nor4_1)
    21    0.13    5.08    4.01    4.76 ^ _07839_/Y (sky130_fd_sc_hd__nor4_1)
                                         _03531_ (net)
                  5.08    0.01    4.77 ^ _07845_/A (sky130_fd_sc_hd__nand2_1)
    13    0.09    1.44    2.02    6.79 v _07845_/Y (sky130_fd_sc_hd__nand2_1)
                                         _03537_ (net)
                  1.44    0.01    6.80 v _10731_/C (sky130_fd_sc_hd__nor3_1)
    11    0.07    1.85    1.91    8.71 ^ _10731_/Y (sky130_fd_sc_hd__nor3_1)
                                         _05796_ (net)
                  1.85    0.01    8.72 ^ _10733_/B (sky130_fd_sc_hd__nand2_1)
     4    0.02    0.38    0.42    9.13 v _10733_/Y (sky130_fd_sc_hd__nand2_1)
                                         _05798_ (net)
                  0.38    0.00    9.13 v _14873_/A (sky130_fd_sc_hd__nor2_1)
     8    0.06    1.03    0.91   10.04 ^ _14873_/Y (sky130_fd_sc_hd__nor2_1)
                                         _03487_ (net)
                  1.03    0.00   10.05 ^ _14878_/S (sky130_fd_sc_hd__mux2_2)
     1    0.00    0.05    0.41   10.46 v _14878_/X (sky130_fd_sc_hd__mux2_2)
                                         _02103_ (net)
                  0.05    0.00   10.46 v _17442_/D (sky130_fd_sc_hd__dfxtp_1)
                                 10.46   data arrival time

                  0.15    8.00    8.00   clock HCLK (rise edge)
                          0.00    8.00   clock network delay (ideal)
                         -0.25    7.75   clock uncertainty
                          0.00    7.75   clock reconvergence pessimism
                                  7.75 ^ _17442_/CLK (sky130_fd_sc_hd__dfxtp_1)
                         -0.09    7.66   library setup time
                                  7.66   data required time
-----------------------------------------------------------------------------
                                  7.66   data required time
                                -10.46   data arrival time
-----------------------------------------------------------------------------
                                 -2.79   slack (VIOLATED)



==========================================================================
resizer pre report_power
--------------------------------------------------------------------------
Group                  Internal  Switching    Leakage      Total
                          Power      Power      Power      Power (Watts)
----------------------------------------------------------------
Sequential             1.31e-02   2.46e-03   2.35e-08   1.56e-02  64.1%
Combinational          4.37e-03   4.33e-03   2.31e-08   8.70e-03  35.9%
Macro                  0.00e+00   0.00e+00   0.00e+00   0.00e+00   0.0%
Pad                    0.00e+00   0.00e+00   0.00e+00   0.00e+00   0.0%
----------------------------------------------------------------
Total                  1.75e-02   6.79e-03   4.66e-08   2.43e-02 100.0%
                          72.0%      28.0%       0.0%

==========================================================================
resizer pre report_design_area
--------------------------------------------------------------------------
Design area 117848 u^2 17% utilization.


==========================================================================
instance_count
--------------------------------------------------------------------------
18384

==========================================================================
pin_count
--------------------------------------------------------------------------
34530

Perform port buffering...
[INFO RSZ-0027] Inserted 69 input buffers.
[INFO RSZ-0028] Inserted 59 output buffers.
Perform buffer insertion...
[INFO RSZ-0058] Using max wire length 2141um.
[INFO RSZ-0034] Found 55 slew violations.
[INFO RSZ-0036] Found 9 capacitance violations.
[INFO RSZ-0038] Inserted 46 buffers in 55 nets.
[INFO RSZ-0039] Resized 3324 instances.
Repair tie lo fanout...
[INFO RSZ-0042] Inserted 8 tie sky130_fd_sc_hd__conb_1 instances.
Repair tie hi fanout...

==========================================================================
report_floating_nets
--------------------------------------------------------------------------

==========================================================================
resizer check_setup
--------------------------------------------------------------------------
Warning: There are 78 input ports missing set_input_delay.
Warning: There are 67 output ports missing set_output_delay.
Warning: There are 73 unconstrained endpoints.

==========================================================================
resizer report_tns
--------------------------------------------------------------------------
tns 0.00

==========================================================================
resizer report_wns
--------------------------------------------------------------------------
wns 0.00

==========================================================================
resizer report_worst_slack
--------------------------------------------------------------------------
worst slack 2.89

==========================================================================
resizer report_checks -path_delay min
--------------------------------------------------------------------------
Startpoint: _15530_ (rising edge-triggered flip-flop clocked by HCLK)
Endpoint: _15531_ (rising edge-triggered flip-flop clocked by HCLK)
Path Group: HCLK
Path Type: min

Fanout     Cap    Slew   Delay    Time   Description
-----------------------------------------------------------------------------
                  0.15    0.00    0.00   clock HCLK (rise edge)
                          0.00    0.00   clock network delay (ideal)
                  0.15    0.00    0.00 ^ _15530_/CLK (sky130_fd_sc_hd__dfrtp_1)
     1    0.00    0.05    0.35    0.35 ^ _15530_/Q (sky130_fd_sc_hd__dfrtp_1)
                                         S5.i2c.byte_controller.bit_controller.cSDA[0] (net)
                  0.05    0.00    0.35 ^ _15531_/D (sky130_fd_sc_hd__dfrtp_4)
                                  0.35   data arrival time

                  0.15    0.00    0.00   clock HCLK (rise edge)
                          0.00    0.00   clock network delay (ideal)
                          0.25    0.25   clock uncertainty
                          0.00    0.25   clock reconvergence pessimism
                                  0.25 ^ _15531_/CLK (sky130_fd_sc_hd__dfrtp_4)
                         -0.02    0.23   library hold time
                                  0.23   data required time
-----------------------------------------------------------------------------
                                  0.23   data required time
                                 -0.35   data arrival time
-----------------------------------------------------------------------------
                                  0.12   slack (MET)



==========================================================================
resizer report_checks -path_delay max
--------------------------------------------------------------------------
Startpoint: _16663_ (rising edge-triggered flip-flop clocked by HCLK)
Endpoint: _16155_ (rising edge-triggered flip-flop clocked by HCLK)
Path Group: HCLK
Path Type: max

Fanout     Cap    Slew   Delay    Time   Description
-----------------------------------------------------------------------------
                  0.15    0.00    0.00   clock HCLK (rise edge)
                          0.00    0.00   clock network delay (ideal)
                  0.15    0.00    0.00 ^ _16663_/CLK (sky130_fd_sc_hd__dfrtp_4)
    26    0.15    0.24    0.70    0.70 v _16663_/Q (sky130_fd_sc_hd__dfrtp_4)
                                         AHB2APB_BR.PADDR[4] (net)
                  0.24    0.01    0.71 v _07876_/A (sky130_fd_sc_hd__or4_4)
    14    0.16    0.30    0.87    1.57 v _07876_/X (sky130_fd_sc_hd__or4_4)
                                         _03566_ (net)
                  0.30    0.00    1.58 v _09028_/A (sky130_fd_sc_hd__nor4_4)
     4    0.09    1.23    1.13    2.71 ^ _09028_/Y (sky130_fd_sc_hd__nor4_4)
                                         _04307_ (net)
                  1.23    0.01    2.72 ^ _09243_/B (sky130_fd_sc_hd__nand2_8)
    53    0.57    0.80    0.77    3.48 v _09243_/Y (sky130_fd_sc_hd__nand2_8)
                                         _04517_ (net)
                  0.81    0.03    3.51 v _12460_/A (sky130_fd_sc_hd__nor2_8)
    44    0.21    0.74    0.85    4.37 ^ _12460_/Y (sky130_fd_sc_hd__nor2_8)
                                         _02233_ (net)
                  0.74    0.02    4.38 ^ _12477_/S (sky130_fd_sc_hd__mux2_1)
     1    0.00    0.05    0.38    4.76 v _12477_/X (sky130_fd_sc_hd__mux2_1)
                                         _00925_ (net)
                  0.05    0.00    4.76 v _16155_/D (sky130_fd_sc_hd__dfrtp_4)
                                  4.76   data arrival time

                  0.15    8.00    8.00   clock HCLK (rise edge)
                          0.00    8.00   clock network delay (ideal)
                         -0.25    7.75   clock uncertainty
                          0.00    7.75   clock reconvergence pessimism
                                  7.75 ^ _16155_/CLK (sky130_fd_sc_hd__dfrtp_4)
                         -0.09    7.66   library setup time
                                  7.66   data required time
-----------------------------------------------------------------------------
                                  7.66   data required time
                                 -4.76   data arrival time
-----------------------------------------------------------------------------
                                  2.89   slack (MET)



==========================================================================
resizer report_checks -unconstrained
--------------------------------------------------------------------------
Startpoint: _16663_ (rising edge-triggered flip-flop clocked by HCLK)
Endpoint: _16155_ (rising edge-triggered flip-flop clocked by HCLK)
Path Group: HCLK
Path Type: max

Fanout     Cap    Slew   Delay    Time   Description
-----------------------------------------------------------------------------
                  0.15    0.00    0.00   clock HCLK (rise edge)
                          0.00    0.00   clock network delay (ideal)
                  0.15    0.00    0.00 ^ _16663_/CLK (sky130_fd_sc_hd__dfrtp_4)
    26    0.15    0.24    0.70    0.70 v _16663_/Q (sky130_fd_sc_hd__dfrtp_4)
                                         AHB2APB_BR.PADDR[4] (net)
                  0.24    0.01    0.71 v _07876_/A (sky130_fd_sc_hd__or4_4)
    14    0.16    0.30    0.87    1.57 v _07876_/X (sky130_fd_sc_hd__or4_4)
                                         _03566_ (net)
                  0.30    0.00    1.58 v _09028_/A (sky130_fd_sc_hd__nor4_4)
     4    0.09    1.23    1.13    2.71 ^ _09028_/Y (sky130_fd_sc_hd__nor4_4)
                                         _04307_ (net)
                  1.23    0.01    2.72 ^ _09243_/B (sky130_fd_sc_hd__nand2_8)
    53    0.57    0.80    0.77    3.48 v _09243_/Y (sky130_fd_sc_hd__nand2_8)
                                         _04517_ (net)
                  0.81    0.03    3.51 v _12460_/A (sky130_fd_sc_hd__nor2_8)
    44    0.21    0.74    0.85    4.37 ^ _12460_/Y (sky130_fd_sc_hd__nor2_8)
                                         _02233_ (net)
                  0.74    0.02    4.38 ^ _12477_/S (sky130_fd_sc_hd__mux2_1)
     1    0.00    0.05    0.38    4.76 v _12477_/X (sky130_fd_sc_hd__mux2_1)
                                         _00925_ (net)
                  0.05    0.00    4.76 v _16155_/D (sky130_fd_sc_hd__dfrtp_4)
                                  4.76   data arrival time

                  0.15    8.00    8.00   clock HCLK (rise edge)
                          0.00    8.00   clock network delay (ideal)
                         -0.25    7.75   clock uncertainty
                          0.00    7.75   clock reconvergence pessimism
                                  7.75 ^ _16155_/CLK (sky130_fd_sc_hd__dfrtp_4)
                         -0.09    7.66   library setup time
                                  7.66   data required time
-----------------------------------------------------------------------------
                                  7.66   data required time
                                 -4.76   data arrival time
-----------------------------------------------------------------------------
                                  2.89   slack (MET)



==========================================================================
resizer report_check_types -max_slew -max_cap -max_fanout -violators
--------------------------------------------------------------------------

==========================================================================
resizer max_slew_check_slack
--------------------------------------------------------------------------
0.03750300034880638

==========================================================================
resizer max_slew_check_limit
--------------------------------------------------------------------------
1.496662974357605

==========================================================================
resizer max_slew_check_slack_limit
--------------------------------------------------------------------------
0.0251

==========================================================================
resizer max_fanout_check_slack
--------------------------------------------------------------------------
1.0000000150474662e+30

==========================================================================
resizer max_fanout_check_limit
--------------------------------------------------------------------------
1.0000000150474662e+30

==========================================================================
resizer max_capacitance_check_slack
--------------------------------------------------------------------------
0.002246338175609708

==========================================================================
resizer max_capacitance_check_limit
--------------------------------------------------------------------------
0.11262000352144241

==========================================================================
resizer max_capacitance_check_slack_limit
--------------------------------------------------------------------------
0.0199

==========================================================================
resizer max_slew_violation_count
--------------------------------------------------------------------------
max slew violation count 0

==========================================================================
resizer max_fanout_violation_count
--------------------------------------------------------------------------
max fanout violation count 0

==========================================================================
resizer max_cap_violation_count
--------------------------------------------------------------------------
max cap violation count 0

==========================================================================
resizer setup_violation_count
--------------------------------------------------------------------------
setup violation count 0

==========================================================================
resizer hold_violation_count
--------------------------------------------------------------------------
hold violation count 0

==========================================================================
resizer critical path delay
--------------------------------------------------------------------------
4.7617

==========================================================================
resizer critical path slack
--------------------------------------------------------------------------
2.8941

==========================================================================
resizer slack div critical path delay
--------------------------------------------------------------------------
60.778713

==========================================================================
resizer report_power
--------------------------------------------------------------------------
Group                  Internal  Switching    Leakage      Total
                          Power      Power      Power      Power (Watts)
----------------------------------------------------------------
Sequential             1.32e-02   2.70e-03   2.30e-08   1.59e-02  62.0%
Combinational          4.62e-03   5.11e-03   2.70e-08   9.73e-03  38.0%
Macro                  0.00e+00   0.00e+00   0.00e+00   0.00e+00   0.0%
Pad                    0.00e+00   0.00e+00   0.00e+00   0.00e+00   0.0%
----------------------------------------------------------------
Total                  1.78e-02   7.81e-03   4.99e-08   2.56e-02 100.0%
                          69.5%      30.5%       0.0%

==========================================================================
resizer report_design_area
--------------------------------------------------------------------------
Design area 131735 u^2 19% utilization.


==========================================================================
instance_count
--------------------------------------------------------------------------
18565

==========================================================================
pin_count
--------------------------------------------------------------------------
34892

Elapsed time: 0:02.74[h:]min:sec. CPU time: user 2.71 sys 0.03 (100%). Peak memory: 173760KB.
