OpenROAD v2.0-11432-gead3236e5 
This program is licensed under the BSD-3 license. See the LICENSE file for details.
Components of this program may be licensed under more restrictive licenses which must be honored.
[INFO GPL-0002] DBU: 1000
[INFO GPL-0003] SiteSize: 460 2720
[INFO GPL-0004] CoreAreaLxLy: 460 2720
[INFO GPL-0005] CoreAreaUxUy: 1924180 2445280
[INFO GPL-0006] NumInstances: 142746
[INFO GPL-0007] NumPlaceInstances: 80196
[INFO GPL-0008] NumFixedInstances: 62550
[INFO GPL-0009] NumDummyInstances: 0
[INFO GPL-0010] NumNets: 47476
[INFO GPL-0011] NumPins: 239424
[INFO GPL-0012] DieAreaLxLy: 0 0
[INFO GPL-0013] DieAreaUxUy: 1925000 2450000
[INFO GPL-0014] CoreAreaLxLy: 460 2720
[INFO GPL-0015] CoreAreaUxUy: 1924180 2445280
[INFO GPL-0016] CoreArea: 4698801523200
[INFO GPL-0017] NonPlaceInstsArea: 78262560000
[INFO GPL-0018] PlaceInstsArea: 1375404121600
[INFO GPL-0019] Util(%): 29.77
[INFO GPL-0020] StdInstsArea: 1375404121600
[INFO GPL-0021] MacroInstsArea: 0
[INFO GPL-0031] FillerInit: NumGCells: 160279
[INFO GPL-0032] FillerInit: NumGNets: 47476
[INFO GPL-0033] FillerInit: NumGPins: 239424
[INFO GPL-0023] TargetDensity: 0.60
[INFO GPL-0024] AveragePlaceInstArea: 17150532
[INFO GPL-0025] IdealBinArea: 28584218
[INFO GPL-0026] IdealBinCnt: 164384
[INFO GPL-0027] TotalBinArea: 4698801523200
[INFO GPL-0028] BinCnt: 256 256
[INFO GPL-0029] BinSize: 7515 9542
[INFO GPL-0030] NumBins: 65536
[NesterovSolve] Iter: 1 overflow: 0.999673 HPWL: 194712367
[NesterovSolve] Iter: 10 overflow: 0.999509 HPWL: 45942586
[NesterovSolve] Iter: 20 overflow: 0.999491 HPWL: 43123249
[NesterovSolve] Iter: 30 overflow: 0.999475 HPWL: 42218328
[NesterovSolve] Iter: 40 overflow: 0.999428 HPWL: 42155134
[NesterovSolve] Iter: 50 overflow: 0.999429 HPWL: 41965078
[NesterovSolve] Iter: 60 overflow: 0.999454 HPWL: 41683884
[NesterovSolve] Iter: 70 overflow: 0.999436 HPWL: 41383268
[NesterovSolve] Iter: 80 overflow: 0.999428 HPWL: 41286391
[NesterovSolve] Iter: 90 overflow: 0.999428 HPWL: 41405266
[NesterovSolve] Iter: 100 overflow: 0.999319 HPWL: 43815430
[NesterovSolve] Iter: 110 overflow: 0.998949 HPWL: 52604305
[NesterovSolve] Iter: 120 overflow: 0.998614 HPWL: 62845451
[NesterovSolve] Iter: 130 overflow: 0.998266 HPWL: 73572388
[NesterovSolve] Iter: 140 overflow: 0.997567 HPWL: 89005738
[NesterovSolve] Iter: 150 overflow: 0.996075 HPWL: 108842406
[NesterovSolve] Iter: 160 overflow: 0.993716 HPWL: 135448865
[NesterovSolve] Iter: 170 overflow: 0.989737 HPWL: 176557150
[NesterovSolve] Iter: 180 overflow: 0.983113 HPWL: 240608167
[NesterovSolve] Iter: 190 overflow: 0.974108 HPWL: 323850784
[NesterovSolve] Iter: 200 overflow: 0.961795 HPWL: 416096079
[NesterovSolve] Iter: 210 overflow: 0.946957 HPWL: 511841103
[NesterovSolve] Iter: 220 overflow: 0.92885 HPWL: 607561301
[NesterovSolve] Iter: 230 overflow: 0.907362 HPWL: 700960523
[NesterovSolve] Iter: 240 overflow: 0.880407 HPWL: 802623675
[NesterovSolve] Iter: 250 overflow: 0.84725 HPWL: 917427066
[NesterovSolve] Iter: 260 overflow: 0.808762 HPWL: 996546015
[NesterovSolve] Iter: 270 overflow: 0.764324 HPWL: 1059273993
[NesterovSolve] Iter: 280 overflow: 0.715287 HPWL: 1186920525
[NesterovSolve] Iter: 290 overflow: 0.661279 HPWL: 1330709570
[NesterovSolve] Iter: 300 overflow: 0.602922 HPWL: 1315230104
[NesterovSolve] Iter: 310 overflow: 0.54056 HPWL: 1341362277
[NesterovSolve] Iter: 320 overflow: 0.507162 HPWL: 1321465704
[NesterovSolve] Iter: 330 overflow: 0.461975 HPWL: 1333011932
[NesterovSolve] Iter: 340 overflow: 0.448687 HPWL: 1272225930
[NesterovSolve] Iter: 350 overflow: 0.424671 HPWL: 1241460890
[NesterovSolve] Iter: 360 overflow: 0.403319 HPWL: 1181750813
[NesterovSolve] Iter: 370 overflow: 0.385323 HPWL: 1114604905
[NesterovSolve] Iter: 380 overflow: 0.36475 HPWL: 1070372575
[NesterovSolve] Iter: 390 overflow: 0.349505 HPWL: 1025056755
[NesterovSolve] Iter: 400 overflow: 0.338778 HPWL: 992328236
[NesterovSolve] Iter: 410 overflow: 0.322004 HPWL: 969731200
[NesterovSolve] Iter: 420 overflow: 0.304721 HPWL: 987750322
[NesterovSolve] Iter: 430 overflow: 0.272152 HPWL: 1006943581
[NesterovSolve] Iter: 440 overflow: 0.216843 HPWL: 1019183549
[NesterovSolve] Iter: 450 overflow: 0.166652 HPWL: 1023355119
[NesterovSolve] Iter: 460 overflow: 0.133699 HPWL: 1028434324
[NesterovSolve] Iter: 470 overflow: 0.114733 HPWL: 1037254359
[NesterovSolve] Iter: 480 overflow: 0.101174 HPWL: 1050022729
[NesterovSolve] Finished with Overflow: 0.099362
Elapsed time: 0:19.08[h:]min:sec. CPU time: user 18.94 sys 0.14 (99%). Peak memory: 372216KB.
