OpenROAD v2.0-11432-gead3236e5 
This program is licensed under the BSD-3 license. See the LICENSE file for details.
Components of this program may be licensed under more restrictive licenses which must be honored.
[INFO] Deleted 0 routing obstructions
[INFO RCX-0431] Defined process_corner X with ext_model_index 0
[INFO RCX-0029] Defined extraction corner X
[INFO RCX-0008] extracting parasitics of DFFRAM_4K ...
[INFO RCX-0435] Reading extraction model file /home/jborg/Data/Research/DLPnR/OpenROAD-flow-scripts/flow/platforms/sky130hd/rcx_patterns.rules ...
[INFO RCX-0436] RC segment generation DFFRAM_4K (max_merge_res 50.0) ...
[INFO RCX-0040] Final 430354 rc segments
[INFO RCX-0439] Coupling Cap extraction DFFRAM_4K ...
[INFO RCX-0440] Coupling threshhold is 0.1000 fF, coupling capacitance less than 0.1000 fF will be grounded.
[INFO RCX-0043] 1058754 wires to be extracted
[INFO RCX-0442] 10% completion -- 107189 wires have been extracted
[INFO RCX-0442] 22% completion -- 234265 wires have been extracted
[INFO RCX-0442] 34% completion -- 362955 wires have been extracted
[INFO RCX-0442] 45% completion -- 486346 wires have been extracted
[INFO RCX-0442] 55% completion -- 589181 wires have been extracted
[INFO RCX-0442] 78% completion -- 831401 wires have been extracted
[INFO RCX-0442] 96% completion -- 1021456 wires have been extracted
[INFO RCX-0045] Extract 62483 nets, 492826 rsegs, 492826 caps, 1123575 ccs
[INFO RCX-0015] Finished extracting DFFRAM_4K.
[INFO RCX-0016] Writing SPEF ...
[INFO RCX-0443] 62483 nets finished
[INFO RCX-0017] Finished writing SPEF ...
[INFO PSM-0022] Using 1.800V for VDD
[WARNING PSM-0016] Voltage pad location (VSRC) file not specified, defaulting pad location to checkerboard pattern on core area.
[WARNING PSM-0017] X direction bump pitch is not specified, defaulting to 140um.
[WARNING PSM-0018] Y direction bump pitch is not specified, defaulting to 140um.
[WARNING PSM-0065] VSRC location not specified, using default checkerboard pattern with one VDD every size bumps in x-direction and one in two bumps in the y-direction
[INFO PSM-0076] Setting metal node density to be standard cell height times 5.
[WARNING PSM-0030] VSRC location at (122.320um, 104.000um) and size 10.000um, is not located on an existing power stripe node. Moving to closest node at (109.020um, 103.360um).
[WARNING PSM-0030] VSRC location at (962.320um, 104.000um) and size 10.000um, is not located on an existing power stripe node. Moving to closest node at (950.360um, 103.360um).
[WARNING PSM-0030] VSRC location at (1802.320um, 104.000um) and size 10.000um, is not located on an existing power stripe node. Moving to closest node at (1791.700um, 103.360um).
[WARNING PSM-0030] VSRC location at (402.320um, 244.000um) and size 10.000um, is not located on an existing power stripe node. Moving to closest node at (407.560um, 244.800um).
[WARNING PSM-0030] VSRC location at (1242.320um, 244.000um) and size 10.000um, is not located on an existing power stripe node. Moving to closest node at (1248.900um, 244.800um).
[WARNING PSM-0030] VSRC location at (122.320um, 524.000um) and size 10.000um, is not located on an existing power stripe node. Moving to closest node at (109.020um, 522.240um).
[WARNING PSM-0030] VSRC location at (962.320um, 524.000um) and size 10.000um, is not located on an existing power stripe node. Moving to closest node at (950.360um, 522.240um).
[WARNING PSM-0030] VSRC location at (1802.320um, 524.000um) and size 10.000um, is not located on an existing power stripe node. Moving to closest node at (1791.700um, 522.240um).
[WARNING PSM-0030] VSRC location at (402.320um, 664.000um) and size 10.000um, is not located on an existing power stripe node. Moving to closest node at (407.560um, 663.680um).
[WARNING PSM-0030] VSRC location at (1242.320um, 664.000um) and size 10.000um, is not located on an existing power stripe node. Moving to closest node at (1248.900um, 663.680um).
[WARNING PSM-0030] VSRC location at (122.320um, 944.000um) and size 10.000um, is not located on an existing power stripe node. Moving to closest node at (109.020um, 946.560um).
[WARNING PSM-0030] VSRC location at (962.320um, 944.000um) and size 10.000um, is not located on an existing power stripe node. Moving to closest node at (950.360um, 946.560um).
[WARNING PSM-0030] VSRC location at (1802.320um, 944.000um) and size 10.000um, is not located on an existing power stripe node. Moving to closest node at (1791.700um, 946.560um).
[WARNING PSM-0030] VSRC location at (402.320um, 1084.000um) and size 10.000um, is not located on an existing power stripe node. Moving to closest node at (407.560um, 1082.560um).
[WARNING PSM-0030] VSRC location at (1242.320um, 1084.000um) and size 10.000um, is not located on an existing power stripe node. Moving to closest node at (1248.900um, 1082.560um).
[WARNING PSM-0030] VSRC location at (122.320um, 1364.000um) and size 10.000um, is not located on an existing power stripe node. Moving to closest node at (109.020um, 1365.440um).
[WARNING PSM-0030] VSRC location at (962.320um, 1364.000um) and size 10.000um, is not located on an existing power stripe node. Moving to closest node at (950.360um, 1365.440um).
[WARNING PSM-0030] VSRC location at (1802.320um, 1364.000um) and size 10.000um, is not located on an existing power stripe node. Moving to closest node at (1791.700um, 1365.440um).
[WARNING PSM-0030] VSRC location at (402.320um, 1504.000um) and size 10.000um, is not located on an existing power stripe node. Moving to closest node at (407.560um, 1501.440um).
[WARNING PSM-0030] VSRC location at (1242.320um, 1504.000um) and size 10.000um, is not located on an existing power stripe node. Moving to closest node at (1248.900um, 1501.440um).
[WARNING PSM-0030] VSRC location at (122.320um, 1784.000um) and size 10.000um, is not located on an existing power stripe node. Moving to closest node at (109.020um, 1784.320um).
[WARNING PSM-0030] VSRC location at (962.320um, 1784.000um) and size 10.000um, is not located on an existing power stripe node. Moving to closest node at (950.360um, 1784.320um).
[WARNING PSM-0030] VSRC location at (1802.320um, 1784.000um) and size 10.000um, is not located on an existing power stripe node. Moving to closest node at (1791.700um, 1784.320um).
[WARNING PSM-0030] VSRC location at (402.320um, 1924.000um) and size 10.000um, is not located on an existing power stripe node. Moving to closest node at (407.560um, 1925.760um).
[WARNING PSM-0030] VSRC location at (1242.320um, 1924.000um) and size 10.000um, is not located on an existing power stripe node. Moving to closest node at (1248.900um, 1925.760um).
[WARNING PSM-0030] VSRC location at (122.320um, 2204.000um) and size 10.000um, is not located on an existing power stripe node. Moving to closest node at (109.020um, 2203.200um).
[WARNING PSM-0030] VSRC location at (962.320um, 2204.000um) and size 10.000um, is not located on an existing power stripe node. Moving to closest node at (950.360um, 2203.200um).
[WARNING PSM-0030] VSRC location at (1802.320um, 2204.000um) and size 10.000um, is not located on an existing power stripe node. Moving to closest node at (1791.700um, 2203.200um).
[WARNING PSM-0030] VSRC location at (402.320um, 2344.000um) and size 10.000um, is not located on an existing power stripe node. Moving to closest node at (407.560um, 2344.640um).
[WARNING PSM-0030] VSRC location at (1242.320um, 2344.000um) and size 10.000um, is not located on an existing power stripe node. Moving to closest node at (1248.900um, 2344.640um).
[INFO PSM-0031] Number of PDN nodes on net VDD = 284357.
[INFO PSM-0064] Number of voltage sources = 40.
[INFO PSM-0040] All PDN stripes on net VDD are connected.
########## IR report #################
Corner: default
Worstcase voltage: 1.78e+00 V
Average IR drop  : 1.25e-02 V
Worstcase IR drop: 2.42e-02 V
######################################
[INFO PSM-0022] Using 0.000V for VSS
[WARNING PSM-0016] Voltage pad location (VSRC) file not specified, defaulting pad location to checkerboard pattern on core area.
[WARNING PSM-0017] X direction bump pitch is not specified, defaulting to 140um.
[WARNING PSM-0018] Y direction bump pitch is not specified, defaulting to 140um.
[WARNING PSM-0065] VSRC location not specified, using default checkerboard pattern with one VDD every size bumps in x-direction and one in two bumps in the y-direction
[INFO PSM-0076] Setting metal node density to be standard cell height times 5.
[WARNING PSM-0030] VSRC location at (402.320um, 244.000um) and size 10.000um, is not located on an existing power stripe node. Moving to closest node at (393.990um, 242.080um).
[WARNING PSM-0030] VSRC location at (1242.320um, 244.000um) and size 10.000um, is not located on an existing power stripe node. Moving to closest node at (1235.330um, 242.080um).
[WARNING PSM-0030] VSRC location at (682.320um, 384.000um) and size 10.000um, is not located on an existing power stripe node. Moving to closest node at (692.530um, 383.520um).
[WARNING PSM-0030] VSRC location at (1522.320um, 384.000um) and size 10.000um, is not located on an existing power stripe node. Moving to closest node at (1533.870um, 383.520um).
[WARNING PSM-0030] VSRC location at (402.320um, 664.000um) and size 10.000um, is not located on an existing power stripe node. Moving to closest node at (393.990um, 666.400um).
[WARNING PSM-0030] VSRC location at (1242.320um, 664.000um) and size 10.000um, is not located on an existing power stripe node. Moving to closest node at (1235.330um, 666.400um).
[WARNING PSM-0030] VSRC location at (682.320um, 804.000um) and size 10.000um, is not located on an existing power stripe node. Moving to closest node at (692.530um, 802.400um).
[WARNING PSM-0030] VSRC location at (1522.320um, 804.000um) and size 10.000um, is not located on an existing power stripe node. Moving to closest node at (1533.870um, 802.400um).
[WARNING PSM-0030] VSRC location at (402.320um, 1084.000um) and size 10.000um, is not located on an existing power stripe node. Moving to closest node at (393.990um, 1085.280um).
[WARNING PSM-0030] VSRC location at (1242.320um, 1084.000um) and size 10.000um, is not located on an existing power stripe node. Moving to closest node at (1235.330um, 1085.280um).
[WARNING PSM-0030] VSRC location at (682.320um, 1224.000um) and size 10.000um, is not located on an existing power stripe node. Moving to closest node at (692.530um, 1226.720um).
[WARNING PSM-0030] VSRC location at (1522.320um, 1224.000um) and size 10.000um, is not located on an existing power stripe node. Moving to closest node at (1533.870um, 1226.720um).
[WARNING PSM-0030] VSRC location at (402.320um, 1504.000um) and size 10.000um, is not located on an existing power stripe node. Moving to closest node at (393.990um, 1504.160um).
[WARNING PSM-0030] VSRC location at (1242.320um, 1504.000um) and size 10.000um, is not located on an existing power stripe node. Moving to closest node at (1235.330um, 1504.160um).
[WARNING PSM-0030] VSRC location at (682.320um, 1644.000um) and size 10.000um, is not located on an existing power stripe node. Moving to closest node at (692.530um, 1645.600um).
[WARNING PSM-0030] VSRC location at (1522.320um, 1644.000um) and size 10.000um, is not located on an existing power stripe node. Moving to closest node at (1533.870um, 1645.600um).
[WARNING PSM-0030] VSRC location at (402.320um, 1924.000um) and size 10.000um, is not located on an existing power stripe node. Moving to closest node at (393.990um, 1923.040um).
[WARNING PSM-0030] VSRC location at (1242.320um, 1924.000um) and size 10.000um, is not located on an existing power stripe node. Moving to closest node at (1235.330um, 1923.040um).
[WARNING PSM-0030] VSRC location at (682.320um, 2064.000um) and size 10.000um, is not located on an existing power stripe node. Moving to closest node at (692.530um, 2064.480um).
[WARNING PSM-0030] VSRC location at (1522.320um, 2064.000um) and size 10.000um, is not located on an existing power stripe node. Moving to closest node at (1533.870um, 2064.480um).
[WARNING PSM-0030] VSRC location at (402.320um, 2344.000um) and size 10.000um, is not located on an existing power stripe node. Moving to closest node at (393.990um, 2341.920um).
[WARNING PSM-0030] VSRC location at (1242.320um, 2344.000um) and size 10.000um, is not located on an existing power stripe node. Moving to closest node at (1235.330um, 2341.920um).
[INFO PSM-0031] Number of PDN nodes on net VSS = 288142.
[INFO PSM-0064] Number of voltage sources = 40.
[INFO PSM-0040] All PDN stripes on net VSS are connected.
########## IR report #################
Corner: default
Worstcase voltage: 2.48e-02 V
Average IR drop  : 1.25e-02 V
Worstcase IR drop: 2.48e-02 V
######################################
Warning: There are 47 input ports missing set_input_delay.
Warning: There are 32 output ports missing set_output_delay.
Warning: There are 36896 unconstrained endpoints.

==========================================================================
finish report_design_area
--------------------------------------------------------------------------
Design area 2163984 u^2 46% utilization.
Elapsed time: 30:32.22[h:]min:sec. CPU time: user 1831.60 sys 0.89 (100%). Peak memory: 2370732KB.
