OpenROAD v2.0-11432-gead3236e5 
This program is licensed under the BSD-3 license. See the LICENSE file for details.
Components of this program may be licensed under more restrictive licenses which must be honored.
[INFO ODB-0222] Reading LEF file: /home/jborg/Data/Research/DLPnR/OpenROAD-flow-scripts/flow/platforms/gf180/lef/gf180mcu_5LM_1TM_9K_9t_tech.lef
[INFO ODB-0388] unsupported LEF58_EOLENCLOSURE property for layer Via1 :"
  	EOLENCLOSURE 0.34 0.06 ;"
[INFO ODB-0388] unsupported LEF58_EOLENCLOSURE property for layer Via2 :" EOLENCLOSURE 0.34 0.06 ; "
[INFO ODB-0388] unsupported LEF58_EOLENCLOSURE property for layer Via3 :" EOLENCLOSURE 0.34 0.06 ; "
[INFO ODB-0388] unsupported LEF58_EOLENCLOSURE property for layer Via4 :" EOLENCLOSURE 0.34 0.06 ; "
[INFO ODB-0223]     Created 13 technology layers
[INFO ODB-0224]     Created 60 technology vias
[INFO ODB-0226] Finished LEF file:  /home/jborg/Data/Research/DLPnR/OpenROAD-flow-scripts/flow/platforms/gf180/lef/gf180mcu_5LM_1TM_9K_9t_tech.lef
[INFO ODB-0222] Reading LEF file: /home/jborg/Data/Research/DLPnR/OpenROAD-flow-scripts/flow/platforms/gf180/lef/gf180mcu_5LM_1TM_9K_9t_sc.lef
[INFO ODB-0225]     Created 229 library cells
[INFO ODB-0226] Finished LEF file:  /home/jborg/Data/Research/DLPnR/OpenROAD-flow-scripts/flow/platforms/gf180/lef/gf180mcu_5LM_1TM_9K_9t_sc.lef
[INFO ODB-0222] Reading LEF file: ./results/gf180/uart-blocks_uart_rx/base/uart_rx.lef
[INFO ODB-0224]     Created 4 technology vias
[INFO ODB-0225]     Created 1 library cells
[INFO ODB-0226] Finished LEF file:  ./results/gf180/uart-blocks_uart_rx/base/uart_rx.lef

==========================================================================
Floorplan check_setup
--------------------------------------------------------------------------
number instances in verilog is 289
[WARNING IFP-0028] Core area lower left (10.000, 10.000) snapped to (10.080, 10.080).
[INFO IFP-0001] Added 81 rows of 732 site GF018hv5v_green_sc9 with height 1.
[INFO RSZ-0026] Removed 16 buffers.
Default units for flow
 time 1ns
 capacitance 1pF
 resistance 1ohm
 voltage 1v
 current 1mA
 power 1uW
 distance 1um

==========================================================================
floorplan final report_design_area
--------------------------------------------------------------------------
Design area 55228 u^2 33% utilization.
Elapsed time: 0:00.44[h:]min:sec. CPU time: user 0.41 sys 0.02 (99%). Peak memory: 116048KB.
