OpenROAD v2.0-11432-gead3236e5 
This program is licensed under the BSD-3 license. See the LICENSE file for details.
Components of this program may be licensed under more restrictive licenses which must be honored.
[INFO ORD-0030] Using 16 thread(s).
HierRTLMP Flow enabled...
rtl_macro_placer -halo_width 20 -report_directory ./objects/gf180/uart-blocks/base/rtlmp
Floorplan Outline: (0.0, 0.0) (430.0, 430.0),  Core Outline: (10.08, 10.08) (420.0, 418.32)
Traversed logical hierarchy
	Number of std cell instances: 272
	Area of std cell instances: 11506.92
	Number of macros: 1
	Area of macros: 43720.84
	Area of macros with halos: 62049.24
	Area of std cell instances + Area of macros: 55227.77
	Core area: 167345.75
	Design Utilization: 0.33
	Core Utilization: 0.09
	Manufacturing Grid: 10

[INFO MPL-0024] [Multilevel Autoclustering] Creating clustered netlist.
[INFO MPL-0039] [Coarse Shaping] Determining shape functions for clusters.
[INFO MPL-0028] [Hierarchical Macro Placement] Placing clusters and macros.
[INFO MPL-0037] Updated location of 1 macros
Elapsed time: 0:06.93[h:]min:sec. CPU time: user 56.64 sys 0.01 (816%). Peak memory: 115544KB.
