OpenROAD autotuner-v1-2861-g832b18e7 
This program is licensed under the BSD-3 license. See the LICENSE file for details.
Components of this program may be licensed under more restrictive licenses which must be honored.
Placement Analysis
---------------------------------
total displacement       5340.3 u
average displacement        0.2 u
max displacement            3.3 u
original HPWL           70928.3 u
legalized HPWL          75390.1 u
delta HPWL                    6 %

Detailed placement improvement.
Importing netlist into detailed improver.
[INFO DPO-0100] Creating network with 22107 cells, 388 terminals, 21542 edges and 71979 pins.
[INFO DPO-0109] Network stats: inst 22495, edges 21542, pins 71979
[INFO DPO-0110] Number of regions is 1
[INFO DPO-0401] Setting random seed to 1.
[INFO DPO-0402] Setting maximum displacement 5 1 to 1350 270 units.
[INFO DPO-0320] Collected 1218 fixed cells (excluded terminal_NI).
[INFO DPO-0318] Collected 21277 single height cells.
[INFO DPO-0321] Collected 0 wide cells.
[INFO DPO-0322] Image (2052, 2160) - (76788, 76680)
[INFO DPO-0310] Assigned 21277 cells into segments.  Movement in X-direction is 0.000000, movement in Y-direction is 0.000000.
[INFO DPO-0313] Found 0 cells in wrong regions.
[INFO DPO-0315] Found 0 row alignment problems.
[INFO DPO-0314] Found 0 site alignment problems.
[INFO DPO-0311] Found 0 overlaps between adjacent cells.
[INFO DPO-0312] Found 0 edge spacing violations and 0 padding violations.
[INFO DPO-0303] Running algorithm for independent set matching.
[INFO DPO-0300] Set matching objective is wirelength.
[INFO DPO-0301] Pass   1 of matching; objective is 7.541308e+07.
[INFO DPO-0302] End of matching; objective is 7.533799e+07, improvement is 0.10 percent.
[INFO DPO-0303] Running algorithm for global swaps.
[INFO DPO-0306] Pass   1 of global swaps; hpwl is 7.446262e+07.
[INFO DPO-0306] Pass   2 of global swaps; hpwl is 7.429441e+07.
[INFO DPO-0307] End of global swaps; objective is 7.429441e+07, improvement is 1.39 percent.
[INFO DPO-0303] Running algorithm for vertical swaps.
[INFO DPO-0308] Pass   1 of vertical swaps; hpwl is 7.404087e+07.
[INFO DPO-0309] End of vertical swaps; objective is 7.404087e+07, improvement is 0.34 percent.
[INFO DPO-0303] Running algorithm for reordering.
[INFO DPO-0304] Pass   1 of reordering; objective is 7.384812e+07.
[INFO DPO-0305] End of reordering; objective is 7.384812e+07, improvement is 0.26 percent.
[INFO DPO-0303] Running algorithm for random improvement.
[INFO DPO-0324] Random improver is using displacement generator.
[INFO DPO-0325] Random improver is using hpwl objective.
[INFO DPO-0326] Random improver cost string is (a).
[INFO DPO-0332] End of pass, Generator displacement called 425540 times.
[INFO DPO-0335] Generator displacement, Cumulative attempts 425540, swaps 70800, moves 103553 since last reset.
[INFO DPO-0333] End of pass, Objective hpwl, Initial cost 7.370096e+07, Scratch cost 7.295001e+07, Incremental cost 7.295001e+07, Mismatch? N
[INFO DPO-0338] End of pass, Total cost is 7.295001e+07.
[INFO DPO-0327] Pass   1 of random improver; improvement in cost is 1.02 percent.
[INFO DPO-0332] End of pass, Generator displacement called 425540 times.
[INFO DPO-0335] Generator displacement, Cumulative attempts 851080, swaps 137661, moves 206907 since last reset.
[INFO DPO-0333] End of pass, Objective hpwl, Initial cost 7.295001e+07, Scratch cost 7.264635e+07, Incremental cost 7.264635e+07, Mismatch? N
[INFO DPO-0338] End of pass, Total cost is 7.264635e+07.
[INFO DPO-0327] Pass   2 of random improver; improvement in cost is 0.42 percent.
[INFO DPO-0328] End of random improver; improvement is 1.430930 percent.
[INFO DPO-0380] Cell flipping.
[INFO DPO-0382] Changed 10573 cell orientations for row compatibility.
[INFO DPO-0383] Performed 5585 cell flips.
[INFO DPO-0384] End of flipping; objective is 7.201833e+07, improvement is 1.07 percent.
[INFO DPO-0313] Found 0 cells in wrong regions.
[INFO DPO-0315] Found 0 row alignment problems.
[INFO DPO-0314] Found 0 site alignment problems.
[INFO DPO-0311] Found 0 overlaps between adjacent cells.
[INFO DPO-0312] Found 0 edge spacing violations and 0 padding violations.
Detailed Improvement Results
------------------------------------------
Original HPWL            75390.1 u
Final HPWL               71858.9 u
Delta HPWL                  -4.7 %

[INFO DPL-0020] Mirrored 3996 instances
[INFO DPL-0021] HPWL before           71858.9 u
[INFO DPL-0022] HPWL after            71780.8 u
[INFO DPL-0023] HPWL delta               -0.1 %
[INFO FLW-0012] Placement violations .

==========================================================================
detailed place check_setup
--------------------------------------------------------------------------

==========================================================================
detailed place report_tns
--------------------------------------------------------------------------
tns -25944.77

==========================================================================
detailed place report_wns
--------------------------------------------------------------------------
wns -157.55

==========================================================================
detailed place report_worst_slack
--------------------------------------------------------------------------
worst slack -157.55

==========================================================================
detailed place report_checks -path_delay min
--------------------------------------------------------------------------
Startpoint: _43839_ (falling edge-triggered flip-flop clocked by clk')
Endpoint: _43839_ (falling edge-triggered flip-flop clocked by clk')
Path Group: clk
Path Type: min

Fanout     Cap    Slew   Delay    Time   Description
-----------------------------------------------------------------------------
                  0.00    0.00    0.00   clock clk' (fall edge)
                          0.00    0.00   clock network delay (ideal)
                  0.00    0.00    0.00 v _43839_/CLK (DFFLQNx2_ASAP7_75t_R)
     2    1.75   16.83   41.17   41.17 v _43839_/QN (DFFLQNx2_ASAP7_75t_R)
                                         _00897_ (net)
                 16.83    0.01   41.18 v _43529_/B (NOR2x1_ASAP7_75t_R)
     1    0.67    9.50    9.73   50.91 ^ _43529_/Y (NOR2x1_ASAP7_75t_R)
                                         _14391_ (net)
                  9.50    0.01   50.92 ^ _43530_/B (AO21x1_ASAP7_75t_R)
     1    0.65    6.29   10.95   61.87 ^ _43530_/Y (AO21x1_ASAP7_75t_R)
                                         _00948_ (net)
                  6.29    0.00   61.87 ^ _43839_/D (DFFLQNx2_ASAP7_75t_R)
                                 61.87   data arrival time

                  0.00    0.00    0.00   clock clk' (fall edge)
                          0.00    0.00   clock network delay (ideal)
                          0.00    0.00   clock reconvergence pessimism
                                  0.00 v _43839_/CLK (DFFLQNx2_ASAP7_75t_R)
                          8.02    8.02   library hold time
                                  8.02   data required time
-----------------------------------------------------------------------------
                                  8.02   data required time
                                -61.87   data arrival time
-----------------------------------------------------------------------------
                                 53.86   slack (MET)



==========================================================================
detailed place report_checks -path_delay max
--------------------------------------------------------------------------
Startpoint: _44089_ (falling edge-triggered flip-flop clocked by clk')
Endpoint: _44182_ (falling edge-triggered flip-flop clocked by clk')
Path Group: clk
Path Type: max

Fanout     Cap    Slew   Delay    Time   Description
-----------------------------------------------------------------------------
                  0.00    0.00    0.00   clock clk' (fall edge)
                          0.00    0.00   clock network delay (ideal)
                  0.00    0.00    0.00 v _44089_/CLK (DFFLQNx2_ASAP7_75t_R)
    18   42.48  144.41   98.39   98.39 ^ _44089_/QN (DFFLQNx2_ASAP7_75t_R)
                                         _00647_ (net)
                146.00    8.49  106.89 ^ _26466_/A (NOR2x2_ASAP7_75t_R)
     7   12.81   70.08   59.22  166.11 v _26466_/Y (NOR2x2_ASAP7_75t_R)
                                         _17954_ (net)
                 70.11    0.83  166.94 v _26468_/A (NAND2x2_ASAP7_75t_R)
    27   25.89  106.61   68.90  235.85 ^ _26468_/Y (NAND2x2_ASAP7_75t_R)
                                         _17956_ (net)
                107.62    5.77  241.62 ^ _26471_/A1 (AOI21x1_ASAP7_75t_R)
     3    4.75   45.86   33.68  275.30 v _26471_/Y (AOI21x1_ASAP7_75t_R)
                                         _17959_ (net)
                 45.86    0.06  275.36 v _26477_/B (AOI211x1_ASAP7_75t_R)
     2    1.77   28.18   21.02  296.38 ^ _26477_/Y (AOI211x1_ASAP7_75t_R)
                                         _17965_ (net)
                 28.18    0.02  296.40 ^ _26485_/B (AND4x2_ASAP7_75t_R)
     1    3.05   20.81   38.33  334.73 ^ _26485_/Y (AND4x2_ASAP7_75t_R)
                                         _17973_ (net)
                 20.81    0.12  334.85 ^ _26486_/A (NAND3x2_ASAP7_75t_R)
     8   21.01   73.70   29.95  364.80 v _26486_/Y (NAND3x2_ASAP7_75t_R)
                                         _17974_ (net)
                 76.70    8.09  372.89 v _29159_/A (INVx4_ASAP7_75t_R)
     5    9.16   31.89   24.50  397.39 ^ _29159_/Y (INVx4_ASAP7_75t_R)
                                         _20642_ (net)
                 31.89    0.21  397.61 ^ _29485_/A (NOR2x2_ASAP7_75t_R)
     6    8.80   33.67   26.02  423.63 v _29485_/Y (NOR2x2_ASAP7_75t_R)
                                         _20967_ (net)
                 33.73    0.83  424.46 v _30258_/A (XOR2x2_ASAP7_75t_R)
     5   10.37   35.30   45.09  469.55 v _30258_/Y (XOR2x2_ASAP7_75t_R)
                                         _21723_ (net)
                 35.30    0.13  469.68 v _30260_/A (INVx2_ASAP7_75t_R)
     4    4.72   23.11   17.76  487.44 ^ _30260_/Y (INVx2_ASAP7_75t_R)
                                         _21725_ (net)
                 23.11    0.04  487.48 ^ _30388_/B (NAND2x1_ASAP7_75t_R)
     2    2.32   18.18   14.50  501.98 v _30388_/Y (NAND2x1_ASAP7_75t_R)
                                         _21846_ (net)
                 18.18    0.04  502.02 v _30389_/A2 (AOI21x1_ASAP7_75t_R)
     1    1.21   21.10   11.68  513.70 ^ _30389_/Y (AOI21x1_ASAP7_75t_R)
                                         _21847_ (net)
                 21.10    0.03  513.73 ^ _30390_/A2 (OAI21x1_ASAP7_75t_R)
     1    1.78   18.79   11.01  524.74 v _30390_/Y (OAI21x1_ASAP7_75t_R)
                                         _21848_ (net)
                 18.79    0.19  524.92 v _30391_/A2 (AOI21x1_ASAP7_75t_R)
     1    1.07   16.84   11.42  536.34 ^ _30391_/Y (AOI21x1_ASAP7_75t_R)
                                         _21849_ (net)
                 16.84    0.01  536.35 ^ _30397_/A (NOR2x1_ASAP7_75t_R)
     1    0.67   10.54   11.02  547.37 v _30397_/Y (NOR2x1_ASAP7_75t_R)
                                         _00031_ (net)
                 10.54    0.01  547.37 v _44182_/D (DFFLQNx2_ASAP7_75t_R)
                                547.37   data arrival time

                  0.00  400.00  400.00   clock clk' (fall edge)
                          0.00  400.00   clock network delay (ideal)
                          0.00  400.00   clock reconvergence pessimism
                                400.00 v _44182_/CLK (DFFLQNx2_ASAP7_75t_R)
                        -10.18  389.82   library setup time
                                389.82   data required time
-----------------------------------------------------------------------------
                                389.82   data required time
                               -547.37   data arrival time
-----------------------------------------------------------------------------
                               -157.55   slack (VIOLATED)



==========================================================================
detailed place report_checks -unconstrained
--------------------------------------------------------------------------
Startpoint: _44089_ (falling edge-triggered flip-flop clocked by clk')
Endpoint: _44182_ (falling edge-triggered flip-flop clocked by clk')
Path Group: clk
Path Type: max

Fanout     Cap    Slew   Delay    Time   Description
-----------------------------------------------------------------------------
                  0.00    0.00    0.00   clock clk' (fall edge)
                          0.00    0.00   clock network delay (ideal)
                  0.00    0.00    0.00 v _44089_/CLK (DFFLQNx2_ASAP7_75t_R)
    18   42.48  144.41   98.39   98.39 ^ _44089_/QN (DFFLQNx2_ASAP7_75t_R)
                                         _00647_ (net)
                146.00    8.49  106.89 ^ _26466_/A (NOR2x2_ASAP7_75t_R)
     7   12.81   70.08   59.22  166.11 v _26466_/Y (NOR2x2_ASAP7_75t_R)
                                         _17954_ (net)
                 70.11    0.83  166.94 v _26468_/A (NAND2x2_ASAP7_75t_R)
    27   25.89  106.61   68.90  235.85 ^ _26468_/Y (NAND2x2_ASAP7_75t_R)
                                         _17956_ (net)
                107.62    5.77  241.62 ^ _26471_/A1 (AOI21x1_ASAP7_75t_R)
     3    4.75   45.86   33.68  275.30 v _26471_/Y (AOI21x1_ASAP7_75t_R)
                                         _17959_ (net)
                 45.86    0.06  275.36 v _26477_/B (AOI211x1_ASAP7_75t_R)
     2    1.77   28.18   21.02  296.38 ^ _26477_/Y (AOI211x1_ASAP7_75t_R)
                                         _17965_ (net)
                 28.18    0.02  296.40 ^ _26485_/B (AND4x2_ASAP7_75t_R)
     1    3.05   20.81   38.33  334.73 ^ _26485_/Y (AND4x2_ASAP7_75t_R)
                                         _17973_ (net)
                 20.81    0.12  334.85 ^ _26486_/A (NAND3x2_ASAP7_75t_R)
     8   21.01   73.70   29.95  364.80 v _26486_/Y (NAND3x2_ASAP7_75t_R)
                                         _17974_ (net)
                 76.70    8.09  372.89 v _29159_/A (INVx4_ASAP7_75t_R)
     5    9.16   31.89   24.50  397.39 ^ _29159_/Y (INVx4_ASAP7_75t_R)
                                         _20642_ (net)
                 31.89    0.21  397.61 ^ _29485_/A (NOR2x2_ASAP7_75t_R)
     6    8.80   33.67   26.02  423.63 v _29485_/Y (NOR2x2_ASAP7_75t_R)
                                         _20967_ (net)
                 33.73    0.83  424.46 v _30258_/A (XOR2x2_ASAP7_75t_R)
     5   10.37   35.30   45.09  469.55 v _30258_/Y (XOR2x2_ASAP7_75t_R)
                                         _21723_ (net)
                 35.30    0.13  469.68 v _30260_/A (INVx2_ASAP7_75t_R)
     4    4.72   23.11   17.76  487.44 ^ _30260_/Y (INVx2_ASAP7_75t_R)
                                         _21725_ (net)
                 23.11    0.04  487.48 ^ _30388_/B (NAND2x1_ASAP7_75t_R)
     2    2.32   18.18   14.50  501.98 v _30388_/Y (NAND2x1_ASAP7_75t_R)
                                         _21846_ (net)
                 18.18    0.04  502.02 v _30389_/A2 (AOI21x1_ASAP7_75t_R)
     1    1.21   21.10   11.68  513.70 ^ _30389_/Y (AOI21x1_ASAP7_75t_R)
                                         _21847_ (net)
                 21.10    0.03  513.73 ^ _30390_/A2 (OAI21x1_ASAP7_75t_R)
     1    1.78   18.79   11.01  524.74 v _30390_/Y (OAI21x1_ASAP7_75t_R)
                                         _21848_ (net)
                 18.79    0.19  524.92 v _30391_/A2 (AOI21x1_ASAP7_75t_R)
     1    1.07   16.84   11.42  536.34 ^ _30391_/Y (AOI21x1_ASAP7_75t_R)
                                         _21849_ (net)
                 16.84    0.01  536.35 ^ _30397_/A (NOR2x1_ASAP7_75t_R)
     1    0.67   10.54   11.02  547.37 v _30397_/Y (NOR2x1_ASAP7_75t_R)
                                         _00031_ (net)
                 10.54    0.01  547.37 v _44182_/D (DFFLQNx2_ASAP7_75t_R)
                                547.37   data arrival time

                  0.00  400.00  400.00   clock clk' (fall edge)
                          0.00  400.00   clock network delay (ideal)
                          0.00  400.00   clock reconvergence pessimism
                                400.00 v _44182_/CLK (DFFLQNx2_ASAP7_75t_R)
                        -10.18  389.82   library setup time
                                389.82   data required time
-----------------------------------------------------------------------------
                                389.82   data required time
                               -547.37   data arrival time
-----------------------------------------------------------------------------
                               -157.55   slack (VIOLATED)



==========================================================================
detailed place report_check_types -max_slew -max_cap -max_fanout -violators
--------------------------------------------------------------------------

==========================================================================
detailed place max_slew_check_slack
--------------------------------------------------------------------------
127.55857849121094

==========================================================================
detailed place max_slew_check_limit
--------------------------------------------------------------------------
320.0

==========================================================================
detailed place max_slew_check_slack_limit
--------------------------------------------------------------------------
0.3986

==========================================================================
detailed place max_fanout_check_slack
--------------------------------------------------------------------------
1.0000000150474662e+30

==========================================================================
detailed place max_fanout_check_limit
--------------------------------------------------------------------------
1.0000000150474662e+30

==========================================================================
detailed place max_capacitance_check_slack
--------------------------------------------------------------------------
16.333589553833008

==========================================================================
detailed place max_capacitance_check_limit
--------------------------------------------------------------------------
23.040000915527344

==========================================================================
detailed place max_capacitance_check_slack_limit
--------------------------------------------------------------------------
0.7089

==========================================================================
detailed place max_slew_violation_count
--------------------------------------------------------------------------
max slew violation count 0

==========================================================================
detailed place max_fanout_violation_count
--------------------------------------------------------------------------
max fanout violation count 0

==========================================================================
detailed place max_cap_violation_count
--------------------------------------------------------------------------
max cap violation count 0

==========================================================================
detailed place setup_violation_count
--------------------------------------------------------------------------
setup violation count 379

==========================================================================
detailed place hold_violation_count
--------------------------------------------------------------------------
hold violation count 0

==========================================================================
detailed place critical path delay
--------------------------------------------------------------------------
547.3720

==========================================================================
detailed place critical path slack
--------------------------------------------------------------------------
-157.5537

==========================================================================
detailed place slack div critical path delay
--------------------------------------------------------------------------
-28.783661

==========================================================================
detailed place report_power
--------------------------------------------------------------------------
Group                  Internal  Switching    Leakage      Total
                          Power      Power      Power      Power (Watts)
----------------------------------------------------------------
Sequential             4.52e-03   3.34e-03   9.99e-08   7.86e-03  10.0%
Combinational          2.40e-02   4.65e-02   3.00e-06   7.05e-02  90.0%
Macro                  0.00e+00   0.00e+00   0.00e+00   0.00e+00   0.0%
Pad                    0.00e+00   0.00e+00   0.00e+00   0.00e+00   0.0%
----------------------------------------------------------------
Total                  2.86e-02   4.98e-02   3.10e-06   7.84e-02 100.0%
                          36.5%      63.5%       0.0%

==========================================================================
detailed place report_design_area
--------------------------------------------------------------------------
Design area 2495 u^2 45% utilization.

Elapsed time: 0:08.24[h:]min:sec. CPU time: user 8.16 sys 0.07 (100%). Peak memory: 284936KB.
