OpenROAD autotuner-v1-2861-g832b18e7 
This program is licensed under the BSD-3 license. See the LICENSE file for details.
Components of this program may be licensed under more restrictive licenses which must be honored.
[INFO ORD-0030] Using 16 thread(s).
====> instance coreplex/RocketTile/frontend/icache/_T_850/_T_850_ext/u_ram
====> instance coreplex/RocketTile/frontend/icache/_T_869/_T_850_ext/u_ram
====> instance coreplex/RocketTile/frontend/icache/_T_888/_T_850_ext/u_ram
====> instance coreplex/RocketTile/frontend/icache/_T_907/_T_850_ext/u_ram
====> instance coreplex/RocketTile/dcache/data/_T_118/_T_80_ext/u_ram_bank_0
====> instance coreplex/RocketTile/dcache/data/_T_118/_T_80_ext/u_ram_bank_1
====> instance coreplex/RocketTile/dcache/data/_T_215/_T_80_ext/u_ram_bank_0
====> instance coreplex/RocketTile/dcache/data/_T_215/_T_80_ext/u_ram_bank_1
====> instance coreplex/RocketTile/dcache/data/_T_253/_T_80_ext/u_ram_bank_0
====> instance coreplex/RocketTile/dcache/data/_T_253/_T_80_ext/u_ram_bank_1
====> instance coreplex/RocketTile/dcache/data/_T_80/_T_80_ext/u_ram_bank_0
====> instance coreplex/RocketTile/dcache/data/_T_80/_T_80_ext/u_ram_bank_1
====> instance coreplex/RocketTile/core/bpd_stage/br_predictor/counters/h_table/h_table/smem/smem_0_ext/u_regfile
====> instance coreplex/RocketTile/dcache/meta/_T_157/_T_157_ext/u_ram_bank_0
====> instance coreplex/RocketTile/dcache/meta/_T_157/_T_157_ext/u_ram_bank_1
====> instance coreplex/RocketTile/dcache/meta/_T_157/_T_157_ext/u_ram_bank_2
====> instance coreplex/RocketTile/dcache/meta/_T_157/_T_157_ext/u_ram_bank_3
====> instance coreplex/RocketTile/frontend/icache/tag_array/tag_array_ext/u_ram_bank_0
====> instance coreplex/RocketTile/frontend/icache/tag_array/tag_array_ext/u_ram_bank_1
====> instance coreplex/RocketTile/frontend/icache/tag_array/tag_array_ext/u_ram_bank_2
====> instance coreplex/RocketTile/frontend/icache/tag_array/tag_array_ext/u_ram_bank_3
====> instance coreplex/RocketTile/core/bpd_stage/br_predictor/counters/p_table/p_table_0/smem/u_smem_ext/u_regfile
====> instance coreplex/RocketTile/core/bpd_stage/br_predictor/counters/p_table/p_table_1/smem/u_smem_ext/u_regfile
====> instance coreplex/RocketTile/core/bpd_stage/br_predictor/brob/entries_info/u_entries_info_ext/u_regfile
[INFO][FLOW-xxxx] Using manual macro placement file ./designs/asap7/megaboom//macro-placement.tcl
Elapsed time: 0:08.04[h:]min:sec. CPU time: user 7.35 sys 0.69 (100%). Peak memory: 2580660KB.
