OpenROAD v2.0-11432-gead3236e5 
This program is licensed under the BSD-3 license. See the LICENSE file for details.
Components of this program may be licensed under more restrictive licenses which must be honored.
Placement Analysis
---------------------------------
total displacement      25115.5 u
average displacement        1.4 u
max displacement           19.8 u
original HPWL          383928.1 u
legalized HPWL         400492.7 u
delta HPWL                    4 %

Detailed placement improvement.
Importing netlist into detailed improver.
[INFO DPO-0100] Creating network with 17569 cells, 388 terminals, 12420 edges and 46632 pins.
[INFO DPO-0109] Network stats: inst 17957, edges 12420, pins 46632
[INFO DPO-0110] Number of regions is 1
[INFO DPO-0401] Setting random seed to 1.
[INFO DPO-0402] Setting maximum displacement 5 1 to 13600 2720 units.
[INFO DPO-0320] Collected 6075 fixed cells (excluded terminal_NI).
[INFO DPO-0318] Collected 11882 single height cells.
[INFO DPO-0321] Collected 0 wide cells.
[INFO DPO-0322] Image (2300, 2720) - (656880, 655520)
[INFO DPO-0310] Assigned 11882 cells into segments.  Movement in X-direction is 0.000000, movement in Y-direction is 0.000000.
[INFO DPO-0313] Found 0 cells in wrong regions.
[INFO DPO-0315] Found 0 row alignment problems.
[INFO DPO-0314] Found 0 site alignment problems.
[INFO DPO-0311] Found 0 overlaps between adjacent cells.
[INFO DPO-0312] Found 0 edge spacing violations and 0 padding violations.
[INFO DPO-0303] Running algorithm for independent set matching.
[INFO DPO-0300] Set matching objective is wirelength.
[INFO DPO-0301] Pass   1 of matching; objective is 4.017934e+08.
[INFO DPO-0302] End of matching; objective is 4.017210e+08, improvement is 0.02 percent.
[INFO DPO-0303] Running algorithm for global swaps.
[INFO DPO-0306] Pass   1 of global swaps; hpwl is 3.944350e+08.
[INFO DPO-0306] Pass   2 of global swaps; hpwl is 3.925538e+08.
[INFO DPO-0307] End of global swaps; objective is 3.925538e+08, improvement is 2.28 percent.
[INFO DPO-0303] Running algorithm for vertical swaps.
[INFO DPO-0308] Pass   1 of vertical swaps; hpwl is 3.911221e+08.
[INFO DPO-0309] End of vertical swaps; objective is 3.911221e+08, improvement is 0.36 percent.
[INFO DPO-0303] Running algorithm for reordering.
[INFO DPO-0304] Pass   1 of reordering; objective is 3.902981e+08.
[INFO DPO-0305] End of reordering; objective is 3.902981e+08, improvement is 0.21 percent.
[INFO DPO-0303] Running algorithm for random improvement.
[INFO DPO-0324] Random improver is using displacement generator.
[INFO DPO-0325] Random improver is using hpwl objective.
[INFO DPO-0326] Random improver cost string is (a).
[INFO DPO-0332] End of pass, Generator displacement called 237640 times.
[INFO DPO-0335] Generator displacement, Cumulative attempts 237640, swaps 34648, moves 64352 since last reset.
[INFO DPO-0333] End of pass, Objective hpwl, Initial cost 3.892092e+08, Scratch cost 3.831961e+08, Incremental cost 3.831961e+08, Mismatch? N
[INFO DPO-0338] End of pass, Total cost is 3.831961e+08.
[INFO DPO-0327] Pass   1 of random improver; improvement in cost is 1.54 percent.
[INFO DPO-0332] End of pass, Generator displacement called 237640 times.
[INFO DPO-0335] Generator displacement, Cumulative attempts 475280, swaps 67697, moves 127475 since last reset.
[INFO DPO-0333] End of pass, Objective hpwl, Initial cost 3.831961e+08, Scratch cost 3.801951e+08, Incremental cost 3.801951e+08, Mismatch? N
[INFO DPO-0338] End of pass, Total cost is 3.801951e+08.
[INFO DPO-0327] Pass   2 of random improver; improvement in cost is 0.78 percent.
[INFO DPO-0328] End of random improver; improvement is 2.316008 percent.
[INFO DPO-0380] Cell flipping.
[INFO DPO-0382] Changed 5932 cell orientations for row compatibility.
[INFO DPO-0383] Performed 3696 cell flips.
[INFO DPO-0384] End of flipping; objective is 3.767303e+08, improvement is 1.20 percent.
[INFO DPO-0313] Found 0 cells in wrong regions.
[INFO DPO-0315] Found 0 row alignment problems.
[INFO DPO-0314] Found 0 site alignment problems.
[INFO DPO-0311] Found 0 overlaps between adjacent cells.
[INFO DPO-0312] Found 0 edge spacing violations and 0 padding violations.
Detailed Improvement Results
------------------------------------------
Original HPWL           400492.7 u
Final HPWL              374521.4 u
Delta HPWL                  -6.5 %

[INFO DPL-0020] Mirrored 967 instances
[INFO DPL-0021] HPWL before          374521.4 u
[INFO DPL-0022] HPWL after           374313.3 u
[INFO DPL-0023] HPWL delta               -0.1 %
[INFO FLW-0012] Placement violations .

==========================================================================
detailed place report_design_area
--------------------------------------------------------------------------
Design area 113931 u^2 27% utilization.
Elapsed time: 0:06.56[h:]min:sec. CPU time: user 6.47 sys 0.08 (99%). Peak memory: 191856KB.
