OpenROAD v2.0-11432-gead3236e5 
This program is licensed under the BSD-3 license. See the LICENSE file for details.
Components of this program may be licensed under more restrictive licenses which must be honored.
[INFO] Deleted 0 routing obstructions
[INFO RCX-0431] Defined process_corner X with ext_model_index 0
[INFO RCX-0029] Defined extraction corner X
[INFO RCX-0008] extracting parasitics of aes_cipher_top ...
[INFO RCX-0435] Reading extraction model file /home/jborg/Data/Research/DLPnR/OpenROAD-flow-scripts/flow/platforms/sky130hd/rcx_patterns.rules ...
[INFO RCX-0436] RC segment generation aes_cipher_top (max_merge_res 50.0) ...
[INFO RCX-0040] Final 60702 rc segments
[INFO RCX-0439] Coupling Cap extraction aes_cipher_top ...
[INFO RCX-0440] Coupling threshhold is 0.1000 fF, coupling capacitance less than 0.1000 fF will be grounded.
[INFO RCX-0043] 151121 wires to be extracted
[INFO RCX-0442] 52% completion -- 79067 wires have been extracted
[INFO RCX-0442] 100% completion -- 151121 wires have been extracted
[INFO RCX-0045] Extract 12529 nets, 72995 rsegs, 72995 caps, 168433 ccs
[INFO RCX-0015] Finished extracting aes_cipher_top.
[INFO RCX-0016] Writing SPEF ...
[INFO RCX-0443] 12529 nets finished
[INFO RCX-0017] Finished writing SPEF ...
[INFO PSM-0022] Using 1.800V for VDD
[WARNING PSM-0016] Voltage pad location (VSRC) file not specified, defaulting pad location to checkerboard pattern on core area.
[WARNING PSM-0017] X direction bump pitch is not specified, defaulting to 140um.
[WARNING PSM-0018] Y direction bump pitch is not specified, defaulting to 140um.
[WARNING PSM-0065] VSRC location not specified, using default checkerboard pattern with one VDD every size bumps in x-direction and one in two bumps in the y-direction
[INFO PSM-0076] Setting metal node density to be standard cell height times 5.
[WARNING PSM-0030] VSRC location at (119.590um, 119.120um) and size 10.000um, is not located on an existing power stripe node. Moving to closest node at (110.860um, 111.520um).
[WARNING PSM-0030] VSRC location at (399.590um, 259.120um) and size 10.000um, is not located on an existing power stripe node. Moving to closest node at (409.400um, 247.520um).
[WARNING PSM-0030] VSRC location at (119.590um, 539.120um) and size 10.000um, is not located on an existing power stripe node. Moving to closest node at (110.860um, 546.720um).
[INFO PSM-0031] Number of PDN nodes on net VDD = 27408.
[INFO PSM-0064] Number of voltage sources = 3.
[INFO PSM-0040] All PDN stripes on net VDD are connected.
########## IR report #################
Corner: default
Worstcase voltage: 1.78e+00 V
Average IR drop  : 1.52e-02 V
Worstcase IR drop: 2.17e-02 V
######################################
[INFO PSM-0022] Using 0.000V for VSS
[WARNING PSM-0016] Voltage pad location (VSRC) file not specified, defaulting pad location to checkerboard pattern on core area.
[WARNING PSM-0017] X direction bump pitch is not specified, defaulting to 140um.
[WARNING PSM-0018] Y direction bump pitch is not specified, defaulting to 140um.
[WARNING PSM-0065] VSRC location not specified, using default checkerboard pattern with one VDD every size bumps in x-direction and one in two bumps in the y-direction
[INFO PSM-0076] Setting metal node density to be standard cell height times 5.
[WARNING PSM-0030] VSRC location at (119.590um, 119.120um) and size 10.000um, is not located on an existing power stripe node. Moving to closest node at (124.430um, 125.120um).
[WARNING PSM-0030] VSRC location at (119.590um, 539.120um) and size 10.000um, is not located on an existing power stripe node. Moving to closest node at (124.430um, 533.120um).
[INFO PSM-0031] Number of PDN nodes on net VSS = 27626.
[INFO PSM-0064] Number of voltage sources = 3.
[INFO PSM-0040] All PDN stripes on net VSS are connected.
########## IR report #################
Corner: default
Worstcase voltage: 1.94e-02 V
Average IR drop  : 1.42e-02 V
Worstcase IR drop: 1.94e-02 V
######################################

==========================================================================
finish report_design_area
--------------------------------------------------------------------------
Design area 120253 u^2 28% utilization.
Elapsed time: 0:11.88[h:]min:sec. CPU time: user 11.75 sys 0.18 (100%). Peak memory: 477576KB.
