OpenROAD autotuner-v1-2861-g832b18e7 
This program is licensed under the BSD-3 license. See the LICENSE file for details.
Components of this program may be licensed under more restrictive licenses which must be honored.
[INFO GPL-0002] DBU: 1000
[INFO GPL-0003] SiteSize: 480 3780
[INFO GPL-0004] CoreAreaLxLy: 2400 3780
[INFO GPL-0005] CoreAreaUxUy: 1048320 1047060
[INFO GPL-0006] NumInstances: 16313
[INFO GPL-0007] NumPlaceInstances: 16313
[INFO GPL-0008] NumFixedInstances: 0
[INFO GPL-0009] NumDummyInstances: 0
[INFO GPL-0010] NumNets: 17102
[INFO GPL-0011] NumPins: 62452
[INFO GPL-0012] DieAreaLxLy: 0 0
[INFO GPL-0013] DieAreaUxUy: 1050365 1050365
[INFO GPL-0014] CoreAreaLxLy: 2400 3780
[INFO GPL-0015] CoreAreaUxUy: 1048320 1047060
[INFO GPL-0016] CoreArea: 1091187417600
[INFO GPL-0017] NonPlaceInstsArea: 0
[INFO GPL-0018] PlaceInstsArea: 296774150400
[INFO GPL-0019] Util(%): 27.20
[INFO GPL-0020] StdInstsArea: 296774150400
[INFO GPL-0021] MacroInstsArea: 0
[INFO GPL-0031] FillerInit: NumGCells: 40644
[INFO GPL-0032] FillerInit: NumGNets: 17102
[INFO GPL-0033] FillerInit: NumGPins: 62452
[INFO GPL-0023] TargetDensity: 0.65
[INFO GPL-0024] AveragePlaceInstArea: 18192493
[INFO GPL-0025] IdealBinArea: 27988450
[INFO GPL-0026] IdealBinCnt: 38987
[INFO GPL-0027] TotalBinArea: 1091187417600
[INFO GPL-0028] BinCnt: 128 128
[INFO GPL-0029] BinSize: 8172 8151
[INFO GPL-0030] NumBins: 16384
[NesterovSolve] Iter: 1 overflow: 0.999195 HPWL: 34901002
[NesterovSolve] Iter: 10 overflow: 0.99865 HPWL: 17962379
[NesterovSolve] Iter: 20 overflow: 0.998563 HPWL: 17676539
[NesterovSolve] Iter: 30 overflow: 0.998495 HPWL: 17636840
[NesterovSolve] Iter: 40 overflow: 0.998459 HPWL: 17625856
[NesterovSolve] Iter: 50 overflow: 0.998485 HPWL: 17613798
[NesterovSolve] Iter: 60 overflow: 0.998501 HPWL: 17609464
[NesterovSolve] Iter: 70 overflow: 0.998472 HPWL: 17612392
[NesterovSolve] Iter: 80 overflow: 0.998407 HPWL: 17639760
[NesterovSolve] Iter: 90 overflow: 0.998293 HPWL: 17701200
[NesterovSolve] Iter: 100 overflow: 0.998158 HPWL: 17833981
[NesterovSolve] Iter: 110 overflow: 0.997929 HPWL: 18159028
[NesterovSolve] Iter: 120 overflow: 0.997491 HPWL: 19108481
[NesterovSolve] Iter: 130 overflow: 0.995836 HPWL: 21689706
[NesterovSolve] Iter: 140 overflow: 0.993375 HPWL: 28378835
[NesterovSolve] Iter: 150 overflow: 0.988476 HPWL: 38207366
[NesterovSolve] Iter: 160 overflow: 0.98149 HPWL: 47282429
[NesterovSolve] Iter: 170 overflow: 0.973712 HPWL: 55643687
[NesterovSolve] Iter: 180 overflow: 0.965132 HPWL: 66042162
[NesterovSolve] Iter: 190 overflow: 0.953677 HPWL: 80258230
[NesterovSolve] Iter: 200 overflow: 0.942088 HPWL: 98608365
[NesterovSolve] Iter: 210 overflow: 0.927514 HPWL: 120329476
[NesterovSolve] Iter: 220 overflow: 0.912216 HPWL: 143191441
[NesterovSolve] Iter: 230 overflow: 0.893099 HPWL: 168068517
[NesterovSolve] Iter: 240 overflow: 0.871137 HPWL: 202046058
[NesterovSolve] Iter: 250 overflow: 0.844973 HPWL: 237224626
[NesterovSolve] Iter: 260 overflow: 0.819815 HPWL: 259669250
[NesterovSolve] Iter: 270 overflow: 0.793744 HPWL: 286272707
[NesterovSolve] Iter: 280 overflow: 0.764068 HPWL: 306696556
[NesterovSolve] Iter: 290 overflow: 0.730736 HPWL: 330038825
[NesterovSolve] Iter: 300 overflow: 0.693756 HPWL: 356930357
[NesterovSolve] Iter: 310 overflow: 0.6552 HPWL: 380511060
[NesterovSolve] Iter: 320 overflow: 0.615959 HPWL: 401133191
[NesterovSolve] Iter: 330 overflow: 0.570157 HPWL: 423864673
[NesterovSolve] Iter: 340 overflow: 0.520595 HPWL: 447503123
[NesterovSolve] Iter: 350 overflow: 0.46723 HPWL: 469463212
[NesterovSolve] Iter: 360 overflow: 0.408268 HPWL: 491916016
[NesterovSolve] Iter: 370 overflow: 0.335142 HPWL: 518080902
[NesterovSolve] Iter: 380 overflow: 0.274438 HPWL: 535637724
[NesterovSolve] Iter: 390 overflow: 0.224093 HPWL: 551768665
[NesterovSolve] Iter: 400 overflow: 0.185802 HPWL: 562704729
[NesterovSolve] Iter: 410 overflow: 0.155976 HPWL: 571085807
[NesterovSolve] Iter: 420 overflow: 0.130611 HPWL: 577312560
[NesterovSolve] Iter: 430 overflow: 0.110298 HPWL: 581777081
[NesterovSolve] Finished with Overflow: 0.099138
Elapsed time: 0:03.76[h:]min:sec. CPU time: user 3.74 sys 0.01 (100%). Peak memory: 137928KB.
