OpenROAD v2.0-11432-gead3236e5 
This program is licensed under the BSD-3 license. See the LICENSE file for details.
Components of this program may be licensed under more restrictive licenses which must be honored.
[INFO GPL-0002] DBU: 2000
[INFO GPL-0003] SiteSize: 380 2800
[INFO GPL-0004] CoreAreaLxLy: 20140 19600
[INFO GPL-0005] CoreAreaUxUy: 2179680 2178400
[INFO GPL-0006] NumInstances: 147409
[INFO GPL-0007] NumPlaceInstances: 132796
[INFO GPL-0008] NumFixedInstances: 7518
[INFO GPL-0009] NumDummyInstances: 7095
[INFO GPL-0010] NumNets: 155079
[INFO GPL-0011] NumPins: 468182
[INFO GPL-0012] DieAreaLxLy: 0 0
[INFO GPL-0013] DieAreaUxUy: 2200000 2200000
[INFO GPL-0014] CoreAreaLxLy: 20140 19600
[INFO GPL-0015] CoreAreaUxUy: 2179680 2178400
[INFO GPL-0016] CoreArea: 4662014952000
[INFO GPL-0017] NonPlaceInstsArea: 1837940832000
[INFO GPL-0018] PlaceInstsArea: 801860192000
[INFO GPL-0019] Util(%): 28.39
[INFO GPL-0020] StdInstsArea: 801860192000
[INFO GPL-0021] MacroInstsArea: 0
[INFO GPL-0031] FillerInit: NumGCells: 494992
[INFO GPL-0032] FillerInit: NumGNets: 155079
[INFO GPL-0033] FillerInit: NumGPins: 468182
[INFO GPL-0023] TargetDensity: 1.00
[INFO GPL-0024] AveragePlaceInstArea: 6038285
[INFO GPL-0025] IdealBinArea: 6038285
[INFO GPL-0026] IdealBinCnt: 772076
[INFO GPL-0027] TotalBinArea: 4662014952000
[INFO GPL-0028] BinCnt: 512 512
[INFO GPL-0029] BinSize: 4218 4217
[INFO GPL-0030] NumBins: 262144
global_placement -density 0.3297405248880386 -pad_left 0 -pad_right 0 -routability_driven -timing_driven
[INFO GPL-0002] DBU: 2000
[INFO GPL-0003] SiteSize: 380 2800
[INFO GPL-0004] CoreAreaLxLy: 20140 19600
[INFO GPL-0005] CoreAreaUxUy: 2179680 2178400
[INFO GPL-0006] NumInstances: 147409
[INFO GPL-0007] NumPlaceInstances: 132796
[INFO GPL-0008] NumFixedInstances: 7518
[INFO GPL-0009] NumDummyInstances: 7095
[INFO GPL-0010] NumNets: 155079
[INFO GPL-0011] NumPins: 468182
[INFO GPL-0012] DieAreaLxLy: 0 0
[INFO GPL-0013] DieAreaUxUy: 2200000 2200000
[INFO GPL-0014] CoreAreaLxLy: 20140 19600
[INFO GPL-0015] CoreAreaUxUy: 2179680 2178400
[INFO GPL-0016] CoreArea: 4662014952000
[INFO GPL-0017] NonPlaceInstsArea: 1837940832000
[INFO GPL-0018] PlaceInstsArea: 801860192000
[INFO GPL-0019] Util(%): 28.39
[INFO GPL-0020] StdInstsArea: 801860192000
[INFO GPL-0021] MacroInstsArea: 0
[InitialPlace]  Iter: 1 CG residual: 0.00636557 HPWL: 9187785483
[InitialPlace]  Iter: 2 CG residual: 0.00135798 HPWL: 7429604760
[InitialPlace]  Iter: 3 CG residual: 0.00057744 HPWL: 6810756537
[InitialPlace]  Iter: 4 CG residual: 0.00061385 HPWL: 6407230642
[InitialPlace]  Iter: 5 CG residual: 0.00055380 HPWL: 6052787603
[InitialPlace]  Iter: 6 CG residual: 0.00056918 HPWL: 5782596333
[InitialPlace]  Iter: 7 CG residual: 0.00030847 HPWL: 5579658587
[InitialPlace]  Iter: 8 CG residual: 0.00026839 HPWL: 5380635412
[InitialPlace]  Iter: 9 CG residual: 0.00013208 HPWL: 5251493927
[InitialPlace]  Iter: 10 CG residual: 0.00007185 HPWL: 5161836779
[InitialPlace]  Iter: 11 CG residual: 0.00006370 HPWL: 5107888426
[InitialPlace]  Iter: 12 CG residual: 0.00005514 HPWL: 5073585714
[InitialPlace]  Iter: 13 CG residual: 0.00004003 HPWL: 5053591338
[InitialPlace]  Iter: 14 CG residual: 0.00004998 HPWL: 5041518382
[InitialPlace]  Iter: 15 CG residual: 0.00003976 HPWL: 5033611327
[InitialPlace]  Iter: 16 CG residual: 0.00003740 HPWL: 5028682364
[InitialPlace]  Iter: 17 CG residual: 0.00004208 HPWL: 5022250612
[InitialPlace]  Iter: 18 CG residual: 0.00003688 HPWL: 5017561349
[InitialPlace]  Iter: 19 CG residual: 0.00003890 HPWL: 5011827165
[InitialPlace]  Iter: 20 CG residual: 0.00003175 HPWL: 5007143541
[INFO GPL-0031] FillerInit: NumGCells: 155963
[INFO GPL-0032] FillerInit: NumGNets: 155079
[INFO GPL-0033] FillerInit: NumGPins: 468182
[INFO GPL-0023] TargetDensity: 0.33
[INFO GPL-0024] AveragePlaceInstArea: 6038285
[INFO GPL-0025] IdealBinArea: 18312232
[INFO GPL-0026] IdealBinCnt: 254584
[INFO GPL-0027] TotalBinArea: 4662014952000
[INFO GPL-0028] BinCnt: 256 256
[INFO GPL-0029] BinSize: 8436 8433
[INFO GPL-0030] NumBins: 65536
[NesterovSolve] Iter: 1 overflow: 0.945496 HPWL: 3830924302
[NesterovSolve] Iter: 10 overflow: 0.891535 HPWL: 5104902100
[NesterovSolve] Iter: 20 overflow: 0.867239 HPWL: 5425092577
[NesterovSolve] Iter: 30 overflow: 0.850501 HPWL: 5564120509
[NesterovSolve] Iter: 40 overflow: 0.842223 HPWL: 5639836753
[NesterovSolve] Iter: 50 overflow: 0.838139 HPWL: 5662751033
[NesterovSolve] Iter: 60 overflow: 0.838807 HPWL: 5662899492
[NesterovSolve] Iter: 70 overflow: 0.84249 HPWL: 5661721953
[NesterovSolve] Iter: 80 overflow: 0.844254 HPWL: 5656678172
[NesterovSolve] Iter: 90 overflow: 0.84569 HPWL: 5643447750
[NesterovSolve] Iter: 100 overflow: 0.846647 HPWL: 5626760404
[NesterovSolve] Iter: 110 overflow: 0.847766 HPWL: 5611297194
[NesterovSolve] Iter: 120 overflow: 0.847828 HPWL: 5599212201
[NesterovSolve] Iter: 130 overflow: 0.847057 HPWL: 5588013186
[NesterovSolve] Iter: 140 overflow: 0.846726 HPWL: 5578500352
[NesterovSolve] Iter: 150 overflow: 0.846349 HPWL: 5574637913
[NesterovSolve] Iter: 160 overflow: 0.845121 HPWL: 5579331284
[NesterovSolve] Iter: 170 overflow: 0.842209 HPWL: 5593090152
[NesterovSolve] Iter: 180 overflow: 0.837709 HPWL: 5621211266
[NesterovSolve] Iter: 190 overflow: 0.830596 HPWL: 5670867882
[NesterovSolve] Iter: 200 overflow: 0.81778 HPWL: 5745702431
[NesterovSolve] Iter: 210 overflow: 0.800476 HPWL: 5845096596
[NesterovSolve] Iter: 220 overflow: 0.774377 HPWL: 5976975414
[INFO GPL-0100] worst slack -2.59e-09
[INFO GPL-0103] Weighted 15427 nets.
[NesterovSolve] Iter: 230 overflow: 0.7427 HPWL: 6113885512
[NesterovSolve] Iter: 240 overflow: 0.702232 HPWL: 6145363777
[NesterovSolve] Iter: 250 overflow: 0.652181 HPWL: 6202966479
[NesterovSolve] Iter: 260 overflow: 0.613653 HPWL: 6323742834
[INFO GPL-0100] worst slack -8.53e-09
[INFO GPL-0103] Weighted 15426 nets.
[NesterovSolve] Snapshot saved at iter = 262
[NesterovSolve] Iter: 270 overflow: 0.563068 HPWL: 6307834889
[NesterovSolve] Iter: 280 overflow: 0.516729 HPWL: 6376232597
[INFO GPL-0100] worst slack -7.38e-09
[INFO GPL-0103] Weighted 15426 nets.
[NesterovSolve] Iter: 290 overflow: 0.461099 HPWL: 6544162816
[NesterovSolve] Iter: 300 overflow: 0.425325 HPWL: 6566829901
[NesterovSolve] Iter: 310 overflow: 0.381941 HPWL: 6705479042
[NesterovSolve] Iter: 320 overflow: 0.333108 HPWL: 6707582334
[NesterovSolve] Iter: 330 overflow: 0.300184 HPWL: 6733477176
[NesterovSolve] Iter: 340 overflow: 0.270226 HPWL: 6759810847
[INFO GPL-0100] worst slack -5.16e-09
[INFO GPL-0103] Weighted 15427 nets.
[NesterovSolve] Iter: 350 overflow: 0.246469 HPWL: 6634244484
[NesterovSolve] Iter: 360 overflow: 0.225538 HPWL: 6542509749
[NesterovSolve] Iter: 370 overflow: 0.205101 HPWL: 6483082655
[INFO GPL-0075] Routability numCall: 1 inflationIterCnt: 1 bloatIterCnt: 0
[INFO GPL-0036] TileLxLy: 0 0
[INFO GPL-0037] TileSize: 4200 4200
[INFO GPL-0038] TileCnt: 523 523
[INFO GPL-0039] numRoutingLayers: 10
[INFO GPL-0040] NumTiles: 273529
[INFO GPL-0063] TotalRouteOverflowH2: 47.1190527677536
[INFO GPL-0064] TotalRouteOverflowV2: 41.597405791282654
[INFO GPL-0065] OverflowTileCnt2: 273
[INFO GPL-0066] 0.5%RC: 1.0096004589991348
[INFO GPL-0067] 1.0%RC: 1.0048007185703265
[INFO GPL-0068] 2.0%RC: 1.0024004815715397
[INFO GPL-0069] 5.0%RC: 1.0009602219797387
[INFO GPL-0070] 0.5rcK: 1.0
[INFO GPL-0071] 1.0rcK: 1.0
[INFO GPL-0072] 2.0rcK: 0.0
[INFO GPL-0073] 5.0rcK: 0.0
[INFO GPL-0074] FinalRC: 1.0072006
[INFO GPL-0100] worst slack -4.85e-09
[INFO GPL-0103] Weighted 15427 nets.
[NesterovSolve] Iter: 380 overflow: 0.180883 HPWL: 6426946565
[NesterovSolve] Iter: 390 overflow: 0.160368 HPWL: 6360798732
[NesterovSolve] Iter: 400 overflow: 0.139386 HPWL: 6312409217
[INFO GPL-0100] worst slack -4.69e-09
[INFO GPL-0103] Weighted 15427 nets.
[NesterovSolve] Iter: 410 overflow: 0.120768 HPWL: 6264194260
[NesterovSolve] Iter: 420 overflow: 0.104773 HPWL: 6230058485
[NesterovSolve] Finished with Overflow: 0.099620
Warning: There are 4 input ports missing set_input_delay.
Warning: There are 6 output ports missing set_output_delay.
Warning: There are 690 unconstrained endpoints.

==========================================================================
global place report_design_area
--------------------------------------------------------------------------
Design area 535401 u^2 46% utilization.
Elapsed time: 2:50.21[h:]min:sec. CPU time: user 197.22 sys 0.54 (116%). Peak memory: 1605676KB.
