OpenROAD v2.0-11432-gead3236e5 
This program is licensed under the BSD-3 license. See the LICENSE file for details.
Components of this program may be licensed under more restrictive licenses which must be honored.
Warning: There are 4 input ports missing set_input_delay.
Warning: There are 6 output ports missing set_output_delay.
Warning: There are 690 unconstrained endpoints.

==========================================================================
resizer pre report_design_area
--------------------------------------------------------------------------
Design area 535401 u^2 46% utilization.

==========================================================================
instance_count
--------------------------------------------------------------------------
140314

==========================================================================
pin_count
--------------------------------------------------------------------------
466729

Perform port buffering...
[INFO RSZ-0027] Inserted 701 input buffers.
[INFO RSZ-0028] Inserted 612 output buffers.
Perform buffer insertion...
[INFO RSZ-0058] Using max wire length 661um.
[INFO RSZ-0034] Found 34230 slew violations.
[INFO RSZ-0036] Found 419 capacitance violations.
[INFO RSZ-0037] Found 337 long wires.
[INFO RSZ-0038] Inserted 1965 buffers in 34609 nets.
[INFO RSZ-0039] Resized 12443 instances.
Repair tie lo fanout...
[INFO RSZ-0042] Inserted 1057 tie LOGIC0_X1 instances.
Repair tie hi fanout...
[INFO RSZ-0042] Inserted 556 tie LOGIC1_X1 instances.

==========================================================================
report_floating_nets
--------------------------------------------------------------------------
Warning: There are 4 input ports missing set_input_delay.
Warning: There are 6 output ports missing set_output_delay.
Warning: There are 690 unconstrained endpoints.

==========================================================================
resizer report_design_area
--------------------------------------------------------------------------
Design area 564319 u^2 48% utilization.

==========================================================================
instance_count
--------------------------------------------------------------------------
145162

==========================================================================
pin_count
--------------------------------------------------------------------------
474855

Elapsed time: 0:36.32[h:]min:sec. CPU time: user 36.08 sys 0.24 (99%). Peak memory: 780124KB.
