OpenROAD v2.0-11432-gead3236e5 
This program is licensed under the BSD-3 license. See the LICENSE file for details.
Components of this program may be licensed under more restrictive licenses which must be honored.
clock_tree_synthesis -sink_clustering_enable -balance_levels
[INFO CTS-0050] Root buffer is CLKBUF_X3.
[INFO CTS-0051] Sink buffer is CLKBUF_X3.
[INFO CTS-0052] The following clock buffers will be used for CTS:
                    CLKBUF_X3
[INFO CTS-0049] Characterization buffer is CLKBUF_X3.
[INFO CTS-0039] Number of created patterns = 4200.
[INFO CTS-0084] Compiling LUT.
Min. len    Max. len    Min. cap    Max. cap    Min. slew   Max. slew
2           8           1           21          1           7           
[WARNING CTS-0043] 560 wires are pure wire and no slew degradation.
TritonCTS forced slew degradation on these wires.
[INFO CTS-0046]     Number of wire segments: 4200.
[INFO CTS-0047]     Number of keys in characterization LUT: 336.
[INFO CTS-0048]     Actual min input cap: 1.
[INFO CTS-0007] Net "clk_i" found for clock "CLK".
[INFO CTS-0010]  Clock net "clk_i" has 18955 sinks.
[INFO CTS-0008] TritonCTS found 1 clock nets.
[INFO CTS-0097] Characterization used 1 buffer(s) types.
[INFO CTS-0200] 19 placement blockages have been identified.
[INFO CTS-0027] Generating H-Tree topology for net clk_i.
[INFO CTS-0028]  Total number of sinks: 18955.
[INFO CTS-0090]  Sinks will be clustered based on buffer max cap.
[INFO CTS-0030]  Number of static layers: 0.
[INFO CTS-0020]  Wire segment unit: 14000  dbu (7 um).
[INFO CTS-0206] Best clustering solution was found from clustering size of 30 and clustering diameter of 50.
[INFO CTS-0019]  Total number of sinks after clustering: 3183.
[INFO CTS-0024]  Normalized sink region: [(2.11986, 1.93333), (154.055, 155.021)].
[INFO CTS-0025]     Width:  151.9349.
[INFO CTS-0026]     Height: 153.0879.
 Level 1
    Direction: Vertical
    Sinks per sub-region: 1592
    Sub-region size: 151.9349 X 76.5439
[INFO CTS-0034]     Segment length (rounded): 38.
    Key: 180 inSlew: 1 inCap: 1 outSlew: 2 load: 1 length: 8 delay: 1
    Key: 180 inSlew: 1 inCap: 1 outSlew: 2 load: 1 length: 8 delay: 1
    Key: 206 inSlew: 2 inCap: 1 outSlew: 2 load: 1 length: 8 delay: 1
    Key: 193 inSlew: 3 inCap: 1 outSlew: 1 load: 1 length: 8 delay: 9
      location: 1.0 buffer: CLKBUF_X3
    Key: 83 inSlew: 1 inCap: 1 outSlew: 2 load: 1 length: 6 delay: 1
 Level 2
    Direction: Horizontal
    Sinks per sub-region: 796
    Sub-region size: 75.9674 X 76.5439
[INFO CTS-0034]     Segment length (rounded): 38.
    Key: 180 inSlew: 1 inCap: 1 outSlew: 2 load: 1 length: 8 delay: 1
    Key: 206 inSlew: 2 inCap: 1 outSlew: 2 load: 1 length: 8 delay: 1
    Key: 193 inSlew: 3 inCap: 1 outSlew: 1 load: 1 length: 8 delay: 9
      location: 1.0 buffer: CLKBUF_X3
    Key: 180 inSlew: 1 inCap: 1 outSlew: 2 load: 1 length: 8 delay: 1
    Key: 83 inSlew: 1 inCap: 1 outSlew: 2 load: 1 length: 6 delay: 1
 Level 3
    Direction: Vertical
    Sinks per sub-region: 398
    Sub-region size: 75.9674 X 38.2720
[INFO CTS-0034]     Segment length (rounded): 20.
    Key: 206 inSlew: 2 inCap: 1 outSlew: 2 load: 1 length: 8 delay: 1
    Key: 193 inSlew: 3 inCap: 1 outSlew: 1 load: 1 length: 8 delay: 9
      location: 1.0 buffer: CLKBUF_X3
    Key: 14 inSlew: 1 inCap: 1 outSlew: 2 load: 1 length: 4 delay: 1
 Out of 1061 sinks, 14 sinks closer to other cluster.
 Level 4
    Direction: Horizontal
    Sinks per sub-region: 199
    Sub-region size: 37.9837 X 38.2720
[INFO CTS-0034]     Segment length (rounded): 18.
    Key: 180 inSlew: 1 inCap: 1 outSlew: 2 load: 1 length: 8 delay: 1
    Key: 206 inSlew: 2 inCap: 1 outSlew: 2 load: 1 length: 8 delay: 1
    Key: 6 inSlew: 3 inCap: 1 outSlew: 1 load: 1 length: 2 delay: 9
      location: 1.0 buffer: CLKBUF_X3
 Out of 322 sinks, 55 sinks closer to other cluster.
 Out of 315 sinks, 20 sinks closer to other cluster.
 Level 5
    Direction: Vertical
    Sinks per sub-region: 100
    Sub-region size: 37.9837 X 19.1360
[INFO CTS-0034]     Segment length (rounded): 10.
    Key: 180 inSlew: 1 inCap: 1 outSlew: 2 load: 1 length: 8 delay: 1
    Key: 0 inSlew: 1 inCap: 1 outSlew: 2 load: 1 length: 2 delay: 1
 Out of 220 sinks, 1 sinks closer to other cluster.
 Out of 129 sinks, 16 sinks closer to other cluster.
 Out of 112 sinks, 5 sinks closer to other cluster.
 Level 6
    Direction: Horizontal
    Sinks per sub-region: 50
    Sub-region size: 18.9919 X 19.1360
[INFO CTS-0034]     Segment length (rounded): 10.
    Key: 206 inSlew: 2 inCap: 1 outSlew: 2 load: 1 length: 8 delay: 1
    Key: 6 inSlew: 3 inCap: 1 outSlew: 1 load: 1 length: 2 delay: 9
      location: 1.0 buffer: CLKBUF_X3
 Out of 92 sinks, 2 sinks closer to other cluster.
 Out of 51 sinks, 4 sinks closer to other cluster.
 Out of 91 sinks, 2 sinks closer to other cluster.
 Out of 67 sinks, 2 sinks closer to other cluster.
 Out of 61 sinks, 3 sinks closer to other cluster.
 Out of 64 sinks, 14 sinks closer to other cluster.
 Level 7
    Direction: Vertical
    Sinks per sub-region: 25
    Sub-region size: 18.9919 X 9.5680
[INFO CTS-0034]     Segment length (rounded): 4.
    Key: 14 inSlew: 1 inCap: 1 outSlew: 2 load: 1 length: 4 delay: 1
 Out of 45 sinks, 5 sinks closer to other cluster.
 Out of 35 sinks, 1 sinks closer to other cluster.
 Out of 20 sinks, 4 sinks closer to other cluster.
 Out of 28 sinks, 3 sinks closer to other cluster.
 Out of 32 sinks, 1 sinks closer to other cluster.
 Out of 38 sinks, 2 sinks closer to other cluster.
 Out of 26 sinks, 1 sinks closer to other cluster.
 Level 8
    Direction: Horizontal
    Sinks per sub-region: 13
    Sub-region size: 9.4959 X 9.5680
[INFO CTS-0034]     Segment length (rounded): 4.
    Key: 14 inSlew: 1 inCap: 1 outSlew: 2 load: 1 length: 4 delay: 1
 Out of 16 sinks, 1 sinks closer to other cluster.
 Out of 23 sinks, 1 sinks closer to other cluster.
 Out of 34 sinks, 1 sinks closer to other cluster.
 Out of 19 sinks, 1 sinks closer to other cluster.
 Out of 28 sinks, 1 sinks closer to other cluster.
 Out of 18 sinks, 3 sinks closer to other cluster.
 Out of 36 sinks, 6 sinks closer to other cluster.
 Out of 16 sinks, 1 sinks closer to other cluster.
 Out of 19 sinks, 3 sinks closer to other cluster.
 Out of 24 sinks, 2 sinks closer to other cluster.
 Out of 24 sinks, 2 sinks closer to other cluster.
 Out of 10 sinks, 1 sinks closer to other cluster.
 Out of 16 sinks, 3 sinks closer to other cluster.
[INFO CTS-0032]  Stop criterion found. Max number of sinks is 15.
[INFO CTS-0035]  Number of sinks covered: 3183.
[INFO CTS-0018]     Created 3501 clock buffers.
[INFO CTS-0012]     Minimum number of buffers in the clock path: 7.
[INFO CTS-0013]     Maximum number of buffers in the clock path: 8.
[INFO CTS-0015]     Created 3501 clock nets.
[INFO CTS-0016]     Fanout distribution for the current clock = 2:15, 3:30, 4:76, 5:560, 6:1672, 7:787, 8:62, 9:20, 10:25, 11:24, 12:21, 13:20, 14:20, 15:11, 16:18, 17:5, 18:8, 19:10, 20:7, 21:3, 22:3, 23:3, 24:3, 25:2, 26:1..
[INFO CTS-0017]     Max level of the clock tree: 8.
[INFO CTS-0098] Clock net "clk_i"
[INFO CTS-0099]  Sinks 18955
[INFO CTS-0100]  Leaf buffers 3150
[INFO CTS-0101]  Average sink wire length 1996.15 um
[INFO CTS-0102]  Path depth 7 - 8
Warning: There are 4 input ports missing set_input_delay.
Warning: There are 6 output ports missing set_output_delay.
Warning: There are 690 unconstrained endpoints.

==========================================================================
cts pre-repair report_design_area
--------------------------------------------------------------------------
Design area 568975 u^2 49% utilization.
[INFO RSZ-0058] Using max wire length 661um.
[INFO RSZ-0047] Found 1 long wires.
[INFO RSZ-0048] Inserted 1 buffers in 1 nets.
Warning: There are 4 input ports missing set_input_delay.
Warning: There are 6 output ports missing set_output_delay.
Warning: There are 690 unconstrained endpoints.

==========================================================================
cts post-repair report_design_area
--------------------------------------------------------------------------
Design area 568978 u^2 49% utilization.
Placement Analysis
---------------------------------
total displacement       4208.2 u
average displacement        0.0 u
max displacement           42.8 u
original HPWL         3546976.7 u
legalized HPWL        3571669.1 u
delta HPWL                    1 %

Repair setup and hold violations...
TNS end percent 5
Skipping gate cloning during optimization
[INFO RSZ-0094] Found 1 endpoints with setup violations.
[INFO RSZ-0045] Inserted 12 buffers, 1 to split loads.
[INFO RSZ-0041] Resized 455 instances.
[INFO RSZ-0043] Swapped pins on 116 instances.
[WARNING RSZ-0062] Unable to repair all setup violations.
[INFO RSZ-0033] No hold violations found.
Placement Analysis
---------------------------------
total displacement        402.9 u
average displacement        0.0 u
max displacement            2.9 u
original HPWL         3574088.8 u
legalized HPWL        3574481.6 u
delta HPWL                    0 %

Warning: There are 4 input ports missing set_input_delay.
Warning: There are 6 output ports missing set_output_delay.
Warning: There are 690 unconstrained endpoints.

==========================================================================
cts final report_design_area
--------------------------------------------------------------------------
Design area 569575 u^2 49% utilization.
Elapsed time: 1:26.50[h:]min:sec. CPU time: user 86.20 sys 0.28 (99%). Peak memory: 1017540KB.
