OpenROAD v2.0-11432-gead3236e5 
This program is licensed under the BSD-3 license. See the LICENSE file for details.
Components of this program may be licensed under more restrictive licenses which must be honored.
[INFO ORD-0030] Using 16 thread(s).
HierRTLMP Flow enabled...
rtl_macro_placer -halo_width 10 -report_directory ./objects/nangate45/bp_quad/base/rtlmp
Floorplan Outline: (0.0, 0.0) (3600.0, 3600.0),  Core Outline: (10.07, 12.6) (3589.86, 3589.6)
Traversed logical hierarchy
	Number of std cell instances: 1004108
	Area of std cell instances: 2167295.25
	Number of macros: 220
	Area of macros: 2636855.25
	Area of macros with halos: 3640327.25
	Area of std cell instances + Area of macros: 4804150.50
	Core area: 12804909.00
	Design Utilization: 0.38
	Core Utilization: 0.21
	Manufacturing Grid: 10

[INFO MPL-0024] [Multilevel Autoclustering] Creating clustered netlist.
[INFO MPL-0039] [Coarse Shaping] Determining shape functions for clusters.
[INFO MPL-0028] [Hierarchical Macro Placement] Placing clusters and macros.
[INFO MPL-0037] Updated location of 220 macros
Elapsed time: 13:21.81[h:]min:sec. CPU time: user 6995.15 sys 2.01 (872%). Peak memory: 5459588KB.
