OpenROAD v2.0-11432-gead3236e5 
This program is licensed under the BSD-3 license. See the LICENSE file for details.
Components of this program may be licensed under more restrictive licenses which must be honored.
global_placement -density 0.30 -pad_left 0 -pad_right 0 -routability_driven -timing_driven
[INFO GPL-0002] DBU: 2000
[INFO GPL-0003] SiteSize: 380 2800
[INFO GPL-0004] CoreAreaLxLy: 20140 25200
[INFO GPL-0005] CoreAreaUxUy: 7179720 7179200
[INFO GPL-0006] NumInstances: 1127570
[INFO GPL-0007] NumPlaceInstances: 1004108
[INFO GPL-0008] NumFixedInstances: 65346
[INFO GPL-0009] NumDummyInstances: 58116
[INFO GPL-0010] NumNets: 1262504
[INFO GPL-0011] NumPins: 3951929
[INFO GPL-0012] DieAreaLxLy: 0 0
[INFO GPL-0013] DieAreaUxUy: 7200000 7200000
[INFO GPL-0014] CoreAreaLxLy: 20140 25200
[INFO GPL-0015] CoreAreaUxUy: 7179720 7179200
[INFO GPL-0016] CoreArea: 51219635320000
[INFO GPL-0017] NonPlaceInstsArea: 14653855944000
[INFO GPL-0018] PlaceInstsArea: 8669101728000
[INFO GPL-0019] Util(%): 23.71
[INFO GPL-0020] StdInstsArea: 8669101728000
[INFO GPL-0021] MacroInstsArea: 0
[InitialPlace]  Iter: 1 CG residual: 0.00184524 HPWL: 78775586835
[InitialPlace]  Iter: 2 CG residual: 0.00140660 HPWL: 110278939944
[InitialPlace]  Iter: 3 CG residual: 0.00037602 HPWL: 96889734646
[InitialPlace]  Iter: 4 CG residual: 0.00018514 HPWL: 87016780672
[InitialPlace]  Iter: 5 CG residual: 0.00010513 HPWL: 80069374274
[InitialPlace]  Iter: 6 CG residual: 0.00009367 HPWL: 73809924541
[InitialPlace]  Iter: 7 CG residual: 0.00007484 HPWL: 69542118071
[InitialPlace]  Iter: 8 CG residual: 0.00006218 HPWL: 65792064088
[InitialPlace]  Iter: 9 CG residual: 0.00006353 HPWL: 63366413342
[InitialPlace]  Iter: 10 CG residual: 0.00004612 HPWL: 61345871128
[InitialPlace]  Iter: 11 CG residual: 0.00003995 HPWL: 59604843198
[InitialPlace]  Iter: 12 CG residual: 0.00004923 HPWL: 58330083742
[InitialPlace]  Iter: 13 CG residual: 0.00003998 HPWL: 57377271256
[InitialPlace]  Iter: 14 CG residual: 0.00003383 HPWL: 56686844860
[InitialPlace]  Iter: 15 CG residual: 0.00002650 HPWL: 56094529047
[InitialPlace]  Iter: 16 CG residual: 0.00003599 HPWL: 55560167020
[InitialPlace]  Iter: 17 CG residual: 0.00002799 HPWL: 55024298698
[InitialPlace]  Iter: 18 CG residual: 0.00002203 HPWL: 54629259122
[InitialPlace]  Iter: 19 CG residual: 0.00002358 HPWL: 54348265682
[InitialPlace]  Iter: 20 CG residual: 0.00002272 HPWL: 54140715859
[INFO GPL-0031] FillerInit: NumGCells: 1275819
[INFO GPL-0032] FillerInit: NumGNets: 1262504
[INFO GPL-0033] FillerInit: NumGPins: 3951929
[INFO GPL-0023] TargetDensity: 0.30
[INFO GPL-0024] AveragePlaceInstArea: 8633634
[INFO GPL-0025] IdealBinArea: 28778778
[INFO GPL-0026] IdealBinCnt: 1779771
[INFO GPL-0027] TotalBinArea: 51219635320000
[INFO GPL-0028] BinCnt: 1024 1024
[INFO GPL-0029] BinSize: 6992 6987
[INFO GPL-0030] NumBins: 1048576
[NesterovSolve] Iter: 1 overflow: 0.985322 HPWL: 44202056498
[NesterovSolve] Iter: 10 overflow: 0.964006 HPWL: 52406945675
[NesterovSolve] Iter: 20 overflow: 0.949892 HPWL: 55271304593
[NesterovSolve] Iter: 30 overflow: 0.938767 HPWL: 56783578947
[NesterovSolve] Iter: 40 overflow: 0.933239 HPWL: 57171223088
[NesterovSolve] Iter: 50 overflow: 0.930218 HPWL: 57113126140
[NesterovSolve] Iter: 60 overflow: 0.927243 HPWL: 56876226422
[NesterovSolve] Iter: 70 overflow: 0.924314 HPWL: 56548017350
[NesterovSolve] Iter: 80 overflow: 0.921628 HPWL: 56184333108
[NesterovSolve] Iter: 90 overflow: 0.920052 HPWL: 55828757189
[NesterovSolve] Iter: 100 overflow: 0.919972 HPWL: 55511363755
[NesterovSolve] Iter: 110 overflow: 0.920452 HPWL: 55259497961
[NesterovSolve] Iter: 120 overflow: 0.921346 HPWL: 55041307949
[NesterovSolve] Iter: 130 overflow: 0.922378 HPWL: 54863647705
[NesterovSolve] Iter: 140 overflow: 0.922329 HPWL: 54703123605
[NesterovSolve] Iter: 150 overflow: 0.921719 HPWL: 54546342496
[NesterovSolve] Iter: 160 overflow: 0.921266 HPWL: 54385561856
[NesterovSolve] Iter: 170 overflow: 0.920381 HPWL: 54235963750
[NesterovSolve] Iter: 180 overflow: 0.920144 HPWL: 54138251011
[NesterovSolve] Iter: 190 overflow: 0.919433 HPWL: 54120530171
[NesterovSolve] Iter: 200 overflow: 0.917765 HPWL: 54188411956
[NesterovSolve] Iter: 210 overflow: 0.915401 HPWL: 54400929038
[NesterovSolve] Iter: 220 overflow: 0.911986 HPWL: 54911564372
[NesterovSolve] Iter: 230 overflow: 0.908321 HPWL: 55886522884
[NesterovSolve] Iter: 240 overflow: 0.901684 HPWL: 57367025182
[NesterovSolve] Iter: 250 overflow: 0.892221 HPWL: 59221884749
[NesterovSolve] Iter: 260 overflow: 0.88268 HPWL: 61362346974
[NesterovSolve] Iter: 270 overflow: 0.870577 HPWL: 63497599851
[NesterovSolve] Iter: 280 overflow: 0.858344 HPWL: 65164162259
[NesterovSolve] Iter: 290 overflow: 0.845514 HPWL: 66325160041
[NesterovSolve] Iter: 300 overflow: 0.832129 HPWL: 67584699234
[NesterovSolve] Iter: 310 overflow: 0.811691 HPWL: 68818769775
[NesterovSolve] Iter: 320 overflow: 0.78942 HPWL: 69539727118
[INFO GPL-0100] worst slack -2.4e-09
[INFO GPL-0103] Weighted 125531 nets.
[NesterovSolve] Iter: 330 overflow: 0.761414 HPWL: 69470176773
[NesterovSolve] Iter: 340 overflow: 0.727766 HPWL: 68328299765
[NesterovSolve] Iter: 350 overflow: 0.683809 HPWL: 68687144497
[NesterovSolve] Iter: 360 overflow: 0.643323 HPWL: 69990680635
[INFO GPL-0100] worst slack -2.07e-09
[INFO GPL-0103] Weighted 125531 nets.
[NesterovSolve] Iter: 370 overflow: 0.607954 HPWL: 69441514877
[NesterovSolve] Snapshot saved at iter = 372
[NesterovSolve] Iter: 380 overflow: 0.568551 HPWL: 68733838874
[NesterovSolve] Iter: 390 overflow: 0.531465 HPWL: 69716174890
[NesterovSolve] Iter: 400 overflow: 0.497296 HPWL: 69990498397
[INFO GPL-0100] worst slack -1.65e-09
[INFO GPL-0103] Weighted 125531 nets.
[NesterovSolve] Iter: 410 overflow: 0.458067 HPWL: 70530876953
[NesterovSolve] Iter: 420 overflow: 0.421595 HPWL: 70236834668
[NesterovSolve] Iter: 430 overflow: 0.38456 HPWL: 70038031832
[NesterovSolve] Iter: 440 overflow: 0.350672 HPWL: 69546664286
[NesterovSolve] Iter: 450 overflow: 0.323277 HPWL: 68657817194
[NesterovSolve] Iter: 460 overflow: 0.299171 HPWL: 67733107733
[NesterovSolve] Iter: 470 overflow: 0.275313 HPWL: 66769954272
[INFO GPL-0100] worst slack -2.1e-09
[INFO GPL-0103] Weighted 125532 nets.
[NesterovSolve] Iter: 480 overflow: 0.251495 HPWL: 65778871437
[NesterovSolve] Iter: 490 overflow: 0.228604 HPWL: 64831885277
[NesterovSolve] Iter: 500 overflow: 0.205685 HPWL: 64035320831
[INFO GPL-0075] Routability numCall: 1 inflationIterCnt: 1 bloatIterCnt: 0
[INFO GPL-0036] TileLxLy: 0 0
[INFO GPL-0037] TileSize: 4200 4200
[INFO GPL-0038] TileCnt: 1714 1714
[INFO GPL-0039] numRoutingLayers: 10
[INFO GPL-0040] NumTiles: 2937796
[INFO GPL-0063] TotalRouteOverflowH2: 2559.6192783117294
[INFO GPL-0064] TotalRouteOverflowV2: 1872.6494652032852
[INFO GPL-0065] OverflowTileCnt2: 12713
[INFO GPL-0066] 0.5%RC: 1.047572145308275
[INFO GPL-0067] 1.0%RC: 1.0237862936958035
[INFO GPL-0068] 2.0%RC: 1.0118932021090887
[INFO GPL-0069] 5.0%RC: 1.004757294106419
[INFO GPL-0070] 0.5rcK: 1.0
[INFO GPL-0071] 1.0rcK: 1.0
[INFO GPL-0072] 2.0rcK: 0.0
[INFO GPL-0073] 5.0rcK: 0.0
[INFO GPL-0074] FinalRC: 1.0356792
[INFO GPL-0100] worst slack -2.42e-09
[INFO GPL-0103] Weighted 125531 nets.
[NesterovSolve] Iter: 510 overflow: 0.184574 HPWL: 63474640874
[NesterovSolve] Iter: 520 overflow: 0.16545 HPWL: 63141681876
[NesterovSolve] Iter: 530 overflow: 0.147072 HPWL: 62993047723
[INFO GPL-0100] worst slack -1.99e-09
[INFO GPL-0103] Weighted 125532 nets.
[NesterovSolve] Iter: 540 overflow: 0.129939 HPWL: 63003959864
[NesterovSolve] Iter: 550 overflow: 0.114413 HPWL: 63143538515
[NesterovSolve] Iter: 560 overflow: 0.100495 HPWL: 63265061647
[NesterovSolve] Finished with Overflow: 0.099384
Warning: There are 45 input ports missing set_input_delay.
Warning: There are 100 output ports missing set_output_delay.
Warning: There are 2352 unconstrained endpoints.

==========================================================================
global place report_design_area
--------------------------------------------------------------------------
Design area 4821454 u^2 38% utilization.
Elapsed time: 33:45.27[h:]min:sec. CPU time: user 2405.21 sys 6.20 (119%). Peak memory: 12910112KB.
