OpenROAD v2.0-11432-gead3236e5 
This program is licensed under the BSD-3 license. See the LICENSE file for details.
Components of this program may be licensed under more restrictive licenses which must be honored.
Placement Analysis
---------------------------------
total displacement    1074671.2 u
average displacement        1.0 u
max displacement           63.5 u
original HPWL        35971545.6 u
legalized HPWL       36853776.8 u
delta HPWL                    2 %

Detailed placement improvement.
Importing netlist into detailed improver.
[INFO DPO-0100] Creating network with 1127060 cells, 135 terminals, 1320110 edges and 4046292 pins.
[INFO DPO-0109] Network stats: inst 1127195, edges 1320110, pins 4046292
[INFO DPO-0110] Number of regions is 1
[INFO DPO-0401] Setting random seed to 1.
[INFO DPO-0402] Setting maximum displacement 5 1 to 14000 2800 units.
[INFO DPO-0320] Collected 81209 fixed cells (excluded terminal_NI).
[INFO DPO-0318] Collected 1061714 single height cells.
[INFO DPO-0321] Collected 0 wide cells.
[INFO DPO-0322] Image (20140, 25200) - (7179720, 7179200)
[INFO DPO-0310] Assigned 1061714 cells into segments.  Movement in X-direction is 0.000000, movement in Y-direction is 0.000000.
[INFO DPO-0313] Found 0 cells in wrong regions.
[INFO DPO-0315] Found 0 row alignment problems.
[INFO DPO-0314] Found 0 site alignment problems.
[INFO DPO-0311] Found 0 overlaps between adjacent cells.
[INFO DPO-0312] Found 0 edge spacing violations and 0 padding violations.
[INFO DPO-0303] Running algorithm for independent set matching.
[INFO DPO-0300] Set matching objective is wirelength.
[INFO DPO-0301] Pass   1 of matching; objective is 7.216812e+10.
[INFO DPO-0302] End of matching; objective is 7.214670e+10, improvement is 0.03 percent.
[INFO DPO-0303] Running algorithm for global swaps.
[INFO DPO-0306] Pass   1 of global swaps; hpwl is 7.152073e+10.
[INFO DPO-0307] End of global swaps; objective is 7.152073e+10, improvement is 0.87 percent.
[INFO DPO-0303] Running algorithm for vertical swaps.
[INFO DPO-0308] Pass   1 of vertical swaps; hpwl is 7.138630e+10.
[INFO DPO-0309] End of vertical swaps; objective is 7.138630e+10, improvement is 0.19 percent.
[INFO DPO-0303] Running algorithm for reordering.
[INFO DPO-0304] Pass   1 of reordering; objective is 7.134772e+10.
[INFO DPO-0305] End of reordering; objective is 7.134772e+10, improvement is 0.05 percent.
[INFO DPO-0303] Running algorithm for random improvement.
[INFO DPO-0324] Random improver is using displacement generator.
[INFO DPO-0325] Random improver is using hpwl objective.
[INFO DPO-0326] Random improver cost string is (a).
[INFO DPO-0332] End of pass, Generator displacement called 21234280 times.
[INFO DPO-0335] Generator displacement, Cumulative attempts 21234280, swaps 1548346, moves 8606629 since last reset.
[INFO DPO-0333] End of pass, Objective hpwl, Initial cost 7.114535e+10, Scratch cost 7.072067e+10, Incremental cost 7.072067e+10, Mismatch? N
[INFO DPO-0338] End of pass, Total cost is 7.072067e+10.
[INFO DPO-0327] Pass   1 of random improver; improvement in cost is 0.60 percent.
[INFO DPO-0328] End of random improver; improvement is 0.596916 percent.
[INFO DPO-0380] Cell flipping.
[INFO DPO-0382] Changed 530332 cell orientations for row compatibility.
[INFO DPO-0383] Performed 379362 cell flips.
[INFO DPO-0384] End of flipping; objective is 7.036294e+10, improvement is 0.79 percent.
[INFO DPO-0313] Found 0 cells in wrong regions.
[INFO DPO-0315] Found 0 row alignment problems.
[INFO DPO-0314] Found 0 site alignment problems.
[INFO DPO-0311] Found 0 overlaps between adjacent cells.
[INFO DPO-0312] Found 0 edge spacing violations and 0 padding violations.
Detailed Improvement Results
------------------------------------------
Original HPWL         36853776.8 u
Final HPWL            35895938.0 u
Delta HPWL                  -2.6 %

[INFO DPL-0020] Mirrored 49551 instances
[INFO DPL-0021] HPWL before          35895938.0 u
[INFO DPL-0022] HPWL after           35884006.9 u
[INFO DPL-0023] HPWL delta               -0.0 %
[INFO FLW-0012] Placement violations .
Warning: There are 45 input ports missing set_input_delay.
Warning: There are 100 output ports missing set_output_delay.
Warning: There are 2352 unconstrained endpoints.

==========================================================================
detailed place report_design_area
--------------------------------------------------------------------------
Design area 5185632 u^2 40% utilization.
Elapsed time: 9:01.32[h:]min:sec. CPU time: user 538.77 sys 2.52 (99%). Peak memory: 7629372KB.
