OpenROAD v2.0-11432-gead3236e5 
This program is licensed under the BSD-3 license. See the LICENSE file for details.
Components of this program may be licensed under more restrictive licenses which must be honored.
[INFO] Deleted 0 routing obstructions
[INFO RCX-0431] Defined process_corner X with ext_model_index 0
[INFO RCX-0029] Defined extraction corner X
[INFO RCX-0008] extracting parasitics of bsg_chip ...
[INFO RCX-0435] Reading extraction model file /home/jborg/Data/Research/DLPnR/OpenROAD-flow-scripts/flow/platforms/nangate45/rcx_patterns.rules ...
[INFO RCX-0436] RC segment generation bsg_chip (max_merge_res 50.0) ...
[INFO RCX-0040] Final 6017539 rc segments
[INFO RCX-0439] Coupling Cap extraction bsg_chip ...
[INFO RCX-0440] Coupling threshhold is 0.1000 fF, coupling capacitance less than 0.1000 fF will be grounded.
[INFO RCX-0043] 10717332 wires to be extracted
[INFO RCX-0442] 5% completion -- 546785 wires have been extracted
[INFO RCX-0442] 10% completion -- 1169407 wires have been extracted
[INFO RCX-0442] 15% completion -- 1665472 wires have been extracted
[INFO RCX-0442] 21% completion -- 2250777 wires have been extracted
[INFO RCX-0442] 26% completion -- 2846332 wires have been extracted
[INFO RCX-0442] 33% completion -- 3570664 wires have been extracted
[INFO RCX-0442] 38% completion -- 4090912 wires have been extracted
[INFO RCX-0442] 43% completion -- 4634075 wires have been extracted
[INFO RCX-0442] 48% completion -- 5212599 wires have been extracted
[INFO RCX-0442] 54% completion -- 5863316 wires have been extracted
[INFO RCX-0442] 61% completion -- 6559760 wires have been extracted
[INFO RCX-0442] 66% completion -- 7089799 wires have been extracted
[INFO RCX-0442] 71% completion -- 7690753 wires have been extracted
[INFO RCX-0442] 76% completion -- 8234311 wires have been extracted
[INFO RCX-0442] 82% completion -- 8833161 wires have been extracted
[INFO RCX-0442] 87% completion -- 9344591 wires have been extracted
[INFO RCX-0442] 91% completion -- 9843830 wires have been extracted
[INFO RCX-0442] 98% completion -- 10545541 wires have been extracted
[INFO RCX-0045] Extract 1820796 nets, 7632652 rsegs, 7632652 caps, 15636789 ccs
[INFO RCX-0015] Finished extracting bsg_chip.
[INFO RCX-0016] Writing SPEF ...
[INFO RCX-0042] 100000 nets finished
[INFO RCX-0042] 200000 nets finished
[INFO RCX-0042] 300000 nets finished
[INFO RCX-0042] 400000 nets finished
[INFO RCX-0042] 500000 nets finished
[INFO RCX-0042] 600000 nets finished
[INFO RCX-0042] 700000 nets finished
[INFO RCX-0042] 800000 nets finished
[INFO RCX-0042] 900000 nets finished
[INFO RCX-0042] 1000000 nets finished
[INFO RCX-0042] 1100000 nets finished
[INFO RCX-0042] 1200000 nets finished
[INFO RCX-0042] 1300000 nets finished
[INFO RCX-0042] 1400000 nets finished
[INFO RCX-0042] 1500000 nets finished
[INFO RCX-0042] 1600000 nets finished
[INFO RCX-0042] 1700000 nets finished
[INFO RCX-0042] 1800000 nets finished
[INFO RCX-0443] 1820796 nets finished
[INFO RCX-0017] Finished writing SPEF ...
[INFO PSM-0022] Using 1.100V for VDD
[WARNING PSM-0016] Voltage pad location (VSRC) file not specified, defaulting pad location to checkerboard pattern on core area.
[WARNING PSM-0017] X direction bump pitch is not specified, defaulting to 140um.
[WARNING PSM-0018] Y direction bump pitch is not specified, defaulting to 140um.
[WARNING PSM-0065] VSRC location not specified, using default checkerboard pattern with one VDD every size bumps in x-direction and one in two bumps in the y-direction
[INFO PSM-0076] Setting metal node density to be standard cell height times 5.
[WARNING PSM-0030] VSRC location at (119.965um, 121.100um) and size 10.000um, is not located on an existing power stripe node. Moving to closest node at (96.070um, 119.600um).
[WARNING PSM-0030] VSRC location at (959.965um, 121.100um) and size 10.000um, is not located on an existing power stripe node. Moving to closest node at (936.070um, 119.600um).
[WARNING PSM-0030] VSRC location at (1799.965um, 121.100um) and size 10.000um, is not located on an existing power stripe node. Moving to closest node at (1776.070um, 119.600um).
[WARNING PSM-0030] VSRC location at (2639.965um, 121.100um) and size 10.000um, is not located on an existing power stripe node. Moving to closest node at (2616.070um, 119.600um).
[WARNING PSM-0030] VSRC location at (3479.965um, 121.100um) and size 10.000um, is not located on an existing power stripe node. Moving to closest node at (3456.070um, 119.600um).
[WARNING PSM-0030] VSRC location at (399.965um, 261.100um) and size 10.000um, is not located on an existing power stripe node. Moving to closest node at (376.070um, 269.600um).
[WARNING PSM-0030] VSRC location at (1239.965um, 261.100um) and size 10.000um, is not located on an existing power stripe node. Moving to closest node at (1216.070um, 269.600um).
[WARNING PSM-0030] VSRC location at (2079.965um, 261.100um) and size 10.000um, is not located on an existing power stripe node. Moving to closest node at (2056.070um, 269.600um).
[WARNING PSM-0030] VSRC location at (2919.965um, 261.100um) and size 10.000um, is not located on an existing power stripe node. Moving to closest node at (2924.140um, 269.600um).
[WARNING PSM-0030] VSRC location at (679.965um, 401.100um) and size 10.000um, is not located on an existing power stripe node. Moving to closest node at (656.070um, 389.600um).
[WARNING PSM-0030] VSRC location at (1519.965um, 401.100um) and size 10.000um, is not located on an existing power stripe node. Moving to closest node at (1496.070um, 389.600um).
[WARNING PSM-0030] VSRC location at (2359.965um, 401.100um) and size 10.000um, is not located on an existing power stripe node. Moving to closest node at (2336.070um, 389.600um).
[WARNING PSM-0030] VSRC location at (3199.965um, 401.100um) and size 10.000um, is not located on an existing power stripe node. Moving to closest node at (3176.070um, 389.600um).
[WARNING PSM-0030] VSRC location at (119.965um, 541.100um) and size 10.000um, is not located on an existing power stripe node. Moving to closest node at (96.070um, 539.600um).
[WARNING PSM-0030] VSRC location at (959.965um, 541.100um) and size 10.000um, is not located on an existing power stripe node. Moving to closest node at (945.630um, 539.600um).
[WARNING PSM-0030] VSRC location at (1799.965um, 541.100um) and size 10.000um, is not located on an existing power stripe node. Moving to closest node at (1776.070um, 539.600um).
[WARNING PSM-0030] VSRC location at (2639.965um, 541.100um) and size 10.000um, is not located on an existing power stripe node. Moving to closest node at (2616.070um, 539.600um).
[WARNING PSM-0030] VSRC location at (3479.965um, 541.100um) and size 10.000um, is not located on an existing power stripe node. Moving to closest node at (3456.070um, 539.600um).
[WARNING PSM-0030] VSRC location at (399.965um, 681.100um) and size 10.000um, is not located on an existing power stripe node. Moving to closest node at (397.920um, 689.600um).
[WARNING PSM-0030] VSRC location at (1239.965um, 681.100um) and size 10.000um, is not located on an existing power stripe node. Moving to closest node at (1216.070um, 689.600um).
[WARNING PSM-0030] VSRC location at (2079.965um, 681.100um) and size 10.000um, is not located on an existing power stripe node. Moving to closest node at (2056.070um, 689.600um).
[WARNING PSM-0030] VSRC location at (2919.965um, 681.100um) and size 10.000um, is not located on an existing power stripe node. Moving to closest node at (2924.140um, 689.600um).
[WARNING PSM-0030] VSRC location at (679.965um, 821.100um) and size 10.000um, is not located on an existing power stripe node. Moving to closest node at (656.070um, 809.600um).
[WARNING PSM-0030] VSRC location at (1519.965um, 821.100um) and size 10.000um, is not located on an existing power stripe node. Moving to closest node at (1513.130um, 839.600um).
[WARNING PSM-0030] VSRC location at (2359.965um, 821.100um) and size 10.000um, is not located on an existing power stripe node. Moving to closest node at (2356.430um, 839.600um).
[WARNING PSM-0030] VSRC location at (3199.965um, 821.100um) and size 10.000um, is not located on an existing power stripe node. Moving to closest node at (3176.070um, 809.600um).
[WARNING PSM-0030] VSRC location at (119.965um, 961.100um) and size 10.000um, is not located on an existing power stripe node. Moving to closest node at (96.070um, 959.600um).
[WARNING PSM-0030] VSRC location at (959.965um, 961.100um) and size 10.000um, is not located on an existing power stripe node. Moving to closest node at (936.070um, 959.600um).
[WARNING PSM-0030] VSRC location at (399.965um, 1101.100um) and size 10.000um, is not located on an existing power stripe node. Moving to closest node at (376.070um, 1109.600um).
[WARNING PSM-0030] VSRC location at (1239.965um, 1101.100um) and size 10.000um, is not located on an existing power stripe node. Moving to closest node at (1216.070um, 1109.600um).
[WARNING PSM-0030] VSRC location at (2079.965um, 1101.100um) and size 10.000um, is not located on an existing power stripe node. Moving to closest node at (2056.070um, 1109.600um).
[WARNING PSM-0030] VSRC location at (2919.965um, 1101.100um) and size 10.000um, is not located on an existing power stripe node. Moving to closest node at (2896.070um, 1109.600um).
[WARNING PSM-0030] VSRC location at (679.965um, 1241.100um) and size 10.000um, is not located on an existing power stripe node. Moving to closest node at (656.070um, 1229.600um).
[WARNING PSM-0030] VSRC location at (1519.965um, 1241.100um) and size 10.000um, is not located on an existing power stripe node. Moving to closest node at (1496.070um, 1229.600um).
[WARNING PSM-0030] VSRC location at (2359.965um, 1241.100um) and size 10.000um, is not located on an existing power stripe node. Moving to closest node at (2336.070um, 1229.600um).
[WARNING PSM-0030] VSRC location at (3199.965um, 1241.100um) and size 10.000um, is not located on an existing power stripe node. Moving to closest node at (3176.070um, 1229.600um).
[WARNING PSM-0030] VSRC location at (119.965um, 1381.100um) and size 10.000um, is not located on an existing power stripe node. Moving to closest node at (96.070um, 1379.600um).
[WARNING PSM-0030] VSRC location at (959.965um, 1381.100um) and size 10.000um, is not located on an existing power stripe node. Moving to closest node at (936.070um, 1379.600um).
[WARNING PSM-0030] VSRC location at (399.965um, 1521.100um) and size 10.000um, is not located on an existing power stripe node. Moving to closest node at (376.070um, 1529.600um).
[WARNING PSM-0030] VSRC location at (1239.965um, 1521.100um) and size 10.000um, is not located on an existing power stripe node. Moving to closest node at (1216.070um, 1529.600um).
[WARNING PSM-0030] VSRC location at (2079.965um, 1521.100um) and size 10.000um, is not located on an existing power stripe node. Moving to closest node at (2056.070um, 1529.600um).
[WARNING PSM-0030] VSRC location at (2919.965um, 1521.100um) and size 10.000um, is not located on an existing power stripe node. Moving to closest node at (2896.070um, 1529.600um).
[WARNING PSM-0030] VSRC location at (679.965um, 1661.100um) and size 10.000um, is not located on an existing power stripe node. Moving to closest node at (656.070um, 1649.600um).
[WARNING PSM-0030] VSRC location at (1519.965um, 1661.100um) and size 10.000um, is not located on an existing power stripe node. Moving to closest node at (1496.070um, 1649.600um).
[WARNING PSM-0030] VSRC location at (2359.965um, 1661.100um) and size 10.000um, is not located on an existing power stripe node. Moving to closest node at (2336.070um, 1649.600um).
[WARNING PSM-0030] VSRC location at (3199.965um, 1661.100um) and size 10.000um, is not located on an existing power stripe node. Moving to closest node at (3176.070um, 1649.600um).
[WARNING PSM-0030] VSRC location at (959.965um, 1801.100um) and size 10.000um, is not located on an existing power stripe node. Moving to closest node at (936.070um, 1799.600um).
[WARNING PSM-0030] VSRC location at (3479.965um, 1801.100um) and size 10.000um, is not located on an existing power stripe node. Moving to closest node at (3456.070um, 1799.600um).
[WARNING PSM-0030] VSRC location at (399.965um, 1941.100um) and size 10.000um, is not located on an existing power stripe node. Moving to closest node at (402.210um, 1949.600um).
[WARNING PSM-0030] VSRC location at (1239.965um, 1941.100um) and size 10.000um, is not located on an existing power stripe node. Moving to closest node at (1236.855um, 1949.600um).
[WARNING PSM-0030] VSRC location at (2079.965um, 1941.100um) and size 10.000um, is not located on an existing power stripe node. Moving to closest node at (2056.070um, 1949.600um).
[WARNING PSM-0030] VSRC location at (2919.965um, 1941.100um) and size 10.000um, is not located on an existing power stripe node. Moving to closest node at (2922.230um, 1949.600um).
[WARNING PSM-0030] VSRC location at (679.965um, 2081.100um) and size 10.000um, is not located on an existing power stripe node. Moving to closest node at (656.070um, 2069.600um).
[WARNING PSM-0030] VSRC location at (1519.965um, 2081.100um) and size 10.000um, is not located on an existing power stripe node. Moving to closest node at (1496.070um, 2069.600um).
[WARNING PSM-0030] VSRC location at (2359.965um, 2081.100um) and size 10.000um, is not located on an existing power stripe node. Moving to closest node at (2336.070um, 2069.600um).
[WARNING PSM-0030] VSRC location at (3199.965um, 2081.100um) and size 10.000um, is not located on an existing power stripe node. Moving to closest node at (3176.070um, 2069.600um).
[WARNING PSM-0030] VSRC location at (119.965um, 2221.100um) and size 10.000um, is not located on an existing power stripe node. Moving to closest node at (97.070um, 2219.600um).
[WARNING PSM-0030] VSRC location at (959.965um, 2221.100um) and size 10.000um, is not located on an existing power stripe node. Moving to closest node at (936.070um, 2219.600um).
[WARNING PSM-0030] VSRC location at (1799.965um, 2221.100um) and size 10.000um, is not located on an existing power stripe node. Moving to closest node at (1776.070um, 2219.600um).
[WARNING PSM-0030] VSRC location at (2639.965um, 2221.100um) and size 10.000um, is not located on an existing power stripe node. Moving to closest node at (2616.070um, 2219.600um).
[WARNING PSM-0030] VSRC location at (3479.965um, 2221.100um) and size 10.000um, is not located on an existing power stripe node. Moving to closest node at (3456.070um, 2219.600um).
[WARNING PSM-0030] VSRC location at (399.965um, 2361.100um) and size 10.000um, is not located on an existing power stripe node. Moving to closest node at (397.730um, 2369.600um).
[WARNING PSM-0030] VSRC location at (1239.965um, 2361.100um) and size 10.000um, is not located on an existing power stripe node. Moving to closest node at (1216.070um, 2369.600um).
[WARNING PSM-0030] VSRC location at (2079.965um, 2361.100um) and size 10.000um, is not located on an existing power stripe node. Moving to closest node at (2056.070um, 2369.600um).
[WARNING PSM-0030] VSRC location at (2919.965um, 2361.100um) and size 10.000um, is not located on an existing power stripe node. Moving to closest node at (2896.070um, 2369.600um).
[WARNING PSM-0030] VSRC location at (679.965um, 2501.100um) and size 10.000um, is not located on an existing power stripe node. Moving to closest node at (656.070um, 2489.600um).
[WARNING PSM-0030] VSRC location at (1519.965um, 2501.100um) and size 10.000um, is not located on an existing power stripe node. Moving to closest node at (1496.070um, 2489.600um).
[WARNING PSM-0030] VSRC location at (2359.965um, 2501.100um) and size 10.000um, is not located on an existing power stripe node. Moving to closest node at (2336.070um, 2489.600um).
[WARNING PSM-0030] VSRC location at (3199.965um, 2501.100um) and size 10.000um, is not located on an existing power stripe node. Moving to closest node at (3176.070um, 2489.600um).
[WARNING PSM-0030] VSRC location at (119.965um, 2641.100um) and size 10.000um, is not located on an existing power stripe node. Moving to closest node at (96.070um, 2639.600um).
[WARNING PSM-0030] VSRC location at (959.965um, 2641.100um) and size 10.000um, is not located on an existing power stripe node. Moving to closest node at (936.070um, 2639.600um).
[WARNING PSM-0030] VSRC location at (2639.965um, 2641.100um) and size 10.000um, is not located on an existing power stripe node. Moving to closest node at (2616.070um, 2639.600um).
[WARNING PSM-0030] VSRC location at (3479.965um, 2641.100um) and size 10.000um, is not located on an existing power stripe node. Moving to closest node at (3456.070um, 2639.600um).
[WARNING PSM-0030] VSRC location at (399.965um, 2781.100um) and size 10.000um, is not located on an existing power stripe node. Moving to closest node at (376.070um, 2777.670um).
[WARNING PSM-0030] VSRC location at (1239.965um, 2781.100um) and size 10.000um, is not located on an existing power stripe node. Moving to closest node at (1216.070um, 2777.670um).
[WARNING PSM-0030] VSRC location at (2079.965um, 2781.100um) and size 10.000um, is not located on an existing power stripe node. Moving to closest node at (2056.070um, 2777.670um).
[WARNING PSM-0030] VSRC location at (679.965um, 2921.100um) and size 10.000um, is not located on an existing power stripe node. Moving to closest node at (656.070um, 2927.270um).
[WARNING PSM-0030] VSRC location at (1519.965um, 2921.100um) and size 10.000um, is not located on an existing power stripe node. Moving to closest node at (1496.070um, 2927.270um).
[WARNING PSM-0030] VSRC location at (2359.965um, 2921.100um) and size 10.000um, is not located on an existing power stripe node. Moving to closest node at (2359.095um, 2927.270um).
[WARNING PSM-0030] VSRC location at (3199.965um, 2921.100um) and size 10.000um, is not located on an existing power stripe node. Moving to closest node at (3176.070um, 2927.270um).
[WARNING PSM-0030] VSRC location at (959.965um, 3061.100um) and size 10.000um, is not located on an existing power stripe node. Moving to closest node at (936.070um, 3059.600um).
[WARNING PSM-0030] VSRC location at (2639.965um, 3061.100um) and size 10.000um, is not located on an existing power stripe node. Moving to closest node at (2616.070um, 3059.600um).
[WARNING PSM-0030] VSRC location at (3479.965um, 3061.100um) and size 10.000um, is not located on an existing power stripe node. Moving to closest node at (3456.070um, 3059.600um).
[WARNING PSM-0030] VSRC location at (399.965um, 3201.100um) and size 10.000um, is not located on an existing power stripe node. Moving to closest node at (376.070um, 3209.600um).
[WARNING PSM-0030] VSRC location at (1239.965um, 3201.100um) and size 10.000um, is not located on an existing power stripe node. Moving to closest node at (1243.510um, 3209.600um).
[WARNING PSM-0030] VSRC location at (2079.965um, 3201.100um) and size 10.000um, is not located on an existing power stripe node. Moving to closest node at (2077.285um, 3179.600um).
[WARNING PSM-0030] VSRC location at (2919.965um, 3201.100um) and size 10.000um, is not located on an existing power stripe node. Moving to closest node at (2924.140um, 3209.600um).
[WARNING PSM-0030] VSRC location at (679.965um, 3341.100um) and size 10.000um, is not located on an existing power stripe node. Moving to closest node at (656.070um, 3329.600um).
[WARNING PSM-0030] VSRC location at (1519.965um, 3341.100um) and size 10.000um, is not located on an existing power stripe node. Moving to closest node at (1496.070um, 3329.600um).
[WARNING PSM-0030] VSRC location at (2359.965um, 3341.100um) and size 10.000um, is not located on an existing power stripe node. Moving to closest node at (2376.035um, 3329.600um).
[WARNING PSM-0030] VSRC location at (3199.965um, 3341.100um) and size 10.000um, is not located on an existing power stripe node. Moving to closest node at (3176.070um, 3329.600um).
[WARNING PSM-0030] VSRC location at (1799.965um, 3481.100um) and size 10.000um, is not located on an existing power stripe node. Moving to closest node at (1776.070um, 3479.600um).
[WARNING PSM-0030] VSRC location at (2639.965um, 3481.100um) and size 10.000um, is not located on an existing power stripe node. Moving to closest node at (2616.070um, 3479.600um).
[WARNING PSM-0030] VSRC location at (3479.965um, 3481.100um) and size 10.000um, is not located on an existing power stripe node. Moving to closest node at (3456.070um, 3479.600um).
[INFO PSM-0031] Number of PDN nodes on net VDD = 946719.
[INFO PSM-0064] Number of voltage sources = 109.
[INFO PSM-0040] All PDN stripes on net VDD are connected.
########## IR report #################
Corner: default
Worstcase voltage: 1.03e+00 V
Average IR drop  : 3.93e-02 V
Worstcase IR drop: 7.02e-02 V
######################################
[INFO PSM-0022] Using 0.000V for VSS
[WARNING PSM-0016] Voltage pad location (VSRC) file not specified, defaulting pad location to checkerboard pattern on core area.
[WARNING PSM-0017] X direction bump pitch is not specified, defaulting to 140um.
[WARNING PSM-0018] Y direction bump pitch is not specified, defaulting to 140um.
[WARNING PSM-0065] VSRC location not specified, using default checkerboard pattern with one VDD every size bumps in x-direction and one in two bumps in the y-direction
[INFO PSM-0076] Setting metal node density to be standard cell height times 5.
[WARNING PSM-0030] VSRC location at (119.965um, 121.100um) and size 10.000um, is not located on an existing power stripe node. Moving to closest node at (124.070um, 134.600um).
[WARNING PSM-0030] VSRC location at (959.965um, 121.100um) and size 10.000um, is not located on an existing power stripe node. Moving to closest node at (964.070um, 134.600um).
[WARNING PSM-0030] VSRC location at (1799.965um, 121.100um) and size 10.000um, is not located on an existing power stripe node. Moving to closest node at (1804.070um, 134.600um).
[WARNING PSM-0030] VSRC location at (2639.965um, 121.100um) and size 10.000um, is not located on an existing power stripe node. Moving to closest node at (2644.070um, 134.600um).
[WARNING PSM-0030] VSRC location at (3479.965um, 121.100um) and size 10.000um, is not located on an existing power stripe node. Moving to closest node at (3484.070um, 134.600um).
[WARNING PSM-0030] VSRC location at (399.965um, 261.100um) and size 10.000um, is not located on an existing power stripe node. Moving to closest node at (404.070um, 254.600um).
[WARNING PSM-0030] VSRC location at (1239.965um, 261.100um) and size 10.000um, is not located on an existing power stripe node. Moving to closest node at (1244.070um, 254.600um).
[WARNING PSM-0030] VSRC location at (2079.965um, 261.100um) and size 10.000um, is not located on an existing power stripe node. Moving to closest node at (2084.070um, 254.600um).
[WARNING PSM-0030] VSRC location at (2919.965um, 261.100um) and size 10.000um, is not located on an existing power stripe node. Moving to closest node at (2919.140um, 254.600um).
[WARNING PSM-0030] VSRC location at (119.965um, 541.100um) and size 10.000um, is not located on an existing power stripe node. Moving to closest node at (124.070um, 554.600um).
[WARNING PSM-0030] VSRC location at (959.965um, 541.100um) and size 10.000um, is not located on an existing power stripe node. Moving to closest node at (964.070um, 554.600um).
[WARNING PSM-0030] VSRC location at (1799.965um, 541.100um) and size 10.000um, is not located on an existing power stripe node. Moving to closest node at (1804.070um, 554.600um).
[WARNING PSM-0030] VSRC location at (2639.965um, 541.100um) and size 10.000um, is not located on an existing power stripe node. Moving to closest node at (2644.070um, 554.600um).
[WARNING PSM-0030] VSRC location at (3479.965um, 541.100um) and size 10.000um, is not located on an existing power stripe node. Moving to closest node at (3484.070um, 546.470um).
[WARNING PSM-0030] VSRC location at (399.965um, 681.100um) and size 10.000um, is not located on an existing power stripe node. Moving to closest node at (402.920um, 674.600um).
[WARNING PSM-0030] VSRC location at (1239.965um, 681.100um) and size 10.000um, is not located on an existing power stripe node. Moving to closest node at (1244.070um, 674.600um).
[WARNING PSM-0030] VSRC location at (2079.965um, 681.100um) and size 10.000um, is not located on an existing power stripe node. Moving to closest node at (2084.070um, 674.600um).
[WARNING PSM-0030] VSRC location at (2919.965um, 681.100um) and size 10.000um, is not located on an existing power stripe node. Moving to closest node at (2924.070um, 674.600um).
[WARNING PSM-0030] VSRC location at (119.965um, 961.100um) and size 10.000um, is not located on an existing power stripe node. Moving to closest node at (122.070um, 974.600um).
[WARNING PSM-0030] VSRC location at (959.965um, 961.100um) and size 10.000um, is not located on an existing power stripe node. Moving to closest node at (964.070um, 974.600um).
[WARNING PSM-0030] VSRC location at (1799.965um, 961.100um) and size 10.000um, is not located on an existing power stripe node. Moving to closest node at (1802.060um, 974.600um).
[WARNING PSM-0030] VSRC location at (2639.965um, 961.100um) and size 10.000um, is not located on an existing power stripe node. Moving to closest node at (2636.570um, 974.600um).
[WARNING PSM-0030] VSRC location at (3479.965um, 961.100um) and size 10.000um, is not located on an existing power stripe node. Moving to closest node at (3482.900um, 974.600um).
[WARNING PSM-0030] VSRC location at (399.965um, 1101.100um) and size 10.000um, is not located on an existing power stripe node. Moving to closest node at (404.070um, 1094.600um).
[WARNING PSM-0030] VSRC location at (1239.965um, 1101.100um) and size 10.000um, is not located on an existing power stripe node. Moving to closest node at (1244.070um, 1094.600um).
[WARNING PSM-0030] VSRC location at (2079.965um, 1101.100um) and size 10.000um, is not located on an existing power stripe node. Moving to closest node at (2084.070um, 1094.600um).
[WARNING PSM-0030] VSRC location at (2919.965um, 1101.100um) and size 10.000um, is not located on an existing power stripe node. Moving to closest node at (2924.070um, 1094.600um).
[WARNING PSM-0030] VSRC location at (119.965um, 1381.100um) and size 10.000um, is not located on an existing power stripe node. Moving to closest node at (124.070um, 1394.600um).
[WARNING PSM-0030] VSRC location at (959.965um, 1381.100um) and size 10.000um, is not located on an existing power stripe node. Moving to closest node at (964.070um, 1394.600um).
[WARNING PSM-0030] VSRC location at (1799.965um, 1381.100um) and size 10.000um, is not located on an existing power stripe node. Moving to closest node at (1802.060um, 1394.600um).
[WARNING PSM-0030] VSRC location at (2639.965um, 1381.100um) and size 10.000um, is not located on an existing power stripe node. Moving to closest node at (2636.570um, 1394.600um).
[WARNING PSM-0030] VSRC location at (3479.965um, 1381.100um) and size 10.000um, is not located on an existing power stripe node. Moving to closest node at (3480.265um, 1394.600um).
[WARNING PSM-0030] VSRC location at (399.965um, 1521.100um) and size 10.000um, is not located on an existing power stripe node. Moving to closest node at (404.070um, 1514.600um).
[WARNING PSM-0030] VSRC location at (1239.965um, 1521.100um) and size 10.000um, is not located on an existing power stripe node. Moving to closest node at (1244.070um, 1514.600um).
[WARNING PSM-0030] VSRC location at (2079.965um, 1521.100um) and size 10.000um, is not located on an existing power stripe node. Moving to closest node at (2084.070um, 1514.600um).
[WARNING PSM-0030] VSRC location at (2919.965um, 1521.100um) and size 10.000um, is not located on an existing power stripe node. Moving to closest node at (2924.070um, 1514.600um).
[WARNING PSM-0030] VSRC location at (119.965um, 1801.100um) and size 10.000um, is not located on an existing power stripe node. Moving to closest node at (122.070um, 1814.600um).
[WARNING PSM-0030] VSRC location at (959.965um, 1801.100um) and size 10.000um, is not located on an existing power stripe node. Moving to closest node at (964.070um, 1814.600um).
[WARNING PSM-0030] VSRC location at (1799.965um, 1801.100um) and size 10.000um, is not located on an existing power stripe node. Moving to closest node at (1804.070um, 1814.600um).
[WARNING PSM-0030] VSRC location at (2639.965um, 1801.100um) and size 10.000um, is not located on an existing power stripe node. Moving to closest node at (2636.570um, 1814.600um).
[WARNING PSM-0030] VSRC location at (3479.965um, 1801.100um) and size 10.000um, is not located on an existing power stripe node. Moving to closest node at (3484.070um, 1814.600um).
[WARNING PSM-0030] VSRC location at (399.965um, 1941.100um) and size 10.000um, is not located on an existing power stripe node. Moving to closest node at (397.210um, 1934.600um).
[WARNING PSM-0030] VSRC location at (1239.965um, 1941.100um) and size 10.000um, is not located on an existing power stripe node. Moving to closest node at (1236.015um, 1934.600um).
[WARNING PSM-0030] VSRC location at (2079.965um, 1941.100um) and size 10.000um, is not located on an existing power stripe node. Moving to closest node at (2084.070um, 1934.600um).
[WARNING PSM-0030] VSRC location at (2919.965um, 1941.100um) and size 10.000um, is not located on an existing power stripe node. Moving to closest node at (2917.230um, 1934.600um).
[WARNING PSM-0030] VSRC location at (119.965um, 2221.100um) and size 10.000um, is not located on an existing power stripe node. Moving to closest node at (120.160um, 2234.600um).
[WARNING PSM-0030] VSRC location at (959.965um, 2221.100um) and size 10.000um, is not located on an existing power stripe node. Moving to closest node at (964.070um, 2234.600um).
[WARNING PSM-0030] VSRC location at (1799.965um, 2221.100um) and size 10.000um, is not located on an existing power stripe node. Moving to closest node at (1804.070um, 2234.600um).
[WARNING PSM-0030] VSRC location at (2639.965um, 2221.100um) and size 10.000um, is not located on an existing power stripe node. Moving to closest node at (2644.070um, 2234.600um).
[WARNING PSM-0030] VSRC location at (3479.965um, 2221.100um) and size 10.000um, is not located on an existing power stripe node. Moving to closest node at (3484.070um, 2234.600um).
[WARNING PSM-0030] VSRC location at (399.965um, 2361.100um) and size 10.000um, is not located on an existing power stripe node. Moving to closest node at (404.070um, 2354.600um).
[WARNING PSM-0030] VSRC location at (1239.965um, 2361.100um) and size 10.000um, is not located on an existing power stripe node. Moving to closest node at (1244.070um, 2354.600um).
[WARNING PSM-0030] VSRC location at (2079.965um, 2361.100um) and size 10.000um, is not located on an existing power stripe node. Moving to closest node at (2084.070um, 2354.600um).
[WARNING PSM-0030] VSRC location at (2919.965um, 2361.100um) and size 10.000um, is not located on an existing power stripe node. Moving to closest node at (2924.070um, 2354.600um).
[WARNING PSM-0030] VSRC location at (959.965um, 2641.100um) and size 10.000um, is not located on an existing power stripe node. Moving to closest node at (964.070um, 2654.600um).
[WARNING PSM-0030] VSRC location at (1799.965um, 2641.100um) and size 10.000um, is not located on an existing power stripe node. Moving to closest node at (1804.070um, 2654.600um).
[WARNING PSM-0030] VSRC location at (2639.965um, 2641.100um) and size 10.000um, is not located on an existing power stripe node. Moving to closest node at (2644.070um, 2654.600um).
[WARNING PSM-0030] VSRC location at (3479.965um, 2641.100um) and size 10.000um, is not located on an existing power stripe node. Moving to closest node at (3484.070um, 2654.600um).
[WARNING PSM-0030] VSRC location at (399.965um, 2781.100um) and size 10.000um, is not located on an existing power stripe node. Moving to closest node at (404.070um, 2774.600um).
[WARNING PSM-0030] VSRC location at (1239.965um, 2781.100um) and size 10.000um, is not located on an existing power stripe node. Moving to closest node at (1244.070um, 2774.600um).
[WARNING PSM-0030] VSRC location at (2079.965um, 2781.100um) and size 10.000um, is not located on an existing power stripe node. Moving to closest node at (2084.070um, 2774.600um).
[WARNING PSM-0030] VSRC location at (2919.965um, 2781.100um) and size 10.000um, is not located on an existing power stripe node. Moving to closest node at (2919.140um, 2774.600um).
[WARNING PSM-0030] VSRC location at (119.965um, 3061.100um) and size 10.000um, is not located on an existing power stripe node. Moving to closest node at (116.550um, 3074.600um).
[WARNING PSM-0030] VSRC location at (959.965um, 3061.100um) and size 10.000um, is not located on an existing power stripe node. Moving to closest node at (964.070um, 3074.600um).
[WARNING PSM-0030] VSRC location at (1799.965um, 3061.100um) and size 10.000um, is not located on an existing power stripe node. Moving to closest node at (1804.070um, 3074.600um).
[WARNING PSM-0030] VSRC location at (2639.965um, 3061.100um) and size 10.000um, is not located on an existing power stripe node. Moving to closest node at (2644.070um, 3056.070um).
[WARNING PSM-0030] VSRC location at (3479.965um, 3061.100um) and size 10.000um, is not located on an existing power stripe node. Moving to closest node at (3484.070um, 3074.600um).
[WARNING PSM-0030] VSRC location at (399.965um, 3201.100um) and size 10.000um, is not located on an existing power stripe node. Moving to closest node at (404.070um, 3194.600um).
[WARNING PSM-0030] VSRC location at (1239.965um, 3201.100um) and size 10.000um, is not located on an existing power stripe node. Moving to closest node at (1244.070um, 3194.600um).
[WARNING PSM-0030] VSRC location at (2919.965um, 3201.100um) and size 10.000um, is not located on an existing power stripe node. Moving to closest node at (2924.070um, 3194.600um).
[WARNING PSM-0030] VSRC location at (119.965um, 3481.100um) and size 10.000um, is not located on an existing power stripe node. Moving to closest node at (122.070um, 3494.600um).
[WARNING PSM-0030] VSRC location at (959.965um, 3481.100um) and size 10.000um, is not located on an existing power stripe node. Moving to closest node at (964.920um, 3494.600um).
[WARNING PSM-0030] VSRC location at (1799.965um, 3481.100um) and size 10.000um, is not located on an existing power stripe node. Moving to closest node at (1804.070um, 3494.600um).
[WARNING PSM-0030] VSRC location at (2639.965um, 3481.100um) and size 10.000um, is not located on an existing power stripe node. Moving to closest node at (2644.070um, 3494.600um).
[WARNING PSM-0030] VSRC location at (3479.965um, 3481.100um) and size 10.000um, is not located on an existing power stripe node. Moving to closest node at (3484.070um, 3494.600um).
[INFO PSM-0031] Number of PDN nodes on net VSS = 943545.
[INFO PSM-0064] Number of voltage sources = 109.
[INFO PSM-0040] All PDN stripes on net VSS are connected.
########## IR report #################
Corner: default
Worstcase voltage: 8.30e-02 V
Average IR drop  : 4.04e-02 V
Worstcase IR drop: 8.30e-02 V
######################################
Warning: There are 45 input ports missing set_input_delay.
Warning: There are 100 output ports missing set_output_delay.
Warning: There are 2352 unconstrained endpoints.

==========================================================================
finish report_design_area
--------------------------------------------------------------------------
Design area 5627274 u^2 44% utilization.
Elapsed time: 7:43:55[h:]min:sec. CPU time: user 27829.35 sys 9.01 (100%). Peak memory: 20650528KB.
