OpenROAD autotuner-v1-2861-g832b18e7 
This program is licensed under the BSD-3 license. See the LICENSE file for details.
Components of this program may be licensed under more restrictive licenses which must be honored.
[INFO] Deleted 0 routing obstructions
[INFO RCX-0431] Defined process_corner X with ext_model_index 0
[INFO RCX-0029] Defined extraction corner X
[INFO RCX-0008] extracting parasitics of riscv ...
[INFO RCX-0435] Reading extraction model file /home/jborg/Data/Research/DLPnR/OpenROAD-flow-scripts/flow/platforms/sky130hs/rcx_patterns.rules ...
[INFO RCX-0436] RC segment generation riscv (max_merge_res 50.0) ...
[INFO RCX-0040] Final 34530 rc segments
[INFO RCX-0439] Coupling Cap extraction riscv ...
[INFO RCX-0440] Coupling threshhold is 0.1000 fF, coupling capacitance less than 0.1000 fF will be grounded.
[INFO RCX-0043] 75458 wires to be extracted
[INFO RCX-0442] 50% completion -- 38006 wires have been extracted
[INFO RCX-0442] 100% completion -- 75458 wires have been extracted
[INFO RCX-0045] Extract 6984 nets, 41482 rsegs, 41482 caps, 88823 ccs
[INFO RCX-0015] Finished extracting riscv.
[INFO RCX-0016] Writing SPEF ...
[INFO RCX-0443] 6984 nets finished
[INFO RCX-0017] Finished writing SPEF ...
[INFO PSM-0022] Using 1.800V for VDD
[WARNING PSM-0016] Voltage pad location (VSRC) file not specified, defaulting pad location to checkerboard pattern on core area.
[WARNING PSM-0017] X direction bump pitch is not specified, defaulting to 140um.
[WARNING PSM-0018] Y direction bump pitch is not specified, defaulting to 140um.
[WARNING PSM-0065] VSRC location not specified, using default checkerboard pattern with one VDD every size bumps in x-direction and one in two bumps in the y-direction
[INFO PSM-0076] Setting metal node density to be standard cell height times 5.
[WARNING PSM-0030] VSRC location at (79.360um, 79.780um) and size 10.000um, is not located on an existing power stripe node. Moving to closest node at (82.860um, 84.930um).
[WARNING PSM-0030] VSRC location at (359.360um, 219.780um) and size 10.000um, is not located on an existing power stripe node. Moving to closest node at (354.260um, 220.930um).
[INFO PSM-0031] Number of PDN nodes on net VDD = 10032.
[INFO PSM-0064] Number of voltage sources = 2.
[INFO PSM-0040] All PDN stripes on net VDD are connected.
########## IR report #################
Corner: default
Worstcase voltage: 1.79e+00 V
Average IR drop  : 6.30e-03 V
Worstcase IR drop: 8.42e-03 V
######################################
[INFO PSM-0022] Using 0.000V for VSS
[WARNING PSM-0016] Voltage pad location (VSRC) file not specified, defaulting pad location to checkerboard pattern on core area.
[WARNING PSM-0017] X direction bump pitch is not specified, defaulting to 140um.
[WARNING PSM-0018] Y direction bump pitch is not specified, defaulting to 140um.
[WARNING PSM-0065] VSRC location not specified, using default checkerboard pattern with one VDD every size bumps in x-direction and one in two bumps in the y-direction
[INFO PSM-0076] Setting metal node density to be standard cell height times 5.
[WARNING PSM-0030] VSRC location at (79.360um, 79.780um) and size 10.000um, is not located on an existing power stripe node. Moving to closest node at (69.290um, 71.330um).
[WARNING PSM-0030] VSRC location at (359.360um, 219.780um) and size 10.000um, is not located on an existing power stripe node. Moving to closest node at (367.830um, 207.330um).
[INFO PSM-0031] Number of PDN nodes on net VSS = 10146.
[INFO PSM-0064] Number of voltage sources = 2.
[INFO PSM-0040] All PDN stripes on net VSS are connected.
########## IR report #################
Corner: default
Worstcase voltage: 9.10e-03 V
Average IR drop  : 6.78e-03 V
Worstcase IR drop: 9.10e-03 V
######################################

==========================================================================
finish check_setup
--------------------------------------------------------------------------
Warning: There are 65 input ports missing set_input_delay.
Warning: There are 3 unconstrained endpoints.

==========================================================================
finish report_tns
--------------------------------------------------------------------------
tns 0.00

==========================================================================
finish report_wns
--------------------------------------------------------------------------
wns 0.00

==========================================================================
finish report_worst_slack
--------------------------------------------------------------------------
worst slack 0.43

==========================================================================
finish report_clock_skew
--------------------------------------------------------------------------
Clock clk
Latency      CRPR       Skew
_12583_/CLK ^
   0.90
_12744_/CLK ^
   0.52      0.00       0.38


==========================================================================
finish report_checks -path_delay min
--------------------------------------------------------------------------
Startpoint: _12676_ (rising edge-triggered flip-flop clocked by clk)
Endpoint: _12676_ (rising edge-triggered flip-flop clocked by clk)
Path Group: clk
Path Type: min

Fanout     Cap    Slew   Delay    Time   Description
-----------------------------------------------------------------------------
                          0.00    0.00   clock clk (rise edge)
                          0.00    0.00   clock source latency
     1    0.07    0.00    0.00    0.00 ^ clk (in)
                                         clk (net)
                  0.01    0.00    0.00 ^ clkbuf_0_clk/A (sky130_fd_sc_hs__clkbuf_4)
     5    0.09    0.19    0.21    0.21 ^ clkbuf_0_clk/X (sky130_fd_sc_hs__clkbuf_4)
                                         clknet_0_clk (net)
                  0.19    0.01    0.22 ^ clkbuf_2_1__f_clk/A (sky130_fd_sc_hs__clkbuf_4)
    11    0.12    0.24    0.29    0.51 ^ clkbuf_2_1__f_clk/X (sky130_fd_sc_hs__clkbuf_4)
                                         clknet_2_1__leaf_clk (net)
                  0.24    0.01    0.52 ^ clkbuf_leaf_28_clk/A (sky130_fd_sc_hs__clkbuf_4)
    28    0.13    0.26    0.32    0.84 ^ clkbuf_leaf_28_clk/X (sky130_fd_sc_hs__clkbuf_4)
                                         clknet_leaf_28_clk (net)
                  0.26    0.00    0.84 ^ _12676_/CLK (sky130_fd_sc_hs__dfxtp_1)
     2    0.01    0.05    0.24    1.08 ^ _12676_/Q (sky130_fd_sc_hs__dfxtp_1)
                                         dp.rf.rf[0][11] (net)
                  0.05    0.00    1.08 ^ _12676_/D (sky130_fd_sc_hs__dfxtp_1)
                                  1.08   data arrival time

                          0.00    0.00   clock clk (rise edge)
                          0.00    0.00   clock source latency
     1    0.07    0.00    0.00    0.00 ^ clk (in)
                                         clk (net)
                  0.01    0.00    0.00 ^ clkbuf_0_clk/A (sky130_fd_sc_hs__clkbuf_4)
     5    0.09    0.19    0.21    0.21 ^ clkbuf_0_clk/X (sky130_fd_sc_hs__clkbuf_4)
                                         clknet_0_clk (net)
                  0.19    0.01    0.22 ^ clkbuf_2_1__f_clk/A (sky130_fd_sc_hs__clkbuf_4)
    11    0.12    0.24    0.29    0.51 ^ clkbuf_2_1__f_clk/X (sky130_fd_sc_hs__clkbuf_4)
                                         clknet_2_1__leaf_clk (net)
                  0.24    0.01    0.52 ^ clkbuf_leaf_28_clk/A (sky130_fd_sc_hs__clkbuf_4)
    28    0.13    0.26    0.32    0.84 ^ clkbuf_leaf_28_clk/X (sky130_fd_sc_hs__clkbuf_4)
                                         clknet_leaf_28_clk (net)
                  0.26    0.00    0.84 ^ _12676_/CLK (sky130_fd_sc_hs__dfxtp_1)
                          0.00    0.84   clock reconvergence pessimism
                          0.01    0.85   library hold time
                                  0.85   data required time
-----------------------------------------------------------------------------
                                  0.85   data required time
                                 -1.08   data arrival time
-----------------------------------------------------------------------------
                                  0.23   slack (MET)



==========================================================================
finish report_checks -path_delay max
--------------------------------------------------------------------------
Startpoint: _12186_ (rising edge-triggered flip-flop clocked by clk)
Endpoint: aluout[0] (output port clocked by clk)
Path Group: clk
Path Type: max

Fanout     Cap    Slew   Delay    Time   Description
-----------------------------------------------------------------------------
                          0.00    0.00   clock clk (rise edge)
                          0.00    0.00   clock source latency
     1    0.07    0.00    0.00    0.00 ^ clk (in)
                                         clk (net)
                  0.01    0.00    0.00 ^ clkbuf_0_clk/A (sky130_fd_sc_hs__clkbuf_4)
     5    0.09    0.19    0.21    0.21 ^ clkbuf_0_clk/X (sky130_fd_sc_hs__clkbuf_4)
                                         clknet_0_clk (net)
                  0.19    0.00    0.21 ^ clkbuf_2_2__f_clk/A (sky130_fd_sc_hs__clkbuf_4)
    11    0.14    0.28    0.32    0.53 ^ clkbuf_2_2__f_clk/X (sky130_fd_sc_hs__clkbuf_4)
                                         clknet_2_2__leaf_clk (net)
                  0.28    0.00    0.54 ^ clkbuf_leaf_9_clk/A (sky130_fd_sc_hs__clkbuf_4)
    30    0.14    0.28    0.34    0.88 ^ clkbuf_leaf_9_clk/X (sky130_fd_sc_hs__clkbuf_4)
                                         clknet_leaf_9_clk (net)
                  0.28    0.00    0.88 ^ _12186_/CLK (sky130_fd_sc_hs__dfxtp_1)
     4    0.02    0.06    0.28    1.17 v _12186_/Q (sky130_fd_sc_hs__dfxtp_1)
                                         dp.rf.rf[19][1] (net)
                  0.06    0.00    1.17 v _06696_/A3 (sky130_fd_sc_hs__mux4_1)
     1    0.00    0.05    0.25    1.42 v _06696_/X (sky130_fd_sc_hs__mux4_1)
                                         _01583_ (net)
                  0.05    0.00    1.42 v _06698_/A0 (sky130_fd_sc_hs__mux2_1)
     1    0.01    0.06    0.17    1.59 v _06698_/X (sky130_fd_sc_hs__mux2_1)
                                         _01585_ (net)
                  0.06    0.00    1.59 v _06701_/B1 (sky130_fd_sc_hs__a221o_4)
     2    0.04    0.10    0.34    1.93 v _06701_/X (sky130_fd_sc_hs__a221o_4)
                                         _01588_ (net)
                  0.10    0.01    1.94 v _08153_/A2 (sky130_fd_sc_hs__a211o_4)
     5    0.07    0.11    0.34    2.28 v _08153_/X (sky130_fd_sc_hs__a211o_4)
                                         _02890_ (net)
                  0.11    0.01    2.29 v _08159_/A (sky130_fd_sc_hs__nand2_8)
    29    0.30    0.66    0.46    2.75 ^ _08159_/Y (sky130_fd_sc_hs__nand2_8)
                                         _02896_ (net)
                  0.66    0.04    2.79 ^ _08163_/B (sky130_fd_sc_hs__xnor2_1)
     2    0.01    0.19    0.15    2.94 ^ _08163_/Y (sky130_fd_sc_hs__xnor2_1)
                                         _05975_ (net)
                  0.19    0.00    2.94 ^ _08164_/A (sky130_fd_sc_hs__inv_1)
     2    0.01    0.08    0.09    3.04 v _08164_/Y (sky130_fd_sc_hs__inv_1)
                                         _05595_ (net)
                  0.08    0.00    3.04 v _12045_/CIN (sky130_fd_sc_hs__fa_1)
     2    0.02    0.10    0.25    3.28 v _12045_/COUT (sky130_fd_sc_hs__fa_1)
                                         _05596_ (net)
                  0.10    0.00    3.29 v _08197_/A (sky130_fd_sc_hs__nor2b_1)
     1    0.01    0.13    0.14    3.43 ^ _08197_/Y (sky130_fd_sc_hs__nor2b_1)
                                         _02929_ (net)
                  0.13    0.00    3.43 ^ _08198_/A2 (sky130_fd_sc_hs__o21ai_2)
     2    0.02    0.07    0.09    3.51 v _08198_/Y (sky130_fd_sc_hs__o21ai_2)
                                         _02930_ (net)
                  0.07    0.00    3.52 v _08202_/A2 (sky130_fd_sc_hs__a211oi_4)
     3    0.02    0.27    0.28    3.79 ^ _08202_/Y (sky130_fd_sc_hs__a211oi_4)
                                         _02933_ (net)
                  0.27    0.00    3.80 ^ _08302_/A1 (sky130_fd_sc_hs__o211ai_4)
     3    0.04    0.14    0.15    3.95 v _08302_/Y (sky130_fd_sc_hs__o211ai_4)
                                         _03029_ (net)
                  0.14    0.01    3.95 v _08305_/A2 (sky130_fd_sc_hs__a211oi_4)
     2    0.03    0.31    0.33    4.29 ^ _08305_/Y (sky130_fd_sc_hs__a211oi_4)
                                         _03032_ (net)
                  0.31    0.00    4.29 ^ _08315_/B1 (sky130_fd_sc_hs__o221ai_4)
     2    0.02    0.12    0.15    4.44 v _08315_/Y (sky130_fd_sc_hs__o221ai_4)
                                         _03042_ (net)
                  0.12    0.00    4.44 v _08321_/A1 (sky130_fd_sc_hs__a31oi_1)
     1    0.01    0.13    0.15    4.58 ^ _08321_/Y (sky130_fd_sc_hs__a31oi_1)
                                         _03048_ (net)
                  0.13    0.00    4.59 ^ _08322_/B (sky130_fd_sc_hs__or2_1)
     2    0.01    0.11    0.14    4.73 ^ _08322_/X (sky130_fd_sc_hs__or2_1)
                                         _05683_ (net)
                  0.11    0.00    4.73 ^ _08323_/A2 (sky130_fd_sc_hs__a21o_1)
     1    0.01    0.08    0.14    4.87 ^ _08323_/X (sky130_fd_sc_hs__a21o_1)
                                         _03049_ (net)
                  0.08    0.00    4.87 ^ _08324_/A2 (sky130_fd_sc_hs__a21oi_4)
     1    0.06    0.14    0.11    4.98 v _08324_/Y (sky130_fd_sc_hs__a21oi_4)
                                         _03050_ (net)
                  0.14    0.01    4.99 v _08325_/B (sky130_fd_sc_hs__xnor2_4)
     2    0.07    0.40    0.34    5.33 ^ _08325_/Y (sky130_fd_sc_hs__xnor2_4)
                                         _03051_ (net)
                  0.40    0.01    5.34 ^ _08347_/A1 (sky130_fd_sc_hs__a21oi_1)
     1    0.01    0.10    0.10    5.44 v _08347_/Y (sky130_fd_sc_hs__a21oi_1)
                                         _03073_ (net)
                  0.10    0.00    5.44 v _08348_/B (sky130_fd_sc_hs__nor2_2)
     1    0.02    0.13    0.13    5.57 ^ _08348_/Y (sky130_fd_sc_hs__nor2_2)
                                         net66 (net)
                  0.13    0.00    5.58 ^ output66/A (sky130_fd_sc_hs__clkbuf_1)
     1    0.00    0.02    0.08    5.65 ^ output66/X (sky130_fd_sc_hs__clkbuf_1)
                                         aluout[0] (net)
                  0.02    0.00    5.65 ^ aluout[0] (out)
                                  5.65   data arrival time

                          7.60    7.60   clock clk (rise edge)
                          0.00    7.60   clock network delay (propagated)
                          0.00    7.60   clock reconvergence pessimism
                         -1.52    6.08   output external delay
                                  6.08   data required time
-----------------------------------------------------------------------------
                                  6.08   data required time
                                 -5.65   data arrival time
-----------------------------------------------------------------------------
                                  0.43   slack (MET)



==========================================================================
finish report_checks -unconstrained
--------------------------------------------------------------------------
Startpoint: _12186_ (rising edge-triggered flip-flop clocked by clk)
Endpoint: aluout[0] (output port clocked by clk)
Path Group: clk
Path Type: max

Fanout     Cap    Slew   Delay    Time   Description
-----------------------------------------------------------------------------
                          0.00    0.00   clock clk (rise edge)
                          0.00    0.00   clock source latency
     1    0.07    0.00    0.00    0.00 ^ clk (in)
                                         clk (net)
                  0.01    0.00    0.00 ^ clkbuf_0_clk/A (sky130_fd_sc_hs__clkbuf_4)
     5    0.09    0.19    0.21    0.21 ^ clkbuf_0_clk/X (sky130_fd_sc_hs__clkbuf_4)
                                         clknet_0_clk (net)
                  0.19    0.00    0.21 ^ clkbuf_2_2__f_clk/A (sky130_fd_sc_hs__clkbuf_4)
    11    0.14    0.28    0.32    0.53 ^ clkbuf_2_2__f_clk/X (sky130_fd_sc_hs__clkbuf_4)
                                         clknet_2_2__leaf_clk (net)
                  0.28    0.00    0.54 ^ clkbuf_leaf_9_clk/A (sky130_fd_sc_hs__clkbuf_4)
    30    0.14    0.28    0.34    0.88 ^ clkbuf_leaf_9_clk/X (sky130_fd_sc_hs__clkbuf_4)
                                         clknet_leaf_9_clk (net)
                  0.28    0.00    0.88 ^ _12186_/CLK (sky130_fd_sc_hs__dfxtp_1)
     4    0.02    0.06    0.28    1.17 v _12186_/Q (sky130_fd_sc_hs__dfxtp_1)
                                         dp.rf.rf[19][1] (net)
                  0.06    0.00    1.17 v _06696_/A3 (sky130_fd_sc_hs__mux4_1)
     1    0.00    0.05    0.25    1.42 v _06696_/X (sky130_fd_sc_hs__mux4_1)
                                         _01583_ (net)
                  0.05    0.00    1.42 v _06698_/A0 (sky130_fd_sc_hs__mux2_1)
     1    0.01    0.06    0.17    1.59 v _06698_/X (sky130_fd_sc_hs__mux2_1)
                                         _01585_ (net)
                  0.06    0.00    1.59 v _06701_/B1 (sky130_fd_sc_hs__a221o_4)
     2    0.04    0.10    0.34    1.93 v _06701_/X (sky130_fd_sc_hs__a221o_4)
                                         _01588_ (net)
                  0.10    0.01    1.94 v _08153_/A2 (sky130_fd_sc_hs__a211o_4)
     5    0.07    0.11    0.34    2.28 v _08153_/X (sky130_fd_sc_hs__a211o_4)
                                         _02890_ (net)
                  0.11    0.01    2.29 v _08159_/A (sky130_fd_sc_hs__nand2_8)
    29    0.30    0.66    0.46    2.75 ^ _08159_/Y (sky130_fd_sc_hs__nand2_8)
                                         _02896_ (net)
                  0.66    0.04    2.79 ^ _08163_/B (sky130_fd_sc_hs__xnor2_1)
     2    0.01    0.19    0.15    2.94 ^ _08163_/Y (sky130_fd_sc_hs__xnor2_1)
                                         _05975_ (net)
                  0.19    0.00    2.94 ^ _08164_/A (sky130_fd_sc_hs__inv_1)
     2    0.01    0.08    0.09    3.04 v _08164_/Y (sky130_fd_sc_hs__inv_1)
                                         _05595_ (net)
                  0.08    0.00    3.04 v _12045_/CIN (sky130_fd_sc_hs__fa_1)
     2    0.02    0.10    0.25    3.28 v _12045_/COUT (sky130_fd_sc_hs__fa_1)
                                         _05596_ (net)
                  0.10    0.00    3.29 v _08197_/A (sky130_fd_sc_hs__nor2b_1)
     1    0.01    0.13    0.14    3.43 ^ _08197_/Y (sky130_fd_sc_hs__nor2b_1)
                                         _02929_ (net)
                  0.13    0.00    3.43 ^ _08198_/A2 (sky130_fd_sc_hs__o21ai_2)
     2    0.02    0.07    0.09    3.51 v _08198_/Y (sky130_fd_sc_hs__o21ai_2)
                                         _02930_ (net)
                  0.07    0.00    3.52 v _08202_/A2 (sky130_fd_sc_hs__a211oi_4)
     3    0.02    0.27    0.28    3.79 ^ _08202_/Y (sky130_fd_sc_hs__a211oi_4)
                                         _02933_ (net)
                  0.27    0.00    3.80 ^ _08302_/A1 (sky130_fd_sc_hs__o211ai_4)
     3    0.04    0.14    0.15    3.95 v _08302_/Y (sky130_fd_sc_hs__o211ai_4)
                                         _03029_ (net)
                  0.14    0.01    3.95 v _08305_/A2 (sky130_fd_sc_hs__a211oi_4)
     2    0.03    0.31    0.33    4.29 ^ _08305_/Y (sky130_fd_sc_hs__a211oi_4)
                                         _03032_ (net)
                  0.31    0.00    4.29 ^ _08315_/B1 (sky130_fd_sc_hs__o221ai_4)
     2    0.02    0.12    0.15    4.44 v _08315_/Y (sky130_fd_sc_hs__o221ai_4)
                                         _03042_ (net)
                  0.12    0.00    4.44 v _08321_/A1 (sky130_fd_sc_hs__a31oi_1)
     1    0.01    0.13    0.15    4.58 ^ _08321_/Y (sky130_fd_sc_hs__a31oi_1)
                                         _03048_ (net)
                  0.13    0.00    4.59 ^ _08322_/B (sky130_fd_sc_hs__or2_1)
     2    0.01    0.11    0.14    4.73 ^ _08322_/X (sky130_fd_sc_hs__or2_1)
                                         _05683_ (net)
                  0.11    0.00    4.73 ^ _08323_/A2 (sky130_fd_sc_hs__a21o_1)
     1    0.01    0.08    0.14    4.87 ^ _08323_/X (sky130_fd_sc_hs__a21o_1)
                                         _03049_ (net)
                  0.08    0.00    4.87 ^ _08324_/A2 (sky130_fd_sc_hs__a21oi_4)
     1    0.06    0.14    0.11    4.98 v _08324_/Y (sky130_fd_sc_hs__a21oi_4)
                                         _03050_ (net)
                  0.14    0.01    4.99 v _08325_/B (sky130_fd_sc_hs__xnor2_4)
     2    0.07    0.40    0.34    5.33 ^ _08325_/Y (sky130_fd_sc_hs__xnor2_4)
                                         _03051_ (net)
                  0.40    0.01    5.34 ^ _08347_/A1 (sky130_fd_sc_hs__a21oi_1)
     1    0.01    0.10    0.10    5.44 v _08347_/Y (sky130_fd_sc_hs__a21oi_1)
                                         _03073_ (net)
                  0.10    0.00    5.44 v _08348_/B (sky130_fd_sc_hs__nor2_2)
     1    0.02    0.13    0.13    5.57 ^ _08348_/Y (sky130_fd_sc_hs__nor2_2)
                                         net66 (net)
                  0.13    0.00    5.58 ^ output66/A (sky130_fd_sc_hs__clkbuf_1)
     1    0.00    0.02    0.08    5.65 ^ output66/X (sky130_fd_sc_hs__clkbuf_1)
                                         aluout[0] (net)
                  0.02    0.00    5.65 ^ aluout[0] (out)
                                  5.65   data arrival time

                          7.60    7.60   clock clk (rise edge)
                          0.00    7.60   clock network delay (propagated)
                          0.00    7.60   clock reconvergence pessimism
                         -1.52    6.08   output external delay
                                  6.08   data required time
-----------------------------------------------------------------------------
                                  6.08   data required time
                                 -5.65   data arrival time
-----------------------------------------------------------------------------
                                  0.43   slack (MET)



==========================================================================
finish report_check_types -max_slew -max_cap -max_fanout -violators
--------------------------------------------------------------------------
max slew

Pin                                    Limit    Slew   Slack
------------------------------------------------------------
_10332_/A2                              1.00    1.23   -0.23 (VIOLATED)
_10331_/B                               1.00    1.23   -0.23 (VIOLATED)
_10327_/B                               1.00    1.23   -0.23 (VIOLATED)
_10328_/A3                              1.00    1.23   -0.23 (VIOLATED)
_10321_/A2                              1.00    1.23   -0.23 (VIOLATED)
_10320_/B                               1.00    1.23   -0.23 (VIOLATED)
_10309_/A2                              1.00    1.23   -0.23 (VIOLATED)
_10308_/B                               1.00    1.23   -0.23 (VIOLATED)
_10305_/A2                              1.00    1.23   -0.23 (VIOLATED)
_10304_/B                               1.00    1.23   -0.23 (VIOLATED)
_10289_/B                               1.00    1.22   -0.22 (VIOLATED)
_10290_/A3                              1.00    1.22   -0.22 (VIOLATED)
_10283_/B                               1.00    1.22   -0.22 (VIOLATED)
_10284_/A2                              1.00    1.22   -0.22 (VIOLATED)
_08170_/A                               1.00    1.22   -0.22 (VIOLATED)
_07982_/A1                              1.00    1.22   -0.22 (VIOLATED)
_08099_/A1                              1.00    1.22   -0.22 (VIOLATED)
_08139_/A1                              1.00    1.22   -0.22 (VIOLATED)
_06907_/B1                              1.00    1.22   -0.22 (VIOLATED)
_07379_/A1                              1.00    1.22   -0.22 (VIOLATED)
_07926_/B2                              1.00    1.22   -0.22 (VIOLATED)
_07059_/A1                              1.00    1.22   -0.22 (VIOLATED)
_07346_/A1                              1.00    1.22   -0.22 (VIOLATED)
_07136_/A                               1.00    1.22   -0.22 (VIOLATED)
_07324_/B1                              1.00    1.22   -0.22 (VIOLATED)
_07891_/B2                              1.00    1.22   -0.22 (VIOLATED)
_06895_/Y                               1.00    1.22   -0.22 (VIOLATED)
_10335_/B                               1.00    1.22   -0.22 (VIOLATED)
_10336_/A2                              1.00    1.22   -0.22 (VIOLATED)
_10322_/B                               1.00    1.22   -0.22 (VIOLATED)
_10323_/A3                              1.00    1.22   -0.22 (VIOLATED)
_10314_/A2                              1.00    1.22   -0.22 (VIOLATED)
_10313_/B                               1.00    1.22   -0.22 (VIOLATED)
_10318_/B                               1.00    1.22   -0.22 (VIOLATED)
_10319_/A3                              1.00    1.22   -0.22 (VIOLATED)
_10280_/A2                              1.00    1.22   -0.22 (VIOLATED)
_10279_/B                               1.00    1.22   -0.22 (VIOLATED)
_10302_/B                               1.00    1.22   -0.22 (VIOLATED)
_10303_/A2                              1.00    1.22   -0.22 (VIOLATED)
_10301_/A2                              1.00    1.22   -0.22 (VIOLATED)
_10300_/B                               1.00    1.22   -0.22 (VIOLATED)
_10295_/A2                              1.00    1.22   -0.22 (VIOLATED)
_10294_/B                               1.00    1.22   -0.22 (VIOLATED)
_10307_/A2                              1.00    1.22   -0.22 (VIOLATED)
_10306_/B                               1.00    1.22   -0.22 (VIOLATED)
_10292_/B                               1.00    1.22   -0.22 (VIOLATED)
_10293_/A2                              1.00    1.22   -0.22 (VIOLATED)
_10271_/A2                              1.00    1.22   -0.22 (VIOLATED)
_10270_/B                               1.00    1.22   -0.22 (VIOLATED)
_10269_/A2                              1.00    1.21   -0.21 (VIOLATED)
_10268_/B                               1.00    1.21   -0.21 (VIOLATED)
_10282_/A2                              1.00    1.21   -0.21 (VIOLATED)
_10281_/B                               1.00    1.21   -0.21 (VIOLATED)
_10297_/B                               1.00    1.21   -0.21 (VIOLATED)
_10316_/B                               1.00    1.21   -0.21 (VIOLATED)
_10311_/B                               1.00    1.21   -0.21 (VIOLATED)
_10274_/B                               1.00    1.20   -0.20 (VIOLATED)
_10469_/A2                              1.00    1.20   -0.20 (VIOLATED)
_10468_/B                               1.00    1.20   -0.20 (VIOLATED)
_10476_/A3                              1.00    1.20   -0.20 (VIOLATED)
_10475_/B                               1.00    1.20   -0.20 (VIOLATED)
_10490_/A2                              1.00    1.20   -0.20 (VIOLATED)
_10489_/B                               1.00    1.20   -0.20 (VIOLATED)
_10480_/A3                              1.00    1.20   -0.20 (VIOLATED)
_10479_/B                               1.00    1.20   -0.20 (VIOLATED)
_10462_/A2                              1.00    1.20   -0.20 (VIOLATED)
_10461_/B                               1.00    1.20   -0.20 (VIOLATED)
_10456_/A2                              1.00    1.20   -0.20 (VIOLATED)
_10455_/B                               1.00    1.20   -0.20 (VIOLATED)
_10477_/B                               1.00    1.20   -0.20 (VIOLATED)
_10478_/A2                              1.00    1.20   -0.20 (VIOLATED)
_10325_/B                               1.00    1.20   -0.20 (VIOLATED)
_10431_/A2                              1.00    1.20   -0.20 (VIOLATED)
_10430_/B                               1.00    1.20   -0.20 (VIOLATED)
_10450_/A2                              1.00    1.20   -0.20 (VIOLATED)
_10449_/B                               1.00    1.20   -0.20 (VIOLATED)
_10446_/S                               1.00    1.20   -0.20 (VIOLATED)
_10458_/A2                              1.00    1.20   -0.20 (VIOLATED)
_10457_/B                               1.00    1.20   -0.20 (VIOLATED)
_10333_/B                               1.00    1.20   -0.20 (VIOLATED)
_10334_/A3                              1.00    1.20   -0.20 (VIOLATED)
_10491_/B                               1.00    1.20   -0.20 (VIOLATED)
_10291_/S                               1.00    1.20   -0.20 (VIOLATED)
_10330_/A3                              1.00    1.20   -0.20 (VIOLATED)
_10329_/B                               1.00    1.20   -0.20 (VIOLATED)
_10492_/A3                              1.00    1.20   -0.20 (VIOLATED)
_10278_/S                               1.00    1.20   -0.20 (VIOLATED)
_10287_/S                               1.00    1.20   -0.20 (VIOLATED)
_10265_/Y                               1.00    1.20   -0.20 (VIOLATED)
_10485_/B                               1.00    1.20   -0.20 (VIOLATED)
_10486_/A3                              1.00    1.20   -0.20 (VIOLATED)
_10487_/B                               1.00    1.20   -0.20 (VIOLATED)
_10488_/A3                              1.00    1.20   -0.20 (VIOLATED)
_10464_/A2                              1.00    1.20   -0.20 (VIOLATED)
_10463_/B                               1.00    1.20   -0.20 (VIOLATED)
_10460_/A2                              1.00    1.20   -0.20 (VIOLATED)
_10459_/B                               1.00    1.20   -0.20 (VIOLATED)
_10494_/A2                              1.00    1.20   -0.20 (VIOLATED)
_10493_/B                               1.00    1.20   -0.20 (VIOLATED)
_10435_/A2                              1.00    1.20   -0.20 (VIOLATED)
_10434_/B                               1.00    1.20   -0.20 (VIOLATED)
_10444_/A3                              1.00    1.19   -0.19 (VIOLATED)
_10443_/B                               1.00    1.19   -0.19 (VIOLATED)
_10466_/B                               1.00    1.18   -0.18 (VIOLATED)
_10448_/A2                              1.00    1.18   -0.18 (VIOLATED)
_10447_/B                               1.00    1.18   -0.18 (VIOLATED)
_10441_/S                               1.00    1.18   -0.18 (VIOLATED)
_10483_/B                               1.00    1.18   -0.18 (VIOLATED)
_10418_/B                               1.00    1.18   -0.18 (VIOLATED)
_10419_/A2                              1.00    1.18   -0.18 (VIOLATED)
_10433_/A2                              1.00    1.18   -0.18 (VIOLATED)
_10432_/B                               1.00    1.18   -0.18 (VIOLATED)
_10417_/A2                              1.00    1.18   -0.18 (VIOLATED)
_10416_/B                               1.00    1.18   -0.18 (VIOLATED)
_10452_/B                               1.00    1.18   -0.18 (VIOLATED)
_10473_/B                               1.00    1.18   -0.18 (VIOLATED)
_10422_/B                               1.00    1.18   -0.18 (VIOLATED)
_10429_/S                               1.00    1.18   -0.18 (VIOLATED)
_10413_/Y                               1.00    1.18   -0.18 (VIOLATED)
_10916_/B                               1.00    1.17   -0.17 (VIOLATED)
_10917_/A3                              1.00    1.17   -0.17 (VIOLATED)
_10876_/S                               1.00    1.17   -0.17 (VIOLATED)
_10897_/B                               1.00    1.17   -0.17 (VIOLATED)
_10898_/A2                              1.00    1.17   -0.17 (VIOLATED)
_10903_/A3                              1.00    1.17   -0.17 (VIOLATED)
_10902_/B                               1.00    1.17   -0.17 (VIOLATED)
_10910_/B                               1.00    1.17   -0.17 (VIOLATED)
_10911_/A3                              1.00    1.17   -0.17 (VIOLATED)
_10915_/A2                              1.00    1.17   -0.17 (VIOLATED)
_10914_/B                               1.00    1.17   -0.17 (VIOLATED)
_10912_/B                               1.00    1.17   -0.17 (VIOLATED)
_10913_/A3                              1.00    1.17   -0.17 (VIOLATED)
_10893_/B                               1.00    1.17   -0.17 (VIOLATED)
_10894_/A2                              1.00    1.17   -0.17 (VIOLATED)
_10887_/B                               1.00    1.17   -0.17 (VIOLATED)
_10888_/A2                              1.00    1.17   -0.17 (VIOLATED)
_10906_/B                               1.00    1.17   -0.17 (VIOLATED)
_10907_/A3                              1.00    1.17   -0.17 (VIOLATED)
_10905_/A2                              1.00    1.17   -0.17 (VIOLATED)
_10904_/B                               1.00    1.17   -0.17 (VIOLATED)
_10889_/B                               1.00    1.17   -0.17 (VIOLATED)
_10890_/A2                              1.00    1.17   -0.17 (VIOLATED)
_10868_/B                               1.00    1.17   -0.17 (VIOLATED)
_10869_/A2                              1.00    1.17   -0.17 (VIOLATED)
_10918_/B                               1.00    1.16   -0.16 (VIOLATED)
_10919_/A2                              1.00    1.16   -0.16 (VIOLATED)
_10864_/B                               1.00    1.15   -0.15 (VIOLATED)
_10865_/A2                              1.00    1.15   -0.15 (VIOLATED)
_10886_/A2                              1.00    1.15   -0.15 (VIOLATED)
_10885_/B                               1.00    1.15   -0.15 (VIOLATED)
_10892_/A2                              1.00    1.15   -0.15 (VIOLATED)
_10891_/B                               1.00    1.15   -0.15 (VIOLATED)
_10880_/A2                              1.00    1.15   -0.15 (VIOLATED)
_10879_/B                               1.00    1.15   -0.15 (VIOLATED)
_10878_/A2                              1.00    1.15   -0.15 (VIOLATED)
_10877_/B                               1.00    1.15   -0.15 (VIOLATED)
_10874_/B                               1.00    1.15   -0.15 (VIOLATED)
_10875_/A3                              1.00    1.15   -0.15 (VIOLATED)
_10872_/S                               1.00    1.15   -0.15 (VIOLATED)
_11947_/B                               1.00    1.14   -0.14 (VIOLATED)
_11948_/A2                              1.00    1.14   -0.14 (VIOLATED)
_11953_/A3                              1.00    1.14   -0.14 (VIOLATED)
_11952_/B                               1.00    1.14   -0.14 (VIOLATED)
_11966_/A2                              1.00    1.14   -0.14 (VIOLATED)
_11965_/B                               1.00    1.14   -0.14 (VIOLATED)
_12042_/A3                              1.00    1.14   -0.14 (VIOLATED)
_12041_/B                               1.00    1.14   -0.14 (VIOLATED)
_12000_/S                               1.00    1.14   -0.14 (VIOLATED)
_11956_/B                               1.00    1.14   -0.14 (VIOLATED)
_11957_/A3                              1.00    1.14   -0.14 (VIOLATED)
_12014_/A2                              1.00    1.14   -0.14 (VIOLATED)
_12013_/B                               1.00    1.14   -0.14 (VIOLATED)
_12018_/A2                              1.00    1.14   -0.14 (VIOLATED)
_12017_/B                               1.00    1.14   -0.14 (VIOLATED)
_12036_/A3                              1.00    1.14   -0.14 (VIOLATED)
_11937_/A2                              1.00    1.14   -0.14 (VIOLATED)
_11954_/B                               1.00    1.14   -0.14 (VIOLATED)
_11936_/B                               1.00    1.14   -0.14 (VIOLATED)
_11955_/A2                              1.00    1.14   -0.14 (VIOLATED)
_12035_/B                               1.00    1.14   -0.14 (VIOLATED)
_11967_/B                               1.00    1.14   -0.14 (VIOLATED)
_11968_/A3                              1.00    1.14   -0.14 (VIOLATED)
_11925_/S                               1.00    1.14   -0.14 (VIOLATED)
_12021_/B                               1.00    1.14   -0.14 (VIOLATED)
_12022_/A2                              1.00    1.14   -0.14 (VIOLATED)
_10855_/A2                              1.00    1.14   -0.14 (VIOLATED)
_10854_/B                               1.00    1.14   -0.14 (VIOLATED)
_12027_/A3                              1.00    1.14   -0.14 (VIOLATED)
_11989_/A2                              1.00    1.14   -0.14 (VIOLATED)
_11988_/B                               1.00    1.14   -0.14 (VIOLATED)
_12026_/B                               1.00    1.14   -0.14 (VIOLATED)
_10853_/A2                              1.00    1.14   -0.14 (VIOLATED)
_10852_/B                               1.00    1.14   -0.14 (VIOLATED)
_12037_/B                               1.00    1.14   -0.14 (VIOLATED)
_11961_/B                               1.00    1.14   -0.14 (VIOLATED)
_11962_/A3                              1.00    1.14   -0.14 (VIOLATED)
_11913_/B                               1.00    1.14   -0.14 (VIOLATED)
_11914_/A2                              1.00    1.14   -0.14 (VIOLATED)
_12038_/A3                              1.00    1.14   -0.14 (VIOLATED)
_10867_/A2                              1.00    1.14   -0.14 (VIOLATED)
_10882_/B                               1.00    1.14   -0.14 (VIOLATED)
_10866_/B                               1.00    1.14   -0.14 (VIOLATED)
_12040_/A2                              1.00    1.14   -0.14 (VIOLATED)
_12039_/B                               1.00    1.14   -0.14 (VIOLATED)
_11935_/A2                              1.00    1.14   -0.14 (VIOLATED)
_10900_/B                               1.00    1.14   -0.14 (VIOLATED)
_11934_/B                               1.00    1.14   -0.14 (VIOLATED)
_11940_/B                               1.00    1.14   -0.14 (VIOLATED)
_11941_/A2                              1.00    1.14   -0.14 (VIOLATED)
_11964_/A3                              1.00    1.14   -0.14 (VIOLATED)
_11963_/B                               1.00    1.14   -0.14 (VIOLATED)
_12030_/B                               1.00    1.14   -0.14 (VIOLATED)
_12031_/A3                              1.00    1.14   -0.14 (VIOLATED)
_11992_/B                               1.00    1.14   -0.14 (VIOLATED)
_11993_/A2                              1.00    1.14   -0.14 (VIOLATED)
_12009_/B                               1.00    1.14   -0.14 (VIOLATED)
_12010_/A2                              1.00    1.14   -0.14 (VIOLATED)
_11916_/A2                              1.00    1.14   -0.14 (VIOLATED)
_11915_/B                               1.00    1.14   -0.14 (VIOLATED)
_12016_/A2                              1.00    1.14   -0.14 (VIOLATED)
_12015_/B                               1.00    1.14   -0.14 (VIOLATED)
_11991_/A2                              1.00    1.14   -0.14 (VIOLATED)
_11990_/B                               1.00    1.14   -0.14 (VIOLATED)
_11905_/A2                              1.00    1.14   -0.14 (VIOLATED)
_11942_/B                               1.00    1.14   -0.14 (VIOLATED)
_11943_/A2                              1.00    1.14   -0.14 (VIOLATED)
_11980_/A2                              1.00    1.14   -0.14 (VIOLATED)
_12029_/A2                              1.00    1.14   -0.14 (VIOLATED)
_12024_/B                               1.00    1.14   -0.14 (VIOLATED)
_11979_/B                               1.00    1.14   -0.14 (VIOLATED)
_11978_/A2                              1.00    1.14   -0.14 (VIOLATED)
_11977_/B                               1.00    1.14   -0.14 (VIOLATED)
_11904_/B                               1.00    1.14   -0.14 (VIOLATED)
_12028_/B                               1.00    1.14   -0.14 (VIOLATED)
_12006_/B                               1.00    1.14   -0.14 (VIOLATED)
_12011_/B                               1.00    1.14   -0.14 (VIOLATED)
_12012_/A2                              1.00    1.14   -0.14 (VIOLATED)
_11928_/B                               1.00    1.14   -0.14 (VIOLATED)
_11939_/A2                              1.00    1.14   -0.14 (VIOLATED)
_10859_/B                               1.00    1.14   -0.14 (VIOLATED)
_11929_/A2                              1.00    1.14   -0.14 (VIOLATED)
_11903_/A2                              1.00    1.14   -0.14 (VIOLATED)
_11938_/B                               1.00    1.14   -0.14 (VIOLATED)
_11902_/B                               1.00    1.14   -0.14 (VIOLATED)
_12043_/B                               1.00    1.14   -0.14 (VIOLATED)
_11918_/A2                              1.00    1.14   -0.14 (VIOLATED)
_12003_/B                               1.00    1.13   -0.13 (VIOLATED)
_12004_/A2                              1.00    1.13   -0.13 (VIOLATED)
_12044_/A2                              1.00    1.13   -0.13 (VIOLATED)
_11927_/A2                              1.00    1.13   -0.13 (VIOLATED)
_11926_/B                               1.00    1.13   -0.13 (VIOLATED)
_11950_/B                               1.00    1.13   -0.13 (VIOLATED)
_11917_/B                               1.00    1.13   -0.13 (VIOLATED)
_10863_/S                               1.00    1.13   -0.13 (VIOLATED)
_12002_/A2                              1.00    1.13   -0.13 (VIOLATED)
_10849_/Y                               1.00    1.13   -0.13 (VIOLATED)
_12001_/B                               1.00    1.13   -0.13 (VIOLATED)
_11931_/B                               1.00    1.13   -0.13 (VIOLATED)
_11999_/A3                              1.00    1.13   -0.13 (VIOLATED)
_11998_/B                               1.00    1.13   -0.13 (VIOLATED)
_11970_/A2                              1.00    1.13   -0.13 (VIOLATED)
_11969_/B                               1.00    1.13   -0.13 (VIOLATED)
_11996_/S                               1.00    1.13   -0.13 (VIOLATED)
_11945_/B                               1.00    1.13   -0.13 (VIOLATED)
_12033_/B                               1.00    1.13   -0.13 (VIOLATED)
_11921_/S                               1.00    1.13   -0.13 (VIOLATED)
_11923_/B                               1.00    1.13   -0.13 (VIOLATED)
_11924_/A3                              1.00    1.13   -0.13 (VIOLATED)
_11453_/A3                              1.00    1.13   -0.13 (VIOLATED)
_11452_/B                               1.00    1.13   -0.13 (VIOLATED)
_11439_/A2                              1.00    1.13   -0.13 (VIOLATED)
_11438_/B                               1.00    1.13   -0.13 (VIOLATED)
_11464_/A3                              1.00    1.13   -0.13 (VIOLATED)
_11463_/B                               1.00    1.13   -0.13 (VIOLATED)
_11421_/S                               1.00    1.13   -0.13 (VIOLATED)
_11434_/B                               1.00    1.13   -0.13 (VIOLATED)
_11435_/A2                              1.00    1.13   -0.13 (VIOLATED)
_11457_/B                               1.00    1.13   -0.13 (VIOLATED)
_11458_/A3                              1.00    1.13   -0.13 (VIOLATED)
_11959_/B                               1.00    1.13   -0.13 (VIOLATED)
_10793_/B                               1.00    1.13   -0.13 (VIOLATED)
_10794_/A2                              1.00    1.13   -0.13 (VIOLATED)
_10771_/S                               1.00    1.13   -0.13 (VIOLATED)
_10799_/A3                              1.00    1.13   -0.13 (VIOLATED)
_10813_/B                               1.00    1.13   -0.13 (VIOLATED)
_10798_/B                               1.00    1.13   -0.13 (VIOLATED)
_10814_/A3                              1.00    1.13   -0.13 (VIOLATED)
_11459_/B                               1.00    1.13   -0.13 (VIOLATED)
_11987_/S                               1.00    1.13   -0.13 (VIOLATED)
_11983_/B                               1.00    1.13   -0.13 (VIOLATED)
_10812_/A2                              1.00    1.12   -0.12 (VIOLATED)
_11460_/A3                              1.00    1.12   -0.12 (VIOLATED)
_10811_/B                               1.00    1.12   -0.12 (VIOLATED)
_11974_/Y                               1.00    1.12   -0.12 (VIOLATED)
_10788_/B                               1.00    1.12   -0.12 (VIOLATED)
_10789_/A2                              1.00    1.12   -0.12 (VIOLATED)
_10808_/A3                              1.00    1.12   -0.12 (VIOLATED)
_10807_/B                               1.00    1.12   -0.12 (VIOLATED)
_11413_/B                               1.00    1.12   -0.12 (VIOLATED)
_11414_/A2                              1.00    1.12   -0.12 (VIOLATED)
_10803_/A3                              1.00    1.12   -0.12 (VIOLATED)
_10783_/A2                              1.00    1.12   -0.12 (VIOLATED)
_10782_/B                               1.00    1.12   -0.12 (VIOLATED)
_10802_/B                               1.00    1.12   -0.12 (VIOLATED)
_10809_/B                               1.00    1.12   -0.12 (VIOLATED)
_10810_/A3                              1.00    1.12   -0.12 (VIOLATED)
_10801_/A2                              1.00    1.12   -0.12 (VIOLATED)
_10800_/B                               1.00    1.12   -0.12 (VIOLATED)
_10785_/A2                              1.00    1.12   -0.12 (VIOLATED)
_10784_/B                               1.00    1.12   -0.12 (VIOLATED)
_07240_/A1                              1.00    1.12   -0.12 (VIOLATED)
_07849_/C1                              1.00    1.12   -0.12 (VIOLATED)
_07031_/A1                              1.00    1.12   -0.12 (VIOLATED)
_07651_/A                               1.00    1.12   -0.12 (VIOLATED)
_07161_/A1                              1.00    1.12   -0.12 (VIOLATED)
_07815_/A                               1.00    1.12   -0.12 (VIOLATED)
_07208_/A1                              1.00    1.12   -0.12 (VIOLATED)
_07014_/Y                               1.00    1.12   -0.12 (VIOLATED)
_10257_/B                               1.00    1.12   -0.12 (VIOLATED)
_10258_/A3                              1.00    1.12   -0.12 (VIOLATED)
_10261_/B                               1.00    1.12   -0.12 (VIOLATED)
_11896_/A3                              1.00    1.12   -0.12 (VIOLATED)
_11444_/A2                              1.00    1.12   -0.12 (VIOLATED)
_11443_/B                               1.00    1.12   -0.12 (VIOLATED)
_11895_/B                               1.00    1.12   -0.12 (VIOLATED)
_10262_/A3                              1.00    1.12   -0.12 (VIOLATED)
_11853_/S                               1.00    1.12   -0.12 (VIOLATED)
_10219_/S                               1.00    1.12   -0.12 (VIOLATED)
_10760_/A2                              1.00    1.12   -0.12 (VIOLATED)
_10759_/B                               1.00    1.12   -0.12 (VIOLATED)
_11462_/A2                              1.00    1.12   -0.12 (VIOLATED)
_11885_/A3                              1.00    1.12   -0.12 (VIOLATED)
_11884_/B                               1.00    1.12   -0.12 (VIOLATED)
_11461_/B                               1.00    1.12   -0.12 (VIOLATED)
_11876_/A2                              1.00    1.12   -0.12 (VIOLATED)
_11875_/B                               1.00    1.12   -0.12 (VIOLATED)
_11449_/A3                              1.00    1.12   -0.12 (VIOLATED)
_11448_/B                               1.00    1.12   -0.12 (VIOLATED)
_10780_/B                               1.00    1.12   -0.12 (VIOLATED)
_11881_/A3                              1.00    1.12   -0.12 (VIOLATED)
_11871_/A2                              1.00    1.12   -0.12 (VIOLATED)
_11870_/B                               1.00    1.12   -0.12 (VIOLATED)
_11880_/B                               1.00    1.12   -0.12 (VIOLATED)
_11889_/B                               1.00    1.12   -0.12 (VIOLATED)
_11890_/A3                              1.00    1.12   -0.12 (VIOLATED)
_10781_/A2                              1.00    1.12   -0.12 (VIOLATED)
_11894_/A2                              1.00    1.12   -0.12 (VIOLATED)
_11466_/A2                              1.00    1.12   -0.12 (VIOLATED)
_11465_/B                               1.00    1.12   -0.12 (VIOLATED)
_11893_/B                               1.00    1.12   -0.12 (VIOLATED)
_10786_/B                               1.00    1.12   -0.12 (VIOLATED)
_11867_/A2                              1.00    1.12   -0.12 (VIOLATED)
_11891_/B                               1.00    1.12   -0.12 (VIOLATED)
_11409_/B                               1.00    1.12   -0.12 (VIOLATED)
_11866_/B                               1.00    1.12   -0.12 (VIOLATED)
_11410_/A2                              1.00    1.12   -0.12 (VIOLATED)
_10787_/A2                              1.00    1.12   -0.12 (VIOLATED)
_11908_/B                               1.00    1.12   -0.12 (VIOLATED)
_11892_/A3                              1.00    1.12   -0.12 (VIOLATED)
_10775_/A2                              1.00    1.12   -0.12 (VIOLATED)
_10764_/A2                              1.00    1.12   -0.12 (VIOLATED)
_11865_/A2                              1.00    1.12   -0.12 (VIOLATED)
_10774_/B                               1.00    1.12   -0.12 (VIOLATED)
_10255_/B                               1.00    1.12   -0.12 (VIOLATED)
_11864_/B                               1.00    1.12   -0.12 (VIOLATED)
_11882_/B                               1.00    1.12   -0.12 (VIOLATED)
_11883_/A2                              1.00    1.12   -0.12 (VIOLATED)
_10763_/B                               1.00    1.12   -0.12 (VIOLATED)
_10750_/A2                              1.00    1.12   -0.12 (VIOLATED)
_11846_/A2                              1.00    1.12   -0.12 (VIOLATED)
_11845_/B                               1.00    1.12   -0.12 (VIOLATED)
_10749_/B                               1.00    1.12   -0.12 (VIOLATED)
_10762_/A2                              1.00    1.12   -0.12 (VIOLATED)
_10761_/B                               1.00    1.12   -0.12 (VIOLATED)
_10256_/A3                              1.00    1.12   -0.12 (VIOLATED)
_11430_/B                               1.00    1.12   -0.12 (VIOLATED)
_11431_/A2                              1.00    1.12   -0.12 (VIOLATED)
_10748_/A2                              1.00    1.12   -0.12 (VIOLATED)
_11841_/B                               1.00    1.12   -0.12 (VIOLATED)
_11842_/A2                              1.00    1.12   -0.12 (VIOLATED)
_10747_/B                               1.00    1.12   -0.12 (VIOLATED)
_11862_/B                               1.00    1.12   -0.12 (VIOLATED)
_11863_/A2                              1.00    1.12   -0.12 (VIOLATED)
_11857_/A2                              1.00    1.12   -0.12 (VIOLATED)
_11869_/A2                              1.00    1.12   -0.12 (VIOLATED)
_11868_/B                               1.00    1.12   -0.12 (VIOLATED)
_11856_/B                               1.00    1.12   -0.12 (VIOLATED)
_11833_/A2                              1.00    1.12   -0.12 (VIOLATED)
_11832_/B                               1.00    1.12   -0.12 (VIOLATED)
_11844_/A2                              1.00    1.12   -0.12 (VIOLATED)
_11843_/B                               1.00    1.12   -0.12 (VIOLATED)
_11437_/A2                              1.00    1.12   -0.12 (VIOLATED)
_11436_/B                               1.00    1.12   -0.12 (VIOLATED)
_11897_/B                               1.00    1.12   -0.12 (VIOLATED)
_11898_/A2                              1.00    1.12   -0.12 (VIOLATED)
_10773_/A2                              1.00    1.12   -0.12 (VIOLATED)
_10772_/B                               1.00    1.12   -0.12 (VIOLATED)
_11855_/A2                              1.00    1.12   -0.12 (VIOLATED)
_11854_/B                               1.00    1.12   -0.12 (VIOLATED)
_11831_/A2                              1.00    1.12   -0.12 (VIOLATED)
_11830_/B                               1.00    1.12   -0.12 (VIOLATED)
_11878_/B                               1.00    1.12   -0.12 (VIOLATED)
_11851_/B                               1.00    1.12   -0.12 (VIOLATED)
_11852_/A3                              1.00    1.12   -0.12 (VIOLATED)
_10796_/B                               1.00    1.12   -0.12 (VIOLATED)
_11401_/A2                              1.00    1.12   -0.12 (VIOLATED)
_11859_/B                               1.00    1.12   -0.12 (VIOLATED)
_11400_/B                               1.00    1.12   -0.12 (VIOLATED)
_11420_/A3                              1.00    1.12   -0.12 (VIOLATED)
_10237_/A2                              1.00    1.12   -0.12 (VIOLATED)
_10236_/B                               1.00    1.12   -0.12 (VIOLATED)
_11849_/S                               1.00    1.12   -0.12 (VIOLATED)
_11873_/B                               1.00    1.12   -0.12 (VIOLATED)
_11419_/B                               1.00    1.12   -0.12 (VIOLATED)
_11912_/S                               1.00    1.12   -0.12 (VIOLATED)
_11899_/Y                               1.00    1.12   -0.12 (VIOLATED)
_10777_/B                               1.00    1.12   -0.12 (VIOLATED)
_11887_/B                               1.00    1.12   -0.12 (VIOLATED)
_11836_/B                               1.00    1.12   -0.12 (VIOLATED)
_11412_/A2                              1.00    1.12   -0.12 (VIOLATED)
_11411_/B                               1.00    1.12   -0.12 (VIOLATED)
_11840_/S                               1.00    1.12   -0.12 (VIOLATED)
_11827_/Y                               1.00    1.12   -0.12 (VIOLATED)
_11446_/B                               1.00    1.12   -0.12 (VIOLATED)
_11399_/A2                              1.00    1.12   -0.12 (VIOLATED)
_11398_/B                               1.00    1.12   -0.12 (VIOLATED)
_11427_/B                               1.00    1.12   -0.12 (VIOLATED)
_10816_/A2                              1.00    1.12   -0.12 (VIOLATED)
_10815_/B                               1.00    1.12   -0.12 (VIOLATED)
_11451_/A2                              1.00    1.12   -0.12 (VIOLATED)
_11450_/B                               1.00    1.12   -0.12 (VIOLATED)
_11433_/A2                              1.00    1.12   -0.12 (VIOLATED)
_11432_/B                               1.00    1.12   -0.12 (VIOLATED)
_11425_/A2                              1.00    1.12   -0.12 (VIOLATED)
_11424_/B                               1.00    1.12   -0.12 (VIOLATED)
_10260_/A2                              1.00    1.12   -0.12 (VIOLATED)
_10259_/B                               1.00    1.12   -0.12 (VIOLATED)
_10249_/A2                              1.00    1.12   -0.12 (VIOLATED)
_11422_/B                               1.00    1.12   -0.12 (VIOLATED)
_10248_/B                               1.00    1.12   -0.12 (VIOLATED)
_11423_/A2                              1.00    1.12   -0.12 (VIOLATED)
_11441_/B                               1.00    1.12   -0.12 (VIOLATED)
_10233_/A2                              1.00    1.11   -0.11 (VIOLATED)
_11417_/S                               1.00    1.11   -0.11 (VIOLATED)
_10232_/B                               1.00    1.11   -0.11 (VIOLATED)
_10791_/B                               1.00    1.11   -0.11 (VIOLATED)
_10769_/B                               1.00    1.11   -0.11 (VIOLATED)
_11455_/B                               1.00    1.11   -0.11 (VIOLATED)
_10770_/A3                              1.00    1.11   -0.11 (VIOLATED)
_10767_/S                               1.00    1.11   -0.11 (VIOLATED)
_11408_/S                               1.00    1.11   -0.11 (VIOLATED)
_11404_/B                               1.00    1.11   -0.11 (VIOLATED)
_11395_/Y                               1.00    1.11   -0.11 (VIOLATED)
_10211_/B                               1.00    1.11   -0.11 (VIOLATED)
_10212_/A2                              1.00    1.11   -0.11 (VIOLATED)
_10217_/B                               1.00    1.11   -0.11 (VIOLATED)
_10218_/A3                              1.00    1.11   -0.11 (VIOLATED)
_10805_/B                               1.00    1.11   -0.11 (VIOLATED)
_10250_/B                               1.00    1.11   -0.11 (VIOLATED)
_10251_/A3                              1.00    1.11   -0.11 (VIOLATED)
_10241_/B                               1.00    1.11   -0.11 (VIOLATED)
_10242_/A2                              1.00    1.11   -0.11 (VIOLATED)
_10754_/B                               1.00    1.11   -0.11 (VIOLATED)
_10246_/B                               1.00    1.11   -0.11 (VIOLATED)
_10247_/A3                              1.00    1.11   -0.11 (VIOLATED)
_10263_/B                               1.00    1.10   -0.10 (VIOLATED)
_10758_/S                               1.00    1.10   -0.10 (VIOLATED)
_10744_/Y                               1.00    1.10   -0.10 (VIOLATED)
_06640_/B2                              1.00    1.10   -0.10 (VIOLATED)
_10264_/A2                              1.00    1.10   -0.10 (VIOLATED)
_06438_/B2                              1.00    1.10   -0.10 (VIOLATED)
_10208_/A2                              1.00    1.10   -0.10 (VIOLATED)
_10207_/B                               1.00    1.10   -0.10 (VIOLATED)
_06631_/B2                              1.00    1.10   -0.10 (VIOLATED)
_06408_/A1                              1.00    1.10   -0.10 (VIOLATED)
_10229_/A2                              1.00    1.10   -0.10 (VIOLATED)
_10228_/B                               1.00    1.10   -0.10 (VIOLATED)
_10230_/B                               1.00    1.10   -0.10 (VIOLATED)
_10231_/A2                              1.00    1.10   -0.10 (VIOLATED)
_06343_/A1                              1.00    1.10   -0.10 (VIOLATED)
_06418_/B2                              1.00    1.10   -0.10 (VIOLATED)
_06350_/B2                              1.00    1.10   -0.10 (VIOLATED)
_06800_/B2                              1.00    1.10   -0.10 (VIOLATED)
_06224_/A1                              1.00    1.10   -0.10 (VIOLATED)
_06321_/A1                              1.00    1.10   -0.10 (VIOLATED)
_06328_/B2                              1.00    1.10   -0.10 (VIOLATED)
_06233_/A1                              1.00    1.10   -0.10 (VIOLATED)
_06203_/A1                              1.00    1.10   -0.10 (VIOLATED)
_10223_/A2                              1.00    1.10   -0.10 (VIOLATED)
_06181_/B1                              1.00    1.10   -0.10 (VIOLATED)
_06683_/A1                              1.00    1.10   -0.10 (VIOLATED)
_06690_/B2                              1.00    1.10   -0.10 (VIOLATED)
_06178_/Y                               1.00    1.10   -0.10 (VIOLATED)
_10222_/B                               1.00    1.10   -0.10 (VIOLATED)
_10234_/B                               1.00    1.10   -0.10 (VIOLATED)
_10235_/A2                              1.00    1.10   -0.10 (VIOLATED)
_10198_/B                               1.00    1.09   -0.09 (VIOLATED)
_10199_/A2                              1.00    1.09   -0.09 (VIOLATED)
_10220_/B                               1.00    1.09   -0.09 (VIOLATED)
_10221_/A2                              1.00    1.09   -0.09 (VIOLATED)
_10210_/A2                              1.00    1.09   -0.09 (VIOLATED)
_10209_/B                               1.00    1.09   -0.09 (VIOLATED)
_10196_/B                               1.00    1.09   -0.09 (VIOLATED)
_10197_/A2                              1.00    1.09   -0.09 (VIOLATED)
_09487_/B                               1.00    1.08   -0.08 (VIOLATED)
_09488_/A1                              1.00    1.08   -0.08 (VIOLATED)
_09630_/A1                              1.00    1.08   -0.08 (VIOLATED)
_09629_/B                               1.00    1.08   -0.08 (VIOLATED)
_09646_/A1                              1.00    1.08   -0.08 (VIOLATED)
_09645_/B                               1.00    1.08   -0.08 (VIOLATED)
_09696_/A1                              1.00    1.08   -0.08 (VIOLATED)
_09695_/B                               1.00    1.08   -0.08 (VIOLATED)
_09656_/B                               1.00    1.08   -0.08 (VIOLATED)
_09657_/A1                              1.00    1.08   -0.08 (VIOLATED)
_09665_/A1                              1.00    1.08   -0.08 (VIOLATED)
_09664_/B                               1.00    1.08   -0.08 (VIOLATED)
_10244_/B                               1.00    1.08   -0.08 (VIOLATED)
_09612_/A1                              1.00    1.08   -0.08 (VIOLATED)
_10239_/B                               1.00    1.08   -0.08 (VIOLATED)
_09611_/B                               1.00    1.08   -0.08 (VIOLATED)
_10225_/B                               1.00    1.08   -0.08 (VIOLATED)
_09595_/A1                              1.00    1.08   -0.08 (VIOLATED)
_09594_/B                               1.00    1.08   -0.08 (VIOLATED)
_09681_/B                               1.00    1.07   -0.07 (VIOLATED)
_09682_/A1                              1.00    1.07   -0.07 (VIOLATED)
_09543_/S                               1.00    1.07   -0.07 (VIOLATED)
_09702_/B                               1.00    1.07   -0.07 (VIOLATED)
_09703_/A1                              1.00    1.07   -0.07 (VIOLATED)
_09689_/B                               1.00    1.07   -0.07 (VIOLATED)
_09690_/A1                              1.00    1.07   -0.07 (VIOLATED)
_09709_/A1                              1.00    1.07   -0.07 (VIOLATED)
_09708_/B                               1.00    1.07   -0.07 (VIOLATED)
_09500_/B                               1.00    1.07   -0.07 (VIOLATED)
_09501_/A1                              1.00    1.07   -0.07 (VIOLATED)
_09532_/A1                              1.00    1.07   -0.07 (VIOLATED)
_09531_/B                               1.00    1.07   -0.07 (VIOLATED)
_09586_/A1                              1.00    1.07   -0.07 (VIOLATED)
_09576_/A1                              1.00    1.07   -0.07 (VIOLATED)
_09575_/B                               1.00    1.07   -0.07 (VIOLATED)
_09585_/B                               1.00    1.07   -0.07 (VIOLATED)
_09558_/B                               1.00    1.07   -0.07 (VIOLATED)
_09559_/A1                              1.00    1.07   -0.07 (VIOLATED)
_09603_/A1                              1.00    1.07   -0.07 (VIOLATED)
_09602_/B                               1.00    1.07   -0.07 (VIOLATED)
_09551_/B                               1.00    1.07   -0.07 (VIOLATED)
_09552_/A1                              1.00    1.07   -0.07 (VIOLATED)
_09452_/A1                              1.00    1.07   -0.07 (VIOLATED)
_09451_/B                               1.00    1.07   -0.07 (VIOLATED)
_09442_/B                               1.00    1.07   -0.07 (VIOLATED)
_09443_/A1                              1.00    1.07   -0.07 (VIOLATED)
_09493_/A1                              1.00    1.07   -0.07 (VIOLATED)
_09492_/B                               1.00    1.07   -0.07 (VIOLATED)
_09621_/B                               1.00    1.07   -0.07 (VIOLATED)
_10202_/B                               1.00    1.06   -0.06 (VIOLATED)
_10404_/B                               1.00    1.06   -0.06 (VIOLATED)
_10405_/A3                              1.00    1.06   -0.06 (VIOLATED)
_10408_/B                               1.00    1.06   -0.06 (VIOLATED)
_10409_/A3                              1.00    1.06   -0.06 (VIOLATED)
_10364_/S                               1.00    1.06   -0.06 (VIOLATED)
_09470_/A                               1.00    1.06   -0.06 (VIOLATED)
_10253_/B                               1.00    1.06   -0.06 (VIOLATED)
_09674_/B                               1.00    1.06   -0.06 (VIOLATED)
_09484_/S                               1.00    1.06   -0.06 (VIOLATED)
_09522_/S                               1.00    1.06   -0.06 (VIOLATED)
_09429_/Y                               1.00    1.06   -0.06 (VIOLATED)
_10402_/B                               1.00    1.06   -0.06 (VIOLATED)
_10215_/S                               1.00    1.06   -0.06 (VIOLATED)
_10403_/A3                              1.00    1.06   -0.06 (VIOLATED)
_10206_/S                               1.00    1.06   -0.06 (VIOLATED)
_10193_/Y                               1.00    1.06   -0.06 (VIOLATED)
_10382_/B                               1.00    1.06   -0.06 (VIOLATED)
_10383_/A2                              1.00    1.06   -0.06 (VIOLATED)
_10378_/B                               1.00    1.06   -0.06 (VIOLATED)
_10379_/A2                              1.00    1.06   -0.06 (VIOLATED)
_10394_/B                               1.00    1.06   -0.06 (VIOLATED)
_10395_/A2                              1.00    1.06   -0.06 (VIOLATED)
_10396_/B                               1.00    1.06   -0.06 (VIOLATED)
_10397_/A3                              1.00    1.05   -0.05 (VIOLATED)
_10387_/B                               1.00    1.05   -0.05 (VIOLATED)
_10388_/A2                              1.00    1.05   -0.05 (VIOLATED)
_10393_/A3                              1.00    1.05   -0.05 (VIOLATED)
_10392_/B                               1.00    1.05   -0.05 (VIOLATED)
_08130_/A1                              1.00    1.05   -0.05 (VIOLATED)
_08108_/A1                              1.00    1.05   -0.05 (VIOLATED)
_08107_/B1                              1.00    1.05   -0.05 (VIOLATED)
_08134_/B1                              1.00    1.05   -0.05 (VIOLATED)
_08085_/B1                              1.00    1.05   -0.05 (VIOLATED)
_08086_/A1                              1.00    1.05   -0.05 (VIOLATED)
_10406_/B                               1.00    1.04   -0.04 (VIOLATED)
_10407_/A2                              1.00    1.04   -0.04 (VIOLATED)
_07225_/A1                              1.00    1.04   -0.04 (VIOLATED)
_08070_/A1                              1.00    1.04   -0.04 (VIOLATED)
_07101_/A                               1.00    1.04   -0.04 (VIOLATED)
_06848_/A                               1.00    1.04   -0.04 (VIOLATED)
_08155_/A2                              1.00    1.04   -0.04 (VIOLATED)
_08280_/A                               1.00    1.04   -0.04 (VIOLATED)
_07825_/B                               1.00    1.04   -0.04 (VIOLATED)
_08380_/A                               1.00    1.04   -0.04 (VIOLATED)
_07675_/A2                              1.00    1.04   -0.04 (VIOLATED)
_07717_/A2                              1.00    1.04   -0.04 (VIOLATED)
_07642_/A2                              1.00    1.04   -0.04 (VIOLATED)
_10353_/A2                              1.00    1.04   -0.04 (VIOLATED)
_10352_/B                               1.00    1.04   -0.04 (VIOLATED)
_07153_/B1                              1.00    1.04   -0.04 (VIOLATED)
_09043_/B                               1.00    1.04   -0.04 (VIOLATED)
_07483_/A2                              1.00    1.04   -0.04 (VIOLATED)
_07600_/A2                              1.00    1.04   -0.04 (VIOLATED)
_07561_/A2                              1.00    1.04   -0.04 (VIOLATED)
_07522_/A2                              1.00    1.04   -0.04 (VIOLATED)
_07485_/B                               1.00    1.04   -0.04 (VIOLATED)
_07432_/B                               1.00    1.04   -0.04 (VIOLATED)
_08398_/S                               1.00    1.04   -0.04 (VIOLATED)
_08893_/S                               1.00    1.04   -0.04 (VIOLATED)
_08937_/A1                              1.00    1.04   -0.04 (VIOLATED)
_08876_/S                               1.00    1.04   -0.04 (VIOLATED)
_08166_/B1                              1.00    1.04   -0.04 (VIOLATED)
_08907_/S                               1.00    1.04   -0.04 (VIOLATED)
_07660_/B2                              1.00    1.04   -0.04 (VIOLATED)
_08985_/A1                              1.00    1.04   -0.04 (VIOLATED)
_08579_/S1                              1.00    1.04   -0.04 (VIOLATED)
_08529_/A                               1.00    1.04   -0.04 (VIOLATED)
_08026_/B2                              1.00    1.04   -0.04 (VIOLATED)
_08268_/C1                              1.00    1.04   -0.04 (VIOLATED)
_08936_/B                               1.00    1.04   -0.04 (VIOLATED)
_07400_/B                               1.00    1.04   -0.04 (VIOLATED)
_08006_/A3                              1.00    1.04   -0.04 (VIOLATED)
_08970_/S                               1.00    1.04   -0.04 (VIOLATED)
_07140_/B                               1.00    1.04   -0.04 (VIOLATED)
_07147_/B                               1.00    1.04   -0.04 (VIOLATED)
_07100_/B                               1.00    1.04   -0.04 (VIOLATED)
_07177_/B                               1.00    1.04   -0.04 (VIOLATED)
_07211_/B                               1.00    1.04   -0.04 (VIOLATED)
_07286_/B                               1.00    1.04   -0.04 (VIOLATED)
_09005_/C1                              1.00    1.04   -0.04 (VIOLATED)
_08262_/S1                              1.00    1.04   -0.04 (VIOLATED)
_07330_/B                               1.00    1.04   -0.04 (VIOLATED)
_07132_/B1                              1.00    1.04   -0.04 (VIOLATED)
_07363_/B                               1.00    1.04   -0.04 (VIOLATED)
_07322_/B2                              1.00    1.04   -0.04 (VIOLATED)
_09006_/A1                              1.00    1.04   -0.04 (VIOLATED)
_10356_/B                               1.00    1.04   -0.04 (VIOLATED)
_10357_/A2                              1.00    1.04   -0.04 (VIOLATED)
_10362_/B                               1.00    1.04   -0.04 (VIOLATED)
_10363_/A3                              1.00    1.04   -0.04 (VIOLATED)
_07302_/A2                              1.00    1.04   -0.04 (VIOLATED)
_10374_/B                               1.00    1.04   -0.04 (VIOLATED)
_10375_/A2                              1.00    1.04   -0.04 (VIOLATED)
_07292_/B                               1.00    1.04   -0.04 (VIOLATED)
_08551_/B                               1.00    1.03   -0.03 (VIOLATED)
_10410_/B                               1.00    1.03   -0.03 (VIOLATED)
_08799_/A1                              1.00    1.03   -0.03 (VIOLATED)
_10411_/A2                              1.00    1.03   -0.03 (VIOLATED)
_08800_/A1                              1.00    1.03   -0.03 (VIOLATED)
_07168_/B2                              1.00    1.03   -0.03 (VIOLATED)
_08682_/A                               1.00    1.03   -0.03 (VIOLATED)
_07821_/B1                              1.00    1.03   -0.03 (VIOLATED)
_07206_/A1                              1.00    1.03   -0.03 (VIOLATED)
_06842_/Y                               1.00    1.03   -0.03 (VIOLATED)
_08635_/A2                              1.00    1.03   -0.03 (VIOLATED)
_08666_/A                               1.00    1.03   -0.03 (VIOLATED)
_08533_/B                               1.00    1.03   -0.03 (VIOLATED)
_10376_/B                               1.00    1.03   -0.03 (VIOLATED)
_10377_/A2                              1.00    1.03   -0.03 (VIOLATED)
_08587_/A                               1.00    1.03   -0.03 (VIOLATED)
_08569_/S                               1.00    1.03   -0.03 (VIOLATED)
_08719_/S                               1.00    1.03   -0.03 (VIOLATED)
_08765_/S                               1.00    1.03   -0.03 (VIOLATED)
_08660_/A                               1.00    1.03   -0.03 (VIOLATED)
_08739_/S                               1.00    1.03   -0.03 (VIOLATED)
_08261_/S                               1.00    1.03   -0.03 (VIOLATED)
_08379_/S                               1.00    1.03   -0.03 (VIOLATED)
_08573_/A1                              1.00    1.03   -0.03 (VIOLATED)
_08494_/S                               1.00    1.03   -0.03 (VIOLATED)
_08618_/C1                              1.00    1.03   -0.03 (VIOLATED)
_08429_/S                               1.00    1.03   -0.03 (VIOLATED)
_08556_/S                               1.00    1.03   -0.03 (VIOLATED)
_08219_/S                               1.00    1.03   -0.03 (VIOLATED)
_08504_/B                               1.00    1.03   -0.03 (VIOLATED)
_08561_/B1                              1.00    1.03   -0.03 (VIOLATED)
_08423_/C1                              1.00    1.03   -0.03 (VIOLATED)
_08562_/A1                              1.00    1.03   -0.03 (VIOLATED)
_08577_/C1                              1.00    1.03   -0.03 (VIOLATED)
_08607_/S0                              1.00    1.03   -0.03 (VIOLATED)
_08217_/X                               1.00    1.03   -0.03 (VIOLATED)
_10367_/B                               1.00    1.03   -0.03 (VIOLATED)
_10368_/A2                              1.00    1.03   -0.03 (VIOLATED)
_10365_/B                               1.00    1.02   -0.02 (VIOLATED)
_10366_/A2                              1.00    1.02   -0.02 (VIOLATED)
_10380_/B                               1.00    1.02   -0.02 (VIOLATED)
_10381_/A2                              1.00    1.02   -0.02 (VIOLATED)
_10342_/B                               1.00    1.01   -0.01 (VIOLATED)
_10343_/A2                              1.00    1.01   -0.01 (VIOLATED)
_11372_/A1                              1.00    1.01   -0.01 (VIOLATED)
_11198_/A1                              1.00    1.01   -0.01 (VIOLATED)
_11125_/A1                              1.00    1.01   -0.01 (VIOLATED)
_11597_/A1                              1.00    1.01   -0.01 (VIOLATED)
_11279_/A1                              1.00    1.01   -0.01 (VIOLATED)
_09880_/A1                              1.00    1.01   -0.01 (VIOLATED)
_11813_/A1                              1.00    1.01   -0.01 (VIOLATED)
_10576_/A1                              1.00    1.01   -0.01 (VIOLATED)
_11050_/A1                              1.00    1.01   -0.01 (VIOLATED)
_10323_/A1                              1.00    1.01   -0.01 (VIOLATED)
_10251_/A1                              1.00    1.01   -0.01 (VIOLATED)
_10107_/A1                              1.00    1.01   -0.01 (VIOLATED)
_10179_/A1                              1.00    1.01   -0.01 (VIOLATED)
_09960_/A1                              1.00    1.01   -0.01 (VIOLATED)
_10032_/A1                              1.00    1.01   -0.01 (VIOLATED)
_11525_/A1                              1.00    1.01   -0.01 (VIOLATED)
_10978_/A1                              1.00    1.01   -0.01 (VIOLATED)
_11741_/A1                              1.00    1.01   -0.01 (VIOLATED)
_10656_/A1                              1.00    1.01   -0.01 (VIOLATED)
_09665_/A2                              1.00    1.01   -0.01 (VIOLATED)
_11669_/A1                              1.00    1.01   -0.01 (VIOLATED)
_10907_/A1                              1.00    1.01   -0.01 (VIOLATED)
_11957_/A1                              1.00    1.01   -0.01 (VIOLATED)
_11885_/A1                              1.00    1.01   -0.01 (VIOLATED)
_10397_/A1                              1.00    1.01   -0.01 (VIOLATED)
_10729_/A1                              1.00    1.01   -0.01 (VIOLATED)
_09793_/A1                              1.00    1.01   -0.01 (VIOLATED)
_10480_/A1                              1.00    1.01   -0.01 (VIOLATED)
_10803_/A1                              1.00    1.01   -0.01 (VIOLATED)
_11453_/A1                              1.00    1.01   -0.01 (VIOLATED)
_10355_/A2                              1.00    1.01   -0.01 (VIOLATED)
_10354_/B                               1.00    1.01   -0.01 (VIOLATED)
_12031_/A1                              1.00    1.01   -0.01 (VIOLATED)
_10341_/A2                              1.00    1.00   -0.00 (VIOLATED)
_10340_/B                               1.00    1.00   -0.00 (VIOLATED)
_07477_/A1                              1.00    1.00   -0.00 (VIOLATED)
_10390_/B                               1.00    1.00   -0.00 (VIOLATED)
_07856_/B1                              1.00    1.00   -0.00 (VIOLATED)
_07997_/C1                              1.00    1.00   -0.00 (VIOLATED)
_07558_/A1                              1.00    1.00   -0.00 (VIOLATED)
_07671_/B1                              1.00    1.00   -0.00 (VIOLATED)
_08028_/A1                              1.00    1.00   -0.00 (VIOLATED)
_06999_/D1                              1.00    1.00   -0.00 (VIOLATED)
_07284_/A1                              1.00    1.00   -0.00 (VIOLATED)
_07595_/C1                              1.00    1.00   -0.00 (VIOLATED)
_06998_/Y                               1.00    1.00   -0.00 (VIOLATED)

max capacitance

Pin                                    Limit     Cap   Slack
------------------------------------------------------------
_10265_/Y                               0.39    0.48   -0.08 (VIOLATED)
_10413_/Y                               0.39    0.47   -0.07 (VIOLATED)
_10849_/Y                               0.39    0.45   -0.05 (VIOLATED)
_11974_/Y                               0.39    0.45   -0.05 (VIOLATED)
_11827_/Y                               0.39    0.45   -0.05 (VIOLATED)
_06895_/Y                               0.20    0.25   -0.05 (VIOLATED)
_11899_/Y                               0.39    0.44   -0.05 (VIOLATED)
_11395_/Y                               0.39    0.44   -0.05 (VIOLATED)
_10744_/Y                               0.39    0.44   -0.04 (VIOLATED)
_09429_/Y                               0.39    0.42   -0.03 (VIOLATED)
_06178_/Y                               0.23    0.25   -0.02 (VIOLATED)
_10193_/Y                               0.39    0.42   -0.02 (VIOLATED)
_07014_/Y                               0.13    0.15   -0.02 (VIOLATED)
_08217_/X                               0.40    0.42   -0.02 (VIOLATED)
_06842_/Y                               0.39    0.41   -0.01 (VIOLATED)
_09660_/Y                               0.19    0.20   -0.00 (VIOLATED)
_06998_/Y                               0.20    0.20   -0.00 (VIOLATED)


==========================================================================
finish max_slew_check_slack
--------------------------------------------------------------------------
-0.22712565958499908

==========================================================================
finish max_slew_check_limit
--------------------------------------------------------------------------
1.0

==========================================================================
finish max_slew_check_slack_limit
--------------------------------------------------------------------------
-0.2271

==========================================================================
finish max_fanout_check_slack
--------------------------------------------------------------------------
1.0000000150474662e+30

==========================================================================
finish max_fanout_check_limit
--------------------------------------------------------------------------
1.0000000150474662e+30

==========================================================================
finish max_capacitance_check_slack
--------------------------------------------------------------------------
-0.0820484608411789

==========================================================================
finish max_capacitance_check_limit
--------------------------------------------------------------------------
0.3948799967765808

==========================================================================
finish max_capacitance_check_slack_limit
--------------------------------------------------------------------------
-0.2078

==========================================================================
finish max_slew_violation_count
--------------------------------------------------------------------------
max slew violation count 738

==========================================================================
finish max_fanout_violation_count
--------------------------------------------------------------------------
max fanout violation count 0

==========================================================================
finish max_cap_violation_count
--------------------------------------------------------------------------
max cap violation count 17

==========================================================================
finish setup_violation_count
--------------------------------------------------------------------------
setup violation count 0

==========================================================================
finish hold_violation_count
--------------------------------------------------------------------------
hold violation count 0

==========================================================================
finish critical path delay
--------------------------------------------------------------------------
5.6538

==========================================================================
finish critical path slack
--------------------------------------------------------------------------
0.4262

==========================================================================
finish slack div critical path delay
--------------------------------------------------------------------------
7.538293

==========================================================================
finish report_power
--------------------------------------------------------------------------
Group                  Internal  Switching    Leakage      Total
                          Power      Power      Power      Power (Watts)
----------------------------------------------------------------
Sequential             1.10e-02   1.87e-03   4.19e-07   1.29e-02  31.2%
Combinational          1.87e-02   9.70e-03   4.96e-07   2.84e-02  68.8%
Macro                  0.00e+00   0.00e+00   0.00e+00   0.00e+00   0.0%
Pad                    0.00e+00   0.00e+00   0.00e+00   0.00e+00   0.0%
----------------------------------------------------------------
Total                  2.98e-02   1.16e-02   9.15e-07   4.13e-02 100.0%
                          72.0%      28.0%       0.0%

==========================================================================
finish report_design_area
--------------------------------------------------------------------------
Design area 107120 u^2 57% utilization.

[WARNING GUI-0076] Could not find the Qt platform plugin "wayland" in ""
Elapsed time: 0:09.08[h:]min:sec. CPU time: user 8.92 sys 0.13 (99%). Peak memory: 375932KB.
