OpenROAD autotuner-v1-2861-g832b18e7 
This program is licensed under the BSD-3 license. See the LICENSE file for details.
Components of this program may be licensed under more restrictive licenses which must be honored.
[INFO ORD-0030] Using 16 thread(s).
detailed_route arguments: -bottom_routing_layer Metal2 -top_routing_layer Metal4 -via_in_pin_bottom_layer Metal1 -via_in_pin_top_layer Metal1 -disable_via_gen -save_guide_updates -verbose 1 -drc_report_iter_step 5
[INFO DRT-0149] Reading tech and libs.
[WARNING DRT-0140] SpacingRange unsupported.
[WARNING DRT-0140] SpacingRange unsupported.
[WARNING DRT-0140] SpacingRange unsupported.
[WARNING DRT-0140] SpacingRange unsupported.
[WARNING DRT-0140] SpacingRange unsupported.

Units:                2000
Number of layers:     11
Number of macros:     229
Number of vias:       60
Number of viarulegen: 18

[INFO DRT-0150] Reading design.

Design:                   uart_rx
Die area:                 ( 0 0 ) ( 416670 416670 )
Number of track patterns: 10
Number of DEF vias:       0
Number of components:     1245
Number of terminals:      32
Number of snets:          2
Number of nets:           350

[INFO DRT-0167] List of default vias:
  Layer Via2
    default via: Via2_VH
  Layer Via3
    default via: Via3_HV
  Layer Via4
    default via: Via4_1_VH
[INFO DRT-0162] Library cell analysis.
[INFO DRT-0163] Instance analysis.
[INFO DRT-0164] Number of unique instances = 83.
[INFO DRT-0168] Init region query.
[INFO DRT-0024]   Complete Poly2.
[INFO DRT-0024]   Complete CON.
[INFO DRT-0024]   Complete Metal1.
[INFO DRT-0024]   Complete Via1.
[INFO DRT-0024]   Complete Metal2.
[INFO DRT-0024]   Complete Via2.
[INFO DRT-0024]   Complete Metal3.
[INFO DRT-0024]   Complete Via3.
[INFO DRT-0024]   Complete Metal4.
[INFO DRT-0024]   Complete Via4.
[INFO DRT-0024]   Complete Metal5.
[INFO DRT-0033] Poly2 shape region query size = 0.
[INFO DRT-0033] CON shape region query size = 0.
[INFO DRT-0033] Metal1 shape region query size = 11084.
[INFO DRT-0033] Via1 shape region query size = 720.
[INFO DRT-0033] Metal2 shape region query size = 360.
[INFO DRT-0033] Via2 shape region query size = 1440.
[INFO DRT-0033] Metal3 shape region query size = 392.
[INFO DRT-0033] Via3 shape region query size = 1440.
[INFO DRT-0033] Metal4 shape region query size = 207.
[INFO DRT-0033] Via4 shape region query size = 288.
[INFO DRT-0033] Metal5 shape region query size = 22.
[INFO DRT-0165] Start pin access.
[INFO DRT-0076]   Complete 100 pins.
[INFO DRT-0076]   Complete 200 pins.
[INFO DRT-0078]   Complete 235 pins.
[INFO DRT-0081]   Complete 63 unique inst patterns.
[INFO DRT-0084]   Complete 309 groups.
#scanned instances     = 1245
#unique  instances     = 83
#stdCellGenAp          = 4489
#stdCellValidPlanarAp  = 0
#stdCellValidViaAp     = 1430
#stdCellPinNoAp        = 0
#stdCellPinCnt         = 1029
#instTermValidViaApCnt = 0
#macroGenAp            = 0
#macroValidPlanarAp    = 0
#macroValidViaAp       = 0
#macroNoAp             = 0
[INFO DRT-0166] Complete pin access.
[INFO DRT-0267] cpu time = 00:00:04, elapsed time = 00:00:00, memory = 116.95 (MB), peak = 116.95 (MB)

Number of guides:     2800

[INFO DRT-0169] Post process guides.
[INFO DRT-0176] GCELLGRID X 0 DO 24 STEP 16800 ;
[INFO DRT-0177] GCELLGRID Y 0 DO 24 STEP 16800 ;
[INFO DRT-0028]   Complete Poly2.
[INFO DRT-0028]   Complete CON.
[INFO DRT-0028]   Complete Metal1.
[INFO DRT-0028]   Complete Via1.
[INFO DRT-0028]   Complete Metal2.
[INFO DRT-0028]   Complete Via2.
[INFO DRT-0028]   Complete Metal3.
[INFO DRT-0028]   Complete Via3.
[INFO DRT-0028]   Complete Metal4.
[INFO DRT-0028]   Complete Via4.
[INFO DRT-0028]   Complete Metal5.
[INFO DRT-0178] Init guide query.
[INFO DRT-0035]   Complete Poly2 (guide).
[INFO DRT-0035]   Complete CON (guide).
[INFO DRT-0035]   Complete Metal1 (guide).
[INFO DRT-0035]   Complete Via1 (guide).
[INFO DRT-0035]   Complete Metal2 (guide).
[INFO DRT-0035]   Complete Via2 (guide).
[INFO DRT-0035]   Complete Metal3 (guide).
[INFO DRT-0035]   Complete Via3 (guide).
[INFO DRT-0035]   Complete Metal4 (guide).
[INFO DRT-0035]   Complete Via4 (guide).
[INFO DRT-0035]   Complete Metal5 (guide).
[INFO DRT-0036] Poly2 guide region query size = 0.
[INFO DRT-0036] CON guide region query size = 0.
[INFO DRT-0036] Metal1 guide region query size = 923.
[INFO DRT-0036] Via1 guide region query size = 0.
[INFO DRT-0036] Metal2 guide region query size = 813.
[INFO DRT-0036] Via2 guide region query size = 0.
[INFO DRT-0036] Metal3 guide region query size = 446.
[INFO DRT-0036] Via3 guide region query size = 0.
[INFO DRT-0036] Metal4 guide region query size = 5.
[INFO DRT-0036] Via4 guide region query size = 0.
[INFO DRT-0036] Metal5 guide region query size = 0.
[INFO DRT-0179] Init gr pin query.
[INFO DRT-0185] Post process initialize RPin region query.
[INFO DRT-0181] Start track assignment.
[INFO DRT-0184] Done with 818 vertical wires in 1 frboxes and 1369 horizontal wires in 1 frboxes.
[INFO DRT-0186] Done with 141 vertical wires in 1 frboxes and 70 horizontal wires in 1 frboxes.
[INFO DRT-0182] Complete track assignment.
[INFO DRT-0267] cpu time = 00:00:00, elapsed time = 00:00:00, memory = 127.66 (MB), peak = 127.66 (MB)
[INFO DRT-0187] Start routing data preparation.
[INFO DRT-0267] cpu time = 00:00:00, elapsed time = 00:00:00, memory = 127.66 (MB), peak = 127.66 (MB)
[INFO DRT-0194] Start detail routing.
[INFO DRT-0195] Start 0th optimization iteration.
    Completing 10% with 0 violations.
    elapsed time = 00:00:00, memory = 146.62 (MB).
    Completing 20% with 0 violations.
    elapsed time = 00:00:00, memory = 138.42 (MB).
    Completing 30% with 15 violations.
    elapsed time = 00:00:00, memory = 138.42 (MB).
    Completing 40% with 15 violations.
    elapsed time = 00:00:00, memory = 155.42 (MB).
    Completing 50% with 15 violations.
    elapsed time = 00:00:01, memory = 156.97 (MB).
    Completing 60% with 25 violations.
    elapsed time = 00:00:01, memory = 156.97 (MB).
    Completing 70% with 25 violations.
    elapsed time = 00:00:01, memory = 165.21 (MB).
    Completing 80% with 36 violations.
    elapsed time = 00:00:01, memory = 165.21 (MB).
    Completing 90% with 36 violations.
    elapsed time = 00:00:01, memory = 175.58 (MB).
    Completing 100% with 48 violations.
    elapsed time = 00:00:02, memory = 173.83 (MB).
[INFO DRT-0199]   Number of violations = 205.
Viol/Layer      Metal1 Metal2 Metal3 Metal4
Metal Spacing        6     10      1      0
Recheck              0     79     76      2
Short                0     28      3      0
[INFO DRT-0267] cpu time = 00:00:04, elapsed time = 00:00:02, memory = 474.44 (MB), peak = 486.36 (MB)
Total wire length = 13793 um.
Total wire length on LAYER Metal1 = 0 um.
Total wire length on LAYER Metal2 = 7470 um.
Total wire length on LAYER Metal3 = 6212 um.
Total wire length on LAYER Metal4 = 110 um.
Total wire length on LAYER Metal5 = 0 um.
Total number of vias = 1928.
Up-via summary (total 1928):.

---------------
  Poly2       0
 Metal1    1027
 Metal2     895
 Metal3       6
 Metal4       0
---------------
           1928


[INFO DRT-0195] Start 1st optimization iteration.
    Completing 10% with 205 violations.
    elapsed time = 00:00:00, memory = 484.74 (MB).
    Completing 20% with 205 violations.
    elapsed time = 00:00:00, memory = 488.09 (MB).
    Completing 30% with 98 violations.
    elapsed time = 00:00:00, memory = 497.16 (MB).
    Completing 40% with 98 violations.
    elapsed time = 00:00:00, memory = 500.77 (MB).
    Completing 50% with 98 violations.
    elapsed time = 00:00:00, memory = 500.77 (MB).
    Completing 60% with 77 violations.
    elapsed time = 00:00:00, memory = 500.77 (MB).
    Completing 70% with 77 violations.
    elapsed time = 00:00:01, memory = 513.66 (MB).
    Completing 80% with 51 violations.
    elapsed time = 00:00:01, memory = 513.66 (MB).
    Completing 90% with 51 violations.
    elapsed time = 00:00:01, memory = 524.27 (MB).
    Completing 100% with 10 violations.
    elapsed time = 00:00:01, memory = 527.37 (MB).
[INFO DRT-0199]   Number of violations = 10.
Viol/Layer      Metal2 Metal3
Short                9      1
[INFO DRT-0267] cpu time = 00:00:04, elapsed time = 00:00:01, memory = 527.49 (MB), peak = 539.48 (MB)
Total wire length = 13620 um.
Total wire length on LAYER Metal1 = 0 um.
Total wire length on LAYER Metal2 = 7459 um.
Total wire length on LAYER Metal3 = 6067 um.
Total wire length on LAYER Metal4 = 94 um.
Total wire length on LAYER Metal5 = 0 um.
Total number of vias = 1899.
Up-via summary (total 1899):.

---------------
  Poly2       0
 Metal1    1027
 Metal2     868
 Metal3       4
 Metal4       0
---------------
           1899


[INFO DRT-0195] Start 2nd optimization iteration.
    Completing 10% with 10 violations.
    elapsed time = 00:00:00, memory = 527.49 (MB).
    Completing 20% with 10 violations.
    elapsed time = 00:00:00, memory = 527.49 (MB).
    Completing 30% with 10 violations.
    elapsed time = 00:00:00, memory = 527.49 (MB).
    Completing 40% with 9 violations.
    elapsed time = 00:00:00, memory = 527.49 (MB).
    Completing 50% with 9 violations.
    elapsed time = 00:00:00, memory = 527.49 (MB).
    Completing 60% with 9 violations.
    elapsed time = 00:00:00, memory = 532.90 (MB).
    Completing 70% with 7 violations.
    elapsed time = 00:00:00, memory = 532.90 (MB).
    Completing 80% with 7 violations.
    elapsed time = 00:00:00, memory = 532.90 (MB).
    Completing 90% with 8 violations.
    elapsed time = 00:00:00, memory = 538.32 (MB).
    Completing 100% with 7 violations.
    elapsed time = 00:00:01, memory = 554.56 (MB).
[INFO DRT-0199]   Number of violations = 7.
Viol/Layer      Metal2 Metal3
Short                6      1
[INFO DRT-0267] cpu time = 00:00:02, elapsed time = 00:00:01, memory = 554.56 (MB), peak = 566.41 (MB)
Total wire length = 13599 um.
Total wire length on LAYER Metal1 = 0 um.
Total wire length on LAYER Metal2 = 7434 um.
Total wire length on LAYER Metal3 = 6063 um.
Total wire length on LAYER Metal4 = 102 um.
Total wire length on LAYER Metal5 = 0 um.
Total number of vias = 1881.
Up-via summary (total 1881):.

---------------
  Poly2       0
 Metal1    1027
 Metal2     850
 Metal3       4
 Metal4       0
---------------
           1881


[INFO DRT-0195] Start 3rd optimization iteration.
    Completing 10% with 7 violations.
    elapsed time = 00:00:00, memory = 554.56 (MB).
    Completing 20% with 7 violations.
    elapsed time = 00:00:00, memory = 554.56 (MB).
    Completing 30% with 5 violations.
    elapsed time = 00:00:00, memory = 554.56 (MB).
    Completing 40% with 5 violations.
    elapsed time = 00:00:00, memory = 554.56 (MB).
    Completing 50% with 5 violations.
    elapsed time = 00:00:00, memory = 555.85 (MB).
    Completing 60% with 3 violations.
    elapsed time = 00:00:00, memory = 555.85 (MB).
    Completing 70% with 3 violations.
    elapsed time = 00:00:00, memory = 555.85 (MB).
    Completing 80% with 2 violations.
    elapsed time = 00:00:00, memory = 555.85 (MB).
    Completing 90% with 2 violations.
    elapsed time = 00:00:00, memory = 555.85 (MB).
    Completing 100% with 0 violations.
    elapsed time = 00:00:00, memory = 548.61 (MB).
[INFO DRT-0199]   Number of violations = 0.
[INFO DRT-0267] cpu time = 00:00:01, elapsed time = 00:00:00, memory = 548.61 (MB), peak = 566.41 (MB)
Total wire length = 13594 um.
Total wire length on LAYER Metal1 = 0 um.
Total wire length on LAYER Metal2 = 7386 um.
Total wire length on LAYER Metal3 = 6065 um.
Total wire length on LAYER Metal4 = 142 um.
Total wire length on LAYER Metal5 = 0 um.
Total number of vias = 1893.
Up-via summary (total 1893):.

---------------
  Poly2       0
 Metal1    1027
 Metal2     855
 Metal3      11
 Metal4       0
---------------
           1893


[INFO DRT-0198] Complete detail routing.
Total wire length = 13594 um.
Total wire length on LAYER Metal1 = 0 um.
Total wire length on LAYER Metal2 = 7386 um.
Total wire length on LAYER Metal3 = 6065 um.
Total wire length on LAYER Metal4 = 142 um.
Total wire length on LAYER Metal5 = 0 um.
Total number of vias = 1893.
Up-via summary (total 1893):.

---------------
  Poly2       0
 Metal1    1027
 Metal2     855
 Metal3      11
 Metal4       0
---------------
           1893


[INFO DRT-0267] cpu time = 00:00:13, elapsed time = 00:00:05, memory = 548.61 (MB), peak = 566.41 (MB)

[INFO DRT-0180] Post processing.
Elapsed time: 0:06.75[h:]min:sec. CPU time: user 18.32 sys 0.19 (274%). Peak memory: 580008KB.
