OpenROAD autotuner-v1-2861-g832b18e7 
This program is licensed under the BSD-3 license. See the LICENSE file for details.
Components of this program may be licensed under more restrictive licenses which must be honored.
[INFO PPL-0048] Restrict pins [io_outs_down[0] io_outs_down[1] io_outs_down[2] io_outs_down[3] io_outs_down[4] io_outs_down[5] io_outs_down[6] io_outs_down[7] io_outs_down[8] io_outs_down[9] io_outs_down[10] io_outs_down[11] io_outs_down[12] io_outs_down[13] io_outs_down[14] io_outs_down[15] io_outs_down[16] io_outs_down[17] io_outs_down[18] io_outs_down[19] io_outs_down[20] io_outs_down[21] io_outs_down[22] io_outs_down[23] io_outs_down[24] io_outs_down[25] io_outs_down[26] io_outs_down[27] io_outs_down[28] io_outs_down[29] io_outs_down[30] io_outs_down[31] io_outs_down[32] io_outs_down[33] io_outs_down[34] io_outs_down[35] io_outs_down[36] io_outs_down[37] io_outs_down[38] io_outs_down[39] io_outs_down[40] io_outs_down[41] io_outs_down[42] io_outs_down[43] io_outs_down[44] io_outs_down[45] io_outs_down[46] io_outs_down[47] io_outs_down[48] io_outs_down[49] io_outs_down[50] io_outs_down[51] io_outs_down[52] io_outs_down[53] io_outs_down[54] io_outs_down[55] io_outs_down[56] io_outs_down[57] io_outs_down[58] io_outs_down[59] io_outs_down[60] io_outs_down[61] io_outs_down[62] io_outs_down[63] io_ins_up[0] io_ins_up[1] io_ins_up[2] io_ins_up[3] io_ins_up[4] io_ins_up[5] io_ins_up[6] io_ins_up[7] io_ins_up[8] io_ins_up[9] io_ins_up[10] io_ins_up[11] io_ins_up[12] io_ins_up[13] io_ins_up[14] io_ins_up[15] io_ins_up[16] io_ins_up[17] io_ins_up[18] io_ins_up[19] io_ins_up[20] io_ins_up[21] io_ins_up[22] io_ins_up[23] io_ins_up[24] io_ins_up[25] io_ins_up[26] io_ins_up[27] io_ins_up[28] io_ins_up[29] io_ins_up[30] io_ins_up[31] io_ins_up[32] io_ins_up[33] io_ins_up[34] io_ins_up[35] io_ins_up[36] io_ins_up[37] io_ins_up[38] io_ins_up[39] io_ins_up[40] io_ins_up[41] io_ins_up[42] io_ins_up[43] io_ins_up[44] io_ins_up[45] io_ins_up[46] io_ins_up[47] io_ins_up[48] io_ins_up[49] io_ins_up[50] io_ins_up[51] io_ins_up[52] io_ins_up[53] io_ins_up[54] io_ins_up[55] io_ins_up[56] io_ins_up[57] io_ins_up[58] io_ins_up[59] io_ins_up[60] io_ins_up[61] io_ins_up[62] io_ins_up[63]] to region 0.0u-43.2u at the bottom edge.
[INFO PPL-0044] Pin group: [ io_outs_down[0] io_outs_down[1] io_outs_down[2] io_outs_down[3] io_outs_down[4] io_outs_down[5] io_outs_down[6] io_outs_down[7] io_outs_down[8] io_outs_down[9] io_outs_down[10] io_outs_down[11] io_outs_down[12] io_outs_down[13] io_outs_down[14] io_outs_down[15] io_outs_down[16] io_outs_down[17] io_outs_down[18] io_outs_down[19] io_outs_down[20] io_outs_down[21] io_outs_down[22] io_outs_down[23] io_outs_down[24] io_outs_down[25] io_outs_down[26] io_outs_down[27] io_outs_down[28] io_outs_down[29] io_outs_down[30] io_outs_down[31] io_outs_down[32] io_outs_down[33] io_outs_down[34] io_outs_down[35] io_outs_down[36] io_outs_down[37] io_outs_down[38] io_outs_down[39] io_outs_down[40] io_outs_down[41] io_outs_down[42] io_outs_down[43] io_outs_down[44] io_outs_down[45] io_outs_down[46] io_outs_down[47] io_outs_down[48] io_outs_down[49] io_outs_down[50] io_outs_down[51] io_outs_down[52] io_outs_down[53] io_outs_down[54] io_outs_down[55] io_outs_down[56] io_outs_down[57] io_outs_down[58] io_outs_down[59] io_outs_down[60] io_outs_down[61] io_outs_down[62] io_outs_down[63] io_ins_up[0] io_ins_up[1] io_ins_up[2] io_ins_up[3] io_ins_up[4] io_ins_up[5] io_ins_up[6] io_ins_up[7] io_ins_up[8] io_ins_up[9] io_ins_up[10] io_ins_up[11] io_ins_up[12] io_ins_up[13] io_ins_up[14] io_ins_up[15] io_ins_up[16] io_ins_up[17] io_ins_up[18] io_ins_up[19] io_ins_up[20] io_ins_up[21] io_ins_up[22] io_ins_up[23] io_ins_up[24] io_ins_up[25] io_ins_up[26] io_ins_up[27] io_ins_up[28] io_ins_up[29] io_ins_up[30] io_ins_up[31] io_ins_up[32] io_ins_up[33] io_ins_up[34] io_ins_up[35] io_ins_up[36] io_ins_up[37] io_ins_up[38] io_ins_up[39] io_ins_up[40] io_ins_up[41] io_ins_up[42] io_ins_up[43] io_ins_up[44] io_ins_up[45] io_ins_up[46] io_ins_up[47] io_ins_up[48] io_ins_up[49] io_ins_up[50] io_ins_up[51] io_ins_up[52] io_ins_up[53] io_ins_up[54] io_ins_up[55] io_ins_up[56] io_ins_up[57] io_ins_up[58] io_ins_up[59] io_ins_up[60] io_ins_up[61] io_ins_up[62] io_ins_up[63] ]
[INFO PPL-0080] Mirroring pins io_outs_down[0] and io_ins_down[0].
[INFO PPL-0080] Mirroring pins io_outs_down[1] and io_ins_down[1].
[INFO PPL-0080] Mirroring pins io_outs_down[2] and io_ins_down[2].
[INFO PPL-0080] Mirroring pins io_outs_down[3] and io_ins_down[3].
[INFO PPL-0080] Mirroring pins io_outs_down[4] and io_ins_down[4].
[INFO PPL-0080] Mirroring pins io_outs_down[5] and io_ins_down[5].
[INFO PPL-0080] Mirroring pins io_outs_down[6] and io_ins_down[6].
[INFO PPL-0080] Mirroring pins io_outs_down[7] and io_ins_down[7].
[INFO PPL-0080] Mirroring pins io_outs_down[8] and io_ins_down[8].
[INFO PPL-0080] Mirroring pins io_outs_down[9] and io_ins_down[9].
[INFO PPL-0080] Mirroring pins io_outs_down[10] and io_ins_down[10].
[INFO PPL-0080] Mirroring pins io_outs_down[11] and io_ins_down[11].
[INFO PPL-0080] Mirroring pins io_outs_down[12] and io_ins_down[12].
[INFO PPL-0080] Mirroring pins io_outs_down[13] and io_ins_down[13].
[INFO PPL-0080] Mirroring pins io_outs_down[14] and io_ins_down[14].
[INFO PPL-0080] Mirroring pins io_outs_down[15] and io_ins_down[15].
[INFO PPL-0080] Mirroring pins io_outs_down[16] and io_ins_down[16].
[INFO PPL-0080] Mirroring pins io_outs_down[17] and io_ins_down[17].
[INFO PPL-0080] Mirroring pins io_outs_down[18] and io_ins_down[18].
[INFO PPL-0080] Mirroring pins io_outs_down[19] and io_ins_down[19].
[INFO PPL-0080] Mirroring pins io_outs_down[20] and io_ins_down[20].
[INFO PPL-0080] Mirroring pins io_outs_down[21] and io_ins_down[21].
[INFO PPL-0080] Mirroring pins io_outs_down[22] and io_ins_down[22].
[INFO PPL-0080] Mirroring pins io_outs_down[23] and io_ins_down[23].
[INFO PPL-0080] Mirroring pins io_outs_down[24] and io_ins_down[24].
[INFO PPL-0080] Mirroring pins io_outs_down[25] and io_ins_down[25].
[INFO PPL-0080] Mirroring pins io_outs_down[26] and io_ins_down[26].
[INFO PPL-0080] Mirroring pins io_outs_down[27] and io_ins_down[27].
[INFO PPL-0080] Mirroring pins io_outs_down[28] and io_ins_down[28].
[INFO PPL-0080] Mirroring pins io_outs_down[29] and io_ins_down[29].
[INFO PPL-0080] Mirroring pins io_outs_down[30] and io_ins_down[30].
[INFO PPL-0080] Mirroring pins io_outs_down[31] and io_ins_down[31].
[INFO PPL-0080] Mirroring pins io_outs_down[32] and io_ins_down[32].
[INFO PPL-0080] Mirroring pins io_outs_down[33] and io_ins_down[33].
[INFO PPL-0080] Mirroring pins io_outs_down[34] and io_ins_down[34].
[INFO PPL-0080] Mirroring pins io_outs_down[35] and io_ins_down[35].
[INFO PPL-0080] Mirroring pins io_outs_down[36] and io_ins_down[36].
[INFO PPL-0080] Mirroring pins io_outs_down[37] and io_ins_down[37].
[INFO PPL-0080] Mirroring pins io_outs_down[38] and io_ins_down[38].
[INFO PPL-0080] Mirroring pins io_outs_down[39] and io_ins_down[39].
[INFO PPL-0080] Mirroring pins io_outs_down[40] and io_ins_down[40].
[INFO PPL-0080] Mirroring pins io_outs_down[41] and io_ins_down[41].
[INFO PPL-0080] Mirroring pins io_outs_down[42] and io_ins_down[42].
[INFO PPL-0080] Mirroring pins io_outs_down[43] and io_ins_down[43].
[INFO PPL-0080] Mirroring pins io_outs_down[44] and io_ins_down[44].
[INFO PPL-0080] Mirroring pins io_outs_down[45] and io_ins_down[45].
[INFO PPL-0080] Mirroring pins io_outs_down[46] and io_ins_down[46].
[INFO PPL-0080] Mirroring pins io_outs_down[47] and io_ins_down[47].
[INFO PPL-0080] Mirroring pins io_outs_down[48] and io_ins_down[48].
[INFO PPL-0080] Mirroring pins io_outs_down[49] and io_ins_down[49].
[INFO PPL-0080] Mirroring pins io_outs_down[50] and io_ins_down[50].
[INFO PPL-0080] Mirroring pins io_outs_down[51] and io_ins_down[51].
[INFO PPL-0080] Mirroring pins io_outs_down[52] and io_ins_down[52].
[INFO PPL-0080] Mirroring pins io_outs_down[53] and io_ins_down[53].
[INFO PPL-0080] Mirroring pins io_outs_down[54] and io_ins_down[54].
[INFO PPL-0080] Mirroring pins io_outs_down[55] and io_ins_down[55].
[INFO PPL-0080] Mirroring pins io_outs_down[56] and io_ins_down[56].
[INFO PPL-0080] Mirroring pins io_outs_down[57] and io_ins_down[57].
[INFO PPL-0080] Mirroring pins io_outs_down[58] and io_ins_down[58].
[INFO PPL-0080] Mirroring pins io_outs_down[59] and io_ins_down[59].
[INFO PPL-0080] Mirroring pins io_outs_down[60] and io_ins_down[60].
[INFO PPL-0080] Mirroring pins io_outs_down[61] and io_ins_down[61].
[INFO PPL-0080] Mirroring pins io_outs_down[62] and io_ins_down[62].
[INFO PPL-0080] Mirroring pins io_outs_down[63] and io_ins_down[63].
[INFO PPL-0080] Mirroring pins io_ins_up[0] and io_outs_up[0].
[INFO PPL-0080] Mirroring pins io_ins_up[1] and io_outs_up[1].
[INFO PPL-0080] Mirroring pins io_ins_up[2] and io_outs_up[2].
[INFO PPL-0080] Mirroring pins io_ins_up[3] and io_outs_up[3].
[INFO PPL-0080] Mirroring pins io_ins_up[4] and io_outs_up[4].
[INFO PPL-0080] Mirroring pins io_ins_up[5] and io_outs_up[5].
[INFO PPL-0080] Mirroring pins io_ins_up[6] and io_outs_up[6].
[INFO PPL-0080] Mirroring pins io_ins_up[7] and io_outs_up[7].
[INFO PPL-0080] Mirroring pins io_ins_up[8] and io_outs_up[8].
[INFO PPL-0080] Mirroring pins io_ins_up[9] and io_outs_up[9].
[INFO PPL-0080] Mirroring pins io_ins_up[10] and io_outs_up[10].
[INFO PPL-0080] Mirroring pins io_ins_up[11] and io_outs_up[11].
[INFO PPL-0080] Mirroring pins io_ins_up[12] and io_outs_up[12].
[INFO PPL-0080] Mirroring pins io_ins_up[13] and io_outs_up[13].
[INFO PPL-0080] Mirroring pins io_ins_up[14] and io_outs_up[14].
[INFO PPL-0080] Mirroring pins io_ins_up[15] and io_outs_up[15].
[INFO PPL-0080] Mirroring pins io_ins_up[16] and io_outs_up[16].
[INFO PPL-0080] Mirroring pins io_ins_up[17] and io_outs_up[17].
[INFO PPL-0080] Mirroring pins io_ins_up[18] and io_outs_up[18].
[INFO PPL-0080] Mirroring pins io_ins_up[19] and io_outs_up[19].
[INFO PPL-0080] Mirroring pins io_ins_up[20] and io_outs_up[20].
[INFO PPL-0080] Mirroring pins io_ins_up[21] and io_outs_up[21].
[INFO PPL-0080] Mirroring pins io_ins_up[22] and io_outs_up[22].
[INFO PPL-0080] Mirroring pins io_ins_up[23] and io_outs_up[23].
[INFO PPL-0080] Mirroring pins io_ins_up[24] and io_outs_up[24].
[INFO PPL-0080] Mirroring pins io_ins_up[25] and io_outs_up[25].
[INFO PPL-0080] Mirroring pins io_ins_up[26] and io_outs_up[26].
[INFO PPL-0080] Mirroring pins io_ins_up[27] and io_outs_up[27].
[INFO PPL-0080] Mirroring pins io_ins_up[28] and io_outs_up[28].
[INFO PPL-0080] Mirroring pins io_ins_up[29] and io_outs_up[29].
[INFO PPL-0080] Mirroring pins io_ins_up[30] and io_outs_up[30].
[INFO PPL-0080] Mirroring pins io_ins_up[31] and io_outs_up[31].
[INFO PPL-0080] Mirroring pins io_ins_up[32] and io_outs_up[32].
[INFO PPL-0080] Mirroring pins io_ins_up[33] and io_outs_up[33].
[INFO PPL-0080] Mirroring pins io_ins_up[34] and io_outs_up[34].
[INFO PPL-0080] Mirroring pins io_ins_up[35] and io_outs_up[35].
[INFO PPL-0080] Mirroring pins io_ins_up[36] and io_outs_up[36].
[INFO PPL-0080] Mirroring pins io_ins_up[37] and io_outs_up[37].
[INFO PPL-0080] Mirroring pins io_ins_up[38] and io_outs_up[38].
[INFO PPL-0080] Mirroring pins io_ins_up[39] and io_outs_up[39].
[INFO PPL-0080] Mirroring pins io_ins_up[40] and io_outs_up[40].
[INFO PPL-0080] Mirroring pins io_ins_up[41] and io_outs_up[41].
[INFO PPL-0080] Mirroring pins io_ins_up[42] and io_outs_up[42].
[INFO PPL-0080] Mirroring pins io_ins_up[43] and io_outs_up[43].
[INFO PPL-0080] Mirroring pins io_ins_up[44] and io_outs_up[44].
[INFO PPL-0080] Mirroring pins io_ins_up[45] and io_outs_up[45].
[INFO PPL-0080] Mirroring pins io_ins_up[46] and io_outs_up[46].
[INFO PPL-0080] Mirroring pins io_ins_up[47] and io_outs_up[47].
[INFO PPL-0080] Mirroring pins io_ins_up[48] and io_outs_up[48].
[INFO PPL-0080] Mirroring pins io_ins_up[49] and io_outs_up[49].
[INFO PPL-0080] Mirroring pins io_ins_up[50] and io_outs_up[50].
[INFO PPL-0080] Mirroring pins io_ins_up[51] and io_outs_up[51].
[INFO PPL-0080] Mirroring pins io_ins_up[52] and io_outs_up[52].
[INFO PPL-0080] Mirroring pins io_ins_up[53] and io_outs_up[53].
[INFO PPL-0080] Mirroring pins io_ins_up[54] and io_outs_up[54].
[INFO PPL-0080] Mirroring pins io_ins_up[55] and io_outs_up[55].
[INFO PPL-0080] Mirroring pins io_ins_up[56] and io_outs_up[56].
[INFO PPL-0080] Mirroring pins io_ins_up[57] and io_outs_up[57].
[INFO PPL-0080] Mirroring pins io_ins_up[58] and io_outs_up[58].
[INFO PPL-0080] Mirroring pins io_ins_up[59] and io_outs_up[59].
[INFO PPL-0080] Mirroring pins io_ins_up[60] and io_outs_up[60].
[INFO PPL-0080] Mirroring pins io_ins_up[61] and io_outs_up[61].
[INFO PPL-0080] Mirroring pins io_ins_up[62] and io_outs_up[62].
[INFO PPL-0080] Mirroring pins io_ins_up[63] and io_outs_up[63].
[INFO PPL-0048] Restrict pins [io_outs_right[0] io_outs_right[1] io_outs_right[2] io_outs_right[3] io_outs_right[4] io_outs_right[5] io_outs_right[6] io_outs_right[7] io_outs_right[8] io_outs_right[9] io_outs_right[10] io_outs_right[11] io_outs_right[12] io_outs_right[13] io_outs_right[14] io_outs_right[15] io_outs_right[16] io_outs_right[17] io_outs_right[18] io_outs_right[19] io_outs_right[20] io_outs_right[21] io_outs_right[22] io_outs_right[23] io_outs_right[24] io_outs_right[25] io_outs_right[26] io_outs_right[27] io_outs_right[28] io_outs_right[29] io_outs_right[30] io_outs_right[31] io_outs_right[32] io_outs_right[33] io_outs_right[34] io_outs_right[35] io_outs_right[36] io_outs_right[37] io_outs_right[38] io_outs_right[39] io_outs_right[40] io_outs_right[41] io_outs_right[42] io_outs_right[43] io_outs_right[44] io_outs_right[45] io_outs_right[46] io_outs_right[47] io_outs_right[48] io_outs_right[49] io_outs_right[50] io_outs_right[51] io_outs_right[52] io_outs_right[53] io_outs_right[54] io_outs_right[55] io_outs_right[56] io_outs_right[57] io_outs_right[58] io_outs_right[59] io_outs_right[60] io_outs_right[61] io_outs_right[62] io_outs_right[63] io_ins_left[0] io_ins_left[1] io_ins_left[2] io_ins_left[3] io_ins_left[4] io_ins_left[5] io_ins_left[6] io_ins_left[7] io_ins_left[8] io_ins_left[9] io_ins_left[10] io_ins_left[11] io_ins_left[12] io_ins_left[13] io_ins_left[14] io_ins_left[15] io_ins_left[16] io_ins_left[17] io_ins_left[18] io_ins_left[19] io_ins_left[20] io_ins_left[21] io_ins_left[22] io_ins_left[23] io_ins_left[24] io_ins_left[25] io_ins_left[26] io_ins_left[27] io_ins_left[28] io_ins_left[29] io_ins_left[30] io_ins_left[31] io_ins_left[32] io_ins_left[33] io_ins_left[34] io_ins_left[35] io_ins_left[36] io_ins_left[37] io_ins_left[38] io_ins_left[39] io_ins_left[40] io_ins_left[41] io_ins_left[42] io_ins_left[43] io_ins_left[44] io_ins_left[45] io_ins_left[46] io_ins_left[47] io_ins_left[48] io_ins_left[49] io_ins_left[50] io_ins_left[51] io_ins_left[52] io_ins_left[53] io_ins_left[54] io_ins_left[55] io_ins_left[56] io_ins_left[57] io_ins_left[58] io_ins_left[59] io_ins_left[60] io_ins_left[61] io_ins_left[62] io_ins_left[63]] to region 0.0u-43.2u at the right edge.
[INFO PPL-0044] Pin group: [ io_outs_right[0] io_outs_right[1] io_outs_right[2] io_outs_right[3] io_outs_right[4] io_outs_right[5] io_outs_right[6] io_outs_right[7] io_outs_right[8] io_outs_right[9] io_outs_right[10] io_outs_right[11] io_outs_right[12] io_outs_right[13] io_outs_right[14] io_outs_right[15] io_outs_right[16] io_outs_right[17] io_outs_right[18] io_outs_right[19] io_outs_right[20] io_outs_right[21] io_outs_right[22] io_outs_right[23] io_outs_right[24] io_outs_right[25] io_outs_right[26] io_outs_right[27] io_outs_right[28] io_outs_right[29] io_outs_right[30] io_outs_right[31] io_outs_right[32] io_outs_right[33] io_outs_right[34] io_outs_right[35] io_outs_right[36] io_outs_right[37] io_outs_right[38] io_outs_right[39] io_outs_right[40] io_outs_right[41] io_outs_right[42] io_outs_right[43] io_outs_right[44] io_outs_right[45] io_outs_right[46] io_outs_right[47] io_outs_right[48] io_outs_right[49] io_outs_right[50] io_outs_right[51] io_outs_right[52] io_outs_right[53] io_outs_right[54] io_outs_right[55] io_outs_right[56] io_outs_right[57] io_outs_right[58] io_outs_right[59] io_outs_right[60] io_outs_right[61] io_outs_right[62] io_outs_right[63] io_ins_left[0] io_ins_left[1] io_ins_left[2] io_ins_left[3] io_ins_left[4] io_ins_left[5] io_ins_left[6] io_ins_left[7] io_ins_left[8] io_ins_left[9] io_ins_left[10] io_ins_left[11] io_ins_left[12] io_ins_left[13] io_ins_left[14] io_ins_left[15] io_ins_left[16] io_ins_left[17] io_ins_left[18] io_ins_left[19] io_ins_left[20] io_ins_left[21] io_ins_left[22] io_ins_left[23] io_ins_left[24] io_ins_left[25] io_ins_left[26] io_ins_left[27] io_ins_left[28] io_ins_left[29] io_ins_left[30] io_ins_left[31] io_ins_left[32] io_ins_left[33] io_ins_left[34] io_ins_left[35] io_ins_left[36] io_ins_left[37] io_ins_left[38] io_ins_left[39] io_ins_left[40] io_ins_left[41] io_ins_left[42] io_ins_left[43] io_ins_left[44] io_ins_left[45] io_ins_left[46] io_ins_left[47] io_ins_left[48] io_ins_left[49] io_ins_left[50] io_ins_left[51] io_ins_left[52] io_ins_left[53] io_ins_left[54] io_ins_left[55] io_ins_left[56] io_ins_left[57] io_ins_left[58] io_ins_left[59] io_ins_left[60] io_ins_left[61] io_ins_left[62] io_ins_left[63] ]
[INFO PPL-0080] Mirroring pins io_outs_right[0] and io_ins_right[0].
[INFO PPL-0080] Mirroring pins io_outs_right[1] and io_ins_right[1].
[INFO PPL-0080] Mirroring pins io_outs_right[2] and io_ins_right[2].
[INFO PPL-0080] Mirroring pins io_outs_right[3] and io_ins_right[3].
[INFO PPL-0080] Mirroring pins io_outs_right[4] and io_ins_right[4].
[INFO PPL-0080] Mirroring pins io_outs_right[5] and io_ins_right[5].
[INFO PPL-0080] Mirroring pins io_outs_right[6] and io_ins_right[6].
[INFO PPL-0080] Mirroring pins io_outs_right[7] and io_ins_right[7].
[INFO PPL-0080] Mirroring pins io_outs_right[8] and io_ins_right[8].
[INFO PPL-0080] Mirroring pins io_outs_right[9] and io_ins_right[9].
[INFO PPL-0080] Mirroring pins io_outs_right[10] and io_ins_right[10].
[INFO PPL-0080] Mirroring pins io_outs_right[11] and io_ins_right[11].
[INFO PPL-0080] Mirroring pins io_outs_right[12] and io_ins_right[12].
[INFO PPL-0080] Mirroring pins io_outs_right[13] and io_ins_right[13].
[INFO PPL-0080] Mirroring pins io_outs_right[14] and io_ins_right[14].
[INFO PPL-0080] Mirroring pins io_outs_right[15] and io_ins_right[15].
[INFO PPL-0080] Mirroring pins io_outs_right[16] and io_ins_right[16].
[INFO PPL-0080] Mirroring pins io_outs_right[17] and io_ins_right[17].
[INFO PPL-0080] Mirroring pins io_outs_right[18] and io_ins_right[18].
[INFO PPL-0080] Mirroring pins io_outs_right[19] and io_ins_right[19].
[INFO PPL-0080] Mirroring pins io_outs_right[20] and io_ins_right[20].
[INFO PPL-0080] Mirroring pins io_outs_right[21] and io_ins_right[21].
[INFO PPL-0080] Mirroring pins io_outs_right[22] and io_ins_right[22].
[INFO PPL-0080] Mirroring pins io_outs_right[23] and io_ins_right[23].
[INFO PPL-0080] Mirroring pins io_outs_right[24] and io_ins_right[24].
[INFO PPL-0080] Mirroring pins io_outs_right[25] and io_ins_right[25].
[INFO PPL-0080] Mirroring pins io_outs_right[26] and io_ins_right[26].
[INFO PPL-0080] Mirroring pins io_outs_right[27] and io_ins_right[27].
[INFO PPL-0080] Mirroring pins io_outs_right[28] and io_ins_right[28].
[INFO PPL-0080] Mirroring pins io_outs_right[29] and io_ins_right[29].
[INFO PPL-0080] Mirroring pins io_outs_right[30] and io_ins_right[30].
[INFO PPL-0080] Mirroring pins io_outs_right[31] and io_ins_right[31].
[INFO PPL-0080] Mirroring pins io_outs_right[32] and io_ins_right[32].
[INFO PPL-0080] Mirroring pins io_outs_right[33] and io_ins_right[33].
[INFO PPL-0080] Mirroring pins io_outs_right[34] and io_ins_right[34].
[INFO PPL-0080] Mirroring pins io_outs_right[35] and io_ins_right[35].
[INFO PPL-0080] Mirroring pins io_outs_right[36] and io_ins_right[36].
[INFO PPL-0080] Mirroring pins io_outs_right[37] and io_ins_right[37].
[INFO PPL-0080] Mirroring pins io_outs_right[38] and io_ins_right[38].
[INFO PPL-0080] Mirroring pins io_outs_right[39] and io_ins_right[39].
[INFO PPL-0080] Mirroring pins io_outs_right[40] and io_ins_right[40].
[INFO PPL-0080] Mirroring pins io_outs_right[41] and io_ins_right[41].
[INFO PPL-0080] Mirroring pins io_outs_right[42] and io_ins_right[42].
[INFO PPL-0080] Mirroring pins io_outs_right[43] and io_ins_right[43].
[INFO PPL-0080] Mirroring pins io_outs_right[44] and io_ins_right[44].
[INFO PPL-0080] Mirroring pins io_outs_right[45] and io_ins_right[45].
[INFO PPL-0080] Mirroring pins io_outs_right[46] and io_ins_right[46].
[INFO PPL-0080] Mirroring pins io_outs_right[47] and io_ins_right[47].
[INFO PPL-0080] Mirroring pins io_outs_right[48] and io_ins_right[48].
[INFO PPL-0080] Mirroring pins io_outs_right[49] and io_ins_right[49].
[INFO PPL-0080] Mirroring pins io_outs_right[50] and io_ins_right[50].
[INFO PPL-0080] Mirroring pins io_outs_right[51] and io_ins_right[51].
[INFO PPL-0080] Mirroring pins io_outs_right[52] and io_ins_right[52].
[INFO PPL-0080] Mirroring pins io_outs_right[53] and io_ins_right[53].
[INFO PPL-0080] Mirroring pins io_outs_right[54] and io_ins_right[54].
[INFO PPL-0080] Mirroring pins io_outs_right[55] and io_ins_right[55].
[INFO PPL-0080] Mirroring pins io_outs_right[56] and io_ins_right[56].
[INFO PPL-0080] Mirroring pins io_outs_right[57] and io_ins_right[57].
[INFO PPL-0080] Mirroring pins io_outs_right[58] and io_ins_right[58].
[INFO PPL-0080] Mirroring pins io_outs_right[59] and io_ins_right[59].
[INFO PPL-0080] Mirroring pins io_outs_right[60] and io_ins_right[60].
[INFO PPL-0080] Mirroring pins io_outs_right[61] and io_ins_right[61].
[INFO PPL-0080] Mirroring pins io_outs_right[62] and io_ins_right[62].
[INFO PPL-0080] Mirroring pins io_outs_right[63] and io_ins_right[63].
[INFO PPL-0080] Mirroring pins io_ins_left[0] and io_outs_left[0].
[INFO PPL-0080] Mirroring pins io_ins_left[1] and io_outs_left[1].
[INFO PPL-0080] Mirroring pins io_ins_left[2] and io_outs_left[2].
[INFO PPL-0080] Mirroring pins io_ins_left[3] and io_outs_left[3].
[INFO PPL-0080] Mirroring pins io_ins_left[4] and io_outs_left[4].
[INFO PPL-0080] Mirroring pins io_ins_left[5] and io_outs_left[5].
[INFO PPL-0080] Mirroring pins io_ins_left[6] and io_outs_left[6].
[INFO PPL-0080] Mirroring pins io_ins_left[7] and io_outs_left[7].
[INFO PPL-0080] Mirroring pins io_ins_left[8] and io_outs_left[8].
[INFO PPL-0080] Mirroring pins io_ins_left[9] and io_outs_left[9].
[INFO PPL-0080] Mirroring pins io_ins_left[10] and io_outs_left[10].
[INFO PPL-0080] Mirroring pins io_ins_left[11] and io_outs_left[11].
[INFO PPL-0080] Mirroring pins io_ins_left[12] and io_outs_left[12].
[INFO PPL-0080] Mirroring pins io_ins_left[13] and io_outs_left[13].
[INFO PPL-0080] Mirroring pins io_ins_left[14] and io_outs_left[14].
[INFO PPL-0080] Mirroring pins io_ins_left[15] and io_outs_left[15].
[INFO PPL-0080] Mirroring pins io_ins_left[16] and io_outs_left[16].
[INFO PPL-0080] Mirroring pins io_ins_left[17] and io_outs_left[17].
[INFO PPL-0080] Mirroring pins io_ins_left[18] and io_outs_left[18].
[INFO PPL-0080] Mirroring pins io_ins_left[19] and io_outs_left[19].
[INFO PPL-0080] Mirroring pins io_ins_left[20] and io_outs_left[20].
[INFO PPL-0080] Mirroring pins io_ins_left[21] and io_outs_left[21].
[INFO PPL-0080] Mirroring pins io_ins_left[22] and io_outs_left[22].
[INFO PPL-0080] Mirroring pins io_ins_left[23] and io_outs_left[23].
[INFO PPL-0080] Mirroring pins io_ins_left[24] and io_outs_left[24].
[INFO PPL-0080] Mirroring pins io_ins_left[25] and io_outs_left[25].
[INFO PPL-0080] Mirroring pins io_ins_left[26] and io_outs_left[26].
[INFO PPL-0080] Mirroring pins io_ins_left[27] and io_outs_left[27].
[INFO PPL-0080] Mirroring pins io_ins_left[28] and io_outs_left[28].
[INFO PPL-0080] Mirroring pins io_ins_left[29] and io_outs_left[29].
[INFO PPL-0080] Mirroring pins io_ins_left[30] and io_outs_left[30].
[INFO PPL-0080] Mirroring pins io_ins_left[31] and io_outs_left[31].
[INFO PPL-0080] Mirroring pins io_ins_left[32] and io_outs_left[32].
[INFO PPL-0080] Mirroring pins io_ins_left[33] and io_outs_left[33].
[INFO PPL-0080] Mirroring pins io_ins_left[34] and io_outs_left[34].
[INFO PPL-0080] Mirroring pins io_ins_left[35] and io_outs_left[35].
[INFO PPL-0080] Mirroring pins io_ins_left[36] and io_outs_left[36].
[INFO PPL-0080] Mirroring pins io_ins_left[37] and io_outs_left[37].
[INFO PPL-0080] Mirroring pins io_ins_left[38] and io_outs_left[38].
[INFO PPL-0080] Mirroring pins io_ins_left[39] and io_outs_left[39].
[INFO PPL-0080] Mirroring pins io_ins_left[40] and io_outs_left[40].
[INFO PPL-0080] Mirroring pins io_ins_left[41] and io_outs_left[41].
[INFO PPL-0080] Mirroring pins io_ins_left[42] and io_outs_left[42].
[INFO PPL-0080] Mirroring pins io_ins_left[43] and io_outs_left[43].
[INFO PPL-0080] Mirroring pins io_ins_left[44] and io_outs_left[44].
[INFO PPL-0080] Mirroring pins io_ins_left[45] and io_outs_left[45].
[INFO PPL-0080] Mirroring pins io_ins_left[46] and io_outs_left[46].
[INFO PPL-0080] Mirroring pins io_ins_left[47] and io_outs_left[47].
[INFO PPL-0080] Mirroring pins io_ins_left[48] and io_outs_left[48].
[INFO PPL-0080] Mirroring pins io_ins_left[49] and io_outs_left[49].
[INFO PPL-0080] Mirroring pins io_ins_left[50] and io_outs_left[50].
[INFO PPL-0080] Mirroring pins io_ins_left[51] and io_outs_left[51].
[INFO PPL-0080] Mirroring pins io_ins_left[52] and io_outs_left[52].
[INFO PPL-0080] Mirroring pins io_ins_left[53] and io_outs_left[53].
[INFO PPL-0080] Mirroring pins io_ins_left[54] and io_outs_left[54].
[INFO PPL-0080] Mirroring pins io_ins_left[55] and io_outs_left[55].
[INFO PPL-0080] Mirroring pins io_ins_left[56] and io_outs_left[56].
[INFO PPL-0080] Mirroring pins io_ins_left[57] and io_outs_left[57].
[INFO PPL-0080] Mirroring pins io_ins_left[58] and io_outs_left[58].
[INFO PPL-0080] Mirroring pins io_ins_left[59] and io_outs_left[59].
[INFO PPL-0080] Mirroring pins io_ins_left[60] and io_outs_left[60].
[INFO PPL-0080] Mirroring pins io_ins_left[61] and io_outs_left[61].
[INFO PPL-0080] Mirroring pins io_ins_left[62] and io_outs_left[62].
[INFO PPL-0080] Mirroring pins io_ins_left[63] and io_outs_left[63].
[INFO PPL-0048] Restrict pins [io_lsbOuts_0 io_lsbOuts_1 io_lsbOuts_2 io_lsbOuts_3 io_lsbOuts_4 io_lsbOuts_5 io_lsbOuts_6 io_lsbOuts_7] to region 0.0u-43.2u at the right edge.
[INFO PPL-0044] Pin group: [ io_lsbOuts_0 io_lsbOuts_1 io_lsbOuts_2 io_lsbOuts_3 io_lsbOuts_4 io_lsbOuts_5 io_lsbOuts_6 io_lsbOuts_7 ]
[INFO PPL-0080] Mirroring pins io_lsbOuts_1 and io_lsbIns_1.
[INFO PPL-0080] Mirroring pins io_lsbOuts_2 and io_lsbIns_2.
[INFO PPL-0080] Mirroring pins io_lsbOuts_3 and io_lsbIns_3.
[INFO PPL-0080] Mirroring pins io_lsbOuts_4 and io_lsbIns_4.
[INFO PPL-0080] Mirroring pins io_lsbOuts_5 and io_lsbIns_5.
[INFO PPL-0080] Mirroring pins io_lsbOuts_6 and io_lsbIns_6.
[INFO PPL-0080] Mirroring pins io_lsbOuts_7 and io_lsbIns_7.
[INFO PPL-0048] Restrict pins [clock] to region 0.0u-43.2u at the top edge.
Found 0 macro blocks.
Using 2 tracks default min distance between IO pins.
[INFO PPL-0001] Number of slots           1744
[INFO PPL-0002] Number of I/O             528
[INFO PPL-0003] Number of I/O w/sink      528
[INFO PPL-0004] Number of I/O w/o sink    0
[INFO PPL-0012] I/O nets HPWL: 13878.24 um.
Elapsed time: 0:07.76[h:]min:sec. CPU time: user 7.70 sys 0.02 (99%). Peak memory: 188800KB.
