OpenROAD v2.0-11432-gead3236e5 
This program is licensed under the BSD-3 license. See the LICENSE file for details.
Components of this program may be licensed under more restrictive licenses which must be honored.
global_placement -density 0.60 -pad_left 2 -pad_right 2 -routability_driven -timing_driven
[INFO GPL-0002] DBU: 1000
[INFO GPL-0003] SiteSize: 54 270
[INFO GPL-0004] CoreAreaLxLy: 2052 2160
[INFO GPL-0005] CoreAreaUxUy: 141480 141480
[INFO GPL-0006] NumInstances: 58609
[INFO GPL-0007] NumPlaceInstances: 56282
[INFO GPL-0008] NumFixedInstances: 2327
[INFO GPL-0009] NumDummyInstances: 0
[INFO GPL-0010] NumNets: 56678
[INFO GPL-0011] NumPins: 192384
[INFO GPL-0012] DieAreaLxLy: 0 0
[INFO GPL-0013] DieAreaUxUy: 143506 143506
[INFO GPL-0014] CoreAreaLxLy: 2052 2160
[INFO GPL-0015] CoreAreaUxUy: 141480 141480
[INFO GPL-0016] CoreArea: 19425108960
[INFO GPL-0017] NonPlaceInstsArea: 67855320
[INFO GPL-0018] PlaceInstsArea: 10605098340
[INFO GPL-0019] Util(%): 54.79
[INFO GPL-0020] StdInstsArea: 10605098340
[INFO GPL-0021] MacroInstsArea: 0
[InitialPlace]  Iter: 1 CG residual: 0.00902374 HPWL: 145786646
[InitialPlace]  Iter: 2 CG residual: 0.00388772 HPWL: 79655848
[InitialPlace]  Iter: 3 CG residual: 0.00553684 HPWL: 78529160
[InitialPlace]  Iter: 4 CG residual: 0.00384143 HPWL: 77259741
[InitialPlace]  Iter: 5 CG residual: 0.00174619 HPWL: 75892766
[InitialPlace]  Iter: 6 CG residual: 0.00061052 HPWL: 75113328
[InitialPlace]  Iter: 7 CG residual: 0.00034048 HPWL: 74353561
[InitialPlace]  Iter: 8 CG residual: 0.00049501 HPWL: 73721135
[InitialPlace]  Iter: 9 CG residual: 0.00018540 HPWL: 73000914
[InitialPlace]  Iter: 10 CG residual: 0.00027374 HPWL: 72665219
[InitialPlace]  Iter: 11 CG residual: 0.00018196 HPWL: 71988099
[InitialPlace]  Iter: 12 CG residual: 0.00018344 HPWL: 71751389
[InitialPlace]  Iter: 13 CG residual: 0.00011024 HPWL: 71155351
[InitialPlace]  Iter: 14 CG residual: 0.00007384 HPWL: 70985824
[InitialPlace]  Iter: 15 CG residual: 0.00003740 HPWL: 70640870
[InitialPlace]  Iter: 16 CG residual: 0.00003789 HPWL: 70634968
[InitialPlace]  Iter: 17 CG residual: 0.00003556 HPWL: 70510844
[InitialPlace]  Iter: 18 CG residual: 0.00003048 HPWL: 70544198
[InitialPlace]  Iter: 19 CG residual: 0.00002152 HPWL: 70503653
[InitialPlace]  Iter: 20 CG residual: 0.00002761 HPWL: 70554509
[INFO GPL-0031] FillerInit: NumGCells: 61827
[INFO GPL-0032] FillerInit: NumGNets: 56678
[INFO GPL-0033] FillerInit: NumGPins: 192384
[INFO GPL-0023] TargetDensity: 0.60
[INFO GPL-0024] AveragePlaceInstArea: 188427
[INFO GPL-0025] IdealBinArea: 314045
[INFO GPL-0026] IdealBinCnt: 61854
[INFO GPL-0027] TotalBinArea: 19425108960
[INFO GPL-0028] BinCnt: 128 128
[INFO GPL-0029] BinSize: 1090 1089
[INFO GPL-0030] NumBins: 16384
[NesterovSolve] Iter: 1 overflow: 0.989309 HPWL: 39237620
[NesterovSolve] Iter: 10 overflow: 0.981486 HPWL: 31854332
[NesterovSolve] Iter: 20 overflow: 0.975833 HPWL: 31687824
[NesterovSolve] Iter: 30 overflow: 0.972189 HPWL: 31860900
[NesterovSolve] Iter: 40 overflow: 0.969993 HPWL: 31952824
[NesterovSolve] Iter: 50 overflow: 0.968914 HPWL: 31923575
[NesterovSolve] Iter: 60 overflow: 0.968352 HPWL: 31932335
[NesterovSolve] Iter: 70 overflow: 0.968162 HPWL: 32014749
[NesterovSolve] Iter: 80 overflow: 0.967583 HPWL: 32130364
[NesterovSolve] Iter: 90 overflow: 0.967674 HPWL: 32268512
[NesterovSolve] Iter: 100 overflow: 0.967502 HPWL: 32398756
[NesterovSolve] Iter: 110 overflow: 0.967351 HPWL: 32513752
[NesterovSolve] Iter: 120 overflow: 0.966838 HPWL: 32712379
[NesterovSolve] Iter: 130 overflow: 0.966236 HPWL: 33099896
[NesterovSolve] Iter: 140 overflow: 0.965531 HPWL: 33689595
[NesterovSolve] Iter: 150 overflow: 0.964429 HPWL: 34728464
[NesterovSolve] Iter: 160 overflow: 0.963027 HPWL: 36620241
[NesterovSolve] Iter: 170 overflow: 0.960079 HPWL: 39530339
[NesterovSolve] Iter: 180 overflow: 0.954513 HPWL: 43331430
[NesterovSolve] Iter: 190 overflow: 0.946071 HPWL: 47981409
[NesterovSolve] Iter: 200 overflow: 0.933304 HPWL: 53380538
[NesterovSolve] Iter: 210 overflow: 0.918051 HPWL: 59407811
[NesterovSolve] Iter: 220 overflow: 0.8992 HPWL: 66366089
[NesterovSolve] Iter: 230 overflow: 0.879093 HPWL: 74413220
[NesterovSolve] Iter: 240 overflow: 0.859791 HPWL: 83272530
[NesterovSolve] Iter: 250 overflow: 0.836104 HPWL: 91646175
[NesterovSolve] Iter: 260 overflow: 0.805858 HPWL: 96792060
[INFO GPL-0100] worst slack -2.22e-10
[INFO GPL-0103] Weighted 5663 nets.
[NesterovSolve] Iter: 270 overflow: 0.773743 HPWL: 96921206
[NesterovSolve] Iter: 280 overflow: 0.748078 HPWL: 95063627
[NesterovSolve] Iter: 290 overflow: 0.724433 HPWL: 95442719
[NesterovSolve] Iter: 300 overflow: 0.681372 HPWL: 104087406
[INFO GPL-0100] worst slack -3.95e-10
[INFO GPL-0103] Weighted 5666 nets.
[NesterovSolve] Iter: 310 overflow: 0.629741 HPWL: 116929603
[NesterovSolve] Snapshot saved at iter = 318
[NesterovSolve] Iter: 320 overflow: 0.59589 HPWL: 106912655
[NesterovSolve] Iter: 330 overflow: 0.553554 HPWL: 112691730
[NesterovSolve] Iter: 340 overflow: 0.499782 HPWL: 115490365
[INFO GPL-0100] worst slack -2.72e-10
[INFO GPL-0103] Weighted 5662 nets.
[NesterovSolve] Iter: 350 overflow: 0.456641 HPWL: 111038227
[NesterovSolve] Iter: 360 overflow: 0.405585 HPWL: 111276921
[NesterovSolve] Iter: 370 overflow: 0.359902 HPWL: 118616594
[NesterovSolve] Iter: 380 overflow: 0.310739 HPWL: 112013143
[INFO GPL-0100] worst slack -1.87e-10
[INFO GPL-0103] Weighted 5666 nets.
[NesterovSolve] Iter: 390 overflow: 0.275521 HPWL: 108288192
[NesterovSolve] Iter: 400 overflow: 0.243174 HPWL: 104764805
[NesterovSolve] Iter: 410 overflow: 0.210036 HPWL: 103069626
[INFO GPL-0100] worst slack -1.65e-10
[INFO GPL-0103] Weighted 5666 nets.
[INFO GPL-0075] Routability numCall: 1 inflationIterCnt: 1 bloatIterCnt: 0
[INFO GPL-0036] TileLxLy: 0 0
[INFO GPL-0037] TileSize: 540 540
[INFO GPL-0038] TileCnt: 265 265
[INFO GPL-0039] numRoutingLayers: 10
[INFO GPL-0040] NumTiles: 70225
[INFO GPL-0063] TotalRouteOverflowH2: 2.7194063663482666
[INFO GPL-0064] TotalRouteOverflowV2: 0.0
[INFO GPL-0065] OverflowTileCnt2: 26
[INFO GPL-0066] 0.5%RC: 1.0026687010464654
[INFO GPL-0067] 1.0%RC: 1.0013350055799453
[INFO GPL-0068] 2.0%RC: 1.0006675027899725
[INFO GPL-0069] 5.0%RC: 0.997918147360746
[INFO GPL-0070] 0.5rcK: 1.0
[INFO GPL-0071] 1.0rcK: 1.0
[INFO GPL-0072] 2.0rcK: 0.0
[INFO GPL-0073] 5.0rcK: 0.0
[INFO GPL-0074] FinalRC: 1.0020019
[NesterovSolve] Iter: 420 overflow: 0.1804 HPWL: 101516474
[NesterovSolve] Iter: 430 overflow: 0.152946 HPWL: 100279764
[INFO GPL-0100] worst slack -1.53e-10
[INFO GPL-0103] Weighted 5666 nets.
[NesterovSolve] Iter: 440 overflow: 0.129782 HPWL: 99458155
[NesterovSolve] Iter: 450 overflow: 0.109542 HPWL: 98890770
[NesterovSolve] Finished with Overflow: 0.099118
Warning: There are 4 unconstrained endpoints.

==========================================================================
global place report_design_area
--------------------------------------------------------------------------
Design area 7391 u^2 38% utilization.
Elapsed time: 1:20.61[h:]min:sec. CPU time: user 99.36 sys 0.22 (123%). Peak memory: 755708KB.
