OpenROAD v2.0-11432-gead3236e5 
This program is licensed under the BSD-3 license. See the LICENSE file for details.
Components of this program may be licensed under more restrictive licenses which must be honored.
Placement Analysis
---------------------------------
total displacement      22132.9 u
average displacement        0.4 u
max displacement            2.9 u
original HPWL          133417.3 u
legalized HPWL         155657.7 u
delta HPWL                   17 %

Detailed placement improvement.
Importing netlist into detailed improver.
[INFO DPO-0100] Creating network with 60846 cells, 216 terminals, 58915 edges and 195615 pins.
[INFO DPO-0109] Network stats: inst 61062, edges 58915, pins 195615
[INFO DPO-0110] Number of regions is 1
[INFO DPO-0401] Setting random seed to 1.
[INFO DPO-0402] Setting maximum displacement 5 1 to 1350 270 units.
[INFO DPO-0320] Collected 2543 fixed cells (excluded terminal_NI).
[INFO DPO-0318] Collected 58519 single height cells.
[INFO DPO-0321] Collected 0 wide cells.
[INFO DPO-0322] Image (2052, 2160) - (141480, 141480)
[INFO DPO-0310] Assigned 58519 cells into segments.  Movement in X-direction is 0.000000, movement in Y-direction is 0.000000.
[INFO DPO-0313] Found 0 cells in wrong regions.
[INFO DPO-0315] Found 0 row alignment problems.
[INFO DPO-0314] Found 0 site alignment problems.
[INFO DPO-0311] Found 0 overlaps between adjacent cells.
[INFO DPO-0312] Found 0 edge spacing violations and 0 padding violations.
[INFO DPO-0303] Running algorithm for independent set matching.
[INFO DPO-0300] Set matching objective is wirelength.
[INFO DPO-0301] Pass   1 of matching; objective is 1.551028e+08.
[INFO DPO-0302] End of matching; objective is 1.548208e+08, improvement is 0.18 percent.
[INFO DPO-0303] Running algorithm for global swaps.
[INFO DPO-0306] Pass   1 of global swaps; hpwl is 1.514235e+08.
[INFO DPO-0306] Pass   2 of global swaps; hpwl is 1.508989e+08.
[INFO DPO-0307] End of global swaps; objective is 1.508989e+08, improvement is 2.53 percent.
[INFO DPO-0303] Running algorithm for vertical swaps.
[INFO DPO-0308] Pass   1 of vertical swaps; hpwl is 1.502594e+08.
[INFO DPO-0309] End of vertical swaps; objective is 1.502594e+08, improvement is 0.42 percent.
[INFO DPO-0303] Running algorithm for reordering.
[INFO DPO-0304] Pass   1 of reordering; objective is 1.497816e+08.
[INFO DPO-0305] End of reordering; objective is 1.497816e+08, improvement is 0.32 percent.
[INFO DPO-0303] Running algorithm for random improvement.
[INFO DPO-0324] Random improver is using displacement generator.
[INFO DPO-0325] Random improver is using hpwl objective.
[INFO DPO-0326] Random improver cost string is (a).
[INFO DPO-0332] End of pass, Generator displacement called 1170380 times.
[INFO DPO-0335] Generator displacement, Cumulative attempts 1170380, swaps 153239, moves 286489 since last reset.
[INFO DPO-0333] End of pass, Objective hpwl, Initial cost 1.492193e+08, Scratch cost 1.473812e+08, Incremental cost 1.473812e+08, Mismatch? N
[INFO DPO-0338] End of pass, Total cost is 1.473812e+08.
[INFO DPO-0327] Pass   1 of random improver; improvement in cost is 1.23 percent.
[INFO DPO-0332] End of pass, Generator displacement called 1170380 times.
[INFO DPO-0335] Generator displacement, Cumulative attempts 2340760, swaps 301507, moves 574067 since last reset.
[INFO DPO-0333] End of pass, Objective hpwl, Initial cost 1.473812e+08, Scratch cost 1.467365e+08, Incremental cost 1.467365e+08, Mismatch? N
[INFO DPO-0338] End of pass, Total cost is 1.467365e+08.
[INFO DPO-0327] Pass   2 of random improver; improvement in cost is 0.44 percent.
[INFO DPO-0328] End of random improver; improvement is 1.663801 percent.
[INFO DPO-0380] Cell flipping.
[INFO DPO-0382] Changed 29172 cell orientations for row compatibility.
[INFO DPO-0383] Performed 24393 cell flips.
[INFO DPO-0384] End of flipping; objective is 1.432650e+08, improvement is 2.74 percent.
[INFO DPO-0313] Found 0 cells in wrong regions.
[INFO DPO-0315] Found 0 row alignment problems.
[INFO DPO-0314] Found 0 site alignment problems.
[INFO DPO-0311] Found 0 overlaps between adjacent cells.
[INFO DPO-0312] Found 0 edge spacing violations and 0 padding violations.
Detailed Improvement Results
------------------------------------------
Original HPWL           155657.7 u
Final HPWL              142401.4 u
Delta HPWL                  -8.5 %

[INFO DPL-0020] Mirrored 7167 instances
[INFO DPL-0021] HPWL before          142401.4 u
[INFO DPL-0022] HPWL after           142241.3 u
[INFO DPL-0023] HPWL delta               -0.1 %
[INFO FLW-0012] Placement violations .
Warning: There are 4 unconstrained endpoints.

==========================================================================
detailed place report_design_area
--------------------------------------------------------------------------
Design area 8058 u^2 41% utilization.
Elapsed time: 0:27.76[h:]min:sec. CPU time: user 27.55 sys 0.19 (99%). Peak memory: 502904KB.
