OpenROAD autotuner-v1-2861-g832b18e7 
This program is licensed under the BSD-3 license. See the LICENSE file for details.
Components of this program may be licensed under more restrictive licenses which must be honored.
[INFO GPL-0002] DBU: 1000
[INFO GPL-0003] SiteSize: 54 270
[INFO GPL-0004] CoreAreaLxLy: 2160 2160
[INFO GPL-0005] CoreAreaUxUy: 356400 386640
[INFO GPL-0006] NumInstances: 9168
[INFO GPL-0007] NumPlaceInstances: 130
[INFO GPL-0008] NumFixedInstances: 6446
[INFO GPL-0009] NumDummyInstances: 2592
[INFO GPL-0010] NumNets: 19076
[INFO GPL-0011] NumPins: 34115
[INFO GPL-0012] DieAreaLxLy: 0 0
[INFO GPL-0013] DieAreaUxUy: 358560 388800
[INFO GPL-0014] CoreAreaLxLy: 2160 2160
[INFO GPL-0015] CoreAreaUxUy: 356400 386640
[INFO GPL-0016] CoreArea: 136198195200
[INFO GPL-0017] NonPlaceInstsArea: 122994022320
[INFO GPL-0018] PlaceInstsArea: 31026240
[INFO GPL-0019] Util(%): 0.23
[INFO GPL-0020] StdInstsArea: 31026240
[INFO GPL-0021] MacroInstsArea: 0
[INFO GPL-0031] FillerInit: NumGCells: 16671
[INFO GPL-0032] FillerInit: NumGNets: 19076
[INFO GPL-0033] FillerInit: NumGPins: 34115
[INFO GPL-0023] TargetDensity: 0.30
[INFO GPL-0024] AveragePlaceInstArea: 238663
[INFO GPL-0025] IdealBinArea: 795543
[INFO GPL-0026] IdealBinCnt: 171201
[INFO GPL-0027] TotalBinArea: 136198195200
[INFO GPL-0028] BinCnt: 256 256
[INFO GPL-0029] BinSize: 1384 1502
[INFO GPL-0030] NumBins: 65536
[NesterovSolve] Iter: 1 overflow: 0.881714 HPWL: 50537836
[NesterovSolve] Iter: 10 overflow: 0.620739 HPWL: 33912280
[NesterovSolve] Iter: 20 overflow: 0.736552 HPWL: 33706747
[NesterovSolve] Iter: 30 overflow: 0.637135 HPWL: 33673964
[NesterovSolve] Iter: 40 overflow: 0.480253 HPWL: 33680260
[NesterovSolve] Iter: 50 overflow: 0.382469 HPWL: 33681243
[NesterovSolve] Iter: 60 overflow: 0.317468 HPWL: 33682033
[NesterovSolve] Iter: 70 overflow: 0.271141 HPWL: 33683007
[NesterovSolve] Iter: 80 overflow: 0.236443 HPWL: 33684231
[NesterovSolve] Iter: 90 overflow: 0.209299 HPWL: 33685926
[NesterovSolve] Iter: 100 overflow: 0.186831 HPWL: 33689143
[NesterovSolve] Iter: 110 overflow: 0.168619 HPWL: 33694475
[NesterovSolve] Iter: 120 overflow: 0.15265 HPWL: 33702499
[NesterovSolve] Iter: 130 overflow: 0.138788 HPWL: 33714120
[NesterovSolve] Iter: 140 overflow: 0.125225 HPWL: 33730475
[NesterovSolve] Iter: 150 overflow: 0.115169 HPWL: 33753019
[NesterovSolve] Iter: 160 overflow: 0.106737 HPWL: 33781758
[NesterovSolve] Iter: 170 overflow: 0.09986 HPWL: 33816137
[NesterovSolve] Finished with Overflow: 0.099860
Elapsed time: 0:02.25[h:]min:sec. CPU time: user 2.19 sys 0.06 (99%). Peak memory: 257584KB.
