OpenROAD autotuner-v1-2861-g832b18e7 
This program is licensed under the BSD-3 license. See the LICENSE file for details.
Components of this program may be licensed under more restrictive licenses which must be honored.

==========================================================================
resizer pre check_setup
--------------------------------------------------------------------------
Warning: There are 65 input ports missing set_input_delay.
Warning: There are 3 unconstrained endpoints.

==========================================================================
resizer pre report_tns
--------------------------------------------------------------------------
tns -422.81

==========================================================================
resizer pre report_wns
--------------------------------------------------------------------------
wns -1.63

==========================================================================
resizer pre report_worst_slack
--------------------------------------------------------------------------
worst slack -1.63

==========================================================================
resizer pre report_checks -path_delay min
--------------------------------------------------------------------------
Startpoint: _12676_ (rising edge-triggered flip-flop clocked by clk)
Endpoint: _12676_ (rising edge-triggered flip-flop clocked by clk)
Path Group: clk
Path Type: min

Fanout     Cap    Slew   Delay    Time   Description
-----------------------------------------------------------------------------
                  0.00    0.00    0.00   clock clk (rise edge)
                          0.00    0.00   clock network delay (ideal)
                  0.00    0.00    0.00 ^ _12676_/CLK (sky130_fd_sc_hs__dfxtp_1)
     2    0.01    0.05    0.18    0.18 ^ _12676_/Q (sky130_fd_sc_hs__dfxtp_1)
                                         dp.rf.rf[0][11] (net)
                  0.05    0.00    0.18 ^ _12676_/D (sky130_fd_sc_hs__dfxtp_1)
                                  0.18   data arrival time

                  0.00    0.00    0.00   clock clk (rise edge)
                          0.00    0.00   clock network delay (ideal)
                          0.00    0.00   clock reconvergence pessimism
                                  0.00 ^ _12676_/CLK (sky130_fd_sc_hs__dfxtp_1)
                          0.00    0.00   library hold time
                                  0.00   data required time
-----------------------------------------------------------------------------
                                  0.00   data required time
                                 -0.18   data arrival time
-----------------------------------------------------------------------------
                                  0.18   slack (MET)



==========================================================================
resizer pre report_checks -path_delay max
--------------------------------------------------------------------------
Startpoint: _13081_ (rising edge-triggered flip-flop clocked by clk)
Endpoint: _12185_ (rising edge-triggered flip-flop clocked by clk)
Path Group: clk
Path Type: max

Fanout     Cap    Slew   Delay    Time   Description
-----------------------------------------------------------------------------
                  0.00    0.00    0.00   clock clk (rise edge)
                          0.00    0.00   clock network delay (ideal)
                  0.00    0.00    0.00 ^ _13081_/CLK (sky130_fd_sc_hs__dfxtp_1)
     3    0.01    0.08    0.20    0.20 ^ _13081_/Q (sky130_fd_sc_hs__dfxtp_1)
                                         dp.rf.rf[31][2] (net)
                  0.08    0.00    0.20 ^ _06722_/A3 (sky130_fd_sc_hs__mux4_1)
     1    0.01    0.11    0.23    0.43 ^ _06722_/X (sky130_fd_sc_hs__mux4_1)
                                         _01608_ (net)
                  0.11    0.00    0.43 ^ _06724_/A0 (sky130_fd_sc_hs__mux2i_1)
     1    0.00    0.23    0.06    0.49 v _06724_/Y (sky130_fd_sc_hs__mux2i_1)
                                         _01610_ (net)
                  0.23    0.00    0.49 v _06725_/A1 (sky130_fd_sc_hs__mux2_1)
     1    0.02    0.10    0.25    0.74 v _06725_/X (sky130_fd_sc_hs__mux2_1)
                                         _01611_ (net)
                  0.10    0.00    0.74 v _06726_/B1 (sky130_fd_sc_hs__o32a_1)
     3    0.03    0.13    0.24    0.98 v _06726_/X (sky130_fd_sc_hs__o32a_1)
                                         _01612_ (net)
                  0.13    0.00    0.98 v _08121_/A0 (sky130_fd_sc_hs__mux2i_1)
    70    0.31    4.15    2.93    3.91 ^ _08121_/Y (sky130_fd_sc_hs__mux2i_1)
                                         _02861_ (net)
                  4.15    0.01    3.92 ^ _08125_/B (sky130_fd_sc_hs__xnor2_1)
     2    0.01    0.48   -0.02    3.90 v _08125_/Y (sky130_fd_sc_hs__xnor2_1)
                                         _05969_ (net)
                  0.48    0.00    3.90 v _12137_/B (sky130_fd_sc_hs__ha_1)
     2    0.01    0.07    0.31    4.21 ^ _12137_/SUM (sky130_fd_sc_hs__ha_1)
                                         _05971_ (net)
                  0.07    0.00    4.21 ^ _08197_/B_N (sky130_fd_sc_hs__nor2b_1)
     1    0.00    0.09    0.11    4.32 ^ _08197_/Y (sky130_fd_sc_hs__nor2b_1)
                                         _02929_ (net)
                  0.09    0.00    4.32 ^ _08198_/A2 (sky130_fd_sc_hs__o21ai_1)
     2    0.01    0.08    0.08    4.40 v _08198_/Y (sky130_fd_sc_hs__o21ai_1)
                                         _02930_ (net)
                  0.08    0.00    4.40 v _08202_/A2 (sky130_fd_sc_hs__a211oi_1)
     3    0.02    0.42    0.38    4.78 ^ _08202_/Y (sky130_fd_sc_hs__a211oi_1)
                                         _02933_ (net)
                  0.42    0.00    4.79 ^ _08302_/A1 (sky130_fd_sc_hs__o211ai_1)
     3    0.02    0.23    0.25    5.03 v _08302_/Y (sky130_fd_sc_hs__o211ai_1)
                                         _03029_ (net)
                  0.23    0.00    5.04 v _08305_/A2 (sky130_fd_sc_hs__a211oi_1)
     2    0.01    0.37    0.38    5.41 ^ _08305_/Y (sky130_fd_sc_hs__a211oi_1)
                                         _03032_ (net)
                  0.37    0.00    5.42 ^ _08315_/B1 (sky130_fd_sc_hs__o221ai_1)
     2    0.01    0.18    0.22    5.64 v _08315_/Y (sky130_fd_sc_hs__o221ai_1)
                                         _03042_ (net)
                  0.18    0.00    5.64 v _08321_/A1 (sky130_fd_sc_hs__a31oi_1)
     1    0.00    0.13    0.16    5.80 ^ _08321_/Y (sky130_fd_sc_hs__a31oi_1)
                                         _03048_ (net)
                  0.13    0.00    5.80 ^ _08322_/B (sky130_fd_sc_hs__or2_1)
     2    0.01    0.11    0.14    5.94 ^ _08322_/X (sky130_fd_sc_hs__or2_1)
                                         _05683_ (net)
                  0.11    0.00    5.94 ^ _08323_/A2 (sky130_fd_sc_hs__a21o_1)
     1    0.01    0.04    0.11    6.05 ^ _08323_/X (sky130_fd_sc_hs__a21o_1)
                                         _03049_ (net)
                  0.04    0.00    6.05 ^ _08324_/A2 (sky130_fd_sc_hs__a21oi_1)
     1    0.01    0.09    0.09    6.14 v _08324_/Y (sky130_fd_sc_hs__a21oi_1)
                                         _03050_ (net)
                  0.09    0.00    6.14 v _08325_/B (sky130_fd_sc_hs__xnor2_1)
     2    0.02    0.16    0.19    6.33 v _08325_/Y (sky130_fd_sc_hs__xnor2_1)
                                         _03051_ (net)
                  0.16    0.00    6.33 v _09431_/B (sky130_fd_sc_hs__nor3_1)
     1    0.00    0.16    0.16    6.49 ^ _09431_/Y (sky130_fd_sc_hs__nor3_1)
                                         _04005_ (net)
                  0.16    0.00    6.49 ^ _09439_/A (sky130_fd_sc_hs__nor4b_1)
     1    0.02    0.11    0.13    6.62 v _09439_/Y (sky130_fd_sc_hs__nor4b_1)
                                         _04013_ (net)
                  0.11    0.00    6.62 v _09440_/C1 (sky130_fd_sc_hs__a221oi_1)
    31    0.15    3.32    2.35    8.97 ^ _09440_/Y (sky130_fd_sc_hs__a221oi_1)
                                         _04014_ (net)
                  3.32    0.02    8.99 ^ _09443_/A2 (sky130_fd_sc_hs__a21oi_1)
     1    0.00    0.40   -0.02    8.97 v _09443_/Y (sky130_fd_sc_hs__a21oi_1)
                                         _00001_ (net)
                  0.40    0.00    8.97 v _12185_/D (sky130_fd_sc_hs__dfxtp_1)
                                  8.97   data arrival time

                  0.00    7.60    7.60   clock clk (rise edge)
                          0.00    7.60   clock network delay (ideal)
                          0.00    7.60   clock reconvergence pessimism
                                  7.60 ^ _12185_/CLK (sky130_fd_sc_hs__dfxtp_1)
                         -0.26    7.34   library setup time
                                  7.34   data required time
-----------------------------------------------------------------------------
                                  7.34   data required time
                                 -8.97   data arrival time
-----------------------------------------------------------------------------
                                 -1.63   slack (VIOLATED)



==========================================================================
resizer pre report_checks -unconstrained
--------------------------------------------------------------------------
Startpoint: _13081_ (rising edge-triggered flip-flop clocked by clk)
Endpoint: _12185_ (rising edge-triggered flip-flop clocked by clk)
Path Group: clk
Path Type: max

Fanout     Cap    Slew   Delay    Time   Description
-----------------------------------------------------------------------------
                  0.00    0.00    0.00   clock clk (rise edge)
                          0.00    0.00   clock network delay (ideal)
                  0.00    0.00    0.00 ^ _13081_/CLK (sky130_fd_sc_hs__dfxtp_1)
     3    0.01    0.08    0.20    0.20 ^ _13081_/Q (sky130_fd_sc_hs__dfxtp_1)
                                         dp.rf.rf[31][2] (net)
                  0.08    0.00    0.20 ^ _06722_/A3 (sky130_fd_sc_hs__mux4_1)
     1    0.01    0.11    0.23    0.43 ^ _06722_/X (sky130_fd_sc_hs__mux4_1)
                                         _01608_ (net)
                  0.11    0.00    0.43 ^ _06724_/A0 (sky130_fd_sc_hs__mux2i_1)
     1    0.00    0.23    0.06    0.49 v _06724_/Y (sky130_fd_sc_hs__mux2i_1)
                                         _01610_ (net)
                  0.23    0.00    0.49 v _06725_/A1 (sky130_fd_sc_hs__mux2_1)
     1    0.02    0.10    0.25    0.74 v _06725_/X (sky130_fd_sc_hs__mux2_1)
                                         _01611_ (net)
                  0.10    0.00    0.74 v _06726_/B1 (sky130_fd_sc_hs__o32a_1)
     3    0.03    0.13    0.24    0.98 v _06726_/X (sky130_fd_sc_hs__o32a_1)
                                         _01612_ (net)
                  0.13    0.00    0.98 v _08121_/A0 (sky130_fd_sc_hs__mux2i_1)
    70    0.31    4.15    2.93    3.91 ^ _08121_/Y (sky130_fd_sc_hs__mux2i_1)
                                         _02861_ (net)
                  4.15    0.01    3.92 ^ _08125_/B (sky130_fd_sc_hs__xnor2_1)
     2    0.01    0.48   -0.02    3.90 v _08125_/Y (sky130_fd_sc_hs__xnor2_1)
                                         _05969_ (net)
                  0.48    0.00    3.90 v _12137_/B (sky130_fd_sc_hs__ha_1)
     2    0.01    0.07    0.31    4.21 ^ _12137_/SUM (sky130_fd_sc_hs__ha_1)
                                         _05971_ (net)
                  0.07    0.00    4.21 ^ _08197_/B_N (sky130_fd_sc_hs__nor2b_1)
     1    0.00    0.09    0.11    4.32 ^ _08197_/Y (sky130_fd_sc_hs__nor2b_1)
                                         _02929_ (net)
                  0.09    0.00    4.32 ^ _08198_/A2 (sky130_fd_sc_hs__o21ai_1)
     2    0.01    0.08    0.08    4.40 v _08198_/Y (sky130_fd_sc_hs__o21ai_1)
                                         _02930_ (net)
                  0.08    0.00    4.40 v _08202_/A2 (sky130_fd_sc_hs__a211oi_1)
     3    0.02    0.42    0.38    4.78 ^ _08202_/Y (sky130_fd_sc_hs__a211oi_1)
                                         _02933_ (net)
                  0.42    0.00    4.79 ^ _08302_/A1 (sky130_fd_sc_hs__o211ai_1)
     3    0.02    0.23    0.25    5.03 v _08302_/Y (sky130_fd_sc_hs__o211ai_1)
                                         _03029_ (net)
                  0.23    0.00    5.04 v _08305_/A2 (sky130_fd_sc_hs__a211oi_1)
     2    0.01    0.37    0.38    5.41 ^ _08305_/Y (sky130_fd_sc_hs__a211oi_1)
                                         _03032_ (net)
                  0.37    0.00    5.42 ^ _08315_/B1 (sky130_fd_sc_hs__o221ai_1)
     2    0.01    0.18    0.22    5.64 v _08315_/Y (sky130_fd_sc_hs__o221ai_1)
                                         _03042_ (net)
                  0.18    0.00    5.64 v _08321_/A1 (sky130_fd_sc_hs__a31oi_1)
     1    0.00    0.13    0.16    5.80 ^ _08321_/Y (sky130_fd_sc_hs__a31oi_1)
                                         _03048_ (net)
                  0.13    0.00    5.80 ^ _08322_/B (sky130_fd_sc_hs__or2_1)
     2    0.01    0.11    0.14    5.94 ^ _08322_/X (sky130_fd_sc_hs__or2_1)
                                         _05683_ (net)
                  0.11    0.00    5.94 ^ _08323_/A2 (sky130_fd_sc_hs__a21o_1)
     1    0.01    0.04    0.11    6.05 ^ _08323_/X (sky130_fd_sc_hs__a21o_1)
                                         _03049_ (net)
                  0.04    0.00    6.05 ^ _08324_/A2 (sky130_fd_sc_hs__a21oi_1)
     1    0.01    0.09    0.09    6.14 v _08324_/Y (sky130_fd_sc_hs__a21oi_1)
                                         _03050_ (net)
                  0.09    0.00    6.14 v _08325_/B (sky130_fd_sc_hs__xnor2_1)
     2    0.02    0.16    0.19    6.33 v _08325_/Y (sky130_fd_sc_hs__xnor2_1)
                                         _03051_ (net)
                  0.16    0.00    6.33 v _09431_/B (sky130_fd_sc_hs__nor3_1)
     1    0.00    0.16    0.16    6.49 ^ _09431_/Y (sky130_fd_sc_hs__nor3_1)
                                         _04005_ (net)
                  0.16    0.00    6.49 ^ _09439_/A (sky130_fd_sc_hs__nor4b_1)
     1    0.02    0.11    0.13    6.62 v _09439_/Y (sky130_fd_sc_hs__nor4b_1)
                                         _04013_ (net)
                  0.11    0.00    6.62 v _09440_/C1 (sky130_fd_sc_hs__a221oi_1)
    31    0.15    3.32    2.35    8.97 ^ _09440_/Y (sky130_fd_sc_hs__a221oi_1)
                                         _04014_ (net)
                  3.32    0.02    8.99 ^ _09443_/A2 (sky130_fd_sc_hs__a21oi_1)
     1    0.00    0.40   -0.02    8.97 v _09443_/Y (sky130_fd_sc_hs__a21oi_1)
                                         _00001_ (net)
                  0.40    0.00    8.97 v _12185_/D (sky130_fd_sc_hs__dfxtp_1)
                                  8.97   data arrival time

                  0.00    7.60    7.60   clock clk (rise edge)
                          0.00    7.60   clock network delay (ideal)
                          0.00    7.60   clock reconvergence pessimism
                                  7.60 ^ _12185_/CLK (sky130_fd_sc_hs__dfxtp_1)
                         -0.26    7.34   library setup time
                                  7.34   data required time
-----------------------------------------------------------------------------
                                  7.34   data required time
                                 -8.97   data arrival time
-----------------------------------------------------------------------------
                                 -1.63   slack (VIOLATED)



==========================================================================
resizer pre report_power
--------------------------------------------------------------------------
Group                  Internal  Switching    Leakage      Total
                          Power      Power      Power      Power (Watts)
----------------------------------------------------------------
Sequential             1.11e-02   1.56e-03   4.22e-07   1.27e-02  37.7%
Combinational          1.61e-02   4.93e-03   4.81e-07   2.10e-02  62.3%
Macro                  0.00e+00   0.00e+00   0.00e+00   0.00e+00   0.0%
Pad                    0.00e+00   0.00e+00   0.00e+00   0.00e+00   0.0%
----------------------------------------------------------------
Total                  2.72e-02   6.49e-03   9.03e-07   3.37e-02 100.0%
                          80.7%      19.3%       0.0%

==========================================================================
resizer pre report_design_area
--------------------------------------------------------------------------
Design area 84012 u^2 45% utilization.


==========================================================================
instance_count
--------------------------------------------------------------------------
8470

==========================================================================
pin_count
--------------------------------------------------------------------------
24978

Perform port buffering...
[INFO RSZ-0027] Inserted 65 input buffers.
[INFO RSZ-0028] Inserted 99 output buffers.
Perform buffer insertion...
[INFO RSZ-0058] Using max wire length 2083um.
[INFO RSZ-0034] Found 370 slew violations.
[INFO RSZ-0036] Found 58 capacitance violations.
[INFO RSZ-0038] Inserted 143 buffers in 371 nets.
[INFO RSZ-0039] Resized 1364 instances.
Repair tie lo fanout...
Repair tie hi fanout...

==========================================================================
report_floating_nets
--------------------------------------------------------------------------

==========================================================================
resizer check_setup
--------------------------------------------------------------------------
Warning: There are 65 input ports missing set_input_delay.
Warning: There are 3 unconstrained endpoints.

==========================================================================
resizer report_tns
--------------------------------------------------------------------------
tns -0.00

==========================================================================
resizer report_wns
--------------------------------------------------------------------------
wns 0.00

==========================================================================
resizer report_worst_slack
--------------------------------------------------------------------------
worst slack 1.61

==========================================================================
resizer report_checks -path_delay min
--------------------------------------------------------------------------
Startpoint: _12676_ (rising edge-triggered flip-flop clocked by clk)
Endpoint: _12676_ (rising edge-triggered flip-flop clocked by clk)
Path Group: clk
Path Type: min

Fanout     Cap    Slew   Delay    Time   Description
-----------------------------------------------------------------------------
                  0.00    0.00    0.00   clock clk (rise edge)
                          0.00    0.00   clock network delay (ideal)
                  0.00    0.00    0.00 ^ _12676_/CLK (sky130_fd_sc_hs__dfxtp_1)
     2    0.01    0.05    0.18    0.18 ^ _12676_/Q (sky130_fd_sc_hs__dfxtp_1)
                                         dp.rf.rf[0][11] (net)
                  0.05    0.00    0.18 ^ _12676_/D (sky130_fd_sc_hs__dfxtp_1)
                                  0.18   data arrival time

                  0.00    0.00    0.00   clock clk (rise edge)
                          0.00    0.00   clock network delay (ideal)
                          0.00    0.00   clock reconvergence pessimism
                                  0.00 ^ _12676_/CLK (sky130_fd_sc_hs__dfxtp_1)
                          0.00    0.00   library hold time
                                  0.00   data required time
-----------------------------------------------------------------------------
                                  0.00   data required time
                                 -0.18   data arrival time
-----------------------------------------------------------------------------
                                  0.18   slack (MET)



==========================================================================
resizer report_checks -path_delay max
--------------------------------------------------------------------------
Startpoint: _12186_ (rising edge-triggered flip-flop clocked by clk)
Endpoint: aluout[29] (output port clocked by clk)
Path Group: clk
Path Type: max

Fanout     Cap    Slew   Delay    Time   Description
-----------------------------------------------------------------------------
                  0.00    0.00    0.00   clock clk (rise edge)
                          0.00    0.00   clock network delay (ideal)
                  0.00    0.00    0.00 ^ _12186_/CLK (sky130_fd_sc_hs__dfxtp_1)
     4    0.01    0.06    0.22    0.22 v _12186_/Q (sky130_fd_sc_hs__dfxtp_1)
                                         dp.rf.rf[19][1] (net)
                  0.06    0.00    0.22 v _06696_/A3 (sky130_fd_sc_hs__mux4_1)
     1    0.00    0.05    0.25    0.47 v _06696_/X (sky130_fd_sc_hs__mux4_1)
                                         _01583_ (net)
                  0.05    0.00    0.47 v _06698_/A0 (sky130_fd_sc_hs__mux2_1)
     1    0.01    0.06    0.17    0.64 v _06698_/X (sky130_fd_sc_hs__mux2_1)
                                         _01585_ (net)
                  0.06    0.00    0.64 v _06701_/B1 (sky130_fd_sc_hs__a221o_4)
     2    0.03    0.09    0.33    0.97 v _06701_/X (sky130_fd_sc_hs__a221o_4)
                                         _01588_ (net)
                  0.09    0.00    0.97 v _08153_/A2 (sky130_fd_sc_hs__a211o_4)
     5    0.07    0.10    0.34    1.31 v _08153_/X (sky130_fd_sc_hs__a211o_4)
                                         _02890_ (net)
                  0.10    0.01    1.31 v _08159_/A (sky130_fd_sc_hs__nand2_8)
    29    0.28    0.62    0.44    1.75 ^ _08159_/Y (sky130_fd_sc_hs__nand2_8)
                                         _02896_ (net)
                  0.62    0.02    1.77 ^ _08163_/B (sky130_fd_sc_hs__xnor2_1)
     2    0.01    0.19    0.15    1.92 ^ _08163_/Y (sky130_fd_sc_hs__xnor2_1)
                                         _05975_ (net)
                  0.19    0.00    1.92 ^ _08164_/A (sky130_fd_sc_hs__inv_1)
     2    0.01    0.08    0.09    2.02 v _08164_/Y (sky130_fd_sc_hs__inv_1)
                                         _05595_ (net)
                  0.08    0.00    2.02 v _12045_/CIN (sky130_fd_sc_hs__fa_1)
     2    0.02    0.10    0.25    2.27 v _12045_/COUT (sky130_fd_sc_hs__fa_1)
                                         _05596_ (net)
                  0.10    0.00    2.27 v _08197_/A (sky130_fd_sc_hs__nor2b_1)
     1    0.01    0.12    0.13    2.40 ^ _08197_/Y (sky130_fd_sc_hs__nor2b_1)
                                         _02929_ (net)
                  0.12    0.00    2.40 ^ _08198_/A2 (sky130_fd_sc_hs__o21ai_2)
     2    0.02    0.07    0.08    2.48 v _08198_/Y (sky130_fd_sc_hs__o21ai_2)
                                         _02930_ (net)
                  0.07    0.00    2.48 v _08202_/A2 (sky130_fd_sc_hs__a211oi_4)
     3    0.02    0.26    0.27    2.75 ^ _08202_/Y (sky130_fd_sc_hs__a211oi_4)
                                         _02933_ (net)
                  0.26    0.00    2.75 ^ _08302_/A1 (sky130_fd_sc_hs__o211ai_4)
     3    0.03    0.13    0.14    2.90 v _08302_/Y (sky130_fd_sc_hs__o211ai_4)
                                         _03029_ (net)
                  0.13    0.00    2.90 v _08305_/A2 (sky130_fd_sc_hs__a211oi_4)
     2    0.03    0.30    0.32    3.22 ^ _08305_/Y (sky130_fd_sc_hs__a211oi_4)
                                         _03032_ (net)
                  0.30    0.00    3.22 ^ _08315_/B1 (sky130_fd_sc_hs__o221ai_4)
     2    0.01    0.11    0.14    3.36 v _08315_/Y (sky130_fd_sc_hs__o221ai_4)
                                         _03042_ (net)
                  0.11    0.00    3.36 v _08978_/B (sky130_fd_sc_hs__nand3b_1)
     1    0.01    0.08    0.10    3.46 ^ _08978_/Y (sky130_fd_sc_hs__nand3b_1)
                                         _03659_ (net)
                  0.08    0.00    3.46 ^ _08979_/A2 (sky130_fd_sc_hs__a21oi_2)
     1    0.01    0.07    0.07    3.53 v _08979_/Y (sky130_fd_sc_hs__a21oi_2)
                                         _05676_ (net)
                  0.07    0.00    3.53 v _12059_/A (sky130_fd_sc_hs__fa_1)
     2    0.01    0.06    0.24    3.77 v _12059_/COUT (sky130_fd_sc_hs__fa_1)
                                         _05679_ (net)
                  0.06    0.00    3.77 v _08999_/A (sky130_fd_sc_hs__nor3_1)
     1    0.01    0.19    0.18    3.95 ^ _08999_/Y (sky130_fd_sc_hs__nor3_1)
                                         _03678_ (net)
                  0.19    0.00    3.95 ^ _09000_/C1 (sky130_fd_sc_hs__a2111oi_2)
     1    0.01    0.09    0.09    4.04 v _09000_/Y (sky130_fd_sc_hs__a2111oi_2)
                                         _03679_ (net)
                  0.09    0.00    4.04 v _09001_/B (sky130_fd_sc_hs__nand2_2)
     3    0.02    0.08    0.10    4.14 ^ _09001_/Y (sky130_fd_sc_hs__nand2_2)
                                         _03680_ (net)
                  0.08    0.00    4.14 ^ _09007_/B1 (sky130_fd_sc_hs__o2111ai_2)
     1    0.01    0.12    0.12    4.27 v _09007_/Y (sky130_fd_sc_hs__o2111ai_2)
                                         _03686_ (net)
                  0.12    0.00    4.27 v _09013_/B1 (sky130_fd_sc_hs__o211ai_4)
     2    0.02    0.14    0.13    4.39 ^ _09013_/Y (sky130_fd_sc_hs__o211ai_4)
                                         net87 (net)
                  0.14    0.00    4.39 ^ output87/A (sky130_fd_sc_hs__clkbuf_1)
     1    0.00    0.02    0.08    4.47 ^ output87/X (sky130_fd_sc_hs__clkbuf_1)
                                         aluout[29] (net)
                  0.02    0.00    4.47 ^ aluout[29] (out)
                                  4.47   data arrival time

                  0.00    7.60    7.60   clock clk (rise edge)
                          0.00    7.60   clock network delay (ideal)
                          0.00    7.60   clock reconvergence pessimism
                         -1.52    6.08   output external delay
                                  6.08   data required time
-----------------------------------------------------------------------------
                                  6.08   data required time
                                 -4.47   data arrival time
-----------------------------------------------------------------------------
                                  1.61   slack (MET)



==========================================================================
resizer report_checks -unconstrained
--------------------------------------------------------------------------
Startpoint: _12186_ (rising edge-triggered flip-flop clocked by clk)
Endpoint: aluout[29] (output port clocked by clk)
Path Group: clk
Path Type: max

Fanout     Cap    Slew   Delay    Time   Description
-----------------------------------------------------------------------------
                  0.00    0.00    0.00   clock clk (rise edge)
                          0.00    0.00   clock network delay (ideal)
                  0.00    0.00    0.00 ^ _12186_/CLK (sky130_fd_sc_hs__dfxtp_1)
     4    0.01    0.06    0.22    0.22 v _12186_/Q (sky130_fd_sc_hs__dfxtp_1)
                                         dp.rf.rf[19][1] (net)
                  0.06    0.00    0.22 v _06696_/A3 (sky130_fd_sc_hs__mux4_1)
     1    0.00    0.05    0.25    0.47 v _06696_/X (sky130_fd_sc_hs__mux4_1)
                                         _01583_ (net)
                  0.05    0.00    0.47 v _06698_/A0 (sky130_fd_sc_hs__mux2_1)
     1    0.01    0.06    0.17    0.64 v _06698_/X (sky130_fd_sc_hs__mux2_1)
                                         _01585_ (net)
                  0.06    0.00    0.64 v _06701_/B1 (sky130_fd_sc_hs__a221o_4)
     2    0.03    0.09    0.33    0.97 v _06701_/X (sky130_fd_sc_hs__a221o_4)
                                         _01588_ (net)
                  0.09    0.00    0.97 v _08153_/A2 (sky130_fd_sc_hs__a211o_4)
     5    0.07    0.10    0.34    1.31 v _08153_/X (sky130_fd_sc_hs__a211o_4)
                                         _02890_ (net)
                  0.10    0.01    1.31 v _08159_/A (sky130_fd_sc_hs__nand2_8)
    29    0.28    0.62    0.44    1.75 ^ _08159_/Y (sky130_fd_sc_hs__nand2_8)
                                         _02896_ (net)
                  0.62    0.02    1.77 ^ _08163_/B (sky130_fd_sc_hs__xnor2_1)
     2    0.01    0.19    0.15    1.92 ^ _08163_/Y (sky130_fd_sc_hs__xnor2_1)
                                         _05975_ (net)
                  0.19    0.00    1.92 ^ _08164_/A (sky130_fd_sc_hs__inv_1)
     2    0.01    0.08    0.09    2.02 v _08164_/Y (sky130_fd_sc_hs__inv_1)
                                         _05595_ (net)
                  0.08    0.00    2.02 v _12045_/CIN (sky130_fd_sc_hs__fa_1)
     2    0.02    0.10    0.25    2.27 v _12045_/COUT (sky130_fd_sc_hs__fa_1)
                                         _05596_ (net)
                  0.10    0.00    2.27 v _08197_/A (sky130_fd_sc_hs__nor2b_1)
     1    0.01    0.12    0.13    2.40 ^ _08197_/Y (sky130_fd_sc_hs__nor2b_1)
                                         _02929_ (net)
                  0.12    0.00    2.40 ^ _08198_/A2 (sky130_fd_sc_hs__o21ai_2)
     2    0.02    0.07    0.08    2.48 v _08198_/Y (sky130_fd_sc_hs__o21ai_2)
                                         _02930_ (net)
                  0.07    0.00    2.48 v _08202_/A2 (sky130_fd_sc_hs__a211oi_4)
     3    0.02    0.26    0.27    2.75 ^ _08202_/Y (sky130_fd_sc_hs__a211oi_4)
                                         _02933_ (net)
                  0.26    0.00    2.75 ^ _08302_/A1 (sky130_fd_sc_hs__o211ai_4)
     3    0.03    0.13    0.14    2.90 v _08302_/Y (sky130_fd_sc_hs__o211ai_4)
                                         _03029_ (net)
                  0.13    0.00    2.90 v _08305_/A2 (sky130_fd_sc_hs__a211oi_4)
     2    0.03    0.30    0.32    3.22 ^ _08305_/Y (sky130_fd_sc_hs__a211oi_4)
                                         _03032_ (net)
                  0.30    0.00    3.22 ^ _08315_/B1 (sky130_fd_sc_hs__o221ai_4)
     2    0.01    0.11    0.14    3.36 v _08315_/Y (sky130_fd_sc_hs__o221ai_4)
                                         _03042_ (net)
                  0.11    0.00    3.36 v _08978_/B (sky130_fd_sc_hs__nand3b_1)
     1    0.01    0.08    0.10    3.46 ^ _08978_/Y (sky130_fd_sc_hs__nand3b_1)
                                         _03659_ (net)
                  0.08    0.00    3.46 ^ _08979_/A2 (sky130_fd_sc_hs__a21oi_2)
     1    0.01    0.07    0.07    3.53 v _08979_/Y (sky130_fd_sc_hs__a21oi_2)
                                         _05676_ (net)
                  0.07    0.00    3.53 v _12059_/A (sky130_fd_sc_hs__fa_1)
     2    0.01    0.06    0.24    3.77 v _12059_/COUT (sky130_fd_sc_hs__fa_1)
                                         _05679_ (net)
                  0.06    0.00    3.77 v _08999_/A (sky130_fd_sc_hs__nor3_1)
     1    0.01    0.19    0.18    3.95 ^ _08999_/Y (sky130_fd_sc_hs__nor3_1)
                                         _03678_ (net)
                  0.19    0.00    3.95 ^ _09000_/C1 (sky130_fd_sc_hs__a2111oi_2)
     1    0.01    0.09    0.09    4.04 v _09000_/Y (sky130_fd_sc_hs__a2111oi_2)
                                         _03679_ (net)
                  0.09    0.00    4.04 v _09001_/B (sky130_fd_sc_hs__nand2_2)
     3    0.02    0.08    0.10    4.14 ^ _09001_/Y (sky130_fd_sc_hs__nand2_2)
                                         _03680_ (net)
                  0.08    0.00    4.14 ^ _09007_/B1 (sky130_fd_sc_hs__o2111ai_2)
     1    0.01    0.12    0.12    4.27 v _09007_/Y (sky130_fd_sc_hs__o2111ai_2)
                                         _03686_ (net)
                  0.12    0.00    4.27 v _09013_/B1 (sky130_fd_sc_hs__o211ai_4)
     2    0.02    0.14    0.13    4.39 ^ _09013_/Y (sky130_fd_sc_hs__o211ai_4)
                                         net87 (net)
                  0.14    0.00    4.39 ^ output87/A (sky130_fd_sc_hs__clkbuf_1)
     1    0.00    0.02    0.08    4.47 ^ output87/X (sky130_fd_sc_hs__clkbuf_1)
                                         aluout[29] (net)
                  0.02    0.00    4.47 ^ aluout[29] (out)
                                  4.47   data arrival time

                  0.00    7.60    7.60   clock clk (rise edge)
                          0.00    7.60   clock network delay (ideal)
                          0.00    7.60   clock reconvergence pessimism
                         -1.52    6.08   output external delay
                                  6.08   data required time
-----------------------------------------------------------------------------
                                  6.08   data required time
                                 -4.47   data arrival time
-----------------------------------------------------------------------------
                                  1.61   slack (MET)



==========================================================================
resizer report_check_types -max_slew -max_cap -max_fanout -violators
--------------------------------------------------------------------------

==========================================================================
resizer max_slew_check_slack
--------------------------------------------------------------------------
0.01695910096168518

==========================================================================
resizer max_slew_check_limit
--------------------------------------------------------------------------
1.0

==========================================================================
resizer max_slew_check_slack_limit
--------------------------------------------------------------------------
0.0170

==========================================================================
resizer max_fanout_check_slack
--------------------------------------------------------------------------
1.0000000150474662e+30

==========================================================================
resizer max_fanout_check_limit
--------------------------------------------------------------------------
1.0000000150474662e+30

==========================================================================
resizer max_capacitance_check_slack
--------------------------------------------------------------------------
0.006780437659472227

==========================================================================
resizer max_capacitance_check_limit
--------------------------------------------------------------------------
0.3948799967765808

==========================================================================
resizer max_capacitance_check_slack_limit
--------------------------------------------------------------------------
0.0172

==========================================================================
resizer max_slew_violation_count
--------------------------------------------------------------------------
max slew violation count 0

==========================================================================
resizer max_fanout_violation_count
--------------------------------------------------------------------------
max fanout violation count 0

==========================================================================
resizer max_cap_violation_count
--------------------------------------------------------------------------
max cap violation count 0

==========================================================================
resizer setup_violation_count
--------------------------------------------------------------------------
setup violation count 0

==========================================================================
resizer hold_violation_count
--------------------------------------------------------------------------
hold violation count 0

==========================================================================
resizer critical path delay
--------------------------------------------------------------------------
4.4698

==========================================================================
resizer critical path slack
--------------------------------------------------------------------------
1.6102

==========================================================================
resizer slack div critical path delay
--------------------------------------------------------------------------
36.023983

==========================================================================
resizer report_power
--------------------------------------------------------------------------
Group                  Internal  Switching    Leakage      Total
                          Power      Power      Power      Power (Watts)
----------------------------------------------------------------
Sequential             1.11e-02   1.67e-03   4.19e-07   1.28e-02  34.9%
Combinational          1.79e-02   5.91e-03   4.90e-07   2.38e-02  65.1%
Macro                  0.00e+00   0.00e+00   0.00e+00   0.00e+00   0.0%
Pad                    0.00e+00   0.00e+00   0.00e+00   0.00e+00   0.0%
----------------------------------------------------------------
Total                  2.90e-02   7.58e-03   9.09e-07   3.66e-02 100.0%
                          79.3%      20.7%       0.0%

==========================================================================
resizer report_design_area
--------------------------------------------------------------------------
Design area 106605 u^2 57% utilization.


==========================================================================
instance_count
--------------------------------------------------------------------------
8777

==========================================================================
pin_count
--------------------------------------------------------------------------
25592

Elapsed time: 0:03.57[h:]min:sec. CPU time: user 3.52 sys 0.05 (99%). Peak memory: 171888KB.
