OpenROAD autotuner-v1-2861-g832b18e7 
This program is licensed under the BSD-3 license. See the LICENSE file for details.
Components of this program may be licensed under more restrictive licenses which must be honored.
[INFO CTS-0049] Characterization buffer is: sky130_fd_sc_hs__clkbuf_4.
[INFO CTS-0039] Number of created patterns = 12240.
[INFO CTS-0084] Compiling LUT.
Min. len    Max. len    Min. cap    Max. cap    Min. slew   Max. slew
2           8           1           35          1           12          
[WARNING CTS-0043] 1632 wires are pure wire and no slew degradation.
TritonCTS forced slew degradation on these wires.
[INFO CTS-0046]     Number of wire segments: 12240.
[INFO CTS-0047]     Number of keys in characterization LUT: 1600.
[INFO CTS-0048]     Actual min input cap: 1.
[INFO CTS-0007] Net "clk" found for clock "clk".
[INFO CTS-0010]  Clock net "clk" has 1056 sinks.
[INFO CTS-0008] TritonCTS found 1 clock nets.
[INFO CTS-0097] Characterization used 1 buffer(s) types.
[INFO CTS-0200] 0 placement blockages have been identified.
[INFO CTS-0201] 0 placed hard macros will be treated like blockages.
[INFO CTS-0027] Generating H-Tree topology for net clk.
[INFO CTS-0028]  Total number of sinks: 1056.
[INFO CTS-0029]  Sinks will be clustered in groups of up to 30 and with maximum cluster diameter of 100.0 um.
[INFO CTS-0030]  Number of static layers: 0.
[INFO CTS-0020]  Wire segment unit: 16650  dbu (16 um).
[INFO CTS-0019]  Total number of sinks after clustering: 43.
[INFO CTS-0024]  Normalized sink region: [(3.9589, 1.29155), (23.9152, 25.1898)].
[INFO CTS-0025]     Width:  19.9563.
[INFO CTS-0026]     Height: 23.8982.
 Level 1
    Direction: Vertical
    Sinks per sub-region: 22
    Sub-region size: 19.9563 X 11.9491
[INFO CTS-0034]     Segment length (rounded): 6.
    Key: 156 inSlew: 1 inCap: 2 outSlew: 2 load: 1 length: 6 delay: 1
 Level 2
    Direction: Horizontal
    Sinks per sub-region: 11
    Sub-region size: 9.9782 X 11.9491
[INFO CTS-0034]     Segment length (rounded): 4.
    Key: 60 inSlew: 1 inCap: 2 outSlew: 2 load: 1 length: 4 delay: 1
[INFO CTS-0032]  Stop criterion found. Max number of sinks is 15.
[INFO CTS-0035]  Number of sinks covered: 43.
[INFO CTS-0018]     Created 47 clock buffers.
[INFO CTS-0012]     Minimum number of buffers in the clock path: 2.
[INFO CTS-0013]     Maximum number of buffers in the clock path: 3.
[INFO CTS-0015]     Created 47 clock nets.
[INFO CTS-0016]     Fanout distribution for the current clock = 5:1, 6:1, 10:1, 11:3, 14:1, 17:1, 20:1, 21:2, 22:3, 23:3, 24:4, 25:2, 26:2, 27:2, 28:2, 29:2, 30:15..
[INFO CTS-0017]     Max level of the clock tree: 2.
[INFO CTS-0098] Clock net "clk"
[INFO CTS-0099]  Sinks 1056
[INFO CTS-0100]  Leaf buffers 42
[INFO CTS-0101]  Average sink wire length 626.77 um
[INFO CTS-0102]  Path depth 2 - 3

==========================================================================
cts pre-repair check_setup
--------------------------------------------------------------------------
Warning: There are 65 input ports missing set_input_delay.
Warning: There are 3 unconstrained endpoints.

==========================================================================
cts pre-repair report_tns
--------------------------------------------------------------------------
tns 0.00

==========================================================================
cts pre-repair report_wns
--------------------------------------------------------------------------
wns 0.00

==========================================================================
cts pre-repair report_worst_slack
--------------------------------------------------------------------------
worst slack 0.75

==========================================================================
cts pre-repair report_clock_skew
--------------------------------------------------------------------------
Clock clk
Latency      CRPR       Skew
_12899_/CLK ^
   0.82
_12744_/CLK ^
   0.45      0.00       0.37


==========================================================================
cts pre-repair report_checks -path_delay min
--------------------------------------------------------------------------
Startpoint: _12676_ (rising edge-triggered flip-flop clocked by clk)
Endpoint: _12676_ (rising edge-triggered flip-flop clocked by clk)
Path Group: clk
Path Type: min

Fanout     Cap    Slew   Delay    Time   Description
-----------------------------------------------------------------------------
                          0.00    0.00   clock clk (rise edge)
                          0.00    0.00   clock source latency
     1    0.05    0.00    0.00    0.00 ^ clk (in)
                                         clk (net)
                  0.00    0.00    0.00 ^ clkbuf_0_clk/A (sky130_fd_sc_hs__clkbuf_4)
     4    0.08    0.16    0.19    0.19 ^ clkbuf_0_clk/X (sky130_fd_sc_hs__clkbuf_4)
                                         clknet_0_clk (net)
                  0.16    0.00    0.19 ^ clkbuf_2_1__f_clk/A (sky130_fd_sc_hs__clkbuf_4)
    11    0.10    0.20    0.26    0.45 ^ clkbuf_2_1__f_clk/X (sky130_fd_sc_hs__clkbuf_4)
                                         clknet_2_1__leaf_clk (net)
                  0.20    0.01    0.46 ^ clkbuf_leaf_28_clk/A (sky130_fd_sc_hs__clkbuf_4)
    28    0.12    0.24    0.30    0.76 ^ clkbuf_leaf_28_clk/X (sky130_fd_sc_hs__clkbuf_4)
                                         clknet_leaf_28_clk (net)
                  0.24    0.00    0.76 ^ _12676_/CLK (sky130_fd_sc_hs__dfxtp_1)
     2    0.01    0.05    0.23    0.99 ^ _12676_/Q (sky130_fd_sc_hs__dfxtp_1)
                                         dp.rf.rf[0][11] (net)
                  0.05    0.00    0.99 ^ _12676_/D (sky130_fd_sc_hs__dfxtp_1)
                                  0.99   data arrival time

                          0.00    0.00   clock clk (rise edge)
                          0.00    0.00   clock source latency
     1    0.05    0.00    0.00    0.00 ^ clk (in)
                                         clk (net)
                  0.00    0.00    0.00 ^ clkbuf_0_clk/A (sky130_fd_sc_hs__clkbuf_4)
     4    0.08    0.16    0.19    0.19 ^ clkbuf_0_clk/X (sky130_fd_sc_hs__clkbuf_4)
                                         clknet_0_clk (net)
                  0.16    0.00    0.19 ^ clkbuf_2_1__f_clk/A (sky130_fd_sc_hs__clkbuf_4)
    11    0.10    0.20    0.26    0.45 ^ clkbuf_2_1__f_clk/X (sky130_fd_sc_hs__clkbuf_4)
                                         clknet_2_1__leaf_clk (net)
                  0.20    0.01    0.46 ^ clkbuf_leaf_28_clk/A (sky130_fd_sc_hs__clkbuf_4)
    28    0.12    0.24    0.30    0.76 ^ clkbuf_leaf_28_clk/X (sky130_fd_sc_hs__clkbuf_4)
                                         clknet_leaf_28_clk (net)
                  0.24    0.00    0.76 ^ _12676_/CLK (sky130_fd_sc_hs__dfxtp_1)
                          0.00    0.76   clock reconvergence pessimism
                          0.01    0.77   library hold time
                                  0.77   data required time
-----------------------------------------------------------------------------
                                  0.77   data required time
                                 -0.99   data arrival time
-----------------------------------------------------------------------------
                                  0.22   slack (MET)



==========================================================================
cts pre-repair report_checks -path_delay max
--------------------------------------------------------------------------
Startpoint: _12186_ (rising edge-triggered flip-flop clocked by clk)
Endpoint: aluout[29] (output port clocked by clk)
Path Group: clk
Path Type: max

Fanout     Cap    Slew   Delay    Time   Description
-----------------------------------------------------------------------------
                          0.00    0.00   clock clk (rise edge)
                          0.00    0.00   clock source latency
     1    0.05    0.00    0.00    0.00 ^ clk (in)
                                         clk (net)
                  0.00    0.00    0.00 ^ clkbuf_0_clk/A (sky130_fd_sc_hs__clkbuf_4)
     4    0.08    0.16    0.19    0.19 ^ clkbuf_0_clk/X (sky130_fd_sc_hs__clkbuf_4)
                                         clknet_0_clk (net)
                  0.16    0.00    0.19 ^ clkbuf_2_2__f_clk/A (sky130_fd_sc_hs__clkbuf_4)
    11    0.13    0.26    0.30    0.49 ^ clkbuf_2_2__f_clk/X (sky130_fd_sc_hs__clkbuf_4)
                                         clknet_2_2__leaf_clk (net)
                  0.26    0.00    0.49 ^ clkbuf_leaf_9_clk/A (sky130_fd_sc_hs__clkbuf_4)
    30    0.13    0.26    0.33    0.81 ^ clkbuf_leaf_9_clk/X (sky130_fd_sc_hs__clkbuf_4)
                                         clknet_leaf_9_clk (net)
                  0.26    0.00    0.82 ^ _12186_/CLK (sky130_fd_sc_hs__dfxtp_1)
     4    0.01    0.06    0.28    1.09 v _12186_/Q (sky130_fd_sc_hs__dfxtp_1)
                                         dp.rf.rf[19][1] (net)
                  0.06    0.00    1.09 v _06696_/A3 (sky130_fd_sc_hs__mux4_1)
     1    0.00    0.05    0.25    1.34 v _06696_/X (sky130_fd_sc_hs__mux4_1)
                                         _01583_ (net)
                  0.05    0.00    1.34 v _06698_/A0 (sky130_fd_sc_hs__mux2_1)
     1    0.01    0.06    0.17    1.51 v _06698_/X (sky130_fd_sc_hs__mux2_1)
                                         _01585_ (net)
                  0.06    0.00    1.51 v _06701_/B1 (sky130_fd_sc_hs__a221o_4)
     2    0.03    0.09    0.33    1.84 v _06701_/X (sky130_fd_sc_hs__a221o_4)
                                         _01588_ (net)
                  0.09    0.00    1.84 v _08153_/A2 (sky130_fd_sc_hs__a211o_4)
     5    0.06    0.10    0.34    2.17 v _08153_/X (sky130_fd_sc_hs__a211o_4)
                                         _02890_ (net)
                  0.10    0.01    2.18 v _08159_/A (sky130_fd_sc_hs__nand2_8)
    29    0.28    0.63    0.45    2.63 ^ _08159_/Y (sky130_fd_sc_hs__nand2_8)
                                         _02896_ (net)
                  0.63    0.02    2.65 ^ _08163_/B (sky130_fd_sc_hs__xnor2_1)
     2    0.01    0.19    0.15    2.80 ^ _08163_/Y (sky130_fd_sc_hs__xnor2_1)
                                         _05975_ (net)
                  0.19    0.00    2.80 ^ _08164_/A (sky130_fd_sc_hs__inv_1)
     2    0.01    0.08    0.10    2.89 v _08164_/Y (sky130_fd_sc_hs__inv_1)
                                         _05595_ (net)
                  0.08    0.00    2.89 v _12045_/CIN (sky130_fd_sc_hs__fa_1)
     2    0.02    0.10    0.25    3.14 v _12045_/COUT (sky130_fd_sc_hs__fa_1)
                                         _05596_ (net)
                  0.10    0.00    3.14 v _08197_/A (sky130_fd_sc_hs__nor2b_1)
     1    0.01    0.12    0.14    3.28 ^ _08197_/Y (sky130_fd_sc_hs__nor2b_1)
                                         _02929_ (net)
                  0.12    0.00    3.28 ^ _08198_/A2 (sky130_fd_sc_hs__o21ai_2)
     2    0.02    0.07    0.08    3.36 v _08198_/Y (sky130_fd_sc_hs__o21ai_2)
                                         _02930_ (net)
                  0.07    0.00    3.36 v _08202_/A2 (sky130_fd_sc_hs__a211oi_4)
     3    0.02    0.25    0.26    3.62 ^ _08202_/Y (sky130_fd_sc_hs__a211oi_4)
                                         _02933_ (net)
                  0.25    0.00    3.62 ^ _08302_/A1 (sky130_fd_sc_hs__o211ai_4)
     3    0.03    0.13    0.14    3.76 v _08302_/Y (sky130_fd_sc_hs__o211ai_4)
                                         _03029_ (net)
                  0.13    0.00    3.76 v _08305_/A2 (sky130_fd_sc_hs__a211oi_4)
     2    0.03    0.30    0.32    4.08 ^ _08305_/Y (sky130_fd_sc_hs__a211oi_4)
                                         _03032_ (net)
                  0.30    0.00    4.08 ^ _08315_/B1 (sky130_fd_sc_hs__o221ai_4)
     2    0.01    0.11    0.14    4.22 v _08315_/Y (sky130_fd_sc_hs__o221ai_4)
                                         _03042_ (net)
                  0.11    0.00    4.22 v _08978_/B (sky130_fd_sc_hs__nand3b_1)
     1    0.01    0.08    0.10    4.32 ^ _08978_/Y (sky130_fd_sc_hs__nand3b_1)
                                         _03659_ (net)
                  0.08    0.00    4.32 ^ _08979_/A2 (sky130_fd_sc_hs__a21oi_2)
     1    0.01    0.07    0.07    4.39 v _08979_/Y (sky130_fd_sc_hs__a21oi_2)
                                         _05676_ (net)
                  0.07    0.00    4.39 v _12059_/A (sky130_fd_sc_hs__fa_1)
     2    0.01    0.06    0.24    4.64 v _12059_/COUT (sky130_fd_sc_hs__fa_1)
                                         _05679_ (net)
                  0.06    0.00    4.64 v _08999_/A (sky130_fd_sc_hs__nor3_1)
     1    0.01    0.19    0.17    4.81 ^ _08999_/Y (sky130_fd_sc_hs__nor3_1)
                                         _03678_ (net)
                  0.19    0.00    4.81 ^ _09000_/C1 (sky130_fd_sc_hs__a2111oi_2)
     1    0.01    0.09    0.09    4.90 v _09000_/Y (sky130_fd_sc_hs__a2111oi_2)
                                         _03679_ (net)
                  0.09    0.00    4.90 v _09001_/B (sky130_fd_sc_hs__nand2_2)
     3    0.02    0.08    0.10    5.00 ^ _09001_/Y (sky130_fd_sc_hs__nand2_2)
                                         _03680_ (net)
                  0.08    0.00    5.01 ^ _09007_/B1 (sky130_fd_sc_hs__o2111ai_2)
     1    0.01    0.12    0.12    5.12 v _09007_/Y (sky130_fd_sc_hs__o2111ai_2)
                                         _03686_ (net)
                  0.12    0.00    5.12 v _09013_/B1 (sky130_fd_sc_hs__o211ai_4)
     2    0.02    0.14    0.13    5.25 ^ _09013_/Y (sky130_fd_sc_hs__o211ai_4)
                                         net87 (net)
                  0.14    0.00    5.25 ^ output87/A (sky130_fd_sc_hs__clkbuf_1)
     1    0.00    0.02    0.07    5.33 ^ output87/X (sky130_fd_sc_hs__clkbuf_1)
                                         aluout[29] (net)
                  0.02    0.00    5.33 ^ aluout[29] (out)
                                  5.33   data arrival time

                          7.60    7.60   clock clk (rise edge)
                          0.00    7.60   clock network delay (propagated)
                          0.00    7.60   clock reconvergence pessimism
                         -1.52    6.08   output external delay
                                  6.08   data required time
-----------------------------------------------------------------------------
                                  6.08   data required time
                                 -5.33   data arrival time
-----------------------------------------------------------------------------
                                  0.75   slack (MET)



==========================================================================
cts pre-repair report_checks -unconstrained
--------------------------------------------------------------------------
Startpoint: _12186_ (rising edge-triggered flip-flop clocked by clk)
Endpoint: aluout[29] (output port clocked by clk)
Path Group: clk
Path Type: max

Fanout     Cap    Slew   Delay    Time   Description
-----------------------------------------------------------------------------
                          0.00    0.00   clock clk (rise edge)
                          0.00    0.00   clock source latency
     1    0.05    0.00    0.00    0.00 ^ clk (in)
                                         clk (net)
                  0.00    0.00    0.00 ^ clkbuf_0_clk/A (sky130_fd_sc_hs__clkbuf_4)
     4    0.08    0.16    0.19    0.19 ^ clkbuf_0_clk/X (sky130_fd_sc_hs__clkbuf_4)
                                         clknet_0_clk (net)
                  0.16    0.00    0.19 ^ clkbuf_2_2__f_clk/A (sky130_fd_sc_hs__clkbuf_4)
    11    0.13    0.26    0.30    0.49 ^ clkbuf_2_2__f_clk/X (sky130_fd_sc_hs__clkbuf_4)
                                         clknet_2_2__leaf_clk (net)
                  0.26    0.00    0.49 ^ clkbuf_leaf_9_clk/A (sky130_fd_sc_hs__clkbuf_4)
    30    0.13    0.26    0.33    0.81 ^ clkbuf_leaf_9_clk/X (sky130_fd_sc_hs__clkbuf_4)
                                         clknet_leaf_9_clk (net)
                  0.26    0.00    0.82 ^ _12186_/CLK (sky130_fd_sc_hs__dfxtp_1)
     4    0.01    0.06    0.28    1.09 v _12186_/Q (sky130_fd_sc_hs__dfxtp_1)
                                         dp.rf.rf[19][1] (net)
                  0.06    0.00    1.09 v _06696_/A3 (sky130_fd_sc_hs__mux4_1)
     1    0.00    0.05    0.25    1.34 v _06696_/X (sky130_fd_sc_hs__mux4_1)
                                         _01583_ (net)
                  0.05    0.00    1.34 v _06698_/A0 (sky130_fd_sc_hs__mux2_1)
     1    0.01    0.06    0.17    1.51 v _06698_/X (sky130_fd_sc_hs__mux2_1)
                                         _01585_ (net)
                  0.06    0.00    1.51 v _06701_/B1 (sky130_fd_sc_hs__a221o_4)
     2    0.03    0.09    0.33    1.84 v _06701_/X (sky130_fd_sc_hs__a221o_4)
                                         _01588_ (net)
                  0.09    0.00    1.84 v _08153_/A2 (sky130_fd_sc_hs__a211o_4)
     5    0.06    0.10    0.34    2.17 v _08153_/X (sky130_fd_sc_hs__a211o_4)
                                         _02890_ (net)
                  0.10    0.01    2.18 v _08159_/A (sky130_fd_sc_hs__nand2_8)
    29    0.28    0.63    0.45    2.63 ^ _08159_/Y (sky130_fd_sc_hs__nand2_8)
                                         _02896_ (net)
                  0.63    0.02    2.65 ^ _08163_/B (sky130_fd_sc_hs__xnor2_1)
     2    0.01    0.19    0.15    2.80 ^ _08163_/Y (sky130_fd_sc_hs__xnor2_1)
                                         _05975_ (net)
                  0.19    0.00    2.80 ^ _08164_/A (sky130_fd_sc_hs__inv_1)
     2    0.01    0.08    0.10    2.89 v _08164_/Y (sky130_fd_sc_hs__inv_1)
                                         _05595_ (net)
                  0.08    0.00    2.89 v _12045_/CIN (sky130_fd_sc_hs__fa_1)
     2    0.02    0.10    0.25    3.14 v _12045_/COUT (sky130_fd_sc_hs__fa_1)
                                         _05596_ (net)
                  0.10    0.00    3.14 v _08197_/A (sky130_fd_sc_hs__nor2b_1)
     1    0.01    0.12    0.14    3.28 ^ _08197_/Y (sky130_fd_sc_hs__nor2b_1)
                                         _02929_ (net)
                  0.12    0.00    3.28 ^ _08198_/A2 (sky130_fd_sc_hs__o21ai_2)
     2    0.02    0.07    0.08    3.36 v _08198_/Y (sky130_fd_sc_hs__o21ai_2)
                                         _02930_ (net)
                  0.07    0.00    3.36 v _08202_/A2 (sky130_fd_sc_hs__a211oi_4)
     3    0.02    0.25    0.26    3.62 ^ _08202_/Y (sky130_fd_sc_hs__a211oi_4)
                                         _02933_ (net)
                  0.25    0.00    3.62 ^ _08302_/A1 (sky130_fd_sc_hs__o211ai_4)
     3    0.03    0.13    0.14    3.76 v _08302_/Y (sky130_fd_sc_hs__o211ai_4)
                                         _03029_ (net)
                  0.13    0.00    3.76 v _08305_/A2 (sky130_fd_sc_hs__a211oi_4)
     2    0.03    0.30    0.32    4.08 ^ _08305_/Y (sky130_fd_sc_hs__a211oi_4)
                                         _03032_ (net)
                  0.30    0.00    4.08 ^ _08315_/B1 (sky130_fd_sc_hs__o221ai_4)
     2    0.01    0.11    0.14    4.22 v _08315_/Y (sky130_fd_sc_hs__o221ai_4)
                                         _03042_ (net)
                  0.11    0.00    4.22 v _08978_/B (sky130_fd_sc_hs__nand3b_1)
     1    0.01    0.08    0.10    4.32 ^ _08978_/Y (sky130_fd_sc_hs__nand3b_1)
                                         _03659_ (net)
                  0.08    0.00    4.32 ^ _08979_/A2 (sky130_fd_sc_hs__a21oi_2)
     1    0.01    0.07    0.07    4.39 v _08979_/Y (sky130_fd_sc_hs__a21oi_2)
                                         _05676_ (net)
                  0.07    0.00    4.39 v _12059_/A (sky130_fd_sc_hs__fa_1)
     2    0.01    0.06    0.24    4.64 v _12059_/COUT (sky130_fd_sc_hs__fa_1)
                                         _05679_ (net)
                  0.06    0.00    4.64 v _08999_/A (sky130_fd_sc_hs__nor3_1)
     1    0.01    0.19    0.17    4.81 ^ _08999_/Y (sky130_fd_sc_hs__nor3_1)
                                         _03678_ (net)
                  0.19    0.00    4.81 ^ _09000_/C1 (sky130_fd_sc_hs__a2111oi_2)
     1    0.01    0.09    0.09    4.90 v _09000_/Y (sky130_fd_sc_hs__a2111oi_2)
                                         _03679_ (net)
                  0.09    0.00    4.90 v _09001_/B (sky130_fd_sc_hs__nand2_2)
     3    0.02    0.08    0.10    5.00 ^ _09001_/Y (sky130_fd_sc_hs__nand2_2)
                                         _03680_ (net)
                  0.08    0.00    5.01 ^ _09007_/B1 (sky130_fd_sc_hs__o2111ai_2)
     1    0.01    0.12    0.12    5.12 v _09007_/Y (sky130_fd_sc_hs__o2111ai_2)
                                         _03686_ (net)
                  0.12    0.00    5.12 v _09013_/B1 (sky130_fd_sc_hs__o211ai_4)
     2    0.02    0.14    0.13    5.25 ^ _09013_/Y (sky130_fd_sc_hs__o211ai_4)
                                         net87 (net)
                  0.14    0.00    5.25 ^ output87/A (sky130_fd_sc_hs__clkbuf_1)
     1    0.00    0.02    0.07    5.33 ^ output87/X (sky130_fd_sc_hs__clkbuf_1)
                                         aluout[29] (net)
                  0.02    0.00    5.33 ^ aluout[29] (out)
                                  5.33   data arrival time

                          7.60    7.60   clock clk (rise edge)
                          0.00    7.60   clock network delay (propagated)
                          0.00    7.60   clock reconvergence pessimism
                         -1.52    6.08   output external delay
                                  6.08   data required time
-----------------------------------------------------------------------------
                                  6.08   data required time
                                 -5.33   data arrival time
-----------------------------------------------------------------------------
                                  0.75   slack (MET)



==========================================================================
cts pre-repair report_check_types -max_slew -max_cap -max_fanout -violators
--------------------------------------------------------------------------
max slew

Pin                                    Limit    Slew   Slack
------------------------------------------------------------
_10327_/B                               1.00    1.01   -0.01 (VIOLATED)
_10328_/A3                              1.00    1.01   -0.01 (VIOLATED)
_10309_/A2                              1.00    1.01   -0.01 (VIOLATED)
_10308_/B                               1.00    1.01   -0.01 (VIOLATED)
_10332_/A2                              1.00    1.01   -0.01 (VIOLATED)
_10331_/B                               1.00    1.01   -0.01 (VIOLATED)
_10321_/A2                              1.00    1.01   -0.01 (VIOLATED)
_10320_/B                               1.00    1.01   -0.01 (VIOLATED)
_10323_/A3                              1.00    1.01   -0.01 (VIOLATED)
_10322_/B                               1.00    1.01   -0.01 (VIOLATED)
_10314_/A2                              1.00    1.01   -0.01 (VIOLATED)
_10313_/B                               1.00    1.01   -0.01 (VIOLATED)
_10318_/B                               1.00    1.01   -0.01 (VIOLATED)
_10304_/B                               1.00    1.01   -0.01 (VIOLATED)
_10319_/A3                              1.00    1.01   -0.01 (VIOLATED)
_10305_/A2                              1.00    1.01   -0.01 (VIOLATED)
_10280_/A2                              1.00    1.01   -0.01 (VIOLATED)
_10279_/B                               1.00    1.01   -0.01 (VIOLATED)
_10284_/A2                              1.00    1.01   -0.01 (VIOLATED)
_10283_/B                               1.00    1.01   -0.01 (VIOLATED)
_10289_/B                               1.00    1.01   -0.01 (VIOLATED)
_10301_/A2                              1.00    1.01   -0.01 (VIOLATED)
_10290_/A3                              1.00    1.01   -0.01 (VIOLATED)
_10302_/B                               1.00    1.01   -0.01 (VIOLATED)
_10303_/A2                              1.00    1.01   -0.01 (VIOLATED)
_10300_/B                               1.00    1.01   -0.01 (VIOLATED)
_10469_/A2                              1.00    1.01   -0.01 (VIOLATED)
_10468_/B                               1.00    1.01   -0.01 (VIOLATED)
_10476_/A3                              1.00    1.01   -0.01 (VIOLATED)
_10475_/B                               1.00    1.01   -0.01 (VIOLATED)
_10490_/A2                              1.00    1.01   -0.01 (VIOLATED)
_10489_/B                               1.00    1.01   -0.01 (VIOLATED)
_10335_/B                               1.00    1.01   -0.01 (VIOLATED)
_10480_/A3                              1.00    1.01   -0.01 (VIOLATED)
_10479_/B                               1.00    1.01   -0.01 (VIOLATED)
_10336_/A2                              1.00    1.01   -0.01 (VIOLATED)
_10477_/B                               1.00    1.01   -0.01 (VIOLATED)
_10478_/A2                              1.00    1.01   -0.01 (VIOLATED)
_10431_/A2                              1.00    1.01   -0.01 (VIOLATED)
_10430_/B                               1.00    1.01   -0.01 (VIOLATED)
_10446_/S                               1.00    1.01   -0.01 (VIOLATED)
_10491_/B                               1.00    1.01   -0.01 (VIOLATED)
_10492_/A3                              1.00    1.01   -0.01 (VIOLATED)
_10458_/A2                              1.00    1.01   -0.01 (VIOLATED)
_10457_/B                               1.00    1.01   -0.01 (VIOLATED)
_10485_/B                               1.00    1.01   -0.01 (VIOLATED)
_10486_/A3                              1.00    1.01   -0.01 (VIOLATED)
_10294_/B                               1.00    1.01   -0.01 (VIOLATED)
_10295_/A2                              1.00    1.01   -0.01 (VIOLATED)
_10487_/B                               1.00    1.01   -0.01 (VIOLATED)
_10488_/A3                              1.00    1.01   -0.01 (VIOLATED)
_10464_/A2                              1.00    1.01   -0.01 (VIOLATED)
_10463_/B                               1.00    1.01   -0.01 (VIOLATED)
_10306_/B                               1.00    1.01   -0.01 (VIOLATED)
_10307_/A2                              1.00    1.01   -0.01 (VIOLATED)
_10460_/A2                              1.00    1.01   -0.01 (VIOLATED)
_10459_/B                               1.00    1.01   -0.01 (VIOLATED)
_10435_/A2                              1.00    1.01   -0.01 (VIOLATED)
_10434_/B                               1.00    1.01   -0.01 (VIOLATED)
_10494_/A2                              1.00    1.01   -0.01 (VIOLATED)
_10493_/B                               1.00    1.01   -0.01 (VIOLATED)
_10271_/A2                              1.00    1.00   -0.00 (VIOLATED)
_10270_/B                               1.00    1.00   -0.00 (VIOLATED)
_10292_/B                               1.00    1.00   -0.00 (VIOLATED)
_10293_/A2                              1.00    1.00   -0.00 (VIOLATED)
_10444_/A3                              1.00    1.00   -0.00 (VIOLATED)
_10443_/B                               1.00    1.00   -0.00 (VIOLATED)
_10269_/A2                              1.00    1.00   -0.00 (VIOLATED)
_10462_/A2                              1.00    1.00   -0.00 (VIOLATED)
_10461_/B                               1.00    1.00   -0.00 (VIOLATED)
_10268_/B                               1.00    1.00   -0.00 (VIOLATED)
_10456_/A2                              1.00    1.00   -0.00 (VIOLATED)
_10455_/B                               1.00    1.00   -0.00 (VIOLATED)
_10450_/A2                              1.00    1.00   -0.00 (VIOLATED)
_10449_/B                               1.00    1.00   -0.00 (VIOLATED)
_10418_/B                               1.00    1.00   -0.00 (VIOLATED)
_10419_/A2                              1.00    1.00   -0.00 (VIOLATED)
_10417_/A2                              1.00    1.00   -0.00 (VIOLATED)
_10416_/B                               1.00    1.00   -0.00 (VIOLATED)
_10452_/B                               1.00    1.00   -0.00 (VIOLATED)
_10448_/A2                              1.00    1.00   -0.00 (VIOLATED)
_10447_/B                               1.00    1.00   -0.00 (VIOLATED)
_10466_/B                               1.00    1.00   -0.00 (VIOLATED)
_10282_/A2                              1.00    1.00   -0.00 (VIOLATED)
_10281_/B                               1.00    1.00   -0.00 (VIOLATED)
_10441_/S                               1.00    1.00   -0.00 (VIOLATED)
_10483_/B                               1.00    1.00   -0.00 (VIOLATED)
_10297_/B                               1.00    1.00   -0.00 (VIOLATED)
_10432_/B                               1.00    1.00   -0.00 (VIOLATED)
_10433_/A2                              1.00    1.00   -0.00 (VIOLATED)
_10473_/B                               1.00    1.00   -0.00 (VIOLATED)
_10422_/B                               1.00    1.00   -0.00 (VIOLATED)
_10413_/Y                               1.00    1.00   -0.00 (VIOLATED)
_10429_/S                               1.00    1.00   -0.00 (VIOLATED)

max capacitance

Pin                                    Limit     Cap   Slack
------------------------------------------------------------
_10413_/Y                               0.39    0.40   -0.00 (VIOLATED)


==========================================================================
cts pre-repair max_slew_check_slack
--------------------------------------------------------------------------
-0.009016787633299828

==========================================================================
cts pre-repair max_slew_check_limit
--------------------------------------------------------------------------
1.0

==========================================================================
cts pre-repair max_slew_check_slack_limit
--------------------------------------------------------------------------
-0.0090

==========================================================================
cts pre-repair max_fanout_check_slack
--------------------------------------------------------------------------
1.0000000150474662e+30

==========================================================================
cts pre-repair max_fanout_check_limit
--------------------------------------------------------------------------
1.0000000150474662e+30

==========================================================================
cts pre-repair max_capacitance_check_slack
--------------------------------------------------------------------------
-0.0020339633338153362

==========================================================================
cts pre-repair max_capacitance_check_limit
--------------------------------------------------------------------------
0.3948799967765808

==========================================================================
cts pre-repair max_capacitance_check_slack_limit
--------------------------------------------------------------------------
-0.0052

==========================================================================
cts pre-repair max_slew_violation_count
--------------------------------------------------------------------------
max slew violation count 94

==========================================================================
cts pre-repair max_fanout_violation_count
--------------------------------------------------------------------------
max fanout violation count 0

==========================================================================
cts pre-repair max_cap_violation_count
--------------------------------------------------------------------------
max cap violation count 1

==========================================================================
cts pre-repair setup_violation_count
--------------------------------------------------------------------------
setup violation count 0

==========================================================================
cts pre-repair hold_violation_count
--------------------------------------------------------------------------
hold violation count 0

==========================================================================
cts pre-repair critical path delay
--------------------------------------------------------------------------
5.3290

==========================================================================
cts pre-repair critical path slack
--------------------------------------------------------------------------
0.7510

==========================================================================
cts pre-repair slack div critical path delay
--------------------------------------------------------------------------
14.092700

==========================================================================
cts pre-repair report_power
--------------------------------------------------------------------------
Group                  Internal  Switching    Leakage      Total
                          Power      Power      Power      Power (Watts)
----------------------------------------------------------------
Sequential             1.10e-02   1.70e-03   4.19e-07   1.27e-02  31.8%
Combinational          1.86e-02   8.75e-03   4.96e-07   2.73e-02  68.2%
Macro                  0.00e+00   0.00e+00   0.00e+00   0.00e+00   0.0%
Pad                    0.00e+00   0.00e+00   0.00e+00   0.00e+00   0.0%
----------------------------------------------------------------
Total                  2.96e-02   1.04e-02   9.15e-07   4.01e-02 100.0%
                          73.9%      26.1%       0.0%

==========================================================================
cts pre-repair report_design_area
--------------------------------------------------------------------------
Design area 107056 u^2 57% utilization.

[INFO RSZ-0058] Using max wire length 2083um.

==========================================================================
cts post-repair check_setup
--------------------------------------------------------------------------
Warning: There are 65 input ports missing set_input_delay.
Warning: There are 3 unconstrained endpoints.

==========================================================================
cts post-repair report_tns
--------------------------------------------------------------------------
tns 0.00

==========================================================================
cts post-repair report_wns
--------------------------------------------------------------------------
wns 0.00

==========================================================================
cts post-repair report_worst_slack
--------------------------------------------------------------------------
worst slack 0.75

==========================================================================
cts post-repair report_clock_skew
--------------------------------------------------------------------------
Clock clk
Latency      CRPR       Skew
_12899_/CLK ^
   0.82
_12744_/CLK ^
   0.45      0.00       0.37


==========================================================================
cts post-repair report_checks -path_delay min
--------------------------------------------------------------------------
Startpoint: _12676_ (rising edge-triggered flip-flop clocked by clk)
Endpoint: _12676_ (rising edge-triggered flip-flop clocked by clk)
Path Group: clk
Path Type: min

Fanout     Cap    Slew   Delay    Time   Description
-----------------------------------------------------------------------------
                          0.00    0.00   clock clk (rise edge)
                          0.00    0.00   clock source latency
     1    0.05    0.00    0.00    0.00 ^ clk (in)
                                         clk (net)
                  0.00    0.00    0.00 ^ clkbuf_0_clk/A (sky130_fd_sc_hs__clkbuf_4)
     4    0.08    0.16    0.19    0.19 ^ clkbuf_0_clk/X (sky130_fd_sc_hs__clkbuf_4)
                                         clknet_0_clk (net)
                  0.16    0.00    0.19 ^ clkbuf_2_1__f_clk/A (sky130_fd_sc_hs__clkbuf_4)
    11    0.10    0.20    0.26    0.45 ^ clkbuf_2_1__f_clk/X (sky130_fd_sc_hs__clkbuf_4)
                                         clknet_2_1__leaf_clk (net)
                  0.20    0.01    0.46 ^ clkbuf_leaf_28_clk/A (sky130_fd_sc_hs__clkbuf_4)
    28    0.12    0.24    0.30    0.76 ^ clkbuf_leaf_28_clk/X (sky130_fd_sc_hs__clkbuf_4)
                                         clknet_leaf_28_clk (net)
                  0.24    0.00    0.76 ^ _12676_/CLK (sky130_fd_sc_hs__dfxtp_1)
     2    0.01    0.05    0.23    0.99 ^ _12676_/Q (sky130_fd_sc_hs__dfxtp_1)
                                         dp.rf.rf[0][11] (net)
                  0.05    0.00    0.99 ^ _12676_/D (sky130_fd_sc_hs__dfxtp_1)
                                  0.99   data arrival time

                          0.00    0.00   clock clk (rise edge)
                          0.00    0.00   clock source latency
     1    0.05    0.00    0.00    0.00 ^ clk (in)
                                         clk (net)
                  0.00    0.00    0.00 ^ clkbuf_0_clk/A (sky130_fd_sc_hs__clkbuf_4)
     4    0.08    0.16    0.19    0.19 ^ clkbuf_0_clk/X (sky130_fd_sc_hs__clkbuf_4)
                                         clknet_0_clk (net)
                  0.16    0.00    0.19 ^ clkbuf_2_1__f_clk/A (sky130_fd_sc_hs__clkbuf_4)
    11    0.10    0.20    0.26    0.45 ^ clkbuf_2_1__f_clk/X (sky130_fd_sc_hs__clkbuf_4)
                                         clknet_2_1__leaf_clk (net)
                  0.20    0.01    0.46 ^ clkbuf_leaf_28_clk/A (sky130_fd_sc_hs__clkbuf_4)
    28    0.12    0.24    0.30    0.76 ^ clkbuf_leaf_28_clk/X (sky130_fd_sc_hs__clkbuf_4)
                                         clknet_leaf_28_clk (net)
                  0.24    0.00    0.76 ^ _12676_/CLK (sky130_fd_sc_hs__dfxtp_1)
                          0.00    0.76   clock reconvergence pessimism
                          0.01    0.77   library hold time
                                  0.77   data required time
-----------------------------------------------------------------------------
                                  0.77   data required time
                                 -0.99   data arrival time
-----------------------------------------------------------------------------
                                  0.22   slack (MET)



==========================================================================
cts post-repair report_checks -path_delay max
--------------------------------------------------------------------------
Startpoint: _12186_ (rising edge-triggered flip-flop clocked by clk)
Endpoint: aluout[29] (output port clocked by clk)
Path Group: clk
Path Type: max

Fanout     Cap    Slew   Delay    Time   Description
-----------------------------------------------------------------------------
                          0.00    0.00   clock clk (rise edge)
                          0.00    0.00   clock source latency
     1    0.05    0.00    0.00    0.00 ^ clk (in)
                                         clk (net)
                  0.00    0.00    0.00 ^ clkbuf_0_clk/A (sky130_fd_sc_hs__clkbuf_4)
     4    0.08    0.16    0.19    0.19 ^ clkbuf_0_clk/X (sky130_fd_sc_hs__clkbuf_4)
                                         clknet_0_clk (net)
                  0.16    0.00    0.19 ^ clkbuf_2_2__f_clk/A (sky130_fd_sc_hs__clkbuf_4)
    11    0.13    0.26    0.30    0.49 ^ clkbuf_2_2__f_clk/X (sky130_fd_sc_hs__clkbuf_4)
                                         clknet_2_2__leaf_clk (net)
                  0.26    0.00    0.49 ^ clkbuf_leaf_9_clk/A (sky130_fd_sc_hs__clkbuf_4)
    30    0.13    0.26    0.33    0.81 ^ clkbuf_leaf_9_clk/X (sky130_fd_sc_hs__clkbuf_4)
                                         clknet_leaf_9_clk (net)
                  0.26    0.00    0.82 ^ _12186_/CLK (sky130_fd_sc_hs__dfxtp_1)
     4    0.01    0.06    0.28    1.09 v _12186_/Q (sky130_fd_sc_hs__dfxtp_1)
                                         dp.rf.rf[19][1] (net)
                  0.06    0.00    1.09 v _06696_/A3 (sky130_fd_sc_hs__mux4_1)
     1    0.00    0.05    0.25    1.34 v _06696_/X (sky130_fd_sc_hs__mux4_1)
                                         _01583_ (net)
                  0.05    0.00    1.34 v _06698_/A0 (sky130_fd_sc_hs__mux2_1)
     1    0.01    0.06    0.17    1.51 v _06698_/X (sky130_fd_sc_hs__mux2_1)
                                         _01585_ (net)
                  0.06    0.00    1.51 v _06701_/B1 (sky130_fd_sc_hs__a221o_4)
     2    0.03    0.09    0.33    1.84 v _06701_/X (sky130_fd_sc_hs__a221o_4)
                                         _01588_ (net)
                  0.09    0.00    1.84 v _08153_/A2 (sky130_fd_sc_hs__a211o_4)
     5    0.06    0.10    0.34    2.17 v _08153_/X (sky130_fd_sc_hs__a211o_4)
                                         _02890_ (net)
                  0.10    0.01    2.18 v _08159_/A (sky130_fd_sc_hs__nand2_8)
    29    0.28    0.63    0.45    2.63 ^ _08159_/Y (sky130_fd_sc_hs__nand2_8)
                                         _02896_ (net)
                  0.63    0.02    2.65 ^ _08163_/B (sky130_fd_sc_hs__xnor2_1)
     2    0.01    0.19    0.15    2.80 ^ _08163_/Y (sky130_fd_sc_hs__xnor2_1)
                                         _05975_ (net)
                  0.19    0.00    2.80 ^ _08164_/A (sky130_fd_sc_hs__inv_1)
     2    0.01    0.08    0.10    2.89 v _08164_/Y (sky130_fd_sc_hs__inv_1)
                                         _05595_ (net)
                  0.08    0.00    2.89 v _12045_/CIN (sky130_fd_sc_hs__fa_1)
     2    0.02    0.10    0.25    3.14 v _12045_/COUT (sky130_fd_sc_hs__fa_1)
                                         _05596_ (net)
                  0.10    0.00    3.14 v _08197_/A (sky130_fd_sc_hs__nor2b_1)
     1    0.01    0.12    0.14    3.28 ^ _08197_/Y (sky130_fd_sc_hs__nor2b_1)
                                         _02929_ (net)
                  0.12    0.00    3.28 ^ _08198_/A2 (sky130_fd_sc_hs__o21ai_2)
     2    0.02    0.07    0.08    3.36 v _08198_/Y (sky130_fd_sc_hs__o21ai_2)
                                         _02930_ (net)
                  0.07    0.00    3.36 v _08202_/A2 (sky130_fd_sc_hs__a211oi_4)
     3    0.02    0.25    0.26    3.62 ^ _08202_/Y (sky130_fd_sc_hs__a211oi_4)
                                         _02933_ (net)
                  0.25    0.00    3.62 ^ _08302_/A1 (sky130_fd_sc_hs__o211ai_4)
     3    0.03    0.13    0.14    3.76 v _08302_/Y (sky130_fd_sc_hs__o211ai_4)
                                         _03029_ (net)
                  0.13    0.00    3.76 v _08305_/A2 (sky130_fd_sc_hs__a211oi_4)
     2    0.03    0.30    0.32    4.08 ^ _08305_/Y (sky130_fd_sc_hs__a211oi_4)
                                         _03032_ (net)
                  0.30    0.00    4.08 ^ _08315_/B1 (sky130_fd_sc_hs__o221ai_4)
     2    0.01    0.11    0.14    4.22 v _08315_/Y (sky130_fd_sc_hs__o221ai_4)
                                         _03042_ (net)
                  0.11    0.00    4.22 v _08978_/B (sky130_fd_sc_hs__nand3b_1)
     1    0.01    0.08    0.10    4.32 ^ _08978_/Y (sky130_fd_sc_hs__nand3b_1)
                                         _03659_ (net)
                  0.08    0.00    4.32 ^ _08979_/A2 (sky130_fd_sc_hs__a21oi_2)
     1    0.01    0.07    0.07    4.39 v _08979_/Y (sky130_fd_sc_hs__a21oi_2)
                                         _05676_ (net)
                  0.07    0.00    4.39 v _12059_/A (sky130_fd_sc_hs__fa_1)
     2    0.01    0.06    0.24    4.64 v _12059_/COUT (sky130_fd_sc_hs__fa_1)
                                         _05679_ (net)
                  0.06    0.00    4.64 v _08999_/A (sky130_fd_sc_hs__nor3_1)
     1    0.01    0.19    0.17    4.81 ^ _08999_/Y (sky130_fd_sc_hs__nor3_1)
                                         _03678_ (net)
                  0.19    0.00    4.81 ^ _09000_/C1 (sky130_fd_sc_hs__a2111oi_2)
     1    0.01    0.09    0.09    4.90 v _09000_/Y (sky130_fd_sc_hs__a2111oi_2)
                                         _03679_ (net)
                  0.09    0.00    4.90 v _09001_/B (sky130_fd_sc_hs__nand2_2)
     3    0.02    0.08    0.10    5.00 ^ _09001_/Y (sky130_fd_sc_hs__nand2_2)
                                         _03680_ (net)
                  0.08    0.00    5.01 ^ _09007_/B1 (sky130_fd_sc_hs__o2111ai_2)
     1    0.01    0.12    0.12    5.12 v _09007_/Y (sky130_fd_sc_hs__o2111ai_2)
                                         _03686_ (net)
                  0.12    0.00    5.12 v _09013_/B1 (sky130_fd_sc_hs__o211ai_4)
     2    0.02    0.14    0.13    5.25 ^ _09013_/Y (sky130_fd_sc_hs__o211ai_4)
                                         net87 (net)
                  0.14    0.00    5.25 ^ output87/A (sky130_fd_sc_hs__clkbuf_1)
     1    0.00    0.02    0.07    5.33 ^ output87/X (sky130_fd_sc_hs__clkbuf_1)
                                         aluout[29] (net)
                  0.02    0.00    5.33 ^ aluout[29] (out)
                                  5.33   data arrival time

                          7.60    7.60   clock clk (rise edge)
                          0.00    7.60   clock network delay (propagated)
                          0.00    7.60   clock reconvergence pessimism
                         -1.52    6.08   output external delay
                                  6.08   data required time
-----------------------------------------------------------------------------
                                  6.08   data required time
                                 -5.33   data arrival time
-----------------------------------------------------------------------------
                                  0.75   slack (MET)



==========================================================================
cts post-repair report_checks -unconstrained
--------------------------------------------------------------------------
Startpoint: _12186_ (rising edge-triggered flip-flop clocked by clk)
Endpoint: aluout[29] (output port clocked by clk)
Path Group: clk
Path Type: max

Fanout     Cap    Slew   Delay    Time   Description
-----------------------------------------------------------------------------
                          0.00    0.00   clock clk (rise edge)
                          0.00    0.00   clock source latency
     1    0.05    0.00    0.00    0.00 ^ clk (in)
                                         clk (net)
                  0.00    0.00    0.00 ^ clkbuf_0_clk/A (sky130_fd_sc_hs__clkbuf_4)
     4    0.08    0.16    0.19    0.19 ^ clkbuf_0_clk/X (sky130_fd_sc_hs__clkbuf_4)
                                         clknet_0_clk (net)
                  0.16    0.00    0.19 ^ clkbuf_2_2__f_clk/A (sky130_fd_sc_hs__clkbuf_4)
    11    0.13    0.26    0.30    0.49 ^ clkbuf_2_2__f_clk/X (sky130_fd_sc_hs__clkbuf_4)
                                         clknet_2_2__leaf_clk (net)
                  0.26    0.00    0.49 ^ clkbuf_leaf_9_clk/A (sky130_fd_sc_hs__clkbuf_4)
    30    0.13    0.26    0.33    0.81 ^ clkbuf_leaf_9_clk/X (sky130_fd_sc_hs__clkbuf_4)
                                         clknet_leaf_9_clk (net)
                  0.26    0.00    0.82 ^ _12186_/CLK (sky130_fd_sc_hs__dfxtp_1)
     4    0.01    0.06    0.28    1.09 v _12186_/Q (sky130_fd_sc_hs__dfxtp_1)
                                         dp.rf.rf[19][1] (net)
                  0.06    0.00    1.09 v _06696_/A3 (sky130_fd_sc_hs__mux4_1)
     1    0.00    0.05    0.25    1.34 v _06696_/X (sky130_fd_sc_hs__mux4_1)
                                         _01583_ (net)
                  0.05    0.00    1.34 v _06698_/A0 (sky130_fd_sc_hs__mux2_1)
     1    0.01    0.06    0.17    1.51 v _06698_/X (sky130_fd_sc_hs__mux2_1)
                                         _01585_ (net)
                  0.06    0.00    1.51 v _06701_/B1 (sky130_fd_sc_hs__a221o_4)
     2    0.03    0.09    0.33    1.84 v _06701_/X (sky130_fd_sc_hs__a221o_4)
                                         _01588_ (net)
                  0.09    0.00    1.84 v _08153_/A2 (sky130_fd_sc_hs__a211o_4)
     5    0.06    0.10    0.34    2.17 v _08153_/X (sky130_fd_sc_hs__a211o_4)
                                         _02890_ (net)
                  0.10    0.01    2.18 v _08159_/A (sky130_fd_sc_hs__nand2_8)
    29    0.28    0.63    0.45    2.63 ^ _08159_/Y (sky130_fd_sc_hs__nand2_8)
                                         _02896_ (net)
                  0.63    0.02    2.65 ^ _08163_/B (sky130_fd_sc_hs__xnor2_1)
     2    0.01    0.19    0.15    2.80 ^ _08163_/Y (sky130_fd_sc_hs__xnor2_1)
                                         _05975_ (net)
                  0.19    0.00    2.80 ^ _08164_/A (sky130_fd_sc_hs__inv_1)
     2    0.01    0.08    0.10    2.89 v _08164_/Y (sky130_fd_sc_hs__inv_1)
                                         _05595_ (net)
                  0.08    0.00    2.89 v _12045_/CIN (sky130_fd_sc_hs__fa_1)
     2    0.02    0.10    0.25    3.14 v _12045_/COUT (sky130_fd_sc_hs__fa_1)
                                         _05596_ (net)
                  0.10    0.00    3.14 v _08197_/A (sky130_fd_sc_hs__nor2b_1)
     1    0.01    0.12    0.14    3.28 ^ _08197_/Y (sky130_fd_sc_hs__nor2b_1)
                                         _02929_ (net)
                  0.12    0.00    3.28 ^ _08198_/A2 (sky130_fd_sc_hs__o21ai_2)
     2    0.02    0.07    0.08    3.36 v _08198_/Y (sky130_fd_sc_hs__o21ai_2)
                                         _02930_ (net)
                  0.07    0.00    3.36 v _08202_/A2 (sky130_fd_sc_hs__a211oi_4)
     3    0.02    0.25    0.26    3.62 ^ _08202_/Y (sky130_fd_sc_hs__a211oi_4)
                                         _02933_ (net)
                  0.25    0.00    3.62 ^ _08302_/A1 (sky130_fd_sc_hs__o211ai_4)
     3    0.03    0.13    0.14    3.76 v _08302_/Y (sky130_fd_sc_hs__o211ai_4)
                                         _03029_ (net)
                  0.13    0.00    3.76 v _08305_/A2 (sky130_fd_sc_hs__a211oi_4)
     2    0.03    0.30    0.32    4.08 ^ _08305_/Y (sky130_fd_sc_hs__a211oi_4)
                                         _03032_ (net)
                  0.30    0.00    4.08 ^ _08315_/B1 (sky130_fd_sc_hs__o221ai_4)
     2    0.01    0.11    0.14    4.22 v _08315_/Y (sky130_fd_sc_hs__o221ai_4)
                                         _03042_ (net)
                  0.11    0.00    4.22 v _08978_/B (sky130_fd_sc_hs__nand3b_1)
     1    0.01    0.08    0.10    4.32 ^ _08978_/Y (sky130_fd_sc_hs__nand3b_1)
                                         _03659_ (net)
                  0.08    0.00    4.32 ^ _08979_/A2 (sky130_fd_sc_hs__a21oi_2)
     1    0.01    0.07    0.07    4.39 v _08979_/Y (sky130_fd_sc_hs__a21oi_2)
                                         _05676_ (net)
                  0.07    0.00    4.39 v _12059_/A (sky130_fd_sc_hs__fa_1)
     2    0.01    0.06    0.24    4.64 v _12059_/COUT (sky130_fd_sc_hs__fa_1)
                                         _05679_ (net)
                  0.06    0.00    4.64 v _08999_/A (sky130_fd_sc_hs__nor3_1)
     1    0.01    0.19    0.17    4.81 ^ _08999_/Y (sky130_fd_sc_hs__nor3_1)
                                         _03678_ (net)
                  0.19    0.00    4.81 ^ _09000_/C1 (sky130_fd_sc_hs__a2111oi_2)
     1    0.01    0.09    0.09    4.90 v _09000_/Y (sky130_fd_sc_hs__a2111oi_2)
                                         _03679_ (net)
                  0.09    0.00    4.90 v _09001_/B (sky130_fd_sc_hs__nand2_2)
     3    0.02    0.08    0.10    5.00 ^ _09001_/Y (sky130_fd_sc_hs__nand2_2)
                                         _03680_ (net)
                  0.08    0.00    5.01 ^ _09007_/B1 (sky130_fd_sc_hs__o2111ai_2)
     1    0.01    0.12    0.12    5.12 v _09007_/Y (sky130_fd_sc_hs__o2111ai_2)
                                         _03686_ (net)
                  0.12    0.00    5.12 v _09013_/B1 (sky130_fd_sc_hs__o211ai_4)
     2    0.02    0.14    0.13    5.25 ^ _09013_/Y (sky130_fd_sc_hs__o211ai_4)
                                         net87 (net)
                  0.14    0.00    5.25 ^ output87/A (sky130_fd_sc_hs__clkbuf_1)
     1    0.00    0.02    0.07    5.33 ^ output87/X (sky130_fd_sc_hs__clkbuf_1)
                                         aluout[29] (net)
                  0.02    0.00    5.33 ^ aluout[29] (out)
                                  5.33   data arrival time

                          7.60    7.60   clock clk (rise edge)
                          0.00    7.60   clock network delay (propagated)
                          0.00    7.60   clock reconvergence pessimism
                         -1.52    6.08   output external delay
                                  6.08   data required time
-----------------------------------------------------------------------------
                                  6.08   data required time
                                 -5.33   data arrival time
-----------------------------------------------------------------------------
                                  0.75   slack (MET)



==========================================================================
cts post-repair report_check_types -max_slew -max_cap -max_fanout -violators
--------------------------------------------------------------------------
max slew

Pin                                    Limit    Slew   Slack
------------------------------------------------------------
_10327_/B                               1.00    1.01   -0.01 (VIOLATED)
_10328_/A3                              1.00    1.01   -0.01 (VIOLATED)
_10309_/A2                              1.00    1.01   -0.01 (VIOLATED)
_10308_/B                               1.00    1.01   -0.01 (VIOLATED)
_10332_/A2                              1.00    1.01   -0.01 (VIOLATED)
_10331_/B                               1.00    1.01   -0.01 (VIOLATED)
_10321_/A2                              1.00    1.01   -0.01 (VIOLATED)
_10320_/B                               1.00    1.01   -0.01 (VIOLATED)
_10323_/A3                              1.00    1.01   -0.01 (VIOLATED)
_10322_/B                               1.00    1.01   -0.01 (VIOLATED)
_10314_/A2                              1.00    1.01   -0.01 (VIOLATED)
_10313_/B                               1.00    1.01   -0.01 (VIOLATED)
_10318_/B                               1.00    1.01   -0.01 (VIOLATED)
_10304_/B                               1.00    1.01   -0.01 (VIOLATED)
_10319_/A3                              1.00    1.01   -0.01 (VIOLATED)
_10305_/A2                              1.00    1.01   -0.01 (VIOLATED)
_10280_/A2                              1.00    1.01   -0.01 (VIOLATED)
_10279_/B                               1.00    1.01   -0.01 (VIOLATED)
_10284_/A2                              1.00    1.01   -0.01 (VIOLATED)
_10283_/B                               1.00    1.01   -0.01 (VIOLATED)
_10289_/B                               1.00    1.01   -0.01 (VIOLATED)
_10301_/A2                              1.00    1.01   -0.01 (VIOLATED)
_10290_/A3                              1.00    1.01   -0.01 (VIOLATED)
_10302_/B                               1.00    1.01   -0.01 (VIOLATED)
_10303_/A2                              1.00    1.01   -0.01 (VIOLATED)
_10300_/B                               1.00    1.01   -0.01 (VIOLATED)
_10469_/A2                              1.00    1.01   -0.01 (VIOLATED)
_10468_/B                               1.00    1.01   -0.01 (VIOLATED)
_10476_/A3                              1.00    1.01   -0.01 (VIOLATED)
_10475_/B                               1.00    1.01   -0.01 (VIOLATED)
_10490_/A2                              1.00    1.01   -0.01 (VIOLATED)
_10489_/B                               1.00    1.01   -0.01 (VIOLATED)
_10335_/B                               1.00    1.01   -0.01 (VIOLATED)
_10480_/A3                              1.00    1.01   -0.01 (VIOLATED)
_10479_/B                               1.00    1.01   -0.01 (VIOLATED)
_10336_/A2                              1.00    1.01   -0.01 (VIOLATED)
_10477_/B                               1.00    1.01   -0.01 (VIOLATED)
_10478_/A2                              1.00    1.01   -0.01 (VIOLATED)
_10431_/A2                              1.00    1.01   -0.01 (VIOLATED)
_10430_/B                               1.00    1.01   -0.01 (VIOLATED)
_10446_/S                               1.00    1.01   -0.01 (VIOLATED)
_10491_/B                               1.00    1.01   -0.01 (VIOLATED)
_10492_/A3                              1.00    1.01   -0.01 (VIOLATED)
_10458_/A2                              1.00    1.01   -0.01 (VIOLATED)
_10457_/B                               1.00    1.01   -0.01 (VIOLATED)
_10485_/B                               1.00    1.01   -0.01 (VIOLATED)
_10486_/A3                              1.00    1.01   -0.01 (VIOLATED)
_10294_/B                               1.00    1.01   -0.01 (VIOLATED)
_10295_/A2                              1.00    1.01   -0.01 (VIOLATED)
_10487_/B                               1.00    1.01   -0.01 (VIOLATED)
_10488_/A3                              1.00    1.01   -0.01 (VIOLATED)
_10464_/A2                              1.00    1.01   -0.01 (VIOLATED)
_10463_/B                               1.00    1.01   -0.01 (VIOLATED)
_10306_/B                               1.00    1.01   -0.01 (VIOLATED)
_10307_/A2                              1.00    1.01   -0.01 (VIOLATED)
_10460_/A2                              1.00    1.01   -0.01 (VIOLATED)
_10459_/B                               1.00    1.01   -0.01 (VIOLATED)
_10435_/A2                              1.00    1.01   -0.01 (VIOLATED)
_10434_/B                               1.00    1.01   -0.01 (VIOLATED)
_10494_/A2                              1.00    1.01   -0.01 (VIOLATED)
_10493_/B                               1.00    1.01   -0.01 (VIOLATED)
_10271_/A2                              1.00    1.00   -0.00 (VIOLATED)
_10270_/B                               1.00    1.00   -0.00 (VIOLATED)
_10292_/B                               1.00    1.00   -0.00 (VIOLATED)
_10293_/A2                              1.00    1.00   -0.00 (VIOLATED)
_10444_/A3                              1.00    1.00   -0.00 (VIOLATED)
_10443_/B                               1.00    1.00   -0.00 (VIOLATED)
_10269_/A2                              1.00    1.00   -0.00 (VIOLATED)
_10462_/A2                              1.00    1.00   -0.00 (VIOLATED)
_10461_/B                               1.00    1.00   -0.00 (VIOLATED)
_10268_/B                               1.00    1.00   -0.00 (VIOLATED)
_10456_/A2                              1.00    1.00   -0.00 (VIOLATED)
_10455_/B                               1.00    1.00   -0.00 (VIOLATED)
_10450_/A2                              1.00    1.00   -0.00 (VIOLATED)
_10449_/B                               1.00    1.00   -0.00 (VIOLATED)
_10418_/B                               1.00    1.00   -0.00 (VIOLATED)
_10419_/A2                              1.00    1.00   -0.00 (VIOLATED)
_10417_/A2                              1.00    1.00   -0.00 (VIOLATED)
_10416_/B                               1.00    1.00   -0.00 (VIOLATED)
_10452_/B                               1.00    1.00   -0.00 (VIOLATED)
_10448_/A2                              1.00    1.00   -0.00 (VIOLATED)
_10447_/B                               1.00    1.00   -0.00 (VIOLATED)
_10466_/B                               1.00    1.00   -0.00 (VIOLATED)
_10282_/A2                              1.00    1.00   -0.00 (VIOLATED)
_10281_/B                               1.00    1.00   -0.00 (VIOLATED)
_10441_/S                               1.00    1.00   -0.00 (VIOLATED)
_10483_/B                               1.00    1.00   -0.00 (VIOLATED)
_10297_/B                               1.00    1.00   -0.00 (VIOLATED)
_10432_/B                               1.00    1.00   -0.00 (VIOLATED)
_10433_/A2                              1.00    1.00   -0.00 (VIOLATED)
_10473_/B                               1.00    1.00   -0.00 (VIOLATED)
_10422_/B                               1.00    1.00   -0.00 (VIOLATED)
_10413_/Y                               1.00    1.00   -0.00 (VIOLATED)
_10429_/S                               1.00    1.00   -0.00 (VIOLATED)

max capacitance

Pin                                    Limit     Cap   Slack
------------------------------------------------------------
_10413_/Y                               0.39    0.40   -0.00 (VIOLATED)


==========================================================================
cts post-repair max_slew_check_slack
--------------------------------------------------------------------------
-0.009016787633299828

==========================================================================
cts post-repair max_slew_check_limit
--------------------------------------------------------------------------
1.0

==========================================================================
cts post-repair max_slew_check_slack_limit
--------------------------------------------------------------------------
-0.0090

==========================================================================
cts post-repair max_fanout_check_slack
--------------------------------------------------------------------------
1.0000000150474662e+30

==========================================================================
cts post-repair max_fanout_check_limit
--------------------------------------------------------------------------
1.0000000150474662e+30

==========================================================================
cts post-repair max_capacitance_check_slack
--------------------------------------------------------------------------
-0.0020339633338153362

==========================================================================
cts post-repair max_capacitance_check_limit
--------------------------------------------------------------------------
0.3948799967765808

==========================================================================
cts post-repair max_capacitance_check_slack_limit
--------------------------------------------------------------------------
-0.0052

==========================================================================
cts post-repair max_slew_violation_count
--------------------------------------------------------------------------
max slew violation count 94

==========================================================================
cts post-repair max_fanout_violation_count
--------------------------------------------------------------------------
max fanout violation count 0

==========================================================================
cts post-repair max_cap_violation_count
--------------------------------------------------------------------------
max cap violation count 1

==========================================================================
cts post-repair setup_violation_count
--------------------------------------------------------------------------
setup violation count 0

==========================================================================
cts post-repair hold_violation_count
--------------------------------------------------------------------------
hold violation count 0

==========================================================================
cts post-repair critical path delay
--------------------------------------------------------------------------
5.3290

==========================================================================
cts post-repair critical path slack
--------------------------------------------------------------------------
0.7510

==========================================================================
cts post-repair slack div critical path delay
--------------------------------------------------------------------------
14.092700

==========================================================================
cts post-repair report_power
--------------------------------------------------------------------------
Group                  Internal  Switching    Leakage      Total
                          Power      Power      Power      Power (Watts)
----------------------------------------------------------------
Sequential             1.10e-02   1.70e-03   4.19e-07   1.27e-02  31.8%
Combinational          1.86e-02   8.75e-03   4.96e-07   2.73e-02  68.2%
Macro                  0.00e+00   0.00e+00   0.00e+00   0.00e+00   0.0%
Pad                    0.00e+00   0.00e+00   0.00e+00   0.00e+00   0.0%
----------------------------------------------------------------
Total                  2.96e-02   1.04e-02   9.15e-07   4.01e-02 100.0%
                          73.9%      26.1%       0.0%

==========================================================================
cts post-repair report_design_area
--------------------------------------------------------------------------
Design area 107056 u^2 57% utilization.

Placement Analysis
---------------------------------
total displacement        232.4 u
average displacement        0.0 u
max displacement            9.3 u
original HPWL          243459.6 u
legalized HPWL         247763.6 u
delta HPWL                    2 %

Repair setup and hold violations...
TNS end percent 100
[INFO RSZ-0033] No hold violations found.
Placement Analysis
---------------------------------
total displacement          0.0 u
average displacement        0.0 u
max displacement            0.0 u
original HPWL          247763.6 u
legalized HPWL         247763.6 u
delta HPWL                    0 %


==========================================================================
cts final check_setup
--------------------------------------------------------------------------
Warning: There are 65 input ports missing set_input_delay.
Warning: There are 3 unconstrained endpoints.

==========================================================================
cts final report_tns
--------------------------------------------------------------------------
tns 0.00

==========================================================================
cts final report_wns
--------------------------------------------------------------------------
wns 0.00

==========================================================================
cts final report_worst_slack
--------------------------------------------------------------------------
worst slack 0.73

==========================================================================
cts final report_clock_skew
--------------------------------------------------------------------------
Clock clk
Latency      CRPR       Skew
_12491_/CLK ^
   0.82
_12744_/CLK ^
   0.46      0.00       0.37


==========================================================================
cts final report_checks -path_delay min
--------------------------------------------------------------------------
Startpoint: _12676_ (rising edge-triggered flip-flop clocked by clk)
Endpoint: _12676_ (rising edge-triggered flip-flop clocked by clk)
Path Group: clk
Path Type: min

Fanout     Cap    Slew   Delay    Time   Description
-----------------------------------------------------------------------------
                          0.00    0.00   clock clk (rise edge)
                          0.00    0.00   clock source latency
     1    0.05    0.00    0.00    0.00 ^ clk (in)
                                         clk (net)
                  0.00    0.00    0.00 ^ clkbuf_0_clk/A (sky130_fd_sc_hs__clkbuf_4)
     4    0.08    0.16    0.19    0.19 ^ clkbuf_0_clk/X (sky130_fd_sc_hs__clkbuf_4)
                                         clknet_0_clk (net)
                  0.16    0.00    0.19 ^ clkbuf_2_1__f_clk/A (sky130_fd_sc_hs__clkbuf_4)
    11    0.10    0.21    0.27    0.45 ^ clkbuf_2_1__f_clk/X (sky130_fd_sc_hs__clkbuf_4)
                                         clknet_2_1__leaf_clk (net)
                  0.21    0.00    0.46 ^ clkbuf_leaf_28_clk/A (sky130_fd_sc_hs__clkbuf_4)
    28    0.12    0.25    0.31    0.77 ^ clkbuf_leaf_28_clk/X (sky130_fd_sc_hs__clkbuf_4)
                                         clknet_leaf_28_clk (net)
                  0.25    0.00    0.77 ^ _12676_/CLK (sky130_fd_sc_hs__dfxtp_1)
     2    0.01    0.05    0.23    1.00 ^ _12676_/Q (sky130_fd_sc_hs__dfxtp_1)
                                         dp.rf.rf[0][11] (net)
                  0.05    0.00    1.00 ^ _12676_/D (sky130_fd_sc_hs__dfxtp_1)
                                  1.00   data arrival time

                          0.00    0.00   clock clk (rise edge)
                          0.00    0.00   clock source latency
     1    0.05    0.00    0.00    0.00 ^ clk (in)
                                         clk (net)
                  0.00    0.00    0.00 ^ clkbuf_0_clk/A (sky130_fd_sc_hs__clkbuf_4)
     4    0.08    0.16    0.19    0.19 ^ clkbuf_0_clk/X (sky130_fd_sc_hs__clkbuf_4)
                                         clknet_0_clk (net)
                  0.16    0.00    0.19 ^ clkbuf_2_1__f_clk/A (sky130_fd_sc_hs__clkbuf_4)
    11    0.10    0.21    0.27    0.45 ^ clkbuf_2_1__f_clk/X (sky130_fd_sc_hs__clkbuf_4)
                                         clknet_2_1__leaf_clk (net)
                  0.21    0.00    0.46 ^ clkbuf_leaf_28_clk/A (sky130_fd_sc_hs__clkbuf_4)
    28    0.12    0.25    0.31    0.77 ^ clkbuf_leaf_28_clk/X (sky130_fd_sc_hs__clkbuf_4)
                                         clknet_leaf_28_clk (net)
                  0.25    0.00    0.77 ^ _12676_/CLK (sky130_fd_sc_hs__dfxtp_1)
                          0.00    0.77   clock reconvergence pessimism
                          0.01    0.78   library hold time
                                  0.78   data required time
-----------------------------------------------------------------------------
                                  0.78   data required time
                                 -1.00   data arrival time
-----------------------------------------------------------------------------
                                  0.22   slack (MET)



==========================================================================
cts final report_checks -path_delay max
--------------------------------------------------------------------------
Startpoint: _12186_ (rising edge-triggered flip-flop clocked by clk)
Endpoint: aluout[29] (output port clocked by clk)
Path Group: clk
Path Type: max

Fanout     Cap    Slew   Delay    Time   Description
-----------------------------------------------------------------------------
                          0.00    0.00   clock clk (rise edge)
                          0.00    0.00   clock source latency
     1    0.05    0.00    0.00    0.00 ^ clk (in)
                                         clk (net)
                  0.00    0.00    0.00 ^ clkbuf_0_clk/A (sky130_fd_sc_hs__clkbuf_4)
     4    0.08    0.16    0.19    0.19 ^ clkbuf_0_clk/X (sky130_fd_sc_hs__clkbuf_4)
                                         clknet_0_clk (net)
                  0.16    0.00    0.19 ^ clkbuf_2_2__f_clk/A (sky130_fd_sc_hs__clkbuf_4)
    11    0.13    0.26    0.30    0.49 ^ clkbuf_2_2__f_clk/X (sky130_fd_sc_hs__clkbuf_4)
                                         clknet_2_2__leaf_clk (net)
                  0.26    0.00    0.49 ^ clkbuf_leaf_9_clk/A (sky130_fd_sc_hs__clkbuf_4)
    30    0.13    0.27    0.33    0.82 ^ clkbuf_leaf_9_clk/X (sky130_fd_sc_hs__clkbuf_4)
                                         clknet_leaf_9_clk (net)
                  0.27    0.00    0.82 ^ _12186_/CLK (sky130_fd_sc_hs__dfxtp_1)
     4    0.01    0.06    0.28    1.10 v _12186_/Q (sky130_fd_sc_hs__dfxtp_1)
                                         dp.rf.rf[19][1] (net)
                  0.06    0.00    1.10 v _06696_/A3 (sky130_fd_sc_hs__mux4_1)
     1    0.00    0.05    0.25    1.35 v _06696_/X (sky130_fd_sc_hs__mux4_1)
                                         _01583_ (net)
                  0.05    0.00    1.35 v _06698_/A0 (sky130_fd_sc_hs__mux2_1)
     1    0.01    0.06    0.17    1.52 v _06698_/X (sky130_fd_sc_hs__mux2_1)
                                         _01585_ (net)
                  0.06    0.00    1.52 v _06701_/B1 (sky130_fd_sc_hs__a221o_4)
     2    0.03    0.09    0.33    1.85 v _06701_/X (sky130_fd_sc_hs__a221o_4)
                                         _01588_ (net)
                  0.09    0.00    1.85 v _08153_/A2 (sky130_fd_sc_hs__a211o_4)
     5    0.07    0.10    0.34    2.19 v _08153_/X (sky130_fd_sc_hs__a211o_4)
                                         _02890_ (net)
                  0.10    0.01    2.19 v _08159_/A (sky130_fd_sc_hs__nand2_8)
    29    0.28    0.62    0.44    2.63 ^ _08159_/Y (sky130_fd_sc_hs__nand2_8)
                                         _02896_ (net)
                  0.62    0.02    2.65 ^ _08163_/B (sky130_fd_sc_hs__xnor2_1)
     2    0.01    0.19    0.15    2.80 ^ _08163_/Y (sky130_fd_sc_hs__xnor2_1)
                                         _05975_ (net)
                  0.19    0.00    2.80 ^ _08164_/A (sky130_fd_sc_hs__inv_1)
     2    0.01    0.08    0.10    2.90 v _08164_/Y (sky130_fd_sc_hs__inv_1)
                                         _05595_ (net)
                  0.08    0.00    2.90 v _12045_/CIN (sky130_fd_sc_hs__fa_1)
     2    0.02    0.10    0.25    3.14 v _12045_/COUT (sky130_fd_sc_hs__fa_1)
                                         _05596_ (net)
                  0.10    0.00    3.14 v _08197_/A (sky130_fd_sc_hs__nor2b_1)
     1    0.01    0.13    0.14    3.28 ^ _08197_/Y (sky130_fd_sc_hs__nor2b_1)
                                         _02929_ (net)
                  0.13    0.00    3.28 ^ _08198_/A2 (sky130_fd_sc_hs__o21ai_2)
     2    0.02    0.07    0.08    3.37 v _08198_/Y (sky130_fd_sc_hs__o21ai_2)
                                         _02930_ (net)
                  0.07    0.00    3.37 v _08202_/A2 (sky130_fd_sc_hs__a211oi_4)
     3    0.02    0.25    0.27    3.64 ^ _08202_/Y (sky130_fd_sc_hs__a211oi_4)
                                         _02933_ (net)
                  0.25    0.00    3.64 ^ _08302_/A1 (sky130_fd_sc_hs__o211ai_4)
     3    0.03    0.13    0.14    3.78 v _08302_/Y (sky130_fd_sc_hs__o211ai_4)
                                         _03029_ (net)
                  0.13    0.00    3.79 v _08305_/A2 (sky130_fd_sc_hs__a211oi_4)
     2    0.03    0.30    0.32    4.11 ^ _08305_/Y (sky130_fd_sc_hs__a211oi_4)
                                         _03032_ (net)
                  0.30    0.00    4.11 ^ _08315_/B1 (sky130_fd_sc_hs__o221ai_4)
     2    0.01    0.11    0.14    4.25 v _08315_/Y (sky130_fd_sc_hs__o221ai_4)
                                         _03042_ (net)
                  0.11    0.00    4.25 v _08978_/B (sky130_fd_sc_hs__nand3b_1)
     1    0.01    0.08    0.10    4.35 ^ _08978_/Y (sky130_fd_sc_hs__nand3b_1)
                                         _03659_ (net)
                  0.08    0.00    4.35 ^ _08979_/A2 (sky130_fd_sc_hs__a21oi_2)
     1    0.01    0.07    0.07    4.42 v _08979_/Y (sky130_fd_sc_hs__a21oi_2)
                                         _05676_ (net)
                  0.07    0.00    4.42 v _12059_/A (sky130_fd_sc_hs__fa_1)
     2    0.01    0.06    0.24    4.66 v _12059_/COUT (sky130_fd_sc_hs__fa_1)
                                         _05679_ (net)
                  0.06    0.00    4.66 v _08999_/A (sky130_fd_sc_hs__nor3_1)
     1    0.01    0.19    0.17    4.83 ^ _08999_/Y (sky130_fd_sc_hs__nor3_1)
                                         _03678_ (net)
                  0.19    0.00    4.83 ^ _09000_/C1 (sky130_fd_sc_hs__a2111oi_2)
     1    0.01    0.09    0.09    4.93 v _09000_/Y (sky130_fd_sc_hs__a2111oi_2)
                                         _03679_ (net)
                  0.09    0.00    4.93 v _09001_/B (sky130_fd_sc_hs__nand2_2)
     3    0.02    0.08    0.10    5.03 ^ _09001_/Y (sky130_fd_sc_hs__nand2_2)
                                         _03680_ (net)
                  0.08    0.00    5.03 ^ _09007_/B1 (sky130_fd_sc_hs__o2111ai_2)
     1    0.01    0.12    0.12    5.15 v _09007_/Y (sky130_fd_sc_hs__o2111ai_2)
                                         _03686_ (net)
                  0.12    0.00    5.15 v _09013_/B1 (sky130_fd_sc_hs__o211ai_4)
     2    0.02    0.14    0.13    5.28 ^ _09013_/Y (sky130_fd_sc_hs__o211ai_4)
                                         net87 (net)
                  0.14    0.00    5.28 ^ output87/A (sky130_fd_sc_hs__clkbuf_1)
     1    0.00    0.02    0.07    5.35 ^ output87/X (sky130_fd_sc_hs__clkbuf_1)
                                         aluout[29] (net)
                  0.02    0.00    5.35 ^ aluout[29] (out)
                                  5.35   data arrival time

                          7.60    7.60   clock clk (rise edge)
                          0.00    7.60   clock network delay (propagated)
                          0.00    7.60   clock reconvergence pessimism
                         -1.52    6.08   output external delay
                                  6.08   data required time
-----------------------------------------------------------------------------
                                  6.08   data required time
                                 -5.35   data arrival time
-----------------------------------------------------------------------------
                                  0.73   slack (MET)



==========================================================================
cts final report_checks -unconstrained
--------------------------------------------------------------------------
Startpoint: _12186_ (rising edge-triggered flip-flop clocked by clk)
Endpoint: aluout[29] (output port clocked by clk)
Path Group: clk
Path Type: max

Fanout     Cap    Slew   Delay    Time   Description
-----------------------------------------------------------------------------
                          0.00    0.00   clock clk (rise edge)
                          0.00    0.00   clock source latency
     1    0.05    0.00    0.00    0.00 ^ clk (in)
                                         clk (net)
                  0.00    0.00    0.00 ^ clkbuf_0_clk/A (sky130_fd_sc_hs__clkbuf_4)
     4    0.08    0.16    0.19    0.19 ^ clkbuf_0_clk/X (sky130_fd_sc_hs__clkbuf_4)
                                         clknet_0_clk (net)
                  0.16    0.00    0.19 ^ clkbuf_2_2__f_clk/A (sky130_fd_sc_hs__clkbuf_4)
    11    0.13    0.26    0.30    0.49 ^ clkbuf_2_2__f_clk/X (sky130_fd_sc_hs__clkbuf_4)
                                         clknet_2_2__leaf_clk (net)
                  0.26    0.00    0.49 ^ clkbuf_leaf_9_clk/A (sky130_fd_sc_hs__clkbuf_4)
    30    0.13    0.27    0.33    0.82 ^ clkbuf_leaf_9_clk/X (sky130_fd_sc_hs__clkbuf_4)
                                         clknet_leaf_9_clk (net)
                  0.27    0.00    0.82 ^ _12186_/CLK (sky130_fd_sc_hs__dfxtp_1)
     4    0.01    0.06    0.28    1.10 v _12186_/Q (sky130_fd_sc_hs__dfxtp_1)
                                         dp.rf.rf[19][1] (net)
                  0.06    0.00    1.10 v _06696_/A3 (sky130_fd_sc_hs__mux4_1)
     1    0.00    0.05    0.25    1.35 v _06696_/X (sky130_fd_sc_hs__mux4_1)
                                         _01583_ (net)
                  0.05    0.00    1.35 v _06698_/A0 (sky130_fd_sc_hs__mux2_1)
     1    0.01    0.06    0.17    1.52 v _06698_/X (sky130_fd_sc_hs__mux2_1)
                                         _01585_ (net)
                  0.06    0.00    1.52 v _06701_/B1 (sky130_fd_sc_hs__a221o_4)
     2    0.03    0.09    0.33    1.85 v _06701_/X (sky130_fd_sc_hs__a221o_4)
                                         _01588_ (net)
                  0.09    0.00    1.85 v _08153_/A2 (sky130_fd_sc_hs__a211o_4)
     5    0.07    0.10    0.34    2.19 v _08153_/X (sky130_fd_sc_hs__a211o_4)
                                         _02890_ (net)
                  0.10    0.01    2.19 v _08159_/A (sky130_fd_sc_hs__nand2_8)
    29    0.28    0.62    0.44    2.63 ^ _08159_/Y (sky130_fd_sc_hs__nand2_8)
                                         _02896_ (net)
                  0.62    0.02    2.65 ^ _08163_/B (sky130_fd_sc_hs__xnor2_1)
     2    0.01    0.19    0.15    2.80 ^ _08163_/Y (sky130_fd_sc_hs__xnor2_1)
                                         _05975_ (net)
                  0.19    0.00    2.80 ^ _08164_/A (sky130_fd_sc_hs__inv_1)
     2    0.01    0.08    0.10    2.90 v _08164_/Y (sky130_fd_sc_hs__inv_1)
                                         _05595_ (net)
                  0.08    0.00    2.90 v _12045_/CIN (sky130_fd_sc_hs__fa_1)
     2    0.02    0.10    0.25    3.14 v _12045_/COUT (sky130_fd_sc_hs__fa_1)
                                         _05596_ (net)
                  0.10    0.00    3.14 v _08197_/A (sky130_fd_sc_hs__nor2b_1)
     1    0.01    0.13    0.14    3.28 ^ _08197_/Y (sky130_fd_sc_hs__nor2b_1)
                                         _02929_ (net)
                  0.13    0.00    3.28 ^ _08198_/A2 (sky130_fd_sc_hs__o21ai_2)
     2    0.02    0.07    0.08    3.37 v _08198_/Y (sky130_fd_sc_hs__o21ai_2)
                                         _02930_ (net)
                  0.07    0.00    3.37 v _08202_/A2 (sky130_fd_sc_hs__a211oi_4)
     3    0.02    0.25    0.27    3.64 ^ _08202_/Y (sky130_fd_sc_hs__a211oi_4)
                                         _02933_ (net)
                  0.25    0.00    3.64 ^ _08302_/A1 (sky130_fd_sc_hs__o211ai_4)
     3    0.03    0.13    0.14    3.78 v _08302_/Y (sky130_fd_sc_hs__o211ai_4)
                                         _03029_ (net)
                  0.13    0.00    3.79 v _08305_/A2 (sky130_fd_sc_hs__a211oi_4)
     2    0.03    0.30    0.32    4.11 ^ _08305_/Y (sky130_fd_sc_hs__a211oi_4)
                                         _03032_ (net)
                  0.30    0.00    4.11 ^ _08315_/B1 (sky130_fd_sc_hs__o221ai_4)
     2    0.01    0.11    0.14    4.25 v _08315_/Y (sky130_fd_sc_hs__o221ai_4)
                                         _03042_ (net)
                  0.11    0.00    4.25 v _08978_/B (sky130_fd_sc_hs__nand3b_1)
     1    0.01    0.08    0.10    4.35 ^ _08978_/Y (sky130_fd_sc_hs__nand3b_1)
                                         _03659_ (net)
                  0.08    0.00    4.35 ^ _08979_/A2 (sky130_fd_sc_hs__a21oi_2)
     1    0.01    0.07    0.07    4.42 v _08979_/Y (sky130_fd_sc_hs__a21oi_2)
                                         _05676_ (net)
                  0.07    0.00    4.42 v _12059_/A (sky130_fd_sc_hs__fa_1)
     2    0.01    0.06    0.24    4.66 v _12059_/COUT (sky130_fd_sc_hs__fa_1)
                                         _05679_ (net)
                  0.06    0.00    4.66 v _08999_/A (sky130_fd_sc_hs__nor3_1)
     1    0.01    0.19    0.17    4.83 ^ _08999_/Y (sky130_fd_sc_hs__nor3_1)
                                         _03678_ (net)
                  0.19    0.00    4.83 ^ _09000_/C1 (sky130_fd_sc_hs__a2111oi_2)
     1    0.01    0.09    0.09    4.93 v _09000_/Y (sky130_fd_sc_hs__a2111oi_2)
                                         _03679_ (net)
                  0.09    0.00    4.93 v _09001_/B (sky130_fd_sc_hs__nand2_2)
     3    0.02    0.08    0.10    5.03 ^ _09001_/Y (sky130_fd_sc_hs__nand2_2)
                                         _03680_ (net)
                  0.08    0.00    5.03 ^ _09007_/B1 (sky130_fd_sc_hs__o2111ai_2)
     1    0.01    0.12    0.12    5.15 v _09007_/Y (sky130_fd_sc_hs__o2111ai_2)
                                         _03686_ (net)
                  0.12    0.00    5.15 v _09013_/B1 (sky130_fd_sc_hs__o211ai_4)
     2    0.02    0.14    0.13    5.28 ^ _09013_/Y (sky130_fd_sc_hs__o211ai_4)
                                         net87 (net)
                  0.14    0.00    5.28 ^ output87/A (sky130_fd_sc_hs__clkbuf_1)
     1    0.00    0.02    0.07    5.35 ^ output87/X (sky130_fd_sc_hs__clkbuf_1)
                                         aluout[29] (net)
                  0.02    0.00    5.35 ^ aluout[29] (out)
                                  5.35   data arrival time

                          7.60    7.60   clock clk (rise edge)
                          0.00    7.60   clock network delay (propagated)
                          0.00    7.60   clock reconvergence pessimism
                         -1.52    6.08   output external delay
                                  6.08   data required time
-----------------------------------------------------------------------------
                                  6.08   data required time
                                 -5.35   data arrival time
-----------------------------------------------------------------------------
                                  0.73   slack (MET)



==========================================================================
cts final report_check_types -max_slew -max_cap -max_fanout -violators
--------------------------------------------------------------------------
max slew

Pin                                    Limit    Slew   Slack
------------------------------------------------------------
_10327_/B                               1.00    1.01   -0.01 (VIOLATED)
_10328_/A3                              1.00    1.01   -0.01 (VIOLATED)
_10309_/A2                              1.00    1.01   -0.01 (VIOLATED)
_10308_/B                               1.00    1.01   -0.01 (VIOLATED)
_10332_/A2                              1.00    1.01   -0.01 (VIOLATED)
_10331_/B                               1.00    1.01   -0.01 (VIOLATED)
_10321_/A2                              1.00    1.01   -0.01 (VIOLATED)
_10320_/B                               1.00    1.01   -0.01 (VIOLATED)
_10323_/A3                              1.00    1.01   -0.01 (VIOLATED)
_10322_/B                               1.00    1.01   -0.01 (VIOLATED)
_10314_/A2                              1.00    1.01   -0.01 (VIOLATED)
_10313_/B                               1.00    1.01   -0.01 (VIOLATED)
_10318_/B                               1.00    1.01   -0.01 (VIOLATED)
_10319_/A3                              1.00    1.01   -0.01 (VIOLATED)
_10304_/B                               1.00    1.01   -0.01 (VIOLATED)
_10305_/A2                              1.00    1.01   -0.01 (VIOLATED)
_10280_/A2                              1.00    1.01   -0.01 (VIOLATED)
_10279_/B                               1.00    1.01   -0.01 (VIOLATED)
_10301_/A2                              1.00    1.01   -0.01 (VIOLATED)
_10284_/A2                              1.00    1.01   -0.01 (VIOLATED)
_10302_/B                               1.00    1.01   -0.01 (VIOLATED)
_10283_/B                               1.00    1.01   -0.01 (VIOLATED)
_10303_/A2                              1.00    1.01   -0.01 (VIOLATED)
_10300_/B                               1.00    1.01   -0.01 (VIOLATED)
_10289_/B                               1.00    1.01   -0.01 (VIOLATED)
_10290_/A3                              1.00    1.01   -0.01 (VIOLATED)
_10335_/B                               1.00    1.01   -0.01 (VIOLATED)
_10336_/A2                              1.00    1.01   -0.01 (VIOLATED)
_10294_/B                               1.00    1.01   -0.01 (VIOLATED)
_10295_/A2                              1.00    1.01   -0.01 (VIOLATED)
_10306_/B                               1.00    1.01   -0.01 (VIOLATED)
_10307_/A2                              1.00    1.01   -0.01 (VIOLATED)
_10271_/A2                              1.00    1.01   -0.01 (VIOLATED)
_10270_/B                               1.00    1.01   -0.01 (VIOLATED)
_10292_/B                               1.00    1.01   -0.01 (VIOLATED)
_10293_/A2                              1.00    1.01   -0.01 (VIOLATED)
_10269_/A2                              1.00    1.01   -0.01 (VIOLATED)
_10268_/B                               1.00    1.01   -0.01 (VIOLATED)
_10282_/A2                              1.00    1.00   -0.00 (VIOLATED)
_10281_/B                               1.00    1.00   -0.00 (VIOLATED)
_10297_/B                               1.00    1.00   -0.00 (VIOLATED)
_10316_/B                               1.00    1.00   -0.00 (VIOLATED)
_10311_/B                               1.00    1.00   -0.00 (VIOLATED)

max capacitance

Pin                                    Limit     Cap   Slack
------------------------------------------------------------
_10265_/Y                               0.39    0.40   -0.00 (VIOLATED)


==========================================================================
cts final max_slew_check_slack
--------------------------------------------------------------------------
-0.01149169635027647

==========================================================================
cts final max_slew_check_limit
--------------------------------------------------------------------------
1.0

==========================================================================
cts final max_slew_check_slack_limit
--------------------------------------------------------------------------
-0.0115

==========================================================================
cts final max_fanout_check_slack
--------------------------------------------------------------------------
1.0000000150474662e+30

==========================================================================
cts final max_fanout_check_limit
--------------------------------------------------------------------------
1.0000000150474662e+30

==========================================================================
cts final max_capacitance_check_slack
--------------------------------------------------------------------------
-0.0005370595608837903

==========================================================================
cts final max_capacitance_check_limit
--------------------------------------------------------------------------
0.3948799967765808

==========================================================================
cts final max_capacitance_check_slack_limit
--------------------------------------------------------------------------
-0.0014

==========================================================================
cts final max_slew_violation_count
--------------------------------------------------------------------------
max slew violation count 43

==========================================================================
cts final max_fanout_violation_count
--------------------------------------------------------------------------
max fanout violation count 0

==========================================================================
cts final max_cap_violation_count
--------------------------------------------------------------------------
max cap violation count 1

==========================================================================
cts final setup_violation_count
--------------------------------------------------------------------------
setup violation count 0

==========================================================================
cts final hold_violation_count
--------------------------------------------------------------------------
hold violation count 0

==========================================================================
cts final critical path delay
--------------------------------------------------------------------------
5.3544

==========================================================================
cts final critical path slack
--------------------------------------------------------------------------
0.7256

==========================================================================
cts final slack div critical path delay
--------------------------------------------------------------------------
13.551472

==========================================================================
cts final report_power
--------------------------------------------------------------------------
Group                  Internal  Switching    Leakage      Total
                          Power      Power      Power      Power (Watts)
----------------------------------------------------------------
Sequential             1.10e-02   1.72e-03   4.19e-07   1.27e-02  31.7%
Combinational          1.86e-02   8.81e-03   4.96e-07   2.74e-02  68.3%
Macro                  0.00e+00   0.00e+00   0.00e+00   0.00e+00   0.0%
Pad                    0.00e+00   0.00e+00   0.00e+00   0.00e+00   0.0%
----------------------------------------------------------------
Total                  2.96e-02   1.05e-02   9.15e-07   4.01e-02 100.0%
                          73.8%      26.2%       0.0%

==========================================================================
cts final report_design_area
--------------------------------------------------------------------------
Design area 107056 u^2 57% utilization.

Elapsed time: 0:12.66[h:]min:sec. CPU time: user 12.61 sys 0.04 (99%). Peak memory: 186024KB.
