OpenROAD autotuner-v1-2861-g832b18e7 
This program is licensed under the BSD-3 license. See the LICENSE file for details.
Components of this program may be licensed under more restrictive licenses which must be honored.
[INFO GPL-0002] DBU: 1000
[INFO GPL-0003] SiteSize: 460 2720
[INFO GPL-0004] CoreAreaLxLy: 1380 2720
[INFO GPL-0005] CoreAreaUxUy: 77740 76160
[INFO GPL-0006] NumInstances: 342
[INFO GPL-0007] NumPlaceInstances: 270
[INFO GPL-0008] NumFixedInstances: 72
[INFO GPL-0009] NumDummyInstances: 0
[INFO GPL-0010] NumNets: 306
[INFO GPL-0011] NumPins: 987
[INFO GPL-0012] DieAreaLxLy: 0 0
[INFO GPL-0013] DieAreaUxUy: 78970 78970
[INFO GPL-0014] CoreAreaLxLy: 1380 2720
[INFO GPL-0015] CoreAreaUxUy: 77740 76160
[INFO GPL-0016] CoreArea: 5607878400
[INFO GPL-0017] NonPlaceInstsArea: 90086400
[INFO GPL-0018] PlaceInstsArea: 2960339200
[INFO GPL-0019] Util(%): 53.65
[INFO GPL-0020] StdInstsArea: 2960339200
[INFO GPL-0021] MacroInstsArea: 0
[INFO GPL-0031] FillerInit: NumGCells: 303
[INFO GPL-0032] FillerInit: NumGNets: 306
[INFO GPL-0033] FillerInit: NumGPins: 987
[INFO GPL-0023] TargetDensity: 0.60
[INFO GPL-0024] AveragePlaceInstArea: 10964219
[INFO GPL-0025] IdealBinArea: 18273698
[INFO GPL-0026] IdealBinCnt: 306
[INFO GPL-0027] TotalBinArea: 5607878400
[INFO GPL-0028] BinCnt: 16 16
[INFO GPL-0029] BinSize: 4773 4590
[INFO GPL-0030] NumBins: 256
[NesterovSolve] Iter: 1 overflow: 0.979949 HPWL: 611398
[NesterovSolve] Iter: 10 overflow: 0.969079 HPWL: 464316
[NesterovSolve] Iter: 20 overflow: 0.966876 HPWL: 463171
[NesterovSolve] Iter: 30 overflow: 0.967646 HPWL: 463171
[NesterovSolve] Iter: 40 overflow: 0.967506 HPWL: 463064
[NesterovSolve] Iter: 50 overflow: 0.967418 HPWL: 463143
[NesterovSolve] Iter: 60 overflow: 0.967306 HPWL: 463132
[NesterovSolve] Iter: 70 overflow: 0.967176 HPWL: 463490
[NesterovSolve] Iter: 80 overflow: 0.966841 HPWL: 464270
[NesterovSolve] Iter: 90 overflow: 0.966332 HPWL: 465572
[NesterovSolve] Iter: 100 overflow: 0.965457 HPWL: 467060
[NesterovSolve] Iter: 110 overflow: 0.964789 HPWL: 469318
[NesterovSolve] Iter: 120 overflow: 0.964789 HPWL: 472499
[NesterovSolve] Iter: 130 overflow: 0.964789 HPWL: 476443
[NesterovSolve] Iter: 140 overflow: 0.964789 HPWL: 496728
[NesterovSolve] Iter: 150 overflow: 0.952267 HPWL: 597051
[NesterovSolve] Iter: 160 overflow: 0.914809 HPWL: 759590
[NesterovSolve] Iter: 170 overflow: 0.882448 HPWL: 989083
[NesterovSolve] Iter: 180 overflow: 0.869572 HPWL: 1085578
[NesterovSolve] Iter: 190 overflow: 0.843655 HPWL: 1227843
[NesterovSolve] Iter: 200 overflow: 0.799344 HPWL: 1380853
[NesterovSolve] Iter: 210 overflow: 0.761253 HPWL: 1577445
[NesterovSolve] Iter: 220 overflow: 0.71963 HPWL: 1716102
[NesterovSolve] Iter: 230 overflow: 0.676148 HPWL: 1902513
[NesterovSolve] Iter: 240 overflow: 0.627254 HPWL: 2061488
[NesterovSolve] Iter: 250 overflow: 0.575495 HPWL: 2223601
[NesterovSolve] Iter: 260 overflow: 0.521954 HPWL: 2376526
[NesterovSolve] Iter: 270 overflow: 0.470956 HPWL: 2547260
[NesterovSolve] Iter: 280 overflow: 0.410875 HPWL: 2667050
[NesterovSolve] Iter: 290 overflow: 0.358701 HPWL: 2796098
[NesterovSolve] Iter: 300 overflow: 0.320334 HPWL: 2904014
[NesterovSolve] Iter: 310 overflow: 0.287994 HPWL: 2986493
[NesterovSolve] Iter: 320 overflow: 0.252956 HPWL: 3043580
[NesterovSolve] Iter: 330 overflow: 0.219798 HPWL: 3092844
[NesterovSolve] Iter: 340 overflow: 0.201514 HPWL: 3160853
[NesterovSolve] Iter: 350 overflow: 0.176459 HPWL: 3207686
[NesterovSolve] Iter: 360 overflow: 0.145725 HPWL: 3250833
[NesterovSolve] Iter: 370 overflow: 0.124515 HPWL: 3280087
[NesterovSolve] Iter: 380 overflow: 0.107772 HPWL: 3314089
[NesterovSolve] Finished with Overflow: 0.099533
Elapsed time: 0:00.25[h:]min:sec. CPU time: user 0.23 sys 0.01 (99%). Peak memory: 103000KB.
