[INFO] Reporting cells prior to loading DEF ...
[INFO] Reading DEF  ...
[INFO] Reporting cells after loading DEF ...
[INFO] 'gcd'
[INFO] 'FILLCELL_X16'
[INFO] 'FILLCELL_X2'
[INFO] 'FILLCELL_X8'
[INFO] 'FILLCELL_X1'
[INFO] 'FILLCELL_X4'
[INFO] 'FILLCELL_X32'
[INFO] 'TAPCELL_X1'
[INFO] 'INV_X2'
[INFO] 'NAND2_X1'
[INFO] 'INV_X1'
[INFO] 'NOR2_X2'
[INFO] 'NOR2_X1'
[INFO] 'OAI21_X2'
[INFO] 'NAND2_X2'
[INFO] 'NAND2_X4'
[INFO] 'NOR2_X4'
[INFO] 'OAI21_X1'
[INFO] 'XNOR2_X1'
[INFO] 'XNOR2_X2'
[INFO] 'AND2_X2'
[INFO] 'AND2_X1'
[INFO] 'AOI21_X1'
[INFO] 'AOI21_X2'
[INFO] 'NAND3_X1'
[INFO] 'XOR2_X1'
[INFO] 'NAND4_X1'
[INFO] 'NOR3_X1'
[INFO] 'OR2_X1'
[INFO] 'OAI22_X1'
[INFO] 'AND3_X1'
[INFO] 'NAND3_X2'
[INFO] 'MUX2_X1'
[INFO] 'NAND3_X4'
[INFO] 'INV_X8'
[INFO] 'NAND4_X4'
[INFO] 'DFF_X2'
[INFO] 'DFF_X1'
[INFO] 'BUF_X4'
[INFO] 'BUF_X1'
[INFO] 'CLKBUF_X1'
[INFO] 'BUF_X2'
[INFO] 'VIA_via3_4_960_340_1_3_320_320'
[INFO] 'VIA_via2_3_960_340_1_3_320_320'
[INFO] 'VIA_via1_2_960_340_1_3_300_300'
[INFO] 'VIA_via1_7'
[INFO] 'VIA_via2_5'
[INFO] 'VIA_via1_4'
[INFO] 'VIA_via3_2'
[INFO] 'VIA_via4_0'
[INFO] 'VIA_via5_0'
[INFO] Clearing cells...
[INFO] Merging GDS/OAS files...
	/home/jborg/Data/Research/DLPnR/OpenROAD-flow-scripts/flow/platforms/nangate45/gds/NangateOpenCellLibrary.gds
[INFO] Copying toplevel cell 'gcd'
WARNING: no fill config file specified
[INFO] Checking for missing cell from GDS/OAS...
[INFO] Found GDS_ALLOW_EMPTY variable.
[INFO] All LEF cells have matching GDS/OAS cells
[INFO] Checking for orphan cell in the final layout...
[INFO] No orphan cells
[INFO] Writing out GDS/OAS './results/nangate45/gcd/base/6_1_merged.gds'
Elapsed time: 0:00.79[h:]min:sec. CPU time: user 0.62 sys 0.08 (89%). Peak memory: 395484KB.
