OpenROAD autotuner-v1-2861-g832b18e7 
This program is licensed under the BSD-3 license. See the LICENSE file for details.
Components of this program may be licensed under more restrictive licenses which must be honored.
[INFO GPL-0002] DBU: 1000
[INFO GPL-0003] SiteSize: 480 3330
[INFO GPL-0004] CoreAreaLxLy: 1440 3330
[INFO GPL-0005] CoreAreaUxUy: 87840 86580
[INFO GPL-0006] NumInstances: 376
[INFO GPL-0007] NumPlaceInstances: 295
[INFO GPL-0008] NumFixedInstances: 81
[INFO GPL-0009] NumDummyInstances: 0
[INFO GPL-0010] NumNets: 331
[INFO GPL-0011] NumPins: 1041
[INFO GPL-0012] DieAreaLxLy: 0 0
[INFO GPL-0013] DieAreaUxUy: 89090 89090
[INFO GPL-0014] CoreAreaLxLy: 1440 3330
[INFO GPL-0015] CoreAreaUxUy: 87840 86580
[INFO GPL-0016] CoreArea: 7192800000
[INFO GPL-0017] NonPlaceInstsArea: 129470400
[INFO GPL-0018] PlaceInstsArea: 3885710400
[INFO GPL-0019] Util(%): 55.01
[INFO GPL-0020] StdInstsArea: 3885710400
[INFO GPL-0021] MacroInstsArea: 0
[INFO GPL-0031] FillerInit: NumGCells: 549
[INFO GPL-0032] FillerInit: NumGNets: 331
[INFO GPL-0033] FillerInit: NumGPins: 1041
[INFO GPL-0023] TargetDensity: 1.00
[INFO GPL-0024] AveragePlaceInstArea: 13171899
[INFO GPL-0025] IdealBinArea: 13171899
[INFO GPL-0026] IdealBinCnt: 546
[INFO GPL-0027] TotalBinArea: 7192800000
[INFO GPL-0028] BinCnt: 16 16
[INFO GPL-0029] BinSize: 5400 5204
[INFO GPL-0030] NumBins: 256
[INFO GPL-0002] DBU: 1000
[INFO GPL-0003] SiteSize: 480 3330
[INFO GPL-0004] CoreAreaLxLy: 1440 3330
[INFO GPL-0005] CoreAreaUxUy: 87840 86580
[INFO GPL-0006] NumInstances: 376
[INFO GPL-0007] NumPlaceInstances: 295
[INFO GPL-0008] NumFixedInstances: 81
[INFO GPL-0009] NumDummyInstances: 0
[INFO GPL-0010] NumNets: 331
[INFO GPL-0011] NumPins: 1041
[INFO GPL-0012] DieAreaLxLy: 0 0
[INFO GPL-0013] DieAreaUxUy: 89090 89090
[INFO GPL-0014] CoreAreaLxLy: 1440 3330
[INFO GPL-0015] CoreAreaUxUy: 87840 86580
[INFO GPL-0016] CoreArea: 7192800000
[INFO GPL-0017] NonPlaceInstsArea: 129470400
[INFO GPL-0018] PlaceInstsArea: 3885710400
[INFO GPL-0019] Util(%): 55.01
[INFO GPL-0020] StdInstsArea: 3885710400
[INFO GPL-0021] MacroInstsArea: 0
[InitialPlace]  Iter: 1 CG residual: 0.00000012 HPWL: 6470836
[InitialPlace]  Iter: 2 CG residual: 0.00000010 HPWL: 5417171
[InitialPlace]  Iter: 3 CG residual: 0.00000012 HPWL: 5390996
[InitialPlace]  Iter: 4 CG residual: 0.00000008 HPWL: 5379973
[InitialPlace]  Iter: 5 CG residual: 0.00000010 HPWL: 5352525
[INFO GPL-0031] FillerInit: NumGCells: 326
[INFO GPL-0032] FillerInit: NumGNets: 331
[INFO GPL-0033] FillerInit: NumGPins: 1041
[INFO GPL-0023] TargetDensity: 0.61
[INFO GPL-0024] AveragePlaceInstArea: 13171899
[INFO GPL-0025] IdealBinArea: 21767704
[INFO GPL-0026] IdealBinCnt: 330
[INFO GPL-0027] TotalBinArea: 7192800000
[INFO GPL-0028] BinCnt: 16 16
[INFO GPL-0029] BinSize: 5400 5204
[INFO GPL-0030] NumBins: 256
[NesterovSolve] Iter: 1 overflow: 0.755877 HPWL: 3923583
[INFO GPL-0100] worst slack 4.4e-10
[INFO GPL-0103] Weighted 32 nets.
[INFO GPL-0100] worst slack 4.22e-10
[INFO GPL-0103] Weighted 32 nets.
[NesterovSolve] Iter: 10 overflow: 0.622279 HPWL: 4038519
[NesterovSolve] Snapshot saved at iter = 16
[NesterovSolve] Iter: 20 overflow: 0.590474 HPWL: 3979746
[NesterovSolve] Iter: 30 overflow: 0.592222 HPWL: 3970150
[NesterovSolve] Iter: 40 overflow: 0.598948 HPWL: 3980731
[NesterovSolve] Iter: 50 overflow: 0.598038 HPWL: 3979333
[NesterovSolve] Iter: 60 overflow: 0.594769 HPWL: 3975597
[NesterovSolve] Iter: 70 overflow: 0.595728 HPWL: 3976553
[NesterovSolve] Iter: 80 overflow: 0.596845 HPWL: 3977998
[NesterovSolve] Iter: 90 overflow: 0.595961 HPWL: 3977248
[NesterovSolve] Iter: 100 overflow: 0.595269 HPWL: 3976514
[NesterovSolve] Iter: 110 overflow: 0.595245 HPWL: 3976812
[NesterovSolve] Iter: 120 overflow: 0.5947 HPWL: 3976791
[NesterovSolve] Iter: 130 overflow: 0.593507 HPWL: 3976213
[NesterovSolve] Iter: 140 overflow: 0.59227 HPWL: 3975898
[NesterovSolve] Iter: 150 overflow: 0.590313 HPWL: 3975605
[NesterovSolve] Iter: 160 overflow: 0.586768 HPWL: 3975051
[NesterovSolve] Iter: 170 overflow: 0.581728 HPWL: 3974376
[NesterovSolve] Iter: 180 overflow: 0.576245 HPWL: 3973014
[NesterovSolve] Iter: 190 overflow: 0.568385 HPWL: 3971873
[NesterovSolve] Iter: 200 overflow: 0.555849 HPWL: 3972042
[NesterovSolve] Iter: 210 overflow: 0.536711 HPWL: 3971792
[NesterovSolve] Iter: 220 overflow: 0.50674 HPWL: 3969175
[INFO GPL-0100] worst slack 3.6e-10
[INFO GPL-0103] Weighted 32 nets.
[NesterovSolve] Iter: 230 overflow: 0.471412 HPWL: 3973136
[NesterovSolve] Iter: 240 overflow: 0.438492 HPWL: 3988684
[NesterovSolve] Iter: 250 overflow: 0.403601 HPWL: 4016823
[NesterovSolve] Iter: 260 overflow: 0.36815 HPWL: 4055594
[NesterovSolve] Iter: 270 overflow: 0.330876 HPWL: 4086225
[NesterovSolve] Iter: 280 overflow: 0.302158 HPWL: 4117992
[INFO GPL-0100] worst slack 3.69e-10
[INFO GPL-0103] Weighted 31 nets.
[NesterovSolve] Iter: 290 overflow: 0.272071 HPWL: 4150209
[NesterovSolve] Iter: 300 overflow: 0.242005 HPWL: 4183136
[NesterovSolve] Iter: 310 overflow: 0.212945 HPWL: 4213129
[INFO GPL-0100] worst slack 3.57e-10
[INFO GPL-0103] Weighted 32 nets.
[INFO GPL-0075] Routability numCall: 1 inflationIterCnt: 1 bloatIterCnt: 0
[INFO GPL-0036] TileLxLy: 0 0
[INFO GPL-0037] TileSize: 7200 7200
[INFO GPL-0038] TileCnt: 12 12
[INFO GPL-0039] numRoutingLayers: 6
[INFO GPL-0040] NumTiles: 144
[INFO GPL-0063] TotalRouteOverflowH2: 0.0
[INFO GPL-0064] TotalRouteOverflowV2: 0.0
[INFO GPL-0065] OverflowTileCnt2: 0
[INFO GPL-0066] 0.5%RC: 1.0
[INFO GPL-0067] 1.0%RC: 1.0
[INFO GPL-0068] 2.0%RC: 1.0
[INFO GPL-0069] 5.0%RC: 0.9832535927945917
[INFO GPL-0070] 0.5rcK: 1.0
[INFO GPL-0071] 1.0rcK: 1.0
[INFO GPL-0072] 2.0rcK: 0.0
[INFO GPL-0073] 5.0rcK: 0.0
[INFO GPL-0074] FinalRC: 1.0
[NesterovSolve] Iter: 320 overflow: 0.192102 HPWL: 4251136
[NesterovSolve] Iter: 330 overflow: 0.167191 HPWL: 4280821
[NesterovSolve] Iter: 340 overflow: 0.145354 HPWL: 4319922
[INFO GPL-0100] worst slack 3.98e-10
[INFO GPL-0103] Weighted 32 nets.
[NesterovSolve] Iter: 350 overflow: 0.125537 HPWL: 4355143
[NesterovSolve] Iter: 360 overflow: 0.107809 HPWL: 4390658
[NesterovSolve] Finished with Overflow: 0.098519

==========================================================================
global place check_setup
--------------------------------------------------------------------------

==========================================================================
global place report_tns
--------------------------------------------------------------------------
tns 0.00

==========================================================================
global place report_wns
--------------------------------------------------------------------------
wns 0.00

==========================================================================
global place report_worst_slack
--------------------------------------------------------------------------
worst slack 0.09

==========================================================================
global place report_checks -path_delay min
--------------------------------------------------------------------------
Startpoint: _522_ (rising edge-triggered flip-flop clocked by core_clock)
Endpoint: _522_ (rising edge-triggered flip-flop clocked by core_clock)
Path Group: core_clock
Path Type: min

Fanout     Cap    Slew   Delay    Time   Description
-----------------------------------------------------------------------------
                  0.00    0.00    0.00   clock core_clock (rise edge)
                          0.00    0.00   clock network delay (ideal)
                  0.00    0.00    0.00 ^ _522_/CLK (sky130_fd_sc_hs__dfxtp_1)
     2    0.01    0.05    0.18    0.18 ^ _522_/Q (sky130_fd_sc_hs__dfxtp_1)
                                         ctrl.state.out[1] (net)
                  0.05    0.00    0.18 ^ _394_/B (sky130_fd_sc_hs__nand2_1)
     1    0.00    0.03    0.04    0.22 v _394_/Y (sky130_fd_sc_hs__nand2_1)
                                         _158_ (net)
                  0.03    0.00    0.22 v _395_/B1 (sky130_fd_sc_hs__o31ai_1)
     1    0.00    0.04    0.04    0.26 ^ _395_/Y (sky130_fd_sc_hs__o31ai_1)
                                         _001_ (net)
                  0.04    0.00    0.26 ^ _522_/D (sky130_fd_sc_hs__dfxtp_1)
                                  0.26   data arrival time

                  0.00    0.00    0.00   clock core_clock (rise edge)
                          0.00    0.00   clock network delay (ideal)
                          0.00    0.00   clock reconvergence pessimism
                                  0.00 ^ _522_/CLK (sky130_fd_sc_hs__dfxtp_1)
                          0.01    0.01   library hold time
                                  0.01   data required time
-----------------------------------------------------------------------------
                                  0.01   data required time
                                 -0.26   data arrival time
-----------------------------------------------------------------------------
                                  0.26   slack (MET)



==========================================================================
global place report_checks -path_delay max
--------------------------------------------------------------------------
Startpoint: _521_ (rising edge-triggered flip-flop clocked by core_clock)
Endpoint: resp_val (output port clocked by core_clock)
Path Group: core_clock
Path Type: max

Fanout     Cap    Slew   Delay    Time   Description
-----------------------------------------------------------------------------
                  0.00    0.00    0.00   clock core_clock (rise edge)
                          0.00    0.00   clock network delay (ideal)
                  0.00    0.00    0.00 ^ _521_/CLK (sky130_fd_sc_hs__dfxtp_1)
    35    0.16    0.58    0.61    0.61 v _521_/Q (sky130_fd_sc_hs__dfxtp_1)
                                         req_rdy (net)
                  0.58    0.00    0.61 v _389_/B (sky130_fd_sc_hs__nor2_1)
    16    0.09    1.06    0.95    1.56 ^ _389_/Y (sky130_fd_sc_hs__nor2_1)
                                         _155_ (net)
                  1.06    0.00    1.56 ^ _390_/A (sky130_fd_sc_hs__and2_1)
     2    0.00    0.06    0.11    1.67 ^ _390_/X (sky130_fd_sc_hs__and2_1)
                                         resp_val (net)
                  0.06    0.00    1.67 ^ resp_val (out)
                                  1.67   data arrival time

                  0.00    2.20    2.20   clock core_clock (rise edge)
                          0.00    2.20   clock network delay (ideal)
                          0.00    2.20   clock reconvergence pessimism
                         -0.44    1.76   output external delay
                                  1.76   data required time
-----------------------------------------------------------------------------
                                  1.76   data required time
                                 -1.67   data arrival time
-----------------------------------------------------------------------------
                                  0.09   slack (MET)



==========================================================================
global place report_checks -unconstrained
--------------------------------------------------------------------------
Startpoint: _521_ (rising edge-triggered flip-flop clocked by core_clock)
Endpoint: resp_val (output port clocked by core_clock)
Path Group: core_clock
Path Type: max

Fanout     Cap    Slew   Delay    Time   Description
-----------------------------------------------------------------------------
                  0.00    0.00    0.00   clock core_clock (rise edge)
                          0.00    0.00   clock network delay (ideal)
                  0.00    0.00    0.00 ^ _521_/CLK (sky130_fd_sc_hs__dfxtp_1)
    35    0.16    0.58    0.61    0.61 v _521_/Q (sky130_fd_sc_hs__dfxtp_1)
                                         req_rdy (net)
                  0.58    0.00    0.61 v _389_/B (sky130_fd_sc_hs__nor2_1)
    16    0.09    1.06    0.95    1.56 ^ _389_/Y (sky130_fd_sc_hs__nor2_1)
                                         _155_ (net)
                  1.06    0.00    1.56 ^ _390_/A (sky130_fd_sc_hs__and2_1)
     2    0.00    0.06    0.11    1.67 ^ _390_/X (sky130_fd_sc_hs__and2_1)
                                         resp_val (net)
                  0.06    0.00    1.67 ^ resp_val (out)
                                  1.67   data arrival time

                  0.00    2.20    2.20   clock core_clock (rise edge)
                          0.00    2.20   clock network delay (ideal)
                          0.00    2.20   clock reconvergence pessimism
                         -0.44    1.76   output external delay
                                  1.76   data required time
-----------------------------------------------------------------------------
                                  1.76   data required time
                                 -1.67   data arrival time
-----------------------------------------------------------------------------
                                  0.09   slack (MET)



==========================================================================
global place report_power
--------------------------------------------------------------------------
Group                  Internal  Switching    Leakage      Total
                          Power      Power      Power      Power (Watts)
----------------------------------------------------------------
Sequential             1.14e-03   2.19e-04   1.37e-08   1.36e-03  34.3%
Combinational          1.67e-03   9.35e-04   1.85e-08   2.60e-03  65.7%
Macro                  0.00e+00   0.00e+00   0.00e+00   0.00e+00   0.0%
Pad                    0.00e+00   0.00e+00   0.00e+00   0.00e+00   0.0%
----------------------------------------------------------------
Total                  2.81e-03   1.15e-03   3.23e-08   3.96e-03 100.0%
                          70.9%      29.1%       0.0%

==========================================================================
global place report_design_area
--------------------------------------------------------------------------
Design area 3072 u^2 43% utilization.

Elapsed time: 0:01.38[h:]min:sec. CPU time: user 1.32 sys 0.05 (99%). Peak memory: 205244KB.
