OpenROAD v2.0-11432-gead3236e5 
This program is licensed under the BSD-3 license. See the LICENSE file for details.
Components of this program may be licensed under more restrictive licenses which must be honored.
[INFO GPL-0002] DBU: 2000
[INFO GPL-0003] SiteSize: 1120 10080
[INFO GPL-0004] CoreAreaLxLy: 2240 10080
[INFO GPL-0005] CoreAreaUxUy: 4335520 4334400
[INFO GPL-0006] NumInstances: 49987
[INFO GPL-0007] NumPlaceInstances: 45462
[INFO GPL-0008] NumFixedInstances: 4525
[INFO GPL-0009] NumDummyInstances: 0
[INFO GPL-0010] NumNets: 57836
[INFO GPL-0011] NumPins: 156157
[INFO GPL-0012] DieAreaLxLy: 0 0
[INFO GPL-0013] DieAreaUxUy: 4337920 4337920
[INFO GPL-0014] CoreAreaLxLy: 2240 10080
[INFO GPL-0015] CoreAreaUxUy: 4335520 4334400
[INFO GPL-0016] CoreArea: 18738489369600
[INFO GPL-0017] NonPlaceInstsArea: 102170880000
[INFO GPL-0018] PlaceInstsArea: 10395463680000
[INFO GPL-0019] Util(%): 55.78
[INFO GPL-0020] StdInstsArea: 10395463680000
[INFO GPL-0021] MacroInstsArea: 0
[INFO GPL-0031] FillerInit: NumGCells: 81875
[INFO GPL-0032] FillerInit: NumGNets: 57836
[INFO GPL-0033] FillerInit: NumGPins: 156157
[INFO GPL-0023] TargetDensity: 1.00
[INFO GPL-0024] AveragePlaceInstArea: 228662700
[INFO GPL-0025] IdealBinArea: 228662704
[INFO GPL-0026] IdealBinCnt: 81948
[INFO GPL-0027] TotalBinArea: 18738489369600
[INFO GPL-0028] BinCnt: 256 256
[INFO GPL-0029] BinSize: 16927 16892
[INFO GPL-0030] NumBins: 65536
[INFO GPL-0002] DBU: 2000
[INFO GPL-0003] SiteSize: 1120 10080
[INFO GPL-0004] CoreAreaLxLy: 2240 10080
[INFO GPL-0005] CoreAreaUxUy: 4335520 4334400
[INFO GPL-0006] NumInstances: 49987
[INFO GPL-0007] NumPlaceInstances: 45462
[INFO GPL-0008] NumFixedInstances: 4525
[INFO GPL-0009] NumDummyInstances: 0
[INFO GPL-0010] NumNets: 57836
[INFO GPL-0011] NumPins: 156110
[INFO GPL-0012] DieAreaLxLy: 0 0
[INFO GPL-0013] DieAreaUxUy: 4337920 4337920
[INFO GPL-0014] CoreAreaLxLy: 2240 10080
[INFO GPL-0015] CoreAreaUxUy: 4335520 4334400
[INFO GPL-0016] CoreArea: 18738489369600
[INFO GPL-0017] NonPlaceInstsArea: 102170880000
[INFO GPL-0018] PlaceInstsArea: 10395463680000
[INFO GPL-0019] Util(%): 55.78
[INFO GPL-0020] StdInstsArea: 10395463680000
[INFO GPL-0021] MacroInstsArea: 0
[INFO GPL-0031] FillerInit: NumGCells: 62754
[INFO GPL-0032] FillerInit: NumGNets: 57836
[INFO GPL-0033] FillerInit: NumGPins: 156110
[INFO GPL-0023] TargetDensity: 0.77
[INFO GPL-0024] AveragePlaceInstArea: 228662700
[INFO GPL-0025] IdealBinArea: 297812864
[INFO GPL-0026] IdealBinCnt: 62920
[INFO GPL-0027] TotalBinArea: 18738489369600
[INFO GPL-0028] BinCnt: 128 128
[INFO GPL-0029] BinSize: 33854 33784
[INFO GPL-0030] NumBins: 16384
[NesterovSolve] Iter: 1 overflow: 0.999613 HPWL: 612906945
[NesterovSolve] Iter: 10 overflow: 0.999275 HPWL: 445275083
[NesterovSolve] Iter: 20 overflow: 0.999275 HPWL: 437980715
[NesterovSolve] Iter: 30 overflow: 0.999275 HPWL: 435813236
[NesterovSolve] Iter: 40 overflow: 0.999275 HPWL: 434607922
[NesterovSolve] Iter: 50 overflow: 0.99926 HPWL: 433802429
[NesterovSolve] Iter: 60 overflow: 0.999104 HPWL: 433498777
[NesterovSolve] Iter: 70 overflow: 0.999055 HPWL: 433858785
[NesterovSolve] Iter: 80 overflow: 0.998937 HPWL: 435447145
[NesterovSolve] Iter: 90 overflow: 0.998768 HPWL: 440066401
[NesterovSolve] Iter: 100 overflow: 0.998542 HPWL: 451950661
[NesterovSolve] Iter: 110 overflow: 0.997707 HPWL: 479046640
[NesterovSolve] Iter: 120 overflow: 0.996443 HPWL: 533956782
[NesterovSolve] Iter: 130 overflow: 0.993638 HPWL: 633679785
[NesterovSolve] Iter: 140 overflow: 0.988067 HPWL: 796516880
[NesterovSolve] Iter: 150 overflow: 0.978801 HPWL: 998055058
[NesterovSolve] Iter: 160 overflow: 0.96513 HPWL: 1193036903
[NesterovSolve] Iter: 170 overflow: 0.946076 HPWL: 1376909738
[NesterovSolve] Iter: 180 overflow: 0.921945 HPWL: 1565474690
[NesterovSolve] Iter: 190 overflow: 0.894165 HPWL: 1772595763
[NesterovSolve] Iter: 200 overflow: 0.863014 HPWL: 2004102042
[NesterovSolve] Iter: 210 overflow: 0.823883 HPWL: 2244852502
[NesterovSolve] Iter: 220 overflow: 0.778775 HPWL: 2469790177
[NesterovSolve] Iter: 230 overflow: 0.733353 HPWL: 2676964356
[NesterovSolve] Iter: 240 overflow: 0.695553 HPWL: 2866251117
[NesterovSolve] Iter: 250 overflow: 0.653749 HPWL: 3076036020
[NesterovSolve] Iter: 260 overflow: 0.615615 HPWL: 3278525288
[NesterovSolve] Iter: 270 overflow: 0.580892 HPWL: 3419682583
[NesterovSolve] Iter: 280 overflow: 0.542812 HPWL: 3532397084
[NesterovSolve] Iter: 290 overflow: 0.506658 HPWL: 3677772884
[NesterovSolve] Iter: 300 overflow: 0.477674 HPWL: 3730415574
[NesterovSolve] Iter: 310 overflow: 0.443069 HPWL: 3718128528
[NesterovSolve] Iter: 320 overflow: 0.410939 HPWL: 3675005772
[NesterovSolve] Iter: 330 overflow: 0.380637 HPWL: 3643232719
[NesterovSolve] Iter: 340 overflow: 0.341938 HPWL: 3645525373
[NesterovSolve] Iter: 350 overflow: 0.312337 HPWL: 3638486883
[NesterovSolve] Iter: 360 overflow: 0.289152 HPWL: 3613236892
[NesterovSolve] Iter: 370 overflow: 0.260209 HPWL: 3598045006
[NesterovSolve] Iter: 380 overflow: 0.230673 HPWL: 3594932692
[NesterovSolve] Iter: 390 overflow: 0.204739 HPWL: 3588396851
[NesterovSolve] Iter: 400 overflow: 0.178831 HPWL: 3587680859
[NesterovSolve] Iter: 410 overflow: 0.155563 HPWL: 3585731925
[NesterovSolve] Iter: 420 overflow: 0.1338 HPWL: 3586098971
[NesterovSolve] Iter: 430 overflow: 0.114838 HPWL: 3586564284
[NesterovSolve] Finished with Overflow: 0.099777
Elapsed time: 0:08.28[h:]min:sec. CPU time: user 8.15 sys 0.12 (99%). Peak memory: 318836KB.
