OpenROAD v2.0-11432-gead3236e5 
This program is licensed under the BSD-3 license. See the LICENSE file for details.
Components of this program may be licensed under more restrictive licenses which must be honored.
global_route -guide_file ./results/gf180/jpeg/base/route.guide -congestion_report_file ./reports/gf180/jpeg/base/congestion.rpt -congestion_iterations 30 -congestion_report_iter_step 5 -verbose
[INFO GRT-0020] Min routing layer: Metal2
[INFO GRT-0021] Max routing layer: Metal5
[INFO GRT-0022] Global adjustment: 0%
[INFO GRT-0023] Grid origin: (0, 0)
[INFO GRT-0043] No OR_DEFAULT vias defined.
[INFO GRT-0088] Layer Metal1  Track-Pitch = 0.5600  line-2-Via Pitch: 0.5450
[INFO GRT-0088] Layer Metal2  Track-Pitch = 0.5600  line-2-Via Pitch: 0.5800
[INFO GRT-0088] Layer Metal3  Track-Pitch = 0.5600  line-2-Via Pitch: 0.5800
[INFO GRT-0088] Layer Metal4  Track-Pitch = 0.5600  line-2-Via Pitch: 0.5800
[INFO GRT-0088] Layer Metal5  Track-Pitch = 0.9000  line-2-Via Pitch: 0.9600
[INFO GRT-0019] Found 203 clock nets.
[INFO GRT-0001] Minimum degree: 2
[INFO GRT-0002] Maximum degree: 127
[INFO GRT-0003] Macros: 0
[INFO GRT-0004] Blockages: 0

[INFO GRT-0053] Routing resources analysis:
          Routing      Original      Derated      Resource
Layer     Direction    Resources     Resources    Reduction (%)
---------------------------------------------------------------
Metal1     Horizontal          0             0          0.00%
Metal2     Vertical       932928        455824          51.14%
Metal3     Horizontal     932928        464596          50.20%
Metal4     Vertical       932928        357952          61.63%
Metal5     Horizontal     533286        229337          57.00%
---------------------------------------------------------------

[INFO GRT-0101] Running extra iterations to remove overflow.
[INFO GRT-0197] Via related to pin nodes: 214892
[INFO GRT-0198] Via related Steiner nodes: 7984
[INFO GRT-0199] Via filling finished.
[INFO GRT-0111] Final number of vias: 258323
[INFO GRT-0112] Final usage 3D: 1091798

[INFO GRT-0096] Final congestion report:
Layer         Resource        Demand        Usage (%)    Max H / Max V / Total Overflow
---------------------------------------------------------------------------------------
Metal1               0             0            0.00%             0 /  0 /  0
Metal2          455824        148134           32.50%             0 /  0 /  0
Metal3          464596        152974           32.93%             0 /  0 /  0
Metal4          357952          7516            2.10%             0 /  0 /  0
Metal5          229337          8205            3.58%             0 /  0 /  0
---------------------------------------------------------------------------------------
Total          1507709        316829           21.01%             0 /  0 /  0

[INFO GRT-0018] Total wirelength: 3779781 um
[INFO GRT-0014] Routed nets: 58152
Warning: There is 1 unconstrained endpoint.

==========================================================================
global route pre repair design report_design_area
--------------------------------------------------------------------------
Design area 2186384 u^2 47% utilization.
Perform buffer insertion...
[INFO RSZ-0058] Using max wire length 15009um.
[INFO RSZ-0039] Resized 49 instances.
Warning: There is 1 unconstrained endpoint.

==========================================================================
global route post repair design report_design_area
--------------------------------------------------------------------------
Design area 2186612 u^2 47% utilization.
Placement Analysis
---------------------------------
total displacement        194.9 u
average displacement        0.0 u
max displacement           12.3 u
original HPWL         2321895.9 u
legalized HPWL        2322094.5 u
delta HPWL                    0 %

Repair setup and hold violations...
[INFO RSZ-0094] Found 16 endpoints with setup violations.
[INFO RSZ-0045] Inserted 7 buffers, 1 to split loads.
[INFO RSZ-0041] Resized 1 instances.
[INFO RSZ-0049] Cloned 1 instances.
[WARNING RSZ-0062] Unable to repair all setup violations.
[INFO RSZ-0033] No hold violations found.
Warning: There is 1 unconstrained endpoint.

==========================================================================
global route post repair timing report_design_area
--------------------------------------------------------------------------
Design area 2187176 u^2 47% utilization.
Placement Analysis
---------------------------------
total displacement        166.9 u
average displacement        0.0 u
max displacement           15.7 u
original HPWL         2326839.1 u
legalized HPWL        2326988.3 u
delta HPWL                    0 %


==========================================================================
check_antennas
--------------------------------------------------------------------------
[INFO GRT-0012] Found 23 antenna violations.
[INFO GRT-0015] Inserted 37 diodes.
[INFO GRT-0012] Found 1 antenna violations.
[INFO GRT-0015] Inserted 2 diodes.
[INFO GRT-0012] Found 0 antenna violations.
[WARNING ANT-0011] -report_violating_nets is deprecated.
[INFO ANT-0002] Found 0 net violations.
[INFO ANT-0001] Found 0 pin violations.
Warning: There is 1 unconstrained endpoint.

==========================================================================
global route report_design_area
--------------------------------------------------------------------------
Design area 2187396 u^2 47% utilization.
[INFO FLW-0007] clock clk period 8.000000
[INFO FLW-0008] Clock clk period 7.671
[INFO FLW-0009] Clock clk slack -0.075
[INFO FLW-0011] Path endpoint count 4576
Elapsed time: 0:46.45[h:]min:sec. CPU time: user 45.74 sys 0.70 (99%). Peak memory: 1464456KB.
