[INFO] Reporting cells prior to loading DEF ...
[INFO] Reading DEF  ...
[INFO] Reporting cells after loading DEF ...
[INFO] 'ibex_core'
[INFO] 'FILLCELL_X32'
[INFO] 'FILLCELL_X16'
[INFO] 'FILLCELL_X8'
[INFO] 'FILLCELL_X4'
[INFO] 'FILLCELL_X1'
[INFO] 'FILLCELL_X2'
[INFO] 'TAPCELL_X1'
[INFO] 'OAI22_X1'
[INFO] 'NAND2_X2'
[INFO] 'OAI33_X1'
[INFO] 'NAND2_X1'
[INFO] 'OAI21_X1'
[INFO] 'OAI221_X2'
[INFO] 'MUX2_X1'
[INFO] 'AOI21_X1'
[INFO] 'AND3_X1'
[INFO] 'AOI221_X2'
[INFO] 'OAI21_X2'
[INFO] 'OAI211_X2'
[INFO] 'NAND3_X1'
[INFO] 'AND2_X4'
[INFO] 'INV_X4'
[INFO] 'INV_X1'
[INFO] 'NOR3_X1'
[INFO] 'AOI22_X1'
[INFO] 'NOR2_X1'
[INFO] 'AOI211_X2'
[INFO] 'MUX2_X2'
[INFO] 'INV_X8'
[INFO] 'OAI221_X1'
[INFO] 'NAND4_X1'
[INFO] 'NOR4_X2'
[INFO] 'OAI22_X4'
[INFO] 'NAND2_X4'
[INFO] 'OAI21_X4'
[INFO] 'OAI22_X2'
[INFO] 'OAI211_X4'
[INFO] 'NOR3_X4'
[INFO] 'AOI21_X2'
[INFO] 'INV_X2'
[INFO] 'AOI21_X4'
[INFO] 'NAND3_X2'
[INFO] 'NOR2_X2'
[INFO] 'OAI222_X2'
[INFO] 'OR2_X4'
[INFO] 'NAND4_X4'
[INFO] 'OR2_X1'
[INFO] 'NAND3_X4'
[INFO] 'AOI22_X4'
[INFO] 'AOI222_X2'
[INFO] 'AOI22_X2'
[INFO] 'AND4_X1'
[INFO] 'AND2_X1'
[INFO] 'INV_X16'
[INFO] 'NOR2_X4'
[INFO] 'NAND4_X2'
[INFO] 'NOR4_X4'
[INFO] 'XNOR2_X1'
[INFO] 'AND3_X2'
[INFO] 'OAI222_X1'
[INFO] 'AND3_X4'
[INFO] 'OR3_X1'
[INFO] 'NOR3_X2'
[INFO] 'OR2_X2'
[INFO] 'AOI221_X1'
[INFO] 'XOR2_X1'
[INFO] 'XOR2_X2'
[INFO] 'OR4_X1'
[INFO] 'AND2_X2'
[INFO] 'XNOR2_X2'
[INFO] 'NOR4_X1'
[INFO] 'AND4_X4'
[INFO] 'OR4_X4'
[INFO] 'OR4_X2'
[INFO] 'OR3_X4'
[INFO] 'AND4_X2'
[INFO] 'OR3_X2'
[INFO] 'AOI211_X4'
[INFO] 'AOI221_X4'
[INFO] 'AOI222_X1'
[INFO] 'INV_X32'
[INFO] 'FA_X1'
[INFO] 'HA_X1'
[INFO] 'DFF_X1'
[INFO] 'DFF_X2'
[INFO] 'DFFR_X2'
[INFO] 'DFFR_X1'
[INFO] 'DFFS_X2'
[INFO] 'DFFS_X1'
[INFO] 'DLL_X1'
[INFO] 'BUF_X1'
[INFO] 'LOGIC0_X1'
[INFO] 'BUF_X4'
[INFO] 'BUF_X2'
[INFO] 'CLKBUF_X2'
[INFO] 'BUF_X32'
[INFO] 'CLKBUF_X3'
[INFO] 'BUF_X8'
[INFO] 'BUF_X16'
[INFO] 'CLKBUF_X1'
[INFO] 'VIA_via6_7_960_2800_4_1_600_600'
[INFO] 'VIA_via5_6_960_2800_5_2_600_600'
[INFO] 'VIA_via4_5_960_2800_5_2_600_600'
[INFO] 'VIA_via3_4_960_340_1_3_320_320'
[INFO] 'VIA_via2_3_960_340_1_3_320_320'
[INFO] 'VIA_via1_2_960_340_1_3_300_300'
[INFO] 'VIA_via1_4'
[INFO] 'VIA_via2_5'
[INFO] 'VIA_via1_7'
[INFO] 'VIA_via3_2'
[INFO] 'VIA_via4_0'
[INFO] 'VIA_via5_0'
[INFO] 'VIA_via6_0'
[INFO] 'VIA_via7_0'
[INFO] 'VIA_via8_0'
[INFO] 'VIA_via9_0'
[INFO] Clearing cells...
[INFO] Merging GDS/OAS files...
	/home/jborg/Data/Research/DLPnR/OpenROAD-flow-scripts/flow/platforms/nangate45/gds/NangateOpenCellLibrary.gds
[INFO] Copying toplevel cell 'ibex_core'
WARNING: no fill config file specified
[INFO] Checking for missing cell from GDS/OAS...
[INFO] Found GDS_ALLOW_EMPTY variable.
[INFO] All LEF cells have matching GDS/OAS cells
[INFO] Checking for orphan cell in the final layout...
[INFO] No orphan cells
[INFO] Writing out GDS/OAS './results/nangate45/ibex/base/6_1_merged.gds'
Elapsed time: 0:01.33[h:]min:sec. CPU time: user 1.23 sys 0.09 (99%). Peak memory: 510268KB.
