OpenROAD v2.0-11432-gead3236e5 
This program is licensed under the BSD-3 license. See the LICENSE file for details.
Components of this program may be licensed under more restrictive licenses which must be honored.
[INFO] Deleted 0 routing obstructions
[INFO RCX-0431] Defined process_corner X with ext_model_index 0
[INFO RCX-0029] Defined extraction corner X
[INFO RCX-0008] extracting parasitics of riscv ...
[INFO RCX-0435] Reading extraction model file /home/jborg/Data/Research/DLPnR/OpenROAD-flow-scripts/flow/platforms/sky130hs/rcx_patterns.rules ...
[INFO RCX-0436] RC segment generation riscv (max_merge_res 50.0) ...
[INFO RCX-0040] Final 32691 rc segments
[INFO RCX-0439] Coupling Cap extraction riscv ...
[INFO RCX-0440] Coupling threshhold is 0.1000 fF, coupling capacitance less than 0.1000 fF will be grounded.
[INFO RCX-0043] 73005 wires to be extracted
[INFO RCX-0442] 50% completion -- 37107 wires have been extracted
[INFO RCX-0442] 100% completion -- 73005 wires have been extracted
[INFO RCX-0045] Extract 6556 nets, 39214 rsegs, 39214 caps, 85908 ccs
[INFO RCX-0015] Finished extracting riscv.
[INFO RCX-0016] Writing SPEF ...
[INFO RCX-0443] 6556 nets finished
[INFO RCX-0017] Finished writing SPEF ...
[INFO PSM-0022] Using 1.800V for VDD
[WARNING PSM-0016] Voltage pad location (VSRC) file not specified, defaulting pad location to checkerboard pattern on core area.
[WARNING PSM-0017] X direction bump pitch is not specified, defaulting to 140um.
[WARNING PSM-0018] Y direction bump pitch is not specified, defaulting to 140um.
[WARNING PSM-0065] VSRC location not specified, using default checkerboard pattern with one VDD every size bumps in x-direction and one in two bumps in the y-direction
[INFO PSM-0076] Setting metal node density to be standard cell height times 5.
[WARNING PSM-0030] VSRC location at (79.600um, 79.780um) and size 10.000um, is not located on an existing power stripe node. Moving to closest node at (82.860um, 84.930um).
[WARNING PSM-0030] VSRC location at (359.600um, 219.780um) and size 10.000um, is not located on an existing power stripe node. Moving to closest node at (354.260um, 220.930um).
[INFO PSM-0031] Number of PDN nodes on net VDD = 10032.
[INFO PSM-0064] Number of voltage sources = 2.
[INFO PSM-0040] All PDN stripes on net VDD are connected.
########## IR report #################
Corner: default
Worstcase voltage: 1.79e+00 V
Average IR drop  : 4.39e-03 V
Worstcase IR drop: 6.05e-03 V
######################################
[INFO PSM-0022] Using 0.000V for VSS
[WARNING PSM-0016] Voltage pad location (VSRC) file not specified, defaulting pad location to checkerboard pattern on core area.
[WARNING PSM-0017] X direction bump pitch is not specified, defaulting to 140um.
[WARNING PSM-0018] Y direction bump pitch is not specified, defaulting to 140um.
[WARNING PSM-0065] VSRC location not specified, using default checkerboard pattern with one VDD every size bumps in x-direction and one in two bumps in the y-direction
[INFO PSM-0076] Setting metal node density to be standard cell height times 5.
[WARNING PSM-0030] VSRC location at (79.600um, 79.780um) and size 10.000um, is not located on an existing power stripe node. Moving to closest node at (69.290um, 71.330um).
[WARNING PSM-0030] VSRC location at (359.600um, 219.780um) and size 10.000um, is not located on an existing power stripe node. Moving to closest node at (367.830um, 207.330um).
[INFO PSM-0031] Number of PDN nodes on net VSS = 10146.
[INFO PSM-0064] Number of voltage sources = 2.
[INFO PSM-0040] All PDN stripes on net VSS are connected.
########## IR report #################
Corner: default
Worstcase voltage: 6.65e-03 V
Average IR drop  : 4.73e-03 V
Worstcase IR drop: 6.65e-03 V
######################################
Warning: There are 65 input ports missing set_input_delay.
Warning: There are 3 unconstrained endpoints.

==========================================================================
finish report_design_area
--------------------------------------------------------------------------
Design area 112945 u^2 60% utilization.
Elapsed time: 0:08.95[h:]min:sec. CPU time: user 8.84 sys 0.13 (100%). Peak memory: 376296KB.
