OpenROAD autotuner-v1-2861-g832b18e7 
This program is licensed under the BSD-3 license. See the LICENSE file for details.
Components of this program may be licensed under more restrictive licenses which must be honored.
[INFO ORD-0030] Using 16 thread(s).
detailed_route arguments: -bottom_routing_layer metal2 -top_routing_layer metal10 -save_guide_updates -verbose 1 -drc_report_iter_step 5
[INFO DRT-0149] Reading tech and libs.

Units:                2000
Number of layers:     21
Number of macros:     135
Number of vias:       27
Number of viarulegen: 19

[INFO DRT-0150] Reading design.

Design:                   ibex_core
Die area:                 ( 0 0 ) ( 479810 479810 )
Number of track patterns: 20
Number of DEF vias:       0
Number of components:     31423
Number of terminals:      264
Number of snets:          2
Number of nets:           17822

[INFO DRT-0167] List of default vias:
  Layer via2
    default via: via2_5
  Layer via3
    default via: via3_2
  Layer via4
    default via: via4_0
  Layer via5
    default via: via5_0
  Layer via6
    default via: via6_0
  Layer via7
    default via: via7_0
  Layer via8
    default via: via8_0
  Layer via9
    default via: via9_0
[INFO DRT-0162] Library cell analysis.
[INFO DRT-0163] Instance analysis.
  Complete 10000 instances.
  Complete 20000 instances.
  Complete 30000 instances.
[INFO DRT-0164] Number of unique instances = 198.
[INFO DRT-0168] Init region query.
[INFO DRT-0018]   Complete 10000 insts.
[INFO DRT-0018]   Complete 20000 insts.
[INFO DRT-0018]   Complete 30000 insts.
[INFO DRT-0024]   Complete active.
[INFO DRT-0024]   Complete Fr_VIA.
[INFO DRT-0024]   Complete metal1.
[INFO DRT-0024]   Complete via1.
[INFO DRT-0024]   Complete metal2.
[INFO DRT-0024]   Complete via2.
[INFO DRT-0024]   Complete metal3.
[INFO DRT-0024]   Complete via3.
[INFO DRT-0024]   Complete metal4.
[INFO DRT-0024]   Complete via4.
[INFO DRT-0024]   Complete metal5.
[INFO DRT-0024]   Complete via5.
[INFO DRT-0024]   Complete metal6.
[INFO DRT-0024]   Complete via6.
[INFO DRT-0024]   Complete metal7.
[INFO DRT-0024]   Complete via7.
[INFO DRT-0024]   Complete metal8.
[INFO DRT-0024]   Complete via8.
[INFO DRT-0024]   Complete metal9.
[INFO DRT-0024]   Complete via9.
[INFO DRT-0024]   Complete metal10.
[INFO DRT-0033] active shape region query size = 0.
[INFO DRT-0033] FR_VIA shape region query size = 0.
[INFO DRT-0033] metal1 shape region query size = 380989.
[INFO DRT-0033] via1 shape region query size = 2295.
[INFO DRT-0033] metal2 shape region query size = 1530.
[INFO DRT-0033] via2 shape region query size = 2295.
[INFO DRT-0033] metal3 shape region query size = 1530.
[INFO DRT-0033] via3 shape region query size = 2295.
[INFO DRT-0033] metal4 shape region query size = 846.
[INFO DRT-0033] via4 shape region query size = 720.
[INFO DRT-0033] metal5 shape region query size = 243.
[INFO DRT-0033] via5 shape region query size = 720.
[INFO DRT-0033] metal6 shape region query size = 309.
[INFO DRT-0033] via6 shape region query size = 288.
[INFO DRT-0033] metal7 shape region query size = 88.
[INFO DRT-0033] via7 shape region query size = 0.
[INFO DRT-0033] metal8 shape region query size = 0.
[INFO DRT-0033] via8 shape region query size = 0.
[INFO DRT-0033] metal9 shape region query size = 0.
[INFO DRT-0033] via9 shape region query size = 0.
[INFO DRT-0033] metal10 shape region query size = 0.
[INFO DRT-0165] Start pin access.
[INFO DRT-0076]   Complete 100 pins.
[INFO DRT-0076]   Complete 200 pins.
[INFO DRT-0076]   Complete 300 pins.
[INFO DRT-0076]   Complete 400 pins.
[INFO DRT-0076]   Complete 500 pins.
[INFO DRT-0076]   Complete 600 pins.
[INFO DRT-0076]   Complete 700 pins.
[INFO DRT-0078]   Complete 727 pins.
[INFO DRT-0079]   Complete 100 unique inst patterns.
[INFO DRT-0081]   Complete 182 unique inst patterns.
[INFO DRT-0082]   Complete 1000 groups.
[INFO DRT-0082]   Complete 2000 groups.
[INFO DRT-0082]   Complete 3000 groups.
[INFO DRT-0082]   Complete 4000 groups.
[INFO DRT-0082]   Complete 5000 groups.
[INFO DRT-0082]   Complete 6000 groups.
[INFO DRT-0082]   Complete 7000 groups.
[INFO DRT-0082]   Complete 8000 groups.
[INFO DRT-0084]   Complete 8512 groups.
#scanned instances     = 31423
#unique  instances     = 198
#stdCellGenAp          = 7392
#stdCellValidPlanarAp  = 0
#stdCellValidViaAp     = 5032
#stdCellPinNoAp        = 0
#stdCellPinCnt         = 58076
#instTermValidViaApCnt = 0
#macroGenAp            = 0
#macroValidPlanarAp    = 0
#macroValidViaAp       = 0
#macroNoAp             = 0
[INFO DRT-0166] Complete pin access.
[INFO DRT-0267] cpu time = 00:03:32, elapsed time = 00:00:14, memory = 193.49 (MB), peak = 196.85 (MB)
[INFO DRT-0156] guideIn read 100000 guides.

Number of guides:     160989

[INFO DRT-0169] Post process guides.
[INFO DRT-0176] GCELLGRID X 0 DO 114 STEP 4200 ;
[INFO DRT-0177] GCELLGRID Y 0 DO 114 STEP 4200 ;
[INFO DRT-0026]   Complete 10000 origin guides.
[INFO DRT-0026]   Complete 20000 origin guides.
[INFO DRT-0026]   Complete 30000 origin guides.
[INFO DRT-0026]   Complete 40000 origin guides.
[INFO DRT-0026]   Complete 50000 origin guides.
[INFO DRT-0026]   Complete 60000 origin guides.
[INFO DRT-0026]   Complete 70000 origin guides.
[INFO DRT-0026]   Complete 80000 origin guides.
[INFO DRT-0026]   Complete 90000 origin guides.
[INFO DRT-0027]   Complete 100000 origin guides.
[INFO DRT-0028]   Complete active.
[INFO DRT-0028]   Complete Fr_VIA.
[INFO DRT-0028]   Complete metal1.
[INFO DRT-0028]   Complete via1.
[INFO DRT-0028]   Complete metal2.
[INFO DRT-0028]   Complete via2.
[INFO DRT-0028]   Complete metal3.
[INFO DRT-0028]   Complete via3.
[INFO DRT-0028]   Complete metal4.
[INFO DRT-0028]   Complete via4.
[INFO DRT-0028]   Complete metal5.
[INFO DRT-0028]   Complete via5.
[INFO DRT-0028]   Complete metal6.
[INFO DRT-0028]   Complete via6.
[INFO DRT-0028]   Complete metal7.
[INFO DRT-0028]   Complete via7.
[INFO DRT-0028]   Complete metal8.
[INFO DRT-0028]   Complete via8.
[INFO DRT-0028]   Complete metal9.
[INFO DRT-0028]   Complete via9.
[INFO DRT-0028]   Complete metal10.
  complete 10000 nets.
[INFO DRT-0178] Init guide query.
[INFO DRT-0029]   Complete 10000 nets (guide).
[INFO DRT-0035]   Complete active (guide).
[INFO DRT-0035]   Complete Fr_VIA (guide).
[INFO DRT-0035]   Complete metal1 (guide).
[INFO DRT-0035]   Complete via1 (guide).
[INFO DRT-0035]   Complete metal2 (guide).
[INFO DRT-0035]   Complete via2 (guide).
[INFO DRT-0035]   Complete metal3 (guide).
[INFO DRT-0035]   Complete via3 (guide).
[INFO DRT-0035]   Complete metal4 (guide).
[INFO DRT-0035]   Complete via4 (guide).
[INFO DRT-0035]   Complete metal5 (guide).
[INFO DRT-0035]   Complete via5 (guide).
[INFO DRT-0035]   Complete metal6 (guide).
[INFO DRT-0035]   Complete via6 (guide).
[INFO DRT-0035]   Complete metal7 (guide).
[INFO DRT-0035]   Complete via7 (guide).
[INFO DRT-0035]   Complete metal8 (guide).
[INFO DRT-0035]   Complete via8 (guide).
[INFO DRT-0035]   Complete metal9 (guide).
[INFO DRT-0035]   Complete via9 (guide).
[INFO DRT-0035]   Complete metal10 (guide).
[INFO DRT-0036] active guide region query size = 0.
[INFO DRT-0036] FR_VIA guide region query size = 0.
[INFO DRT-0036] metal1 guide region query size = 49923.
[INFO DRT-0036] via1 guide region query size = 0.
[INFO DRT-0036] metal2 guide region query size = 41480.
[INFO DRT-0036] via2 guide region query size = 0.
[INFO DRT-0036] metal3 guide region query size = 25783.
[INFO DRT-0036] via3 guide region query size = 0.
[INFO DRT-0036] metal4 guide region query size = 6110.
[INFO DRT-0036] via4 guide region query size = 0.
[INFO DRT-0036] metal5 guide region query size = 2550.
[INFO DRT-0036] via5 guide region query size = 0.
[INFO DRT-0036] metal6 guide region query size = 852.
[INFO DRT-0036] via6 guide region query size = 0.
[INFO DRT-0036] metal7 guide region query size = 163.
[INFO DRT-0036] via7 guide region query size = 0.
[INFO DRT-0036] metal8 guide region query size = 102.
[INFO DRT-0036] via8 guide region query size = 0.
[INFO DRT-0036] metal9 guide region query size = 55.
[INFO DRT-0036] via9 guide region query size = 0.
[INFO DRT-0036] metal10 guide region query size = 4.
[INFO DRT-0179] Init gr pin query.
[INFO DRT-0185] Post process initialize RPin region query.
[INFO DRT-0181] Start track assignment.
[INFO DRT-0184] Done with 48548 vertical wires in 3 frboxes and 78474 horizontal wires in 3 frboxes.
[INFO DRT-0186] Done with 15358 vertical wires in 3 frboxes and 16690 horizontal wires in 3 frboxes.
[INFO DRT-0182] Complete track assignment.
[INFO DRT-0267] cpu time = 00:00:12, elapsed time = 00:00:06, memory = 634.93 (MB), peak = 634.93 (MB)
[INFO DRT-0187] Start routing data preparation.
[INFO DRT-0267] cpu time = 00:00:00, elapsed time = 00:00:00, memory = 634.93 (MB), peak = 634.93 (MB)
[INFO DRT-0194] Start detail routing.
[INFO DRT-0195] Start 0th optimization iteration.
    Completing 10% with 0 violations.
    elapsed time = 00:00:03, memory = 821.28 (MB).
    Completing 20% with 0 violations.
    elapsed time = 00:00:06, memory = 903.24 (MB).
    Completing 30% with 787 violations.
    elapsed time = 00:00:09, memory = 948.62 (MB).
    Completing 40% with 787 violations.
    elapsed time = 00:00:14, memory = 988.84 (MB).
    Completing 50% with 787 violations.
    elapsed time = 00:00:18, memory = 1021.06 (MB).
    Completing 60% with 1835 violations.
    elapsed time = 00:00:26, memory = 1035.76 (MB).
    Completing 70% with 1835 violations.
    elapsed time = 00:00:29, memory = 1053.55 (MB).
    Completing 80% with 2808 violations.
    elapsed time = 00:00:35, memory = 1072.37 (MB).
    Completing 90% with 2808 violations.
    elapsed time = 00:00:40, memory = 1080.88 (MB).
    Completing 100% with 3955 violations.
    elapsed time = 00:00:47, memory = 1100.21 (MB).
[INFO DRT-0199]   Number of violations = 11136.
Viol/Layer      metal1   via1 metal2   via2 metal3   via3 metal4   via4 metal5   via5 metal6   via6 metal7
Cut Spacing          0      6      0     40      0     24      0     59      0     27      0      1      0
Metal Spacing      166      0    347      0     24      0      2      0      2      0      0      0      0
Recheck              2      0   4489      0   2200      0    322      0    122      0     44      0      2
Short                2      2   2828      3    378      0     26      0     15      0      0      0      3
[INFO DRT-0267] cpu time = 00:09:10, elapsed time = 00:00:48, memory = 1585.84 (MB), peak = 1585.84 (MB)
Total wire length = 265982 um.
Total wire length on LAYER metal1 = 0 um.
Total wire length on LAYER metal2 = 82776 um.
Total wire length on LAYER metal3 = 94941 um.
Total wire length on LAYER metal4 = 42457 um.
Total wire length on LAYER metal5 = 27803 um.
Total wire length on LAYER metal6 = 13837 um.
Total wire length on LAYER metal7 = 2145 um.
Total wire length on LAYER metal8 = 409 um.
Total wire length on LAYER metal9 = 1442 um.
Total wire length on LAYER metal10 = 168 um.
Total number of vias = 122635.
Up-via summary (total 122635):.

-----------------
 active         0
 metal1     57263
 metal2     52299
 metal3      8053
 metal4      3376
 metal5      1259
 metal6       198
 metal7        96
 metal8        85
 metal9         6
-----------------
           122635


[INFO DRT-0195] Start 1st optimization iteration.
    Completing 10% with 11136 violations.
    elapsed time = 00:00:02, memory = 1594.09 (MB).
    Completing 20% with 11136 violations.
    elapsed time = 00:00:05, memory = 1606.73 (MB).
    Completing 30% with 8546 violations.
    elapsed time = 00:00:08, memory = 1605.69 (MB).
    Completing 40% with 8546 violations.
    elapsed time = 00:00:11, memory = 1626.06 (MB).
    Completing 50% with 8546 violations.
    elapsed time = 00:00:14, memory = 1643.33 (MB).
    Completing 60% with 6187 violations.
    elapsed time = 00:00:20, memory = 1644.88 (MB).
    Completing 70% with 6187 violations.
    elapsed time = 00:00:22, memory = 1645.91 (MB).
    Completing 80% with 3883 violations.
    elapsed time = 00:00:26, memory = 1647.97 (MB).
    Completing 90% with 3883 violations.
    elapsed time = 00:00:30, memory = 1648.75 (MB).
    Completing 100% with 1766 violations.
    elapsed time = 00:00:35, memory = 1627.74 (MB).
[INFO DRT-0199]   Number of violations = 1766.
Viol/Layer      metal1   via1 metal2 metal3 metal4   via4 metal5
Cut Spacing          0      3      0      0      0      2      0
Metal Spacing        7      0    393      4      0      0      0
Short                0      0   1224    120      6      0      7
[INFO DRT-0267] cpu time = 00:07:05, elapsed time = 00:00:36, memory = 1633.66 (MB), peak = 1650.81 (MB)
Total wire length = 263955 um.
Total wire length on LAYER metal1 = 0 um.
Total wire length on LAYER metal2 = 82241 um.
Total wire length on LAYER metal3 = 94105 um.
Total wire length on LAYER metal4 = 42133 um.
Total wire length on LAYER metal5 = 27577 um.
Total wire length on LAYER metal6 = 13796 um.
Total wire length on LAYER metal7 = 2102 um.
Total wire length on LAYER metal8 = 408 um.
Total wire length on LAYER metal9 = 1422 um.
Total wire length on LAYER metal10 = 168 um.
Total number of vias = 121515.
Up-via summary (total 121515):.

-----------------
 active         0
 metal1     57251
 metal2     51462
 metal3      7903
 metal4      3278
 metal5      1248
 metal6       189
 metal7        96
 metal8        82
 metal9         6
-----------------
           121515


[INFO DRT-0195] Start 2nd optimization iteration.
    Completing 10% with 1766 violations.
    elapsed time = 00:00:01, memory = 1642.43 (MB).
    Completing 20% with 1766 violations.
    elapsed time = 00:00:05, memory = 1646.30 (MB).
    Completing 30% with 1707 violations.
    elapsed time = 00:00:09, memory = 1646.30 (MB).
    Completing 40% with 1707 violations.
    elapsed time = 00:00:12, memory = 1650.16 (MB).
    Completing 50% with 1707 violations.
    elapsed time = 00:00:15, memory = 1651.20 (MB).
    Completing 60% with 1571 violations.
    elapsed time = 00:00:18, memory = 1651.20 (MB).
    Completing 70% with 1571 violations.
    elapsed time = 00:00:21, memory = 1651.20 (MB).
    Completing 80% with 1471 violations.
    elapsed time = 00:00:25, memory = 1652.48 (MB).
    Completing 90% with 1471 violations.
    elapsed time = 00:00:28, memory = 1652.48 (MB).
    Completing 100% with 1422 violations.
    elapsed time = 00:00:31, memory = 1652.48 (MB).
[INFO DRT-0199]   Number of violations = 1422.
Viol/Layer        via1 metal2   via2 metal3 metal4   via4 metal5
Cut Spacing          4      0      3      0      0     11      0
Metal Spacing        0    228      0      9      2      0      0
Short                0   1045      0    112      2      0      6
[INFO DRT-0267] cpu time = 00:05:57, elapsed time = 00:00:32, memory = 1655.32 (MB), peak = 1655.32 (MB)
Total wire length = 263346 um.
Total wire length on LAYER metal1 = 0 um.
Total wire length on LAYER metal2 = 82094 um.
Total wire length on LAYER metal3 = 93801 um.
Total wire length on LAYER metal4 = 42124 um.
Total wire length on LAYER metal5 = 27599 um.
Total wire length on LAYER metal6 = 13729 um.
Total wire length on LAYER metal7 = 2041 um.
Total wire length on LAYER metal8 = 400 um.
Total wire length on LAYER metal9 = 1388 um.
Total wire length on LAYER metal10 = 168 um.
Total number of vias = 121153.
Up-via summary (total 121153):.

-----------------
 active         0
 metal1     57251
 metal2     51228
 metal3      7842
 metal4      3262
 metal5      1223
 metal6       179
 metal7        88
 metal8        74
 metal9         6
-----------------
           121153


[INFO DRT-0195] Start 3rd optimization iteration.
    Completing 10% with 1422 violations.
    elapsed time = 00:00:00, memory = 1655.84 (MB).
    Completing 20% with 1422 violations.
    elapsed time = 00:00:00, memory = 1655.84 (MB).
    Completing 30% with 1099 violations.
    elapsed time = 00:00:03, memory = 1655.84 (MB).
    Completing 40% with 1099 violations.
    elapsed time = 00:00:04, memory = 1655.84 (MB).
    Completing 50% with 1099 violations.
    elapsed time = 00:00:06, memory = 1668.21 (MB).
    Completing 60% with 763 violations.
    elapsed time = 00:00:09, memory = 1669.24 (MB).
    Completing 70% with 763 violations.
    elapsed time = 00:00:10, memory = 1669.24 (MB).
    Completing 80% with 471 violations.
    elapsed time = 00:00:12, memory = 1672.08 (MB).
    Completing 90% with 471 violations.
    elapsed time = 00:00:13, memory = 1675.95 (MB).
    Completing 100% with 84 violations.
    elapsed time = 00:00:19, memory = 1682.85 (MB).
[INFO DRT-0199]   Number of violations = 84.
Viol/Layer      metal2   via2 metal3   via4
Cut Spacing          0      3      0      1
Metal Spacing        7      0      7      0
Short               58      0      8      0
[INFO DRT-0267] cpu time = 00:02:35, elapsed time = 00:00:19, memory = 1682.85 (MB), peak = 1689.87 (MB)
Total wire length = 263431 um.
Total wire length on LAYER metal1 = 0 um.
Total wire length on LAYER metal2 = 81268 um.
Total wire length on LAYER metal3 = 94232 um.
Total wire length on LAYER metal4 = 42765 um.
Total wire length on LAYER metal5 = 27479 um.
Total wire length on LAYER metal6 = 13691 um.
Total wire length on LAYER metal7 = 2042 um.
Total wire length on LAYER metal8 = 395 um.
Total wire length on LAYER metal9 = 1388 um.
Total wire length on LAYER metal10 = 168 um.
Total number of vias = 122253.
Up-via summary (total 122253):.

-----------------
 active         0
 metal1     57251
 metal2     52068
 metal3      8116
 metal4      3256
 metal5      1215
 metal6       179
 metal7        88
 metal8        74
 metal9         6
-----------------
           122253


[INFO DRT-0195] Start 4th optimization iteration.
    Completing 10% with 84 violations.
    elapsed time = 00:00:00, memory = 1682.85 (MB).
    Completing 20% with 84 violations.
    elapsed time = 00:00:00, memory = 1682.85 (MB).
    Completing 30% with 84 violations.
    elapsed time = 00:00:00, memory = 1682.85 (MB).
    Completing 40% with 84 violations.
    elapsed time = 00:00:00, memory = 1682.85 (MB).
    Completing 50% with 84 violations.
    elapsed time = 00:00:00, memory = 1682.85 (MB).
    Completing 60% with 44 violations.
    elapsed time = 00:00:00, memory = 1682.85 (MB).
    Completing 70% with 44 violations.
    elapsed time = 00:00:00, memory = 1682.85 (MB).
    Completing 80% with 38 violations.
    elapsed time = 00:00:01, memory = 1682.85 (MB).
    Completing 90% with 38 violations.
    elapsed time = 00:00:01, memory = 1682.85 (MB).
    Completing 100% with 0 violations.
    elapsed time = 00:00:02, memory = 1683.62 (MB).
[INFO DRT-0199]   Number of violations = 0.
[INFO DRT-0267] cpu time = 00:00:09, elapsed time = 00:00:02, memory = 1683.62 (MB), peak = 1689.87 (MB)
Total wire length = 263430 um.
Total wire length on LAYER metal1 = 0 um.
Total wire length on LAYER metal2 = 81252 um.
Total wire length on LAYER metal3 = 94246 um.
Total wire length on LAYER metal4 = 42778 um.
Total wire length on LAYER metal5 = 27466 um.
Total wire length on LAYER metal6 = 13691 um.
Total wire length on LAYER metal7 = 2042 um.
Total wire length on LAYER metal8 = 395 um.
Total wire length on LAYER metal9 = 1388 um.
Total wire length on LAYER metal10 = 168 um.
Total number of vias = 122278.
Up-via summary (total 122278):.

-----------------
 active         0
 metal1     57251
 metal2     52091
 metal3      8122
 metal4      3252
 metal5      1215
 metal6       179
 metal7        88
 metal8        74
 metal9         6
-----------------
           122278


[INFO DRT-0198] Complete detail routing.
Total wire length = 263430 um.
Total wire length on LAYER metal1 = 0 um.
Total wire length on LAYER metal2 = 81252 um.
Total wire length on LAYER metal3 = 94246 um.
Total wire length on LAYER metal4 = 42778 um.
Total wire length on LAYER metal5 = 27466 um.
Total wire length on LAYER metal6 = 13691 um.
Total wire length on LAYER metal7 = 2042 um.
Total wire length on LAYER metal8 = 395 um.
Total wire length on LAYER metal9 = 1388 um.
Total wire length on LAYER metal10 = 168 um.
Total number of vias = 122278.
Up-via summary (total 122278):.

-----------------
 active         0
 metal1     57251
 metal2     52091
 metal3      8122
 metal4      3252
 metal5      1215
 metal6       179
 metal7        88
 metal8        74
 metal9         6
-----------------
           122278


[INFO DRT-0267] cpu time = 00:24:58, elapsed time = 00:02:19, memory = 1683.62 (MB), peak = 1689.87 (MB)

[INFO DRT-0180] Post processing.
Elapsed time: 2:42.96[h:]min:sec. CPU time: user 1725.67 sys 0.99 (1059%). Peak memory: 1730424KB.
