OpenROAD autotuner-v1-2861-g832b18e7 
This program is licensed under the BSD-3 license. See the LICENSE file for details.
Components of this program may be licensed under more restrictive licenses which must be honored.
[INFO ORD-0030] Using 16 thread(s).
detailed_route arguments: -bottom_routing_layer metal2 -top_routing_layer metal10 -save_guide_updates -verbose 1 -drc_report_iter_step 5
[INFO DRT-0149] Reading tech and libs.

Units:                2000
Number of layers:     21
Number of macros:     135
Number of vias:       27
Number of viarulegen: 19

[INFO DRT-0150] Reading design.

Design:                   jpeg_encoder
Die area:                 ( 0 0 ) ( 937700 937700 )
Number of track patterns: 20
Number of DEF vias:       0
Number of components:     122867
Number of terminals:      47
Number of snets:          2
Number of nets:           71949

[INFO DRT-0167] List of default vias:
  Layer via2
    default via: via2_5
  Layer via3
    default via: via3_2
  Layer via4
    default via: via4_0
  Layer via5
    default via: via5_0
  Layer via6
    default via: via6_0
  Layer via7
    default via: via7_0
  Layer via8
    default via: via8_0
  Layer via9
    default via: via9_0
[INFO DRT-0162] Library cell analysis.
[INFO DRT-0163] Instance analysis.
  Complete 10000 instances.
  Complete 20000 instances.
  Complete 30000 instances.
  Complete 40000 instances.
  Complete 50000 instances.
  Complete 60000 instances.
  Complete 70000 instances.
  Complete 80000 instances.
  Complete 90000 instances.
  Complete 100000 instances.
[INFO DRT-0164] Number of unique instances = 134.
[INFO DRT-0168] Init region query.
[INFO DRT-0018]   Complete 10000 insts.
[INFO DRT-0018]   Complete 20000 insts.
[INFO DRT-0018]   Complete 30000 insts.
[INFO DRT-0018]   Complete 40000 insts.
[INFO DRT-0018]   Complete 50000 insts.
[INFO DRT-0018]   Complete 60000 insts.
[INFO DRT-0018]   Complete 70000 insts.
[INFO DRT-0018]   Complete 80000 insts.
[INFO DRT-0018]   Complete 90000 insts.
[INFO DRT-0019]   Complete 100000 insts.
[INFO DRT-0024]   Complete active.
[INFO DRT-0024]   Complete Fr_VIA.
[INFO DRT-0024]   Complete metal1.
[INFO DRT-0024]   Complete via1.
[INFO DRT-0024]   Complete metal2.
[INFO DRT-0024]   Complete via2.
[INFO DRT-0024]   Complete metal3.
[INFO DRT-0024]   Complete via3.
[INFO DRT-0024]   Complete metal4.
[INFO DRT-0024]   Complete via4.
[INFO DRT-0024]   Complete metal5.
[INFO DRT-0024]   Complete via5.
[INFO DRT-0024]   Complete metal6.
[INFO DRT-0024]   Complete via6.
[INFO DRT-0024]   Complete metal7.
[INFO DRT-0024]   Complete via7.
[INFO DRT-0024]   Complete metal8.
[INFO DRT-0024]   Complete via8.
[INFO DRT-0024]   Complete metal9.
[INFO DRT-0024]   Complete via9.
[INFO DRT-0024]   Complete metal10.
[INFO DRT-0033] active shape region query size = 0.
[INFO DRT-0033] FR_VIA shape region query size = 0.
[INFO DRT-0033] metal1 shape region query size = 1206189.
[INFO DRT-0033] via1 shape region query size = 8517.
[INFO DRT-0033] metal2 shape region query size = 5678.
[INFO DRT-0033] via2 shape region query size = 8517.
[INFO DRT-0033] metal3 shape region query size = 5678.
[INFO DRT-0033] via3 shape region query size = 8517.
[INFO DRT-0033] metal4 shape region query size = 3120.
[INFO DRT-0033] via4 shape region query size = 2640.
[INFO DRT-0033] metal5 shape region query size = 543.
[INFO DRT-0033] via5 shape region query size = 2640.
[INFO DRT-0033] metal6 shape region query size = 560.
[INFO DRT-0033] via6 shape region query size = 1056.
[INFO DRT-0033] metal7 shape region query size = 295.
[INFO DRT-0033] via7 shape region query size = 0.
[INFO DRT-0033] metal8 shape region query size = 0.
[INFO DRT-0033] via8 shape region query size = 0.
[INFO DRT-0033] metal9 shape region query size = 0.
[INFO DRT-0033] via9 shape region query size = 0.
[INFO DRT-0033] metal10 shape region query size = 0.
[INFO DRT-0165] Start pin access.
[INFO DRT-0076]   Complete 100 pins.
[INFO DRT-0076]   Complete 200 pins.
[INFO DRT-0076]   Complete 300 pins.
[INFO DRT-0076]   Complete 400 pins.
[INFO DRT-0078]   Complete 424 pins.
[INFO DRT-0079]   Complete 100 unique inst patterns.
[INFO DRT-0081]   Complete 118 unique inst patterns.
[INFO DRT-0082]   Complete 1000 groups.
[INFO DRT-0082]   Complete 2000 groups.
[INFO DRT-0082]   Complete 3000 groups.
[INFO DRT-0082]   Complete 4000 groups.
[INFO DRT-0082]   Complete 5000 groups.
[INFO DRT-0082]   Complete 6000 groups.
[INFO DRT-0082]   Complete 7000 groups.
[INFO DRT-0082]   Complete 8000 groups.
[INFO DRT-0082]   Complete 9000 groups.
[INFO DRT-0083]   Complete 10000 groups.
[INFO DRT-0083]   Complete 20000 groups.
[INFO DRT-0083]   Complete 30000 groups.
[INFO DRT-0084]   Complete 32532 groups.
#scanned instances     = 122867
#unique  instances     = 134
#stdCellGenAp          = 4035
#stdCellValidPlanarAp  = 0
#stdCellValidViaAp     = 2900
#stdCellPinNoAp        = 0
#stdCellPinCnt         = 184391
#instTermValidViaApCnt = 0
#macroGenAp            = 0
#macroValidPlanarAp    = 0
#macroValidViaAp       = 0
#macroNoAp             = 0
[INFO DRT-0166] Complete pin access.
[INFO DRT-0267] cpu time = 00:07:03, elapsed time = 00:00:27, memory = 430.68 (MB), peak = 450.93 (MB)
[INFO DRT-0156] guideIn read 100000 guides.
[INFO DRT-0156] guideIn read 200000 guides.
[INFO DRT-0156] guideIn read 300000 guides.
[INFO DRT-0156] guideIn read 400000 guides.

Number of guides:     408693

[INFO DRT-0169] Post process guides.
[INFO DRT-0176] GCELLGRID X 0 DO 223 STEP 4200 ;
[INFO DRT-0177] GCELLGRID Y 0 DO 223 STEP 4200 ;
[INFO DRT-0026]   Complete 10000 origin guides.
[INFO DRT-0026]   Complete 20000 origin guides.
[INFO DRT-0026]   Complete 30000 origin guides.
[INFO DRT-0026]   Complete 40000 origin guides.
[INFO DRT-0026]   Complete 50000 origin guides.
[INFO DRT-0026]   Complete 60000 origin guides.
[INFO DRT-0026]   Complete 70000 origin guides.
[INFO DRT-0026]   Complete 80000 origin guides.
[INFO DRT-0026]   Complete 90000 origin guides.
[INFO DRT-0027]   Complete 100000 origin guides.
[INFO DRT-0027]   Complete 200000 origin guides.
[INFO DRT-0027]   Complete 300000 origin guides.
[INFO DRT-0027]   Complete 400000 origin guides.
[INFO DRT-0028]   Complete active.
[INFO DRT-0028]   Complete Fr_VIA.
[INFO DRT-0028]   Complete metal1.
[INFO DRT-0028]   Complete via1.
[INFO DRT-0028]   Complete metal2.
[INFO DRT-0028]   Complete via2.
[INFO DRT-0028]   Complete metal3.
[INFO DRT-0028]   Complete via3.
[INFO DRT-0028]   Complete metal4.
[INFO DRT-0028]   Complete via4.
[INFO DRT-0028]   Complete metal5.
[INFO DRT-0028]   Complete via5.
[INFO DRT-0028]   Complete metal6.
[INFO DRT-0028]   Complete via6.
[INFO DRT-0028]   Complete metal7.
[INFO DRT-0028]   Complete via7.
[INFO DRT-0028]   Complete metal8.
[INFO DRT-0028]   Complete via8.
[INFO DRT-0028]   Complete metal9.
[INFO DRT-0028]   Complete via9.
[INFO DRT-0028]   Complete metal10.
  complete 10000 nets.
  complete 20000 nets.
  complete 30000 nets.
  complete 40000 nets.
  complete 50000 nets.
  complete 60000 nets.
[INFO DRT-0178] Init guide query.
[INFO DRT-0029]   Complete 10000 nets (guide).
[INFO DRT-0029]   Complete 20000 nets (guide).
[INFO DRT-0029]   Complete 30000 nets (guide).
[INFO DRT-0029]   Complete 40000 nets (guide).
[INFO DRT-0029]   Complete 50000 nets (guide).
[INFO DRT-0029]   Complete 60000 nets (guide).
[INFO DRT-0029]   Complete 70000 nets (guide).
[INFO DRT-0035]   Complete active (guide).
[INFO DRT-0035]   Complete Fr_VIA (guide).
[INFO DRT-0035]   Complete metal1 (guide).
[INFO DRT-0035]   Complete via1 (guide).
[INFO DRT-0035]   Complete metal2 (guide).
[INFO DRT-0035]   Complete via2 (guide).
[INFO DRT-0035]   Complete metal3 (guide).
[INFO DRT-0035]   Complete via3 (guide).
[INFO DRT-0035]   Complete metal4 (guide).
[INFO DRT-0035]   Complete via4 (guide).
[INFO DRT-0035]   Complete metal5 (guide).
[INFO DRT-0035]   Complete via5 (guide).
[INFO DRT-0035]   Complete metal6 (guide).
[INFO DRT-0035]   Complete via6 (guide).
[INFO DRT-0035]   Complete metal7 (guide).
[INFO DRT-0035]   Complete via7 (guide).
[INFO DRT-0035]   Complete metal8 (guide).
[INFO DRT-0035]   Complete via8 (guide).
[INFO DRT-0035]   Complete metal9 (guide).
[INFO DRT-0035]   Complete via9 (guide).
[INFO DRT-0035]   Complete metal10 (guide).
[INFO DRT-0036] active guide region query size = 0.
[INFO DRT-0036] FR_VIA guide region query size = 0.
[INFO DRT-0036] metal1 guide region query size = 151319.
[INFO DRT-0036] via1 guide region query size = 0.
[INFO DRT-0036] metal2 guide region query size = 112213.
[INFO DRT-0036] via2 guide region query size = 0.
[INFO DRT-0036] metal3 guide region query size = 57319.
[INFO DRT-0036] via3 guide region query size = 0.
[INFO DRT-0036] metal4 guide region query size = 4089.
[INFO DRT-0036] via4 guide region query size = 0.
[INFO DRT-0036] metal5 guide region query size = 826.
[INFO DRT-0036] via5 guide region query size = 0.
[INFO DRT-0036] metal6 guide region query size = 118.
[INFO DRT-0036] via6 guide region query size = 0.
[INFO DRT-0036] metal7 guide region query size = 2.
[INFO DRT-0036] via7 guide region query size = 0.
[INFO DRT-0036] metal8 guide region query size = 0.
[INFO DRT-0036] via8 guide region query size = 0.
[INFO DRT-0036] metal9 guide region query size = 0.
[INFO DRT-0036] via9 guide region query size = 0.
[INFO DRT-0036] metal10 guide region query size = 0.
[INFO DRT-0179] Init gr pin query.
[INFO DRT-0185] Post process initialize RPin region query.
[INFO DRT-0181] Start track assignment.
[INFO DRT-0184] Done with 116420 vertical wires in 5 frboxes and 209466 horizontal wires in 5 frboxes.
[INFO DRT-0186] Done with 24520 vertical wires in 5 frboxes and 30290 horizontal wires in 5 frboxes.
[INFO DRT-0182] Complete track assignment.
[INFO DRT-0267] cpu time = 00:00:19, elapsed time = 00:00:05, memory = 1461.11 (MB), peak = 1461.11 (MB)
[INFO DRT-0187] Start routing data preparation.
[INFO DRT-0267] cpu time = 00:00:00, elapsed time = 00:00:00, memory = 1461.11 (MB), peak = 1461.11 (MB)
[INFO DRT-0194] Start detail routing.
[INFO DRT-0195] Start 0th optimization iteration.
    Completing 10% with 0 violations.
    elapsed time = 00:00:03, memory = 1674.60 (MB).
    Completing 20% with 0 violations.
    elapsed time = 00:00:09, memory = 1938.99 (MB).
    Completing 30% with 1317 violations.
    elapsed time = 00:00:13, memory = 2042.21 (MB).
    Completing 40% with 1317 violations.
    elapsed time = 00:00:19, memory = 2094.39 (MB).
    Completing 50% with 1317 violations.
    elapsed time = 00:00:25, memory = 2236.50 (MB).
    Completing 60% with 3035 violations.
    elapsed time = 00:00:31, memory = 2274.60 (MB).
    Completing 70% with 3035 violations.
    elapsed time = 00:00:37, memory = 2323.13 (MB).
    Completing 80% with 4683 violations.
    elapsed time = 00:00:42, memory = 2375.69 (MB).
    Completing 90% with 4683 violations.
    elapsed time = 00:00:49, memory = 2390.74 (MB).
    Completing 100% with 6558 violations.
    elapsed time = 00:00:56, memory = 2417.03 (MB).
[INFO DRT-0199]   Number of violations = 15804.
Viol/Layer      metal1   via1 metal2   via2 metal3   via3 metal4   via4 metal5 metal6
Cut Spacing          0     32      0     55      0      9      0      1      0      0
Metal Spacing      634      0    808      0     11      0      0      0      0      0
Recheck              4      0   6355      0   2727      0    142      0     16      2
Short                9      3   4546      5    438      0      4      0      3      0
[INFO DRT-0267] cpu time = 00:13:39, elapsed time = 00:00:58, memory = 2835.00 (MB), peak = 2835.00 (MB)
Total wire length = 553070 um.
Total wire length on LAYER metal1 = 0 um.
Total wire length on LAYER metal2 = 214725 um.
Total wire length on LAYER metal3 = 237861 um.
Total wire length on LAYER metal4 = 67053 um.
Total wire length on LAYER metal5 = 27578 um.
Total wire length on LAYER metal6 = 5565 um.
Total wire length on LAYER metal7 = 286 um.
Total wire length on LAYER metal8 = 0 um.
Total wire length on LAYER metal9 = 0 um.
Total wire length on LAYER metal10 = 0 um.
Total number of vias = 309676.
Up-via summary (total 309676):.

-----------------
 active         0
 metal1    180369
 metal2    121814
 metal3      6024
 metal4      1281
 metal5       184
 metal6         4
 metal7         0
 metal8         0
 metal9         0
-----------------
           309676


[INFO DRT-0195] Start 1st optimization iteration.
    Completing 10% with 15804 violations.
    elapsed time = 00:00:03, memory = 2842.73 (MB).
    Completing 20% with 15804 violations.
    elapsed time = 00:00:08, memory = 2844.54 (MB).
    Completing 30% with 12640 violations.
    elapsed time = 00:00:11, memory = 2851.76 (MB).
    Completing 40% with 12640 violations.
    elapsed time = 00:00:17, memory = 2858.20 (MB).
    Completing 50% with 12640 violations.
    elapsed time = 00:00:21, memory = 2861.55 (MB).
    Completing 60% with 8669 violations.
    elapsed time = 00:00:26, memory = 2871.35 (MB).
    Completing 70% with 8669 violations.
    elapsed time = 00:00:32, memory = 2872.12 (MB).
    Completing 80% with 5647 violations.
    elapsed time = 00:00:36, memory = 2887.85 (MB).
    Completing 90% with 5647 violations.
    elapsed time = 00:00:41, memory = 2893.52 (MB).
    Completing 100% with 1679 violations.
    elapsed time = 00:00:47, memory = 2897.91 (MB).
[INFO DRT-0199]   Number of violations = 1679.
Viol/Layer      metal1   via1 metal2   via2 metal3
Cut Spacing          0      2      0      5      0
Metal Spacing        8      0    331      0      6
Short                0      0   1241      0     86
[INFO DRT-0267] cpu time = 00:11:24, elapsed time = 00:00:49, memory = 2907.45 (MB), peak = 2907.45 (MB)
Total wire length = 549326 um.
Total wire length on LAYER metal1 = 0 um.
Total wire length on LAYER metal2 = 213404 um.
Total wire length on LAYER metal3 = 236012 um.
Total wire length on LAYER metal4 = 66664 um.
Total wire length on LAYER metal5 = 27421 um.
Total wire length on LAYER metal6 = 5536 um.
Total wire length on LAYER metal7 = 286 um.
Total wire length on LAYER metal8 = 0 um.
Total wire length on LAYER metal9 = 0 um.
Total wire length on LAYER metal10 = 0 um.
Total number of vias = 307656.
Up-via summary (total 307656):.

-----------------
 active         0
 metal1    180347
 metal2    120051
 metal3      5851
 metal4      1225
 metal5       178
 metal6         4
 metal7         0
 metal8         0
 metal9         0
-----------------
           307656


[INFO DRT-0195] Start 2nd optimization iteration.
    Completing 10% with 1679 violations.
    elapsed time = 00:00:01, memory = 2907.45 (MB).
    Completing 20% with 1679 violations.
    elapsed time = 00:00:04, memory = 2911.05 (MB).
    Completing 30% with 1539 violations.
    elapsed time = 00:00:06, memory = 2911.05 (MB).
    Completing 40% with 1539 violations.
    elapsed time = 00:00:11, memory = 2911.05 (MB).
    Completing 50% with 1539 violations.
    elapsed time = 00:00:13, memory = 2911.05 (MB).
    Completing 60% with 1243 violations.
    elapsed time = 00:00:17, memory = 2911.05 (MB).
    Completing 70% with 1243 violations.
    elapsed time = 00:00:20, memory = 2911.57 (MB).
    Completing 80% with 1122 violations.
    elapsed time = 00:00:22, memory = 2911.57 (MB).
    Completing 90% with 1122 violations.
    elapsed time = 00:00:26, memory = 2911.57 (MB).
    Completing 100% with 970 violations.
    elapsed time = 00:00:30, memory = 2911.57 (MB).
[INFO DRT-0199]   Number of violations = 970.
Viol/Layer      metal1 metal2   via2 metal3   via3
Cut Spacing          0      0      2      0      1
Metal Spacing        8    184      0      3      0
Short                0    743      0     29      0
[INFO DRT-0267] cpu time = 00:07:08, elapsed time = 00:00:31, memory = 2920.34 (MB), peak = 2920.34 (MB)
Total wire length = 548612 um.
Total wire length on LAYER metal1 = 0 um.
Total wire length on LAYER metal2 = 213116 um.
Total wire length on LAYER metal3 = 235601 um.
Total wire length on LAYER metal4 = 66653 um.
Total wire length on LAYER metal5 = 27416 um.
Total wire length on LAYER metal6 = 5537 um.
Total wire length on LAYER metal7 = 286 um.
Total wire length on LAYER metal8 = 0 um.
Total wire length on LAYER metal9 = 0 um.
Total wire length on LAYER metal10 = 0 um.
Total number of vias = 307370.
Up-via summary (total 307370):.

-----------------
 active         0
 metal1    180346
 metal2    119784
 metal3      5845
 metal4      1213
 metal5       178
 metal6         4
 metal7         0
 metal8         0
 metal9         0
-----------------
           307370


[INFO DRT-0195] Start 3rd optimization iteration.
    Completing 10% with 970 violations.
    elapsed time = 00:00:00, memory = 2920.34 (MB).
    Completing 20% with 970 violations.
    elapsed time = 00:00:01, memory = 2920.34 (MB).
    Completing 30% with 743 violations.
    elapsed time = 00:00:02, memory = 2920.34 (MB).
    Completing 40% with 743 violations.
    elapsed time = 00:00:03, memory = 2920.34 (MB).
    Completing 50% with 743 violations.
    elapsed time = 00:00:05, memory = 2920.34 (MB).
    Completing 60% with 474 violations.
    elapsed time = 00:00:05, memory = 2920.34 (MB).
    Completing 70% with 474 violations.
    elapsed time = 00:00:06, memory = 2920.34 (MB).
    Completing 80% with 233 violations.
    elapsed time = 00:00:07, memory = 2920.34 (MB).
    Completing 90% with 233 violations.
    elapsed time = 00:00:09, memory = 2920.34 (MB).
    Completing 100% with 15 violations.
    elapsed time = 00:00:10, memory = 2920.34 (MB).
[INFO DRT-0199]   Number of violations = 15.
Viol/Layer      metal2 metal3
Metal Spacing        2      1
Short               12      0
[INFO DRT-0267] cpu time = 00:01:57, elapsed time = 00:00:10, memory = 2920.34 (MB), peak = 2920.34 (MB)
Total wire length = 548701 um.
Total wire length on LAYER metal1 = 0 um.
Total wire length on LAYER metal2 = 212422 um.
Total wire length on LAYER metal3 = 236023 um.
Total wire length on LAYER metal4 = 67028 um.
Total wire length on LAYER metal5 = 27403 um.
Total wire length on LAYER metal6 = 5536 um.
Total wire length on LAYER metal7 = 286 um.
Total wire length on LAYER metal8 = 0 um.
Total wire length on LAYER metal9 = 0 um.
Total wire length on LAYER metal10 = 0 um.
Total number of vias = 308519.
Up-via summary (total 308519):.

-----------------
 active         0
 metal1    180346
 metal2    120756
 metal3      6023
 metal4      1214
 metal5       176
 metal6         4
 metal7         0
 metal8         0
 metal9         0
-----------------
           308519


[INFO DRT-0195] Start 4th optimization iteration.
    Completing 10% with 15 violations.
    elapsed time = 00:00:00, memory = 2920.34 (MB).
    Completing 20% with 15 violations.
    elapsed time = 00:00:00, memory = 2920.34 (MB).
    Completing 30% with 14 violations.
    elapsed time = 00:00:00, memory = 2920.34 (MB).
    Completing 40% with 14 violations.
    elapsed time = 00:00:00, memory = 2920.34 (MB).
    Completing 50% with 14 violations.
    elapsed time = 00:00:00, memory = 2920.34 (MB).
    Completing 60% with 13 violations.
    elapsed time = 00:00:00, memory = 2920.34 (MB).
    Completing 70% with 13 violations.
    elapsed time = 00:00:00, memory = 2920.34 (MB).
    Completing 80% with 7 violations.
    elapsed time = 00:00:00, memory = 2920.34 (MB).
    Completing 90% with 7 violations.
    elapsed time = 00:00:00, memory = 2920.34 (MB).
    Completing 100% with 0 violations.
    elapsed time = 00:00:00, memory = 2920.34 (MB).
[INFO DRT-0199]   Number of violations = 0.
[INFO DRT-0267] cpu time = 00:00:02, elapsed time = 00:00:00, memory = 2920.34 (MB), peak = 2920.34 (MB)
Total wire length = 548698 um.
Total wire length on LAYER metal1 = 0 um.
Total wire length on LAYER metal2 = 212403 um.
Total wire length on LAYER metal3 = 236029 um.
Total wire length on LAYER metal4 = 67040 um.
Total wire length on LAYER metal5 = 27403 um.
Total wire length on LAYER metal6 = 5536 um.
Total wire length on LAYER metal7 = 286 um.
Total wire length on LAYER metal8 = 0 um.
Total wire length on LAYER metal9 = 0 um.
Total wire length on LAYER metal10 = 0 um.
Total number of vias = 308532.
Up-via summary (total 308532):.

-----------------
 active         0
 metal1    180346
 metal2    120766
 metal3      6026
 metal4      1214
 metal5       176
 metal6         4
 metal7         0
 metal8         0
 metal9         0
-----------------
           308532


[INFO DRT-0198] Complete detail routing.
Total wire length = 548698 um.
Total wire length on LAYER metal1 = 0 um.
Total wire length on LAYER metal2 = 212403 um.
Total wire length on LAYER metal3 = 236029 um.
Total wire length on LAYER metal4 = 67040 um.
Total wire length on LAYER metal5 = 27403 um.
Total wire length on LAYER metal6 = 5536 um.
Total wire length on LAYER metal7 = 286 um.
Total wire length on LAYER metal8 = 0 um.
Total wire length on LAYER metal9 = 0 um.
Total wire length on LAYER metal10 = 0 um.
Total number of vias = 308532.
Up-via summary (total 308532):.

-----------------
 active         0
 metal1    180346
 metal2    120766
 metal3      6026
 metal4      1214
 metal5       176
 metal6         4
 metal7         0
 metal8         0
 metal9         0
-----------------
           308532


[INFO DRT-0267] cpu time = 00:34:11, elapsed time = 00:02:31, memory = 2920.34 (MB), peak = 2920.34 (MB)

[INFO DRT-0180] Post processing.
Elapsed time: 3:06.88[h:]min:sec. CPU time: user 2495.54 sys 1.45 (1336%). Peak memory: 2990864KB.
