OpenROAD v2.0-11432-gead3236e5 
This program is licensed under the BSD-3 license. See the LICENSE file for details.
Components of this program may be licensed under more restrictive licenses which must be honored.

==========================================================================
resizer pre report_design_area
--------------------------------------------------------------------------
Design area 73 u^2 33% utilization.

==========================================================================
instance_count
--------------------------------------------------------------------------
658

==========================================================================
pin_count
--------------------------------------------------------------------------
1939

Perform port buffering...
[INFO RSZ-0027] Inserted 28 input buffers.
[INFO RSZ-0028] Inserted 15 output buffers.
Perform buffer insertion...
[INFO RSZ-0058] Using max wire length 192um.
[INFO RSZ-0039] Resized 78 instances.
Repair tie lo fanout...
Repair tie hi fanout...

==========================================================================
report_floating_nets
--------------------------------------------------------------------------

==========================================================================
resizer report_design_area
--------------------------------------------------------------------------
Design area 79 u^2 36% utilization.

==========================================================================
instance_count
--------------------------------------------------------------------------
701

==========================================================================
pin_count
--------------------------------------------------------------------------
2025

Elapsed time: 0:01.04[h:]min:sec. CPU time: user 1.00 sys 0.04 (100%). Peak memory: 195492KB.
