OpenROAD v2.0-11432-gead3236e5 
This program is licensed under the BSD-3 license. See the LICENSE file for details.
Components of this program may be licensed under more restrictive licenses which must be honored.
Warning: There is 1 unconstrained endpoint.

==========================================================================
resizer pre report_design_area
--------------------------------------------------------------------------
Design area 629969 u^2 51% utilization.

==========================================================================
instance_count
--------------------------------------------------------------------------
61457

==========================================================================
pin_count
--------------------------------------------------------------------------
164362

Perform port buffering...
[INFO RSZ-0027] Inserted 19 input buffers.
[INFO RSZ-0028] Inserted 26 output buffers.
Perform buffer insertion...
[INFO RSZ-0058] Using max wire length 2083um.
[INFO RSZ-0034] Found 7897 slew violations.
[INFO RSZ-0036] Found 25 capacitance violations.
[INFO RSZ-0037] Found 1 long wires.
[INFO RSZ-0038] Inserted 260 buffers in 7899 nets.
[INFO RSZ-0039] Resized 5255 instances.
Repair tie lo fanout...
[INFO RSZ-0042] Inserted 1 tie sky130_fd_sc_hs__conb_1 instances.
Repair tie hi fanout...

==========================================================================
report_floating_nets
--------------------------------------------------------------------------
Warning: There is 1 unconstrained endpoint.

==========================================================================
resizer report_design_area
--------------------------------------------------------------------------
Design area 683783 u^2 55% utilization.

==========================================================================
instance_count
--------------------------------------------------------------------------
61762

==========================================================================
pin_count
--------------------------------------------------------------------------
164972

Elapsed time: 0:16.47[h:]min:sec. CPU time: user 16.41 sys 0.06 (99%). Peak memory: 354348KB.
