OpenROAD v2.0-11432-gead3236e5 
This program is licensed under the BSD-3 license. See the LICENSE file for details.
Components of this program may be licensed under more restrictive licenses which must be honored.
[INFO GPL-0002] DBU: 1000
[INFO GPL-0003] SiteSize: 480 3330
[INFO GPL-0004] CoreAreaLxLy: 1440 3330
[INFO GPL-0005] CoreAreaUxUy: 653760 652680
[INFO GPL-0006] NumInstances: 16894
[INFO GPL-0007] NumPlaceInstances: 12363
[INFO GPL-0008] NumFixedInstances: 4531
[INFO GPL-0009] NumDummyInstances: 0
[INFO GPL-0010] NumNets: 13204
[INFO GPL-0011] NumPins: 50361
[INFO GPL-0012] DieAreaLxLy: 0 0
[INFO GPL-0013] DieAreaUxUy: 654975 654975
[INFO GPL-0014] CoreAreaLxLy: 1440 3330
[INFO GPL-0015] CoreAreaUxUy: 653760 652680
[INFO GPL-0016] CoreArea: 423583992000
[INFO GPL-0017] NonPlaceInstsArea: 7242350400
[INFO GPL-0018] PlaceInstsArea: 222339038400
[INFO GPL-0019] Util(%): 53.40
[INFO GPL-0020] StdInstsArea: 222339038400
[INFO GPL-0021] MacroInstsArea: 0
[INFO GPL-0031] FillerInit: NumGCells: 23566
[INFO GPL-0032] FillerInit: NumGNets: 13204
[INFO GPL-0033] FillerInit: NumGPins: 50361
[INFO GPL-0023] TargetDensity: 1.00
[INFO GPL-0024] AveragePlaceInstArea: 17984230
[INFO GPL-0025] IdealBinArea: 17984230
[INFO GPL-0026] IdealBinCnt: 23553
[INFO GPL-0027] TotalBinArea: 423583992000
[INFO GPL-0028] BinCnt: 128 128
[INFO GPL-0029] BinSize: 5097 5074
[INFO GPL-0030] NumBins: 16384
global_placement -density 0.6372242069244385 -pad_left 1 -pad_right 1 -routability_driven -timing_driven
[INFO GPL-0002] DBU: 1000
[INFO GPL-0003] SiteSize: 480 3330
[INFO GPL-0004] CoreAreaLxLy: 1440 3330
[INFO GPL-0005] CoreAreaUxUy: 653760 652680
[INFO GPL-0006] NumInstances: 16894
[INFO GPL-0007] NumPlaceInstances: 12363
[INFO GPL-0008] NumFixedInstances: 4531
[INFO GPL-0009] NumDummyInstances: 0
[INFO GPL-0010] NumNets: 13204
[INFO GPL-0011] NumPins: 50361
[INFO GPL-0012] DieAreaLxLy: 0 0
[INFO GPL-0013] DieAreaUxUy: 654975 654975
[INFO GPL-0014] CoreAreaLxLy: 1440 3330
[INFO GPL-0015] CoreAreaUxUy: 653760 652680
[INFO GPL-0016] CoreArea: 423583992000
[INFO GPL-0017] NonPlaceInstsArea: 7242350400
[INFO GPL-0018] PlaceInstsArea: 222339038400
[INFO GPL-0019] Util(%): 53.40
[INFO GPL-0020] StdInstsArea: 222339038400
[INFO GPL-0021] MacroInstsArea: 0
[InitialPlace]  Iter: 1 CG residual: 0.00064628 HPWL: 550487748
[InitialPlace]  Iter: 2 CG residual: 0.00005013 HPWL: 235641495
[InitialPlace]  Iter: 3 CG residual: 0.00002912 HPWL: 234296136
[InitialPlace]  Iter: 4 CG residual: 0.00001391 HPWL: 233235833
[InitialPlace]  Iter: 5 CG residual: 0.00007233 HPWL: 232031160
[InitialPlace]  Iter: 6 CG residual: 0.00001645 HPWL: 231715826
[InitialPlace]  Iter: 7 CG residual: 0.00000783 HPWL: 231408049
[INFO GPL-0031] FillerInit: NumGCells: 14844
[INFO GPL-0032] FillerInit: NumGNets: 13204
[INFO GPL-0033] FillerInit: NumGPins: 50361
[INFO GPL-0023] TargetDensity: 0.64
[INFO GPL-0024] AveragePlaceInstArea: 17984230
[INFO GPL-0025] IdealBinArea: 28222766
[INFO GPL-0026] IdealBinCnt: 15008
[INFO GPL-0027] TotalBinArea: 423583992000
[INFO GPL-0028] BinCnt: 64 64
[INFO GPL-0029] BinSize: 10193 10147
[INFO GPL-0030] NumBins: 4096
[NesterovSolve] Iter: 1 overflow: 0.984967 HPWL: 153809226
[NesterovSolve] Iter: 10 overflow: 0.929694 HPWL: 219448449
[NesterovSolve] Iter: 20 overflow: 0.906107 HPWL: 237772919
[NesterovSolve] Iter: 30 overflow: 0.895246 HPWL: 243080780
[NesterovSolve] Iter: 40 overflow: 0.89315 HPWL: 245667543
[NesterovSolve] Iter: 50 overflow: 0.88995 HPWL: 247469014
[NesterovSolve] Iter: 60 overflow: 0.889817 HPWL: 249246111
[NesterovSolve] Iter: 70 overflow: 0.888503 HPWL: 250203031
[NesterovSolve] Iter: 80 overflow: 0.889045 HPWL: 249692492
[NesterovSolve] Iter: 90 overflow: 0.890228 HPWL: 248582128
[NesterovSolve] Iter: 100 overflow: 0.891434 HPWL: 248004565
[NesterovSolve] Iter: 110 overflow: 0.892379 HPWL: 248284129
[NesterovSolve] Iter: 120 overflow: 0.892306 HPWL: 249120767
[NesterovSolve] Iter: 130 overflow: 0.89137 HPWL: 250044603
[NesterovSolve] Iter: 140 overflow: 0.891521 HPWL: 250939605
[NesterovSolve] Iter: 150 overflow: 0.890715 HPWL: 252038280
[NesterovSolve] Iter: 160 overflow: 0.889489 HPWL: 254009588
[NesterovSolve] Iter: 170 overflow: 0.887104 HPWL: 257540664
[NesterovSolve] Iter: 180 overflow: 0.883198 HPWL: 262909591
[NesterovSolve] Iter: 190 overflow: 0.877872 HPWL: 270153560
[NesterovSolve] Iter: 200 overflow: 0.867628 HPWL: 280072575
[NesterovSolve] Iter: 210 overflow: 0.85466 HPWL: 293199377
[NesterovSolve] Iter: 220 overflow: 0.835732 HPWL: 308724686
[NesterovSolve] Iter: 230 overflow: 0.806109 HPWL: 325675484
[INFO GPL-0100] worst slack 2.41e-09
[INFO GPL-0103] Weighted 1319 nets.
[NesterovSolve] Iter: 240 overflow: 0.779305 HPWL: 342055684
[NesterovSolve] Iter: 250 overflow: 0.746621 HPWL: 362106548
[NesterovSolve] Iter: 260 overflow: 0.71345 HPWL: 376919303
[NesterovSolve] Iter: 270 overflow: 0.671909 HPWL: 390604923
[INFO GPL-0100] worst slack 2.02e-09
[INFO GPL-0103] Weighted 1319 nets.
[NesterovSolve] Iter: 280 overflow: 0.632606 HPWL: 399584245
[NesterovSolve] Snapshot saved at iter = 287
[NesterovSolve] Iter: 290 overflow: 0.588414 HPWL: 414961274
[NesterovSolve] Iter: 300 overflow: 0.540134 HPWL: 421463287
[NesterovSolve] Iter: 310 overflow: 0.496701 HPWL: 428250727
[INFO GPL-0100] worst slack 2.29e-09
[INFO GPL-0103] Weighted 1319 nets.
[NesterovSolve] Iter: 320 overflow: 0.448442 HPWL: 438871066
[NesterovSolve] Iter: 330 overflow: 0.401802 HPWL: 444386996
[NesterovSolve] Iter: 340 overflow: 0.355407 HPWL: 446257637
[NesterovSolve] Iter: 350 overflow: 0.313459 HPWL: 449632723
[NesterovSolve] Iter: 360 overflow: 0.283805 HPWL: 449892170
[INFO GPL-0100] worst slack 2.01e-09
[INFO GPL-0103] Weighted 1319 nets.
[NesterovSolve] Iter: 370 overflow: 0.255152 HPWL: 451889002
[NesterovSolve] Iter: 380 overflow: 0.223083 HPWL: 453560198
[INFO GPL-0100] worst slack 2.35e-09
[INFO GPL-0103] Weighted 1318 nets.
[NesterovSolve] Iter: 390 overflow: 0.199722 HPWL: 455433649
[INFO GPL-0075] Routability numCall: 1 inflationIterCnt: 1 bloatIterCnt: 0
[INFO GPL-0036] TileLxLy: 0 0
[INFO GPL-0037] TileSize: 7200 7200
[INFO GPL-0038] TileCnt: 90 90
[INFO GPL-0039] numRoutingLayers: 6
[INFO GPL-0040] NumTiles: 8100
[INFO GPL-0063] TotalRouteOverflowH2: 19.526318311691284
[INFO GPL-0064] TotalRouteOverflowV2: 11.60000216960907
[INFO GPL-0065] OverflowTileCnt2: 206
[INFO GPL-0066] 0.5%RC: 1.1613745315015809
[INFO GPL-0067] 1.0%RC: 1.0810220676833664
[INFO GPL-0068] 2.0%RC: 1.0405110338416832
[INFO GPL-0069] 5.0%RC: 1.016217872351903
[INFO GPL-0070] 0.5rcK: 1.0
[INFO GPL-0071] 1.0rcK: 1.0
[INFO GPL-0072] 2.0rcK: 0.0
[INFO GPL-0073] 5.0rcK: 0.0
[INFO GPL-0074] FinalRC: 1.1211983
[NesterovSolve] Iter: 400 overflow: 0.174048 HPWL: 456237489
[NesterovSolve] Iter: 410 overflow: 0.148906 HPWL: 457028701
[INFO GPL-0100] worst slack 2.36e-09
[INFO GPL-0103] Weighted 1319 nets.
[NesterovSolve] Iter: 420 overflow: 0.130095 HPWL: 457697656
[NesterovSolve] Iter: 430 overflow: 0.108668 HPWL: 458503587
[NesterovSolve] Finished with Overflow: 0.099865
Warning: There are 6 unconstrained endpoints.

==========================================================================
global place report_design_area
--------------------------------------------------------------------------
Design area 190059 u^2 45% utilization.
Elapsed time: 0:26.73[h:]min:sec. CPU time: user 29.95 sys 0.10 (112%). Peak memory: 297868KB.
