OpenROAD v2.0-11432-gead3236e5 
This program is licensed under the BSD-3 license. See the LICENSE file for details.
Components of this program may be licensed under more restrictive licenses which must be honored.
global_route -guide_file ./results/sky130hs/ibex/base/route.guide -congestion_report_file ./reports/sky130hs/ibex/base/congestion.rpt -congestion_iterations 30 -congestion_report_iter_step 5 -verbose
[INFO GRT-0020] Min routing layer: met1
[INFO GRT-0021] Max routing layer: met5
[INFO GRT-0022] Global adjustment: 0%
[INFO GRT-0023] Grid origin: (0, 0)
[INFO GRT-0043] No OR_DEFAULT vias defined.
[INFO GRT-0088] Layer li1     Track-Pitch = 0.4800  line-2-Via Pitch: 0.3400
[INFO GRT-0088] Layer met1    Track-Pitch = 0.3700  line-2-Via Pitch: 0.3400
[INFO GRT-0088] Layer met2    Track-Pitch = 0.4800  line-2-Via Pitch: 0.3500
[INFO GRT-0088] Layer met3    Track-Pitch = 0.7400  line-2-Via Pitch: 0.6150
[INFO GRT-0088] Layer met4    Track-Pitch = 0.9600  line-2-Via Pitch: 1.0400
[INFO GRT-0088] Layer met5    Track-Pitch = 3.3300  line-2-Via Pitch: 3.1100
[INFO GRT-0019] Found 528 clock nets.
[INFO GRT-0001] Minimum degree: 2
[INFO GRT-0002] Maximum degree: 89
[INFO GRT-0003] Macros: 0
[INFO GRT-0004] Blockages: 1020

[INFO GRT-0053] Routing resources analysis:
          Routing      Original      Derated      Resource
Layer     Direction    Resources     Resources    Reduction (%)
---------------------------------------------------------------
li1        Vertical            0             0          0.00%
met1       Horizontal     155610         91453          41.23%
met2       Vertical       122760         95861          21.91%
met3       Horizontal      73800         55542          24.74%
met4       Vertical        49320         28658          41.89%
met5       Horizontal      16380          8101          50.54%
---------------------------------------------------------------

[INFO GRT-0101] Running extra iterations to remove overflow.
[INFO GRT-0197] Via related to pin nodes: 68343
[INFO GRT-0198] Via related Steiner nodes: 3542
[INFO GRT-0199] Via filling finished.
[INFO GRT-0111] Final number of vias: 81225
[INFO GRT-0112] Final usage 3D: 344309

[INFO GRT-0096] Final congestion report:
Layer         Resource        Demand        Usage (%)    Max H / Max V / Total Overflow
---------------------------------------------------------------------------------------
li1                  0             0            0.00%             0 /  0 /  0
met1             91453         42157           46.10%             0 /  0 /  0
met2             95861         46197           48.19%             0 /  0 /  0
met3             55542          6740           12.13%             0 /  0 /  0
met4             28658          5484           19.14%             0 /  0 /  0
met5              8101            56            0.69%             0 /  0 /  0
---------------------------------------------------------------------------------------
Total           279615        100634           35.99%             0 /  0 /  0

[INFO GRT-0018] Total wirelength: 1048550 um
[INFO GRT-0014] Routed nets: 14170
Warning: There are 6 unconstrained endpoints.

==========================================================================
global route pre repair design report_design_area
--------------------------------------------------------------------------
Design area 249785 u^2 59% utilization.
Perform buffer insertion...
[INFO RSZ-0058] Using max wire length 2083um.
[INFO RSZ-0034] Found 59 slew violations.
[INFO RSZ-0036] Found 63 capacitance violations.
[INFO RSZ-0038] Inserted 72 buffers in 63 nets.
[INFO RSZ-0039] Resized 1608 instances.
Warning: There are 6 unconstrained endpoints.

==========================================================================
global route post repair design report_design_area
--------------------------------------------------------------------------
Design area 263344 u^2 62% utilization.
Placement Analysis
---------------------------------
total displacement      20063.0 u
average displacement        1.1 u
max displacement           64.3 u
original HPWL          578581.0 u
legalized HPWL         600866.2 u
delta HPWL                    4 %

Repair setup and hold violations...
[INFO RSZ-0094] Found 1 endpoints with setup violations.
[INFO RSZ-0043] Swapped pins on 1 instances.
[INFO RSZ-0049] Cloned 1 instances.
[INFO RSZ-0033] No hold violations found.
Warning: There are 6 unconstrained endpoints.

==========================================================================
global route post repair timing report_design_area
--------------------------------------------------------------------------
Design area 263359 u^2 62% utilization.
Placement Analysis
---------------------------------
total displacement         94.3 u
average displacement        0.0 u
max displacement           18.7 u
original HPWL          601068.1 u
legalized HPWL         601201.5 u
delta HPWL                    0 %


==========================================================================
check_antennas
--------------------------------------------------------------------------
[INFO GRT-0012] Found 54 antenna violations.
[INFO GRT-0015] Inserted 81 diodes.
[INFO GRT-0012] Found 3 antenna violations.
[INFO GRT-0015] Inserted 4 diodes.
[INFO GRT-0012] Found 1 antenna violations.
[INFO GRT-0015] Inserted 1 diodes.
[INFO GRT-0012] Found 0 antenna violations.
[WARNING ANT-0011] -report_violating_nets is deprecated.
[INFO ANT-0002] Found 0 net violations.
[INFO ANT-0001] Found 0 pin violations.
Warning: There are 6 unconstrained endpoints.

==========================================================================
global route report_design_area
--------------------------------------------------------------------------
Design area 263634 u^2 62% utilization.
[INFO FLW-0007] clock core_clock period 11.800000
[INFO FLW-0008] Clock core_clock period 10.990
[INFO FLW-0009] Clock core_clock slack 0.231
[INFO FLW-0011] Path endpoint count 3827
Elapsed time: 0:57.60[h:]min:sec. CPU time: user 52.05 sys 5.53 (99%). Peak memory: 696576KB.
