OpenROAD autotuner-v1-2861-g832b18e7 
This program is licensed under the BSD-3 license. See the LICENSE file for details.
Components of this program may be licensed under more restrictive licenses which must be honored.
[WARNING STA-0337] port 'icache_id_i[0]' not found.
[INFO PDN-0001] Inserting grid: grid
[INFO PDN-0001] Inserting grid: CORE_macro_grid_1 - bp_fe_pc_gen_1/genblk1_branch_prediction_1/btb_1/btb_mem/macro_mem/mem
[INFO PDN-0001] Inserting grid: CORE_macro_grid_1 - icache_1/data_mem_banks_0__data_mem_bank/macro_mem/mem
[INFO PDN-0001] Inserting grid: CORE_macro_grid_1 - icache_1/data_mem_banks_1__data_mem_bank/macro_mem/mem
[INFO PDN-0001] Inserting grid: CORE_macro_grid_1 - icache_1/data_mem_banks_2__data_mem_bank/macro_mem/mem
[INFO PDN-0001] Inserting grid: CORE_macro_grid_1 - icache_1/data_mem_banks_3__data_mem_bank/macro_mem/mem
[INFO PDN-0001] Inserting grid: CORE_macro_grid_1 - icache_1/data_mem_banks_4__data_mem_bank/macro_mem/mem
[INFO PDN-0001] Inserting grid: CORE_macro_grid_1 - icache_1/data_mem_banks_5__data_mem_bank/macro_mem/mem
[INFO PDN-0001] Inserting grid: CORE_macro_grid_1 - icache_1/data_mem_banks_6__data_mem_bank/macro_mem/mem
[INFO PDN-0001] Inserting grid: CORE_macro_grid_1 - icache_1/data_mem_banks_7__data_mem_bank/macro_mem/mem
[INFO PDN-0001] Inserting grid: CORE_macro_grid_1 - icache_1/metadata_mem.macro_mem.mem
[INFO PDN-0001] Inserting grid: CORE_macro_grid_1 - icache_1/tag_mem.macro_mem.mem
[WARNING PDN-0110] No via inserted between metal4 and metal7 at (527.0950, 582.5000) - (527.5750, 583.8850) on VSS
[WARNING PDN-0110] No via inserted between metal4 and metal5 at (534.7300, 23.2750) - (535.0100, 23.6400) on VSS
[WARNING PDN-0110] No via inserted between metal4 and metal5 at (538.0900, 23.2750) - (538.3700, 23.6400) on VSS
[WARNING PDN-0110] No via inserted between metal4 and metal5 at (541.4500, 23.2750) - (541.7300, 23.6400) on VSS
[WARNING PDN-0110] No via inserted between metal4 and metal5 at (544.8100, 23.2750) - (545.0900, 23.6400) on VSS
[WARNING PDN-0110] No via inserted between metal4 and metal5 at (548.1700, 23.2750) - (548.4500, 23.6400) on VSS
[WARNING PDN-0110] No via inserted between metal4 and metal5 at (551.5300, 23.2750) - (551.8100, 23.6400) on VSS
[WARNING PDN-0110] No via inserted between metal4 and metal5 at (554.8900, 23.2750) - (555.1700, 23.6400) on VSS
[WARNING PDN-0110] No via inserted between metal4 and metal5 at (558.2500, 23.2750) - (558.5300, 23.6400) on VSS
[WARNING PDN-0110] No via inserted between metal4 and metal5 at (561.6100, 23.2750) - (561.8900, 23.6400) on VSS
[WARNING PDN-0110] No via inserted between metal4 and metal5 at (564.9700, 23.2750) - (565.2500, 23.6400) on VSS
[WARNING PDN-0110] No via inserted between metal4 and metal5 at (568.3300, 23.2750) - (568.6100, 23.6400) on VSS
[WARNING PDN-0110] No via inserted between metal4 and metal5 at (571.6900, 23.2750) - (571.9700, 23.6400) on VSS
[WARNING PDN-0110] No via inserted between metal4 and metal5 at (575.0500, 23.2750) - (575.3300, 23.6400) on VSS
[WARNING PDN-0110] No via inserted between metal4 and metal5 at (578.4100, 23.2750) - (578.6900, 23.6400) on VSS
[WARNING PDN-0110] No via inserted between metal4 and metal5 at (581.7700, 23.2750) - (582.0500, 23.6400) on VSS
[WARNING PDN-0110] No via inserted between metal4 and metal5 at (585.1300, 23.2750) - (585.4100, 23.6400) on VSS
[WARNING PDN-0110] No via inserted between metal4 and metal5 at (588.4900, 23.2750) - (588.7700, 23.6400) on VSS
[WARNING PDN-0110] No via inserted between metal4 and metal5 at (591.8500, 23.2750) - (592.1300, 23.6400) on VSS
[WARNING PDN-0110] No via inserted between metal4 and metal5 at (595.2100, 23.2750) - (595.4900, 23.6400) on VSS
[WARNING PDN-0110] No via inserted between metal4 and metal5 at (598.5700, 23.2750) - (598.8500, 23.6400) on VSS
[WARNING PDN-0110] No via inserted between metal4 and metal5 at (601.9300, 23.2750) - (602.2100, 23.6400) on VSS
[WARNING PDN-0110] No via inserted between metal4 and metal5 at (605.2900, 23.2750) - (605.5700, 23.6400) on VSS
[WARNING PDN-0110] No via inserted between metal4 and metal5 at (608.6500, 23.2750) - (608.9300, 23.6400) on VSS
[WARNING PDN-0110] No via inserted between metal4 and metal5 at (612.0100, 23.2750) - (612.2900, 23.6400) on VSS
[WARNING PDN-0110] No via inserted between metal4 and metal5 at (615.3700, 23.2750) - (615.6500, 23.6400) on VSS
[WARNING PDN-0110] No via inserted between metal4 and metal5 at (618.7300, 23.2750) - (619.0100, 23.6400) on VSS
[WARNING PDN-0110] No via inserted between metal4 and metal5 at (622.0900, 23.2750) - (622.3700, 23.6400) on VSS
[WARNING PDN-0110] No via inserted between metal4 and metal5 at (625.4500, 23.2750) - (625.7300, 23.6400) on VSS
[WARNING PDN-0110] No via inserted between metal4 and metal5 at (628.8100, 23.2750) - (629.0900, 23.6400) on VSS
[WARNING PDN-0110] No via inserted between metal4 and metal5 at (632.1700, 23.2750) - (632.4500, 23.6400) on VSS
[WARNING PDN-0110] No via inserted between metal4 and metal5 at (635.5300, 23.2750) - (635.8100, 23.6400) on VSS
[WARNING PDN-0110] No via inserted between metal4 and metal5 at (638.8900, 23.2750) - (639.1700, 23.6400) on VSS
[WARNING PDN-0110] No via inserted between metal4 and metal5 at (642.2500, 23.2750) - (642.5300, 23.6400) on VSS
[WARNING PDN-0110] No via inserted between metal4 and metal5 at (645.6100, 23.2750) - (645.8900, 23.6400) on VSS
[WARNING PDN-0110] No via inserted between metal4 and metal5 at (648.9700, 23.2750) - (649.2500, 23.6400) on VSS
[WARNING PDN-0110] No via inserted between metal4 and metal5 at (652.3300, 23.2750) - (652.6100, 23.6400) on VSS
[WARNING PDN-0110] No via inserted between metal4 and metal5 at (655.6900, 23.2750) - (655.9700, 23.6400) on VSS
[WARNING PDN-0110] No via inserted between metal4 and metal5 at (659.0500, 23.2750) - (659.3300, 23.6400) on VSS
[WARNING PDN-0110] No via inserted between metal4 and metal5 at (662.4100, 23.2750) - (662.6900, 23.6400) on VSS
[WARNING PDN-0110] No via inserted between metal4 and metal5 at (665.7700, 23.2750) - (666.0500, 23.6400) on VSS
[WARNING PDN-0110] No via inserted between metal4 and metal5 at (669.1300, 23.2750) - (669.4100, 23.6400) on VSS
[WARNING PDN-0110] No via inserted between metal4 and metal5 at (672.4900, 23.2750) - (672.7700, 23.6400) on VSS
[WARNING PDN-0110] No via inserted between metal4 and metal5 at (675.8500, 23.2750) - (676.1300, 23.6400) on VSS
[WARNING PDN-0110] No via inserted between metal4 and metal5 at (679.2100, 23.2750) - (679.4900, 23.6400) on VSS
[WARNING PDN-0110] No via inserted between metal4 and metal5 at (682.5700, 23.2750) - (682.8500, 23.6400) on VSS
[WARNING PDN-0110] No via inserted between metal4 and metal5 at (539.7400, 291.3050) - (540.0200, 291.6700) on VSS
[WARNING PDN-0110] No via inserted between metal4 and metal5 at (543.1000, 291.3050) - (543.3800, 291.6700) on VSS
[WARNING PDN-0110] No via inserted between metal4 and metal5 at (546.4600, 291.3050) - (546.7400, 291.6700) on VSS
[WARNING PDN-0110] No via inserted between metal4 and metal5 at (549.8200, 291.3050) - (550.1000, 291.6700) on VSS
[WARNING PDN-0110] No via inserted between metal4 and metal5 at (553.1800, 291.3050) - (553.4600, 291.6700) on VSS
[WARNING PDN-0110] No via inserted between metal4 and metal5 at (556.5400, 291.3050) - (556.8200, 291.6700) on VSS
[WARNING PDN-0110] No via inserted between metal4 and metal5 at (559.9000, 291.3050) - (560.1800, 291.6700) on VSS
[WARNING PDN-0110] No via inserted between metal4 and metal5 at (563.2600, 291.3050) - (563.5400, 291.6700) on VSS
[WARNING PDN-0110] No via inserted between metal4 and metal5 at (566.6200, 291.3050) - (566.9000, 291.6700) on VSS
[WARNING PDN-0110] No via inserted between metal4 and metal5 at (569.9800, 291.3050) - (570.2600, 291.6700) on VSS
[WARNING PDN-0110] No via inserted between metal4 and metal5 at (573.3400, 291.3050) - (573.6200, 291.6700) on VSS
[WARNING PDN-0110] No via inserted between metal4 and metal5 at (576.7000, 291.3050) - (576.9800, 291.6700) on VSS
[WARNING PDN-0110] No via inserted between metal4 and metal5 at (580.0600, 291.3050) - (580.3400, 291.6700) on VSS
[WARNING PDN-0110] No via inserted between metal4 and metal5 at (583.4200, 291.3050) - (583.7000, 291.6700) on VSS
[WARNING PDN-0110] No via inserted between metal4 and metal5 at (586.7800, 291.3050) - (587.0600, 291.6700) on VSS
[WARNING PDN-0110] No via inserted between metal4 and metal5 at (590.1400, 291.3050) - (590.4200, 291.6700) on VSS
[WARNING PDN-0110] No via inserted between metal4 and metal5 at (593.5000, 291.3050) - (593.7800, 291.6700) on VSS
[WARNING PDN-0110] No via inserted between metal4 and metal5 at (596.8600, 291.3050) - (597.1400, 291.6700) on VSS
[WARNING PDN-0110] No via inserted between metal4 and metal5 at (600.2200, 291.3050) - (600.5000, 291.6700) on VSS
[WARNING PDN-0110] No via inserted between metal4 and metal5 at (603.5800, 291.3050) - (603.8600, 291.6700) on VSS
[WARNING PDN-0110] No via inserted between metal4 and metal5 at (606.9400, 291.3050) - (607.2200, 291.6700) on VSS
[WARNING PDN-0110] No via inserted between metal4 and metal5 at (610.3000, 291.3050) - (610.5800, 291.6700) on VSS
[WARNING PDN-0110] No via inserted between metal4 and metal5 at (613.6600, 291.3050) - (613.9400, 291.6700) on VSS
[WARNING PDN-0110] No via inserted between metal4 and metal5 at (617.0200, 291.3050) - (617.3000, 291.6700) on VSS
[WARNING PDN-0110] No via inserted between metal4 and metal5 at (620.3800, 291.3050) - (620.6600, 291.6700) on VSS
[WARNING PDN-0110] No via inserted between metal4 and metal5 at (623.7400, 291.3050) - (624.0200, 291.6700) on VSS
[WARNING PDN-0110] No via inserted between metal4 and metal5 at (627.1000, 291.3050) - (627.3800, 291.6700) on VSS
[WARNING PDN-0110] No via inserted between metal4 and metal5 at (630.4600, 291.3050) - (630.7400, 291.6700) on VSS
[WARNING PDN-0110] No via inserted between metal4 and metal5 at (633.8200, 291.3050) - (634.1000, 291.6700) on VSS
[WARNING PDN-0110] No via inserted between metal4 and metal5 at (637.1800, 291.3050) - (637.4600, 291.6700) on VSS
[WARNING PDN-0110] No via inserted between metal4 and metal5 at (640.5400, 291.3050) - (640.8200, 291.6700) on VSS
[WARNING PDN-0110] No via inserted between metal4 and metal5 at (643.9000, 291.3050) - (644.1800, 291.6700) on VSS
[WARNING PDN-0110] No via inserted between metal4 and metal5 at (647.2600, 291.3050) - (647.5400, 291.6700) on VSS
[WARNING PDN-0110] No via inserted between metal4 and metal5 at (650.6200, 291.3050) - (650.9000, 291.6700) on VSS
[WARNING PDN-0110] No via inserted between metal4 and metal5 at (653.9800, 291.3050) - (654.2600, 291.6700) on VSS
[WARNING PDN-0110] No via inserted between metal4 and metal5 at (657.3400, 291.3050) - (657.6200, 291.6700) on VSS
[WARNING PDN-0110] No via inserted between metal4 and metal5 at (660.7000, 291.3050) - (660.9800, 291.6700) on VSS
[WARNING PDN-0110] No via inserted between metal4 and metal5 at (664.0600, 291.3050) - (664.3400, 291.6700) on VSS
[WARNING PDN-0110] No via inserted between metal4 and metal5 at (667.4200, 291.3050) - (667.7000, 291.6700) on VSS
[WARNING PDN-0110] No via inserted between metal4 and metal5 at (670.7800, 291.3050) - (671.0600, 291.6700) on VSS
[WARNING PDN-0110] No via inserted between metal4 and metal5 at (674.1400, 291.3050) - (674.4200, 291.6700) on VSS
[WARNING PDN-0110] No via inserted between metal4 and metal5 at (677.5000, 291.3050) - (677.7800, 291.6700) on VSS
[WARNING PDN-0110] No via inserted between metal4 and metal5 at (680.8600, 291.3050) - (681.1400, 291.6700) on VSS
[WARNING PDN-0110] No via inserted between metal4 and metal5 at (684.2200, 291.3050) - (684.5000, 291.6700) on VSS
[WARNING PDN-0110] No via inserted between metal4 and metal5 at (687.5800, 291.3050) - (687.8600, 291.6700) on VSS
[WARNING PDN-0110] No via inserted between metal4 and metal5 at (367.1700, 468.0550) - (367.4500, 468.4200) on VSS
[WARNING PDN-0110] No via inserted between metal4 and metal5 at (370.5300, 468.0550) - (370.8100, 468.4200) on VSS
[WARNING PDN-0110] No via inserted between metal4 and metal5 at (373.8900, 468.0550) - (374.1700, 468.4200) on VSS
[WARNING PDN-0110] No via inserted between metal4 and metal5 at (377.2500, 468.0550) - (377.5300, 468.4200) on VSS
[WARNING PDN-0110] No via inserted between metal4 and metal5 at (380.6100, 468.0550) - (380.8900, 468.4200) on VSS
[WARNING PDN-0110] No via inserted between metal4 and metal5 at (383.9700, 468.0550) - (384.2500, 468.4200) on VSS
[WARNING PDN-0110] No via inserted between metal4 and metal5 at (387.3300, 468.0550) - (387.6100, 468.4200) on VSS
[WARNING PDN-0110] No via inserted between metal4 and metal5 at (390.6900, 468.0550) - (390.9700, 468.4200) on VSS
[WARNING PDN-0110] No via inserted between metal4 and metal5 at (394.0500, 468.0550) - (394.3300, 468.4200) on VSS
[WARNING PDN-0110] No via inserted between metal4 and metal5 at (397.4100, 468.0550) - (397.6900, 468.4200) on VSS
[WARNING PDN-0110] No via inserted between metal4 and metal5 at (400.7700, 468.0550) - (401.0500, 468.4200) on VSS
[WARNING PDN-0110] No via inserted between metal4 and metal5 at (404.1300, 468.0550) - (404.4100, 468.4200) on VSS
[WARNING PDN-0110] No via inserted between metal4 and metal5 at (407.4900, 468.0550) - (407.7700, 468.4200) on VSS
[WARNING PDN-0110] No via inserted between metal4 and metal5 at (410.8500, 468.0550) - (411.1300, 468.4200) on VSS
[WARNING PDN-0110] No via inserted between metal4 and metal5 at (414.2100, 468.0550) - (414.4900, 468.4200) on VSS
[WARNING PDN-0110] No via inserted between metal4 and metal5 at (417.5700, 468.0550) - (417.8500, 468.4200) on VSS
[WARNING PDN-0110] No via inserted between metal4 and metal5 at (420.9300, 468.0550) - (421.2100, 468.4200) on VSS
[WARNING PDN-0110] No via inserted between metal4 and metal5 at (424.2900, 468.0550) - (424.5700, 468.4200) on VSS
[WARNING PDN-0110] No via inserted between metal4 and metal5 at (427.6500, 468.0550) - (427.9300, 468.4200) on VSS
[WARNING PDN-0110] No via inserted between metal4 and metal5 at (431.0100, 468.0550) - (431.2900, 468.4200) on VSS
[WARNING PDN-0110] No via inserted between metal4 and metal5 at (434.3700, 468.0550) - (434.6500, 468.4200) on VSS
[WARNING PDN-0110] No via inserted between metal4 and metal5 at (437.7300, 468.0550) - (438.0100, 468.4200) on VSS
[WARNING PDN-0110] No via inserted between metal4 and metal5 at (441.0900, 468.0550) - (441.3700, 468.4200) on VSS
[WARNING PDN-0110] No via inserted between metal4 and metal5 at (444.4500, 468.0550) - (444.7300, 468.4200) on VSS
[WARNING PDN-0110] No via inserted between metal4 and metal5 at (447.8100, 468.0550) - (448.0900, 468.4200) on VSS
[WARNING PDN-0110] No via inserted between metal4 and metal5 at (451.1700, 468.0550) - (451.4500, 468.4200) on VSS
[WARNING PDN-0110] No via inserted between metal4 and metal5 at (454.5300, 468.0550) - (454.8100, 468.4200) on VSS
[WARNING PDN-0110] No via inserted between metal4 and metal5 at (457.8900, 468.0550) - (458.1700, 468.4200) on VSS
[WARNING PDN-0110] No via inserted between metal4 and metal5 at (461.2500, 468.0550) - (461.5300, 468.4200) on VSS
[WARNING PDN-0110] No via inserted between metal4 and metal5 at (464.6100, 468.0550) - (464.8900, 468.4200) on VSS
[WARNING PDN-0110] No via inserted between metal4 and metal5 at (467.9700, 468.0550) - (468.2500, 468.4200) on VSS
[WARNING PDN-0110] No via inserted between metal4 and metal5 at (471.3300, 468.0550) - (471.6100, 468.4200) on VSS
[WARNING PDN-0110] No via inserted between metal4 and metal5 at (474.6900, 468.0550) - (474.9700, 468.4200) on VSS
[WARNING PDN-0110] No via inserted between metal4 and metal5 at (478.0500, 468.0550) - (478.3300, 468.4200) on VSS
[WARNING PDN-0110] No via inserted between metal4 and metal5 at (481.4100, 468.0550) - (481.6900, 468.4200) on VSS
[WARNING PDN-0110] No via inserted between metal4 and metal5 at (484.7700, 468.0550) - (485.0500, 468.4200) on VSS
[WARNING PDN-0110] No via inserted between metal4 and metal5 at (488.1300, 468.0550) - (488.4100, 468.4200) on VSS
[WARNING PDN-0110] No via inserted between metal4 and metal5 at (491.4900, 468.0550) - (491.7700, 468.4200) on VSS
[WARNING PDN-0110] No via inserted between metal4 and metal5 at (494.8500, 468.0550) - (495.1300, 468.4200) on VSS
[WARNING PDN-0110] No via inserted between metal4 and metal5 at (498.2100, 468.0550) - (498.4900, 468.4200) on VSS
[WARNING PDN-0110] No via inserted between metal4 and metal5 at (501.5700, 468.0550) - (501.8500, 468.4200) on VSS
[WARNING PDN-0110] No via inserted between metal4 and metal5 at (504.9300, 468.0550) - (505.2100, 468.4200) on VSS
[WARNING PDN-0110] No via inserted between metal4 and metal5 at (508.2900, 468.0550) - (508.5700, 468.4200) on VSS
[WARNING PDN-0110] No via inserted between metal4 and metal5 at (511.6500, 468.0550) - (511.9300, 468.4200) on VSS
[WARNING PDN-0110] No via inserted between metal4 and metal5 at (515.0100, 468.0550) - (515.2900, 468.4200) on VSS
[WARNING PDN-0110] No via inserted between metal4 and metal5 at (195.1300, 468.0550) - (195.4100, 468.4200) on VSS
[WARNING PDN-0110] No via inserted between metal4 and metal5 at (198.4900, 468.0550) - (198.7700, 468.4200) on VSS
[WARNING PDN-0110] No via inserted between metal4 and metal5 at (201.8500, 468.0550) - (202.1300, 468.4200) on VSS
[WARNING PDN-0110] No via inserted between metal4 and metal5 at (205.2100, 468.0550) - (205.4900, 468.4200) on VSS
[WARNING PDN-0110] No via inserted between metal4 and metal5 at (208.5700, 468.0550) - (208.8500, 468.4200) on VSS
[WARNING PDN-0110] No via inserted between metal4 and metal5 at (211.9300, 468.0550) - (212.2100, 468.4200) on VSS
[WARNING PDN-0110] No via inserted between metal4 and metal5 at (215.2900, 468.0550) - (215.5700, 468.4200) on VSS
[WARNING PDN-0110] No via inserted between metal4 and metal5 at (218.6500, 468.0550) - (218.9300, 468.4200) on VSS
[WARNING PDN-0110] No via inserted between metal4 and metal5 at (222.0100, 468.0550) - (222.2900, 468.4200) on VSS
[WARNING PDN-0110] No via inserted between metal4 and metal5 at (225.3700, 468.0550) - (225.6500, 468.4200) on VSS
[WARNING PDN-0110] No via inserted between metal4 and metal5 at (228.7300, 468.0550) - (229.0100, 468.4200) on VSS
[WARNING PDN-0110] No via inserted between metal4 and metal5 at (232.0900, 468.0550) - (232.3700, 468.4200) on VSS
[WARNING PDN-0110] No via inserted between metal4 and metal5 at (235.4500, 468.0550) - (235.7300, 468.4200) on VSS
[WARNING PDN-0110] No via inserted between metal4 and metal5 at (238.8100, 468.0550) - (239.0900, 468.4200) on VSS
[WARNING PDN-0110] No via inserted between metal4 and metal5 at (242.1700, 468.0550) - (242.4500, 468.4200) on VSS
[WARNING PDN-0110] No via inserted between metal4 and metal5 at (245.5300, 468.0550) - (245.8100, 468.4200) on VSS
[WARNING PDN-0110] No via inserted between metal4 and metal5 at (248.8900, 468.0550) - (249.1700, 468.4200) on VSS
[WARNING PDN-0110] No via inserted between metal4 and metal5 at (252.2500, 468.0550) - (252.5300, 468.4200) on VSS
[WARNING PDN-0110] No via inserted between metal4 and metal5 at (255.6100, 468.0550) - (255.8900, 468.4200) on VSS
[WARNING PDN-0110] No via inserted between metal4 and metal5 at (258.9700, 468.0550) - (259.2500, 468.4200) on VSS
[WARNING PDN-0110] No via inserted between metal4 and metal5 at (262.3300, 468.0550) - (262.6100, 468.4200) on VSS
[WARNING PDN-0110] No via inserted between metal4 and metal5 at (265.6900, 468.0550) - (265.9700, 468.4200) on VSS
[WARNING PDN-0110] No via inserted between metal4 and metal5 at (269.0500, 468.0550) - (269.3300, 468.4200) on VSS
[WARNING PDN-0110] No via inserted between metal4 and metal5 at (272.4100, 468.0550) - (272.6900, 468.4200) on VSS
[WARNING PDN-0110] No via inserted between metal4 and metal5 at (275.7700, 468.0550) - (276.0500, 468.4200) on VSS
[WARNING PDN-0110] No via inserted between metal4 and metal5 at (279.1300, 468.0550) - (279.4100, 468.4200) on VSS
[WARNING PDN-0110] No via inserted between metal4 and metal5 at (282.4900, 468.0550) - (282.7700, 468.4200) on VSS
[WARNING PDN-0110] No via inserted between metal4 and metal5 at (285.8500, 468.0550) - (286.1300, 468.4200) on VSS
[WARNING PDN-0110] No via inserted between metal4 and metal5 at (289.2100, 468.0550) - (289.4900, 468.4200) on VSS
[WARNING PDN-0110] No via inserted between metal4 and metal5 at (292.5700, 468.0550) - (292.8500, 468.4200) on VSS
[WARNING PDN-0110] No via inserted between metal4 and metal5 at (295.9300, 468.0550) - (296.2100, 468.4200) on VSS
[WARNING PDN-0110] No via inserted between metal4 and metal5 at (299.2900, 468.0550) - (299.5700, 468.4200) on VSS
[WARNING PDN-0110] No via inserted between metal4 and metal5 at (302.6500, 468.0550) - (302.9300, 468.4200) on VSS
[WARNING PDN-0110] No via inserted between metal4 and metal5 at (306.0100, 468.0550) - (306.2900, 468.4200) on VSS
[WARNING PDN-0110] No via inserted between metal4 and metal5 at (309.3700, 468.0550) - (309.6500, 468.4200) on VSS
[WARNING PDN-0110] No via inserted between metal4 and metal5 at (312.7300, 468.0550) - (313.0100, 468.4200) on VSS
[WARNING PDN-0110] No via inserted between metal4 and metal5 at (316.0900, 468.0550) - (316.3700, 468.4200) on VSS
[WARNING PDN-0110] No via inserted between metal4 and metal5 at (319.4500, 468.0550) - (319.7300, 468.4200) on VSS
[WARNING PDN-0110] No via inserted between metal4 and metal5 at (322.8100, 468.0550) - (323.0900, 468.4200) on VSS
[WARNING PDN-0110] No via inserted between metal4 and metal5 at (326.1700, 468.0550) - (326.4500, 468.4200) on VSS
[WARNING PDN-0110] No via inserted between metal4 and metal5 at (329.5300, 468.0550) - (329.8100, 468.4200) on VSS
[WARNING PDN-0110] No via inserted between metal4 and metal5 at (332.8900, 468.0550) - (333.1700, 468.4200) on VSS
[WARNING PDN-0110] No via inserted between metal4 and metal5 at (336.2500, 468.0550) - (336.5300, 468.4200) on VSS
[WARNING PDN-0110] No via inserted between metal4 and metal5 at (339.6100, 468.0550) - (339.8900, 468.4200) on VSS
[WARNING PDN-0110] No via inserted between metal4 and metal5 at (342.9700, 468.0550) - (343.2500, 468.4200) on VSS
[WARNING PDN-0110] No via inserted between metal4 and metal5 at (195.1300, 291.3050) - (195.4100, 291.6700) on VSS
[WARNING PDN-0110] No via inserted between metal4 and metal5 at (198.4900, 291.3050) - (198.7700, 291.6700) on VSS
[WARNING PDN-0110] No via inserted between metal4 and metal5 at (201.8500, 291.3050) - (202.1300, 291.6700) on VSS
[WARNING PDN-0110] No via inserted between metal4 and metal5 at (205.2100, 291.3050) - (205.4900, 291.6700) on VSS
[WARNING PDN-0110] No via inserted between metal4 and metal5 at (208.5700, 291.3050) - (208.8500, 291.6700) on VSS
[WARNING PDN-0110] No via inserted between metal4 and metal5 at (211.9300, 291.3050) - (212.2100, 291.6700) on VSS
[WARNING PDN-0110] No via inserted between metal4 and metal5 at (215.2900, 291.3050) - (215.5700, 291.6700) on VSS
[WARNING PDN-0110] No via inserted between metal4 and metal5 at (218.6500, 291.3050) - (218.9300, 291.6700) on VSS
[WARNING PDN-0110] No via inserted between metal4 and metal5 at (222.0100, 291.3050) - (222.2900, 291.6700) on VSS
[WARNING PDN-0110] No via inserted between metal4 and metal5 at (225.3700, 291.3050) - (225.6500, 291.6700) on VSS
[WARNING PDN-0110] No via inserted between metal4 and metal5 at (228.7300, 291.3050) - (229.0100, 291.6700) on VSS
[WARNING PDN-0110] No via inserted between metal4 and metal5 at (232.0900, 291.3050) - (232.3700, 291.6700) on VSS
[WARNING PDN-0110] No via inserted between metal4 and metal5 at (235.4500, 291.3050) - (235.7300, 291.6700) on VSS
[WARNING PDN-0110] No via inserted between metal4 and metal5 at (238.8100, 291.3050) - (239.0900, 291.6700) on VSS
[WARNING PDN-0110] No via inserted between metal4 and metal5 at (242.1700, 291.3050) - (242.4500, 291.6700) on VSS
[WARNING PDN-0110] No via inserted between metal4 and metal5 at (245.5300, 291.3050) - (245.8100, 291.6700) on VSS
[WARNING PDN-0110] No via inserted between metal4 and metal5 at (248.8900, 291.3050) - (249.1700, 291.6700) on VSS
[WARNING PDN-0110] No via inserted between metal4 and metal5 at (252.2500, 291.3050) - (252.5300, 291.6700) on VSS
[WARNING PDN-0110] No via inserted between metal4 and metal5 at (255.6100, 291.3050) - (255.8900, 291.6700) on VSS
[WARNING PDN-0110] No via inserted between metal4 and metal5 at (258.9700, 291.3050) - (259.2500, 291.6700) on VSS
[WARNING PDN-0110] No via inserted between metal4 and metal5 at (262.3300, 291.3050) - (262.6100, 291.6700) on VSS
[WARNING PDN-0110] No via inserted between metal4 and metal5 at (265.6900, 291.3050) - (265.9700, 291.6700) on VSS
[WARNING PDN-0110] No via inserted between metal4 and metal5 at (269.0500, 291.3050) - (269.3300, 291.6700) on VSS
[WARNING PDN-0110] No via inserted between metal4 and metal5 at (272.4100, 291.3050) - (272.6900, 291.6700) on VSS
[WARNING PDN-0110] No via inserted between metal4 and metal5 at (275.7700, 291.3050) - (276.0500, 291.6700) on VSS
[WARNING PDN-0110] No via inserted between metal4 and metal5 at (279.1300, 291.3050) - (279.4100, 291.6700) on VSS
[WARNING PDN-0110] No via inserted between metal4 and metal5 at (282.4900, 291.3050) - (282.7700, 291.6700) on VSS
[WARNING PDN-0110] No via inserted between metal4 and metal5 at (285.8500, 291.3050) - (286.1300, 291.6700) on VSS
[WARNING PDN-0110] No via inserted between metal4 and metal5 at (289.2100, 291.3050) - (289.4900, 291.6700) on VSS
[WARNING PDN-0110] No via inserted between metal4 and metal5 at (292.5700, 291.3050) - (292.8500, 291.6700) on VSS
[WARNING PDN-0110] No via inserted between metal4 and metal5 at (295.9300, 291.3050) - (296.2100, 291.6700) on VSS
[WARNING PDN-0110] No via inserted between metal4 and metal5 at (299.2900, 291.3050) - (299.5700, 291.6700) on VSS
[WARNING PDN-0110] No via inserted between metal4 and metal5 at (302.6500, 291.3050) - (302.9300, 291.6700) on VSS
[WARNING PDN-0110] No via inserted between metal4 and metal5 at (306.0100, 291.3050) - (306.2900, 291.6700) on VSS
[WARNING PDN-0110] No via inserted between metal4 and metal5 at (309.3700, 291.3050) - (309.6500, 291.6700) on VSS
[WARNING PDN-0110] No via inserted between metal4 and metal5 at (312.7300, 291.3050) - (313.0100, 291.6700) on VSS
[WARNING PDN-0110] No via inserted between metal4 and metal5 at (316.0900, 291.3050) - (316.3700, 291.6700) on VSS
[WARNING PDN-0110] No via inserted between metal4 and metal5 at (319.4500, 291.3050) - (319.7300, 291.6700) on VSS
[WARNING PDN-0110] No via inserted between metal4 and metal5 at (322.8100, 291.3050) - (323.0900, 291.6700) on VSS
[WARNING PDN-0110] No via inserted between metal4 and metal5 at (326.1700, 291.3050) - (326.4500, 291.6700) on VSS
[WARNING PDN-0110] No via inserted between metal4 and metal5 at (329.5300, 291.3050) - (329.8100, 291.6700) on VSS
[WARNING PDN-0110] No via inserted between metal4 and metal5 at (332.8900, 291.3050) - (333.1700, 291.6700) on VSS
[WARNING PDN-0110] No via inserted between metal4 and metal5 at (336.2500, 291.3050) - (336.5300, 291.6700) on VSS
[WARNING PDN-0110] No via inserted between metal4 and metal5 at (339.6100, 291.3050) - (339.8900, 291.6700) on VSS
[WARNING PDN-0110] No via inserted between metal4 and metal5 at (342.9700, 291.3050) - (343.2500, 291.6700) on VSS
[WARNING PDN-0110] No via inserted between metal4 and metal5 at (367.1700, 291.3050) - (367.4500, 291.6700) on VSS
[WARNING PDN-0110] No via inserted between metal4 and metal5 at (370.5300, 291.3050) - (370.8100, 291.6700) on VSS
[WARNING PDN-0110] No via inserted between metal4 and metal5 at (373.8900, 291.3050) - (374.1700, 291.6700) on VSS
[WARNING PDN-0110] No via inserted between metal4 and metal5 at (377.2500, 291.3050) - (377.5300, 291.6700) on VSS
[WARNING PDN-0110] No via inserted between metal4 and metal5 at (380.6100, 291.3050) - (380.8900, 291.6700) on VSS
[WARNING PDN-0110] No via inserted between metal4 and metal5 at (383.9700, 291.3050) - (384.2500, 291.6700) on VSS
[WARNING PDN-0110] No via inserted between metal4 and metal5 at (387.3300, 291.3050) - (387.6100, 291.6700) on VSS
[WARNING PDN-0110] No via inserted between metal4 and metal5 at (390.6900, 291.3050) - (390.9700, 291.6700) on VSS
[WARNING PDN-0110] No via inserted between metal4 and metal5 at (394.0500, 291.3050) - (394.3300, 291.6700) on VSS
[WARNING PDN-0110] No via inserted between metal4 and metal5 at (397.4100, 291.3050) - (397.6900, 291.6700) on VSS
[WARNING PDN-0110] No via inserted between metal4 and metal5 at (400.7700, 291.3050) - (401.0500, 291.6700) on VSS
[WARNING PDN-0110] No via inserted between metal4 and metal5 at (404.1300, 291.3050) - (404.4100, 291.6700) on VSS
[WARNING PDN-0110] No via inserted between metal4 and metal5 at (407.4900, 291.3050) - (407.7700, 291.6700) on VSS
[WARNING PDN-0110] No via inserted between metal4 and metal5 at (410.8500, 291.3050) - (411.1300, 291.6700) on VSS
[WARNING PDN-0110] No via inserted between metal4 and metal5 at (414.2100, 291.3050) - (414.4900, 291.6700) on VSS
[WARNING PDN-0110] No via inserted between metal4 and metal5 at (417.5700, 291.3050) - (417.8500, 291.6700) on VSS
[WARNING PDN-0110] No via inserted between metal4 and metal5 at (420.9300, 291.3050) - (421.2100, 291.6700) on VSS
[WARNING PDN-0110] No via inserted between metal4 and metal5 at (424.2900, 291.3050) - (424.5700, 291.6700) on VSS
[WARNING PDN-0110] No via inserted between metal4 and metal5 at (427.6500, 291.3050) - (427.9300, 291.6700) on VSS
[WARNING PDN-0110] No via inserted between metal4 and metal5 at (431.0100, 291.3050) - (431.2900, 291.6700) on VSS
[WARNING PDN-0110] No via inserted between metal4 and metal5 at (434.3700, 291.3050) - (434.6500, 291.6700) on VSS
[WARNING PDN-0110] No via inserted between metal4 and metal5 at (437.7300, 291.3050) - (438.0100, 291.6700) on VSS
[WARNING PDN-0110] No via inserted between metal4 and metal5 at (441.0900, 291.3050) - (441.3700, 291.6700) on VSS
[WARNING PDN-0110] No via inserted between metal4 and metal5 at (444.4500, 291.3050) - (444.7300, 291.6700) on VSS
[WARNING PDN-0110] No via inserted between metal4 and metal5 at (447.8100, 291.3050) - (448.0900, 291.6700) on VSS
[WARNING PDN-0110] No via inserted between metal4 and metal5 at (451.1700, 291.3050) - (451.4500, 291.6700) on VSS
[WARNING PDN-0110] No via inserted between metal4 and metal5 at (454.5300, 291.3050) - (454.8100, 291.6700) on VSS
[WARNING PDN-0110] No via inserted between metal4 and metal5 at (457.8900, 291.3050) - (458.1700, 291.6700) on VSS
[WARNING PDN-0110] No via inserted between metal4 and metal5 at (461.2500, 291.3050) - (461.5300, 291.6700) on VSS
[WARNING PDN-0110] No via inserted between metal4 and metal5 at (464.6100, 291.3050) - (464.8900, 291.6700) on VSS
[WARNING PDN-0110] No via inserted between metal4 and metal5 at (467.9700, 291.3050) - (468.2500, 291.6700) on VSS
[WARNING PDN-0110] No via inserted between metal4 and metal5 at (471.3300, 291.3050) - (471.6100, 291.6700) on VSS
[WARNING PDN-0110] No via inserted between metal4 and metal5 at (474.6900, 291.3050) - (474.9700, 291.6700) on VSS
[WARNING PDN-0110] No via inserted between metal4 and metal5 at (478.0500, 291.3050) - (478.3300, 291.6700) on VSS
[WARNING PDN-0110] No via inserted between metal4 and metal5 at (481.4100, 291.3050) - (481.6900, 291.6700) on VSS
[WARNING PDN-0110] No via inserted between metal4 and metal5 at (484.7700, 291.3050) - (485.0500, 291.6700) on VSS
[WARNING PDN-0110] No via inserted between metal4 and metal5 at (488.1300, 291.3050) - (488.4100, 291.6700) on VSS
[WARNING PDN-0110] No via inserted between metal4 and metal5 at (491.4900, 291.3050) - (491.7700, 291.6700) on VSS
[WARNING PDN-0110] No via inserted between metal4 and metal5 at (494.8500, 291.3050) - (495.1300, 291.6700) on VSS
[WARNING PDN-0110] No via inserted between metal4 and metal5 at (498.2100, 291.3050) - (498.4900, 291.6700) on VSS
[WARNING PDN-0110] No via inserted between metal4 and metal5 at (501.5700, 291.3050) - (501.8500, 291.6700) on VSS
[WARNING PDN-0110] No via inserted between metal4 and metal5 at (504.9300, 291.3050) - (505.2100, 291.6700) on VSS
[WARNING PDN-0110] No via inserted between metal4 and metal5 at (508.2900, 291.3050) - (508.5700, 291.6700) on VSS
[WARNING PDN-0110] No via inserted between metal4 and metal5 at (511.6500, 291.3050) - (511.9300, 291.6700) on VSS
[WARNING PDN-0110] No via inserted between metal4 and metal5 at (515.0100, 291.3050) - (515.2900, 291.6700) on VSS
[WARNING PDN-0110] No via inserted between metal4 and metal5 at (22.5600, 468.0550) - (22.8400, 468.4200) on VSS
[WARNING PDN-0110] No via inserted between metal4 and metal5 at (25.9200, 468.0550) - (26.2000, 468.4200) on VSS
[WARNING PDN-0110] No via inserted between metal4 and metal5 at (29.2800, 468.0550) - (29.5600, 468.4200) on VSS
[WARNING PDN-0110] No via inserted between metal4 and metal5 at (32.6400, 468.0550) - (32.9200, 468.4200) on VSS
[WARNING PDN-0110] No via inserted between metal4 and metal5 at (36.0000, 468.0550) - (36.2800, 468.4200) on VSS
[WARNING PDN-0110] No via inserted between metal4 and metal5 at (39.3600, 468.0550) - (39.6400, 468.4200) on VSS
[WARNING PDN-0110] No via inserted between metal4 and metal5 at (42.7200, 468.0550) - (43.0000, 468.4200) on VSS
[WARNING PDN-0110] No via inserted between metal4 and metal5 at (46.0800, 468.0550) - (46.3600, 468.4200) on VSS
[WARNING PDN-0110] No via inserted between metal4 and metal5 at (49.4400, 468.0550) - (49.7200, 468.4200) on VSS
[WARNING PDN-0110] No via inserted between metal4 and metal5 at (52.8000, 468.0550) - (53.0800, 468.4200) on VSS
[WARNING PDN-0110] No via inserted between metal4 and metal5 at (56.1600, 468.0550) - (56.4400, 468.4200) on VSS
[WARNING PDN-0110] No via inserted between metal4 and metal5 at (59.5200, 468.0550) - (59.8000, 468.4200) on VSS
[WARNING PDN-0110] No via inserted between metal4 and metal5 at (62.8800, 468.0550) - (63.1600, 468.4200) on VSS
[WARNING PDN-0110] No via inserted between metal4 and metal5 at (66.2400, 468.0550) - (66.5200, 468.4200) on VSS
[WARNING PDN-0110] No via inserted between metal4 and metal5 at (69.6000, 468.0550) - (69.8800, 468.4200) on VSS
[WARNING PDN-0110] No via inserted between metal4 and metal5 at (72.9600, 468.0550) - (73.2400, 468.4200) on VSS
[WARNING PDN-0110] No via inserted between metal4 and metal5 at (76.3200, 468.0550) - (76.6000, 468.4200) on VSS
[WARNING PDN-0110] No via inserted between metal4 and metal5 at (79.6800, 468.0550) - (79.9600, 468.4200) on VSS
[WARNING PDN-0110] No via inserted between metal4 and metal5 at (83.0400, 468.0550) - (83.3200, 468.4200) on VSS
[WARNING PDN-0110] No via inserted between metal4 and metal5 at (86.4000, 468.0550) - (86.6800, 468.4200) on VSS
[WARNING PDN-0110] No via inserted between metal4 and metal5 at (89.7600, 468.0550) - (90.0400, 468.4200) on VSS
[WARNING PDN-0110] No via inserted between metal4 and metal5 at (93.1200, 468.0550) - (93.4000, 468.4200) on VSS
[WARNING PDN-0110] No via inserted between metal4 and metal5 at (96.4800, 468.0550) - (96.7600, 468.4200) on VSS
[WARNING PDN-0110] No via inserted between metal4 and metal5 at (99.8400, 468.0550) - (100.1200, 468.4200) on VSS
[WARNING PDN-0110] No via inserted between metal4 and metal5 at (103.2000, 468.0550) - (103.4800, 468.4200) on VSS
[WARNING PDN-0110] No via inserted between metal4 and metal5 at (106.5600, 468.0550) - (106.8400, 468.4200) on VSS
[WARNING PDN-0110] No via inserted between metal4 and metal5 at (109.9200, 468.0550) - (110.2000, 468.4200) on VSS
[WARNING PDN-0110] No via inserted between metal4 and metal5 at (113.2800, 468.0550) - (113.5600, 468.4200) on VSS
[WARNING PDN-0110] No via inserted between metal4 and metal5 at (116.6400, 468.0550) - (116.9200, 468.4200) on VSS
[WARNING PDN-0110] No via inserted between metal4 and metal5 at (120.0000, 468.0550) - (120.2800, 468.4200) on VSS
[WARNING PDN-0110] No via inserted between metal4 and metal5 at (123.3600, 468.0550) - (123.6400, 468.4200) on VSS
[WARNING PDN-0110] No via inserted between metal4 and metal5 at (126.7200, 468.0550) - (127.0000, 468.4200) on VSS
[WARNING PDN-0110] No via inserted between metal4 and metal5 at (130.0800, 468.0550) - (130.3600, 468.4200) on VSS
[WARNING PDN-0110] No via inserted between metal4 and metal5 at (133.4400, 468.0550) - (133.7200, 468.4200) on VSS
[WARNING PDN-0110] No via inserted between metal4 and metal5 at (136.8000, 468.0550) - (137.0800, 468.4200) on VSS
[WARNING PDN-0110] No via inserted between metal4 and metal5 at (140.1600, 468.0550) - (140.4400, 468.4200) on VSS
[WARNING PDN-0110] No via inserted between metal4 and metal5 at (143.5200, 468.0550) - (143.8000, 468.4200) on VSS
[WARNING PDN-0110] No via inserted between metal4 and metal5 at (146.8800, 468.0550) - (147.1600, 468.4200) on VSS
[WARNING PDN-0110] No via inserted between metal4 and metal5 at (150.2400, 468.0550) - (150.5200, 468.4200) on VSS
[WARNING PDN-0110] No via inserted between metal4 and metal5 at (153.6000, 468.0550) - (153.8800, 468.4200) on VSS
[WARNING PDN-0110] No via inserted between metal4 and metal5 at (156.9600, 468.0550) - (157.2400, 468.4200) on VSS
[WARNING PDN-0110] No via inserted between metal4 and metal5 at (160.3200, 468.0550) - (160.6000, 468.4200) on VSS
[WARNING PDN-0110] No via inserted between metal4 and metal5 at (163.6800, 468.0550) - (163.9600, 468.4200) on VSS
[WARNING PDN-0110] No via inserted between metal4 and metal5 at (167.0400, 468.0550) - (167.3200, 468.4200) on VSS
[WARNING PDN-0110] No via inserted between metal4 and metal5 at (170.4000, 468.0550) - (170.6800, 468.4200) on VSS
[WARNING PDN-0110] No via inserted between metal4 and metal5 at (22.5600, 291.3050) - (22.8400, 291.6700) on VSS
[WARNING PDN-0110] No via inserted between metal4 and metal5 at (25.9200, 291.3050) - (26.2000, 291.6700) on VSS
[WARNING PDN-0110] No via inserted between metal4 and metal5 at (29.2800, 291.3050) - (29.5600, 291.6700) on VSS
[WARNING PDN-0110] No via inserted between metal4 and metal5 at (32.6400, 291.3050) - (32.9200, 291.6700) on VSS
[WARNING PDN-0110] No via inserted between metal4 and metal5 at (36.0000, 291.3050) - (36.2800, 291.6700) on VSS
[WARNING PDN-0110] No via inserted between metal4 and metal5 at (39.3600, 291.3050) - (39.6400, 291.6700) on VSS
[WARNING PDN-0110] No via inserted between metal4 and metal5 at (42.7200, 291.3050) - (43.0000, 291.6700) on VSS
[WARNING PDN-0110] No via inserted between metal4 and metal5 at (46.0800, 291.3050) - (46.3600, 291.6700) on VSS
[WARNING PDN-0110] No via inserted between metal4 and metal5 at (49.4400, 291.3050) - (49.7200, 291.6700) on VSS
[WARNING PDN-0110] No via inserted between metal4 and metal5 at (52.8000, 291.3050) - (53.0800, 291.6700) on VSS
[WARNING PDN-0110] No via inserted between metal4 and metal5 at (56.1600, 291.3050) - (56.4400, 291.6700) on VSS
[WARNING PDN-0110] No via inserted between metal4 and metal5 at (59.5200, 291.3050) - (59.8000, 291.6700) on VSS
[WARNING PDN-0110] No via inserted between metal4 and metal5 at (62.8800, 291.3050) - (63.1600, 291.6700) on VSS
[WARNING PDN-0110] No via inserted between metal4 and metal5 at (66.2400, 291.3050) - (66.5200, 291.6700) on VSS
[WARNING PDN-0110] No via inserted between metal4 and metal5 at (69.6000, 291.3050) - (69.8800, 291.6700) on VSS
[WARNING PDN-0110] No via inserted between metal4 and metal5 at (72.9600, 291.3050) - (73.2400, 291.6700) on VSS
[WARNING PDN-0110] No via inserted between metal4 and metal5 at (76.3200, 291.3050) - (76.6000, 291.6700) on VSS
[WARNING PDN-0110] No via inserted between metal4 and metal5 at (79.6800, 291.3050) - (79.9600, 291.6700) on VSS
[WARNING PDN-0110] No via inserted between metal4 and metal5 at (83.0400, 291.3050) - (83.3200, 291.6700) on VSS
[WARNING PDN-0110] No via inserted between metal4 and metal5 at (86.4000, 291.3050) - (86.6800, 291.6700) on VSS
[WARNING PDN-0110] No via inserted between metal4 and metal5 at (89.7600, 291.3050) - (90.0400, 291.6700) on VSS
[WARNING PDN-0110] No via inserted between metal4 and metal5 at (93.1200, 291.3050) - (93.4000, 291.6700) on VSS
[WARNING PDN-0110] No via inserted between metal4 and metal5 at (96.4800, 291.3050) - (96.7600, 291.6700) on VSS
[WARNING PDN-0110] No via inserted between metal4 and metal5 at (99.8400, 291.3050) - (100.1200, 291.6700) on VSS
[WARNING PDN-0110] No via inserted between metal4 and metal5 at (103.2000, 291.3050) - (103.4800, 291.6700) on VSS
[WARNING PDN-0110] No via inserted between metal4 and metal5 at (106.5600, 291.3050) - (106.8400, 291.6700) on VSS
[WARNING PDN-0110] No via inserted between metal4 and metal5 at (109.9200, 291.3050) - (110.2000, 291.6700) on VSS
[WARNING PDN-0110] No via inserted between metal4 and metal5 at (113.2800, 291.3050) - (113.5600, 291.6700) on VSS
[WARNING PDN-0110] No via inserted between metal4 and metal5 at (116.6400, 291.3050) - (116.9200, 291.6700) on VSS
[WARNING PDN-0110] No via inserted between metal4 and metal5 at (120.0000, 291.3050) - (120.2800, 291.6700) on VSS
[WARNING PDN-0110] No via inserted between metal4 and metal5 at (123.3600, 291.3050) - (123.6400, 291.6700) on VSS
[WARNING PDN-0110] No via inserted between metal4 and metal5 at (126.7200, 291.3050) - (127.0000, 291.6700) on VSS
[WARNING PDN-0110] No via inserted between metal4 and metal5 at (130.0800, 291.3050) - (130.3600, 291.6700) on VSS
[WARNING PDN-0110] No via inserted between metal4 and metal5 at (133.4400, 291.3050) - (133.7200, 291.6700) on VSS
[WARNING PDN-0110] No via inserted between metal4 and metal5 at (136.8000, 291.3050) - (137.0800, 291.6700) on VSS
[WARNING PDN-0110] No via inserted between metal4 and metal5 at (140.1600, 291.3050) - (140.4400, 291.6700) on VSS
[WARNING PDN-0110] No via inserted between metal4 and metal5 at (143.5200, 291.3050) - (143.8000, 291.6700) on VSS
[WARNING PDN-0110] No via inserted between metal4 and metal5 at (146.8800, 291.3050) - (147.1600, 291.6700) on VSS
[WARNING PDN-0110] No via inserted between metal4 and metal5 at (150.2400, 291.3050) - (150.5200, 291.6700) on VSS
[WARNING PDN-0110] No via inserted between metal4 and metal5 at (153.6000, 291.3050) - (153.8800, 291.6700) on VSS
[WARNING PDN-0110] No via inserted between metal4 and metal5 at (156.9600, 291.3050) - (157.2400, 291.6700) on VSS
[WARNING PDN-0110] No via inserted between metal4 and metal5 at (160.3200, 291.3050) - (160.6000, 291.6700) on VSS
[WARNING PDN-0110] No via inserted between metal4 and metal5 at (163.6800, 291.3050) - (163.9600, 291.6700) on VSS
[WARNING PDN-0110] No via inserted between metal4 and metal5 at (167.0400, 291.3050) - (167.3200, 291.6700) on VSS
[WARNING PDN-0110] No via inserted between metal4 and metal5 at (170.4000, 291.3050) - (170.6800, 291.6700) on VSS
[WARNING PDN-0110] No via inserted between metal4 and metal5 at (539.7400, 468.0550) - (540.0200, 468.4200) on VSS
[WARNING PDN-0110] No via inserted between metal4 and metal5 at (543.1000, 468.0550) - (543.3800, 468.4200) on VSS
[WARNING PDN-0110] No via inserted between metal4 and metal5 at (546.4600, 468.0550) - (546.7400, 468.4200) on VSS
[WARNING PDN-0110] No via inserted between metal4 and metal5 at (549.8200, 468.0550) - (550.1000, 468.4200) on VSS
[WARNING PDN-0110] No via inserted between metal4 and metal5 at (553.1800, 468.0550) - (553.4600, 468.4200) on VSS
[WARNING PDN-0110] No via inserted between metal4 and metal5 at (556.5400, 468.0550) - (556.8200, 468.4200) on VSS
[WARNING PDN-0110] No via inserted between metal4 and metal5 at (559.9000, 468.0550) - (560.1800, 468.4200) on VSS
[WARNING PDN-0110] No via inserted between metal4 and metal5 at (563.2600, 468.0550) - (563.5400, 468.4200) on VSS
[WARNING PDN-0110] No via inserted between metal4 and metal5 at (566.6200, 468.0550) - (566.9000, 468.4200) on VSS
[WARNING PDN-0110] No via inserted between metal4 and metal5 at (569.9800, 468.0550) - (570.2600, 468.4200) on VSS
[WARNING PDN-0110] No via inserted between metal4 and metal5 at (573.3400, 468.0550) - (573.6200, 468.4200) on VSS
[WARNING PDN-0110] No via inserted between metal4 and metal5 at (576.7000, 468.0550) - (576.9800, 468.4200) on VSS
[WARNING PDN-0110] No via inserted between metal4 and metal5 at (580.0600, 468.0550) - (580.3400, 468.4200) on VSS
[WARNING PDN-0110] No via inserted between metal4 and metal5 at (583.4200, 468.0550) - (583.7000, 468.4200) on VSS
[WARNING PDN-0110] No via inserted between metal4 and metal5 at (586.7800, 468.0550) - (587.0600, 468.4200) on VSS
[WARNING PDN-0110] No via inserted between metal4 and metal5 at (590.1400, 468.0550) - (590.4200, 468.4200) on VSS
[WARNING PDN-0110] No via inserted between metal4 and metal5 at (593.5000, 468.0550) - (593.7800, 468.4200) on VSS
[WARNING PDN-0110] No via inserted between metal4 and metal5 at (596.8600, 468.0550) - (597.1400, 468.4200) on VSS
[WARNING PDN-0110] No via inserted between metal4 and metal5 at (600.2200, 468.0550) - (600.5000, 468.4200) on VSS
[WARNING PDN-0110] No via inserted between metal4 and metal5 at (603.5800, 468.0550) - (603.8600, 468.4200) on VSS
[WARNING PDN-0110] No via inserted between metal4 and metal5 at (606.9400, 468.0550) - (607.2200, 468.4200) on VSS
[WARNING PDN-0110] No via inserted between metal4 and metal5 at (610.3000, 468.0550) - (610.5800, 468.4200) on VSS
[WARNING PDN-0110] No via inserted between metal4 and metal5 at (613.6600, 468.0550) - (613.9400, 468.4200) on VSS
[WARNING PDN-0110] No via inserted between metal4 and metal5 at (617.0200, 468.0550) - (617.3000, 468.4200) on VSS
[WARNING PDN-0110] No via inserted between metal4 and metal5 at (620.3800, 468.0550) - (620.6600, 468.4200) on VSS
[WARNING PDN-0110] No via inserted between metal4 and metal5 at (623.7400, 468.0550) - (624.0200, 468.4200) on VSS
[WARNING PDN-0110] No via inserted between metal4 and metal5 at (627.1000, 468.0550) - (627.3800, 468.4200) on VSS
[WARNING PDN-0110] No via inserted between metal4 and metal5 at (630.4600, 468.0550) - (630.7400, 468.4200) on VSS
[WARNING PDN-0110] No via inserted between metal4 and metal5 at (633.8200, 468.0550) - (634.1000, 468.4200) on VSS
[WARNING PDN-0110] No via inserted between metal4 and metal5 at (637.1800, 468.0550) - (637.4600, 468.4200) on VSS
[WARNING PDN-0110] No via inserted between metal4 and metal5 at (640.5400, 468.0550) - (640.8200, 468.4200) on VSS
[WARNING PDN-0110] No via inserted between metal4 and metal5 at (643.9000, 468.0550) - (644.1800, 468.4200) on VSS
[WARNING PDN-0110] No via inserted between metal4 and metal5 at (647.2600, 468.0550) - (647.5400, 468.4200) on VSS
[WARNING PDN-0110] No via inserted between metal4 and metal5 at (650.6200, 468.0550) - (650.9000, 468.4200) on VSS
[WARNING PDN-0110] No via inserted between metal4 and metal5 at (653.9800, 468.0550) - (654.2600, 468.4200) on VSS
[WARNING PDN-0110] No via inserted between metal4 and metal5 at (657.3400, 468.0550) - (657.6200, 468.4200) on VSS
[WARNING PDN-0110] No via inserted between metal4 and metal5 at (660.7000, 468.0550) - (660.9800, 468.4200) on VSS
[WARNING PDN-0110] No via inserted between metal4 and metal5 at (664.0600, 468.0550) - (664.3400, 468.4200) on VSS
[WARNING PDN-0110] No via inserted between metal4 and metal5 at (667.4200, 468.0550) - (667.7000, 468.4200) on VSS
[WARNING PDN-0110] No via inserted between metal4 and metal5 at (670.7800, 468.0550) - (671.0600, 468.4200) on VSS
[WARNING PDN-0110] No via inserted between metal4 and metal5 at (674.1400, 468.0550) - (674.4200, 468.4200) on VSS
[WARNING PDN-0110] No via inserted between metal4 and metal5 at (677.5000, 468.0550) - (677.7800, 468.4200) on VSS
[WARNING PDN-0110] No via inserted between metal4 and metal5 at (680.8600, 468.0550) - (681.1400, 468.4200) on VSS
[WARNING PDN-0110] No via inserted between metal4 and metal5 at (684.2200, 468.0550) - (684.5000, 468.4200) on VSS
[WARNING PDN-0110] No via inserted between metal4 and metal5 at (687.5800, 468.0550) - (687.8600, 468.4200) on VSS
[WARNING PDN-0110] No via inserted between metal4 and metal5 at (25.1100, 23.2750) - (25.3900, 23.6400) on VSS
[WARNING PDN-0110] No via inserted between metal4 and metal5 at (28.4700, 23.2750) - (28.7500, 23.6400) on VSS
[WARNING PDN-0110] No via inserted between metal4 and metal5 at (25.3200, 79.6950) - (25.6000, 80.0600) on VSS
[WARNING PDN-0110] No via inserted between metal4 and metal5 at (28.6800, 79.6950) - (28.9600, 80.0600) on VSS
[WARNING PDN-0110] No via inserted between metal4 and metal5 at (32.0400, 79.6950) - (32.3200, 80.0600) on VSS
[WARNING PDN-0110] No via inserted between metal4 and metal5 at (35.4000, 79.6950) - (35.6800, 80.0600) on VSS
[WARNING PDN-0110] No via inserted between metal4 and metal5 at (38.7600, 79.6950) - (39.0400, 80.0600) on VSS
[WARNING PDN-0110] No via inserted between metal4 and metal5 at (42.1200, 79.6950) - (42.4000, 80.0600) on VSS
[WARNING PDN-0110] No via inserted between metal4 and metal5 at (45.4800, 79.6950) - (45.7600, 80.0600) on VSS
[WARNING PDN-0110] No via inserted between metal4 and metal5 at (48.8400, 79.6950) - (49.1200, 80.0600) on VSS
[WARNING PDN-0110] No via inserted between metal4 and metal5 at (52.2000, 79.6950) - (52.4800, 80.0600) on VSS
[WARNING PDN-0110] No via inserted between metal4 and metal5 at (55.5600, 79.6950) - (55.8400, 80.0600) on VSS
[WARNING PDN-0110] No via inserted between metal4 and metal5 at (58.9200, 79.6950) - (59.2000, 80.0600) on VSS
[WARNING PDN-0110] No via inserted between metal4 and metal5 at (62.2800, 79.6950) - (62.5600, 80.0600) on VSS
[WARNING PDN-0110] No via inserted between metal4 and metal5 at (65.6400, 79.6950) - (65.9200, 80.0600) on VSS
[WARNING PDN-0110] No via inserted between metal4 and metal5 at (69.0000, 79.6950) - (69.2800, 80.0600) on VSS
[WARNING PDN-0110] No via inserted between metal4 and metal5 at (72.3600, 79.6950) - (72.6400, 80.0600) on VSS
Elapsed time: 0:00.65[h:]min:sec. CPU time: user 0.61 sys 0.04 (99%). Peak memory: 167808KB.
