OpenROAD autotuner-v1-2861-g832b18e7 
This program is licensed under the BSD-3 license. See the LICENSE file for details.
Components of this program may be licensed under more restrictive licenses which must be honored.
[INFO GPL-0002] DBU: 2000
[INFO GPL-0003] SiteSize: 380 2800
[INFO GPL-0004] CoreAreaLxLy: 20140 22400
[INFO GPL-0005] CoreAreaUxUy: 1579660 1178800
[INFO GPL-0006] NumInstances: 32153
[INFO GPL-0007] NumPlaceInstances: 25961
[INFO GPL-0008] NumFixedInstances: 3189
[INFO GPL-0009] NumDummyInstances: 3003
[INFO GPL-0010] NumNets: 32335
[INFO GPL-0011] NumPins: 104824
[INFO GPL-0012] DieAreaLxLy: 0 0
[INFO GPL-0013] DieAreaUxUy: 1600000 1200000
[INFO GPL-0014] CoreAreaLxLy: 20140 22400
[INFO GPL-0015] CoreAreaUxUy: 1579660 1178800
[INFO GPL-0016] CoreArea: 1803428928000
[INFO GPL-0017] NonPlaceInstsArea: 872558736000
[INFO GPL-0018] PlaceInstsArea: 184475256000
[INFO GPL-0019] Util(%): 19.82
[INFO GPL-0020] StdInstsArea: 184475256000
[INFO GPL-0021] MacroInstsArea: 0
[INFO GPL-0031] FillerInit: NumGCells: 136204
[INFO GPL-0032] FillerInit: NumGNets: 32335
[INFO GPL-0033] FillerInit: NumGPins: 104824
[INFO GPL-0023] TargetDensity: 1.00
[INFO GPL-0024] AveragePlaceInstArea: 7105860
[INFO GPL-0025] IdealBinArea: 7105860
[INFO GPL-0026] IdealBinCnt: 253794
[INFO GPL-0027] TotalBinArea: 1803428928000
[INFO GPL-0028] BinCnt: 256 256
[INFO GPL-0029] BinSize: 6092 4518
[INFO GPL-0030] NumBins: 65536
[INFO GPL-0002] DBU: 2000
[INFO GPL-0003] SiteSize: 380 2800
[INFO GPL-0004] CoreAreaLxLy: 20140 22400
[INFO GPL-0005] CoreAreaUxUy: 1579660 1178800
[INFO GPL-0006] NumInstances: 32153
[INFO GPL-0007] NumPlaceInstances: 25961
[INFO GPL-0008] NumFixedInstances: 3189
[INFO GPL-0009] NumDummyInstances: 3003
[INFO GPL-0010] NumNets: 32335
[INFO GPL-0011] NumPins: 102313
[INFO GPL-0012] DieAreaLxLy: 0 0
[INFO GPL-0013] DieAreaUxUy: 1600000 1200000
[INFO GPL-0014] CoreAreaLxLy: 20140 22400
[INFO GPL-0015] CoreAreaUxUy: 1579660 1178800
[INFO GPL-0016] CoreArea: 1803428928000
[INFO GPL-0017] NonPlaceInstsArea: 872558736000
[INFO GPL-0018] PlaceInstsArea: 184475256000
[INFO GPL-0019] Util(%): 19.82
[INFO GPL-0020] StdInstsArea: 184475256000
[INFO GPL-0021] MacroInstsArea: 0
[INFO GPL-0031] FillerInit: NumGCells: 41085
[INFO GPL-0032] FillerInit: NumGNets: 32335
[INFO GPL-0033] FillerInit: NumGPins: 102313
[INFO GPL-0023] TargetDensity: 0.31
[INFO GPL-0024] AveragePlaceInstArea: 7105860
[INFO GPL-0025] IdealBinArea: 23057868
[INFO GPL-0026] IdealBinCnt: 78213
[INFO GPL-0027] TotalBinArea: 1803428928000
[INFO GPL-0028] BinCnt: 256 256
[INFO GPL-0029] BinSize: 6092 4518
[INFO GPL-0030] NumBins: 65536
[NesterovSolve] Iter: 1 overflow: 0.997483 HPWL: 1343350656
[NesterovSolve] Iter: 10 overflow: 0.971125 HPWL: 1476095171
[NesterovSolve] Iter: 20 overflow: 0.948138 HPWL: 1450651179
[NesterovSolve] Iter: 30 overflow: 0.931246 HPWL: 1336702744
[NesterovSolve] Iter: 40 overflow: 0.926164 HPWL: 1225832937
[NesterovSolve] Iter: 50 overflow: 0.921956 HPWL: 1163754052
[NesterovSolve] Iter: 60 overflow: 0.923066 HPWL: 1137779331
[NesterovSolve] Iter: 70 overflow: 0.925421 HPWL: 1127219673
[NesterovSolve] Iter: 80 overflow: 0.927031 HPWL: 1125334039
[NesterovSolve] Iter: 90 overflow: 0.927547 HPWL: 1126772665
[NesterovSolve] Iter: 100 overflow: 0.928932 HPWL: 1125080883
[NesterovSolve] Iter: 110 overflow: 0.92877 HPWL: 1119102013
[NesterovSolve] Iter: 120 overflow: 0.928217 HPWL: 1113623173
[NesterovSolve] Iter: 130 overflow: 0.927545 HPWL: 1112205271
[NesterovSolve] Iter: 140 overflow: 0.92752 HPWL: 1111583718
[NesterovSolve] Iter: 150 overflow: 0.928292 HPWL: 1113763735
[NesterovSolve] Iter: 160 overflow: 0.927847 HPWL: 1118286775
[NesterovSolve] Iter: 170 overflow: 0.92698 HPWL: 1125818177
[NesterovSolve] Iter: 180 overflow: 0.925109 HPWL: 1137374919
[NesterovSolve] Iter: 190 overflow: 0.922025 HPWL: 1154552659
[NesterovSolve] Iter: 200 overflow: 0.914194 HPWL: 1177669817
[NesterovSolve] Iter: 210 overflow: 0.902206 HPWL: 1208992646
[NesterovSolve] Iter: 220 overflow: 0.886475 HPWL: 1244848134
[NesterovSolve] Iter: 230 overflow: 0.869792 HPWL: 1294022055
[NesterovSolve] Iter: 240 overflow: 0.849032 HPWL: 1378001063
[NesterovSolve] Iter: 250 overflow: 0.801483 HPWL: 1424137722
[NesterovSolve] Iter: 260 overflow: 0.750728 HPWL: 1431773668
[NesterovSolve] Iter: 270 overflow: 0.693986 HPWL: 1439125869
[NesterovSolve] Iter: 280 overflow: 0.637474 HPWL: 1459875375
[NesterovSolve] Iter: 290 overflow: 0.592869 HPWL: 1475586901
[NesterovSolve] Iter: 300 overflow: 0.550238 HPWL: 1468651688
[NesterovSolve] Iter: 310 overflow: 0.511645 HPWL: 1459149041
[NesterovSolve] Iter: 320 overflow: 0.467644 HPWL: 1454145813
[NesterovSolve] Iter: 330 overflow: 0.43859 HPWL: 1444719805
[NesterovSolve] Iter: 340 overflow: 0.400373 HPWL: 1451276158
[NesterovSolve] Iter: 350 overflow: 0.366711 HPWL: 1428152858
[NesterovSolve] Iter: 360 overflow: 0.338873 HPWL: 1407827992
[NesterovSolve] Iter: 370 overflow: 0.308583 HPWL: 1387460198
[NesterovSolve] Iter: 380 overflow: 0.280271 HPWL: 1372570992
[NesterovSolve] Iter: 390 overflow: 0.25629 HPWL: 1344249487
[NesterovSolve] Iter: 400 overflow: 0.230452 HPWL: 1346991137
[NesterovSolve] Iter: 410 overflow: 0.205767 HPWL: 1346602539
[NesterovSolve] Iter: 420 overflow: 0.183211 HPWL: 1346554434
[NesterovSolve] Iter: 430 overflow: 0.162763 HPWL: 1347828964
[NesterovSolve] Iter: 440 overflow: 0.144778 HPWL: 1349282508
[NesterovSolve] Iter: 450 overflow: 0.127507 HPWL: 1352276827
[NesterovSolve] Iter: 460 overflow: 0.112649 HPWL: 1355441943
[NesterovSolve] Iter: 470 overflow: 0.0998208 HPWL: 1359138395
[NesterovSolve] Finished with Overflow: 0.099821
Elapsed time: 0:06.96[h:]min:sec. CPU time: user 6.91 sys 0.05 (100%). Peak memory: 215880KB.
